19:45:49.436 INFO  ExecHelper - /opt/graphicsfuzz/graphicsfuzz/target/graphicsfuzz/bin/Linux/glslangValidator -E --stdin -S comp
19:45:49.487 INFO  ExecHelper - Result: 0
19:45:49.570 INFO  ReductionDriver - Starting reduction for variant_380
19:45:49.579 INFO  ExecHelper - interestingness_test /opt/reduce/rtx_4070/syn_memory_converge_atomic/variant_380.comp reduction_results/rtx_4070/syn_memory_converge_atomic/variant_380/variant_380.json
19:45:49.581 INFO  StreamGobblerLogger - stderr.env: ‘interestingness_test’: No such file or directory
19:45:49.582 INFO  ExecHelper - Result: 127
19:45:49.582 INFO  CustomFileJudge - Custom file judge result: 127
19:45:49.582 INFO  ReductionDriver - Result from initial state is not interesting (attempt 1)
19:45:49.585 INFO  ExecHelper - interestingness_test /opt/reduce/rtx_4070/syn_memory_converge_atomic/variant_380.comp reduction_results/rtx_4070/syn_memory_converge_atomic/variant_380/variant_380.json
19:45:49.586 INFO  StreamGobblerLogger - stderr.env: ‘interestingness_test’: No such file or directory
19:45:49.586 INFO  ExecHelper - Result: 127
19:45:49.586 INFO  CustomFileJudge - Custom file judge result: 127
19:45:49.586 INFO  ReductionDriver - Result from initial state is not interesting (attempt 2)
19:45:49.588 INFO  ExecHelper - interestingness_test /opt/reduce/rtx_4070/syn_memory_converge_atomic/variant_380.comp reduction_results/rtx_4070/syn_memory_converge_atomic/variant_380/variant_380.json
19:45:49.589 INFO  StreamGobblerLogger - stderr.env: ‘interestingness_test’: No such file or directory
19:45:49.590 INFO  ExecHelper - Result: 127
19:45:49.590 INFO  CustomFileJudge - Custom file judge result: 127
19:45:49.590 INFO  ReductionDriver - Result from initial state is not interesting (attempt 3)
19:45:49.592 INFO  ExecHelper - interestingness_test /opt/reduce/rtx_4070/syn_memory_converge_atomic/variant_380.comp reduction_results/rtx_4070/syn_memory_converge_atomic/variant_380/variant_380.json
19:45:49.593 INFO  StreamGobblerLogger - stderr.env: ‘interestingness_test’: No such file or directory
19:45:49.594 INFO  ExecHelper - Result: 127
19:45:49.594 INFO  CustomFileJudge - Custom file judge result: 127
19:45:49.594 INFO  ReductionDriver - Result from initial state is not interesting (attempt 4)
19:45:49.595 INFO  ExecHelper - interestingness_test /opt/reduce/rtx_4070/syn_memory_converge_atomic/variant_380.comp reduction_results/rtx_4070/syn_memory_converge_atomic/variant_380/variant_380.json
19:45:49.596 INFO  StreamGobblerLogger - stderr.env: ‘interestingness_test’: No such file or directory
19:45:49.597 INFO  ExecHelper - Result: 127
19:45:49.597 INFO  CustomFileJudge - Custom file judge result: 127
19:45:49.597 INFO  ReductionDriver - Result from initial state is not interesting (attempt 5)
19:45:49.597 INFO  ReductionDriver - Tried 5 times; stopping.
Reduction command: java -ea -cp /opt/graphicsfuzz/graphicsfuzz/target/graphicsfuzz/python/drivers/../../jar/tool-1.0.jar com.graphicsfuzz.reducer.tool.GlslReduce /opt/reduce/rtx_4070/syn_memory_converge_atomic/variant_380.json interestingness_test --output reduction_results/rtx_4070/syn_memory_converge_atomic/variant_380 /opt/reduce/rtx_4070/syn_memory_converge_atomic/variant_380.comp
