18:13:38.548 INFO  ExecHelper - /opt/graphicsfuzz/graphicsfuzz/target/graphicsfuzz/bin/Linux/glslangValidator -E --stdin -S comp
18:13:38.798 INFO  ExecHelper - Result: 0
18:13:39.207 INFO  ReductionDriver - Starting reduction for variant_620
18:13:39.221 INFO  ExecHelper - interestingness_test /opt/reduce/cezanne_radeon_vega/syn_lock_step_release/variant_620.comp reduction_results/cezanne_radeon_vega/syn_lock_step_release/variant_620/variant_620.json
18:13:39.223 INFO  StreamGobblerLogger - stderr.env: ‘interestingness_test’: No such file or directory
18:13:39.223 INFO  ExecHelper - Result: 127
18:13:39.223 INFO  CustomFileJudge - Custom file judge result: 127
18:13:39.223 INFO  ReductionDriver - Result from initial state is not interesting (attempt 1)
18:13:39.228 INFO  ExecHelper - interestingness_test /opt/reduce/cezanne_radeon_vega/syn_lock_step_release/variant_620.comp reduction_results/cezanne_radeon_vega/syn_lock_step_release/variant_620/variant_620.json
18:13:39.229 INFO  StreamGobblerLogger - stderr.env: ‘interestingness_test’: No such file or directory
18:13:39.229 INFO  ExecHelper - Result: 127
18:13:39.229 INFO  CustomFileJudge - Custom file judge result: 127
18:13:39.230 INFO  ReductionDriver - Result from initial state is not interesting (attempt 2)
18:13:39.234 INFO  ExecHelper - interestingness_test /opt/reduce/cezanne_radeon_vega/syn_lock_step_release/variant_620.comp reduction_results/cezanne_radeon_vega/syn_lock_step_release/variant_620/variant_620.json
18:13:39.235 INFO  StreamGobblerLogger - stderr.env: ‘interestingness_test’: No such file or directory
18:13:39.236 INFO  ExecHelper - Result: 127
18:13:39.236 INFO  CustomFileJudge - Custom file judge result: 127
18:13:39.236 INFO  ReductionDriver - Result from initial state is not interesting (attempt 3)
18:13:39.240 INFO  ExecHelper - interestingness_test /opt/reduce/cezanne_radeon_vega/syn_lock_step_release/variant_620.comp reduction_results/cezanne_radeon_vega/syn_lock_step_release/variant_620/variant_620.json
18:13:39.241 INFO  StreamGobblerLogger - stderr.env: ‘interestingness_test’: No such file or directory
18:13:39.242 INFO  ExecHelper - Result: 127
18:13:39.242 INFO  CustomFileJudge - Custom file judge result: 127
18:13:39.242 INFO  ReductionDriver - Result from initial state is not interesting (attempt 4)
18:13:39.245 INFO  ExecHelper - interestingness_test /opt/reduce/cezanne_radeon_vega/syn_lock_step_release/variant_620.comp reduction_results/cezanne_radeon_vega/syn_lock_step_release/variant_620/variant_620.json
18:13:39.246 INFO  StreamGobblerLogger - stderr.env: ‘interestingness_test’: No such file or directory
18:13:39.247 INFO  ExecHelper - Result: 127
18:13:39.247 INFO  CustomFileJudge - Custom file judge result: 127
18:13:39.247 INFO  ReductionDriver - Result from initial state is not interesting (attempt 5)
18:13:39.247 INFO  ReductionDriver - Tried 5 times; stopping.
Reduction command: java -ea -cp /opt/graphicsfuzz/graphicsfuzz/target/graphicsfuzz/python/drivers/../../jar/tool-1.0.jar com.graphicsfuzz.reducer.tool.GlslReduce /opt/reduce/cezanne_radeon_vega/syn_lock_step_release/variant_620.json interestingness_test --output reduction_results/cezanne_radeon_vega/syn_lock_step_release/variant_620 /opt/reduce/cezanne_radeon_vega/syn_lock_step_release/variant_620.comp
