18:31:19.100 INFO  ExecHelper - /opt/graphicsfuzz/graphicsfuzz/target/graphicsfuzz/bin/Linux/glslangValidator -E --stdin -S comp
18:31:19.147 INFO  ExecHelper - Result: 0
18:31:19.230 INFO  ReductionDriver - Starting reduction for variant_291
18:31:19.239 INFO  ExecHelper - interestingness_test /opt/reduce/cezanne_radeon_vega/syn_memory_converge_atomic/variant_291.comp reduction_results/cezanne_radeon_vega/syn_memory_converge_atomic/variant_291/variant_291.json
18:31:19.241 INFO  StreamGobblerLogger - stderr.env: ‘interestingness_test’: No such file or directory
18:31:19.241 INFO  ExecHelper - Result: 127
18:31:19.241 INFO  CustomFileJudge - Custom file judge result: 127
18:31:19.242 INFO  ReductionDriver - Result from initial state is not interesting (attempt 1)
18:31:19.244 INFO  ExecHelper - interestingness_test /opt/reduce/cezanne_radeon_vega/syn_memory_converge_atomic/variant_291.comp reduction_results/cezanne_radeon_vega/syn_memory_converge_atomic/variant_291/variant_291.json
18:31:19.246 INFO  StreamGobblerLogger - stderr.env: ‘interestingness_test’: No such file or directory
18:31:19.246 INFO  ExecHelper - Result: 127
18:31:19.246 INFO  CustomFileJudge - Custom file judge result: 127
18:31:19.246 INFO  ReductionDriver - Result from initial state is not interesting (attempt 2)
18:31:19.248 INFO  ExecHelper - interestingness_test /opt/reduce/cezanne_radeon_vega/syn_memory_converge_atomic/variant_291.comp reduction_results/cezanne_radeon_vega/syn_memory_converge_atomic/variant_291/variant_291.json
18:31:19.249 INFO  StreamGobblerLogger - stderr.env: ‘interestingness_test’: No such file or directory
18:31:19.250 INFO  ExecHelper - Result: 127
18:31:19.250 INFO  CustomFileJudge - Custom file judge result: 127
18:31:19.250 INFO  ReductionDriver - Result from initial state is not interesting (attempt 3)
18:31:19.252 INFO  ExecHelper - interestingness_test /opt/reduce/cezanne_radeon_vega/syn_memory_converge_atomic/variant_291.comp reduction_results/cezanne_radeon_vega/syn_memory_converge_atomic/variant_291/variant_291.json
18:31:19.253 INFO  StreamGobblerLogger - stderr.env: ‘interestingness_test’: No such file or directory
18:31:19.253 INFO  ExecHelper - Result: 127
18:31:19.253 INFO  CustomFileJudge - Custom file judge result: 127
18:31:19.253 INFO  ReductionDriver - Result from initial state is not interesting (attempt 4)
18:31:19.255 INFO  ExecHelper - interestingness_test /opt/reduce/cezanne_radeon_vega/syn_memory_converge_atomic/variant_291.comp reduction_results/cezanne_radeon_vega/syn_memory_converge_atomic/variant_291/variant_291.json
18:31:19.256 INFO  StreamGobblerLogger - stderr.env: ‘interestingness_test’: No such file or directory
18:31:19.257 INFO  ExecHelper - Result: 127
18:31:19.257 INFO  CustomFileJudge - Custom file judge result: 127
18:31:19.257 INFO  ReductionDriver - Result from initial state is not interesting (attempt 5)
18:31:19.257 INFO  ReductionDriver - Tried 5 times; stopping.
Reduction command: java -ea -cp /opt/graphicsfuzz/graphicsfuzz/target/graphicsfuzz/python/drivers/../../jar/tool-1.0.jar com.graphicsfuzz.reducer.tool.GlslReduce /opt/reduce/cezanne_radeon_vega/syn_memory_converge_atomic/variant_291.json interestingness_test --output reduction_results/cezanne_radeon_vega/syn_memory_converge_atomic/variant_291 /opt/reduce/cezanne_radeon_vega/syn_memory_converge_atomic/variant_291.comp
