18:41:58.850 INFO  ExecHelper - /opt/graphicsfuzz/graphicsfuzz/target/graphicsfuzz/bin/Linux/glslangValidator -E --stdin -S comp
18:41:58.946 INFO  ExecHelper - Result: 0
18:41:59.931 INFO  ReductionDriver - Starting reduction for variant_920
18:41:59.962 INFO  ExecHelper - interestingness_test /opt/reduce/cezanne_radeon_vega/syn_subgroup_op/variant_920.comp reduction_results/cezanne_radeon_vega/syn_subgroup_op/variant_920/variant_920.json
18:41:59.964 INFO  StreamGobblerLogger - stderr.env: ‘interestingness_test’: No such file or directory
18:41:59.965 INFO  ExecHelper - Result: 127
18:41:59.965 INFO  CustomFileJudge - Custom file judge result: 127
18:41:59.965 INFO  ReductionDriver - Result from initial state is not interesting (attempt 1)
18:41:59.984 INFO  ExecHelper - interestingness_test /opt/reduce/cezanne_radeon_vega/syn_subgroup_op/variant_920.comp reduction_results/cezanne_radeon_vega/syn_subgroup_op/variant_920/variant_920.json
18:41:59.986 INFO  StreamGobblerLogger - stderr.env: ‘interestingness_test’: No such file or directory
18:41:59.986 INFO  ExecHelper - Result: 127
18:41:59.986 INFO  CustomFileJudge - Custom file judge result: 127
18:41:59.987 INFO  ReductionDriver - Result from initial state is not interesting (attempt 2)
18:42:00.013 INFO  ExecHelper - interestingness_test /opt/reduce/cezanne_radeon_vega/syn_subgroup_op/variant_920.comp reduction_results/cezanne_radeon_vega/syn_subgroup_op/variant_920/variant_920.json
18:42:00.015 INFO  StreamGobblerLogger - stderr.env: ‘interestingness_test’: No such file or directory
18:42:00.016 INFO  ExecHelper - Result: 127
18:42:00.016 INFO  CustomFileJudge - Custom file judge result: 127
18:42:00.016 INFO  ReductionDriver - Result from initial state is not interesting (attempt 3)
18:42:00.033 INFO  ExecHelper - interestingness_test /opt/reduce/cezanne_radeon_vega/syn_subgroup_op/variant_920.comp reduction_results/cezanne_radeon_vega/syn_subgroup_op/variant_920/variant_920.json
18:42:00.045 INFO  StreamGobblerLogger - stderr.env: ‘interestingness_test’: No such file or directory
18:42:00.046 INFO  ExecHelper - Result: 127
18:42:00.046 INFO  CustomFileJudge - Custom file judge result: 127
18:42:00.046 INFO  ReductionDriver - Result from initial state is not interesting (attempt 4)
18:42:00.063 INFO  ExecHelper - interestingness_test /opt/reduce/cezanne_radeon_vega/syn_subgroup_op/variant_920.comp reduction_results/cezanne_radeon_vega/syn_subgroup_op/variant_920/variant_920.json
18:42:00.064 INFO  StreamGobblerLogger - stderr.env: ‘interestingness_test’: No such file or directory
18:42:00.065 INFO  ExecHelper - Result: 127
18:42:00.065 INFO  CustomFileJudge - Custom file judge result: 127
18:42:00.065 INFO  ReductionDriver - Result from initial state is not interesting (attempt 5)
18:42:00.065 INFO  ReductionDriver - Tried 5 times; stopping.
Reduction command: java -ea -cp /opt/graphicsfuzz/graphicsfuzz/target/graphicsfuzz/python/drivers/../../jar/tool-1.0.jar com.graphicsfuzz.reducer.tool.GlslReduce /opt/reduce/cezanne_radeon_vega/syn_subgroup_op/variant_920.json interestingness_test --output reduction_results/cezanne_radeon_vega/syn_subgroup_op/variant_920 /opt/reduce/cezanne_radeon_vega/syn_subgroup_op/variant_920.comp
