19:34:09.049 INFO  ExecHelper - /opt/graphicsfuzz/graphicsfuzz/target/graphicsfuzz/bin/Linux/glslangValidator -E --stdin -S comp
19:34:09.102 INFO  ExecHelper - Result: 0
19:34:09.857 INFO  ReductionDriver - Starting reduction for variant_551
19:34:09.906 INFO  ExecHelper - interestingness_test /opt/reduce/rtx_4070/syn_memory_converge/variant_551.comp reduction_results/rtx_4070/syn_memory_converge/variant_551/variant_551.json
19:34:09.908 INFO  StreamGobblerLogger - stderr.env: ‘interestingness_test’: No such file or directory
19:34:09.909 INFO  ExecHelper - Result: 127
19:34:09.909 INFO  CustomFileJudge - Custom file judge result: 127
19:34:09.909 INFO  ReductionDriver - Result from initial state is not interesting (attempt 1)
19:34:09.946 INFO  ExecHelper - interestingness_test /opt/reduce/rtx_4070/syn_memory_converge/variant_551.comp reduction_results/rtx_4070/syn_memory_converge/variant_551/variant_551.json
19:34:09.957 INFO  StreamGobblerLogger - stderr.env: ‘interestingness_test’: No such file or directory
19:34:09.957 INFO  ExecHelper - Result: 127
19:34:09.958 INFO  CustomFileJudge - Custom file judge result: 127
19:34:09.958 INFO  ReductionDriver - Result from initial state is not interesting (attempt 2)
19:34:09.990 INFO  ExecHelper - interestingness_test /opt/reduce/rtx_4070/syn_memory_converge/variant_551.comp reduction_results/rtx_4070/syn_memory_converge/variant_551/variant_551.json
19:34:09.991 INFO  StreamGobblerLogger - stderr.env: ‘interestingness_test’: No such file or directory
19:34:09.992 INFO  ExecHelper - Result: 127
19:34:09.992 INFO  CustomFileJudge - Custom file judge result: 127
19:34:09.992 INFO  ReductionDriver - Result from initial state is not interesting (attempt 3)
19:34:10.022 INFO  ExecHelper - interestingness_test /opt/reduce/rtx_4070/syn_memory_converge/variant_551.comp reduction_results/rtx_4070/syn_memory_converge/variant_551/variant_551.json
19:34:10.023 INFO  StreamGobblerLogger - stderr.env: ‘interestingness_test’: No such file or directory
19:34:10.024 INFO  ExecHelper - Result: 127
19:34:10.024 INFO  CustomFileJudge - Custom file judge result: 127
19:34:10.024 INFO  ReductionDriver - Result from initial state is not interesting (attempt 4)
19:34:10.055 INFO  ExecHelper - interestingness_test /opt/reduce/rtx_4070/syn_memory_converge/variant_551.comp reduction_results/rtx_4070/syn_memory_converge/variant_551/variant_551.json
19:34:10.056 INFO  StreamGobblerLogger - stderr.env: ‘interestingness_test’: No such file or directory
19:34:10.056 INFO  ExecHelper - Result: 127
19:34:10.056 INFO  CustomFileJudge - Custom file judge result: 127
19:34:10.056 INFO  ReductionDriver - Result from initial state is not interesting (attempt 5)
19:34:10.056 INFO  ReductionDriver - Tried 5 times; stopping.
Reduction command: java -ea -cp /opt/graphicsfuzz/graphicsfuzz/target/graphicsfuzz/python/drivers/../../jar/tool-1.0.jar com.graphicsfuzz.reducer.tool.GlslReduce /opt/reduce/rtx_4070/syn_memory_converge/variant_551.json interestingness_test --output reduction_results/rtx_4070/syn_memory_converge/variant_551 /opt/reduce/rtx_4070/syn_memory_converge/variant_551.comp
