18:16:16.461 INFO  ExecHelper - /opt/graphicsfuzz/graphicsfuzz/target/graphicsfuzz/bin/Linux/glslangValidator -E --stdin -S comp
18:16:16.521 INFO  ExecHelper - Result: 0
18:16:16.795 INFO  ReductionDriver - Starting reduction for variant_184
18:16:16.876 INFO  ExecHelper - interestingness_test /opt/reduce/cezanne_radeon_vega/syn_memory_converge/variant_184.comp reduction_results/cezanne_radeon_vega/syn_memory_converge/variant_184/variant_184.json
18:16:16.878 INFO  StreamGobblerLogger - stderr.env: ‘interestingness_test’: No such file or directory
18:16:16.879 INFO  ExecHelper - Result: 127
18:16:16.879 INFO  CustomFileJudge - Custom file judge result: 127
18:16:16.879 INFO  ReductionDriver - Result from initial state is not interesting (attempt 1)
18:16:16.961 INFO  ExecHelper - interestingness_test /opt/reduce/cezanne_radeon_vega/syn_memory_converge/variant_184.comp reduction_results/cezanne_radeon_vega/syn_memory_converge/variant_184/variant_184.json
18:16:16.962 INFO  StreamGobblerLogger - stderr.env: ‘interestingness_test’: No such file or directory
18:16:16.963 INFO  ExecHelper - Result: 127
18:16:16.963 INFO  CustomFileJudge - Custom file judge result: 127
18:16:16.963 INFO  ReductionDriver - Result from initial state is not interesting (attempt 2)
18:16:17.034 INFO  ExecHelper - interestingness_test /opt/reduce/cezanne_radeon_vega/syn_memory_converge/variant_184.comp reduction_results/cezanne_radeon_vega/syn_memory_converge/variant_184/variant_184.json
18:16:17.036 INFO  StreamGobblerLogger - stderr.env: ‘interestingness_test’: No such file or directory
18:16:17.037 INFO  ExecHelper - Result: 127
18:16:17.037 INFO  CustomFileJudge - Custom file judge result: 127
18:16:17.037 INFO  ReductionDriver - Result from initial state is not interesting (attempt 3)
18:16:17.101 INFO  ExecHelper - interestingness_test /opt/reduce/cezanne_radeon_vega/syn_memory_converge/variant_184.comp reduction_results/cezanne_radeon_vega/syn_memory_converge/variant_184/variant_184.json
18:16:17.108 INFO  StreamGobblerLogger - stderr.env: ‘interestingness_test’: No such file or directory
18:16:17.109 INFO  ExecHelper - Result: 127
18:16:17.109 INFO  CustomFileJudge - Custom file judge result: 127
18:16:17.109 INFO  ReductionDriver - Result from initial state is not interesting (attempt 4)
18:16:17.170 INFO  ExecHelper - interestingness_test /opt/reduce/cezanne_radeon_vega/syn_memory_converge/variant_184.comp reduction_results/cezanne_radeon_vega/syn_memory_converge/variant_184/variant_184.json
18:16:17.171 INFO  StreamGobblerLogger - stderr.env: ‘interestingness_test’: No such file or directory
18:16:17.171 INFO  ExecHelper - Result: 127
18:16:17.171 INFO  CustomFileJudge - Custom file judge result: 127
18:16:17.172 INFO  ReductionDriver - Result from initial state is not interesting (attempt 5)
18:16:17.172 INFO  ReductionDriver - Tried 5 times; stopping.
Reduction command: java -ea -cp /opt/graphicsfuzz/graphicsfuzz/target/graphicsfuzz/python/drivers/../../jar/tool-1.0.jar com.graphicsfuzz.reducer.tool.GlslReduce /opt/reduce/cezanne_radeon_vega/syn_memory_converge/variant_184.json interestingness_test --output reduction_results/cezanne_radeon_vega/syn_memory_converge/variant_184 /opt/reduce/cezanne_radeon_vega/syn_memory_converge/variant_184.comp
