19:51:54.869 INFO  ExecHelper - /opt/graphicsfuzz/graphicsfuzz/target/graphicsfuzz/bin/Linux/glslangValidator -E --stdin -S comp
19:51:54.933 INFO  ExecHelper - Result: 0
19:51:56.106 INFO  ReductionDriver - Starting reduction for variant_782
19:51:56.268 INFO  ExecHelper - interestingness_test /opt/reduce/rtx_4070/syn_memory_converge_atomic/variant_782.comp reduction_results/rtx_4070/syn_memory_converge_atomic/variant_782/variant_782.json
19:51:56.270 INFO  StreamGobblerLogger - stderr.env: ‘interestingness_test’: No such file or directory
19:51:56.270 INFO  ExecHelper - Result: 127
19:51:56.270 INFO  CustomFileJudge - Custom file judge result: 127
19:51:56.270 INFO  ReductionDriver - Result from initial state is not interesting (attempt 1)
19:51:56.421 INFO  ExecHelper - interestingness_test /opt/reduce/rtx_4070/syn_memory_converge_atomic/variant_782.comp reduction_results/rtx_4070/syn_memory_converge_atomic/variant_782/variant_782.json
19:51:56.423 INFO  StreamGobblerLogger - stderr.env: ‘interestingness_test’: No such file or directory
19:51:56.423 INFO  ExecHelper - Result: 127
19:51:56.424 INFO  CustomFileJudge - Custom file judge result: 127
19:51:56.424 INFO  ReductionDriver - Result from initial state is not interesting (attempt 2)
19:51:56.568 INFO  ExecHelper - interestingness_test /opt/reduce/rtx_4070/syn_memory_converge_atomic/variant_782.comp reduction_results/rtx_4070/syn_memory_converge_atomic/variant_782/variant_782.json
19:51:56.569 INFO  StreamGobblerLogger - stderr.env: ‘interestingness_test’: No such file or directory
19:51:56.570 INFO  ExecHelper - Result: 127
19:51:56.570 INFO  CustomFileJudge - Custom file judge result: 127
19:51:56.570 INFO  ReductionDriver - Result from initial state is not interesting (attempt 3)
19:51:56.712 INFO  ExecHelper - interestingness_test /opt/reduce/rtx_4070/syn_memory_converge_atomic/variant_782.comp reduction_results/rtx_4070/syn_memory_converge_atomic/variant_782/variant_782.json
19:51:56.714 INFO  StreamGobblerLogger - stderr.env: ‘interestingness_test’: No such file or directory
19:51:56.715 INFO  ExecHelper - Result: 127
19:51:56.715 INFO  CustomFileJudge - Custom file judge result: 127
19:51:56.715 INFO  ReductionDriver - Result from initial state is not interesting (attempt 4)
19:51:56.857 INFO  ExecHelper - interestingness_test /opt/reduce/rtx_4070/syn_memory_converge_atomic/variant_782.comp reduction_results/rtx_4070/syn_memory_converge_atomic/variant_782/variant_782.json
19:51:56.859 INFO  StreamGobblerLogger - stderr.env: ‘interestingness_test’: No such file or directory
19:51:56.859 INFO  ExecHelper - Result: 127
19:51:56.859 INFO  CustomFileJudge - Custom file judge result: 127
19:51:56.859 INFO  ReductionDriver - Result from initial state is not interesting (attempt 5)
19:51:56.859 INFO  ReductionDriver - Tried 5 times; stopping.
Reduction command: java -ea -cp /opt/graphicsfuzz/graphicsfuzz/target/graphicsfuzz/python/drivers/../../jar/tool-1.0.jar com.graphicsfuzz.reducer.tool.GlslReduce /opt/reduce/rtx_4070/syn_memory_converge_atomic/variant_782.json interestingness_test --output reduction_results/rtx_4070/syn_memory_converge_atomic/variant_782 /opt/reduce/rtx_4070/syn_memory_converge_atomic/variant_782.comp
