19:32:57.602 INFO  ExecHelper - /opt/graphicsfuzz/graphicsfuzz/target/graphicsfuzz/bin/Linux/glslangValidator -E --stdin -S comp
19:32:57.650 INFO  ExecHelper - Result: 0
19:32:57.709 INFO  ReductionDriver - Starting reduction for variant_470
19:32:57.714 INFO  ExecHelper - interestingness_test /opt/reduce/rtx_4070/syn_memory_converge/variant_470.comp reduction_results/rtx_4070/syn_memory_converge/variant_470/variant_470.json
19:32:57.715 INFO  StreamGobblerLogger - stderr.env: ‘interestingness_test’: No such file or directory
19:32:57.716 INFO  ExecHelper - Result: 127
19:32:57.716 INFO  CustomFileJudge - Custom file judge result: 127
19:32:57.716 INFO  ReductionDriver - Result from initial state is not interesting (attempt 1)
19:32:57.717 INFO  ExecHelper - interestingness_test /opt/reduce/rtx_4070/syn_memory_converge/variant_470.comp reduction_results/rtx_4070/syn_memory_converge/variant_470/variant_470.json
19:32:57.718 INFO  StreamGobblerLogger - stderr.env: ‘interestingness_test’: No such file or directory
19:32:57.719 INFO  ExecHelper - Result: 127
19:32:57.719 INFO  CustomFileJudge - Custom file judge result: 127
19:32:57.719 INFO  ReductionDriver - Result from initial state is not interesting (attempt 2)
19:32:57.720 INFO  ExecHelper - interestingness_test /opt/reduce/rtx_4070/syn_memory_converge/variant_470.comp reduction_results/rtx_4070/syn_memory_converge/variant_470/variant_470.json
19:32:57.722 INFO  StreamGobblerLogger - stderr.env: ‘interestingness_test’: No such file or directory
19:32:57.722 INFO  ExecHelper - Result: 127
19:32:57.722 INFO  CustomFileJudge - Custom file judge result: 127
19:32:57.722 INFO  ReductionDriver - Result from initial state is not interesting (attempt 3)
19:32:57.723 INFO  ExecHelper - interestingness_test /opt/reduce/rtx_4070/syn_memory_converge/variant_470.comp reduction_results/rtx_4070/syn_memory_converge/variant_470/variant_470.json
19:32:57.724 INFO  StreamGobblerLogger - stderr.env: ‘interestingness_test’: No such file or directory
19:32:57.725 INFO  ExecHelper - Result: 127
19:32:57.725 INFO  CustomFileJudge - Custom file judge result: 127
19:32:57.725 INFO  ReductionDriver - Result from initial state is not interesting (attempt 4)
19:32:57.726 INFO  ExecHelper - interestingness_test /opt/reduce/rtx_4070/syn_memory_converge/variant_470.comp reduction_results/rtx_4070/syn_memory_converge/variant_470/variant_470.json
19:32:57.727 INFO  StreamGobblerLogger - stderr.env: ‘interestingness_test’: No such file or directory
19:32:57.728 INFO  ExecHelper - Result: 127
19:32:57.728 INFO  CustomFileJudge - Custom file judge result: 127
19:32:57.728 INFO  ReductionDriver - Result from initial state is not interesting (attempt 5)
19:32:57.728 INFO  ReductionDriver - Tried 5 times; stopping.
Reduction command: java -ea -cp /opt/graphicsfuzz/graphicsfuzz/target/graphicsfuzz/python/drivers/../../jar/tool-1.0.jar com.graphicsfuzz.reducer.tool.GlslReduce /opt/reduce/rtx_4070/syn_memory_converge/variant_470.json interestingness_test --output reduction_results/rtx_4070/syn_memory_converge/variant_470 /opt/reduce/rtx_4070/syn_memory_converge/variant_470.comp
