18:59:43.857 INFO  ExecHelper - /opt/graphicsfuzz/graphicsfuzz/target/graphicsfuzz/bin/Linux/glslangValidator -E --stdin -S comp
18:59:43.906 INFO  ExecHelper - Result: 0
18:59:43.968 INFO  ReductionDriver - Starting reduction for variant_675
18:59:43.973 INFO  ExecHelper - interestingness_test /opt/reduce/intel_iris_xe_graphics/syn_memory_converge/variant_675.comp reduction_results/intel_iris_xe_graphics/syn_memory_converge/variant_675/variant_675.json
18:59:43.974 INFO  StreamGobblerLogger - stderr.env: ‘interestingness_test’: No such file or directory
18:59:43.974 INFO  ExecHelper - Result: 127
18:59:43.974 INFO  CustomFileJudge - Custom file judge result: 127
18:59:43.975 INFO  ReductionDriver - Result from initial state is not interesting (attempt 1)
18:59:43.976 INFO  ExecHelper - interestingness_test /opt/reduce/intel_iris_xe_graphics/syn_memory_converge/variant_675.comp reduction_results/intel_iris_xe_graphics/syn_memory_converge/variant_675/variant_675.json
18:59:43.977 INFO  StreamGobblerLogger - stderr.env: ‘interestingness_test’: No such file or directory
18:59:43.977 INFO  ExecHelper - Result: 127
18:59:43.977 INFO  CustomFileJudge - Custom file judge result: 127
18:59:43.977 INFO  ReductionDriver - Result from initial state is not interesting (attempt 2)
18:59:43.978 INFO  ExecHelper - interestingness_test /opt/reduce/intel_iris_xe_graphics/syn_memory_converge/variant_675.comp reduction_results/intel_iris_xe_graphics/syn_memory_converge/variant_675/variant_675.json
18:59:43.979 INFO  StreamGobblerLogger - stderr.env: ‘interestingness_test’: No such file or directory
18:59:43.979 INFO  ExecHelper - Result: 127
18:59:43.979 INFO  CustomFileJudge - Custom file judge result: 127
18:59:43.979 INFO  ReductionDriver - Result from initial state is not interesting (attempt 3)
18:59:43.980 INFO  ExecHelper - interestingness_test /opt/reduce/intel_iris_xe_graphics/syn_memory_converge/variant_675.comp reduction_results/intel_iris_xe_graphics/syn_memory_converge/variant_675/variant_675.json
18:59:43.981 INFO  StreamGobblerLogger - stderr.env: ‘interestingness_test’: No such file or directory
18:59:43.981 INFO  ExecHelper - Result: 127
18:59:43.982 INFO  CustomFileJudge - Custom file judge result: 127
18:59:43.982 INFO  ReductionDriver - Result from initial state is not interesting (attempt 4)
18:59:43.982 INFO  ExecHelper - interestingness_test /opt/reduce/intel_iris_xe_graphics/syn_memory_converge/variant_675.comp reduction_results/intel_iris_xe_graphics/syn_memory_converge/variant_675/variant_675.json
18:59:43.983 INFO  StreamGobblerLogger - stderr.env: ‘interestingness_test’: No such file or directory
18:59:43.984 INFO  ExecHelper - Result: 127
18:59:43.984 INFO  CustomFileJudge - Custom file judge result: 127
18:59:43.984 INFO  ReductionDriver - Result from initial state is not interesting (attempt 5)
18:59:43.984 INFO  ReductionDriver - Tried 5 times; stopping.
Reduction command: java -ea -cp /opt/graphicsfuzz/graphicsfuzz/target/graphicsfuzz/python/drivers/../../jar/tool-1.0.jar com.graphicsfuzz.reducer.tool.GlslReduce /opt/reduce/intel_iris_xe_graphics/syn_memory_converge/variant_675.json interestingness_test --output reduction_results/intel_iris_xe_graphics/syn_memory_converge/variant_675 /opt/reduce/intel_iris_xe_graphics/syn_memory_converge/variant_675.comp
