18:36:09.745 INFO  ExecHelper - /opt/graphicsfuzz/graphicsfuzz/target/graphicsfuzz/bin/Linux/glslangValidator -E --stdin -S comp
18:36:09.808 INFO  ExecHelper - Result: 0
18:36:10.187 INFO  ReductionDriver - Starting reduction for variant_647
18:36:10.329 INFO  ExecHelper - interestingness_test /opt/reduce/cezanne_radeon_vega/syn_memory_converge_atomic/variant_647.comp reduction_results/cezanne_radeon_vega/syn_memory_converge_atomic/variant_647/variant_647.json
18:36:10.331 INFO  StreamGobblerLogger - stderr.env: ‘interestingness_test’: No such file or directory
18:36:10.331 INFO  ExecHelper - Result: 127
18:36:10.332 INFO  CustomFileJudge - Custom file judge result: 127
18:36:10.332 INFO  ReductionDriver - Result from initial state is not interesting (attempt 1)
18:36:10.463 INFO  ExecHelper - interestingness_test /opt/reduce/cezanne_radeon_vega/syn_memory_converge_atomic/variant_647.comp reduction_results/cezanne_radeon_vega/syn_memory_converge_atomic/variant_647/variant_647.json
18:36:10.465 INFO  StreamGobblerLogger - stderr.env: ‘interestingness_test’: No such file or directory
18:36:10.465 INFO  ExecHelper - Result: 127
18:36:10.465 INFO  CustomFileJudge - Custom file judge result: 127
18:36:10.465 INFO  ReductionDriver - Result from initial state is not interesting (attempt 2)
18:36:10.588 INFO  ExecHelper - interestingness_test /opt/reduce/cezanne_radeon_vega/syn_memory_converge_atomic/variant_647.comp reduction_results/cezanne_radeon_vega/syn_memory_converge_atomic/variant_647/variant_647.json
18:36:10.589 INFO  StreamGobblerLogger - stderr.env: ‘interestingness_test’: No such file or directory
18:36:10.590 INFO  ExecHelper - Result: 127
18:36:10.590 INFO  CustomFileJudge - Custom file judge result: 127
18:36:10.590 INFO  ReductionDriver - Result from initial state is not interesting (attempt 3)
18:36:10.721 INFO  ExecHelper - interestingness_test /opt/reduce/cezanne_radeon_vega/syn_memory_converge_atomic/variant_647.comp reduction_results/cezanne_radeon_vega/syn_memory_converge_atomic/variant_647/variant_647.json
18:36:10.722 INFO  StreamGobblerLogger - stderr.env: ‘interestingness_test’: No such file or directory
18:36:10.723 INFO  ExecHelper - Result: 127
18:36:10.723 INFO  CustomFileJudge - Custom file judge result: 127
18:36:10.723 INFO  ReductionDriver - Result from initial state is not interesting (attempt 4)
18:36:10.844 INFO  ExecHelper - interestingness_test /opt/reduce/cezanne_radeon_vega/syn_memory_converge_atomic/variant_647.comp reduction_results/cezanne_radeon_vega/syn_memory_converge_atomic/variant_647/variant_647.json
18:36:10.845 INFO  StreamGobblerLogger - stderr.env: ‘interestingness_test’: No such file or directory
18:36:10.846 INFO  ExecHelper - Result: 127
18:36:10.846 INFO  CustomFileJudge - Custom file judge result: 127
18:36:10.846 INFO  ReductionDriver - Result from initial state is not interesting (attempt 5)
18:36:10.846 INFO  ReductionDriver - Tried 5 times; stopping.
Reduction command: java -ea -cp /opt/graphicsfuzz/graphicsfuzz/target/graphicsfuzz/python/drivers/../../jar/tool-1.0.jar com.graphicsfuzz.reducer.tool.GlslReduce /opt/reduce/cezanne_radeon_vega/syn_memory_converge_atomic/variant_647.json interestingness_test --output reduction_results/cezanne_radeon_vega/syn_memory_converge_atomic/variant_647 /opt/reduce/cezanne_radeon_vega/syn_memory_converge_atomic/variant_647.comp
