18:12:12.722 INFO  ExecHelper - /opt/graphicsfuzz/graphicsfuzz/target/graphicsfuzz/bin/Linux/glslangValidator -E --stdin -S comp
18:12:12.869 INFO  ExecHelper - Result: 0
18:12:13.680 INFO  ReductionDriver - Starting reduction for variant_467
18:12:13.700 INFO  ExecHelper - interestingness_test /opt/reduce/cezanne_radeon_vega/syn_branch_syn_release/variant_467.comp reduction_results/cezanne_radeon_vega/syn_branch_syn_release/variant_467/variant_467.json
18:12:13.702 INFO  StreamGobblerLogger - stderr.env: ‘interestingness_test’: No such file or directory
18:12:13.702 INFO  ExecHelper - Result: 127
18:12:13.703 INFO  CustomFileJudge - Custom file judge result: 127
18:12:13.703 INFO  ReductionDriver - Result from initial state is not interesting (attempt 1)
18:12:13.714 INFO  ExecHelper - interestingness_test /opt/reduce/cezanne_radeon_vega/syn_branch_syn_release/variant_467.comp reduction_results/cezanne_radeon_vega/syn_branch_syn_release/variant_467/variant_467.json
18:12:13.715 INFO  StreamGobblerLogger - stderr.env: ‘interestingness_test’: No such file or directory
18:12:13.715 INFO  ExecHelper - Result: 127
18:12:13.715 INFO  CustomFileJudge - Custom file judge result: 127
18:12:13.715 INFO  ReductionDriver - Result from initial state is not interesting (attempt 2)
18:12:13.724 INFO  ExecHelper - interestingness_test /opt/reduce/cezanne_radeon_vega/syn_branch_syn_release/variant_467.comp reduction_results/cezanne_radeon_vega/syn_branch_syn_release/variant_467/variant_467.json
18:12:13.726 INFO  StreamGobblerLogger - stderr.env: ‘interestingness_test’: No such file or directory
18:12:13.726 INFO  ExecHelper - Result: 127
18:12:13.726 INFO  CustomFileJudge - Custom file judge result: 127
18:12:13.726 INFO  ReductionDriver - Result from initial state is not interesting (attempt 3)
18:12:13.735 INFO  ExecHelper - interestingness_test /opt/reduce/cezanne_radeon_vega/syn_branch_syn_release/variant_467.comp reduction_results/cezanne_radeon_vega/syn_branch_syn_release/variant_467/variant_467.json
18:12:13.736 INFO  StreamGobblerLogger - stderr.env: ‘interestingness_test’: No such file or directory
18:12:13.736 INFO  ExecHelper - Result: 127
18:12:13.737 INFO  CustomFileJudge - Custom file judge result: 127
18:12:13.737 INFO  ReductionDriver - Result from initial state is not interesting (attempt 4)
18:12:13.744 INFO  ExecHelper - interestingness_test /opt/reduce/cezanne_radeon_vega/syn_branch_syn_release/variant_467.comp reduction_results/cezanne_radeon_vega/syn_branch_syn_release/variant_467/variant_467.json
18:12:13.745 INFO  StreamGobblerLogger - stderr.env: ‘interestingness_test’: No such file or directory
18:12:13.746 INFO  ExecHelper - Result: 127
18:12:13.746 INFO  CustomFileJudge - Custom file judge result: 127
18:12:13.746 INFO  ReductionDriver - Result from initial state is not interesting (attempt 5)
18:12:13.746 INFO  ReductionDriver - Tried 5 times; stopping.
Reduction command: java -ea -cp /opt/graphicsfuzz/graphicsfuzz/target/graphicsfuzz/python/drivers/../../jar/tool-1.0.jar com.graphicsfuzz.reducer.tool.GlslReduce /opt/reduce/cezanne_radeon_vega/syn_branch_syn_release/variant_467.json interestingness_test --output reduction_results/cezanne_radeon_vega/syn_branch_syn_release/variant_467 /opt/reduce/cezanne_radeon_vega/syn_branch_syn_release/variant_467.comp
