18:13:16.191 INFO  ExecHelper - /opt/graphicsfuzz/graphicsfuzz/target/graphicsfuzz/bin/Linux/glslangValidator -E --stdin -S comp
18:13:16.295 INFO  ExecHelper - Result: 0
18:13:17.459 INFO  ReductionDriver - Starting reduction for variant_569
18:13:17.480 INFO  ExecHelper - interestingness_test /opt/reduce/cezanne_radeon_vega/syn_lock_step_relax/variant_569.comp reduction_results/cezanne_radeon_vega/syn_lock_step_relax/variant_569/variant_569.json
18:13:17.481 INFO  StreamGobblerLogger - stderr.env: ‘interestingness_test’: No such file or directory
18:13:17.482 INFO  ExecHelper - Result: 127
18:13:17.482 INFO  CustomFileJudge - Custom file judge result: 127
18:13:17.482 INFO  ReductionDriver - Result from initial state is not interesting (attempt 1)
18:13:17.493 INFO  ExecHelper - interestingness_test /opt/reduce/cezanne_radeon_vega/syn_lock_step_relax/variant_569.comp reduction_results/cezanne_radeon_vega/syn_lock_step_relax/variant_569/variant_569.json
18:13:17.494 INFO  StreamGobblerLogger - stderr.env: ‘interestingness_test’: No such file or directory
18:13:17.494 INFO  ExecHelper - Result: 127
18:13:17.494 INFO  CustomFileJudge - Custom file judge result: 127
18:13:17.494 INFO  ReductionDriver - Result from initial state is not interesting (attempt 2)
18:13:17.504 INFO  ExecHelper - interestingness_test /opt/reduce/cezanne_radeon_vega/syn_lock_step_relax/variant_569.comp reduction_results/cezanne_radeon_vega/syn_lock_step_relax/variant_569/variant_569.json
18:13:17.506 INFO  StreamGobblerLogger - stderr.env: ‘interestingness_test’: No such file or directory
18:13:17.506 INFO  ExecHelper - Result: 127
18:13:17.506 INFO  CustomFileJudge - Custom file judge result: 127
18:13:17.506 INFO  ReductionDriver - Result from initial state is not interesting (attempt 3)
18:13:17.515 INFO  ExecHelper - interestingness_test /opt/reduce/cezanne_radeon_vega/syn_lock_step_relax/variant_569.comp reduction_results/cezanne_radeon_vega/syn_lock_step_relax/variant_569/variant_569.json
18:13:17.516 INFO  StreamGobblerLogger - stderr.env: ‘interestingness_test’: No such file or directory
18:13:17.516 INFO  ExecHelper - Result: 127
18:13:17.516 INFO  CustomFileJudge - Custom file judge result: 127
18:13:17.516 INFO  ReductionDriver - Result from initial state is not interesting (attempt 4)
18:13:17.525 INFO  ExecHelper - interestingness_test /opt/reduce/cezanne_radeon_vega/syn_lock_step_relax/variant_569.comp reduction_results/cezanne_radeon_vega/syn_lock_step_relax/variant_569/variant_569.json
18:13:17.526 INFO  StreamGobblerLogger - stderr.env: ‘interestingness_test’: No such file or directory
18:13:17.527 INFO  ExecHelper - Result: 127
18:13:17.527 INFO  CustomFileJudge - Custom file judge result: 127
18:13:17.527 INFO  ReductionDriver - Result from initial state is not interesting (attempt 5)
18:13:17.527 INFO  ReductionDriver - Tried 5 times; stopping.
Reduction command: java -ea -cp /opt/graphicsfuzz/graphicsfuzz/target/graphicsfuzz/python/drivers/../../jar/tool-1.0.jar com.graphicsfuzz.reducer.tool.GlslReduce /opt/reduce/cezanne_radeon_vega/syn_lock_step_relax/variant_569.json interestingness_test --output reduction_results/cezanne_radeon_vega/syn_lock_step_relax/variant_569 /opt/reduce/cezanne_radeon_vega/syn_lock_step_relax/variant_569.comp
