18:50:28.310 INFO  ExecHelper - /opt/graphicsfuzz/graphicsfuzz/target/graphicsfuzz/bin/Linux/glslangValidator -E --stdin -S comp
18:50:28.363 INFO  ExecHelper - Result: 0
18:50:28.668 INFO  ReductionDriver - Starting reduction for variant_031
18:50:28.749 INFO  ExecHelper - interestingness_test /opt/reduce/intel_iris_xe_graphics/syn_memory_converge/variant_031.comp reduction_results/intel_iris_xe_graphics/syn_memory_converge/variant_031/variant_031.json
18:50:28.751 INFO  StreamGobblerLogger - stderr.env: ‘interestingness_test’: No such file or directory
18:50:28.751 INFO  ExecHelper - Result: 127
18:50:28.751 INFO  CustomFileJudge - Custom file judge result: 127
18:50:28.752 INFO  ReductionDriver - Result from initial state is not interesting (attempt 1)
18:50:28.817 INFO  ExecHelper - interestingness_test /opt/reduce/intel_iris_xe_graphics/syn_memory_converge/variant_031.comp reduction_results/intel_iris_xe_graphics/syn_memory_converge/variant_031/variant_031.json
18:50:28.818 INFO  StreamGobblerLogger - stderr.env: ‘interestingness_test’: No such file or directory
18:50:28.819 INFO  ExecHelper - Result: 127
18:50:28.819 INFO  CustomFileJudge - Custom file judge result: 127
18:50:28.819 INFO  ReductionDriver - Result from initial state is not interesting (attempt 2)
18:50:28.880 INFO  ExecHelper - interestingness_test /opt/reduce/intel_iris_xe_graphics/syn_memory_converge/variant_031.comp reduction_results/intel_iris_xe_graphics/syn_memory_converge/variant_031/variant_031.json
18:50:28.881 INFO  StreamGobblerLogger - stderr.env: ‘interestingness_test’: No such file or directory
18:50:28.882 INFO  ExecHelper - Result: 127
18:50:28.882 INFO  CustomFileJudge - Custom file judge result: 127
18:50:28.882 INFO  ReductionDriver - Result from initial state is not interesting (attempt 3)
18:50:28.942 INFO  ExecHelper - interestingness_test /opt/reduce/intel_iris_xe_graphics/syn_memory_converge/variant_031.comp reduction_results/intel_iris_xe_graphics/syn_memory_converge/variant_031/variant_031.json
18:50:28.944 INFO  StreamGobblerLogger - stderr.env: ‘interestingness_test’: No such file or directory
18:50:28.944 INFO  ExecHelper - Result: 127
18:50:28.944 INFO  CustomFileJudge - Custom file judge result: 127
18:50:28.944 INFO  ReductionDriver - Result from initial state is not interesting (attempt 4)
18:50:29.004 INFO  ExecHelper - interestingness_test /opt/reduce/intel_iris_xe_graphics/syn_memory_converge/variant_031.comp reduction_results/intel_iris_xe_graphics/syn_memory_converge/variant_031/variant_031.json
18:50:29.005 INFO  StreamGobblerLogger - stderr.env: ‘interestingness_test’: No such file or directory
18:50:29.006 INFO  ExecHelper - Result: 127
18:50:29.006 INFO  CustomFileJudge - Custom file judge result: 127
18:50:29.006 INFO  ReductionDriver - Result from initial state is not interesting (attempt 5)
18:50:29.006 INFO  ReductionDriver - Tried 5 times; stopping.
Reduction command: java -ea -cp /opt/graphicsfuzz/graphicsfuzz/target/graphicsfuzz/python/drivers/../../jar/tool-1.0.jar com.graphicsfuzz.reducer.tool.GlslReduce /opt/reduce/intel_iris_xe_graphics/syn_memory_converge/variant_031.json interestingness_test --output reduction_results/intel_iris_xe_graphics/syn_memory_converge/variant_031 /opt/reduce/intel_iris_xe_graphics/syn_memory_converge/variant_031.comp
