18:42:04.580 INFO  ExecHelper - /opt/graphicsfuzz/graphicsfuzz/target/graphicsfuzz/bin/Linux/glslangValidator -E --stdin -S comp
18:42:04.636 INFO  ExecHelper - Result: 0
18:42:05.611 INFO  ReductionDriver - Starting reduction for variant_075
18:42:05.776 INFO  ExecHelper - interestingness_test /opt/reduce/cezanne_radeon_vega/syn_subgroup_op_relax/variant_075.comp reduction_results/cezanne_radeon_vega/syn_subgroup_op_relax/variant_075/variant_075.json
18:42:05.778 INFO  StreamGobblerLogger - stderr.env: ‘interestingness_test’: No such file or directory
18:42:05.778 INFO  ExecHelper - Result: 127
18:42:05.778 INFO  CustomFileJudge - Custom file judge result: 127
18:42:05.778 INFO  ReductionDriver - Result from initial state is not interesting (attempt 1)
18:42:05.921 INFO  ExecHelper - interestingness_test /opt/reduce/cezanne_radeon_vega/syn_subgroup_op_relax/variant_075.comp reduction_results/cezanne_radeon_vega/syn_subgroup_op_relax/variant_075/variant_075.json
18:42:05.924 INFO  StreamGobblerLogger - stderr.env: ‘interestingness_test’: No such file or directory
18:42:05.924 INFO  ExecHelper - Result: 127
18:42:05.924 INFO  CustomFileJudge - Custom file judge result: 127
18:42:05.925 INFO  ReductionDriver - Result from initial state is not interesting (attempt 2)
18:42:06.070 INFO  ExecHelper - interestingness_test /opt/reduce/cezanne_radeon_vega/syn_subgroup_op_relax/variant_075.comp reduction_results/cezanne_radeon_vega/syn_subgroup_op_relax/variant_075/variant_075.json
18:42:06.072 INFO  StreamGobblerLogger - stderr.env: ‘interestingness_test’: No such file or directory
18:42:06.073 INFO  ExecHelper - Result: 127
18:42:06.073 INFO  CustomFileJudge - Custom file judge result: 127
18:42:06.073 INFO  ReductionDriver - Result from initial state is not interesting (attempt 3)
18:42:06.205 INFO  ExecHelper - interestingness_test /opt/reduce/cezanne_radeon_vega/syn_subgroup_op_relax/variant_075.comp reduction_results/cezanne_radeon_vega/syn_subgroup_op_relax/variant_075/variant_075.json
18:42:06.207 INFO  StreamGobblerLogger - stderr.env: ‘interestingness_test’: No such file or directory
18:42:06.208 INFO  ExecHelper - Result: 127
18:42:06.208 INFO  CustomFileJudge - Custom file judge result: 127
18:42:06.208 INFO  ReductionDriver - Result from initial state is not interesting (attempt 4)
18:42:06.339 INFO  ExecHelper - interestingness_test /opt/reduce/cezanne_radeon_vega/syn_subgroup_op_relax/variant_075.comp reduction_results/cezanne_radeon_vega/syn_subgroup_op_relax/variant_075/variant_075.json
18:42:06.341 INFO  StreamGobblerLogger - stderr.env: ‘interestingness_test’: No such file or directory
18:42:06.341 INFO  ExecHelper - Result: 127
18:42:06.341 INFO  CustomFileJudge - Custom file judge result: 127
18:42:06.341 INFO  ReductionDriver - Result from initial state is not interesting (attempt 5)
18:42:06.341 INFO  ReductionDriver - Tried 5 times; stopping.
Reduction command: java -ea -cp /opt/graphicsfuzz/graphicsfuzz/target/graphicsfuzz/python/drivers/../../jar/tool-1.0.jar com.graphicsfuzz.reducer.tool.GlslReduce /opt/reduce/cezanne_radeon_vega/syn_subgroup_op_relax/variant_075.json interestingness_test --output reduction_results/cezanne_radeon_vega/syn_subgroup_op_relax/variant_075 /opt/reduce/cezanne_radeon_vega/syn_subgroup_op_relax/variant_075.comp
