18:52:58.069 INFO  ExecHelper - /opt/graphicsfuzz/graphicsfuzz/target/graphicsfuzz/bin/Linux/glslangValidator -E --stdin -S comp
18:52:58.131 INFO  ExecHelper - Result: 0
18:52:58.763 INFO  ReductionDriver - Starting reduction for variant_217
18:52:58.801 INFO  ExecHelper - interestingness_test /opt/reduce/intel_iris_xe_graphics/syn_memory_converge/variant_217.comp reduction_results/intel_iris_xe_graphics/syn_memory_converge/variant_217/variant_217.json
18:52:58.803 INFO  StreamGobblerLogger - stderr.env: ‘interestingness_test’: No such file or directory
18:52:58.803 INFO  ExecHelper - Result: 127
18:52:58.803 INFO  CustomFileJudge - Custom file judge result: 127
18:52:58.803 INFO  ReductionDriver - Result from initial state is not interesting (attempt 1)
18:52:58.829 INFO  ExecHelper - interestingness_test /opt/reduce/intel_iris_xe_graphics/syn_memory_converge/variant_217.comp reduction_results/intel_iris_xe_graphics/syn_memory_converge/variant_217/variant_217.json
18:52:58.830 INFO  StreamGobblerLogger - stderr.env: ‘interestingness_test’: No such file or directory
18:52:58.831 INFO  ExecHelper - Result: 127
18:52:58.831 INFO  CustomFileJudge - Custom file judge result: 127
18:52:58.831 INFO  ReductionDriver - Result from initial state is not interesting (attempt 2)
18:52:58.854 INFO  ExecHelper - interestingness_test /opt/reduce/intel_iris_xe_graphics/syn_memory_converge/variant_217.comp reduction_results/intel_iris_xe_graphics/syn_memory_converge/variant_217/variant_217.json
18:52:58.855 INFO  StreamGobblerLogger - stderr.env: ‘interestingness_test’: No such file or directory
18:52:58.856 INFO  ExecHelper - Result: 127
18:52:58.856 INFO  CustomFileJudge - Custom file judge result: 127
18:52:58.856 INFO  ReductionDriver - Result from initial state is not interesting (attempt 3)
18:52:58.877 INFO  ExecHelper - interestingness_test /opt/reduce/intel_iris_xe_graphics/syn_memory_converge/variant_217.comp reduction_results/intel_iris_xe_graphics/syn_memory_converge/variant_217/variant_217.json
18:52:58.878 INFO  StreamGobblerLogger - stderr.env: ‘interestingness_test’: No such file or directory
18:52:58.879 INFO  ExecHelper - Result: 127
18:52:58.879 INFO  CustomFileJudge - Custom file judge result: 127
18:52:58.879 INFO  ReductionDriver - Result from initial state is not interesting (attempt 4)
18:52:58.900 INFO  ExecHelper - interestingness_test /opt/reduce/intel_iris_xe_graphics/syn_memory_converge/variant_217.comp reduction_results/intel_iris_xe_graphics/syn_memory_converge/variant_217/variant_217.json
18:52:58.901 INFO  StreamGobblerLogger - stderr.env: ‘interestingness_test’: No such file or directory
18:52:58.902 INFO  ExecHelper - Result: 127
18:52:58.902 INFO  CustomFileJudge - Custom file judge result: 127
18:52:58.902 INFO  ReductionDriver - Result from initial state is not interesting (attempt 5)
18:52:58.902 INFO  ReductionDriver - Tried 5 times; stopping.
Reduction command: java -ea -cp /opt/graphicsfuzz/graphicsfuzz/target/graphicsfuzz/python/drivers/../../jar/tool-1.0.jar com.graphicsfuzz.reducer.tool.GlslReduce /opt/reduce/intel_iris_xe_graphics/syn_memory_converge/variant_217.json interestingness_test --output reduction_results/intel_iris_xe_graphics/syn_memory_converge/variant_217 /opt/reduce/intel_iris_xe_graphics/syn_memory_converge/variant_217.comp
