19:20:47.183 INFO  ExecHelper - /opt/graphicsfuzz/graphicsfuzz/target/graphicsfuzz/bin/Linux/glslangValidator -E --stdin -S comp
19:20:47.234 INFO  ExecHelper - Result: 0
19:20:47.475 INFO  ReductionDriver - Starting reduction for variant_434
19:20:47.524 INFO  ExecHelper - interestingness_test /opt/reduce/intel_iris_xe_graphics/syn_subgroup_op_relax/variant_434.comp reduction_results/intel_iris_xe_graphics/syn_subgroup_op_relax/variant_434/variant_434.json
19:20:47.526 INFO  StreamGobblerLogger - stderr.env: ‘interestingness_test’: No such file or directory
19:20:47.526 INFO  ExecHelper - Result: 127
19:20:47.526 INFO  CustomFileJudge - Custom file judge result: 127
19:20:47.527 INFO  ReductionDriver - Result from initial state is not interesting (attempt 1)
19:20:47.573 INFO  ExecHelper - interestingness_test /opt/reduce/intel_iris_xe_graphics/syn_subgroup_op_relax/variant_434.comp reduction_results/intel_iris_xe_graphics/syn_subgroup_op_relax/variant_434/variant_434.json
19:20:47.575 INFO  StreamGobblerLogger - stderr.env: ‘interestingness_test’: No such file or directory
19:20:47.575 INFO  ExecHelper - Result: 127
19:20:47.575 INFO  CustomFileJudge - Custom file judge result: 127
19:20:47.575 INFO  ReductionDriver - Result from initial state is not interesting (attempt 2)
19:20:47.613 INFO  ExecHelper - interestingness_test /opt/reduce/intel_iris_xe_graphics/syn_subgroup_op_relax/variant_434.comp reduction_results/intel_iris_xe_graphics/syn_subgroup_op_relax/variant_434/variant_434.json
19:20:47.614 INFO  StreamGobblerLogger - stderr.env: ‘interestingness_test’: No such file or directory
19:20:47.615 INFO  ExecHelper - Result: 127
19:20:47.615 INFO  CustomFileJudge - Custom file judge result: 127
19:20:47.615 INFO  ReductionDriver - Result from initial state is not interesting (attempt 3)
19:20:47.659 INFO  ExecHelper - interestingness_test /opt/reduce/intel_iris_xe_graphics/syn_subgroup_op_relax/variant_434.comp reduction_results/intel_iris_xe_graphics/syn_subgroup_op_relax/variant_434/variant_434.json
19:20:47.660 INFO  StreamGobblerLogger - stderr.env: ‘interestingness_test’: No such file or directory
19:20:47.661 INFO  ExecHelper - Result: 127
19:20:47.661 INFO  CustomFileJudge - Custom file judge result: 127
19:20:47.661 INFO  ReductionDriver - Result from initial state is not interesting (attempt 4)
19:20:47.694 INFO  ExecHelper - interestingness_test /opt/reduce/intel_iris_xe_graphics/syn_subgroup_op_relax/variant_434.comp reduction_results/intel_iris_xe_graphics/syn_subgroup_op_relax/variant_434/variant_434.json
19:20:47.696 INFO  StreamGobblerLogger - stderr.env: ‘interestingness_test’: No such file or directory
19:20:47.696 INFO  ExecHelper - Result: 127
19:20:47.696 INFO  CustomFileJudge - Custom file judge result: 127
19:20:47.696 INFO  ReductionDriver - Result from initial state is not interesting (attempt 5)
19:20:47.696 INFO  ReductionDriver - Tried 5 times; stopping.
Reduction command: java -ea -cp /opt/graphicsfuzz/graphicsfuzz/target/graphicsfuzz/python/drivers/../../jar/tool-1.0.jar com.graphicsfuzz.reducer.tool.GlslReduce /opt/reduce/intel_iris_xe_graphics/syn_subgroup_op_relax/variant_434.json interestingness_test --output reduction_results/intel_iris_xe_graphics/syn_subgroup_op_relax/variant_434 /opt/reduce/intel_iris_xe_graphics/syn_subgroup_op_relax/variant_434.comp
