18:17:41.612 INFO  ExecHelper - /opt/graphicsfuzz/graphicsfuzz/target/graphicsfuzz/bin/Linux/glslangValidator -E --stdin -S comp
18:17:41.752 INFO  ExecHelper - Result: 0
18:17:42.327 INFO  ReductionDriver - Starting reduction for variant_296
18:17:42.342 INFO  ExecHelper - interestingness_test /opt/reduce/cezanne_radeon_vega/syn_memory_converge/variant_296.comp reduction_results/cezanne_radeon_vega/syn_memory_converge/variant_296/variant_296.json
18:17:42.351 INFO  StreamGobblerLogger - stderr.env: ‘interestingness_test’: No such file or directory
18:17:42.352 INFO  ExecHelper - Result: 127
18:17:42.352 INFO  CustomFileJudge - Custom file judge result: 127
18:17:42.352 INFO  ReductionDriver - Result from initial state is not interesting (attempt 1)
18:17:42.358 INFO  ExecHelper - interestingness_test /opt/reduce/cezanne_radeon_vega/syn_memory_converge/variant_296.comp reduction_results/cezanne_radeon_vega/syn_memory_converge/variant_296/variant_296.json
18:17:42.360 INFO  StreamGobblerLogger - stderr.env: ‘interestingness_test’: No such file or directory
18:17:42.360 INFO  ExecHelper - Result: 127
18:17:42.360 INFO  CustomFileJudge - Custom file judge result: 127
18:17:42.360 INFO  ReductionDriver - Result from initial state is not interesting (attempt 2)
18:17:42.366 INFO  ExecHelper - interestingness_test /opt/reduce/cezanne_radeon_vega/syn_memory_converge/variant_296.comp reduction_results/cezanne_radeon_vega/syn_memory_converge/variant_296/variant_296.json
18:17:42.367 INFO  StreamGobblerLogger - stderr.env: ‘interestingness_test’: No such file or directory
18:17:42.368 INFO  ExecHelper - Result: 127
18:17:42.368 INFO  CustomFileJudge - Custom file judge result: 127
18:17:42.368 INFO  ReductionDriver - Result from initial state is not interesting (attempt 3)
18:17:42.373 INFO  ExecHelper - interestingness_test /opt/reduce/cezanne_radeon_vega/syn_memory_converge/variant_296.comp reduction_results/cezanne_radeon_vega/syn_memory_converge/variant_296/variant_296.json
18:17:42.374 INFO  StreamGobblerLogger - stderr.env: ‘interestingness_test’: No such file or directory
18:17:42.374 INFO  ExecHelper - Result: 127
18:17:42.374 INFO  CustomFileJudge - Custom file judge result: 127
18:17:42.374 INFO  ReductionDriver - Result from initial state is not interesting (attempt 4)
18:17:42.379 INFO  ExecHelper - interestingness_test /opt/reduce/cezanne_radeon_vega/syn_memory_converge/variant_296.comp reduction_results/cezanne_radeon_vega/syn_memory_converge/variant_296/variant_296.json
18:17:42.380 INFO  StreamGobblerLogger - stderr.env: ‘interestingness_test’: No such file or directory
18:17:42.381 INFO  ExecHelper - Result: 127
18:17:42.381 INFO  CustomFileJudge - Custom file judge result: 127
18:17:42.381 INFO  ReductionDriver - Result from initial state is not interesting (attempt 5)
18:17:42.381 INFO  ReductionDriver - Tried 5 times; stopping.
Reduction command: java -ea -cp /opt/graphicsfuzz/graphicsfuzz/target/graphicsfuzz/python/drivers/../../jar/tool-1.0.jar com.graphicsfuzz.reducer.tool.GlslReduce /opt/reduce/cezanne_radeon_vega/syn_memory_converge/variant_296.json interestingness_test --output reduction_results/cezanne_radeon_vega/syn_memory_converge/variant_296 /opt/reduce/cezanne_radeon_vega/syn_memory_converge/variant_296.comp
