18:33:37.425 INFO  ExecHelper - /opt/graphicsfuzz/graphicsfuzz/target/graphicsfuzz/bin/Linux/glslangValidator -E --stdin -S comp
18:33:37.487 INFO  ExecHelper - Result: 0
18:33:37.871 INFO  ReductionDriver - Starting reduction for variant_468
18:33:38.030 INFO  ExecHelper - interestingness_test /opt/reduce/cezanne_radeon_vega/syn_memory_converge_atomic/variant_468.comp reduction_results/cezanne_radeon_vega/syn_memory_converge_atomic/variant_468/variant_468.json
18:33:38.039 INFO  StreamGobblerLogger - stderr.env: ‘interestingness_test’: No such file or directory
18:33:38.039 INFO  ExecHelper - Result: 127
18:33:38.039 INFO  CustomFileJudge - Custom file judge result: 127
18:33:38.039 INFO  ReductionDriver - Result from initial state is not interesting (attempt 1)
18:33:38.190 INFO  ExecHelper - interestingness_test /opt/reduce/cezanne_radeon_vega/syn_memory_converge_atomic/variant_468.comp reduction_results/cezanne_radeon_vega/syn_memory_converge_atomic/variant_468/variant_468.json
18:33:38.192 INFO  StreamGobblerLogger - stderr.env: ‘interestingness_test’: No such file or directory
18:33:38.192 INFO  ExecHelper - Result: 127
18:33:38.193 INFO  CustomFileJudge - Custom file judge result: 127
18:33:38.193 INFO  ReductionDriver - Result from initial state is not interesting (attempt 2)
18:33:38.329 INFO  ExecHelper - interestingness_test /opt/reduce/cezanne_radeon_vega/syn_memory_converge_atomic/variant_468.comp reduction_results/cezanne_radeon_vega/syn_memory_converge_atomic/variant_468/variant_468.json
18:33:38.331 INFO  StreamGobblerLogger - stderr.env: ‘interestingness_test’: No such file or directory
18:33:38.332 INFO  ExecHelper - Result: 127
18:33:38.332 INFO  CustomFileJudge - Custom file judge result: 127
18:33:38.332 INFO  ReductionDriver - Result from initial state is not interesting (attempt 3)
18:33:38.467 INFO  ExecHelper - interestingness_test /opt/reduce/cezanne_radeon_vega/syn_memory_converge_atomic/variant_468.comp reduction_results/cezanne_radeon_vega/syn_memory_converge_atomic/variant_468/variant_468.json
18:33:38.469 INFO  StreamGobblerLogger - stderr.env: ‘interestingness_test’: No such file or directory
18:33:38.469 INFO  ExecHelper - Result: 127
18:33:38.469 INFO  CustomFileJudge - Custom file judge result: 127
18:33:38.469 INFO  ReductionDriver - Result from initial state is not interesting (attempt 4)
18:33:38.606 INFO  ExecHelper - interestingness_test /opt/reduce/cezanne_radeon_vega/syn_memory_converge_atomic/variant_468.comp reduction_results/cezanne_radeon_vega/syn_memory_converge_atomic/variant_468/variant_468.json
18:33:38.608 INFO  StreamGobblerLogger - stderr.env: ‘interestingness_test’: No such file or directory
18:33:38.608 INFO  ExecHelper - Result: 127
18:33:38.608 INFO  CustomFileJudge - Custom file judge result: 127
18:33:38.608 INFO  ReductionDriver - Result from initial state is not interesting (attempt 5)
18:33:38.608 INFO  ReductionDriver - Tried 5 times; stopping.
Reduction command: java -ea -cp /opt/graphicsfuzz/graphicsfuzz/target/graphicsfuzz/python/drivers/../../jar/tool-1.0.jar com.graphicsfuzz.reducer.tool.GlslReduce /opt/reduce/cezanne_radeon_vega/syn_memory_converge_atomic/variant_468.json interestingness_test --output reduction_results/cezanne_radeon_vega/syn_memory_converge_atomic/variant_468 /opt/reduce/cezanne_radeon_vega/syn_memory_converge_atomic/variant_468.comp
