18:19:16.618 INFO  ExecHelper - /opt/graphicsfuzz/graphicsfuzz/target/graphicsfuzz/bin/Linux/glslangValidator -E --stdin -S comp
18:19:16.681 INFO  ExecHelper - Result: 0
18:19:16.958 INFO  ReductionDriver - Starting reduction for variant_412
18:19:17.043 INFO  ExecHelper - interestingness_test /opt/reduce/cezanne_radeon_vega/syn_memory_converge/variant_412.comp reduction_results/cezanne_radeon_vega/syn_memory_converge/variant_412/variant_412.json
18:19:17.044 INFO  StreamGobblerLogger - stderr.env: ‘interestingness_test’: No such file or directory
18:19:17.045 INFO  ExecHelper - Result: 127
18:19:17.045 INFO  CustomFileJudge - Custom file judge result: 127
18:19:17.045 INFO  ReductionDriver - Result from initial state is not interesting (attempt 1)
18:19:17.115 INFO  ExecHelper - interestingness_test /opt/reduce/cezanne_radeon_vega/syn_memory_converge/variant_412.comp reduction_results/cezanne_radeon_vega/syn_memory_converge/variant_412/variant_412.json
18:19:17.117 INFO  StreamGobblerLogger - stderr.env: ‘interestingness_test’: No such file or directory
18:19:17.117 INFO  ExecHelper - Result: 127
18:19:17.118 INFO  CustomFileJudge - Custom file judge result: 127
18:19:17.118 INFO  ReductionDriver - Result from initial state is not interesting (attempt 2)
18:19:17.187 INFO  ExecHelper - interestingness_test /opt/reduce/cezanne_radeon_vega/syn_memory_converge/variant_412.comp reduction_results/cezanne_radeon_vega/syn_memory_converge/variant_412/variant_412.json
18:19:17.189 INFO  StreamGobblerLogger - stderr.env: ‘interestingness_test’: No such file or directory
18:19:17.189 INFO  ExecHelper - Result: 127
18:19:17.189 INFO  CustomFileJudge - Custom file judge result: 127
18:19:17.190 INFO  ReductionDriver - Result from initial state is not interesting (attempt 3)
18:19:17.253 INFO  ExecHelper - interestingness_test /opt/reduce/cezanne_radeon_vega/syn_memory_converge/variant_412.comp reduction_results/cezanne_radeon_vega/syn_memory_converge/variant_412/variant_412.json
18:19:17.254 INFO  StreamGobblerLogger - stderr.env: ‘interestingness_test’: No such file or directory
18:19:17.255 INFO  ExecHelper - Result: 127
18:19:17.255 INFO  CustomFileJudge - Custom file judge result: 127
18:19:17.255 INFO  ReductionDriver - Result from initial state is not interesting (attempt 4)
18:19:17.317 INFO  ExecHelper - interestingness_test /opt/reduce/cezanne_radeon_vega/syn_memory_converge/variant_412.comp reduction_results/cezanne_radeon_vega/syn_memory_converge/variant_412/variant_412.json
18:19:17.318 INFO  StreamGobblerLogger - stderr.env: ‘interestingness_test’: No such file or directory
18:19:17.318 INFO  ExecHelper - Result: 127
18:19:17.319 INFO  CustomFileJudge - Custom file judge result: 127
18:19:17.319 INFO  ReductionDriver - Result from initial state is not interesting (attempt 5)
18:19:17.319 INFO  ReductionDriver - Tried 5 times; stopping.
Reduction command: java -ea -cp /opt/graphicsfuzz/graphicsfuzz/target/graphicsfuzz/python/drivers/../../jar/tool-1.0.jar com.graphicsfuzz.reducer.tool.GlslReduce /opt/reduce/cezanne_radeon_vega/syn_memory_converge/variant_412.json interestingness_test --output reduction_results/cezanne_radeon_vega/syn_memory_converge/variant_412 /opt/reduce/cezanne_radeon_vega/syn_memory_converge/variant_412.comp
