19:37:19.752 INFO  ExecHelper - /opt/graphicsfuzz/graphicsfuzz/target/graphicsfuzz/bin/Linux/glslangValidator -E --stdin -S comp
19:37:19.809 INFO  ExecHelper - Result: 0
19:37:20.108 INFO  ReductionDriver - Starting reduction for variant_788
19:37:20.213 INFO  ExecHelper - interestingness_test /opt/reduce/rtx_4070/syn_memory_converge/variant_788.comp reduction_results/rtx_4070/syn_memory_converge/variant_788/variant_788.json
19:37:20.215 INFO  StreamGobblerLogger - stderr.env: ‘interestingness_test’: No such file or directory
19:37:20.215 INFO  ExecHelper - Result: 127
19:37:20.215 INFO  CustomFileJudge - Custom file judge result: 127
19:37:20.215 INFO  ReductionDriver - Result from initial state is not interesting (attempt 1)
19:37:20.290 INFO  ExecHelper - interestingness_test /opt/reduce/rtx_4070/syn_memory_converge/variant_788.comp reduction_results/rtx_4070/syn_memory_converge/variant_788/variant_788.json
19:37:20.292 INFO  StreamGobblerLogger - stderr.env: ‘interestingness_test’: No such file or directory
19:37:20.292 INFO  ExecHelper - Result: 127
19:37:20.292 INFO  CustomFileJudge - Custom file judge result: 127
19:37:20.292 INFO  ReductionDriver - Result from initial state is not interesting (attempt 2)
19:37:20.363 INFO  ExecHelper - interestingness_test /opt/reduce/rtx_4070/syn_memory_converge/variant_788.comp reduction_results/rtx_4070/syn_memory_converge/variant_788/variant_788.json
19:37:20.364 INFO  StreamGobblerLogger - stderr.env: ‘interestingness_test’: No such file or directory
19:37:20.365 INFO  ExecHelper - Result: 127
19:37:20.365 INFO  CustomFileJudge - Custom file judge result: 127
19:37:20.365 INFO  ReductionDriver - Result from initial state is not interesting (attempt 3)
19:37:20.434 INFO  ExecHelper - interestingness_test /opt/reduce/rtx_4070/syn_memory_converge/variant_788.comp reduction_results/rtx_4070/syn_memory_converge/variant_788/variant_788.json
19:37:20.435 INFO  StreamGobblerLogger - stderr.env: ‘interestingness_test’: No such file or directory
19:37:20.436 INFO  ExecHelper - Result: 127
19:37:20.436 INFO  CustomFileJudge - Custom file judge result: 127
19:37:20.436 INFO  ReductionDriver - Result from initial state is not interesting (attempt 4)
19:37:20.504 INFO  ExecHelper - interestingness_test /opt/reduce/rtx_4070/syn_memory_converge/variant_788.comp reduction_results/rtx_4070/syn_memory_converge/variant_788/variant_788.json
19:37:20.506 INFO  StreamGobblerLogger - stderr.env: ‘interestingness_test’: No such file or directory
19:37:20.507 INFO  ExecHelper - Result: 127
19:37:20.507 INFO  CustomFileJudge - Custom file judge result: 127
19:37:20.507 INFO  ReductionDriver - Result from initial state is not interesting (attempt 5)
19:37:20.507 INFO  ReductionDriver - Tried 5 times; stopping.
Reduction command: java -ea -cp /opt/graphicsfuzz/graphicsfuzz/target/graphicsfuzz/python/drivers/../../jar/tool-1.0.jar com.graphicsfuzz.reducer.tool.GlslReduce /opt/reduce/rtx_4070/syn_memory_converge/variant_788.json interestingness_test --output reduction_results/rtx_4070/syn_memory_converge/variant_788 /opt/reduce/rtx_4070/syn_memory_converge/variant_788.comp
