18:21:01.925 INFO  ExecHelper - /opt/graphicsfuzz/graphicsfuzz/target/graphicsfuzz/bin/Linux/glslangValidator -E --stdin -S comp
18:21:01.975 INFO  ExecHelper - Result: 0
18:21:02.062 INFO  ReductionDriver - Starting reduction for variant_523
18:21:02.072 INFO  ExecHelper - interestingness_test /opt/reduce/cezanne_radeon_vega/syn_memory_converge/variant_523.comp reduction_results/cezanne_radeon_vega/syn_memory_converge/variant_523/variant_523.json
18:21:02.075 INFO  StreamGobblerLogger - stderr.env: ‘interestingness_test’: No such file or directory
18:21:02.075 INFO  ExecHelper - Result: 127
18:21:02.075 INFO  CustomFileJudge - Custom file judge result: 127
18:21:02.076 INFO  ReductionDriver - Result from initial state is not interesting (attempt 1)
18:21:02.079 INFO  ExecHelper - interestingness_test /opt/reduce/cezanne_radeon_vega/syn_memory_converge/variant_523.comp reduction_results/cezanne_radeon_vega/syn_memory_converge/variant_523/variant_523.json
18:21:02.080 INFO  StreamGobblerLogger - stderr.env: ‘interestingness_test’: No such file or directory
18:21:02.081 INFO  ExecHelper - Result: 127
18:21:02.081 INFO  CustomFileJudge - Custom file judge result: 127
18:21:02.081 INFO  ReductionDriver - Result from initial state is not interesting (attempt 2)
18:21:02.084 INFO  ExecHelper - interestingness_test /opt/reduce/cezanne_radeon_vega/syn_memory_converge/variant_523.comp reduction_results/cezanne_radeon_vega/syn_memory_converge/variant_523/variant_523.json
18:21:02.085 INFO  StreamGobblerLogger - stderr.env: ‘interestingness_test’: No such file or directory
18:21:02.086 INFO  ExecHelper - Result: 127
18:21:02.086 INFO  CustomFileJudge - Custom file judge result: 127
18:21:02.086 INFO  ReductionDriver - Result from initial state is not interesting (attempt 3)
18:21:02.088 INFO  ExecHelper - interestingness_test /opt/reduce/cezanne_radeon_vega/syn_memory_converge/variant_523.comp reduction_results/cezanne_radeon_vega/syn_memory_converge/variant_523/variant_523.json
18:21:02.089 INFO  StreamGobblerLogger - stderr.env: ‘interestingness_test’: No such file or directory
18:21:02.089 INFO  ExecHelper - Result: 127
18:21:02.089 INFO  CustomFileJudge - Custom file judge result: 127
18:21:02.089 INFO  ReductionDriver - Result from initial state is not interesting (attempt 4)
18:21:02.091 INFO  ExecHelper - interestingness_test /opt/reduce/cezanne_radeon_vega/syn_memory_converge/variant_523.comp reduction_results/cezanne_radeon_vega/syn_memory_converge/variant_523/variant_523.json
18:21:02.092 INFO  StreamGobblerLogger - stderr.env: ‘interestingness_test’: No such file or directory
18:21:02.093 INFO  ExecHelper - Result: 127
18:21:02.093 INFO  CustomFileJudge - Custom file judge result: 127
18:21:02.093 INFO  ReductionDriver - Result from initial state is not interesting (attempt 5)
18:21:02.093 INFO  ReductionDriver - Tried 5 times; stopping.
Reduction command: java -ea -cp /opt/graphicsfuzz/graphicsfuzz/target/graphicsfuzz/python/drivers/../../jar/tool-1.0.jar com.graphicsfuzz.reducer.tool.GlslReduce /opt/reduce/cezanne_radeon_vega/syn_memory_converge/variant_523.json interestingness_test --output reduction_results/cezanne_radeon_vega/syn_memory_converge/variant_523 /opt/reduce/cezanne_radeon_vega/syn_memory_converge/variant_523.comp
