18:12:36.465 INFO  ExecHelper - /opt/graphicsfuzz/graphicsfuzz/target/graphicsfuzz/bin/Linux/glslangValidator -E --stdin -S comp
18:12:36.563 INFO  ExecHelper - Result: 0
18:12:37.356 INFO  ReductionDriver - Starting reduction for variant_318
18:12:37.390 INFO  ExecHelper - interestingness_test /opt/reduce/cezanne_radeon_vega/syn_lock_step/variant_318.comp reduction_results/cezanne_radeon_vega/syn_lock_step/variant_318/variant_318.json
18:12:37.392 INFO  StreamGobblerLogger - stderr.env: ‘interestingness_test’: No such file or directory
18:12:37.392 INFO  ExecHelper - Result: 127
18:12:37.393 INFO  CustomFileJudge - Custom file judge result: 127
18:12:37.393 INFO  ReductionDriver - Result from initial state is not interesting (attempt 1)
18:12:37.413 INFO  ExecHelper - interestingness_test /opt/reduce/cezanne_radeon_vega/syn_lock_step/variant_318.comp reduction_results/cezanne_radeon_vega/syn_lock_step/variant_318/variant_318.json
18:12:37.414 INFO  StreamGobblerLogger - stderr.env: ‘interestingness_test’: No such file or directory
18:12:37.415 INFO  ExecHelper - Result: 127
18:12:37.415 INFO  CustomFileJudge - Custom file judge result: 127
18:12:37.415 INFO  ReductionDriver - Result from initial state is not interesting (attempt 2)
18:12:37.433 INFO  ExecHelper - interestingness_test /opt/reduce/cezanne_radeon_vega/syn_lock_step/variant_318.comp reduction_results/cezanne_radeon_vega/syn_lock_step/variant_318/variant_318.json
18:12:37.434 INFO  StreamGobblerLogger - stderr.env: ‘interestingness_test’: No such file or directory
18:12:37.434 INFO  ExecHelper - Result: 127
18:12:37.434 INFO  CustomFileJudge - Custom file judge result: 127
18:12:37.434 INFO  ReductionDriver - Result from initial state is not interesting (attempt 3)
18:12:37.452 INFO  ExecHelper - interestingness_test /opt/reduce/cezanne_radeon_vega/syn_lock_step/variant_318.comp reduction_results/cezanne_radeon_vega/syn_lock_step/variant_318/variant_318.json
18:12:37.453 INFO  StreamGobblerLogger - stderr.env: ‘interestingness_test’: No such file or directory
18:12:37.453 INFO  ExecHelper - Result: 127
18:12:37.453 INFO  CustomFileJudge - Custom file judge result: 127
18:12:37.453 INFO  ReductionDriver - Result from initial state is not interesting (attempt 4)
18:12:37.472 INFO  ExecHelper - interestingness_test /opt/reduce/cezanne_radeon_vega/syn_lock_step/variant_318.comp reduction_results/cezanne_radeon_vega/syn_lock_step/variant_318/variant_318.json
18:12:37.473 INFO  StreamGobblerLogger - stderr.env: ‘interestingness_test’: No such file or directory
18:12:37.473 INFO  ExecHelper - Result: 127
18:12:37.473 INFO  CustomFileJudge - Custom file judge result: 127
18:12:37.473 INFO  ReductionDriver - Result from initial state is not interesting (attempt 5)
18:12:37.473 INFO  ReductionDriver - Tried 5 times; stopping.
Reduction command: java -ea -cp /opt/graphicsfuzz/graphicsfuzz/target/graphicsfuzz/python/drivers/../../jar/tool-1.0.jar com.graphicsfuzz.reducer.tool.GlslReduce /opt/reduce/cezanne_radeon_vega/syn_lock_step/variant_318.json interestingness_test --output reduction_results/cezanne_radeon_vega/syn_lock_step/variant_318 /opt/reduce/cezanne_radeon_vega/syn_lock_step/variant_318.comp
