18:21:24.595 INFO  ExecHelper - /opt/graphicsfuzz/graphicsfuzz/target/graphicsfuzz/bin/Linux/glslangValidator -E --stdin -S comp
18:21:24.646 INFO  ExecHelper - Result: 0
18:21:24.705 INFO  ReductionDriver - Starting reduction for variant_549
18:21:24.711 INFO  ExecHelper - interestingness_test /opt/reduce/cezanne_radeon_vega/syn_memory_converge/variant_549.comp reduction_results/cezanne_radeon_vega/syn_memory_converge/variant_549/variant_549.json
18:21:24.712 INFO  StreamGobblerLogger - stderr.env: ‘interestingness_test’: No such file or directory
18:21:24.713 INFO  ExecHelper - Result: 127
18:21:24.713 INFO  CustomFileJudge - Custom file judge result: 127
18:21:24.713 INFO  ReductionDriver - Result from initial state is not interesting (attempt 1)
18:21:24.714 INFO  ExecHelper - interestingness_test /opt/reduce/cezanne_radeon_vega/syn_memory_converge/variant_549.comp reduction_results/cezanne_radeon_vega/syn_memory_converge/variant_549/variant_549.json
18:21:24.715 INFO  StreamGobblerLogger - stderr.env: ‘interestingness_test’: No such file or directory
18:21:24.715 INFO  ExecHelper - Result: 127
18:21:24.715 INFO  CustomFileJudge - Custom file judge result: 127
18:21:24.715 INFO  ReductionDriver - Result from initial state is not interesting (attempt 2)
18:21:24.716 INFO  ExecHelper - interestingness_test /opt/reduce/cezanne_radeon_vega/syn_memory_converge/variant_549.comp reduction_results/cezanne_radeon_vega/syn_memory_converge/variant_549/variant_549.json
18:21:24.717 INFO  StreamGobblerLogger - stderr.env: ‘interestingness_test’: No such file or directory
18:21:24.718 INFO  ExecHelper - Result: 127
18:21:24.718 INFO  CustomFileJudge - Custom file judge result: 127
18:21:24.718 INFO  ReductionDriver - Result from initial state is not interesting (attempt 3)
18:21:24.719 INFO  ExecHelper - interestingness_test /opt/reduce/cezanne_radeon_vega/syn_memory_converge/variant_549.comp reduction_results/cezanne_radeon_vega/syn_memory_converge/variant_549/variant_549.json
18:21:24.719 INFO  StreamGobblerLogger - stderr.env: ‘interestingness_test’: No such file or directory
18:21:24.720 INFO  ExecHelper - Result: 127
18:21:24.720 INFO  CustomFileJudge - Custom file judge result: 127
18:21:24.720 INFO  ReductionDriver - Result from initial state is not interesting (attempt 4)
18:21:24.721 INFO  ExecHelper - interestingness_test /opt/reduce/cezanne_radeon_vega/syn_memory_converge/variant_549.comp reduction_results/cezanne_radeon_vega/syn_memory_converge/variant_549/variant_549.json
18:21:24.721 INFO  StreamGobblerLogger - stderr.env: ‘interestingness_test’: No such file or directory
18:21:24.722 INFO  ExecHelper - Result: 127
18:21:24.722 INFO  CustomFileJudge - Custom file judge result: 127
18:21:24.722 INFO  ReductionDriver - Result from initial state is not interesting (attempt 5)
18:21:24.722 INFO  ReductionDriver - Tried 5 times; stopping.
Reduction command: java -ea -cp /opt/graphicsfuzz/graphicsfuzz/target/graphicsfuzz/python/drivers/../../jar/tool-1.0.jar com.graphicsfuzz.reducer.tool.GlslReduce /opt/reduce/cezanne_radeon_vega/syn_memory_converge/variant_549.json interestingness_test --output reduction_results/cezanne_radeon_vega/syn_memory_converge/variant_549 /opt/reduce/cezanne_radeon_vega/syn_memory_converge/variant_549.comp
