18:46:24.949 INFO  ExecHelper - /opt/graphicsfuzz/graphicsfuzz/target/graphicsfuzz/bin/Linux/glslangValidator -E --stdin -S comp
18:46:25.019 INFO  ExecHelper - Result: 0
18:46:25.701 INFO  ReductionDriver - Starting reduction for variant_523
18:46:25.719 INFO  ExecHelper - interestingness_test /opt/reduce/intel_iris_xe_graphics/syn_branch_syn_release/variant_523.comp reduction_results/intel_iris_xe_graphics/syn_branch_syn_release/variant_523/variant_523.json
18:46:25.721 INFO  StreamGobblerLogger - stderr.env: ‘interestingness_test’: No such file or directory
18:46:25.722 INFO  ExecHelper - Result: 127
18:46:25.722 INFO  CustomFileJudge - Custom file judge result: 127
18:46:25.722 INFO  ReductionDriver - Result from initial state is not interesting (attempt 1)
18:46:25.731 INFO  ExecHelper - interestingness_test /opt/reduce/intel_iris_xe_graphics/syn_branch_syn_release/variant_523.comp reduction_results/intel_iris_xe_graphics/syn_branch_syn_release/variant_523/variant_523.json
18:46:25.733 INFO  StreamGobblerLogger - stderr.env: ‘interestingness_test’: No such file or directory
18:46:25.734 INFO  ExecHelper - Result: 127
18:46:25.734 INFO  CustomFileJudge - Custom file judge result: 127
18:46:25.734 INFO  ReductionDriver - Result from initial state is not interesting (attempt 2)
18:46:25.748 INFO  ExecHelper - interestingness_test /opt/reduce/intel_iris_xe_graphics/syn_branch_syn_release/variant_523.comp reduction_results/intel_iris_xe_graphics/syn_branch_syn_release/variant_523/variant_523.json
18:46:25.750 INFO  StreamGobblerLogger - stderr.env: ‘interestingness_test’: No such file or directory
18:46:25.750 INFO  ExecHelper - Result: 127
18:46:25.750 INFO  CustomFileJudge - Custom file judge result: 127
18:46:25.750 INFO  ReductionDriver - Result from initial state is not interesting (attempt 3)
18:46:25.758 INFO  ExecHelper - interestingness_test /opt/reduce/intel_iris_xe_graphics/syn_branch_syn_release/variant_523.comp reduction_results/intel_iris_xe_graphics/syn_branch_syn_release/variant_523/variant_523.json
18:46:25.759 INFO  StreamGobblerLogger - stderr.env: ‘interestingness_test’: No such file or directory
18:46:25.759 INFO  ExecHelper - Result: 127
18:46:25.759 INFO  CustomFileJudge - Custom file judge result: 127
18:46:25.759 INFO  ReductionDriver - Result from initial state is not interesting (attempt 4)
18:46:25.766 INFO  ExecHelper - interestingness_test /opt/reduce/intel_iris_xe_graphics/syn_branch_syn_release/variant_523.comp reduction_results/intel_iris_xe_graphics/syn_branch_syn_release/variant_523/variant_523.json
18:46:25.767 INFO  StreamGobblerLogger - stderr.env: ‘interestingness_test’: No such file or directory
18:46:25.767 INFO  ExecHelper - Result: 127
18:46:25.767 INFO  CustomFileJudge - Custom file judge result: 127
18:46:25.767 INFO  ReductionDriver - Result from initial state is not interesting (attempt 5)
18:46:25.767 INFO  ReductionDriver - Tried 5 times; stopping.
Reduction command: java -ea -cp /opt/graphicsfuzz/graphicsfuzz/target/graphicsfuzz/python/drivers/../../jar/tool-1.0.jar com.graphicsfuzz.reducer.tool.GlslReduce /opt/reduce/intel_iris_xe_graphics/syn_branch_syn_release/variant_523.json interestingness_test --output reduction_results/intel_iris_xe_graphics/syn_branch_syn_release/variant_523 /opt/reduce/intel_iris_xe_graphics/syn_branch_syn_release/variant_523.comp
