19:15:01.014 INFO  ExecHelper - /opt/graphicsfuzz/graphicsfuzz/target/graphicsfuzz/bin/Linux/glslangValidator -E --stdin -S comp
19:15:01.060 INFO  ExecHelper - Result: 0
19:15:01.118 INFO  ReductionDriver - Starting reduction for variant_727
19:15:01.124 INFO  ExecHelper - interestingness_test /opt/reduce/intel_iris_xe_graphics/syn_memory_converge_atomic/variant_727.comp reduction_results/intel_iris_xe_graphics/syn_memory_converge_atomic/variant_727/variant_727.json
19:15:01.125 INFO  StreamGobblerLogger - stderr.env: ‘interestingness_test’: No such file or directory
19:15:01.126 INFO  ExecHelper - Result: 127
19:15:01.126 INFO  CustomFileJudge - Custom file judge result: 127
19:15:01.126 INFO  ReductionDriver - Result from initial state is not interesting (attempt 1)
19:15:01.127 INFO  ExecHelper - interestingness_test /opt/reduce/intel_iris_xe_graphics/syn_memory_converge_atomic/variant_727.comp reduction_results/intel_iris_xe_graphics/syn_memory_converge_atomic/variant_727/variant_727.json
19:15:01.128 INFO  StreamGobblerLogger - stderr.env: ‘interestingness_test’: No such file or directory
19:15:01.128 INFO  ExecHelper - Result: 127
19:15:01.128 INFO  CustomFileJudge - Custom file judge result: 127
19:15:01.128 INFO  ReductionDriver - Result from initial state is not interesting (attempt 2)
19:15:01.129 INFO  ExecHelper - interestingness_test /opt/reduce/intel_iris_xe_graphics/syn_memory_converge_atomic/variant_727.comp reduction_results/intel_iris_xe_graphics/syn_memory_converge_atomic/variant_727/variant_727.json
19:15:01.130 INFO  StreamGobblerLogger - stderr.env: ‘interestingness_test’: No such file or directory
19:15:01.130 INFO  ExecHelper - Result: 127
19:15:01.130 INFO  CustomFileJudge - Custom file judge result: 127
19:15:01.130 INFO  ReductionDriver - Result from initial state is not interesting (attempt 3)
19:15:01.131 INFO  ExecHelper - interestingness_test /opt/reduce/intel_iris_xe_graphics/syn_memory_converge_atomic/variant_727.comp reduction_results/intel_iris_xe_graphics/syn_memory_converge_atomic/variant_727/variant_727.json
19:15:01.132 INFO  StreamGobblerLogger - stderr.env: ‘interestingness_test’: No such file or directory
19:15:01.132 INFO  ExecHelper - Result: 127
19:15:01.133 INFO  CustomFileJudge - Custom file judge result: 127
19:15:01.133 INFO  ReductionDriver - Result from initial state is not interesting (attempt 4)
19:15:01.133 INFO  ExecHelper - interestingness_test /opt/reduce/intel_iris_xe_graphics/syn_memory_converge_atomic/variant_727.comp reduction_results/intel_iris_xe_graphics/syn_memory_converge_atomic/variant_727/variant_727.json
19:15:01.134 INFO  StreamGobblerLogger - stderr.env: ‘interestingness_test’: No such file or directory
19:15:01.135 INFO  ExecHelper - Result: 127
19:15:01.135 INFO  CustomFileJudge - Custom file judge result: 127
19:15:01.135 INFO  ReductionDriver - Result from initial state is not interesting (attempt 5)
19:15:01.135 INFO  ReductionDriver - Tried 5 times; stopping.
Reduction command: java -ea -cp /opt/graphicsfuzz/graphicsfuzz/target/graphicsfuzz/python/drivers/../../jar/tool-1.0.jar com.graphicsfuzz.reducer.tool.GlslReduce /opt/reduce/intel_iris_xe_graphics/syn_memory_converge_atomic/variant_727.json interestingness_test --output reduction_results/intel_iris_xe_graphics/syn_memory_converge_atomic/variant_727 /opt/reduce/intel_iris_xe_graphics/syn_memory_converge_atomic/variant_727.comp
