18:32:22.564 INFO  ExecHelper - /opt/graphicsfuzz/graphicsfuzz/target/graphicsfuzz/bin/Linux/glslangValidator -E --stdin -S comp
18:32:22.817 INFO  ExecHelper - Result: 0
18:32:23.337 INFO  ReductionDriver - Starting reduction for variant_370
18:32:23.351 INFO  ExecHelper - interestingness_test /opt/reduce/cezanne_radeon_vega/syn_memory_converge_atomic/variant_370.comp reduction_results/cezanne_radeon_vega/syn_memory_converge_atomic/variant_370/variant_370.json
18:32:23.352 INFO  StreamGobblerLogger - stderr.env: ‘interestingness_test’: No such file or directory
18:32:23.353 INFO  ExecHelper - Result: 127
18:32:23.353 INFO  CustomFileJudge - Custom file judge result: 127
18:32:23.353 INFO  ReductionDriver - Result from initial state is not interesting (attempt 1)
18:32:23.358 INFO  ExecHelper - interestingness_test /opt/reduce/cezanne_radeon_vega/syn_memory_converge_atomic/variant_370.comp reduction_results/cezanne_radeon_vega/syn_memory_converge_atomic/variant_370/variant_370.json
18:32:23.359 INFO  StreamGobblerLogger - stderr.env: ‘interestingness_test’: No such file or directory
18:32:23.359 INFO  ExecHelper - Result: 127
18:32:23.359 INFO  CustomFileJudge - Custom file judge result: 127
18:32:23.359 INFO  ReductionDriver - Result from initial state is not interesting (attempt 2)
18:32:23.363 INFO  ExecHelper - interestingness_test /opt/reduce/cezanne_radeon_vega/syn_memory_converge_atomic/variant_370.comp reduction_results/cezanne_radeon_vega/syn_memory_converge_atomic/variant_370/variant_370.json
18:32:23.364 INFO  StreamGobblerLogger - stderr.env: ‘interestingness_test’: No such file or directory
18:32:23.365 INFO  ExecHelper - Result: 127
18:32:23.365 INFO  CustomFileJudge - Custom file judge result: 127
18:32:23.365 INFO  ReductionDriver - Result from initial state is not interesting (attempt 3)
18:32:23.369 INFO  ExecHelper - interestingness_test /opt/reduce/cezanne_radeon_vega/syn_memory_converge_atomic/variant_370.comp reduction_results/cezanne_radeon_vega/syn_memory_converge_atomic/variant_370/variant_370.json
18:32:23.370 INFO  StreamGobblerLogger - stderr.env: ‘interestingness_test’: No such file or directory
18:32:23.370 INFO  ExecHelper - Result: 127
18:32:23.370 INFO  CustomFileJudge - Custom file judge result: 127
18:32:23.370 INFO  ReductionDriver - Result from initial state is not interesting (attempt 4)
18:32:23.374 INFO  ExecHelper - interestingness_test /opt/reduce/cezanne_radeon_vega/syn_memory_converge_atomic/variant_370.comp reduction_results/cezanne_radeon_vega/syn_memory_converge_atomic/variant_370/variant_370.json
18:32:23.376 INFO  StreamGobblerLogger - stderr.env: ‘interestingness_test’: No such file or directory
18:32:23.376 INFO  ExecHelper - Result: 127
18:32:23.376 INFO  CustomFileJudge - Custom file judge result: 127
18:32:23.376 INFO  ReductionDriver - Result from initial state is not interesting (attempt 5)
18:32:23.376 INFO  ReductionDriver - Tried 5 times; stopping.
Reduction command: java -ea -cp /opt/graphicsfuzz/graphicsfuzz/target/graphicsfuzz/python/drivers/../../jar/tool-1.0.jar com.graphicsfuzz.reducer.tool.GlslReduce /opt/reduce/cezanne_radeon_vega/syn_memory_converge_atomic/variant_370.json interestingness_test --output reduction_results/cezanne_radeon_vega/syn_memory_converge_atomic/variant_370 /opt/reduce/cezanne_radeon_vega/syn_memory_converge_atomic/variant_370.comp
