18:44:10.638 INFO  ExecHelper - /opt/graphicsfuzz/graphicsfuzz/target/graphicsfuzz/bin/Linux/glslangValidator -E --stdin -S comp
18:44:10.696 INFO  ExecHelper - Result: 0
18:44:11.025 INFO  ReductionDriver - Starting reduction for variant_629
18:44:11.147 INFO  ExecHelper - interestingness_test /opt/reduce/intel_iris_xe_graphics/syn_branch_syn/variant_629.comp reduction_results/intel_iris_xe_graphics/syn_branch_syn/variant_629/variant_629.json
18:44:11.150 INFO  StreamGobblerLogger - stderr.env: ‘interestingness_test’: No such file or directory
18:44:11.150 INFO  ExecHelper - Result: 127
18:44:11.150 INFO  CustomFileJudge - Custom file judge result: 127
18:44:11.150 INFO  ReductionDriver - Result from initial state is not interesting (attempt 1)
18:44:11.252 INFO  ExecHelper - interestingness_test /opt/reduce/intel_iris_xe_graphics/syn_branch_syn/variant_629.comp reduction_results/intel_iris_xe_graphics/syn_branch_syn/variant_629/variant_629.json
18:44:11.254 INFO  StreamGobblerLogger - stderr.env: ‘interestingness_test’: No such file or directory
18:44:11.254 INFO  ExecHelper - Result: 127
18:44:11.254 INFO  CustomFileJudge - Custom file judge result: 127
18:44:11.254 INFO  ReductionDriver - Result from initial state is not interesting (attempt 2)
18:44:11.358 INFO  ExecHelper - interestingness_test /opt/reduce/intel_iris_xe_graphics/syn_branch_syn/variant_629.comp reduction_results/intel_iris_xe_graphics/syn_branch_syn/variant_629/variant_629.json
18:44:11.360 INFO  StreamGobblerLogger - stderr.env: ‘interestingness_test’: No such file or directory
18:44:11.361 INFO  ExecHelper - Result: 127
18:44:11.361 INFO  CustomFileJudge - Custom file judge result: 127
18:44:11.361 INFO  ReductionDriver - Result from initial state is not interesting (attempt 3)
18:44:11.456 INFO  ExecHelper - interestingness_test /opt/reduce/intel_iris_xe_graphics/syn_branch_syn/variant_629.comp reduction_results/intel_iris_xe_graphics/syn_branch_syn/variant_629/variant_629.json
18:44:11.458 INFO  StreamGobblerLogger - stderr.env: ‘interestingness_test’: No such file or directory
18:44:11.458 INFO  ExecHelper - Result: 127
18:44:11.458 INFO  CustomFileJudge - Custom file judge result: 127
18:44:11.458 INFO  ReductionDriver - Result from initial state is not interesting (attempt 4)
18:44:11.551 INFO  ExecHelper - interestingness_test /opt/reduce/intel_iris_xe_graphics/syn_branch_syn/variant_629.comp reduction_results/intel_iris_xe_graphics/syn_branch_syn/variant_629/variant_629.json
18:44:11.553 INFO  StreamGobblerLogger - stderr.env: ‘interestingness_test’: No such file or directory
18:44:11.553 INFO  ExecHelper - Result: 127
18:44:11.554 INFO  CustomFileJudge - Custom file judge result: 127
18:44:11.554 INFO  ReductionDriver - Result from initial state is not interesting (attempt 5)
18:44:11.554 INFO  ReductionDriver - Tried 5 times; stopping.
Reduction command: java -ea -cp /opt/graphicsfuzz/graphicsfuzz/target/graphicsfuzz/python/drivers/../../jar/tool-1.0.jar com.graphicsfuzz.reducer.tool.GlslReduce /opt/reduce/intel_iris_xe_graphics/syn_branch_syn/variant_629.json interestingness_test --output reduction_results/intel_iris_xe_graphics/syn_branch_syn/variant_629 /opt/reduce/intel_iris_xe_graphics/syn_branch_syn/variant_629.comp
