18:52:54.583 INFO  ExecHelper - /opt/graphicsfuzz/graphicsfuzz/target/graphicsfuzz/bin/Linux/glslangValidator -E --stdin -S comp
18:52:54.642 INFO  ExecHelper - Result: 0
18:52:55.421 INFO  ReductionDriver - Starting reduction for variant_214
18:52:55.539 INFO  ExecHelper - interestingness_test /opt/reduce/intel_iris_xe_graphics/syn_memory_converge/variant_214.comp reduction_results/intel_iris_xe_graphics/syn_memory_converge/variant_214/variant_214.json
18:52:55.541 INFO  StreamGobblerLogger - stderr.env: ‘interestingness_test’: No such file or directory
18:52:55.542 INFO  ExecHelper - Result: 127
18:52:55.542 INFO  CustomFileJudge - Custom file judge result: 127
18:52:55.542 INFO  ReductionDriver - Result from initial state is not interesting (attempt 1)
18:52:55.646 INFO  ExecHelper - interestingness_test /opt/reduce/intel_iris_xe_graphics/syn_memory_converge/variant_214.comp reduction_results/intel_iris_xe_graphics/syn_memory_converge/variant_214/variant_214.json
18:52:55.648 INFO  StreamGobblerLogger - stderr.env: ‘interestingness_test’: No such file or directory
18:52:55.648 INFO  ExecHelper - Result: 127
18:52:55.648 INFO  CustomFileJudge - Custom file judge result: 127
18:52:55.648 INFO  ReductionDriver - Result from initial state is not interesting (attempt 2)
18:52:55.759 INFO  ExecHelper - interestingness_test /opt/reduce/intel_iris_xe_graphics/syn_memory_converge/variant_214.comp reduction_results/intel_iris_xe_graphics/syn_memory_converge/variant_214/variant_214.json
18:52:55.761 INFO  StreamGobblerLogger - stderr.env: ‘interestingness_test’: No such file or directory
18:52:55.761 INFO  ExecHelper - Result: 127
18:52:55.761 INFO  CustomFileJudge - Custom file judge result: 127
18:52:55.761 INFO  ReductionDriver - Result from initial state is not interesting (attempt 3)
18:52:55.860 INFO  ExecHelper - interestingness_test /opt/reduce/intel_iris_xe_graphics/syn_memory_converge/variant_214.comp reduction_results/intel_iris_xe_graphics/syn_memory_converge/variant_214/variant_214.json
18:52:55.861 INFO  StreamGobblerLogger - stderr.env: ‘interestingness_test’: No such file or directory
18:52:55.862 INFO  ExecHelper - Result: 127
18:52:55.862 INFO  CustomFileJudge - Custom file judge result: 127
18:52:55.862 INFO  ReductionDriver - Result from initial state is not interesting (attempt 4)
18:52:55.961 INFO  ExecHelper - interestingness_test /opt/reduce/intel_iris_xe_graphics/syn_memory_converge/variant_214.comp reduction_results/intel_iris_xe_graphics/syn_memory_converge/variant_214/variant_214.json
18:52:55.963 INFO  StreamGobblerLogger - stderr.env: ‘interestingness_test’: No such file or directory
18:52:55.964 INFO  ExecHelper - Result: 127
18:52:55.964 INFO  CustomFileJudge - Custom file judge result: 127
18:52:55.964 INFO  ReductionDriver - Result from initial state is not interesting (attempt 5)
18:52:55.964 INFO  ReductionDriver - Tried 5 times; stopping.
Reduction command: java -ea -cp /opt/graphicsfuzz/graphicsfuzz/target/graphicsfuzz/python/drivers/../../jar/tool-1.0.jar com.graphicsfuzz.reducer.tool.GlslReduce /opt/reduce/intel_iris_xe_graphics/syn_memory_converge/variant_214.json interestingness_test --output reduction_results/intel_iris_xe_graphics/syn_memory_converge/variant_214 /opt/reduce/intel_iris_xe_graphics/syn_memory_converge/variant_214.comp
