18:53:08.952 INFO  ExecHelper - /opt/graphicsfuzz/graphicsfuzz/target/graphicsfuzz/bin/Linux/glslangValidator -E --stdin -S comp
18:53:09.008 INFO  ExecHelper - Result: 0
18:53:09.064 INFO  ReductionDriver - Starting reduction for variant_231
18:53:09.069 INFO  ExecHelper - interestingness_test /opt/reduce/intel_iris_xe_graphics/syn_memory_converge/variant_231.comp reduction_results/intel_iris_xe_graphics/syn_memory_converge/variant_231/variant_231.json
18:53:09.070 INFO  StreamGobblerLogger - stderr.env: ‘interestingness_test’: No such file or directory
18:53:09.070 INFO  ExecHelper - Result: 127
18:53:09.071 INFO  CustomFileJudge - Custom file judge result: 127
18:53:09.071 INFO  ReductionDriver - Result from initial state is not interesting (attempt 1)
18:53:09.072 INFO  ExecHelper - interestingness_test /opt/reduce/intel_iris_xe_graphics/syn_memory_converge/variant_231.comp reduction_results/intel_iris_xe_graphics/syn_memory_converge/variant_231/variant_231.json
18:53:09.073 INFO  StreamGobblerLogger - stderr.env: ‘interestingness_test’: No such file or directory
18:53:09.073 INFO  ExecHelper - Result: 127
18:53:09.073 INFO  CustomFileJudge - Custom file judge result: 127
18:53:09.073 INFO  ReductionDriver - Result from initial state is not interesting (attempt 2)
18:53:09.074 INFO  ExecHelper - interestingness_test /opt/reduce/intel_iris_xe_graphics/syn_memory_converge/variant_231.comp reduction_results/intel_iris_xe_graphics/syn_memory_converge/variant_231/variant_231.json
18:53:09.075 INFO  StreamGobblerLogger - stderr.env: ‘interestingness_test’: No such file or directory
18:53:09.075 INFO  ExecHelper - Result: 127
18:53:09.076 INFO  CustomFileJudge - Custom file judge result: 127
18:53:09.076 INFO  ReductionDriver - Result from initial state is not interesting (attempt 3)
18:53:09.076 INFO  ExecHelper - interestingness_test /opt/reduce/intel_iris_xe_graphics/syn_memory_converge/variant_231.comp reduction_results/intel_iris_xe_graphics/syn_memory_converge/variant_231/variant_231.json
18:53:09.077 INFO  StreamGobblerLogger - stderr.env: ‘interestingness_test’: No such file or directory
18:53:09.077 INFO  ExecHelper - Result: 127
18:53:09.077 INFO  CustomFileJudge - Custom file judge result: 127
18:53:09.077 INFO  ReductionDriver - Result from initial state is not interesting (attempt 4)
18:53:09.078 INFO  ExecHelper - interestingness_test /opt/reduce/intel_iris_xe_graphics/syn_memory_converge/variant_231.comp reduction_results/intel_iris_xe_graphics/syn_memory_converge/variant_231/variant_231.json
18:53:09.079 INFO  StreamGobblerLogger - stderr.env: ‘interestingness_test’: No such file or directory
18:53:09.079 INFO  ExecHelper - Result: 127
18:53:09.080 INFO  CustomFileJudge - Custom file judge result: 127
18:53:09.080 INFO  ReductionDriver - Result from initial state is not interesting (attempt 5)
18:53:09.080 INFO  ReductionDriver - Tried 5 times; stopping.
Reduction command: java -ea -cp /opt/graphicsfuzz/graphicsfuzz/target/graphicsfuzz/python/drivers/../../jar/tool-1.0.jar com.graphicsfuzz.reducer.tool.GlslReduce /opt/reduce/intel_iris_xe_graphics/syn_memory_converge/variant_231.json interestingness_test --output reduction_results/intel_iris_xe_graphics/syn_memory_converge/variant_231 /opt/reduce/intel_iris_xe_graphics/syn_memory_converge/variant_231.comp
