18:26:54.231 INFO  ExecHelper - /opt/graphicsfuzz/graphicsfuzz/target/graphicsfuzz/bin/Linux/glslangValidator -E --stdin -S comp
18:26:54.278 INFO  ExecHelper - Result: 0
18:26:54.335 INFO  ReductionDriver - Starting reduction for variant_973
18:26:54.339 INFO  ExecHelper - interestingness_test /opt/reduce/cezanne_radeon_vega/syn_memory_converge/variant_973.comp reduction_results/cezanne_radeon_vega/syn_memory_converge/variant_973/variant_973.json
18:26:54.341 INFO  StreamGobblerLogger - stderr.env: ‘interestingness_test’: No such file or directory
18:26:54.342 INFO  ExecHelper - Result: 127
18:26:54.342 INFO  CustomFileJudge - Custom file judge result: 127
18:26:54.342 INFO  ReductionDriver - Result from initial state is not interesting (attempt 1)
18:26:54.343 INFO  ExecHelper - interestingness_test /opt/reduce/cezanne_radeon_vega/syn_memory_converge/variant_973.comp reduction_results/cezanne_radeon_vega/syn_memory_converge/variant_973/variant_973.json
18:26:54.344 INFO  StreamGobblerLogger - stderr.env: ‘interestingness_test’: No such file or directory
18:26:54.345 INFO  ExecHelper - Result: 127
18:26:54.345 INFO  CustomFileJudge - Custom file judge result: 127
18:26:54.345 INFO  ReductionDriver - Result from initial state is not interesting (attempt 2)
18:26:54.346 INFO  ExecHelper - interestingness_test /opt/reduce/cezanne_radeon_vega/syn_memory_converge/variant_973.comp reduction_results/cezanne_radeon_vega/syn_memory_converge/variant_973/variant_973.json
18:26:54.347 INFO  StreamGobblerLogger - stderr.env: ‘interestingness_test’: No such file or directory
18:26:54.347 INFO  ExecHelper - Result: 127
18:26:54.347 INFO  CustomFileJudge - Custom file judge result: 127
18:26:54.347 INFO  ReductionDriver - Result from initial state is not interesting (attempt 3)
18:26:54.348 INFO  ExecHelper - interestingness_test /opt/reduce/cezanne_radeon_vega/syn_memory_converge/variant_973.comp reduction_results/cezanne_radeon_vega/syn_memory_converge/variant_973/variant_973.json
18:26:54.349 INFO  StreamGobblerLogger - stderr.env: ‘interestingness_test’: No such file or directory
18:26:54.349 INFO  ExecHelper - Result: 127
18:26:54.349 INFO  CustomFileJudge - Custom file judge result: 127
18:26:54.349 INFO  ReductionDriver - Result from initial state is not interesting (attempt 4)
18:26:54.350 INFO  ExecHelper - interestingness_test /opt/reduce/cezanne_radeon_vega/syn_memory_converge/variant_973.comp reduction_results/cezanne_radeon_vega/syn_memory_converge/variant_973/variant_973.json
18:26:54.350 INFO  StreamGobblerLogger - stderr.env: ‘interestingness_test’: No such file or directory
18:26:54.351 INFO  ExecHelper - Result: 127
18:26:54.351 INFO  CustomFileJudge - Custom file judge result: 127
18:26:54.351 INFO  ReductionDriver - Result from initial state is not interesting (attempt 5)
18:26:54.351 INFO  ReductionDriver - Tried 5 times; stopping.
Reduction command: java -ea -cp /opt/graphicsfuzz/graphicsfuzz/target/graphicsfuzz/python/drivers/../../jar/tool-1.0.jar com.graphicsfuzz.reducer.tool.GlslReduce /opt/reduce/cezanne_radeon_vega/syn_memory_converge/variant_973.json interestingness_test --output reduction_results/cezanne_radeon_vega/syn_memory_converge/variant_973 /opt/reduce/cezanne_radeon_vega/syn_memory_converge/variant_973.comp
