18:18:58.251 INFO  ExecHelper - /opt/graphicsfuzz/graphicsfuzz/target/graphicsfuzz/bin/Linux/glslangValidator -E --stdin -S comp
18:18:58.301 INFO  ExecHelper - Result: 0
18:18:58.390 INFO  ReductionDriver - Starting reduction for variant_392
18:18:58.399 INFO  ExecHelper - interestingness_test /opt/reduce/cezanne_radeon_vega/syn_memory_converge/variant_392.comp reduction_results/cezanne_radeon_vega/syn_memory_converge/variant_392/variant_392.json
18:18:58.401 INFO  StreamGobblerLogger - stderr.env: ‘interestingness_test’: No such file or directory
18:18:58.401 INFO  ExecHelper - Result: 127
18:18:58.401 INFO  CustomFileJudge - Custom file judge result: 127
18:18:58.401 INFO  ReductionDriver - Result from initial state is not interesting (attempt 1)
18:18:58.403 INFO  ExecHelper - interestingness_test /opt/reduce/cezanne_radeon_vega/syn_memory_converge/variant_392.comp reduction_results/cezanne_radeon_vega/syn_memory_converge/variant_392/variant_392.json
18:18:58.404 INFO  StreamGobblerLogger - stderr.env: ‘interestingness_test’: No such file or directory
18:18:58.405 INFO  ExecHelper - Result: 127
18:18:58.405 INFO  CustomFileJudge - Custom file judge result: 127
18:18:58.405 INFO  ReductionDriver - Result from initial state is not interesting (attempt 2)
18:18:58.408 INFO  ExecHelper - interestingness_test /opt/reduce/cezanne_radeon_vega/syn_memory_converge/variant_392.comp reduction_results/cezanne_radeon_vega/syn_memory_converge/variant_392/variant_392.json
18:18:58.410 INFO  StreamGobblerLogger - stderr.env: ‘interestingness_test’: No such file or directory
18:18:58.410 INFO  ExecHelper - Result: 127
18:18:58.410 INFO  CustomFileJudge - Custom file judge result: 127
18:18:58.410 INFO  ReductionDriver - Result from initial state is not interesting (attempt 3)
18:18:58.414 INFO  ExecHelper - interestingness_test /opt/reduce/cezanne_radeon_vega/syn_memory_converge/variant_392.comp reduction_results/cezanne_radeon_vega/syn_memory_converge/variant_392/variant_392.json
18:18:58.415 INFO  StreamGobblerLogger - stderr.env: ‘interestingness_test’: No such file or directory
18:18:58.415 INFO  ExecHelper - Result: 127
18:18:58.415 INFO  CustomFileJudge - Custom file judge result: 127
18:18:58.415 INFO  ReductionDriver - Result from initial state is not interesting (attempt 4)
18:18:58.417 INFO  ExecHelper - interestingness_test /opt/reduce/cezanne_radeon_vega/syn_memory_converge/variant_392.comp reduction_results/cezanne_radeon_vega/syn_memory_converge/variant_392/variant_392.json
18:18:58.418 INFO  StreamGobblerLogger - stderr.env: ‘interestingness_test’: No such file or directory
18:18:58.419 INFO  ExecHelper - Result: 127
18:18:58.419 INFO  CustomFileJudge - Custom file judge result: 127
18:18:58.419 INFO  ReductionDriver - Result from initial state is not interesting (attempt 5)
18:18:58.419 INFO  ReductionDriver - Tried 5 times; stopping.
Reduction command: java -ea -cp /opt/graphicsfuzz/graphicsfuzz/target/graphicsfuzz/python/drivers/../../jar/tool-1.0.jar com.graphicsfuzz.reducer.tool.GlslReduce /opt/reduce/cezanne_radeon_vega/syn_memory_converge/variant_392.json interestingness_test --output reduction_results/cezanne_radeon_vega/syn_memory_converge/variant_392 /opt/reduce/cezanne_radeon_vega/syn_memory_converge/variant_392.comp
