18:54:34.400 INFO  ExecHelper - /opt/graphicsfuzz/graphicsfuzz/target/graphicsfuzz/bin/Linux/glslangValidator -E --stdin -S comp
18:54:34.455 INFO  ExecHelper - Result: 0
18:54:34.883 INFO  ReductionDriver - Starting reduction for variant_317
18:54:34.989 INFO  ExecHelper - interestingness_test /opt/reduce/intel_iris_xe_graphics/syn_memory_converge/variant_317.comp reduction_results/intel_iris_xe_graphics/syn_memory_converge/variant_317/variant_317.json
18:54:34.991 INFO  StreamGobblerLogger - stderr.env: ‘interestingness_test’: No such file or directory
18:54:34.991 INFO  ExecHelper - Result: 127
18:54:34.991 INFO  CustomFileJudge - Custom file judge result: 127
18:54:34.991 INFO  ReductionDriver - Result from initial state is not interesting (attempt 1)
18:54:35.075 INFO  ExecHelper - interestingness_test /opt/reduce/intel_iris_xe_graphics/syn_memory_converge/variant_317.comp reduction_results/intel_iris_xe_graphics/syn_memory_converge/variant_317/variant_317.json
18:54:35.077 INFO  StreamGobblerLogger - stderr.env: ‘interestingness_test’: No such file or directory
18:54:35.077 INFO  ExecHelper - Result: 127
18:54:35.077 INFO  CustomFileJudge - Custom file judge result: 127
18:54:35.077 INFO  ReductionDriver - Result from initial state is not interesting (attempt 2)
18:54:35.157 INFO  ExecHelper - interestingness_test /opt/reduce/intel_iris_xe_graphics/syn_memory_converge/variant_317.comp reduction_results/intel_iris_xe_graphics/syn_memory_converge/variant_317/variant_317.json
18:54:35.159 INFO  StreamGobblerLogger - stderr.env: ‘interestingness_test’: No such file or directory
18:54:35.159 INFO  ExecHelper - Result: 127
18:54:35.160 INFO  CustomFileJudge - Custom file judge result: 127
18:54:35.160 INFO  ReductionDriver - Result from initial state is not interesting (attempt 3)
18:54:35.238 INFO  ExecHelper - interestingness_test /opt/reduce/intel_iris_xe_graphics/syn_memory_converge/variant_317.comp reduction_results/intel_iris_xe_graphics/syn_memory_converge/variant_317/variant_317.json
18:54:35.239 INFO  StreamGobblerLogger - stderr.env: ‘interestingness_test’: No such file or directory
18:54:35.240 INFO  ExecHelper - Result: 127
18:54:35.240 INFO  CustomFileJudge - Custom file judge result: 127
18:54:35.240 INFO  ReductionDriver - Result from initial state is not interesting (attempt 4)
18:54:35.317 INFO  ExecHelper - interestingness_test /opt/reduce/intel_iris_xe_graphics/syn_memory_converge/variant_317.comp reduction_results/intel_iris_xe_graphics/syn_memory_converge/variant_317/variant_317.json
18:54:35.319 INFO  StreamGobblerLogger - stderr.env: ‘interestingness_test’: No such file or directory
18:54:35.319 INFO  ExecHelper - Result: 127
18:54:35.319 INFO  CustomFileJudge - Custom file judge result: 127
18:54:35.319 INFO  ReductionDriver - Result from initial state is not interesting (attempt 5)
18:54:35.319 INFO  ReductionDriver - Tried 5 times; stopping.
Reduction command: java -ea -cp /opt/graphicsfuzz/graphicsfuzz/target/graphicsfuzz/python/drivers/../../jar/tool-1.0.jar com.graphicsfuzz.reducer.tool.GlslReduce /opt/reduce/intel_iris_xe_graphics/syn_memory_converge/variant_317.json interestingness_test --output reduction_results/intel_iris_xe_graphics/syn_memory_converge/variant_317 /opt/reduce/intel_iris_xe_graphics/syn_memory_converge/variant_317.comp
