19:01:13.580 INFO  ExecHelper - /opt/graphicsfuzz/graphicsfuzz/target/graphicsfuzz/bin/Linux/glslangValidator -E --stdin -S comp
19:01:13.627 INFO  ExecHelper - Result: 0
19:01:13.684 INFO  ReductionDriver - Starting reduction for variant_787
19:01:13.688 INFO  ExecHelper - interestingness_test /opt/reduce/intel_iris_xe_graphics/syn_memory_converge/variant_787.comp reduction_results/intel_iris_xe_graphics/syn_memory_converge/variant_787/variant_787.json
19:01:13.690 INFO  StreamGobblerLogger - stderr.env: ‘interestingness_test’: No such file or directory
19:01:13.691 INFO  ExecHelper - Result: 127
19:01:13.691 INFO  CustomFileJudge - Custom file judge result: 127
19:01:13.691 INFO  ReductionDriver - Result from initial state is not interesting (attempt 1)
19:01:13.692 INFO  ExecHelper - interestingness_test /opt/reduce/intel_iris_xe_graphics/syn_memory_converge/variant_787.comp reduction_results/intel_iris_xe_graphics/syn_memory_converge/variant_787/variant_787.json
19:01:13.693 INFO  StreamGobblerLogger - stderr.env: ‘interestingness_test’: No such file or directory
19:01:13.693 INFO  ExecHelper - Result: 127
19:01:13.693 INFO  CustomFileJudge - Custom file judge result: 127
19:01:13.693 INFO  ReductionDriver - Result from initial state is not interesting (attempt 2)
19:01:13.694 INFO  ExecHelper - interestingness_test /opt/reduce/intel_iris_xe_graphics/syn_memory_converge/variant_787.comp reduction_results/intel_iris_xe_graphics/syn_memory_converge/variant_787/variant_787.json
19:01:13.695 INFO  StreamGobblerLogger - stderr.env: ‘interestingness_test’: No such file or directory
19:01:13.695 INFO  ExecHelper - Result: 127
19:01:13.695 INFO  CustomFileJudge - Custom file judge result: 127
19:01:13.695 INFO  ReductionDriver - Result from initial state is not interesting (attempt 3)
19:01:13.696 INFO  ExecHelper - interestingness_test /opt/reduce/intel_iris_xe_graphics/syn_memory_converge/variant_787.comp reduction_results/intel_iris_xe_graphics/syn_memory_converge/variant_787/variant_787.json
19:01:13.697 INFO  StreamGobblerLogger - stderr.env: ‘interestingness_test’: No such file or directory
19:01:13.697 INFO  ExecHelper - Result: 127
19:01:13.697 INFO  CustomFileJudge - Custom file judge result: 127
19:01:13.697 INFO  ReductionDriver - Result from initial state is not interesting (attempt 4)
19:01:13.698 INFO  ExecHelper - interestingness_test /opt/reduce/intel_iris_xe_graphics/syn_memory_converge/variant_787.comp reduction_results/intel_iris_xe_graphics/syn_memory_converge/variant_787/variant_787.json
19:01:13.699 INFO  StreamGobblerLogger - stderr.env: ‘interestingness_test’: No such file or directory
19:01:13.699 INFO  ExecHelper - Result: 127
19:01:13.699 INFO  CustomFileJudge - Custom file judge result: 127
19:01:13.699 INFO  ReductionDriver - Result from initial state is not interesting (attempt 5)
19:01:13.700 INFO  ReductionDriver - Tried 5 times; stopping.
Reduction command: java -ea -cp /opt/graphicsfuzz/graphicsfuzz/target/graphicsfuzz/python/drivers/../../jar/tool-1.0.jar com.graphicsfuzz.reducer.tool.GlslReduce /opt/reduce/intel_iris_xe_graphics/syn_memory_converge/variant_787.json interestingness_test --output reduction_results/intel_iris_xe_graphics/syn_memory_converge/variant_787 /opt/reduce/intel_iris_xe_graphics/syn_memory_converge/variant_787.comp
