18:47:18.729 INFO  ExecHelper - /opt/graphicsfuzz/graphicsfuzz/target/graphicsfuzz/bin/Linux/glslangValidator -E --stdin -S comp
18:47:18.808 INFO  ExecHelper - Result: 0
18:47:19.568 INFO  ReductionDriver - Starting reduction for variant_499
18:47:19.610 INFO  ExecHelper - interestingness_test /opt/reduce/intel_iris_xe_graphics/syn_lock_step/variant_499.comp reduction_results/intel_iris_xe_graphics/syn_lock_step/variant_499/variant_499.json
18:47:19.611 INFO  StreamGobblerLogger - stderr.env: ‘interestingness_test’: No such file or directory
18:47:19.612 INFO  ExecHelper - Result: 127
18:47:19.612 INFO  CustomFileJudge - Custom file judge result: 127
18:47:19.612 INFO  ReductionDriver - Result from initial state is not interesting (attempt 1)
18:47:19.636 INFO  ExecHelper - interestingness_test /opt/reduce/intel_iris_xe_graphics/syn_lock_step/variant_499.comp reduction_results/intel_iris_xe_graphics/syn_lock_step/variant_499/variant_499.json
18:47:19.637 INFO  StreamGobblerLogger - stderr.env: ‘interestingness_test’: No such file or directory
18:47:19.637 INFO  ExecHelper - Result: 127
18:47:19.637 INFO  CustomFileJudge - Custom file judge result: 127
18:47:19.638 INFO  ReductionDriver - Result from initial state is not interesting (attempt 2)
18:47:19.664 INFO  ExecHelper - interestingness_test /opt/reduce/intel_iris_xe_graphics/syn_lock_step/variant_499.comp reduction_results/intel_iris_xe_graphics/syn_lock_step/variant_499/variant_499.json
18:47:19.665 INFO  StreamGobblerLogger - stderr.env: ‘interestingness_test’: No such file or directory
18:47:19.665 INFO  ExecHelper - Result: 127
18:47:19.665 INFO  CustomFileJudge - Custom file judge result: 127
18:47:19.665 INFO  ReductionDriver - Result from initial state is not interesting (attempt 3)
18:47:19.691 INFO  ExecHelper - interestingness_test /opt/reduce/intel_iris_xe_graphics/syn_lock_step/variant_499.comp reduction_results/intel_iris_xe_graphics/syn_lock_step/variant_499/variant_499.json
18:47:19.692 INFO  StreamGobblerLogger - stderr.env: ‘interestingness_test’: No such file or directory
18:47:19.693 INFO  ExecHelper - Result: 127
18:47:19.693 INFO  CustomFileJudge - Custom file judge result: 127
18:47:19.693 INFO  ReductionDriver - Result from initial state is not interesting (attempt 4)
18:47:19.715 INFO  ExecHelper - interestingness_test /opt/reduce/intel_iris_xe_graphics/syn_lock_step/variant_499.comp reduction_results/intel_iris_xe_graphics/syn_lock_step/variant_499/variant_499.json
18:47:19.716 INFO  StreamGobblerLogger - stderr.env: ‘interestingness_test’: No such file or directory
18:47:19.716 INFO  ExecHelper - Result: 127
18:47:19.716 INFO  CustomFileJudge - Custom file judge result: 127
18:47:19.716 INFO  ReductionDriver - Result from initial state is not interesting (attempt 5)
18:47:19.716 INFO  ReductionDriver - Tried 5 times; stopping.
Reduction command: java -ea -cp /opt/graphicsfuzz/graphicsfuzz/target/graphicsfuzz/python/drivers/../../jar/tool-1.0.jar com.graphicsfuzz.reducer.tool.GlslReduce /opt/reduce/intel_iris_xe_graphics/syn_lock_step/variant_499.json interestingness_test --output reduction_results/intel_iris_xe_graphics/syn_lock_step/variant_499 /opt/reduce/intel_iris_xe_graphics/syn_lock_step/variant_499.comp
