19:13:49.867 INFO  ExecHelper - /opt/graphicsfuzz/graphicsfuzz/target/graphicsfuzz/bin/Linux/glslangValidator -E --stdin -S comp
19:13:50.003 INFO  ExecHelper - Result: 0
19:13:50.724 INFO  ReductionDriver - Starting reduction for variant_662
19:13:50.743 INFO  ExecHelper - interestingness_test /opt/reduce/intel_iris_xe_graphics/syn_memory_converge_atomic/variant_662.comp reduction_results/intel_iris_xe_graphics/syn_memory_converge_atomic/variant_662/variant_662.json
19:13:50.745 INFO  StreamGobblerLogger - stderr.env: ‘interestingness_test’: No such file or directory
19:13:50.745 INFO  ExecHelper - Result: 127
19:13:50.745 INFO  CustomFileJudge - Custom file judge result: 127
19:13:50.745 INFO  ReductionDriver - Result from initial state is not interesting (attempt 1)
19:13:50.764 INFO  ExecHelper - interestingness_test /opt/reduce/intel_iris_xe_graphics/syn_memory_converge_atomic/variant_662.comp reduction_results/intel_iris_xe_graphics/syn_memory_converge_atomic/variant_662/variant_662.json
19:13:50.765 INFO  StreamGobblerLogger - stderr.env: ‘interestingness_test’: No such file or directory
19:13:50.766 INFO  ExecHelper - Result: 127
19:13:50.766 INFO  CustomFileJudge - Custom file judge result: 127
19:13:50.766 INFO  ReductionDriver - Result from initial state is not interesting (attempt 2)
19:13:50.771 INFO  ExecHelper - interestingness_test /opt/reduce/intel_iris_xe_graphics/syn_memory_converge_atomic/variant_662.comp reduction_results/intel_iris_xe_graphics/syn_memory_converge_atomic/variant_662/variant_662.json
19:13:50.772 INFO  StreamGobblerLogger - stderr.env: ‘interestingness_test’: No such file or directory
19:13:50.773 INFO  ExecHelper - Result: 127
19:13:50.773 INFO  CustomFileJudge - Custom file judge result: 127
19:13:50.773 INFO  ReductionDriver - Result from initial state is not interesting (attempt 3)
19:13:50.783 INFO  ExecHelper - interestingness_test /opt/reduce/intel_iris_xe_graphics/syn_memory_converge_atomic/variant_662.comp reduction_results/intel_iris_xe_graphics/syn_memory_converge_atomic/variant_662/variant_662.json
19:13:50.785 INFO  StreamGobblerLogger - stderr.env: ‘interestingness_test’: No such file or directory
19:13:50.785 INFO  ExecHelper - Result: 127
19:13:50.785 INFO  CustomFileJudge - Custom file judge result: 127
19:13:50.785 INFO  ReductionDriver - Result from initial state is not interesting (attempt 4)
19:13:50.790 INFO  ExecHelper - interestingness_test /opt/reduce/intel_iris_xe_graphics/syn_memory_converge_atomic/variant_662.comp reduction_results/intel_iris_xe_graphics/syn_memory_converge_atomic/variant_662/variant_662.json
19:13:50.792 INFO  StreamGobblerLogger - stderr.env: ‘interestingness_test’: No such file or directory
19:13:50.792 INFO  ExecHelper - Result: 127
19:13:50.792 INFO  CustomFileJudge - Custom file judge result: 127
19:13:50.792 INFO  ReductionDriver - Result from initial state is not interesting (attempt 5)
19:13:50.792 INFO  ReductionDriver - Tried 5 times; stopping.
Reduction command: java -ea -cp /opt/graphicsfuzz/graphicsfuzz/target/graphicsfuzz/python/drivers/../../jar/tool-1.0.jar com.graphicsfuzz.reducer.tool.GlslReduce /opt/reduce/intel_iris_xe_graphics/syn_memory_converge_atomic/variant_662.json interestingness_test --output reduction_results/intel_iris_xe_graphics/syn_memory_converge_atomic/variant_662 /opt/reduce/intel_iris_xe_graphics/syn_memory_converge_atomic/variant_662.comp
