19:25:32.594 INFO  ExecHelper - /opt/graphicsfuzz/graphicsfuzz/target/graphicsfuzz/bin/Linux/glslangValidator -E --stdin -S comp
19:25:32.674 INFO  ExecHelper - Result: 0
19:25:33.103 INFO  ReductionDriver - Starting reduction for variant_563
19:25:33.117 INFO  ExecHelper - interestingness_test /opt/reduce/rtx_4070/syn_lock_step_relax/variant_563.comp reduction_results/rtx_4070/syn_lock_step_relax/variant_563/variant_563.json
19:25:33.119 INFO  StreamGobblerLogger - stderr.env: ‘interestingness_test’: No such file or directory
19:25:33.119 INFO  ExecHelper - Result: 127
19:25:33.119 INFO  CustomFileJudge - Custom file judge result: 127
19:25:33.119 INFO  ReductionDriver - Result from initial state is not interesting (attempt 1)
19:25:33.125 INFO  ExecHelper - interestingness_test /opt/reduce/rtx_4070/syn_lock_step_relax/variant_563.comp reduction_results/rtx_4070/syn_lock_step_relax/variant_563/variant_563.json
19:25:33.127 INFO  StreamGobblerLogger - stderr.env: ‘interestingness_test’: No such file or directory
19:25:33.127 INFO  ExecHelper - Result: 127
19:25:33.127 INFO  CustomFileJudge - Custom file judge result: 127
19:25:33.127 INFO  ReductionDriver - Result from initial state is not interesting (attempt 2)
19:25:33.131 INFO  ExecHelper - interestingness_test /opt/reduce/rtx_4070/syn_lock_step_relax/variant_563.comp reduction_results/rtx_4070/syn_lock_step_relax/variant_563/variant_563.json
19:25:33.132 INFO  StreamGobblerLogger - stderr.env: ‘interestingness_test’: No such file or directory
19:25:33.133 INFO  ExecHelper - Result: 127
19:25:33.133 INFO  CustomFileJudge - Custom file judge result: 127
19:25:33.133 INFO  ReductionDriver - Result from initial state is not interesting (attempt 3)
19:25:33.138 INFO  ExecHelper - interestingness_test /opt/reduce/rtx_4070/syn_lock_step_relax/variant_563.comp reduction_results/rtx_4070/syn_lock_step_relax/variant_563/variant_563.json
19:25:33.139 INFO  StreamGobblerLogger - stderr.env: ‘interestingness_test’: No such file or directory
19:25:33.139 INFO  ExecHelper - Result: 127
19:25:33.139 INFO  CustomFileJudge - Custom file judge result: 127
19:25:33.139 INFO  ReductionDriver - Result from initial state is not interesting (attempt 4)
19:25:33.143 INFO  ExecHelper - interestingness_test /opt/reduce/rtx_4070/syn_lock_step_relax/variant_563.comp reduction_results/rtx_4070/syn_lock_step_relax/variant_563/variant_563.json
19:25:33.144 INFO  StreamGobblerLogger - stderr.env: ‘interestingness_test’: No such file or directory
19:25:33.145 INFO  ExecHelper - Result: 127
19:25:33.145 INFO  CustomFileJudge - Custom file judge result: 127
19:25:33.145 INFO  ReductionDriver - Result from initial state is not interesting (attempt 5)
19:25:33.145 INFO  ReductionDriver - Tried 5 times; stopping.
Reduction command: java -ea -cp /opt/graphicsfuzz/graphicsfuzz/target/graphicsfuzz/python/drivers/../../jar/tool-1.0.jar com.graphicsfuzz.reducer.tool.GlslReduce /opt/reduce/rtx_4070/syn_lock_step_relax/variant_563.json interestingness_test --output reduction_results/rtx_4070/syn_lock_step_relax/variant_563 /opt/reduce/rtx_4070/syn_lock_step_relax/variant_563.comp
