19:49:02.709 INFO  ExecHelper - /opt/graphicsfuzz/graphicsfuzz/target/graphicsfuzz/bin/Linux/glslangValidator -E --stdin -S comp
19:49:02.767 INFO  ExecHelper - Result: 0
19:49:03.134 INFO  ReductionDriver - Starting reduction for variant_602
19:49:03.264 INFO  ExecHelper - interestingness_test /opt/reduce/rtx_4070/syn_memory_converge_atomic/variant_602.comp reduction_results/rtx_4070/syn_memory_converge_atomic/variant_602/variant_602.json
19:49:03.266 INFO  StreamGobblerLogger - stderr.env: ‘interestingness_test’: No such file or directory
19:49:03.267 INFO  ExecHelper - Result: 127
19:49:03.267 INFO  CustomFileJudge - Custom file judge result: 127
19:49:03.267 INFO  ReductionDriver - Result from initial state is not interesting (attempt 1)
19:49:03.353 INFO  ExecHelper - interestingness_test /opt/reduce/rtx_4070/syn_memory_converge_atomic/variant_602.comp reduction_results/rtx_4070/syn_memory_converge_atomic/variant_602/variant_602.json
19:49:03.355 INFO  StreamGobblerLogger - stderr.env: ‘interestingness_test’: No such file or directory
19:49:03.356 INFO  ExecHelper - Result: 127
19:49:03.356 INFO  CustomFileJudge - Custom file judge result: 127
19:49:03.356 INFO  ReductionDriver - Result from initial state is not interesting (attempt 2)
19:49:03.436 INFO  ExecHelper - interestingness_test /opt/reduce/rtx_4070/syn_memory_converge_atomic/variant_602.comp reduction_results/rtx_4070/syn_memory_converge_atomic/variant_602/variant_602.json
19:49:03.437 INFO  StreamGobblerLogger - stderr.env: ‘interestingness_test’: No such file or directory
19:49:03.438 INFO  ExecHelper - Result: 127
19:49:03.438 INFO  CustomFileJudge - Custom file judge result: 127
19:49:03.438 INFO  ReductionDriver - Result from initial state is not interesting (attempt 3)
19:49:03.518 INFO  ExecHelper - interestingness_test /opt/reduce/rtx_4070/syn_memory_converge_atomic/variant_602.comp reduction_results/rtx_4070/syn_memory_converge_atomic/variant_602/variant_602.json
19:49:03.519 INFO  StreamGobblerLogger - stderr.env: ‘interestingness_test’: No such file or directory
19:49:03.520 INFO  ExecHelper - Result: 127
19:49:03.520 INFO  CustomFileJudge - Custom file judge result: 127
19:49:03.520 INFO  ReductionDriver - Result from initial state is not interesting (attempt 4)
19:49:03.602 INFO  ExecHelper - interestingness_test /opt/reduce/rtx_4070/syn_memory_converge_atomic/variant_602.comp reduction_results/rtx_4070/syn_memory_converge_atomic/variant_602/variant_602.json
19:49:03.604 INFO  StreamGobblerLogger - stderr.env: ‘interestingness_test’: No such file or directory
19:49:03.604 INFO  ExecHelper - Result: 127
19:49:03.604 INFO  CustomFileJudge - Custom file judge result: 127
19:49:03.604 INFO  ReductionDriver - Result from initial state is not interesting (attempt 5)
19:49:03.604 INFO  ReductionDriver - Tried 5 times; stopping.
Reduction command: java -ea -cp /opt/graphicsfuzz/graphicsfuzz/target/graphicsfuzz/python/drivers/../../jar/tool-1.0.jar com.graphicsfuzz.reducer.tool.GlslReduce /opt/reduce/rtx_4070/syn_memory_converge_atomic/variant_602.json interestingness_test --output reduction_results/rtx_4070/syn_memory_converge_atomic/variant_602 /opt/reduce/rtx_4070/syn_memory_converge_atomic/variant_602.comp
