19:38:20.888 INFO  ExecHelper - /opt/graphicsfuzz/graphicsfuzz/target/graphicsfuzz/bin/Linux/glslangValidator -E --stdin -S comp
19:38:20.944 INFO  ExecHelper - Result: 0
19:38:21.329 INFO  ReductionDriver - Starting reduction for variant_864
19:38:21.433 INFO  ExecHelper - interestingness_test /opt/reduce/rtx_4070/syn_memory_converge/variant_864.comp reduction_results/rtx_4070/syn_memory_converge/variant_864/variant_864.json
19:38:21.435 INFO  StreamGobblerLogger - stderr.env: ‘interestingness_test’: No such file or directory
19:38:21.435 INFO  ExecHelper - Result: 127
19:38:21.435 INFO  CustomFileJudge - Custom file judge result: 127
19:38:21.435 INFO  ReductionDriver - Result from initial state is not interesting (attempt 1)
19:38:21.520 INFO  ExecHelper - interestingness_test /opt/reduce/rtx_4070/syn_memory_converge/variant_864.comp reduction_results/rtx_4070/syn_memory_converge/variant_864/variant_864.json
19:38:21.521 INFO  StreamGobblerLogger - stderr.env: ‘interestingness_test’: No such file or directory
19:38:21.522 INFO  ExecHelper - Result: 127
19:38:21.522 INFO  CustomFileJudge - Custom file judge result: 127
19:38:21.522 INFO  ReductionDriver - Result from initial state is not interesting (attempt 2)
19:38:21.602 INFO  ExecHelper - interestingness_test /opt/reduce/rtx_4070/syn_memory_converge/variant_864.comp reduction_results/rtx_4070/syn_memory_converge/variant_864/variant_864.json
19:38:21.605 INFO  StreamGobblerLogger - stderr.env: ‘interestingness_test’: No such file or directory
19:38:21.605 INFO  ExecHelper - Result: 127
19:38:21.605 INFO  CustomFileJudge - Custom file judge result: 127
19:38:21.605 INFO  ReductionDriver - Result from initial state is not interesting (attempt 3)
19:38:21.685 INFO  ExecHelper - interestingness_test /opt/reduce/rtx_4070/syn_memory_converge/variant_864.comp reduction_results/rtx_4070/syn_memory_converge/variant_864/variant_864.json
19:38:21.686 INFO  StreamGobblerLogger - stderr.env: ‘interestingness_test’: No such file or directory
19:38:21.687 INFO  ExecHelper - Result: 127
19:38:21.687 INFO  CustomFileJudge - Custom file judge result: 127
19:38:21.687 INFO  ReductionDriver - Result from initial state is not interesting (attempt 4)
19:38:21.765 INFO  ExecHelper - interestingness_test /opt/reduce/rtx_4070/syn_memory_converge/variant_864.comp reduction_results/rtx_4070/syn_memory_converge/variant_864/variant_864.json
19:38:21.767 INFO  StreamGobblerLogger - stderr.env: ‘interestingness_test’: No such file or directory
19:38:21.767 INFO  ExecHelper - Result: 127
19:38:21.767 INFO  CustomFileJudge - Custom file judge result: 127
19:38:21.767 INFO  ReductionDriver - Result from initial state is not interesting (attempt 5)
19:38:21.767 INFO  ReductionDriver - Tried 5 times; stopping.
Reduction command: java -ea -cp /opt/graphicsfuzz/graphicsfuzz/target/graphicsfuzz/python/drivers/../../jar/tool-1.0.jar com.graphicsfuzz.reducer.tool.GlslReduce /opt/reduce/rtx_4070/syn_memory_converge/variant_864.json interestingness_test --output reduction_results/rtx_4070/syn_memory_converge/variant_864 /opt/reduce/rtx_4070/syn_memory_converge/variant_864.comp
