18:44:19.433 INFO  ExecHelper - /opt/graphicsfuzz/graphicsfuzz/target/graphicsfuzz/bin/Linux/glslangValidator -E --stdin -S comp
18:44:19.490 INFO  ExecHelper - Result: 0
18:44:19.794 INFO  ReductionDriver - Starting reduction for variant_744
18:44:19.884 INFO  ExecHelper - interestingness_test /opt/reduce/intel_iris_xe_graphics/syn_branch_syn/variant_744.comp reduction_results/intel_iris_xe_graphics/syn_branch_syn/variant_744/variant_744.json
18:44:19.886 INFO  StreamGobblerLogger - stderr.env: ‘interestingness_test’: No such file or directory
18:44:19.887 INFO  ExecHelper - Result: 127
18:44:19.887 INFO  CustomFileJudge - Custom file judge result: 127
18:44:19.887 INFO  ReductionDriver - Result from initial state is not interesting (attempt 1)
18:44:19.963 INFO  ExecHelper - interestingness_test /opt/reduce/intel_iris_xe_graphics/syn_branch_syn/variant_744.comp reduction_results/intel_iris_xe_graphics/syn_branch_syn/variant_744/variant_744.json
18:44:19.965 INFO  StreamGobblerLogger - stderr.env: ‘interestingness_test’: No such file or directory
18:44:19.966 INFO  ExecHelper - Result: 127
18:44:19.966 INFO  CustomFileJudge - Custom file judge result: 127
18:44:19.966 INFO  ReductionDriver - Result from initial state is not interesting (attempt 2)
18:44:20.040 INFO  ExecHelper - interestingness_test /opt/reduce/intel_iris_xe_graphics/syn_branch_syn/variant_744.comp reduction_results/intel_iris_xe_graphics/syn_branch_syn/variant_744/variant_744.json
18:44:20.042 INFO  StreamGobblerLogger - stderr.env: ‘interestingness_test’: No such file or directory
18:44:20.042 INFO  ExecHelper - Result: 127
18:44:20.042 INFO  CustomFileJudge - Custom file judge result: 127
18:44:20.042 INFO  ReductionDriver - Result from initial state is not interesting (attempt 3)
18:44:20.122 INFO  ExecHelper - interestingness_test /opt/reduce/intel_iris_xe_graphics/syn_branch_syn/variant_744.comp reduction_results/intel_iris_xe_graphics/syn_branch_syn/variant_744/variant_744.json
18:44:20.124 INFO  StreamGobblerLogger - stderr.env: ‘interestingness_test’: No such file or directory
18:44:20.124 INFO  ExecHelper - Result: 127
18:44:20.124 INFO  CustomFileJudge - Custom file judge result: 127
18:44:20.124 INFO  ReductionDriver - Result from initial state is not interesting (attempt 4)
18:44:20.193 INFO  ExecHelper - interestingness_test /opt/reduce/intel_iris_xe_graphics/syn_branch_syn/variant_744.comp reduction_results/intel_iris_xe_graphics/syn_branch_syn/variant_744/variant_744.json
18:44:20.194 INFO  StreamGobblerLogger - stderr.env: ‘interestingness_test’: No such file or directory
18:44:20.195 INFO  ExecHelper - Result: 127
18:44:20.195 INFO  CustomFileJudge - Custom file judge result: 127
18:44:20.195 INFO  ReductionDriver - Result from initial state is not interesting (attempt 5)
18:44:20.195 INFO  ReductionDriver - Tried 5 times; stopping.
Reduction command: java -ea -cp /opt/graphicsfuzz/graphicsfuzz/target/graphicsfuzz/python/drivers/../../jar/tool-1.0.jar com.graphicsfuzz.reducer.tool.GlslReduce /opt/reduce/intel_iris_xe_graphics/syn_branch_syn/variant_744.json interestingness_test --output reduction_results/intel_iris_xe_graphics/syn_branch_syn/variant_744 /opt/reduce/intel_iris_xe_graphics/syn_branch_syn/variant_744.comp
