18:11:15.710 INFO  ExecHelper - /opt/graphicsfuzz/graphicsfuzz/target/graphicsfuzz/bin/Linux/glslangValidator -E --stdin -S comp
18:11:15.963 INFO  ExecHelper - Result: 0
18:11:17.916 INFO  ReductionDriver - Starting reduction for variant_863
18:11:17.947 INFO  ExecHelper - interestingness_test /opt/reduce/cezanne_radeon_vega/syn_branch_syn/variant_863.comp reduction_results/cezanne_radeon_vega/syn_branch_syn/variant_863/variant_863.json
18:11:17.949 INFO  StreamGobblerLogger - stderr.env: ‘interestingness_test’: No such file or directory
18:11:17.949 INFO  ExecHelper - Result: 127
18:11:17.949 INFO  CustomFileJudge - Custom file judge result: 127
18:11:17.950 INFO  ReductionDriver - Result from initial state is not interesting (attempt 1)
18:11:18.003 INFO  ExecHelper - interestingness_test /opt/reduce/cezanne_radeon_vega/syn_branch_syn/variant_863.comp reduction_results/cezanne_radeon_vega/syn_branch_syn/variant_863/variant_863.json
18:11:18.005 INFO  StreamGobblerLogger - stderr.env: ‘interestingness_test’: No such file or directory
18:11:18.005 INFO  ExecHelper - Result: 127
18:11:18.005 INFO  CustomFileJudge - Custom file judge result: 127
18:11:18.005 INFO  ReductionDriver - Result from initial state is not interesting (attempt 2)
18:11:18.023 INFO  ExecHelper - interestingness_test /opt/reduce/cezanne_radeon_vega/syn_branch_syn/variant_863.comp reduction_results/cezanne_radeon_vega/syn_branch_syn/variant_863/variant_863.json
18:11:18.024 INFO  StreamGobblerLogger - stderr.env: ‘interestingness_test’: No such file or directory
18:11:18.025 INFO  ExecHelper - Result: 127
18:11:18.025 INFO  CustomFileJudge - Custom file judge result: 127
18:11:18.025 INFO  ReductionDriver - Result from initial state is not interesting (attempt 3)
18:11:18.042 INFO  ExecHelper - interestingness_test /opt/reduce/cezanne_radeon_vega/syn_branch_syn/variant_863.comp reduction_results/cezanne_radeon_vega/syn_branch_syn/variant_863/variant_863.json
18:11:18.043 INFO  StreamGobblerLogger - stderr.env: ‘interestingness_test’: No such file or directory
18:11:18.043 INFO  ExecHelper - Result: 127
18:11:18.043 INFO  CustomFileJudge - Custom file judge result: 127
18:11:18.043 INFO  ReductionDriver - Result from initial state is not interesting (attempt 4)
18:11:18.060 INFO  ExecHelper - interestingness_test /opt/reduce/cezanne_radeon_vega/syn_branch_syn/variant_863.comp reduction_results/cezanne_radeon_vega/syn_branch_syn/variant_863/variant_863.json
18:11:18.061 INFO  StreamGobblerLogger - stderr.env: ‘interestingness_test’: No such file or directory
18:11:18.062 INFO  ExecHelper - Result: 127
18:11:18.062 INFO  CustomFileJudge - Custom file judge result: 127
18:11:18.062 INFO  ReductionDriver - Result from initial state is not interesting (attempt 5)
18:11:18.062 INFO  ReductionDriver - Tried 5 times; stopping.
Reduction command: java -ea -cp /opt/graphicsfuzz/graphicsfuzz/target/graphicsfuzz/python/drivers/../../jar/tool-1.0.jar com.graphicsfuzz.reducer.tool.GlslReduce /opt/reduce/cezanne_radeon_vega/syn_branch_syn/variant_863.json interestingness_test --output reduction_results/cezanne_radeon_vega/syn_branch_syn/variant_863 /opt/reduce/cezanne_radeon_vega/syn_branch_syn/variant_863.comp
