19:39:51.195 INFO  ExecHelper - /opt/graphicsfuzz/graphicsfuzz/target/graphicsfuzz/bin/Linux/glslangValidator -E --stdin -S comp
19:39:51.248 INFO  ExecHelper - Result: 0
19:39:52.954 INFO  ReductionDriver - Starting reduction for variant_969
19:39:53.086 INFO  ExecHelper - interestingness_test /opt/reduce/rtx_4070/syn_memory_converge/variant_969.comp reduction_results/rtx_4070/syn_memory_converge/variant_969/variant_969.json
19:39:53.087 INFO  StreamGobblerLogger - stderr.env: ‘interestingness_test’: No such file or directory
19:39:53.088 INFO  ExecHelper - Result: 127
19:39:53.088 INFO  CustomFileJudge - Custom file judge result: 127
19:39:53.088 INFO  ReductionDriver - Result from initial state is not interesting (attempt 1)
19:39:53.252 INFO  ExecHelper - interestingness_test /opt/reduce/rtx_4070/syn_memory_converge/variant_969.comp reduction_results/rtx_4070/syn_memory_converge/variant_969/variant_969.json
19:39:53.254 INFO  StreamGobblerLogger - stderr.env: ‘interestingness_test’: No such file or directory
19:39:53.254 INFO  ExecHelper - Result: 127
19:39:53.254 INFO  CustomFileJudge - Custom file judge result: 127
19:39:53.254 INFO  ReductionDriver - Result from initial state is not interesting (attempt 2)
19:39:53.370 INFO  ExecHelper - interestingness_test /opt/reduce/rtx_4070/syn_memory_converge/variant_969.comp reduction_results/rtx_4070/syn_memory_converge/variant_969/variant_969.json
19:39:53.372 INFO  StreamGobblerLogger - stderr.env: ‘interestingness_test’: No such file or directory
19:39:53.372 INFO  ExecHelper - Result: 127
19:39:53.372 INFO  CustomFileJudge - Custom file judge result: 127
19:39:53.373 INFO  ReductionDriver - Result from initial state is not interesting (attempt 3)
19:39:53.490 INFO  ExecHelper - interestingness_test /opt/reduce/rtx_4070/syn_memory_converge/variant_969.comp reduction_results/rtx_4070/syn_memory_converge/variant_969/variant_969.json
19:39:53.492 INFO  StreamGobblerLogger - stderr.env: ‘interestingness_test’: No such file or directory
19:39:53.493 INFO  ExecHelper - Result: 127
19:39:53.493 INFO  CustomFileJudge - Custom file judge result: 127
19:39:53.493 INFO  ReductionDriver - Result from initial state is not interesting (attempt 4)
19:39:53.608 INFO  ExecHelper - interestingness_test /opt/reduce/rtx_4070/syn_memory_converge/variant_969.comp reduction_results/rtx_4070/syn_memory_converge/variant_969/variant_969.json
19:39:53.610 INFO  StreamGobblerLogger - stderr.env: ‘interestingness_test’: No such file or directory
19:39:53.611 INFO  ExecHelper - Result: 127
19:39:53.611 INFO  CustomFileJudge - Custom file judge result: 127
19:39:53.611 INFO  ReductionDriver - Result from initial state is not interesting (attempt 5)
19:39:53.611 INFO  ReductionDriver - Tried 5 times; stopping.
Reduction command: java -ea -cp /opt/graphicsfuzz/graphicsfuzz/target/graphicsfuzz/python/drivers/../../jar/tool-1.0.jar com.graphicsfuzz.reducer.tool.GlslReduce /opt/reduce/rtx_4070/syn_memory_converge/variant_969.json interestingness_test --output reduction_results/rtx_4070/syn_memory_converge/variant_969 /opt/reduce/rtx_4070/syn_memory_converge/variant_969.comp
