19:52:18.469 INFO  ExecHelper - /opt/graphicsfuzz/graphicsfuzz/target/graphicsfuzz/bin/Linux/glslangValidator -E --stdin -S comp
19:52:18.524 INFO  ExecHelper - Result: 0
19:52:19.647 INFO  ReductionDriver - Starting reduction for variant_810
19:52:19.757 INFO  ExecHelper - interestingness_test /opt/reduce/rtx_4070/syn_memory_converge_atomic/variant_810.comp reduction_results/rtx_4070/syn_memory_converge_atomic/variant_810/variant_810.json
19:52:19.759 INFO  StreamGobblerLogger - stderr.env: ‘interestingness_test’: No such file or directory
19:52:19.760 INFO  ExecHelper - Result: 127
19:52:19.760 INFO  CustomFileJudge - Custom file judge result: 127
19:52:19.760 INFO  ReductionDriver - Result from initial state is not interesting (attempt 1)
19:52:19.860 INFO  ExecHelper - interestingness_test /opt/reduce/rtx_4070/syn_memory_converge_atomic/variant_810.comp reduction_results/rtx_4070/syn_memory_converge_atomic/variant_810/variant_810.json
19:52:19.862 INFO  StreamGobblerLogger - stderr.env: ‘interestingness_test’: No such file or directory
19:52:19.862 INFO  ExecHelper - Result: 127
19:52:19.862 INFO  CustomFileJudge - Custom file judge result: 127
19:52:19.862 INFO  ReductionDriver - Result from initial state is not interesting (attempt 2)
19:52:19.959 INFO  ExecHelper - interestingness_test /opt/reduce/rtx_4070/syn_memory_converge_atomic/variant_810.comp reduction_results/rtx_4070/syn_memory_converge_atomic/variant_810/variant_810.json
19:52:19.960 INFO  StreamGobblerLogger - stderr.env: ‘interestingness_test’: No such file or directory
19:52:19.961 INFO  ExecHelper - Result: 127
19:52:19.961 INFO  CustomFileJudge - Custom file judge result: 127
19:52:19.961 INFO  ReductionDriver - Result from initial state is not interesting (attempt 3)
19:52:20.055 INFO  ExecHelper - interestingness_test /opt/reduce/rtx_4070/syn_memory_converge_atomic/variant_810.comp reduction_results/rtx_4070/syn_memory_converge_atomic/variant_810/variant_810.json
19:52:20.056 INFO  StreamGobblerLogger - stderr.env: ‘interestingness_test’: No such file or directory
19:52:20.057 INFO  ExecHelper - Result: 127
19:52:20.057 INFO  CustomFileJudge - Custom file judge result: 127
19:52:20.057 INFO  ReductionDriver - Result from initial state is not interesting (attempt 4)
19:52:20.150 INFO  ExecHelper - interestingness_test /opt/reduce/rtx_4070/syn_memory_converge_atomic/variant_810.comp reduction_results/rtx_4070/syn_memory_converge_atomic/variant_810/variant_810.json
19:52:20.152 INFO  StreamGobblerLogger - stderr.env: ‘interestingness_test’: No such file or directory
19:52:20.153 INFO  ExecHelper - Result: 127
19:52:20.153 INFO  CustomFileJudge - Custom file judge result: 127
19:52:20.153 INFO  ReductionDriver - Result from initial state is not interesting (attempt 5)
19:52:20.153 INFO  ReductionDriver - Tried 5 times; stopping.
Reduction command: java -ea -cp /opt/graphicsfuzz/graphicsfuzz/target/graphicsfuzz/python/drivers/../../jar/tool-1.0.jar com.graphicsfuzz.reducer.tool.GlslReduce /opt/reduce/rtx_4070/syn_memory_converge_atomic/variant_810.json interestingness_test --output reduction_results/rtx_4070/syn_memory_converge_atomic/variant_810 /opt/reduce/rtx_4070/syn_memory_converge_atomic/variant_810.comp
