19:39:12.520 INFO  ExecHelper - /opt/graphicsfuzz/graphicsfuzz/target/graphicsfuzz/bin/Linux/glslangValidator -E --stdin -S comp
19:39:12.576 INFO  ExecHelper - Result: 0
19:39:12.864 INFO  ReductionDriver - Starting reduction for variant_925
19:39:12.937 INFO  ExecHelper - interestingness_test /opt/reduce/rtx_4070/syn_memory_converge/variant_925.comp reduction_results/rtx_4070/syn_memory_converge/variant_925/variant_925.json
19:39:12.939 INFO  StreamGobblerLogger - stderr.env: ‘interestingness_test’: No such file or directory
19:39:12.940 INFO  ExecHelper - Result: 127
19:39:12.940 INFO  CustomFileJudge - Custom file judge result: 127
19:39:12.940 INFO  ReductionDriver - Result from initial state is not interesting (attempt 1)
19:39:12.999 INFO  ExecHelper - interestingness_test /opt/reduce/rtx_4070/syn_memory_converge/variant_925.comp reduction_results/rtx_4070/syn_memory_converge/variant_925/variant_925.json
19:39:13.001 INFO  StreamGobblerLogger - stderr.env: ‘interestingness_test’: No such file or directory
19:39:13.002 INFO  ExecHelper - Result: 127
19:39:13.002 INFO  CustomFileJudge - Custom file judge result: 127
19:39:13.002 INFO  ReductionDriver - Result from initial state is not interesting (attempt 2)
19:39:13.058 INFO  ExecHelper - interestingness_test /opt/reduce/rtx_4070/syn_memory_converge/variant_925.comp reduction_results/rtx_4070/syn_memory_converge/variant_925/variant_925.json
19:39:13.059 INFO  StreamGobblerLogger - stderr.env: ‘interestingness_test’: No such file or directory
19:39:13.060 INFO  ExecHelper - Result: 127
19:39:13.060 INFO  CustomFileJudge - Custom file judge result: 127
19:39:13.060 INFO  ReductionDriver - Result from initial state is not interesting (attempt 3)
19:39:13.115 INFO  ExecHelper - interestingness_test /opt/reduce/rtx_4070/syn_memory_converge/variant_925.comp reduction_results/rtx_4070/syn_memory_converge/variant_925/variant_925.json
19:39:13.117 INFO  StreamGobblerLogger - stderr.env: ‘interestingness_test’: No such file or directory
19:39:13.118 INFO  ExecHelper - Result: 127
19:39:13.118 INFO  CustomFileJudge - Custom file judge result: 127
19:39:13.118 INFO  ReductionDriver - Result from initial state is not interesting (attempt 4)
19:39:13.172 INFO  ExecHelper - interestingness_test /opt/reduce/rtx_4070/syn_memory_converge/variant_925.comp reduction_results/rtx_4070/syn_memory_converge/variant_925/variant_925.json
19:39:13.174 INFO  StreamGobblerLogger - stderr.env: ‘interestingness_test’: No such file or directory
19:39:13.174 INFO  ExecHelper - Result: 127
19:39:13.174 INFO  CustomFileJudge - Custom file judge result: 127
19:39:13.174 INFO  ReductionDriver - Result from initial state is not interesting (attempt 5)
19:39:13.174 INFO  ReductionDriver - Tried 5 times; stopping.
Reduction command: java -ea -cp /opt/graphicsfuzz/graphicsfuzz/target/graphicsfuzz/python/drivers/../../jar/tool-1.0.jar com.graphicsfuzz.reducer.tool.GlslReduce /opt/reduce/rtx_4070/syn_memory_converge/variant_925.json interestingness_test --output reduction_results/rtx_4070/syn_memory_converge/variant_925 /opt/reduce/rtx_4070/syn_memory_converge/variant_925.comp
