19:47:07.074 INFO  ExecHelper - /opt/graphicsfuzz/graphicsfuzz/target/graphicsfuzz/bin/Linux/glslangValidator -E --stdin -S comp
19:47:07.129 INFO  ExecHelper - Result: 0
19:47:08.342 INFO  ReductionDriver - Starting reduction for variant_477
19:47:08.435 INFO  ExecHelper - interestingness_test /opt/reduce/rtx_4070/syn_memory_converge_atomic/variant_477.comp reduction_results/rtx_4070/syn_memory_converge_atomic/variant_477/variant_477.json
19:47:08.438 INFO  StreamGobblerLogger - stderr.env: ‘interestingness_test’: No such file or directory
19:47:08.438 INFO  ExecHelper - Result: 127
19:47:08.438 INFO  CustomFileJudge - Custom file judge result: 127
19:47:08.438 INFO  ReductionDriver - Result from initial state is not interesting (attempt 1)
19:47:08.523 INFO  ExecHelper - interestingness_test /opt/reduce/rtx_4070/syn_memory_converge_atomic/variant_477.comp reduction_results/rtx_4070/syn_memory_converge_atomic/variant_477/variant_477.json
19:47:08.525 INFO  StreamGobblerLogger - stderr.env: ‘interestingness_test’: No such file or directory
19:47:08.525 INFO  ExecHelper - Result: 127
19:47:08.525 INFO  CustomFileJudge - Custom file judge result: 127
19:47:08.525 INFO  ReductionDriver - Result from initial state is not interesting (attempt 2)
19:47:08.606 INFO  ExecHelper - interestingness_test /opt/reduce/rtx_4070/syn_memory_converge_atomic/variant_477.comp reduction_results/rtx_4070/syn_memory_converge_atomic/variant_477/variant_477.json
19:47:08.609 INFO  StreamGobblerLogger - stderr.env: ‘interestingness_test’: No such file or directory
19:47:08.609 INFO  ExecHelper - Result: 127
19:47:08.609 INFO  CustomFileJudge - Custom file judge result: 127
19:47:08.609 INFO  ReductionDriver - Result from initial state is not interesting (attempt 3)
19:47:08.687 INFO  ExecHelper - interestingness_test /opt/reduce/rtx_4070/syn_memory_converge_atomic/variant_477.comp reduction_results/rtx_4070/syn_memory_converge_atomic/variant_477/variant_477.json
19:47:08.689 INFO  StreamGobblerLogger - stderr.env: ‘interestingness_test’: No such file or directory
19:47:08.690 INFO  ExecHelper - Result: 127
19:47:08.690 INFO  CustomFileJudge - Custom file judge result: 127
19:47:08.690 INFO  ReductionDriver - Result from initial state is not interesting (attempt 4)
19:47:08.767 INFO  ExecHelper - interestingness_test /opt/reduce/rtx_4070/syn_memory_converge_atomic/variant_477.comp reduction_results/rtx_4070/syn_memory_converge_atomic/variant_477/variant_477.json
19:47:08.768 INFO  StreamGobblerLogger - stderr.env: ‘interestingness_test’: No such file or directory
19:47:08.769 INFO  ExecHelper - Result: 127
19:47:08.769 INFO  CustomFileJudge - Custom file judge result: 127
19:47:08.769 INFO  ReductionDriver - Result from initial state is not interesting (attempt 5)
19:47:08.769 INFO  ReductionDriver - Tried 5 times; stopping.
Reduction command: java -ea -cp /opt/graphicsfuzz/graphicsfuzz/target/graphicsfuzz/python/drivers/../../jar/tool-1.0.jar com.graphicsfuzz.reducer.tool.GlslReduce /opt/reduce/rtx_4070/syn_memory_converge_atomic/variant_477.json interestingness_test --output reduction_results/rtx_4070/syn_memory_converge_atomic/variant_477 /opt/reduce/rtx_4070/syn_memory_converge_atomic/variant_477.comp
