18:24:46.195 INFO  ExecHelper - /opt/graphicsfuzz/graphicsfuzz/target/graphicsfuzz/bin/Linux/glslangValidator -E --stdin -S comp
18:24:46.249 INFO  ExecHelper - Result: 0
18:24:46.336 INFO  ReductionDriver - Starting reduction for variant_816
18:24:46.347 INFO  ExecHelper - interestingness_test /opt/reduce/cezanne_radeon_vega/syn_memory_converge/variant_816.comp reduction_results/cezanne_radeon_vega/syn_memory_converge/variant_816/variant_816.json
18:24:46.348 INFO  StreamGobblerLogger - stderr.env: ‘interestingness_test’: No such file or directory
18:24:46.349 INFO  ExecHelper - Result: 127
18:24:46.349 INFO  CustomFileJudge - Custom file judge result: 127
18:24:46.349 INFO  ReductionDriver - Result from initial state is not interesting (attempt 1)
18:24:46.351 INFO  ExecHelper - interestingness_test /opt/reduce/cezanne_radeon_vega/syn_memory_converge/variant_816.comp reduction_results/cezanne_radeon_vega/syn_memory_converge/variant_816/variant_816.json
18:24:46.352 INFO  StreamGobblerLogger - stderr.env: ‘interestingness_test’: No such file or directory
18:24:46.353 INFO  ExecHelper - Result: 127
18:24:46.353 INFO  CustomFileJudge - Custom file judge result: 127
18:24:46.353 INFO  ReductionDriver - Result from initial state is not interesting (attempt 2)
18:24:46.355 INFO  ExecHelper - interestingness_test /opt/reduce/cezanne_radeon_vega/syn_memory_converge/variant_816.comp reduction_results/cezanne_radeon_vega/syn_memory_converge/variant_816/variant_816.json
18:24:46.356 INFO  StreamGobblerLogger - stderr.env: ‘interestingness_test’: No such file or directory
18:24:46.356 INFO  ExecHelper - Result: 127
18:24:46.356 INFO  CustomFileJudge - Custom file judge result: 127
18:24:46.357 INFO  ReductionDriver - Result from initial state is not interesting (attempt 3)
18:24:46.358 INFO  ExecHelper - interestingness_test /opt/reduce/cezanne_radeon_vega/syn_memory_converge/variant_816.comp reduction_results/cezanne_radeon_vega/syn_memory_converge/variant_816/variant_816.json
18:24:46.359 INFO  StreamGobblerLogger - stderr.env: ‘interestingness_test’: No such file or directory
18:24:46.360 INFO  ExecHelper - Result: 127
18:24:46.360 INFO  CustomFileJudge - Custom file judge result: 127
18:24:46.360 INFO  ReductionDriver - Result from initial state is not interesting (attempt 4)
18:24:46.362 INFO  ExecHelper - interestingness_test /opt/reduce/cezanne_radeon_vega/syn_memory_converge/variant_816.comp reduction_results/cezanne_radeon_vega/syn_memory_converge/variant_816/variant_816.json
18:24:46.363 INFO  StreamGobblerLogger - stderr.env: ‘interestingness_test’: No such file or directory
18:24:46.363 INFO  ExecHelper - Result: 127
18:24:46.363 INFO  CustomFileJudge - Custom file judge result: 127
18:24:46.363 INFO  ReductionDriver - Result from initial state is not interesting (attempt 5)
18:24:46.363 INFO  ReductionDriver - Tried 5 times; stopping.
Reduction command: java -ea -cp /opt/graphicsfuzz/graphicsfuzz/target/graphicsfuzz/python/drivers/../../jar/tool-1.0.jar com.graphicsfuzz.reducer.tool.GlslReduce /opt/reduce/cezanne_radeon_vega/syn_memory_converge/variant_816.json interestingness_test --output reduction_results/cezanne_radeon_vega/syn_memory_converge/variant_816 /opt/reduce/cezanne_radeon_vega/syn_memory_converge/variant_816.comp
