18:39:53.217 INFO  ExecHelper - /opt/graphicsfuzz/graphicsfuzz/target/graphicsfuzz/bin/Linux/glslangValidator -E --stdin -S comp
18:39:53.270 INFO  ExecHelper - Result: 0
18:39:53.526 INFO  ReductionDriver - Starting reduction for variant_896
18:39:53.588 INFO  ExecHelper - interestingness_test /opt/reduce/cezanne_radeon_vega/syn_memory_converge_atomic/variant_896.comp reduction_results/cezanne_radeon_vega/syn_memory_converge_atomic/variant_896/variant_896.json
18:39:53.590 INFO  StreamGobblerLogger - stderr.env: ‘interestingness_test’: No such file or directory
18:39:53.590 INFO  ExecHelper - Result: 127
18:39:53.590 INFO  CustomFileJudge - Custom file judge result: 127
18:39:53.590 INFO  ReductionDriver - Result from initial state is not interesting (attempt 1)
18:39:53.636 INFO  ExecHelper - interestingness_test /opt/reduce/cezanne_radeon_vega/syn_memory_converge_atomic/variant_896.comp reduction_results/cezanne_radeon_vega/syn_memory_converge_atomic/variant_896/variant_896.json
18:39:53.637 INFO  StreamGobblerLogger - stderr.env: ‘interestingness_test’: No such file or directory
18:39:53.638 INFO  ExecHelper - Result: 127
18:39:53.638 INFO  CustomFileJudge - Custom file judge result: 127
18:39:53.638 INFO  ReductionDriver - Result from initial state is not interesting (attempt 2)
18:39:53.683 INFO  ExecHelper - interestingness_test /opt/reduce/cezanne_radeon_vega/syn_memory_converge_atomic/variant_896.comp reduction_results/cezanne_radeon_vega/syn_memory_converge_atomic/variant_896/variant_896.json
18:39:53.685 INFO  StreamGobblerLogger - stderr.env: ‘interestingness_test’: No such file or directory
18:39:53.685 INFO  ExecHelper - Result: 127
18:39:53.685 INFO  CustomFileJudge - Custom file judge result: 127
18:39:53.685 INFO  ReductionDriver - Result from initial state is not interesting (attempt 3)
18:39:53.729 INFO  ExecHelper - interestingness_test /opt/reduce/cezanne_radeon_vega/syn_memory_converge_atomic/variant_896.comp reduction_results/cezanne_radeon_vega/syn_memory_converge_atomic/variant_896/variant_896.json
18:39:53.730 INFO  StreamGobblerLogger - stderr.env: ‘interestingness_test’: No such file or directory
18:39:53.731 INFO  ExecHelper - Result: 127
18:39:53.731 INFO  CustomFileJudge - Custom file judge result: 127
18:39:53.731 INFO  ReductionDriver - Result from initial state is not interesting (attempt 4)
18:39:53.775 INFO  ExecHelper - interestingness_test /opt/reduce/cezanne_radeon_vega/syn_memory_converge_atomic/variant_896.comp reduction_results/cezanne_radeon_vega/syn_memory_converge_atomic/variant_896/variant_896.json
18:39:53.776 INFO  StreamGobblerLogger - stderr.env: ‘interestingness_test’: No such file or directory
18:39:53.777 INFO  ExecHelper - Result: 127
18:39:53.777 INFO  CustomFileJudge - Custom file judge result: 127
18:39:53.777 INFO  ReductionDriver - Result from initial state is not interesting (attempt 5)
18:39:53.777 INFO  ReductionDriver - Tried 5 times; stopping.
Reduction command: java -ea -cp /opt/graphicsfuzz/graphicsfuzz/target/graphicsfuzz/python/drivers/../../jar/tool-1.0.jar com.graphicsfuzz.reducer.tool.GlslReduce /opt/reduce/cezanne_radeon_vega/syn_memory_converge_atomic/variant_896.json interestingness_test --output reduction_results/cezanne_radeon_vega/syn_memory_converge_atomic/variant_896 /opt/reduce/cezanne_radeon_vega/syn_memory_converge_atomic/variant_896.comp
