18:35:01.026 INFO  ExecHelper - /opt/graphicsfuzz/graphicsfuzz/target/graphicsfuzz/bin/Linux/glslangValidator -E --stdin -S comp
18:35:01.086 INFO  ExecHelper - Result: 0
18:35:01.167 INFO  ReductionDriver - Starting reduction for variant_561
18:35:01.182 INFO  ExecHelper - interestingness_test /opt/reduce/cezanne_radeon_vega/syn_memory_converge_atomic/variant_561.comp reduction_results/cezanne_radeon_vega/syn_memory_converge_atomic/variant_561/variant_561.json
18:35:01.184 INFO  StreamGobblerLogger - stderr.env: ‘interestingness_test’: No such file or directory
18:35:01.185 INFO  ExecHelper - Result: 127
18:35:01.185 INFO  CustomFileJudge - Custom file judge result: 127
18:35:01.185 INFO  ReductionDriver - Result from initial state is not interesting (attempt 1)
18:35:01.189 INFO  ExecHelper - interestingness_test /opt/reduce/cezanne_radeon_vega/syn_memory_converge_atomic/variant_561.comp reduction_results/cezanne_radeon_vega/syn_memory_converge_atomic/variant_561/variant_561.json
18:35:01.190 INFO  StreamGobblerLogger - stderr.env: ‘interestingness_test’: No such file or directory
18:35:01.191 INFO  ExecHelper - Result: 127
18:35:01.191 INFO  CustomFileJudge - Custom file judge result: 127
18:35:01.191 INFO  ReductionDriver - Result from initial state is not interesting (attempt 2)
18:35:01.194 INFO  ExecHelper - interestingness_test /opt/reduce/cezanne_radeon_vega/syn_memory_converge_atomic/variant_561.comp reduction_results/cezanne_radeon_vega/syn_memory_converge_atomic/variant_561/variant_561.json
18:35:01.195 INFO  StreamGobblerLogger - stderr.env: ‘interestingness_test’: No such file or directory
18:35:01.196 INFO  ExecHelper - Result: 127
18:35:01.196 INFO  CustomFileJudge - Custom file judge result: 127
18:35:01.196 INFO  ReductionDriver - Result from initial state is not interesting (attempt 3)
18:35:01.197 INFO  ExecHelper - interestingness_test /opt/reduce/cezanne_radeon_vega/syn_memory_converge_atomic/variant_561.comp reduction_results/cezanne_radeon_vega/syn_memory_converge_atomic/variant_561/variant_561.json
18:35:01.198 INFO  StreamGobblerLogger - stderr.env: ‘interestingness_test’: No such file or directory
18:35:01.199 INFO  ExecHelper - Result: 127
18:35:01.199 INFO  CustomFileJudge - Custom file judge result: 127
18:35:01.199 INFO  ReductionDriver - Result from initial state is not interesting (attempt 4)
18:35:01.201 INFO  ExecHelper - interestingness_test /opt/reduce/cezanne_radeon_vega/syn_memory_converge_atomic/variant_561.comp reduction_results/cezanne_radeon_vega/syn_memory_converge_atomic/variant_561/variant_561.json
18:35:01.202 INFO  StreamGobblerLogger - stderr.env: ‘interestingness_test’: No such file or directory
18:35:01.202 INFO  ExecHelper - Result: 127
18:35:01.202 INFO  CustomFileJudge - Custom file judge result: 127
18:35:01.202 INFO  ReductionDriver - Result from initial state is not interesting (attempt 5)
18:35:01.203 INFO  ReductionDriver - Tried 5 times; stopping.
Reduction command: java -ea -cp /opt/graphicsfuzz/graphicsfuzz/target/graphicsfuzz/python/drivers/../../jar/tool-1.0.jar com.graphicsfuzz.reducer.tool.GlslReduce /opt/reduce/cezanne_radeon_vega/syn_memory_converge_atomic/variant_561.json interestingness_test --output reduction_results/cezanne_radeon_vega/syn_memory_converge_atomic/variant_561 /opt/reduce/cezanne_radeon_vega/syn_memory_converge_atomic/variant_561.comp
