19:28:00.278 INFO  ExecHelper - /opt/graphicsfuzz/graphicsfuzz/target/graphicsfuzz/bin/Linux/glslangValidator -E --stdin -S comp
19:28:00.341 INFO  ExecHelper - Result: 0
19:28:00.789 INFO  ReductionDriver - Starting reduction for variant_134
19:28:00.957 INFO  ExecHelper - interestingness_test /opt/reduce/rtx_4070/syn_memory_converge/variant_134.comp reduction_results/rtx_4070/syn_memory_converge/variant_134/variant_134.json
19:28:00.959 INFO  StreamGobblerLogger - stderr.env: ‘interestingness_test’: No such file or directory
19:28:00.959 INFO  ExecHelper - Result: 127
19:28:00.959 INFO  CustomFileJudge - Custom file judge result: 127
19:28:00.959 INFO  ReductionDriver - Result from initial state is not interesting (attempt 1)
19:28:01.108 INFO  ExecHelper - interestingness_test /opt/reduce/rtx_4070/syn_memory_converge/variant_134.comp reduction_results/rtx_4070/syn_memory_converge/variant_134/variant_134.json
19:28:01.110 INFO  StreamGobblerLogger - stderr.env: ‘interestingness_test’: No such file or directory
19:28:01.110 INFO  ExecHelper - Result: 127
19:28:01.111 INFO  CustomFileJudge - Custom file judge result: 127
19:28:01.111 INFO  ReductionDriver - Result from initial state is not interesting (attempt 2)
19:28:01.245 INFO  ExecHelper - interestingness_test /opt/reduce/rtx_4070/syn_memory_converge/variant_134.comp reduction_results/rtx_4070/syn_memory_converge/variant_134/variant_134.json
19:28:01.246 INFO  StreamGobblerLogger - stderr.env: ‘interestingness_test’: No such file or directory
19:28:01.247 INFO  ExecHelper - Result: 127
19:28:01.247 INFO  CustomFileJudge - Custom file judge result: 127
19:28:01.247 INFO  ReductionDriver - Result from initial state is not interesting (attempt 3)
19:28:01.381 INFO  ExecHelper - interestingness_test /opt/reduce/rtx_4070/syn_memory_converge/variant_134.comp reduction_results/rtx_4070/syn_memory_converge/variant_134/variant_134.json
19:28:01.382 INFO  StreamGobblerLogger - stderr.env: ‘interestingness_test’: No such file or directory
19:28:01.383 INFO  ExecHelper - Result: 127
19:28:01.383 INFO  CustomFileJudge - Custom file judge result: 127
19:28:01.383 INFO  ReductionDriver - Result from initial state is not interesting (attempt 4)
19:28:01.515 INFO  ExecHelper - interestingness_test /opt/reduce/rtx_4070/syn_memory_converge/variant_134.comp reduction_results/rtx_4070/syn_memory_converge/variant_134/variant_134.json
19:28:01.517 INFO  StreamGobblerLogger - stderr.env: ‘interestingness_test’: No such file or directory
19:28:01.517 INFO  ExecHelper - Result: 127
19:28:01.517 INFO  CustomFileJudge - Custom file judge result: 127
19:28:01.517 INFO  ReductionDriver - Result from initial state is not interesting (attempt 5)
19:28:01.517 INFO  ReductionDriver - Tried 5 times; stopping.
Reduction command: java -ea -cp /opt/graphicsfuzz/graphicsfuzz/target/graphicsfuzz/python/drivers/../../jar/tool-1.0.jar com.graphicsfuzz.reducer.tool.GlslReduce /opt/reduce/rtx_4070/syn_memory_converge/variant_134.json interestingness_test --output reduction_results/rtx_4070/syn_memory_converge/variant_134 /opt/reduce/rtx_4070/syn_memory_converge/variant_134.comp
