18:48:30.874 INFO  ExecHelper - /opt/graphicsfuzz/graphicsfuzz/target/graphicsfuzz/bin/Linux/glslangValidator -E --stdin -S comp
18:48:31.014 INFO  ExecHelper - Result: 0
18:48:32.133 INFO  ReductionDriver - Starting reduction for variant_564
18:48:32.164 INFO  ExecHelper - interestingness_test /opt/reduce/intel_iris_xe_graphics/syn_lock_step_relax/variant_564.comp reduction_results/intel_iris_xe_graphics/syn_lock_step_relax/variant_564/variant_564.json
18:48:32.166 INFO  StreamGobblerLogger - stderr.env: ‘interestingness_test’: No such file or directory
18:48:32.166 INFO  ExecHelper - Result: 127
18:48:32.166 INFO  CustomFileJudge - Custom file judge result: 127
18:48:32.167 INFO  ReductionDriver - Result from initial state is not interesting (attempt 1)
18:48:32.176 INFO  ExecHelper - interestingness_test /opt/reduce/intel_iris_xe_graphics/syn_lock_step_relax/variant_564.comp reduction_results/intel_iris_xe_graphics/syn_lock_step_relax/variant_564/variant_564.json
18:48:32.178 INFO  StreamGobblerLogger - stderr.env: ‘interestingness_test’: No such file or directory
18:48:32.178 INFO  ExecHelper - Result: 127
18:48:32.178 INFO  CustomFileJudge - Custom file judge result: 127
18:48:32.178 INFO  ReductionDriver - Result from initial state is not interesting (attempt 2)
18:48:32.188 INFO  ExecHelper - interestingness_test /opt/reduce/intel_iris_xe_graphics/syn_lock_step_relax/variant_564.comp reduction_results/intel_iris_xe_graphics/syn_lock_step_relax/variant_564/variant_564.json
18:48:32.189 INFO  StreamGobblerLogger - stderr.env: ‘interestingness_test’: No such file or directory
18:48:32.189 INFO  ExecHelper - Result: 127
18:48:32.189 INFO  CustomFileJudge - Custom file judge result: 127
18:48:32.190 INFO  ReductionDriver - Result from initial state is not interesting (attempt 3)
18:48:32.202 INFO  ExecHelper - interestingness_test /opt/reduce/intel_iris_xe_graphics/syn_lock_step_relax/variant_564.comp reduction_results/intel_iris_xe_graphics/syn_lock_step_relax/variant_564/variant_564.json
18:48:32.203 INFO  StreamGobblerLogger - stderr.env: ‘interestingness_test’: No such file or directory
18:48:32.204 INFO  ExecHelper - Result: 127
18:48:32.204 INFO  CustomFileJudge - Custom file judge result: 127
18:48:32.204 INFO  ReductionDriver - Result from initial state is not interesting (attempt 4)
18:48:32.211 INFO  ExecHelper - interestingness_test /opt/reduce/intel_iris_xe_graphics/syn_lock_step_relax/variant_564.comp reduction_results/intel_iris_xe_graphics/syn_lock_step_relax/variant_564/variant_564.json
18:48:32.212 INFO  StreamGobblerLogger - stderr.env: ‘interestingness_test’: No such file or directory
18:48:32.212 INFO  ExecHelper - Result: 127
18:48:32.212 INFO  CustomFileJudge - Custom file judge result: 127
18:48:32.212 INFO  ReductionDriver - Result from initial state is not interesting (attempt 5)
18:48:32.212 INFO  ReductionDriver - Tried 5 times; stopping.
Reduction command: java -ea -cp /opt/graphicsfuzz/graphicsfuzz/target/graphicsfuzz/python/drivers/../../jar/tool-1.0.jar com.graphicsfuzz.reducer.tool.GlslReduce /opt/reduce/intel_iris_xe_graphics/syn_lock_step_relax/variant_564.json interestingness_test --output reduction_results/intel_iris_xe_graphics/syn_lock_step_relax/variant_564 /opt/reduce/intel_iris_xe_graphics/syn_lock_step_relax/variant_564.comp
