19:25:20.064 INFO  ExecHelper - /opt/graphicsfuzz/graphicsfuzz/target/graphicsfuzz/bin/Linux/glslangValidator -E --stdin -S comp
19:25:20.148 INFO  ExecHelper - Result: 0
19:25:20.523 INFO  ReductionDriver - Starting reduction for variant_142
19:25:20.544 INFO  ExecHelper - interestingness_test /opt/reduce/rtx_4070/syn_lock_step_relax/variant_142.comp reduction_results/rtx_4070/syn_lock_step_relax/variant_142/variant_142.json
19:25:20.546 INFO  StreamGobblerLogger - stderr.env: ‘interestingness_test’: No such file or directory
19:25:20.546 INFO  ExecHelper - Result: 127
19:25:20.546 INFO  CustomFileJudge - Custom file judge result: 127
19:25:20.546 INFO  ReductionDriver - Result from initial state is not interesting (attempt 1)
19:25:20.551 INFO  ExecHelper - interestingness_test /opt/reduce/rtx_4070/syn_lock_step_relax/variant_142.comp reduction_results/rtx_4070/syn_lock_step_relax/variant_142/variant_142.json
19:25:20.552 INFO  StreamGobblerLogger - stderr.env: ‘interestingness_test’: No such file or directory
19:25:20.552 INFO  ExecHelper - Result: 127
19:25:20.553 INFO  CustomFileJudge - Custom file judge result: 127
19:25:20.553 INFO  ReductionDriver - Result from initial state is not interesting (attempt 2)
19:25:20.556 INFO  ExecHelper - interestingness_test /opt/reduce/rtx_4070/syn_lock_step_relax/variant_142.comp reduction_results/rtx_4070/syn_lock_step_relax/variant_142/variant_142.json
19:25:20.557 INFO  StreamGobblerLogger - stderr.env: ‘interestingness_test’: No such file or directory
19:25:20.558 INFO  ExecHelper - Result: 127
19:25:20.558 INFO  CustomFileJudge - Custom file judge result: 127
19:25:20.558 INFO  ReductionDriver - Result from initial state is not interesting (attempt 3)
19:25:20.561 INFO  ExecHelper - interestingness_test /opt/reduce/rtx_4070/syn_lock_step_relax/variant_142.comp reduction_results/rtx_4070/syn_lock_step_relax/variant_142/variant_142.json
19:25:20.562 INFO  StreamGobblerLogger - stderr.env: ‘interestingness_test’: No such file or directory
19:25:20.563 INFO  ExecHelper - Result: 127
19:25:20.563 INFO  CustomFileJudge - Custom file judge result: 127
19:25:20.563 INFO  ReductionDriver - Result from initial state is not interesting (attempt 4)
19:25:20.566 INFO  ExecHelper - interestingness_test /opt/reduce/rtx_4070/syn_lock_step_relax/variant_142.comp reduction_results/rtx_4070/syn_lock_step_relax/variant_142/variant_142.json
19:25:20.567 INFO  StreamGobblerLogger - stderr.env: ‘interestingness_test’: No such file or directory
19:25:20.568 INFO  ExecHelper - Result: 127
19:25:20.568 INFO  CustomFileJudge - Custom file judge result: 127
19:25:20.568 INFO  ReductionDriver - Result from initial state is not interesting (attempt 5)
19:25:20.568 INFO  ReductionDriver - Tried 5 times; stopping.
Reduction command: java -ea -cp /opt/graphicsfuzz/graphicsfuzz/target/graphicsfuzz/python/drivers/../../jar/tool-1.0.jar com.graphicsfuzz.reducer.tool.GlslReduce /opt/reduce/rtx_4070/syn_lock_step_relax/variant_142.json interestingness_test --output reduction_results/rtx_4070/syn_lock_step_relax/variant_142 /opt/reduce/rtx_4070/syn_lock_step_relax/variant_142.comp
