19:10:54.135 INFO  ExecHelper - /opt/graphicsfuzz/graphicsfuzz/target/graphicsfuzz/bin/Linux/glslangValidator -E --stdin -S comp
19:10:54.201 INFO  ExecHelper - Result: 0
19:10:54.559 INFO  ReductionDriver - Starting reduction for variant_468
19:10:54.719 INFO  ExecHelper - interestingness_test /opt/reduce/intel_iris_xe_graphics/syn_memory_converge_atomic/variant_468.comp reduction_results/intel_iris_xe_graphics/syn_memory_converge_atomic/variant_468/variant_468.json
19:10:54.721 INFO  StreamGobblerLogger - stderr.env: ‘interestingness_test’: No such file or directory
19:10:54.721 INFO  ExecHelper - Result: 127
19:10:54.722 INFO  CustomFileJudge - Custom file judge result: 127
19:10:54.722 INFO  ReductionDriver - Result from initial state is not interesting (attempt 1)
19:10:54.867 INFO  ExecHelper - interestingness_test /opt/reduce/intel_iris_xe_graphics/syn_memory_converge_atomic/variant_468.comp reduction_results/intel_iris_xe_graphics/syn_memory_converge_atomic/variant_468/variant_468.json
19:10:54.868 INFO  StreamGobblerLogger - stderr.env: ‘interestingness_test’: No such file or directory
19:10:54.869 INFO  ExecHelper - Result: 127
19:10:54.869 INFO  CustomFileJudge - Custom file judge result: 127
19:10:54.869 INFO  ReductionDriver - Result from initial state is not interesting (attempt 2)
19:10:55.006 INFO  ExecHelper - interestingness_test /opt/reduce/intel_iris_xe_graphics/syn_memory_converge_atomic/variant_468.comp reduction_results/intel_iris_xe_graphics/syn_memory_converge_atomic/variant_468/variant_468.json
19:10:55.008 INFO  StreamGobblerLogger - stderr.env: ‘interestingness_test’: No such file or directory
19:10:55.008 INFO  ExecHelper - Result: 127
19:10:55.008 INFO  CustomFileJudge - Custom file judge result: 127
19:10:55.008 INFO  ReductionDriver - Result from initial state is not interesting (attempt 3)
19:10:55.145 INFO  ExecHelper - interestingness_test /opt/reduce/intel_iris_xe_graphics/syn_memory_converge_atomic/variant_468.comp reduction_results/intel_iris_xe_graphics/syn_memory_converge_atomic/variant_468/variant_468.json
19:10:55.147 INFO  StreamGobblerLogger - stderr.env: ‘interestingness_test’: No such file or directory
19:10:55.148 INFO  ExecHelper - Result: 127
19:10:55.148 INFO  CustomFileJudge - Custom file judge result: 127
19:10:55.148 INFO  ReductionDriver - Result from initial state is not interesting (attempt 4)
19:10:55.285 INFO  ExecHelper - interestingness_test /opt/reduce/intel_iris_xe_graphics/syn_memory_converge_atomic/variant_468.comp reduction_results/intel_iris_xe_graphics/syn_memory_converge_atomic/variant_468/variant_468.json
19:10:55.294 INFO  StreamGobblerLogger - stderr.env: ‘interestingness_test’: No such file or directory
19:10:55.294 INFO  ExecHelper - Result: 127
19:10:55.294 INFO  CustomFileJudge - Custom file judge result: 127
19:10:55.294 INFO  ReductionDriver - Result from initial state is not interesting (attempt 5)
19:10:55.294 INFO  ReductionDriver - Tried 5 times; stopping.
Reduction command: java -ea -cp /opt/graphicsfuzz/graphicsfuzz/target/graphicsfuzz/python/drivers/../../jar/tool-1.0.jar com.graphicsfuzz.reducer.tool.GlslReduce /opt/reduce/intel_iris_xe_graphics/syn_memory_converge_atomic/variant_468.json interestingness_test --output reduction_results/intel_iris_xe_graphics/syn_memory_converge_atomic/variant_468 /opt/reduce/intel_iris_xe_graphics/syn_memory_converge_atomic/variant_468.comp
