18:15:59.812 INFO  ExecHelper - /opt/graphicsfuzz/graphicsfuzz/target/graphicsfuzz/bin/Linux/glslangValidator -E --stdin -S comp
18:15:59.875 INFO  ExecHelper - Result: 0
18:15:59.958 INFO  ReductionDriver - Starting reduction for variant_163
18:15:59.967 INFO  ExecHelper - interestingness_test /opt/reduce/cezanne_radeon_vega/syn_memory_converge/variant_163.comp reduction_results/cezanne_radeon_vega/syn_memory_converge/variant_163/variant_163.json
18:15:59.969 INFO  StreamGobblerLogger - stderr.env: ‘interestingness_test’: No such file or directory
18:15:59.969 INFO  ExecHelper - Result: 127
18:15:59.970 INFO  CustomFileJudge - Custom file judge result: 127
18:15:59.970 INFO  ReductionDriver - Result from initial state is not interesting (attempt 1)
18:15:59.973 INFO  ExecHelper - interestingness_test /opt/reduce/cezanne_radeon_vega/syn_memory_converge/variant_163.comp reduction_results/cezanne_radeon_vega/syn_memory_converge/variant_163/variant_163.json
18:15:59.974 INFO  StreamGobblerLogger - stderr.env: ‘interestingness_test’: No such file or directory
18:15:59.974 INFO  ExecHelper - Result: 127
18:15:59.974 INFO  CustomFileJudge - Custom file judge result: 127
18:15:59.974 INFO  ReductionDriver - Result from initial state is not interesting (attempt 2)
18:15:59.976 INFO  ExecHelper - interestingness_test /opt/reduce/cezanne_radeon_vega/syn_memory_converge/variant_163.comp reduction_results/cezanne_radeon_vega/syn_memory_converge/variant_163/variant_163.json
18:15:59.977 INFO  StreamGobblerLogger - stderr.env: ‘interestingness_test’: No such file or directory
18:15:59.978 INFO  ExecHelper - Result: 127
18:15:59.978 INFO  CustomFileJudge - Custom file judge result: 127
18:15:59.978 INFO  ReductionDriver - Result from initial state is not interesting (attempt 3)
18:15:59.981 INFO  ExecHelper - interestingness_test /opt/reduce/cezanne_radeon_vega/syn_memory_converge/variant_163.comp reduction_results/cezanne_radeon_vega/syn_memory_converge/variant_163/variant_163.json
18:15:59.982 INFO  StreamGobblerLogger - stderr.env: ‘interestingness_test’: No such file or directory
18:15:59.982 INFO  ExecHelper - Result: 127
18:15:59.982 INFO  CustomFileJudge - Custom file judge result: 127
18:15:59.982 INFO  ReductionDriver - Result from initial state is not interesting (attempt 4)
18:15:59.984 INFO  ExecHelper - interestingness_test /opt/reduce/cezanne_radeon_vega/syn_memory_converge/variant_163.comp reduction_results/cezanne_radeon_vega/syn_memory_converge/variant_163/variant_163.json
18:15:59.985 INFO  StreamGobblerLogger - stderr.env: ‘interestingness_test’: No such file or directory
18:15:59.986 INFO  ExecHelper - Result: 127
18:15:59.986 INFO  CustomFileJudge - Custom file judge result: 127
18:15:59.986 INFO  ReductionDriver - Result from initial state is not interesting (attempt 5)
18:15:59.986 INFO  ReductionDriver - Tried 5 times; stopping.
Reduction command: java -ea -cp /opt/graphicsfuzz/graphicsfuzz/target/graphicsfuzz/python/drivers/../../jar/tool-1.0.jar com.graphicsfuzz.reducer.tool.GlslReduce /opt/reduce/cezanne_radeon_vega/syn_memory_converge/variant_163.json interestingness_test --output reduction_results/cezanne_radeon_vega/syn_memory_converge/variant_163 /opt/reduce/cezanne_radeon_vega/syn_memory_converge/variant_163.comp
