19:43:14.593 INFO  ExecHelper - /opt/graphicsfuzz/graphicsfuzz/target/graphicsfuzz/bin/Linux/glslangValidator -E --stdin -S comp
19:43:14.829 INFO  ExecHelper - Result: 0
19:43:16.695 INFO  ReductionDriver - Starting reduction for variant_210
19:43:16.719 INFO  ExecHelper - interestingness_test /opt/reduce/rtx_4070/syn_memory_converge_atomic/variant_210.comp reduction_results/rtx_4070/syn_memory_converge_atomic/variant_210/variant_210.json
19:43:16.720 INFO  StreamGobblerLogger - stderr.env: ‘interestingness_test’: No such file or directory
19:43:16.721 INFO  ExecHelper - Result: 127
19:43:16.721 INFO  CustomFileJudge - Custom file judge result: 127
19:43:16.721 INFO  ReductionDriver - Result from initial state is not interesting (attempt 1)
19:43:16.734 INFO  ExecHelper - interestingness_test /opt/reduce/rtx_4070/syn_memory_converge_atomic/variant_210.comp reduction_results/rtx_4070/syn_memory_converge_atomic/variant_210/variant_210.json
19:43:16.735 INFO  StreamGobblerLogger - stderr.env: ‘interestingness_test’: No such file or directory
19:43:16.735 INFO  ExecHelper - Result: 127
19:43:16.736 INFO  CustomFileJudge - Custom file judge result: 127
19:43:16.736 INFO  ReductionDriver - Result from initial state is not interesting (attempt 2)
19:43:16.748 INFO  ExecHelper - interestingness_test /opt/reduce/rtx_4070/syn_memory_converge_atomic/variant_210.comp reduction_results/rtx_4070/syn_memory_converge_atomic/variant_210/variant_210.json
19:43:16.749 INFO  StreamGobblerLogger - stderr.env: ‘interestingness_test’: No such file or directory
19:43:16.749 INFO  ExecHelper - Result: 127
19:43:16.749 INFO  CustomFileJudge - Custom file judge result: 127
19:43:16.749 INFO  ReductionDriver - Result from initial state is not interesting (attempt 3)
19:43:16.761 INFO  ExecHelper - interestingness_test /opt/reduce/rtx_4070/syn_memory_converge_atomic/variant_210.comp reduction_results/rtx_4070/syn_memory_converge_atomic/variant_210/variant_210.json
19:43:16.762 INFO  StreamGobblerLogger - stderr.env: ‘interestingness_test’: No such file or directory
19:43:16.763 INFO  ExecHelper - Result: 127
19:43:16.763 INFO  CustomFileJudge - Custom file judge result: 127
19:43:16.763 INFO  ReductionDriver - Result from initial state is not interesting (attempt 4)
19:43:16.774 INFO  ExecHelper - interestingness_test /opt/reduce/rtx_4070/syn_memory_converge_atomic/variant_210.comp reduction_results/rtx_4070/syn_memory_converge_atomic/variant_210/variant_210.json
19:43:16.775 INFO  StreamGobblerLogger - stderr.env: ‘interestingness_test’: No such file or directory
19:43:16.775 INFO  ExecHelper - Result: 127
19:43:16.775 INFO  CustomFileJudge - Custom file judge result: 127
19:43:16.775 INFO  ReductionDriver - Result from initial state is not interesting (attempt 5)
19:43:16.775 INFO  ReductionDriver - Tried 5 times; stopping.
Reduction command: java -ea -cp /opt/graphicsfuzz/graphicsfuzz/target/graphicsfuzz/python/drivers/../../jar/tool-1.0.jar com.graphicsfuzz.reducer.tool.GlslReduce /opt/reduce/rtx_4070/syn_memory_converge_atomic/variant_210.json interestingness_test --output reduction_results/rtx_4070/syn_memory_converge_atomic/variant_210 /opt/reduce/rtx_4070/syn_memory_converge_atomic/variant_210.comp
