18:58:37.736 INFO  ExecHelper - /opt/graphicsfuzz/graphicsfuzz/target/graphicsfuzz/bin/Linux/glslangValidator -E --stdin -S comp
18:58:37.784 INFO  ExecHelper - Result: 0
18:58:37.841 INFO  ReductionDriver - Starting reduction for variant_589
18:58:37.846 INFO  ExecHelper - interestingness_test /opt/reduce/intel_iris_xe_graphics/syn_memory_converge/variant_589.comp reduction_results/intel_iris_xe_graphics/syn_memory_converge/variant_589/variant_589.json
18:58:37.847 INFO  StreamGobblerLogger - stderr.env: ‘interestingness_test’: No such file or directory
18:58:37.848 INFO  ExecHelper - Result: 127
18:58:37.848 INFO  CustomFileJudge - Custom file judge result: 127
18:58:37.848 INFO  ReductionDriver - Result from initial state is not interesting (attempt 1)
18:58:37.849 INFO  ExecHelper - interestingness_test /opt/reduce/intel_iris_xe_graphics/syn_memory_converge/variant_589.comp reduction_results/intel_iris_xe_graphics/syn_memory_converge/variant_589/variant_589.json
18:58:37.850 INFO  StreamGobblerLogger - stderr.env: ‘interestingness_test’: No such file or directory
18:58:37.850 INFO  ExecHelper - Result: 127
18:58:37.850 INFO  CustomFileJudge - Custom file judge result: 127
18:58:37.850 INFO  ReductionDriver - Result from initial state is not interesting (attempt 2)
18:58:37.851 INFO  ExecHelper - interestingness_test /opt/reduce/intel_iris_xe_graphics/syn_memory_converge/variant_589.comp reduction_results/intel_iris_xe_graphics/syn_memory_converge/variant_589/variant_589.json
18:58:37.852 INFO  StreamGobblerLogger - stderr.env: ‘interestingness_test’: No such file or directory
18:58:37.853 INFO  ExecHelper - Result: 127
18:58:37.853 INFO  CustomFileJudge - Custom file judge result: 127
18:58:37.853 INFO  ReductionDriver - Result from initial state is not interesting (attempt 3)
18:58:37.853 INFO  ExecHelper - interestingness_test /opt/reduce/intel_iris_xe_graphics/syn_memory_converge/variant_589.comp reduction_results/intel_iris_xe_graphics/syn_memory_converge/variant_589/variant_589.json
18:58:37.854 INFO  StreamGobblerLogger - stderr.env: ‘interestingness_test’: No such file or directory
18:58:37.855 INFO  ExecHelper - Result: 127
18:58:37.855 INFO  CustomFileJudge - Custom file judge result: 127
18:58:37.855 INFO  ReductionDriver - Result from initial state is not interesting (attempt 4)
18:58:37.855 INFO  ExecHelper - interestingness_test /opt/reduce/intel_iris_xe_graphics/syn_memory_converge/variant_589.comp reduction_results/intel_iris_xe_graphics/syn_memory_converge/variant_589/variant_589.json
18:58:37.856 INFO  StreamGobblerLogger - stderr.env: ‘interestingness_test’: No such file or directory
18:58:37.857 INFO  ExecHelper - Result: 127
18:58:37.857 INFO  CustomFileJudge - Custom file judge result: 127
18:58:37.857 INFO  ReductionDriver - Result from initial state is not interesting (attempt 5)
18:58:37.857 INFO  ReductionDriver - Tried 5 times; stopping.
Reduction command: java -ea -cp /opt/graphicsfuzz/graphicsfuzz/target/graphicsfuzz/python/drivers/../../jar/tool-1.0.jar com.graphicsfuzz.reducer.tool.GlslReduce /opt/reduce/intel_iris_xe_graphics/syn_memory_converge/variant_589.json interestingness_test --output reduction_results/intel_iris_xe_graphics/syn_memory_converge/variant_589 /opt/reduce/intel_iris_xe_graphics/syn_memory_converge/variant_589.comp
