19:19:37.541 INFO  ExecHelper - /opt/graphicsfuzz/graphicsfuzz/target/graphicsfuzz/bin/Linux/glslangValidator -E --stdin -S comp
19:19:37.610 INFO  ExecHelper - Result: 0
19:19:38.219 INFO  ReductionDriver - Starting reduction for variant_462
19:19:38.234 INFO  ExecHelper - interestingness_test /opt/reduce/intel_iris_xe_graphics/syn_subgroup_op/variant_462.comp reduction_results/intel_iris_xe_graphics/syn_subgroup_op/variant_462/variant_462.json
19:19:38.236 INFO  StreamGobblerLogger - stderr.env: ‘interestingness_test’: No such file or directory
19:19:38.237 INFO  ExecHelper - Result: 127
19:19:38.237 INFO  CustomFileJudge - Custom file judge result: 127
19:19:38.237 INFO  ReductionDriver - Result from initial state is not interesting (attempt 1)
19:19:38.244 INFO  ExecHelper - interestingness_test /opt/reduce/intel_iris_xe_graphics/syn_subgroup_op/variant_462.comp reduction_results/intel_iris_xe_graphics/syn_subgroup_op/variant_462/variant_462.json
19:19:38.245 INFO  StreamGobblerLogger - stderr.env: ‘interestingness_test’: No such file or directory
19:19:38.246 INFO  ExecHelper - Result: 127
19:19:38.246 INFO  CustomFileJudge - Custom file judge result: 127
19:19:38.246 INFO  ReductionDriver - Result from initial state is not interesting (attempt 2)
19:19:38.254 INFO  ExecHelper - interestingness_test /opt/reduce/intel_iris_xe_graphics/syn_subgroup_op/variant_462.comp reduction_results/intel_iris_xe_graphics/syn_subgroup_op/variant_462/variant_462.json
19:19:38.255 INFO  StreamGobblerLogger - stderr.env: ‘interestingness_test’: No such file or directory
19:19:38.255 INFO  ExecHelper - Result: 127
19:19:38.255 INFO  CustomFileJudge - Custom file judge result: 127
19:19:38.255 INFO  ReductionDriver - Result from initial state is not interesting (attempt 3)
19:19:38.261 INFO  ExecHelper - interestingness_test /opt/reduce/intel_iris_xe_graphics/syn_subgroup_op/variant_462.comp reduction_results/intel_iris_xe_graphics/syn_subgroup_op/variant_462/variant_462.json
19:19:38.262 INFO  StreamGobblerLogger - stderr.env: ‘interestingness_test’: No such file or directory
19:19:38.262 INFO  ExecHelper - Result: 127
19:19:38.262 INFO  CustomFileJudge - Custom file judge result: 127
19:19:38.262 INFO  ReductionDriver - Result from initial state is not interesting (attempt 4)
19:19:38.268 INFO  ExecHelper - interestingness_test /opt/reduce/intel_iris_xe_graphics/syn_subgroup_op/variant_462.comp reduction_results/intel_iris_xe_graphics/syn_subgroup_op/variant_462/variant_462.json
19:19:38.269 INFO  StreamGobblerLogger - stderr.env: ‘interestingness_test’: No such file or directory
19:19:38.269 INFO  ExecHelper - Result: 127
19:19:38.269 INFO  CustomFileJudge - Custom file judge result: 127
19:19:38.269 INFO  ReductionDriver - Result from initial state is not interesting (attempt 5)
19:19:38.269 INFO  ReductionDriver - Tried 5 times; stopping.
Reduction command: java -ea -cp /opt/graphicsfuzz/graphicsfuzz/target/graphicsfuzz/python/drivers/../../jar/tool-1.0.jar com.graphicsfuzz.reducer.tool.GlslReduce /opt/reduce/intel_iris_xe_graphics/syn_subgroup_op/variant_462.json interestingness_test --output reduction_results/intel_iris_xe_graphics/syn_subgroup_op/variant_462 /opt/reduce/intel_iris_xe_graphics/syn_subgroup_op/variant_462.comp
