19:01:18.461 INFO  ExecHelper - /opt/graphicsfuzz/graphicsfuzz/target/graphicsfuzz/bin/Linux/glslangValidator -E --stdin -S comp
19:01:18.511 INFO  ExecHelper - Result: 0
19:01:18.594 INFO  ReductionDriver - Starting reduction for variant_793
19:01:18.604 INFO  ExecHelper - interestingness_test /opt/reduce/intel_iris_xe_graphics/syn_memory_converge/variant_793.comp reduction_results/intel_iris_xe_graphics/syn_memory_converge/variant_793/variant_793.json
19:01:18.605 INFO  StreamGobblerLogger - stderr.env: ‘interestingness_test’: No such file or directory
19:01:18.606 INFO  ExecHelper - Result: 127
19:01:18.606 INFO  CustomFileJudge - Custom file judge result: 127
19:01:18.606 INFO  ReductionDriver - Result from initial state is not interesting (attempt 1)
19:01:18.608 INFO  ExecHelper - interestingness_test /opt/reduce/intel_iris_xe_graphics/syn_memory_converge/variant_793.comp reduction_results/intel_iris_xe_graphics/syn_memory_converge/variant_793/variant_793.json
19:01:18.609 INFO  StreamGobblerLogger - stderr.env: ‘interestingness_test’: No such file or directory
19:01:18.609 INFO  ExecHelper - Result: 127
19:01:18.609 INFO  CustomFileJudge - Custom file judge result: 127
19:01:18.609 INFO  ReductionDriver - Result from initial state is not interesting (attempt 2)
19:01:18.611 INFO  ExecHelper - interestingness_test /opt/reduce/intel_iris_xe_graphics/syn_memory_converge/variant_793.comp reduction_results/intel_iris_xe_graphics/syn_memory_converge/variant_793/variant_793.json
19:01:18.612 INFO  StreamGobblerLogger - stderr.env: ‘interestingness_test’: No such file or directory
19:01:18.612 INFO  ExecHelper - Result: 127
19:01:18.612 INFO  CustomFileJudge - Custom file judge result: 127
19:01:18.612 INFO  ReductionDriver - Result from initial state is not interesting (attempt 3)
19:01:18.614 INFO  ExecHelper - interestingness_test /opt/reduce/intel_iris_xe_graphics/syn_memory_converge/variant_793.comp reduction_results/intel_iris_xe_graphics/syn_memory_converge/variant_793/variant_793.json
19:01:18.615 INFO  StreamGobblerLogger - stderr.env: ‘interestingness_test’: No such file or directory
19:01:18.616 INFO  ExecHelper - Result: 127
19:01:18.616 INFO  CustomFileJudge - Custom file judge result: 127
19:01:18.616 INFO  ReductionDriver - Result from initial state is not interesting (attempt 4)
19:01:18.617 INFO  ExecHelper - interestingness_test /opt/reduce/intel_iris_xe_graphics/syn_memory_converge/variant_793.comp reduction_results/intel_iris_xe_graphics/syn_memory_converge/variant_793/variant_793.json
19:01:18.618 INFO  StreamGobblerLogger - stderr.env: ‘interestingness_test’: No such file or directory
19:01:18.619 INFO  ExecHelper - Result: 127
19:01:18.619 INFO  CustomFileJudge - Custom file judge result: 127
19:01:18.619 INFO  ReductionDriver - Result from initial state is not interesting (attempt 5)
19:01:18.619 INFO  ReductionDriver - Tried 5 times; stopping.
Reduction command: java -ea -cp /opt/graphicsfuzz/graphicsfuzz/target/graphicsfuzz/python/drivers/../../jar/tool-1.0.jar com.graphicsfuzz.reducer.tool.GlslReduce /opt/reduce/intel_iris_xe_graphics/syn_memory_converge/variant_793.json interestingness_test --output reduction_results/intel_iris_xe_graphics/syn_memory_converge/variant_793 /opt/reduce/intel_iris_xe_graphics/syn_memory_converge/variant_793.comp
