18:55:24.445 INFO  ExecHelper - /opt/graphicsfuzz/graphicsfuzz/target/graphicsfuzz/bin/Linux/glslangValidator -E --stdin -S comp
18:55:24.493 INFO  ExecHelper - Result: 0
18:55:24.573 INFO  ReductionDriver - Starting reduction for variant_379
18:55:24.582 INFO  ExecHelper - interestingness_test /opt/reduce/intel_iris_xe_graphics/syn_memory_converge/variant_379.comp reduction_results/intel_iris_xe_graphics/syn_memory_converge/variant_379/variant_379.json
18:55:24.583 INFO  StreamGobblerLogger - stderr.env: ‘interestingness_test’: No such file or directory
18:55:24.584 INFO  ExecHelper - Result: 127
18:55:24.584 INFO  CustomFileJudge - Custom file judge result: 127
18:55:24.584 INFO  ReductionDriver - Result from initial state is not interesting (attempt 1)
18:55:24.586 INFO  ExecHelper - interestingness_test /opt/reduce/intel_iris_xe_graphics/syn_memory_converge/variant_379.comp reduction_results/intel_iris_xe_graphics/syn_memory_converge/variant_379/variant_379.json
18:55:24.587 INFO  StreamGobblerLogger - stderr.env: ‘interestingness_test’: No such file or directory
18:55:24.587 INFO  ExecHelper - Result: 127
18:55:24.588 INFO  CustomFileJudge - Custom file judge result: 127
18:55:24.588 INFO  ReductionDriver - Result from initial state is not interesting (attempt 2)
18:55:24.589 INFO  ExecHelper - interestingness_test /opt/reduce/intel_iris_xe_graphics/syn_memory_converge/variant_379.comp reduction_results/intel_iris_xe_graphics/syn_memory_converge/variant_379/variant_379.json
18:55:24.591 INFO  StreamGobblerLogger - stderr.env: ‘interestingness_test’: No such file or directory
18:55:24.591 INFO  ExecHelper - Result: 127
18:55:24.591 INFO  CustomFileJudge - Custom file judge result: 127
18:55:24.591 INFO  ReductionDriver - Result from initial state is not interesting (attempt 3)
18:55:24.594 INFO  ExecHelper - interestingness_test /opt/reduce/intel_iris_xe_graphics/syn_memory_converge/variant_379.comp reduction_results/intel_iris_xe_graphics/syn_memory_converge/variant_379/variant_379.json
18:55:24.595 INFO  StreamGobblerLogger - stderr.env: ‘interestingness_test’: No such file or directory
18:55:24.595 INFO  ExecHelper - Result: 127
18:55:24.595 INFO  CustomFileJudge - Custom file judge result: 127
18:55:24.596 INFO  ReductionDriver - Result from initial state is not interesting (attempt 4)
18:55:24.597 INFO  ExecHelper - interestingness_test /opt/reduce/intel_iris_xe_graphics/syn_memory_converge/variant_379.comp reduction_results/intel_iris_xe_graphics/syn_memory_converge/variant_379/variant_379.json
18:55:24.598 INFO  StreamGobblerLogger - stderr.env: ‘interestingness_test’: No such file or directory
18:55:24.598 INFO  ExecHelper - Result: 127
18:55:24.598 INFO  CustomFileJudge - Custom file judge result: 127
18:55:24.598 INFO  ReductionDriver - Result from initial state is not interesting (attempt 5)
18:55:24.598 INFO  ReductionDriver - Tried 5 times; stopping.
Reduction command: java -ea -cp /opt/graphicsfuzz/graphicsfuzz/target/graphicsfuzz/python/drivers/../../jar/tool-1.0.jar com.graphicsfuzz.reducer.tool.GlslReduce /opt/reduce/intel_iris_xe_graphics/syn_memory_converge/variant_379.json interestingness_test --output reduction_results/intel_iris_xe_graphics/syn_memory_converge/variant_379 /opt/reduce/intel_iris_xe_graphics/syn_memory_converge/variant_379.comp
