18:50:52.019 INFO  ExecHelper - /opt/graphicsfuzz/graphicsfuzz/target/graphicsfuzz/bin/Linux/glslangValidator -E --stdin -S comp
18:50:52.074 INFO  ExecHelper - Result: 0
18:50:52.451 INFO  ReductionDriver - Starting reduction for variant_060
18:50:52.515 INFO  ExecHelper - interestingness_test /opt/reduce/intel_iris_xe_graphics/syn_memory_converge/variant_060.comp reduction_results/intel_iris_xe_graphics/syn_memory_converge/variant_060/variant_060.json
18:50:52.517 INFO  StreamGobblerLogger - stderr.env: ‘interestingness_test’: No such file or directory
18:50:52.517 INFO  ExecHelper - Result: 127
18:50:52.517 INFO  CustomFileJudge - Custom file judge result: 127
18:50:52.517 INFO  ReductionDriver - Result from initial state is not interesting (attempt 1)
18:50:52.589 INFO  ExecHelper - interestingness_test /opt/reduce/intel_iris_xe_graphics/syn_memory_converge/variant_060.comp reduction_results/intel_iris_xe_graphics/syn_memory_converge/variant_060/variant_060.json
18:50:52.590 INFO  StreamGobblerLogger - stderr.env: ‘interestingness_test’: No such file or directory
18:50:52.591 INFO  ExecHelper - Result: 127
18:50:52.591 INFO  CustomFileJudge - Custom file judge result: 127
18:50:52.591 INFO  ReductionDriver - Result from initial state is not interesting (attempt 2)
18:50:52.643 INFO  ExecHelper - interestingness_test /opt/reduce/intel_iris_xe_graphics/syn_memory_converge/variant_060.comp reduction_results/intel_iris_xe_graphics/syn_memory_converge/variant_060/variant_060.json
18:50:52.645 INFO  StreamGobblerLogger - stderr.env: ‘interestingness_test’: No such file or directory
18:50:52.645 INFO  ExecHelper - Result: 127
18:50:52.645 INFO  CustomFileJudge - Custom file judge result: 127
18:50:52.645 INFO  ReductionDriver - Result from initial state is not interesting (attempt 3)
18:50:52.689 INFO  ExecHelper - interestingness_test /opt/reduce/intel_iris_xe_graphics/syn_memory_converge/variant_060.comp reduction_results/intel_iris_xe_graphics/syn_memory_converge/variant_060/variant_060.json
18:50:52.691 INFO  StreamGobblerLogger - stderr.env: ‘interestingness_test’: No such file or directory
18:50:52.691 INFO  ExecHelper - Result: 127
18:50:52.691 INFO  CustomFileJudge - Custom file judge result: 127
18:50:52.691 INFO  ReductionDriver - Result from initial state is not interesting (attempt 4)
18:50:52.735 INFO  ExecHelper - interestingness_test /opt/reduce/intel_iris_xe_graphics/syn_memory_converge/variant_060.comp reduction_results/intel_iris_xe_graphics/syn_memory_converge/variant_060/variant_060.json
18:50:52.737 INFO  StreamGobblerLogger - stderr.env: ‘interestingness_test’: No such file or directory
18:50:52.737 INFO  ExecHelper - Result: 127
18:50:52.738 INFO  CustomFileJudge - Custom file judge result: 127
18:50:52.738 INFO  ReductionDriver - Result from initial state is not interesting (attempt 5)
18:50:52.738 INFO  ReductionDriver - Tried 5 times; stopping.
Reduction command: java -ea -cp /opt/graphicsfuzz/graphicsfuzz/target/graphicsfuzz/python/drivers/../../jar/tool-1.0.jar com.graphicsfuzz.reducer.tool.GlslReduce /opt/reduce/intel_iris_xe_graphics/syn_memory_converge/variant_060.json interestingness_test --output reduction_results/intel_iris_xe_graphics/syn_memory_converge/variant_060 /opt/reduce/intel_iris_xe_graphics/syn_memory_converge/variant_060.comp
