18:25:41.793 INFO  ExecHelper - /opt/graphicsfuzz/graphicsfuzz/target/graphicsfuzz/bin/Linux/glslangValidator -E --stdin -S comp
18:25:41.842 INFO  ExecHelper - Result: 0
18:25:41.927 INFO  ReductionDriver - Starting reduction for variant_885
18:25:41.938 INFO  ExecHelper - interestingness_test /opt/reduce/cezanne_radeon_vega/syn_memory_converge/variant_885.comp reduction_results/cezanne_radeon_vega/syn_memory_converge/variant_885/variant_885.json
18:25:41.939 INFO  StreamGobblerLogger - stderr.env: ‘interestingness_test’: No such file or directory
18:25:41.940 INFO  ExecHelper - Result: 127
18:25:41.940 INFO  CustomFileJudge - Custom file judge result: 127
18:25:41.940 INFO  ReductionDriver - Result from initial state is not interesting (attempt 1)
18:25:41.945 INFO  ExecHelper - interestingness_test /opt/reduce/cezanne_radeon_vega/syn_memory_converge/variant_885.comp reduction_results/cezanne_radeon_vega/syn_memory_converge/variant_885/variant_885.json
18:25:41.946 INFO  StreamGobblerLogger - stderr.env: ‘interestingness_test’: No such file or directory
18:25:41.947 INFO  ExecHelper - Result: 127
18:25:41.947 INFO  CustomFileJudge - Custom file judge result: 127
18:25:41.947 INFO  ReductionDriver - Result from initial state is not interesting (attempt 2)
18:25:41.949 INFO  ExecHelper - interestingness_test /opt/reduce/cezanne_radeon_vega/syn_memory_converge/variant_885.comp reduction_results/cezanne_radeon_vega/syn_memory_converge/variant_885/variant_885.json
18:25:41.950 INFO  StreamGobblerLogger - stderr.env: ‘interestingness_test’: No such file or directory
18:25:41.950 INFO  ExecHelper - Result: 127
18:25:41.950 INFO  CustomFileJudge - Custom file judge result: 127
18:25:41.950 INFO  ReductionDriver - Result from initial state is not interesting (attempt 3)
18:25:41.952 INFO  ExecHelper - interestingness_test /opt/reduce/cezanne_radeon_vega/syn_memory_converge/variant_885.comp reduction_results/cezanne_radeon_vega/syn_memory_converge/variant_885/variant_885.json
18:25:41.953 INFO  StreamGobblerLogger - stderr.env: ‘interestingness_test’: No such file or directory
18:25:41.954 INFO  ExecHelper - Result: 127
18:25:41.954 INFO  CustomFileJudge - Custom file judge result: 127
18:25:41.954 INFO  ReductionDriver - Result from initial state is not interesting (attempt 4)
18:25:41.955 INFO  ExecHelper - interestingness_test /opt/reduce/cezanne_radeon_vega/syn_memory_converge/variant_885.comp reduction_results/cezanne_radeon_vega/syn_memory_converge/variant_885/variant_885.json
18:25:41.956 INFO  StreamGobblerLogger - stderr.env: ‘interestingness_test’: No such file or directory
18:25:41.957 INFO  ExecHelper - Result: 127
18:25:41.957 INFO  CustomFileJudge - Custom file judge result: 127
18:25:41.957 INFO  ReductionDriver - Result from initial state is not interesting (attempt 5)
18:25:41.957 INFO  ReductionDriver - Tried 5 times; stopping.
Reduction command: java -ea -cp /opt/graphicsfuzz/graphicsfuzz/target/graphicsfuzz/python/drivers/../../jar/tool-1.0.jar com.graphicsfuzz.reducer.tool.GlslReduce /opt/reduce/cezanne_radeon_vega/syn_memory_converge/variant_885.json interestingness_test --output reduction_results/cezanne_radeon_vega/syn_memory_converge/variant_885 /opt/reduce/cezanne_radeon_vega/syn_memory_converge/variant_885.comp
