19:55:08.659 INFO  ExecHelper - /opt/graphicsfuzz/graphicsfuzz/target/graphicsfuzz/bin/Linux/glslangValidator -E --stdin -S comp
19:55:08.741 INFO  ExecHelper - Result: 0
19:55:09.024 INFO  ReductionDriver - Starting reduction for variant_051
19:55:09.040 INFO  ExecHelper - interestingness_test /opt/reduce/rtx_4070/syn_subgroup_op/variant_051.comp reduction_results/rtx_4070/syn_subgroup_op/variant_051/variant_051.json
19:55:09.043 INFO  StreamGobblerLogger - stderr.env: ‘interestingness_test’: No such file or directory
19:55:09.043 INFO  ExecHelper - Result: 127
19:55:09.043 INFO  CustomFileJudge - Custom file judge result: 127
19:55:09.044 INFO  ReductionDriver - Result from initial state is not interesting (attempt 1)
19:55:09.053 INFO  ExecHelper - interestingness_test /opt/reduce/rtx_4070/syn_subgroup_op/variant_051.comp reduction_results/rtx_4070/syn_subgroup_op/variant_051/variant_051.json
19:55:09.054 INFO  StreamGobblerLogger - stderr.env: ‘interestingness_test’: No such file or directory
19:55:09.055 INFO  ExecHelper - Result: 127
19:55:09.055 INFO  CustomFileJudge - Custom file judge result: 127
19:55:09.055 INFO  ReductionDriver - Result from initial state is not interesting (attempt 2)
19:55:09.060 INFO  ExecHelper - interestingness_test /opt/reduce/rtx_4070/syn_subgroup_op/variant_051.comp reduction_results/rtx_4070/syn_subgroup_op/variant_051/variant_051.json
19:55:09.061 INFO  StreamGobblerLogger - stderr.env: ‘interestingness_test’: No such file or directory
19:55:09.061 INFO  ExecHelper - Result: 127
19:55:09.062 INFO  CustomFileJudge - Custom file judge result: 127
19:55:09.062 INFO  ReductionDriver - Result from initial state is not interesting (attempt 3)
19:55:09.066 INFO  ExecHelper - interestingness_test /opt/reduce/rtx_4070/syn_subgroup_op/variant_051.comp reduction_results/rtx_4070/syn_subgroup_op/variant_051/variant_051.json
19:55:09.067 INFO  StreamGobblerLogger - stderr.env: ‘interestingness_test’: No such file or directory
19:55:09.068 INFO  ExecHelper - Result: 127
19:55:09.068 INFO  CustomFileJudge - Custom file judge result: 127
19:55:09.068 INFO  ReductionDriver - Result from initial state is not interesting (attempt 4)
19:55:09.074 INFO  ExecHelper - interestingness_test /opt/reduce/rtx_4070/syn_subgroup_op/variant_051.comp reduction_results/rtx_4070/syn_subgroup_op/variant_051/variant_051.json
19:55:09.076 INFO  StreamGobblerLogger - stderr.env: ‘interestingness_test’: No such file or directory
19:55:09.076 INFO  ExecHelper - Result: 127
19:55:09.076 INFO  CustomFileJudge - Custom file judge result: 127
19:55:09.076 INFO  ReductionDriver - Result from initial state is not interesting (attempt 5)
19:55:09.076 INFO  ReductionDriver - Tried 5 times; stopping.
Reduction command: java -ea -cp /opt/graphicsfuzz/graphicsfuzz/target/graphicsfuzz/python/drivers/../../jar/tool-1.0.jar com.graphicsfuzz.reducer.tool.GlslReduce /opt/reduce/rtx_4070/syn_subgroup_op/variant_051.json interestingness_test --output reduction_results/rtx_4070/syn_subgroup_op/variant_051 /opt/reduce/rtx_4070/syn_subgroup_op/variant_051.comp
