19:46:45.633 INFO  ExecHelper - /opt/graphicsfuzz/graphicsfuzz/target/graphicsfuzz/bin/Linux/glslangValidator -E --stdin -S comp
19:46:45.748 INFO  ExecHelper - Result: 0
19:46:46.307 INFO  ReductionDriver - Starting reduction for variant_448
19:46:46.342 INFO  ExecHelper - interestingness_test /opt/reduce/rtx_4070/syn_memory_converge_atomic/variant_448.comp reduction_results/rtx_4070/syn_memory_converge_atomic/variant_448/variant_448.json
19:46:46.344 INFO  StreamGobblerLogger - stderr.env: ‘interestingness_test’: No such file or directory
19:46:46.345 INFO  ExecHelper - Result: 127
19:46:46.345 INFO  CustomFileJudge - Custom file judge result: 127
19:46:46.345 INFO  ReductionDriver - Result from initial state is not interesting (attempt 1)
19:46:46.358 INFO  ExecHelper - interestingness_test /opt/reduce/rtx_4070/syn_memory_converge_atomic/variant_448.comp reduction_results/rtx_4070/syn_memory_converge_atomic/variant_448/variant_448.json
19:46:46.360 INFO  StreamGobblerLogger - stderr.env: ‘interestingness_test’: No such file or directory
19:46:46.360 INFO  ExecHelper - Result: 127
19:46:46.360 INFO  CustomFileJudge - Custom file judge result: 127
19:46:46.360 INFO  ReductionDriver - Result from initial state is not interesting (attempt 2)
19:46:46.366 INFO  ExecHelper - interestingness_test /opt/reduce/rtx_4070/syn_memory_converge_atomic/variant_448.comp reduction_results/rtx_4070/syn_memory_converge_atomic/variant_448/variant_448.json
19:46:46.367 INFO  StreamGobblerLogger - stderr.env: ‘interestingness_test’: No such file or directory
19:46:46.368 INFO  ExecHelper - Result: 127
19:46:46.368 INFO  CustomFileJudge - Custom file judge result: 127
19:46:46.368 INFO  ReductionDriver - Result from initial state is not interesting (attempt 3)
19:46:46.381 INFO  ExecHelper - interestingness_test /opt/reduce/rtx_4070/syn_memory_converge_atomic/variant_448.comp reduction_results/rtx_4070/syn_memory_converge_atomic/variant_448/variant_448.json
19:46:46.383 INFO  StreamGobblerLogger - stderr.env: ‘interestingness_test’: No such file or directory
19:46:46.383 INFO  ExecHelper - Result: 127
19:46:46.383 INFO  CustomFileJudge - Custom file judge result: 127
19:46:46.383 INFO  ReductionDriver - Result from initial state is not interesting (attempt 4)
19:46:46.388 INFO  ExecHelper - interestingness_test /opt/reduce/rtx_4070/syn_memory_converge_atomic/variant_448.comp reduction_results/rtx_4070/syn_memory_converge_atomic/variant_448/variant_448.json
19:46:46.390 INFO  StreamGobblerLogger - stderr.env: ‘interestingness_test’: No such file or directory
19:46:46.390 INFO  ExecHelper - Result: 127
19:46:46.390 INFO  CustomFileJudge - Custom file judge result: 127
19:46:46.390 INFO  ReductionDriver - Result from initial state is not interesting (attempt 5)
19:46:46.390 INFO  ReductionDriver - Tried 5 times; stopping.
Reduction command: java -ea -cp /opt/graphicsfuzz/graphicsfuzz/target/graphicsfuzz/python/drivers/../../jar/tool-1.0.jar com.graphicsfuzz.reducer.tool.GlslReduce /opt/reduce/rtx_4070/syn_memory_converge_atomic/variant_448.json interestingness_test --output reduction_results/rtx_4070/syn_memory_converge_atomic/variant_448 /opt/reduce/rtx_4070/syn_memory_converge_atomic/variant_448.comp
