19:16:30.481 INFO  ExecHelper - /opt/graphicsfuzz/graphicsfuzz/target/graphicsfuzz/bin/Linux/glslangValidator -E --stdin -S comp
19:16:30.539 INFO  ExecHelper - Result: 0
19:16:30.808 INFO  ReductionDriver - Starting reduction for variant_828
19:16:30.919 INFO  ExecHelper - interestingness_test /opt/reduce/intel_iris_xe_graphics/syn_memory_converge_atomic/variant_828.comp reduction_results/intel_iris_xe_graphics/syn_memory_converge_atomic/variant_828/variant_828.json
19:16:30.921 INFO  StreamGobblerLogger - stderr.env: ‘interestingness_test’: No such file or directory
19:16:30.921 INFO  ExecHelper - Result: 127
19:16:30.921 INFO  CustomFileJudge - Custom file judge result: 127
19:16:30.921 INFO  ReductionDriver - Result from initial state is not interesting (attempt 1)
19:16:30.994 INFO  ExecHelper - interestingness_test /opt/reduce/intel_iris_xe_graphics/syn_memory_converge_atomic/variant_828.comp reduction_results/intel_iris_xe_graphics/syn_memory_converge_atomic/variant_828/variant_828.json
19:16:30.996 INFO  StreamGobblerLogger - stderr.env: ‘interestingness_test’: No such file or directory
19:16:30.997 INFO  ExecHelper - Result: 127
19:16:30.997 INFO  CustomFileJudge - Custom file judge result: 127
19:16:30.997 INFO  ReductionDriver - Result from initial state is not interesting (attempt 2)
19:16:31.072 INFO  ExecHelper - interestingness_test /opt/reduce/intel_iris_xe_graphics/syn_memory_converge_atomic/variant_828.comp reduction_results/intel_iris_xe_graphics/syn_memory_converge_atomic/variant_828/variant_828.json
19:16:31.074 INFO  StreamGobblerLogger - stderr.env: ‘interestingness_test’: No such file or directory
19:16:31.075 INFO  ExecHelper - Result: 127
19:16:31.075 INFO  CustomFileJudge - Custom file judge result: 127
19:16:31.075 INFO  ReductionDriver - Result from initial state is not interesting (attempt 3)
19:16:31.140 INFO  ExecHelper - interestingness_test /opt/reduce/intel_iris_xe_graphics/syn_memory_converge_atomic/variant_828.comp reduction_results/intel_iris_xe_graphics/syn_memory_converge_atomic/variant_828/variant_828.json
19:16:31.141 INFO  StreamGobblerLogger - stderr.env: ‘interestingness_test’: No such file or directory
19:16:31.142 INFO  ExecHelper - Result: 127
19:16:31.142 INFO  CustomFileJudge - Custom file judge result: 127
19:16:31.142 INFO  ReductionDriver - Result from initial state is not interesting (attempt 4)
19:16:31.206 INFO  ExecHelper - interestingness_test /opt/reduce/intel_iris_xe_graphics/syn_memory_converge_atomic/variant_828.comp reduction_results/intel_iris_xe_graphics/syn_memory_converge_atomic/variant_828/variant_828.json
19:16:31.208 INFO  StreamGobblerLogger - stderr.env: ‘interestingness_test’: No such file or directory
19:16:31.209 INFO  ExecHelper - Result: 127
19:16:31.209 INFO  CustomFileJudge - Custom file judge result: 127
19:16:31.209 INFO  ReductionDriver - Result from initial state is not interesting (attempt 5)
19:16:31.209 INFO  ReductionDriver - Tried 5 times; stopping.
Reduction command: java -ea -cp /opt/graphicsfuzz/graphicsfuzz/target/graphicsfuzz/python/drivers/../../jar/tool-1.0.jar com.graphicsfuzz.reducer.tool.GlslReduce /opt/reduce/intel_iris_xe_graphics/syn_memory_converge_atomic/variant_828.json interestingness_test --output reduction_results/intel_iris_xe_graphics/syn_memory_converge_atomic/variant_828 /opt/reduce/intel_iris_xe_graphics/syn_memory_converge_atomic/variant_828.comp
