18:26:30.390 INFO  ExecHelper - /opt/graphicsfuzz/graphicsfuzz/target/graphicsfuzz/bin/Linux/glslangValidator -E --stdin -S comp
18:26:30.443 INFO  ExecHelper - Result: 0
18:26:30.522 INFO  ReductionDriver - Starting reduction for variant_945
18:26:30.531 INFO  ExecHelper - interestingness_test /opt/reduce/cezanne_radeon_vega/syn_memory_converge/variant_945.comp reduction_results/cezanne_radeon_vega/syn_memory_converge/variant_945/variant_945.json
18:26:30.532 INFO  StreamGobblerLogger - stderr.env: ‘interestingness_test’: No such file or directory
18:26:30.533 INFO  ExecHelper - Result: 127
18:26:30.533 INFO  CustomFileJudge - Custom file judge result: 127
18:26:30.533 INFO  ReductionDriver - Result from initial state is not interesting (attempt 1)
18:26:30.535 INFO  ExecHelper - interestingness_test /opt/reduce/cezanne_radeon_vega/syn_memory_converge/variant_945.comp reduction_results/cezanne_radeon_vega/syn_memory_converge/variant_945/variant_945.json
18:26:30.536 INFO  StreamGobblerLogger - stderr.env: ‘interestingness_test’: No such file or directory
18:26:30.536 INFO  ExecHelper - Result: 127
18:26:30.537 INFO  CustomFileJudge - Custom file judge result: 127
18:26:30.537 INFO  ReductionDriver - Result from initial state is not interesting (attempt 2)
18:26:30.539 INFO  ExecHelper - interestingness_test /opt/reduce/cezanne_radeon_vega/syn_memory_converge/variant_945.comp reduction_results/cezanne_radeon_vega/syn_memory_converge/variant_945/variant_945.json
18:26:30.540 INFO  StreamGobblerLogger - stderr.env: ‘interestingness_test’: No such file or directory
18:26:30.540 INFO  ExecHelper - Result: 127
18:26:30.540 INFO  CustomFileJudge - Custom file judge result: 127
18:26:30.540 INFO  ReductionDriver - Result from initial state is not interesting (attempt 3)
18:26:30.544 INFO  ExecHelper - interestingness_test /opt/reduce/cezanne_radeon_vega/syn_memory_converge/variant_945.comp reduction_results/cezanne_radeon_vega/syn_memory_converge/variant_945/variant_945.json
18:26:30.545 INFO  StreamGobblerLogger - stderr.env: ‘interestingness_test’: No such file or directory
18:26:30.545 INFO  ExecHelper - Result: 127
18:26:30.546 INFO  CustomFileJudge - Custom file judge result: 127
18:26:30.546 INFO  ReductionDriver - Result from initial state is not interesting (attempt 4)
18:26:30.549 INFO  ExecHelper - interestingness_test /opt/reduce/cezanne_radeon_vega/syn_memory_converge/variant_945.comp reduction_results/cezanne_radeon_vega/syn_memory_converge/variant_945/variant_945.json
18:26:30.551 INFO  StreamGobblerLogger - stderr.env: ‘interestingness_test’: No such file or directory
18:26:30.551 INFO  ExecHelper - Result: 127
18:26:30.551 INFO  CustomFileJudge - Custom file judge result: 127
18:26:30.551 INFO  ReductionDriver - Result from initial state is not interesting (attempt 5)
18:26:30.551 INFO  ReductionDriver - Tried 5 times; stopping.
Reduction command: java -ea -cp /opt/graphicsfuzz/graphicsfuzz/target/graphicsfuzz/python/drivers/../../jar/tool-1.0.jar com.graphicsfuzz.reducer.tool.GlslReduce /opt/reduce/cezanne_radeon_vega/syn_memory_converge/variant_945.json interestingness_test --output reduction_results/cezanne_radeon_vega/syn_memory_converge/variant_945 /opt/reduce/cezanne_radeon_vega/syn_memory_converge/variant_945.comp
