19:12:06.821 INFO  ExecHelper - /opt/graphicsfuzz/graphicsfuzz/target/graphicsfuzz/bin/Linux/glslangValidator -E --stdin -S comp
19:12:06.946 INFO  ExecHelper - Result: 0
19:12:07.402 INFO  ReductionDriver - Starting reduction for variant_542
19:12:07.425 INFO  ExecHelper - interestingness_test /opt/reduce/intel_iris_xe_graphics/syn_memory_converge_atomic/variant_542.comp reduction_results/intel_iris_xe_graphics/syn_memory_converge_atomic/variant_542/variant_542.json
19:12:07.427 INFO  StreamGobblerLogger - stderr.env: ‘interestingness_test’: No such file or directory
19:12:07.427 INFO  ExecHelper - Result: 127
19:12:07.427 INFO  CustomFileJudge - Custom file judge result: 127
19:12:07.427 INFO  ReductionDriver - Result from initial state is not interesting (attempt 1)
19:12:07.439 INFO  ExecHelper - interestingness_test /opt/reduce/intel_iris_xe_graphics/syn_memory_converge_atomic/variant_542.comp reduction_results/intel_iris_xe_graphics/syn_memory_converge_atomic/variant_542/variant_542.json
19:12:07.440 INFO  StreamGobblerLogger - stderr.env: ‘interestingness_test’: No such file or directory
19:12:07.441 INFO  ExecHelper - Result: 127
19:12:07.441 INFO  CustomFileJudge - Custom file judge result: 127
19:12:07.441 INFO  ReductionDriver - Result from initial state is not interesting (attempt 2)
19:12:07.451 INFO  ExecHelper - interestingness_test /opt/reduce/intel_iris_xe_graphics/syn_memory_converge_atomic/variant_542.comp reduction_results/intel_iris_xe_graphics/syn_memory_converge_atomic/variant_542/variant_542.json
19:12:07.452 INFO  StreamGobblerLogger - stderr.env: ‘interestingness_test’: No such file or directory
19:12:07.453 INFO  ExecHelper - Result: 127
19:12:07.453 INFO  CustomFileJudge - Custom file judge result: 127
19:12:07.453 INFO  ReductionDriver - Result from initial state is not interesting (attempt 3)
19:12:07.462 INFO  ExecHelper - interestingness_test /opt/reduce/intel_iris_xe_graphics/syn_memory_converge_atomic/variant_542.comp reduction_results/intel_iris_xe_graphics/syn_memory_converge_atomic/variant_542/variant_542.json
19:12:07.463 INFO  StreamGobblerLogger - stderr.env: ‘interestingness_test’: No such file or directory
19:12:07.464 INFO  ExecHelper - Result: 127
19:12:07.464 INFO  CustomFileJudge - Custom file judge result: 127
19:12:07.464 INFO  ReductionDriver - Result from initial state is not interesting (attempt 4)
19:12:07.473 INFO  ExecHelper - interestingness_test /opt/reduce/intel_iris_xe_graphics/syn_memory_converge_atomic/variant_542.comp reduction_results/intel_iris_xe_graphics/syn_memory_converge_atomic/variant_542/variant_542.json
19:12:07.474 INFO  StreamGobblerLogger - stderr.env: ‘interestingness_test’: No such file or directory
19:12:07.475 INFO  ExecHelper - Result: 127
19:12:07.475 INFO  CustomFileJudge - Custom file judge result: 127
19:12:07.475 INFO  ReductionDriver - Result from initial state is not interesting (attempt 5)
19:12:07.475 INFO  ReductionDriver - Tried 5 times; stopping.
Reduction command: java -ea -cp /opt/graphicsfuzz/graphicsfuzz/target/graphicsfuzz/python/drivers/../../jar/tool-1.0.jar com.graphicsfuzz.reducer.tool.GlslReduce /opt/reduce/intel_iris_xe_graphics/syn_memory_converge_atomic/variant_542.json interestingness_test --output reduction_results/intel_iris_xe_graphics/syn_memory_converge_atomic/variant_542 /opt/reduce/intel_iris_xe_graphics/syn_memory_converge_atomic/variant_542.comp
