18:30:25.307 INFO  ExecHelper - /opt/graphicsfuzz/graphicsfuzz/target/graphicsfuzz/bin/Linux/glslangValidator -E --stdin -S comp
18:30:25.366 INFO  ExecHelper - Result: 0
18:30:25.730 INFO  ReductionDriver - Starting reduction for variant_229
18:30:25.841 INFO  ExecHelper - interestingness_test /opt/reduce/cezanne_radeon_vega/syn_memory_converge_atomic/variant_229.comp reduction_results/cezanne_radeon_vega/syn_memory_converge_atomic/variant_229/variant_229.json
18:30:25.843 INFO  StreamGobblerLogger - stderr.env: ‘interestingness_test’: No such file or directory
18:30:25.844 INFO  ExecHelper - Result: 127
18:30:25.844 INFO  CustomFileJudge - Custom file judge result: 127
18:30:25.844 INFO  ReductionDriver - Result from initial state is not interesting (attempt 1)
18:30:25.955 INFO  ExecHelper - interestingness_test /opt/reduce/cezanne_radeon_vega/syn_memory_converge_atomic/variant_229.comp reduction_results/cezanne_radeon_vega/syn_memory_converge_atomic/variant_229/variant_229.json
18:30:25.957 INFO  StreamGobblerLogger - stderr.env: ‘interestingness_test’: No such file or directory
18:30:25.957 INFO  ExecHelper - Result: 127
18:30:25.957 INFO  CustomFileJudge - Custom file judge result: 127
18:30:25.957 INFO  ReductionDriver - Result from initial state is not interesting (attempt 2)
18:30:26.058 INFO  ExecHelper - interestingness_test /opt/reduce/cezanne_radeon_vega/syn_memory_converge_atomic/variant_229.comp reduction_results/cezanne_radeon_vega/syn_memory_converge_atomic/variant_229/variant_229.json
18:30:26.060 INFO  StreamGobblerLogger - stderr.env: ‘interestingness_test’: No such file or directory
18:30:26.061 INFO  ExecHelper - Result: 127
18:30:26.061 INFO  CustomFileJudge - Custom file judge result: 127
18:30:26.061 INFO  ReductionDriver - Result from initial state is not interesting (attempt 3)
18:30:26.157 INFO  ExecHelper - interestingness_test /opt/reduce/cezanne_radeon_vega/syn_memory_converge_atomic/variant_229.comp reduction_results/cezanne_radeon_vega/syn_memory_converge_atomic/variant_229/variant_229.json
18:30:26.158 INFO  StreamGobblerLogger - stderr.env: ‘interestingness_test’: No such file or directory
18:30:26.159 INFO  ExecHelper - Result: 127
18:30:26.159 INFO  CustomFileJudge - Custom file judge result: 127
18:30:26.159 INFO  ReductionDriver - Result from initial state is not interesting (attempt 4)
18:30:26.249 INFO  ExecHelper - interestingness_test /opt/reduce/cezanne_radeon_vega/syn_memory_converge_atomic/variant_229.comp reduction_results/cezanne_radeon_vega/syn_memory_converge_atomic/variant_229/variant_229.json
18:30:26.250 INFO  StreamGobblerLogger - stderr.env: ‘interestingness_test’: No such file or directory
18:30:26.251 INFO  ExecHelper - Result: 127
18:30:26.251 INFO  CustomFileJudge - Custom file judge result: 127
18:30:26.251 INFO  ReductionDriver - Result from initial state is not interesting (attempt 5)
18:30:26.251 INFO  ReductionDriver - Tried 5 times; stopping.
Reduction command: java -ea -cp /opt/graphicsfuzz/graphicsfuzz/target/graphicsfuzz/python/drivers/../../jar/tool-1.0.jar com.graphicsfuzz.reducer.tool.GlslReduce /opt/reduce/cezanne_radeon_vega/syn_memory_converge_atomic/variant_229.json interestingness_test --output reduction_results/cezanne_radeon_vega/syn_memory_converge_atomic/variant_229 /opt/reduce/cezanne_radeon_vega/syn_memory_converge_atomic/variant_229.comp
