18:32:47.230 INFO  ExecHelper - /opt/graphicsfuzz/graphicsfuzz/target/graphicsfuzz/bin/Linux/glslangValidator -E --stdin -S comp
18:32:47.289 INFO  ExecHelper - Result: 0
18:32:47.648 INFO  ReductionDriver - Starting reduction for variant_399
18:32:47.757 INFO  ExecHelper - interestingness_test /opt/reduce/cezanne_radeon_vega/syn_memory_converge_atomic/variant_399.comp reduction_results/cezanne_radeon_vega/syn_memory_converge_atomic/variant_399/variant_399.json
18:32:47.759 INFO  StreamGobblerLogger - stderr.env: ‘interestingness_test’: No such file or directory
18:32:47.759 INFO  ExecHelper - Result: 127
18:32:47.759 INFO  CustomFileJudge - Custom file judge result: 127
18:32:47.759 INFO  ReductionDriver - Result from initial state is not interesting (attempt 1)
18:32:47.861 INFO  ExecHelper - interestingness_test /opt/reduce/cezanne_radeon_vega/syn_memory_converge_atomic/variant_399.comp reduction_results/cezanne_radeon_vega/syn_memory_converge_atomic/variant_399/variant_399.json
18:32:47.862 INFO  StreamGobblerLogger - stderr.env: ‘interestingness_test’: No such file or directory
18:32:47.863 INFO  ExecHelper - Result: 127
18:32:47.863 INFO  CustomFileJudge - Custom file judge result: 127
18:32:47.863 INFO  ReductionDriver - Result from initial state is not interesting (attempt 2)
18:32:47.962 INFO  ExecHelper - interestingness_test /opt/reduce/cezanne_radeon_vega/syn_memory_converge_atomic/variant_399.comp reduction_results/cezanne_radeon_vega/syn_memory_converge_atomic/variant_399/variant_399.json
18:32:47.963 INFO  StreamGobblerLogger - stderr.env: ‘interestingness_test’: No such file or directory
18:32:47.964 INFO  ExecHelper - Result: 127
18:32:47.964 INFO  CustomFileJudge - Custom file judge result: 127
18:32:47.964 INFO  ReductionDriver - Result from initial state is not interesting (attempt 3)
18:32:48.062 INFO  ExecHelper - interestingness_test /opt/reduce/cezanne_radeon_vega/syn_memory_converge_atomic/variant_399.comp reduction_results/cezanne_radeon_vega/syn_memory_converge_atomic/variant_399/variant_399.json
18:32:48.064 INFO  StreamGobblerLogger - stderr.env: ‘interestingness_test’: No such file or directory
18:32:48.065 INFO  ExecHelper - Result: 127
18:32:48.065 INFO  CustomFileJudge - Custom file judge result: 127
18:32:48.065 INFO  ReductionDriver - Result from initial state is not interesting (attempt 4)
18:32:48.152 INFO  ExecHelper - interestingness_test /opt/reduce/cezanne_radeon_vega/syn_memory_converge_atomic/variant_399.comp reduction_results/cezanne_radeon_vega/syn_memory_converge_atomic/variant_399/variant_399.json
18:32:48.154 INFO  StreamGobblerLogger - stderr.env: ‘interestingness_test’: No such file or directory
18:32:48.154 INFO  ExecHelper - Result: 127
18:32:48.154 INFO  CustomFileJudge - Custom file judge result: 127
18:32:48.154 INFO  ReductionDriver - Result from initial state is not interesting (attempt 5)
18:32:48.154 INFO  ReductionDriver - Tried 5 times; stopping.
Reduction command: java -ea -cp /opt/graphicsfuzz/graphicsfuzz/target/graphicsfuzz/python/drivers/../../jar/tool-1.0.jar com.graphicsfuzz.reducer.tool.GlslReduce /opt/reduce/cezanne_radeon_vega/syn_memory_converge_atomic/variant_399.json interestingness_test --output reduction_results/cezanne_radeon_vega/syn_memory_converge_atomic/variant_399 /opt/reduce/cezanne_radeon_vega/syn_memory_converge_atomic/variant_399.comp
