19:24:35.573 INFO  ExecHelper - /opt/graphicsfuzz/graphicsfuzz/target/graphicsfuzz/bin/Linux/glslangValidator -E --stdin -S comp
19:24:35.676 INFO  ExecHelper - Result: 0
19:24:36.475 INFO  ReductionDriver - Starting reduction for variant_805
19:24:36.492 INFO  ExecHelper - interestingness_test /opt/reduce/rtx_4070/syn_branch_syn_release/variant_805.comp reduction_results/rtx_4070/syn_branch_syn_release/variant_805/variant_805.json
19:24:36.494 INFO  StreamGobblerLogger - stderr.env: ‘interestingness_test’: No such file or directory
19:24:36.494 INFO  ExecHelper - Result: 127
19:24:36.494 INFO  CustomFileJudge - Custom file judge result: 127
19:24:36.494 INFO  ReductionDriver - Result from initial state is not interesting (attempt 1)
19:24:36.500 INFO  ExecHelper - interestingness_test /opt/reduce/rtx_4070/syn_branch_syn_release/variant_805.comp reduction_results/rtx_4070/syn_branch_syn_release/variant_805/variant_805.json
19:24:36.501 INFO  StreamGobblerLogger - stderr.env: ‘interestingness_test’: No such file or directory
19:24:36.502 INFO  ExecHelper - Result: 127
19:24:36.502 INFO  CustomFileJudge - Custom file judge result: 127
19:24:36.502 INFO  ReductionDriver - Result from initial state is not interesting (attempt 2)
19:24:36.508 INFO  ExecHelper - interestingness_test /opt/reduce/rtx_4070/syn_branch_syn_release/variant_805.comp reduction_results/rtx_4070/syn_branch_syn_release/variant_805/variant_805.json
19:24:36.509 INFO  StreamGobblerLogger - stderr.env: ‘interestingness_test’: No such file or directory
19:24:36.510 INFO  ExecHelper - Result: 127
19:24:36.510 INFO  CustomFileJudge - Custom file judge result: 127
19:24:36.510 INFO  ReductionDriver - Result from initial state is not interesting (attempt 3)
19:24:36.531 INFO  ExecHelper - interestingness_test /opt/reduce/rtx_4070/syn_branch_syn_release/variant_805.comp reduction_results/rtx_4070/syn_branch_syn_release/variant_805/variant_805.json
19:24:36.532 INFO  StreamGobblerLogger - stderr.env: ‘interestingness_test’: No such file or directory
19:24:36.533 INFO  ExecHelper - Result: 127
19:24:36.533 INFO  CustomFileJudge - Custom file judge result: 127
19:24:36.533 INFO  ReductionDriver - Result from initial state is not interesting (attempt 4)
19:24:36.537 INFO  ExecHelper - interestingness_test /opt/reduce/rtx_4070/syn_branch_syn_release/variant_805.comp reduction_results/rtx_4070/syn_branch_syn_release/variant_805/variant_805.json
19:24:36.538 INFO  StreamGobblerLogger - stderr.env: ‘interestingness_test’: No such file or directory
19:24:36.539 INFO  ExecHelper - Result: 127
19:24:36.539 INFO  CustomFileJudge - Custom file judge result: 127
19:24:36.539 INFO  ReductionDriver - Result from initial state is not interesting (attempt 5)
19:24:36.539 INFO  ReductionDriver - Tried 5 times; stopping.
Reduction command: java -ea -cp /opt/graphicsfuzz/graphicsfuzz/target/graphicsfuzz/python/drivers/../../jar/tool-1.0.jar com.graphicsfuzz.reducer.tool.GlslReduce /opt/reduce/rtx_4070/syn_branch_syn_release/variant_805.json interestingness_test --output reduction_results/rtx_4070/syn_branch_syn_release/variant_805 /opt/reduce/rtx_4070/syn_branch_syn_release/variant_805.comp
