19:00:42.878 INFO  ExecHelper - /opt/graphicsfuzz/graphicsfuzz/target/graphicsfuzz/bin/Linux/glslangValidator -E --stdin -S comp
19:00:42.933 INFO  ExecHelper - Result: 0
19:00:43.267 INFO  ReductionDriver - Starting reduction for variant_752
19:00:43.360 INFO  ExecHelper - interestingness_test /opt/reduce/intel_iris_xe_graphics/syn_memory_converge/variant_752.comp reduction_results/intel_iris_xe_graphics/syn_memory_converge/variant_752/variant_752.json
19:00:43.362 INFO  StreamGobblerLogger - stderr.env: ‘interestingness_test’: No such file or directory
19:00:43.362 INFO  ExecHelper - Result: 127
19:00:43.363 INFO  CustomFileJudge - Custom file judge result: 127
19:00:43.363 INFO  ReductionDriver - Result from initial state is not interesting (attempt 1)
19:00:43.441 INFO  ExecHelper - interestingness_test /opt/reduce/intel_iris_xe_graphics/syn_memory_converge/variant_752.comp reduction_results/intel_iris_xe_graphics/syn_memory_converge/variant_752/variant_752.json
19:00:43.442 INFO  StreamGobblerLogger - stderr.env: ‘interestingness_test’: No such file or directory
19:00:43.443 INFO  ExecHelper - Result: 127
19:00:43.443 INFO  CustomFileJudge - Custom file judge result: 127
19:00:43.443 INFO  ReductionDriver - Result from initial state is not interesting (attempt 2)
19:00:43.519 INFO  ExecHelper - interestingness_test /opt/reduce/intel_iris_xe_graphics/syn_memory_converge/variant_752.comp reduction_results/intel_iris_xe_graphics/syn_memory_converge/variant_752/variant_752.json
19:00:43.521 INFO  StreamGobblerLogger - stderr.env: ‘interestingness_test’: No such file or directory
19:00:43.521 INFO  ExecHelper - Result: 127
19:00:43.521 INFO  CustomFileJudge - Custom file judge result: 127
19:00:43.521 INFO  ReductionDriver - Result from initial state is not interesting (attempt 3)
19:00:43.602 INFO  ExecHelper - interestingness_test /opt/reduce/intel_iris_xe_graphics/syn_memory_converge/variant_752.comp reduction_results/intel_iris_xe_graphics/syn_memory_converge/variant_752/variant_752.json
19:00:43.603 INFO  StreamGobblerLogger - stderr.env: ‘interestingness_test’: No such file or directory
19:00:43.604 INFO  ExecHelper - Result: 127
19:00:43.605 INFO  CustomFileJudge - Custom file judge result: 127
19:00:43.605 INFO  ReductionDriver - Result from initial state is not interesting (attempt 4)
19:00:43.677 INFO  ExecHelper - interestingness_test /opt/reduce/intel_iris_xe_graphics/syn_memory_converge/variant_752.comp reduction_results/intel_iris_xe_graphics/syn_memory_converge/variant_752/variant_752.json
19:00:43.679 INFO  StreamGobblerLogger - stderr.env: ‘interestingness_test’: No such file or directory
19:00:43.679 INFO  ExecHelper - Result: 127
19:00:43.679 INFO  CustomFileJudge - Custom file judge result: 127
19:00:43.679 INFO  ReductionDriver - Result from initial state is not interesting (attempt 5)
19:00:43.679 INFO  ReductionDriver - Tried 5 times; stopping.
Reduction command: java -ea -cp /opt/graphicsfuzz/graphicsfuzz/target/graphicsfuzz/python/drivers/../../jar/tool-1.0.jar com.graphicsfuzz.reducer.tool.GlslReduce /opt/reduce/intel_iris_xe_graphics/syn_memory_converge/variant_752.json interestingness_test --output reduction_results/intel_iris_xe_graphics/syn_memory_converge/variant_752 /opt/reduce/intel_iris_xe_graphics/syn_memory_converge/variant_752.comp
