18:51:37.611 INFO  ExecHelper - /opt/graphicsfuzz/graphicsfuzz/target/graphicsfuzz/bin/Linux/glslangValidator -E --stdin -S comp
18:51:37.754 INFO  ExecHelper - Result: 0
18:51:38.104 INFO  ReductionDriver - Starting reduction for variant_114
18:51:38.120 INFO  ExecHelper - interestingness_test /opt/reduce/intel_iris_xe_graphics/syn_memory_converge/variant_114.comp reduction_results/intel_iris_xe_graphics/syn_memory_converge/variant_114/variant_114.json
18:51:38.122 INFO  StreamGobblerLogger - stderr.env: ‘interestingness_test’: No such file or directory
18:51:38.122 INFO  ExecHelper - Result: 127
18:51:38.122 INFO  CustomFileJudge - Custom file judge result: 127
18:51:38.122 INFO  ReductionDriver - Result from initial state is not interesting (attempt 1)
18:51:38.126 INFO  ExecHelper - interestingness_test /opt/reduce/intel_iris_xe_graphics/syn_memory_converge/variant_114.comp reduction_results/intel_iris_xe_graphics/syn_memory_converge/variant_114/variant_114.json
18:51:38.128 INFO  StreamGobblerLogger - stderr.env: ‘interestingness_test’: No such file or directory
18:51:38.128 INFO  ExecHelper - Result: 127
18:51:38.128 INFO  CustomFileJudge - Custom file judge result: 127
18:51:38.128 INFO  ReductionDriver - Result from initial state is not interesting (attempt 2)
18:51:38.131 INFO  ExecHelper - interestingness_test /opt/reduce/intel_iris_xe_graphics/syn_memory_converge/variant_114.comp reduction_results/intel_iris_xe_graphics/syn_memory_converge/variant_114/variant_114.json
18:51:38.132 INFO  StreamGobblerLogger - stderr.env: ‘interestingness_test’: No such file or directory
18:51:38.133 INFO  ExecHelper - Result: 127
18:51:38.133 INFO  CustomFileJudge - Custom file judge result: 127
18:51:38.133 INFO  ReductionDriver - Result from initial state is not interesting (attempt 3)
18:51:38.136 INFO  ExecHelper - interestingness_test /opt/reduce/intel_iris_xe_graphics/syn_memory_converge/variant_114.comp reduction_results/intel_iris_xe_graphics/syn_memory_converge/variant_114/variant_114.json
18:51:38.138 INFO  StreamGobblerLogger - stderr.env: ‘interestingness_test’: No such file or directory
18:51:38.138 INFO  ExecHelper - Result: 127
18:51:38.138 INFO  CustomFileJudge - Custom file judge result: 127
18:51:38.138 INFO  ReductionDriver - Result from initial state is not interesting (attempt 4)
18:51:38.141 INFO  ExecHelper - interestingness_test /opt/reduce/intel_iris_xe_graphics/syn_memory_converge/variant_114.comp reduction_results/intel_iris_xe_graphics/syn_memory_converge/variant_114/variant_114.json
18:51:38.142 INFO  StreamGobblerLogger - stderr.env: ‘interestingness_test’: No such file or directory
18:51:38.142 INFO  ExecHelper - Result: 127
18:51:38.142 INFO  CustomFileJudge - Custom file judge result: 127
18:51:38.143 INFO  ReductionDriver - Result from initial state is not interesting (attempt 5)
18:51:38.143 INFO  ReductionDriver - Tried 5 times; stopping.
Reduction command: java -ea -cp /opt/graphicsfuzz/graphicsfuzz/target/graphicsfuzz/python/drivers/../../jar/tool-1.0.jar com.graphicsfuzz.reducer.tool.GlslReduce /opt/reduce/intel_iris_xe_graphics/syn_memory_converge/variant_114.json interestingness_test --output reduction_results/intel_iris_xe_graphics/syn_memory_converge/variant_114 /opt/reduce/intel_iris_xe_graphics/syn_memory_converge/variant_114.comp
