19:25:13.075 INFO  ExecHelper - /opt/graphicsfuzz/graphicsfuzz/target/graphicsfuzz/bin/Linux/glslangValidator -E --stdin -S comp
19:25:13.281 INFO  ExecHelper - Result: 0
19:25:13.601 INFO  ReductionDriver - Starting reduction for variant_748
19:25:13.622 INFO  ExecHelper - interestingness_test /opt/reduce/rtx_4070/syn_lock_step/variant_748.comp reduction_results/rtx_4070/syn_lock_step/variant_748/variant_748.json
19:25:13.624 INFO  StreamGobblerLogger - stderr.env: ‘interestingness_test’: No such file or directory
19:25:13.624 INFO  ExecHelper - Result: 127
19:25:13.624 INFO  CustomFileJudge - Custom file judge result: 127
19:25:13.624 INFO  ReductionDriver - Result from initial state is not interesting (attempt 1)
19:25:13.633 INFO  ExecHelper - interestingness_test /opt/reduce/rtx_4070/syn_lock_step/variant_748.comp reduction_results/rtx_4070/syn_lock_step/variant_748/variant_748.json
19:25:13.634 INFO  StreamGobblerLogger - stderr.env: ‘interestingness_test’: No such file or directory
19:25:13.634 INFO  ExecHelper - Result: 127
19:25:13.635 INFO  CustomFileJudge - Custom file judge result: 127
19:25:13.635 INFO  ReductionDriver - Result from initial state is not interesting (attempt 2)
19:25:13.638 INFO  ExecHelper - interestingness_test /opt/reduce/rtx_4070/syn_lock_step/variant_748.comp reduction_results/rtx_4070/syn_lock_step/variant_748/variant_748.json
19:25:13.641 INFO  StreamGobblerLogger - stderr.env: ‘interestingness_test’: No such file or directory
19:25:13.641 INFO  ExecHelper - Result: 127
19:25:13.641 INFO  CustomFileJudge - Custom file judge result: 127
19:25:13.641 INFO  ReductionDriver - Result from initial state is not interesting (attempt 3)
19:25:13.649 INFO  ExecHelper - interestingness_test /opt/reduce/rtx_4070/syn_lock_step/variant_748.comp reduction_results/rtx_4070/syn_lock_step/variant_748/variant_748.json
19:25:13.651 INFO  StreamGobblerLogger - stderr.env: ‘interestingness_test’: No such file or directory
19:25:13.651 INFO  ExecHelper - Result: 127
19:25:13.651 INFO  CustomFileJudge - Custom file judge result: 127
19:25:13.651 INFO  ReductionDriver - Result from initial state is not interesting (attempt 4)
19:25:13.655 INFO  ExecHelper - interestingness_test /opt/reduce/rtx_4070/syn_lock_step/variant_748.comp reduction_results/rtx_4070/syn_lock_step/variant_748/variant_748.json
19:25:13.656 INFO  StreamGobblerLogger - stderr.env: ‘interestingness_test’: No such file or directory
19:25:13.657 INFO  ExecHelper - Result: 127
19:25:13.657 INFO  CustomFileJudge - Custom file judge result: 127
19:25:13.657 INFO  ReductionDriver - Result from initial state is not interesting (attempt 5)
19:25:13.657 INFO  ReductionDriver - Tried 5 times; stopping.
Reduction command: java -ea -cp /opt/graphicsfuzz/graphicsfuzz/target/graphicsfuzz/python/drivers/../../jar/tool-1.0.jar com.graphicsfuzz.reducer.tool.GlslReduce /opt/reduce/rtx_4070/syn_lock_step/variant_748.json interestingness_test --output reduction_results/rtx_4070/syn_lock_step/variant_748 /opt/reduce/rtx_4070/syn_lock_step/variant_748.comp
