19:22:01.437 INFO  ExecHelper - /opt/graphicsfuzz/graphicsfuzz/target/graphicsfuzz/bin/Linux/glslangValidator -E --stdin -S comp
19:22:01.494 INFO  ExecHelper - Result: 0
19:22:01.812 INFO  ReductionDriver - Starting reduction for variant_415
19:22:01.968 INFO  ExecHelper - interestingness_test /opt/reduce/intel_iris_xe_graphics/syn_subgroup_op_release/variant_415.comp reduction_results/intel_iris_xe_graphics/syn_subgroup_op_release/variant_415/variant_415.json
19:22:01.970 INFO  StreamGobblerLogger - stderr.env: ‘interestingness_test’: No such file or directory
19:22:01.970 INFO  ExecHelper - Result: 127
19:22:01.970 INFO  CustomFileJudge - Custom file judge result: 127
19:22:01.970 INFO  ReductionDriver - Result from initial state is not interesting (attempt 1)
19:22:02.073 INFO  ExecHelper - interestingness_test /opt/reduce/intel_iris_xe_graphics/syn_subgroup_op_release/variant_415.comp reduction_results/intel_iris_xe_graphics/syn_subgroup_op_release/variant_415/variant_415.json
19:22:02.074 INFO  StreamGobblerLogger - stderr.env: ‘interestingness_test’: No such file or directory
19:22:02.075 INFO  ExecHelper - Result: 127
19:22:02.075 INFO  CustomFileJudge - Custom file judge result: 127
19:22:02.075 INFO  ReductionDriver - Result from initial state is not interesting (attempt 2)
19:22:02.176 INFO  ExecHelper - interestingness_test /opt/reduce/intel_iris_xe_graphics/syn_subgroup_op_release/variant_415.comp reduction_results/intel_iris_xe_graphics/syn_subgroup_op_release/variant_415/variant_415.json
19:22:02.178 INFO  StreamGobblerLogger - stderr.env: ‘interestingness_test’: No such file or directory
19:22:02.178 INFO  ExecHelper - Result: 127
19:22:02.178 INFO  CustomFileJudge - Custom file judge result: 127
19:22:02.178 INFO  ReductionDriver - Result from initial state is not interesting (attempt 3)
19:22:02.272 INFO  ExecHelper - interestingness_test /opt/reduce/intel_iris_xe_graphics/syn_subgroup_op_release/variant_415.comp reduction_results/intel_iris_xe_graphics/syn_subgroup_op_release/variant_415/variant_415.json
19:22:02.273 INFO  StreamGobblerLogger - stderr.env: ‘interestingness_test’: No such file or directory
19:22:02.274 INFO  ExecHelper - Result: 127
19:22:02.274 INFO  CustomFileJudge - Custom file judge result: 127
19:22:02.274 INFO  ReductionDriver - Result from initial state is not interesting (attempt 4)
19:22:02.369 INFO  ExecHelper - interestingness_test /opt/reduce/intel_iris_xe_graphics/syn_subgroup_op_release/variant_415.comp reduction_results/intel_iris_xe_graphics/syn_subgroup_op_release/variant_415/variant_415.json
19:22:02.371 INFO  StreamGobblerLogger - stderr.env: ‘interestingness_test’: No such file or directory
19:22:02.371 INFO  ExecHelper - Result: 127
19:22:02.372 INFO  CustomFileJudge - Custom file judge result: 127
19:22:02.372 INFO  ReductionDriver - Result from initial state is not interesting (attempt 5)
19:22:02.372 INFO  ReductionDriver - Tried 5 times; stopping.
Reduction command: java -ea -cp /opt/graphicsfuzz/graphicsfuzz/target/graphicsfuzz/python/drivers/../../jar/tool-1.0.jar com.graphicsfuzz.reducer.tool.GlslReduce /opt/reduce/intel_iris_xe_graphics/syn_subgroup_op_release/variant_415.json interestingness_test --output reduction_results/intel_iris_xe_graphics/syn_subgroup_op_release/variant_415 /opt/reduce/intel_iris_xe_graphics/syn_subgroup_op_release/variant_415.comp
