19:15:41.182 INFO  ExecHelper - /opt/graphicsfuzz/graphicsfuzz/target/graphicsfuzz/bin/Linux/glslangValidator -E --stdin -S comp
19:15:41.234 INFO  ExecHelper - Result: 0
19:15:41.313 INFO  ReductionDriver - Starting reduction for variant_770
19:15:41.322 INFO  ExecHelper - interestingness_test /opt/reduce/intel_iris_xe_graphics/syn_memory_converge_atomic/variant_770.comp reduction_results/intel_iris_xe_graphics/syn_memory_converge_atomic/variant_770/variant_770.json
19:15:41.323 INFO  StreamGobblerLogger - stderr.env: ‘interestingness_test’: No such file or directory
19:15:41.323 INFO  ExecHelper - Result: 127
19:15:41.324 INFO  CustomFileJudge - Custom file judge result: 127
19:15:41.324 INFO  ReductionDriver - Result from initial state is not interesting (attempt 1)
19:15:41.326 INFO  ExecHelper - interestingness_test /opt/reduce/intel_iris_xe_graphics/syn_memory_converge_atomic/variant_770.comp reduction_results/intel_iris_xe_graphics/syn_memory_converge_atomic/variant_770/variant_770.json
19:15:41.327 INFO  StreamGobblerLogger - stderr.env: ‘interestingness_test’: No such file or directory
19:15:41.327 INFO  ExecHelper - Result: 127
19:15:41.327 INFO  CustomFileJudge - Custom file judge result: 127
19:15:41.327 INFO  ReductionDriver - Result from initial state is not interesting (attempt 2)
19:15:41.329 INFO  ExecHelper - interestingness_test /opt/reduce/intel_iris_xe_graphics/syn_memory_converge_atomic/variant_770.comp reduction_results/intel_iris_xe_graphics/syn_memory_converge_atomic/variant_770/variant_770.json
19:15:41.330 INFO  StreamGobblerLogger - stderr.env: ‘interestingness_test’: No such file or directory
19:15:41.330 INFO  ExecHelper - Result: 127
19:15:41.330 INFO  CustomFileJudge - Custom file judge result: 127
19:15:41.330 INFO  ReductionDriver - Result from initial state is not interesting (attempt 3)
19:15:41.332 INFO  ExecHelper - interestingness_test /opt/reduce/intel_iris_xe_graphics/syn_memory_converge_atomic/variant_770.comp reduction_results/intel_iris_xe_graphics/syn_memory_converge_atomic/variant_770/variant_770.json
19:15:41.333 INFO  StreamGobblerLogger - stderr.env: ‘interestingness_test’: No such file or directory
19:15:41.333 INFO  ExecHelper - Result: 127
19:15:41.333 INFO  CustomFileJudge - Custom file judge result: 127
19:15:41.333 INFO  ReductionDriver - Result from initial state is not interesting (attempt 4)
19:15:41.335 INFO  ExecHelper - interestingness_test /opt/reduce/intel_iris_xe_graphics/syn_memory_converge_atomic/variant_770.comp reduction_results/intel_iris_xe_graphics/syn_memory_converge_atomic/variant_770/variant_770.json
19:15:41.336 INFO  StreamGobblerLogger - stderr.env: ‘interestingness_test’: No such file or directory
19:15:41.337 INFO  ExecHelper - Result: 127
19:15:41.337 INFO  CustomFileJudge - Custom file judge result: 127
19:15:41.337 INFO  ReductionDriver - Result from initial state is not interesting (attempt 5)
19:15:41.337 INFO  ReductionDriver - Tried 5 times; stopping.
Reduction command: java -ea -cp /opt/graphicsfuzz/graphicsfuzz/target/graphicsfuzz/python/drivers/../../jar/tool-1.0.jar com.graphicsfuzz.reducer.tool.GlslReduce /opt/reduce/intel_iris_xe_graphics/syn_memory_converge_atomic/variant_770.json interestingness_test --output reduction_results/intel_iris_xe_graphics/syn_memory_converge_atomic/variant_770 /opt/reduce/intel_iris_xe_graphics/syn_memory_converge_atomic/variant_770.comp
