18:15:57.348 INFO  ExecHelper - /opt/graphicsfuzz/graphicsfuzz/target/graphicsfuzz/bin/Linux/glslangValidator -E --stdin -S comp
18:15:57.402 INFO  ExecHelper - Result: 0
18:15:57.690 INFO  ReductionDriver - Starting reduction for variant_159
18:15:57.767 INFO  ExecHelper - interestingness_test /opt/reduce/cezanne_radeon_vega/syn_memory_converge/variant_159.comp reduction_results/cezanne_radeon_vega/syn_memory_converge/variant_159/variant_159.json
18:15:57.769 INFO  StreamGobblerLogger - stderr.env: ‘interestingness_test’: No such file or directory
18:15:57.769 INFO  ExecHelper - Result: 127
18:15:57.769 INFO  CustomFileJudge - Custom file judge result: 127
18:15:57.770 INFO  ReductionDriver - Result from initial state is not interesting (attempt 1)
18:15:57.835 INFO  ExecHelper - interestingness_test /opt/reduce/cezanne_radeon_vega/syn_memory_converge/variant_159.comp reduction_results/cezanne_radeon_vega/syn_memory_converge/variant_159/variant_159.json
18:15:57.837 INFO  StreamGobblerLogger - stderr.env: ‘interestingness_test’: No such file or directory
18:15:57.837 INFO  ExecHelper - Result: 127
18:15:57.837 INFO  CustomFileJudge - Custom file judge result: 127
18:15:57.837 INFO  ReductionDriver - Result from initial state is not interesting (attempt 2)
18:15:57.896 INFO  ExecHelper - interestingness_test /opt/reduce/cezanne_radeon_vega/syn_memory_converge/variant_159.comp reduction_results/cezanne_radeon_vega/syn_memory_converge/variant_159/variant_159.json
18:15:57.897 INFO  StreamGobblerLogger - stderr.env: ‘interestingness_test’: No such file or directory
18:15:57.897 INFO  ExecHelper - Result: 127
18:15:57.897 INFO  CustomFileJudge - Custom file judge result: 127
18:15:57.898 INFO  ReductionDriver - Result from initial state is not interesting (attempt 3)
18:15:57.955 INFO  ExecHelper - interestingness_test /opt/reduce/cezanne_radeon_vega/syn_memory_converge/variant_159.comp reduction_results/cezanne_radeon_vega/syn_memory_converge/variant_159/variant_159.json
18:15:57.956 INFO  StreamGobblerLogger - stderr.env: ‘interestingness_test’: No such file or directory
18:15:57.957 INFO  ExecHelper - Result: 127
18:15:57.957 INFO  CustomFileJudge - Custom file judge result: 127
18:15:57.957 INFO  ReductionDriver - Result from initial state is not interesting (attempt 4)
18:15:58.014 INFO  ExecHelper - interestingness_test /opt/reduce/cezanne_radeon_vega/syn_memory_converge/variant_159.comp reduction_results/cezanne_radeon_vega/syn_memory_converge/variant_159/variant_159.json
18:15:58.015 INFO  StreamGobblerLogger - stderr.env: ‘interestingness_test’: No such file or directory
18:15:58.016 INFO  ExecHelper - Result: 127
18:15:58.016 INFO  CustomFileJudge - Custom file judge result: 127
18:15:58.016 INFO  ReductionDriver - Result from initial state is not interesting (attempt 5)
18:15:58.016 INFO  ReductionDriver - Tried 5 times; stopping.
Reduction command: java -ea -cp /opt/graphicsfuzz/graphicsfuzz/target/graphicsfuzz/python/drivers/../../jar/tool-1.0.jar com.graphicsfuzz.reducer.tool.GlslReduce /opt/reduce/cezanne_radeon_vega/syn_memory_converge/variant_159.json interestingness_test --output reduction_results/cezanne_radeon_vega/syn_memory_converge/variant_159 /opt/reduce/cezanne_radeon_vega/syn_memory_converge/variant_159.comp
