18:42:16.875 INFO  ExecHelper - /opt/graphicsfuzz/graphicsfuzz/target/graphicsfuzz/bin/Linux/glslangValidator -E --stdin -S comp
18:42:17.016 INFO  ExecHelper - Result: 0
18:42:17.874 INFO  ReductionDriver - Starting reduction for variant_580
18:42:17.891 INFO  ExecHelper - interestingness_test /opt/reduce/cezanne_radeon_vega/syn_subgroup_op_relax/variant_580.comp reduction_results/cezanne_radeon_vega/syn_subgroup_op_relax/variant_580/variant_580.json
18:42:17.892 INFO  StreamGobblerLogger - stderr.env: ‘interestingness_test’: No such file or directory
18:42:17.893 INFO  ExecHelper - Result: 127
18:42:17.893 INFO  CustomFileJudge - Custom file judge result: 127
18:42:17.893 INFO  ReductionDriver - Result from initial state is not interesting (attempt 1)
18:42:17.900 INFO  ExecHelper - interestingness_test /opt/reduce/cezanne_radeon_vega/syn_subgroup_op_relax/variant_580.comp reduction_results/cezanne_radeon_vega/syn_subgroup_op_relax/variant_580/variant_580.json
18:42:17.902 INFO  StreamGobblerLogger - stderr.env: ‘interestingness_test’: No such file or directory
18:42:17.902 INFO  ExecHelper - Result: 127
18:42:17.902 INFO  CustomFileJudge - Custom file judge result: 127
18:42:17.902 INFO  ReductionDriver - Result from initial state is not interesting (attempt 2)
18:42:17.909 INFO  ExecHelper - interestingness_test /opt/reduce/cezanne_radeon_vega/syn_subgroup_op_relax/variant_580.comp reduction_results/cezanne_radeon_vega/syn_subgroup_op_relax/variant_580/variant_580.json
18:42:17.910 INFO  StreamGobblerLogger - stderr.env: ‘interestingness_test’: No such file or directory
18:42:17.910 INFO  ExecHelper - Result: 127
18:42:17.911 INFO  CustomFileJudge - Custom file judge result: 127
18:42:17.911 INFO  ReductionDriver - Result from initial state is not interesting (attempt 3)
18:42:17.918 INFO  ExecHelper - interestingness_test /opt/reduce/cezanne_radeon_vega/syn_subgroup_op_relax/variant_580.comp reduction_results/cezanne_radeon_vega/syn_subgroup_op_relax/variant_580/variant_580.json
18:42:17.919 INFO  StreamGobblerLogger - stderr.env: ‘interestingness_test’: No such file or directory
18:42:17.920 INFO  ExecHelper - Result: 127
18:42:17.920 INFO  CustomFileJudge - Custom file judge result: 127
18:42:17.920 INFO  ReductionDriver - Result from initial state is not interesting (attempt 4)
18:42:17.925 INFO  ExecHelper - interestingness_test /opt/reduce/cezanne_radeon_vega/syn_subgroup_op_relax/variant_580.comp reduction_results/cezanne_radeon_vega/syn_subgroup_op_relax/variant_580/variant_580.json
18:42:17.926 INFO  StreamGobblerLogger - stderr.env: ‘interestingness_test’: No such file or directory
18:42:17.926 INFO  ExecHelper - Result: 127
18:42:17.926 INFO  CustomFileJudge - Custom file judge result: 127
18:42:17.927 INFO  ReductionDriver - Result from initial state is not interesting (attempt 5)
18:42:17.927 INFO  ReductionDriver - Tried 5 times; stopping.
Reduction command: java -ea -cp /opt/graphicsfuzz/graphicsfuzz/target/graphicsfuzz/python/drivers/../../jar/tool-1.0.jar com.graphicsfuzz.reducer.tool.GlslReduce /opt/reduce/cezanne_radeon_vega/syn_subgroup_op_relax/variant_580.json interestingness_test --output reduction_results/cezanne_radeon_vega/syn_subgroup_op_relax/variant_580 /opt/reduce/cezanne_radeon_vega/syn_subgroup_op_relax/variant_580.comp
