18:53:52.863 INFO  ExecHelper - /opt/graphicsfuzz/graphicsfuzz/target/graphicsfuzz/bin/Linux/glslangValidator -E --stdin -S comp
18:53:52.910 INFO  ExecHelper - Result: 0
18:53:53.008 INFO  ReductionDriver - Starting reduction for variant_271
18:53:53.021 INFO  ExecHelper - interestingness_test /opt/reduce/intel_iris_xe_graphics/syn_memory_converge/variant_271.comp reduction_results/intel_iris_xe_graphics/syn_memory_converge/variant_271/variant_271.json
18:53:53.023 INFO  StreamGobblerLogger - stderr.env: ‘interestingness_test’: No such file or directory
18:53:53.023 INFO  ExecHelper - Result: 127
18:53:53.024 INFO  CustomFileJudge - Custom file judge result: 127
18:53:53.024 INFO  ReductionDriver - Result from initial state is not interesting (attempt 1)
18:53:53.028 INFO  ExecHelper - interestingness_test /opt/reduce/intel_iris_xe_graphics/syn_memory_converge/variant_271.comp reduction_results/intel_iris_xe_graphics/syn_memory_converge/variant_271/variant_271.json
18:53:53.029 INFO  StreamGobblerLogger - stderr.env: ‘interestingness_test’: No such file or directory
18:53:53.029 INFO  ExecHelper - Result: 127
18:53:53.030 INFO  CustomFileJudge - Custom file judge result: 127
18:53:53.030 INFO  ReductionDriver - Result from initial state is not interesting (attempt 2)
18:53:53.033 INFO  ExecHelper - interestingness_test /opt/reduce/intel_iris_xe_graphics/syn_memory_converge/variant_271.comp reduction_results/intel_iris_xe_graphics/syn_memory_converge/variant_271/variant_271.json
18:53:53.034 INFO  StreamGobblerLogger - stderr.env: ‘interestingness_test’: No such file or directory
18:53:53.034 INFO  ExecHelper - Result: 127
18:53:53.035 INFO  CustomFileJudge - Custom file judge result: 127
18:53:53.035 INFO  ReductionDriver - Result from initial state is not interesting (attempt 3)
18:53:53.038 INFO  ExecHelper - interestingness_test /opt/reduce/intel_iris_xe_graphics/syn_memory_converge/variant_271.comp reduction_results/intel_iris_xe_graphics/syn_memory_converge/variant_271/variant_271.json
18:53:53.039 INFO  StreamGobblerLogger - stderr.env: ‘interestingness_test’: No such file or directory
18:53:53.039 INFO  ExecHelper - Result: 127
18:53:53.039 INFO  CustomFileJudge - Custom file judge result: 127
18:53:53.039 INFO  ReductionDriver - Result from initial state is not interesting (attempt 4)
18:53:53.042 INFO  ExecHelper - interestingness_test /opt/reduce/intel_iris_xe_graphics/syn_memory_converge/variant_271.comp reduction_results/intel_iris_xe_graphics/syn_memory_converge/variant_271/variant_271.json
18:53:53.044 INFO  StreamGobblerLogger - stderr.env: ‘interestingness_test’: No such file or directory
18:53:53.044 INFO  ExecHelper - Result: 127
18:53:53.044 INFO  CustomFileJudge - Custom file judge result: 127
18:53:53.044 INFO  ReductionDriver - Result from initial state is not interesting (attempt 5)
18:53:53.044 INFO  ReductionDriver - Tried 5 times; stopping.
Reduction command: java -ea -cp /opt/graphicsfuzz/graphicsfuzz/target/graphicsfuzz/python/drivers/../../jar/tool-1.0.jar com.graphicsfuzz.reducer.tool.GlslReduce /opt/reduce/intel_iris_xe_graphics/syn_memory_converge/variant_271.json interestingness_test --output reduction_results/intel_iris_xe_graphics/syn_memory_converge/variant_271 /opt/reduce/intel_iris_xe_graphics/syn_memory_converge/variant_271.comp
