19:02:21.545 INFO  ExecHelper - /opt/graphicsfuzz/graphicsfuzz/target/graphicsfuzz/bin/Linux/glslangValidator -E --stdin -S comp
19:02:21.600 INFO  ExecHelper - Result: 0
19:02:21.927 INFO  ReductionDriver - Starting reduction for variant_872
19:02:22.015 INFO  ExecHelper - interestingness_test /opt/reduce/intel_iris_xe_graphics/syn_memory_converge/variant_872.comp reduction_results/intel_iris_xe_graphics/syn_memory_converge/variant_872/variant_872.json
19:02:22.016 INFO  StreamGobblerLogger - stderr.env: ‘interestingness_test’: No such file or directory
19:02:22.017 INFO  ExecHelper - Result: 127
19:02:22.017 INFO  CustomFileJudge - Custom file judge result: 127
19:02:22.017 INFO  ReductionDriver - Result from initial state is not interesting (attempt 1)
19:02:22.083 INFO  ExecHelper - interestingness_test /opt/reduce/intel_iris_xe_graphics/syn_memory_converge/variant_872.comp reduction_results/intel_iris_xe_graphics/syn_memory_converge/variant_872/variant_872.json
19:02:22.085 INFO  StreamGobblerLogger - stderr.env: ‘interestingness_test’: No such file or directory
19:02:22.085 INFO  ExecHelper - Result: 127
19:02:22.085 INFO  CustomFileJudge - Custom file judge result: 127
19:02:22.085 INFO  ReductionDriver - Result from initial state is not interesting (attempt 2)
19:02:22.148 INFO  ExecHelper - interestingness_test /opt/reduce/intel_iris_xe_graphics/syn_memory_converge/variant_872.comp reduction_results/intel_iris_xe_graphics/syn_memory_converge/variant_872/variant_872.json
19:02:22.149 INFO  StreamGobblerLogger - stderr.env: ‘interestingness_test’: No such file or directory
19:02:22.150 INFO  ExecHelper - Result: 127
19:02:22.150 INFO  CustomFileJudge - Custom file judge result: 127
19:02:22.150 INFO  ReductionDriver - Result from initial state is not interesting (attempt 3)
19:02:22.226 INFO  ExecHelper - interestingness_test /opt/reduce/intel_iris_xe_graphics/syn_memory_converge/variant_872.comp reduction_results/intel_iris_xe_graphics/syn_memory_converge/variant_872/variant_872.json
19:02:22.227 INFO  StreamGobblerLogger - stderr.env: ‘interestingness_test’: No such file or directory
19:02:22.228 INFO  ExecHelper - Result: 127
19:02:22.228 INFO  CustomFileJudge - Custom file judge result: 127
19:02:22.228 INFO  ReductionDriver - Result from initial state is not interesting (attempt 4)
19:02:22.288 INFO  ExecHelper - interestingness_test /opt/reduce/intel_iris_xe_graphics/syn_memory_converge/variant_872.comp reduction_results/intel_iris_xe_graphics/syn_memory_converge/variant_872/variant_872.json
19:02:22.290 INFO  StreamGobblerLogger - stderr.env: ‘interestingness_test’: No such file or directory
19:02:22.290 INFO  ExecHelper - Result: 127
19:02:22.290 INFO  CustomFileJudge - Custom file judge result: 127
19:02:22.290 INFO  ReductionDriver - Result from initial state is not interesting (attempt 5)
19:02:22.290 INFO  ReductionDriver - Tried 5 times; stopping.
Reduction command: java -ea -cp /opt/graphicsfuzz/graphicsfuzz/target/graphicsfuzz/python/drivers/../../jar/tool-1.0.jar com.graphicsfuzz.reducer.tool.GlslReduce /opt/reduce/intel_iris_xe_graphics/syn_memory_converge/variant_872.json interestingness_test --output reduction_results/intel_iris_xe_graphics/syn_memory_converge/variant_872 /opt/reduce/intel_iris_xe_graphics/syn_memory_converge/variant_872.comp
