19:19:25.780 INFO  ExecHelper - /opt/graphicsfuzz/graphicsfuzz/target/graphicsfuzz/bin/Linux/glslangValidator -E --stdin -S comp
19:19:26.019 INFO  ExecHelper - Result: 0
19:19:26.951 INFO  ReductionDriver - Starting reduction for variant_289
19:19:26.986 INFO  ExecHelper - interestingness_test /opt/reduce/intel_iris_xe_graphics/syn_subgroup_op/variant_289.comp reduction_results/intel_iris_xe_graphics/syn_subgroup_op/variant_289/variant_289.json
19:19:26.987 INFO  StreamGobblerLogger - stderr.env: ‘interestingness_test’: No such file or directory
19:19:26.988 INFO  ExecHelper - Result: 127
19:19:26.988 INFO  CustomFileJudge - Custom file judge result: 127
19:19:26.988 INFO  ReductionDriver - Result from initial state is not interesting (attempt 1)
19:19:27.001 INFO  ExecHelper - interestingness_test /opt/reduce/intel_iris_xe_graphics/syn_subgroup_op/variant_289.comp reduction_results/intel_iris_xe_graphics/syn_subgroup_op/variant_289/variant_289.json
19:19:27.003 INFO  StreamGobblerLogger - stderr.env: ‘interestingness_test’: No such file or directory
19:19:27.003 INFO  ExecHelper - Result: 127
19:19:27.003 INFO  CustomFileJudge - Custom file judge result: 127
19:19:27.003 INFO  ReductionDriver - Result from initial state is not interesting (attempt 2)
19:19:27.015 INFO  ExecHelper - interestingness_test /opt/reduce/intel_iris_xe_graphics/syn_subgroup_op/variant_289.comp reduction_results/intel_iris_xe_graphics/syn_subgroup_op/variant_289/variant_289.json
19:19:27.016 INFO  StreamGobblerLogger - stderr.env: ‘interestingness_test’: No such file or directory
19:19:27.017 INFO  ExecHelper - Result: 127
19:19:27.017 INFO  CustomFileJudge - Custom file judge result: 127
19:19:27.017 INFO  ReductionDriver - Result from initial state is not interesting (attempt 3)
19:19:27.028 INFO  ExecHelper - interestingness_test /opt/reduce/intel_iris_xe_graphics/syn_subgroup_op/variant_289.comp reduction_results/intel_iris_xe_graphics/syn_subgroup_op/variant_289/variant_289.json
19:19:27.029 INFO  StreamGobblerLogger - stderr.env: ‘interestingness_test’: No such file or directory
19:19:27.029 INFO  ExecHelper - Result: 127
19:19:27.030 INFO  CustomFileJudge - Custom file judge result: 127
19:19:27.030 INFO  ReductionDriver - Result from initial state is not interesting (attempt 4)
19:19:27.041 INFO  ExecHelper - interestingness_test /opt/reduce/intel_iris_xe_graphics/syn_subgroup_op/variant_289.comp reduction_results/intel_iris_xe_graphics/syn_subgroup_op/variant_289/variant_289.json
19:19:27.042 INFO  StreamGobblerLogger - stderr.env: ‘interestingness_test’: No such file or directory
19:19:27.043 INFO  ExecHelper - Result: 127
19:19:27.043 INFO  CustomFileJudge - Custom file judge result: 127
19:19:27.043 INFO  ReductionDriver - Result from initial state is not interesting (attempt 5)
19:19:27.043 INFO  ReductionDriver - Tried 5 times; stopping.
Reduction command: java -ea -cp /opt/graphicsfuzz/graphicsfuzz/target/graphicsfuzz/python/drivers/../../jar/tool-1.0.jar com.graphicsfuzz.reducer.tool.GlslReduce /opt/reduce/intel_iris_xe_graphics/syn_subgroup_op/variant_289.json interestingness_test --output reduction_results/intel_iris_xe_graphics/syn_subgroup_op/variant_289 /opt/reduce/intel_iris_xe_graphics/syn_subgroup_op/variant_289.comp
