18:50:04.324 INFO  ExecHelper - /opt/graphicsfuzz/graphicsfuzz/target/graphicsfuzz/bin/Linux/glslangValidator -E --stdin -S comp
18:50:04.376 INFO  ExecHelper - Result: 0
18:50:04.663 INFO  ReductionDriver - Starting reduction for variant_975
18:50:04.733 INFO  ExecHelper - interestingness_test /opt/reduce/intel_iris_xe_graphics/syn_lock_step_release/variant_975.comp reduction_results/intel_iris_xe_graphics/syn_lock_step_release/variant_975/variant_975.json
18:50:04.735 INFO  StreamGobblerLogger - stderr.env: ‘interestingness_test’: No such file or directory
18:50:04.735 INFO  ExecHelper - Result: 127
18:50:04.735 INFO  CustomFileJudge - Custom file judge result: 127
18:50:04.736 INFO  ReductionDriver - Result from initial state is not interesting (attempt 1)
18:50:04.795 INFO  ExecHelper - interestingness_test /opt/reduce/intel_iris_xe_graphics/syn_lock_step_release/variant_975.comp reduction_results/intel_iris_xe_graphics/syn_lock_step_release/variant_975/variant_975.json
18:50:04.796 INFO  StreamGobblerLogger - stderr.env: ‘interestingness_test’: No such file or directory
18:50:04.797 INFO  ExecHelper - Result: 127
18:50:04.797 INFO  CustomFileJudge - Custom file judge result: 127
18:50:04.797 INFO  ReductionDriver - Result from initial state is not interesting (attempt 2)
18:50:04.854 INFO  ExecHelper - interestingness_test /opt/reduce/intel_iris_xe_graphics/syn_lock_step_release/variant_975.comp reduction_results/intel_iris_xe_graphics/syn_lock_step_release/variant_975/variant_975.json
18:50:04.856 INFO  StreamGobblerLogger - stderr.env: ‘interestingness_test’: No such file or directory
18:50:04.856 INFO  ExecHelper - Result: 127
18:50:04.856 INFO  CustomFileJudge - Custom file judge result: 127
18:50:04.856 INFO  ReductionDriver - Result from initial state is not interesting (attempt 3)
18:50:04.909 INFO  ExecHelper - interestingness_test /opt/reduce/intel_iris_xe_graphics/syn_lock_step_release/variant_975.comp reduction_results/intel_iris_xe_graphics/syn_lock_step_release/variant_975/variant_975.json
18:50:04.911 INFO  StreamGobblerLogger - stderr.env: ‘interestingness_test’: No such file or directory
18:50:04.911 INFO  ExecHelper - Result: 127
18:50:04.911 INFO  CustomFileJudge - Custom file judge result: 127
18:50:04.911 INFO  ReductionDriver - Result from initial state is not interesting (attempt 4)
18:50:04.963 INFO  ExecHelper - interestingness_test /opt/reduce/intel_iris_xe_graphics/syn_lock_step_release/variant_975.comp reduction_results/intel_iris_xe_graphics/syn_lock_step_release/variant_975/variant_975.json
18:50:04.969 INFO  StreamGobblerLogger - stderr.env: ‘interestingness_test’: No such file or directory
18:50:04.970 INFO  ExecHelper - Result: 127
18:50:04.970 INFO  CustomFileJudge - Custom file judge result: 127
18:50:04.970 INFO  ReductionDriver - Result from initial state is not interesting (attempt 5)
18:50:04.970 INFO  ReductionDriver - Tried 5 times; stopping.
Reduction command: java -ea -cp /opt/graphicsfuzz/graphicsfuzz/target/graphicsfuzz/python/drivers/../../jar/tool-1.0.jar com.graphicsfuzz.reducer.tool.GlslReduce /opt/reduce/intel_iris_xe_graphics/syn_lock_step_release/variant_975.json interestingness_test --output reduction_results/intel_iris_xe_graphics/syn_lock_step_release/variant_975 /opt/reduce/intel_iris_xe_graphics/syn_lock_step_release/variant_975.comp
