18:25:21.507 INFO  ExecHelper - /opt/graphicsfuzz/graphicsfuzz/target/graphicsfuzz/bin/Linux/glslangValidator -E --stdin -S comp
18:25:21.564 INFO  ExecHelper - Result: 0
18:25:22.063 INFO  ReductionDriver - Starting reduction for variant_863
18:25:22.181 INFO  ExecHelper - interestingness_test /opt/reduce/cezanne_radeon_vega/syn_memory_converge/variant_863.comp reduction_results/cezanne_radeon_vega/syn_memory_converge/variant_863/variant_863.json
18:25:22.183 INFO  StreamGobblerLogger - stderr.env: ‘interestingness_test’: No such file or directory
18:25:22.183 INFO  ExecHelper - Result: 127
18:25:22.183 INFO  CustomFileJudge - Custom file judge result: 127
18:25:22.183 INFO  ReductionDriver - Result from initial state is not interesting (attempt 1)
18:25:22.281 INFO  ExecHelper - interestingness_test /opt/reduce/cezanne_radeon_vega/syn_memory_converge/variant_863.comp reduction_results/cezanne_radeon_vega/syn_memory_converge/variant_863/variant_863.json
18:25:22.282 INFO  StreamGobblerLogger - stderr.env: ‘interestingness_test’: No such file or directory
18:25:22.283 INFO  ExecHelper - Result: 127
18:25:22.283 INFO  CustomFileJudge - Custom file judge result: 127
18:25:22.283 INFO  ReductionDriver - Result from initial state is not interesting (attempt 2)
18:25:22.385 INFO  ExecHelper - interestingness_test /opt/reduce/cezanne_radeon_vega/syn_memory_converge/variant_863.comp reduction_results/cezanne_radeon_vega/syn_memory_converge/variant_863/variant_863.json
18:25:22.387 INFO  StreamGobblerLogger - stderr.env: ‘interestingness_test’: No such file or directory
18:25:22.387 INFO  ExecHelper - Result: 127
18:25:22.387 INFO  CustomFileJudge - Custom file judge result: 127
18:25:22.387 INFO  ReductionDriver - Result from initial state is not interesting (attempt 3)
18:25:22.480 INFO  ExecHelper - interestingness_test /opt/reduce/cezanne_radeon_vega/syn_memory_converge/variant_863.comp reduction_results/cezanne_radeon_vega/syn_memory_converge/variant_863/variant_863.json
18:25:22.481 INFO  StreamGobblerLogger - stderr.env: ‘interestingness_test’: No such file or directory
18:25:22.482 INFO  ExecHelper - Result: 127
18:25:22.482 INFO  CustomFileJudge - Custom file judge result: 127
18:25:22.482 INFO  ReductionDriver - Result from initial state is not interesting (attempt 4)
18:25:22.569 INFO  ExecHelper - interestingness_test /opt/reduce/cezanne_radeon_vega/syn_memory_converge/variant_863.comp reduction_results/cezanne_radeon_vega/syn_memory_converge/variant_863/variant_863.json
18:25:22.570 INFO  StreamGobblerLogger - stderr.env: ‘interestingness_test’: No such file or directory
18:25:22.571 INFO  ExecHelper - Result: 127
18:25:22.571 INFO  CustomFileJudge - Custom file judge result: 127
18:25:22.571 INFO  ReductionDriver - Result from initial state is not interesting (attempt 5)
18:25:22.571 INFO  ReductionDriver - Tried 5 times; stopping.
Reduction command: java -ea -cp /opt/graphicsfuzz/graphicsfuzz/target/graphicsfuzz/python/drivers/../../jar/tool-1.0.jar com.graphicsfuzz.reducer.tool.GlslReduce /opt/reduce/cezanne_radeon_vega/syn_memory_converge/variant_863.json interestingness_test --output reduction_results/cezanne_radeon_vega/syn_memory_converge/variant_863 /opt/reduce/cezanne_radeon_vega/syn_memory_converge/variant_863.comp
