18:16:38.925 INFO  ExecHelper - /opt/graphicsfuzz/graphicsfuzz/target/graphicsfuzz/bin/Linux/glslangValidator -E --stdin -S comp
18:16:38.988 INFO  ExecHelper - Result: 0
18:16:39.677 INFO  ReductionDriver - Starting reduction for variant_217
18:16:39.714 INFO  ExecHelper - interestingness_test /opt/reduce/cezanne_radeon_vega/syn_memory_converge/variant_217.comp reduction_results/cezanne_radeon_vega/syn_memory_converge/variant_217/variant_217.json
18:16:39.716 INFO  StreamGobblerLogger - stderr.env: ‘interestingness_test’: No such file or directory
18:16:39.716 INFO  ExecHelper - Result: 127
18:16:39.716 INFO  CustomFileJudge - Custom file judge result: 127
18:16:39.716 INFO  ReductionDriver - Result from initial state is not interesting (attempt 1)
18:16:39.741 INFO  ExecHelper - interestingness_test /opt/reduce/cezanne_radeon_vega/syn_memory_converge/variant_217.comp reduction_results/cezanne_radeon_vega/syn_memory_converge/variant_217/variant_217.json
18:16:39.743 INFO  StreamGobblerLogger - stderr.env: ‘interestingness_test’: No such file or directory
18:16:39.743 INFO  ExecHelper - Result: 127
18:16:39.743 INFO  CustomFileJudge - Custom file judge result: 127
18:16:39.743 INFO  ReductionDriver - Result from initial state is not interesting (attempt 2)
18:16:39.766 INFO  ExecHelper - interestingness_test /opt/reduce/cezanne_radeon_vega/syn_memory_converge/variant_217.comp reduction_results/cezanne_radeon_vega/syn_memory_converge/variant_217/variant_217.json
18:16:39.768 INFO  StreamGobblerLogger - stderr.env: ‘interestingness_test’: No such file or directory
18:16:39.768 INFO  ExecHelper - Result: 127
18:16:39.768 INFO  CustomFileJudge - Custom file judge result: 127
18:16:39.768 INFO  ReductionDriver - Result from initial state is not interesting (attempt 3)
18:16:39.789 INFO  ExecHelper - interestingness_test /opt/reduce/cezanne_radeon_vega/syn_memory_converge/variant_217.comp reduction_results/cezanne_radeon_vega/syn_memory_converge/variant_217/variant_217.json
18:16:39.790 INFO  StreamGobblerLogger - stderr.env: ‘interestingness_test’: No such file or directory
18:16:39.791 INFO  ExecHelper - Result: 127
18:16:39.791 INFO  CustomFileJudge - Custom file judge result: 127
18:16:39.791 INFO  ReductionDriver - Result from initial state is not interesting (attempt 4)
18:16:39.812 INFO  ExecHelper - interestingness_test /opt/reduce/cezanne_radeon_vega/syn_memory_converge/variant_217.comp reduction_results/cezanne_radeon_vega/syn_memory_converge/variant_217/variant_217.json
18:16:39.813 INFO  StreamGobblerLogger - stderr.env: ‘interestingness_test’: No such file or directory
18:16:39.814 INFO  ExecHelper - Result: 127
18:16:39.814 INFO  CustomFileJudge - Custom file judge result: 127
18:16:39.814 INFO  ReductionDriver - Result from initial state is not interesting (attempt 5)
18:16:39.814 INFO  ReductionDriver - Tried 5 times; stopping.
Reduction command: java -ea -cp /opt/graphicsfuzz/graphicsfuzz/target/graphicsfuzz/python/drivers/../../jar/tool-1.0.jar com.graphicsfuzz.reducer.tool.GlslReduce /opt/reduce/cezanne_radeon_vega/syn_memory_converge/variant_217.json interestingness_test --output reduction_results/cezanne_radeon_vega/syn_memory_converge/variant_217 /opt/reduce/cezanne_radeon_vega/syn_memory_converge/variant_217.comp
