19:49:23.226 INFO  ExecHelper - /opt/graphicsfuzz/graphicsfuzz/target/graphicsfuzz/bin/Linux/glslangValidator -E --stdin -S comp
19:49:23.276 INFO  ExecHelper - Result: 0
19:49:23.368 INFO  ReductionDriver - Starting reduction for variant_628
19:49:23.386 INFO  ExecHelper - interestingness_test /opt/reduce/rtx_4070/syn_memory_converge_atomic/variant_628.comp reduction_results/rtx_4070/syn_memory_converge_atomic/variant_628/variant_628.json
19:49:23.388 INFO  StreamGobblerLogger - stderr.env: ‘interestingness_test’: No such file or directory
19:49:23.388 INFO  ExecHelper - Result: 127
19:49:23.388 INFO  CustomFileJudge - Custom file judge result: 127
19:49:23.388 INFO  ReductionDriver - Result from initial state is not interesting (attempt 1)
19:49:23.393 INFO  ExecHelper - interestingness_test /opt/reduce/rtx_4070/syn_memory_converge_atomic/variant_628.comp reduction_results/rtx_4070/syn_memory_converge_atomic/variant_628/variant_628.json
19:49:23.394 INFO  StreamGobblerLogger - stderr.env: ‘interestingness_test’: No such file or directory
19:49:23.395 INFO  ExecHelper - Result: 127
19:49:23.395 INFO  CustomFileJudge - Custom file judge result: 127
19:49:23.395 INFO  ReductionDriver - Result from initial state is not interesting (attempt 2)
19:49:23.398 INFO  ExecHelper - interestingness_test /opt/reduce/rtx_4070/syn_memory_converge_atomic/variant_628.comp reduction_results/rtx_4070/syn_memory_converge_atomic/variant_628/variant_628.json
19:49:23.399 INFO  StreamGobblerLogger - stderr.env: ‘interestingness_test’: No such file or directory
19:49:23.400 INFO  ExecHelper - Result: 127
19:49:23.400 INFO  CustomFileJudge - Custom file judge result: 127
19:49:23.400 INFO  ReductionDriver - Result from initial state is not interesting (attempt 3)
19:49:23.401 INFO  ExecHelper - interestingness_test /opt/reduce/rtx_4070/syn_memory_converge_atomic/variant_628.comp reduction_results/rtx_4070/syn_memory_converge_atomic/variant_628/variant_628.json
19:49:23.402 INFO  StreamGobblerLogger - stderr.env: ‘interestingness_test’: No such file or directory
19:49:23.403 INFO  ExecHelper - Result: 127
19:49:23.403 INFO  CustomFileJudge - Custom file judge result: 127
19:49:23.403 INFO  ReductionDriver - Result from initial state is not interesting (attempt 4)
19:49:23.404 INFO  ExecHelper - interestingness_test /opt/reduce/rtx_4070/syn_memory_converge_atomic/variant_628.comp reduction_results/rtx_4070/syn_memory_converge_atomic/variant_628/variant_628.json
19:49:23.405 INFO  StreamGobblerLogger - stderr.env: ‘interestingness_test’: No such file or directory
19:49:23.406 INFO  ExecHelper - Result: 127
19:49:23.406 INFO  CustomFileJudge - Custom file judge result: 127
19:49:23.406 INFO  ReductionDriver - Result from initial state is not interesting (attempt 5)
19:49:23.406 INFO  ReductionDriver - Tried 5 times; stopping.
Reduction command: java -ea -cp /opt/graphicsfuzz/graphicsfuzz/target/graphicsfuzz/python/drivers/../../jar/tool-1.0.jar com.graphicsfuzz.reducer.tool.GlslReduce /opt/reduce/rtx_4070/syn_memory_converge_atomic/variant_628.json interestingness_test --output reduction_results/rtx_4070/syn_memory_converge_atomic/variant_628 /opt/reduce/rtx_4070/syn_memory_converge_atomic/variant_628.comp
