19:52:44.724 INFO  ExecHelper - /opt/graphicsfuzz/graphicsfuzz/target/graphicsfuzz/bin/Linux/glslangValidator -E --stdin -S comp
19:52:44.773 INFO  ExecHelper - Result: 0
19:52:44.884 INFO  ReductionDriver - Starting reduction for variant_840
19:52:44.894 INFO  ExecHelper - interestingness_test /opt/reduce/rtx_4070/syn_memory_converge_atomic/variant_840.comp reduction_results/rtx_4070/syn_memory_converge_atomic/variant_840/variant_840.json
19:52:44.896 INFO  StreamGobblerLogger - stderr.env: ‘interestingness_test’: No such file or directory
19:52:44.896 INFO  ExecHelper - Result: 127
19:52:44.896 INFO  CustomFileJudge - Custom file judge result: 127
19:52:44.896 INFO  ReductionDriver - Result from initial state is not interesting (attempt 1)
19:52:44.899 INFO  ExecHelper - interestingness_test /opt/reduce/rtx_4070/syn_memory_converge_atomic/variant_840.comp reduction_results/rtx_4070/syn_memory_converge_atomic/variant_840/variant_840.json
19:52:44.900 INFO  StreamGobblerLogger - stderr.env: ‘interestingness_test’: No such file or directory
19:52:44.901 INFO  ExecHelper - Result: 127
19:52:44.901 INFO  CustomFileJudge - Custom file judge result: 127
19:52:44.901 INFO  ReductionDriver - Result from initial state is not interesting (attempt 2)
19:52:44.902 INFO  ExecHelper - interestingness_test /opt/reduce/rtx_4070/syn_memory_converge_atomic/variant_840.comp reduction_results/rtx_4070/syn_memory_converge_atomic/variant_840/variant_840.json
19:52:44.904 INFO  StreamGobblerLogger - stderr.env: ‘interestingness_test’: No such file or directory
19:52:44.904 INFO  ExecHelper - Result: 127
19:52:44.904 INFO  CustomFileJudge - Custom file judge result: 127
19:52:44.904 INFO  ReductionDriver - Result from initial state is not interesting (attempt 3)
19:52:44.906 INFO  ExecHelper - interestingness_test /opt/reduce/rtx_4070/syn_memory_converge_atomic/variant_840.comp reduction_results/rtx_4070/syn_memory_converge_atomic/variant_840/variant_840.json
19:52:44.907 INFO  StreamGobblerLogger - stderr.env: ‘interestingness_test’: No such file or directory
19:52:44.908 INFO  ExecHelper - Result: 127
19:52:44.908 INFO  CustomFileJudge - Custom file judge result: 127
19:52:44.908 INFO  ReductionDriver - Result from initial state is not interesting (attempt 4)
19:52:44.909 INFO  ExecHelper - interestingness_test /opt/reduce/rtx_4070/syn_memory_converge_atomic/variant_840.comp reduction_results/rtx_4070/syn_memory_converge_atomic/variant_840/variant_840.json
19:52:44.911 INFO  StreamGobblerLogger - stderr.env: ‘interestingness_test’: No such file or directory
19:52:44.911 INFO  ExecHelper - Result: 127
19:52:44.911 INFO  CustomFileJudge - Custom file judge result: 127
19:52:44.911 INFO  ReductionDriver - Result from initial state is not interesting (attempt 5)
19:52:44.911 INFO  ReductionDriver - Tried 5 times; stopping.
Reduction command: java -ea -cp /opt/graphicsfuzz/graphicsfuzz/target/graphicsfuzz/python/drivers/../../jar/tool-1.0.jar com.graphicsfuzz.reducer.tool.GlslReduce /opt/reduce/rtx_4070/syn_memory_converge_atomic/variant_840.json interestingness_test --output reduction_results/rtx_4070/syn_memory_converge_atomic/variant_840 /opt/reduce/rtx_4070/syn_memory_converge_atomic/variant_840.comp
