19:27:08.668 INFO  ExecHelper - /opt/graphicsfuzz/graphicsfuzz/target/graphicsfuzz/bin/Linux/glslangValidator -E --stdin -S comp
19:27:08.852 INFO  ExecHelper - Result: 0
19:27:09.725 INFO  ReductionDriver - Starting reduction for variant_072
19:27:09.747 INFO  ExecHelper - interestingness_test /opt/reduce/rtx_4070/syn_memory_converge/variant_072.comp reduction_results/rtx_4070/syn_memory_converge/variant_072/variant_072.json
19:27:09.748 INFO  StreamGobblerLogger - stderr.env: ‘interestingness_test’: No such file or directory
19:27:09.749 INFO  ExecHelper - Result: 127
19:27:09.749 INFO  CustomFileJudge - Custom file judge result: 127
19:27:09.749 INFO  ReductionDriver - Result from initial state is not interesting (attempt 1)
19:27:09.761 INFO  ExecHelper - interestingness_test /opt/reduce/rtx_4070/syn_memory_converge/variant_072.comp reduction_results/rtx_4070/syn_memory_converge/variant_072/variant_072.json
19:27:09.762 INFO  StreamGobblerLogger - stderr.env: ‘interestingness_test’: No such file or directory
19:27:09.762 INFO  ExecHelper - Result: 127
19:27:09.762 INFO  CustomFileJudge - Custom file judge result: 127
19:27:09.762 INFO  ReductionDriver - Result from initial state is not interesting (attempt 2)
19:27:09.772 INFO  ExecHelper - interestingness_test /opt/reduce/rtx_4070/syn_memory_converge/variant_072.comp reduction_results/rtx_4070/syn_memory_converge/variant_072/variant_072.json
19:27:09.774 INFO  StreamGobblerLogger - stderr.env: ‘interestingness_test’: No such file or directory
19:27:09.774 INFO  ExecHelper - Result: 127
19:27:09.774 INFO  CustomFileJudge - Custom file judge result: 127
19:27:09.774 INFO  ReductionDriver - Result from initial state is not interesting (attempt 3)
19:27:09.783 INFO  ExecHelper - interestingness_test /opt/reduce/rtx_4070/syn_memory_converge/variant_072.comp reduction_results/rtx_4070/syn_memory_converge/variant_072/variant_072.json
19:27:09.784 INFO  StreamGobblerLogger - stderr.env: ‘interestingness_test’: No such file or directory
19:27:09.785 INFO  ExecHelper - Result: 127
19:27:09.785 INFO  CustomFileJudge - Custom file judge result: 127
19:27:09.785 INFO  ReductionDriver - Result from initial state is not interesting (attempt 4)
19:27:09.794 INFO  ExecHelper - interestingness_test /opt/reduce/rtx_4070/syn_memory_converge/variant_072.comp reduction_results/rtx_4070/syn_memory_converge/variant_072/variant_072.json
19:27:09.795 INFO  StreamGobblerLogger - stderr.env: ‘interestingness_test’: No such file or directory
19:27:09.795 INFO  ExecHelper - Result: 127
19:27:09.795 INFO  CustomFileJudge - Custom file judge result: 127
19:27:09.795 INFO  ReductionDriver - Result from initial state is not interesting (attempt 5)
19:27:09.795 INFO  ReductionDriver - Tried 5 times; stopping.
Reduction command: java -ea -cp /opt/graphicsfuzz/graphicsfuzz/target/graphicsfuzz/python/drivers/../../jar/tool-1.0.jar com.graphicsfuzz.reducer.tool.GlslReduce /opt/reduce/rtx_4070/syn_memory_converge/variant_072.json interestingness_test --output reduction_results/rtx_4070/syn_memory_converge/variant_072 /opt/reduce/rtx_4070/syn_memory_converge/variant_072.comp
