19:50:58.676 INFO  ExecHelper - /opt/graphicsfuzz/graphicsfuzz/target/graphicsfuzz/bin/Linux/glslangValidator -E --stdin -S comp
19:50:58.734 INFO  ExecHelper - Result: 0
19:50:59.079 INFO  ReductionDriver - Starting reduction for variant_721
19:50:59.154 INFO  ExecHelper - interestingness_test /opt/reduce/rtx_4070/syn_memory_converge_atomic/variant_721.comp reduction_results/rtx_4070/syn_memory_converge_atomic/variant_721/variant_721.json
19:50:59.156 INFO  StreamGobblerLogger - stderr.env: ‘interestingness_test’: No such file or directory
19:50:59.156 INFO  ExecHelper - Result: 127
19:50:59.156 INFO  CustomFileJudge - Custom file judge result: 127
19:50:59.156 INFO  ReductionDriver - Result from initial state is not interesting (attempt 1)
19:50:59.214 INFO  ExecHelper - interestingness_test /opt/reduce/rtx_4070/syn_memory_converge_atomic/variant_721.comp reduction_results/rtx_4070/syn_memory_converge_atomic/variant_721/variant_721.json
19:50:59.215 INFO  StreamGobblerLogger - stderr.env: ‘interestingness_test’: No such file or directory
19:50:59.216 INFO  ExecHelper - Result: 127
19:50:59.216 INFO  CustomFileJudge - Custom file judge result: 127
19:50:59.217 INFO  ReductionDriver - Result from initial state is not interesting (attempt 2)
19:50:59.270 INFO  ExecHelper - interestingness_test /opt/reduce/rtx_4070/syn_memory_converge_atomic/variant_721.comp reduction_results/rtx_4070/syn_memory_converge_atomic/variant_721/variant_721.json
19:50:59.272 INFO  StreamGobblerLogger - stderr.env: ‘interestingness_test’: No such file or directory
19:50:59.272 INFO  ExecHelper - Result: 127
19:50:59.273 INFO  CustomFileJudge - Custom file judge result: 127
19:50:59.273 INFO  ReductionDriver - Result from initial state is not interesting (attempt 3)
19:50:59.327 INFO  ExecHelper - interestingness_test /opt/reduce/rtx_4070/syn_memory_converge_atomic/variant_721.comp reduction_results/rtx_4070/syn_memory_converge_atomic/variant_721/variant_721.json
19:50:59.329 INFO  StreamGobblerLogger - stderr.env: ‘interestingness_test’: No such file or directory
19:50:59.330 INFO  ExecHelper - Result: 127
19:50:59.330 INFO  CustomFileJudge - Custom file judge result: 127
19:50:59.330 INFO  ReductionDriver - Result from initial state is not interesting (attempt 4)
19:50:59.384 INFO  ExecHelper - interestingness_test /opt/reduce/rtx_4070/syn_memory_converge_atomic/variant_721.comp reduction_results/rtx_4070/syn_memory_converge_atomic/variant_721/variant_721.json
19:50:59.385 INFO  StreamGobblerLogger - stderr.env: ‘interestingness_test’: No such file or directory
19:50:59.386 INFO  ExecHelper - Result: 127
19:50:59.386 INFO  CustomFileJudge - Custom file judge result: 127
19:50:59.386 INFO  ReductionDriver - Result from initial state is not interesting (attempt 5)
19:50:59.386 INFO  ReductionDriver - Tried 5 times; stopping.
Reduction command: java -ea -cp /opt/graphicsfuzz/graphicsfuzz/target/graphicsfuzz/python/drivers/../../jar/tool-1.0.jar com.graphicsfuzz.reducer.tool.GlslReduce /opt/reduce/rtx_4070/syn_memory_converge_atomic/variant_721.json interestingness_test --output reduction_results/rtx_4070/syn_memory_converge_atomic/variant_721 /opt/reduce/rtx_4070/syn_memory_converge_atomic/variant_721.comp
