18:24:06.902 INFO  ExecHelper - /opt/graphicsfuzz/graphicsfuzz/target/graphicsfuzz/bin/Linux/glslangValidator -E --stdin -S comp
18:24:06.951 INFO  ExecHelper - Result: 0
18:24:07.008 INFO  ReductionDriver - Starting reduction for variant_770
18:24:07.012 INFO  ExecHelper - interestingness_test /opt/reduce/cezanne_radeon_vega/syn_memory_converge/variant_770.comp reduction_results/cezanne_radeon_vega/syn_memory_converge/variant_770/variant_770.json
18:24:07.014 INFO  StreamGobblerLogger - stderr.env: ‘interestingness_test’: No such file or directory
18:24:07.014 INFO  ExecHelper - Result: 127
18:24:07.014 INFO  CustomFileJudge - Custom file judge result: 127
18:24:07.014 INFO  ReductionDriver - Result from initial state is not interesting (attempt 1)
18:24:07.015 INFO  ExecHelper - interestingness_test /opt/reduce/cezanne_radeon_vega/syn_memory_converge/variant_770.comp reduction_results/cezanne_radeon_vega/syn_memory_converge/variant_770/variant_770.json
18:24:07.016 INFO  StreamGobblerLogger - stderr.env: ‘interestingness_test’: No such file or directory
18:24:07.016 INFO  ExecHelper - Result: 127
18:24:07.016 INFO  CustomFileJudge - Custom file judge result: 127
18:24:07.017 INFO  ReductionDriver - Result from initial state is not interesting (attempt 2)
18:24:07.017 INFO  ExecHelper - interestingness_test /opt/reduce/cezanne_radeon_vega/syn_memory_converge/variant_770.comp reduction_results/cezanne_radeon_vega/syn_memory_converge/variant_770/variant_770.json
18:24:07.018 INFO  StreamGobblerLogger - stderr.env: ‘interestingness_test’: No such file or directory
18:24:07.018 INFO  ExecHelper - Result: 127
18:24:07.019 INFO  CustomFileJudge - Custom file judge result: 127
18:24:07.019 INFO  ReductionDriver - Result from initial state is not interesting (attempt 3)
18:24:07.019 INFO  ExecHelper - interestingness_test /opt/reduce/cezanne_radeon_vega/syn_memory_converge/variant_770.comp reduction_results/cezanne_radeon_vega/syn_memory_converge/variant_770/variant_770.json
18:24:07.020 INFO  StreamGobblerLogger - stderr.env: ‘interestingness_test’: No such file or directory
18:24:07.021 INFO  ExecHelper - Result: 127
18:24:07.021 INFO  CustomFileJudge - Custom file judge result: 127
18:24:07.021 INFO  ReductionDriver - Result from initial state is not interesting (attempt 4)
18:24:07.022 INFO  ExecHelper - interestingness_test /opt/reduce/cezanne_radeon_vega/syn_memory_converge/variant_770.comp reduction_results/cezanne_radeon_vega/syn_memory_converge/variant_770/variant_770.json
18:24:07.023 INFO  StreamGobblerLogger - stderr.env: ‘interestingness_test’: No such file or directory
18:24:07.024 INFO  ExecHelper - Result: 127
18:24:07.024 INFO  CustomFileJudge - Custom file judge result: 127
18:24:07.024 INFO  ReductionDriver - Result from initial state is not interesting (attempt 5)
18:24:07.024 INFO  ReductionDriver - Tried 5 times; stopping.
Reduction command: java -ea -cp /opt/graphicsfuzz/graphicsfuzz/target/graphicsfuzz/python/drivers/../../jar/tool-1.0.jar com.graphicsfuzz.reducer.tool.GlslReduce /opt/reduce/cezanne_radeon_vega/syn_memory_converge/variant_770.json interestingness_test --output reduction_results/cezanne_radeon_vega/syn_memory_converge/variant_770 /opt/reduce/cezanne_radeon_vega/syn_memory_converge/variant_770.comp
