18:27:29.288 INFO  ExecHelper - /opt/graphicsfuzz/graphicsfuzz/target/graphicsfuzz/bin/Linux/glslangValidator -E --stdin -S comp
18:27:29.420 INFO  ExecHelper - Result: 0
18:27:30.544 INFO  ReductionDriver - Starting reduction for variant_022
18:27:30.565 INFO  ExecHelper - interestingness_test /opt/reduce/cezanne_radeon_vega/syn_memory_converge_atomic/variant_022.comp reduction_results/cezanne_radeon_vega/syn_memory_converge_atomic/variant_022/variant_022.json
18:27:30.566 INFO  StreamGobblerLogger - stderr.env: ‘interestingness_test’: No such file or directory
18:27:30.567 INFO  ExecHelper - Result: 127
18:27:30.567 INFO  CustomFileJudge - Custom file judge result: 127
18:27:30.567 INFO  ReductionDriver - Result from initial state is not interesting (attempt 1)
18:27:30.578 INFO  ExecHelper - interestingness_test /opt/reduce/cezanne_radeon_vega/syn_memory_converge_atomic/variant_022.comp reduction_results/cezanne_radeon_vega/syn_memory_converge_atomic/variant_022/variant_022.json
18:27:30.579 INFO  StreamGobblerLogger - stderr.env: ‘interestingness_test’: No such file or directory
18:27:30.579 INFO  ExecHelper - Result: 127
18:27:30.579 INFO  CustomFileJudge - Custom file judge result: 127
18:27:30.579 INFO  ReductionDriver - Result from initial state is not interesting (attempt 2)
18:27:30.588 INFO  ExecHelper - interestingness_test /opt/reduce/cezanne_radeon_vega/syn_memory_converge_atomic/variant_022.comp reduction_results/cezanne_radeon_vega/syn_memory_converge_atomic/variant_022/variant_022.json
18:27:30.589 INFO  StreamGobblerLogger - stderr.env: ‘interestingness_test’: No such file or directory
18:27:30.590 INFO  ExecHelper - Result: 127
18:27:30.590 INFO  CustomFileJudge - Custom file judge result: 127
18:27:30.590 INFO  ReductionDriver - Result from initial state is not interesting (attempt 3)
18:27:30.598 INFO  ExecHelper - interestingness_test /opt/reduce/cezanne_radeon_vega/syn_memory_converge_atomic/variant_022.comp reduction_results/cezanne_radeon_vega/syn_memory_converge_atomic/variant_022/variant_022.json
18:27:30.599 INFO  StreamGobblerLogger - stderr.env: ‘interestingness_test’: No such file or directory
18:27:30.599 INFO  ExecHelper - Result: 127
18:27:30.599 INFO  CustomFileJudge - Custom file judge result: 127
18:27:30.599 INFO  ReductionDriver - Result from initial state is not interesting (attempt 4)
18:27:30.611 INFO  ExecHelper - interestingness_test /opt/reduce/cezanne_radeon_vega/syn_memory_converge_atomic/variant_022.comp reduction_results/cezanne_radeon_vega/syn_memory_converge_atomic/variant_022/variant_022.json
18:27:30.612 INFO  StreamGobblerLogger - stderr.env: ‘interestingness_test’: No such file or directory
18:27:30.612 INFO  ExecHelper - Result: 127
18:27:30.612 INFO  CustomFileJudge - Custom file judge result: 127
18:27:30.612 INFO  ReductionDriver - Result from initial state is not interesting (attempt 5)
18:27:30.612 INFO  ReductionDriver - Tried 5 times; stopping.
Reduction command: java -ea -cp /opt/graphicsfuzz/graphicsfuzz/target/graphicsfuzz/python/drivers/../../jar/tool-1.0.jar com.graphicsfuzz.reducer.tool.GlslReduce /opt/reduce/cezanne_radeon_vega/syn_memory_converge_atomic/variant_022.json interestingness_test --output reduction_results/cezanne_radeon_vega/syn_memory_converge_atomic/variant_022 /opt/reduce/cezanne_radeon_vega/syn_memory_converge_atomic/variant_022.comp
