18:52:07.886 INFO  ExecHelper - /opt/graphicsfuzz/graphicsfuzz/target/graphicsfuzz/bin/Linux/glslangValidator -E --stdin -S comp
18:52:07.940 INFO  ExecHelper - Result: 0
18:52:08.265 INFO  ReductionDriver - Starting reduction for variant_149
18:52:08.340 INFO  ExecHelper - interestingness_test /opt/reduce/intel_iris_xe_graphics/syn_memory_converge/variant_149.comp reduction_results/intel_iris_xe_graphics/syn_memory_converge/variant_149/variant_149.json
18:52:08.342 INFO  StreamGobblerLogger - stderr.env: ‘interestingness_test’: No such file or directory
18:52:08.342 INFO  ExecHelper - Result: 127
18:52:08.342 INFO  CustomFileJudge - Custom file judge result: 127
18:52:08.342 INFO  ReductionDriver - Result from initial state is not interesting (attempt 1)
18:52:08.388 INFO  ExecHelper - interestingness_test /opt/reduce/intel_iris_xe_graphics/syn_memory_converge/variant_149.comp reduction_results/intel_iris_xe_graphics/syn_memory_converge/variant_149/variant_149.json
18:52:08.389 INFO  StreamGobblerLogger - stderr.env: ‘interestingness_test’: No such file or directory
18:52:08.390 INFO  ExecHelper - Result: 127
18:52:08.390 INFO  CustomFileJudge - Custom file judge result: 127
18:52:08.390 INFO  ReductionDriver - Result from initial state is not interesting (attempt 2)
18:52:08.431 INFO  ExecHelper - interestingness_test /opt/reduce/intel_iris_xe_graphics/syn_memory_converge/variant_149.comp reduction_results/intel_iris_xe_graphics/syn_memory_converge/variant_149/variant_149.json
18:52:08.432 INFO  StreamGobblerLogger - stderr.env: ‘interestingness_test’: No such file or directory
18:52:08.432 INFO  ExecHelper - Result: 127
18:52:08.433 INFO  CustomFileJudge - Custom file judge result: 127
18:52:08.433 INFO  ReductionDriver - Result from initial state is not interesting (attempt 3)
18:52:08.475 INFO  ExecHelper - interestingness_test /opt/reduce/intel_iris_xe_graphics/syn_memory_converge/variant_149.comp reduction_results/intel_iris_xe_graphics/syn_memory_converge/variant_149/variant_149.json
18:52:08.477 INFO  StreamGobblerLogger - stderr.env: ‘interestingness_test’: No such file or directory
18:52:08.477 INFO  ExecHelper - Result: 127
18:52:08.477 INFO  CustomFileJudge - Custom file judge result: 127
18:52:08.477 INFO  ReductionDriver - Result from initial state is not interesting (attempt 4)
18:52:08.516 INFO  ExecHelper - interestingness_test /opt/reduce/intel_iris_xe_graphics/syn_memory_converge/variant_149.comp reduction_results/intel_iris_xe_graphics/syn_memory_converge/variant_149/variant_149.json
18:52:08.517 INFO  StreamGobblerLogger - stderr.env: ‘interestingness_test’: No such file or directory
18:52:08.518 INFO  ExecHelper - Result: 127
18:52:08.518 INFO  CustomFileJudge - Custom file judge result: 127
18:52:08.518 INFO  ReductionDriver - Result from initial state is not interesting (attempt 5)
18:52:08.518 INFO  ReductionDriver - Tried 5 times; stopping.
Reduction command: java -ea -cp /opt/graphicsfuzz/graphicsfuzz/target/graphicsfuzz/python/drivers/../../jar/tool-1.0.jar com.graphicsfuzz.reducer.tool.GlslReduce /opt/reduce/intel_iris_xe_graphics/syn_memory_converge/variant_149.json interestingness_test --output reduction_results/intel_iris_xe_graphics/syn_memory_converge/variant_149 /opt/reduce/intel_iris_xe_graphics/syn_memory_converge/variant_149.comp
