18:18:38.643 INFO  ExecHelper - /opt/graphicsfuzz/graphicsfuzz/target/graphicsfuzz/bin/Linux/glslangValidator -E --stdin -S comp
18:18:38.691 INFO  ExecHelper - Result: 0
18:18:38.786 INFO  ReductionDriver - Starting reduction for variant_365
18:18:38.797 INFO  ExecHelper - interestingness_test /opt/reduce/cezanne_radeon_vega/syn_memory_converge/variant_365.comp reduction_results/cezanne_radeon_vega/syn_memory_converge/variant_365/variant_365.json
18:18:38.799 INFO  StreamGobblerLogger - stderr.env: ‘interestingness_test’: No such file or directory
18:18:38.799 INFO  ExecHelper - Result: 127
18:18:38.800 INFO  CustomFileJudge - Custom file judge result: 127
18:18:38.800 INFO  ReductionDriver - Result from initial state is not interesting (attempt 1)
18:18:38.802 INFO  ExecHelper - interestingness_test /opt/reduce/cezanne_radeon_vega/syn_memory_converge/variant_365.comp reduction_results/cezanne_radeon_vega/syn_memory_converge/variant_365/variant_365.json
18:18:38.803 INFO  StreamGobblerLogger - stderr.env: ‘interestingness_test’: No such file or directory
18:18:38.803 INFO  ExecHelper - Result: 127
18:18:38.804 INFO  CustomFileJudge - Custom file judge result: 127
18:18:38.804 INFO  ReductionDriver - Result from initial state is not interesting (attempt 2)
18:18:38.809 INFO  ExecHelper - interestingness_test /opt/reduce/cezanne_radeon_vega/syn_memory_converge/variant_365.comp reduction_results/cezanne_radeon_vega/syn_memory_converge/variant_365/variant_365.json
18:18:38.810 INFO  StreamGobblerLogger - stderr.env: ‘interestingness_test’: No such file or directory
18:18:38.810 INFO  ExecHelper - Result: 127
18:18:38.810 INFO  CustomFileJudge - Custom file judge result: 127
18:18:38.811 INFO  ReductionDriver - Result from initial state is not interesting (attempt 3)
18:18:38.814 INFO  ExecHelper - interestingness_test /opt/reduce/cezanne_radeon_vega/syn_memory_converge/variant_365.comp reduction_results/cezanne_radeon_vega/syn_memory_converge/variant_365/variant_365.json
18:18:38.815 INFO  StreamGobblerLogger - stderr.env: ‘interestingness_test’: No such file or directory
18:18:38.815 INFO  ExecHelper - Result: 127
18:18:38.815 INFO  CustomFileJudge - Custom file judge result: 127
18:18:38.815 INFO  ReductionDriver - Result from initial state is not interesting (attempt 4)
18:18:38.817 INFO  ExecHelper - interestingness_test /opt/reduce/cezanne_radeon_vega/syn_memory_converge/variant_365.comp reduction_results/cezanne_radeon_vega/syn_memory_converge/variant_365/variant_365.json
18:18:38.818 INFO  StreamGobblerLogger - stderr.env: ‘interestingness_test’: No such file or directory
18:18:38.819 INFO  ExecHelper - Result: 127
18:18:38.819 INFO  CustomFileJudge - Custom file judge result: 127
18:18:38.819 INFO  ReductionDriver - Result from initial state is not interesting (attempt 5)
18:18:38.819 INFO  ReductionDriver - Tried 5 times; stopping.
Reduction command: java -ea -cp /opt/graphicsfuzz/graphicsfuzz/target/graphicsfuzz/python/drivers/../../jar/tool-1.0.jar com.graphicsfuzz.reducer.tool.GlslReduce /opt/reduce/cezanne_radeon_vega/syn_memory_converge/variant_365.json interestingness_test --output reduction_results/cezanne_radeon_vega/syn_memory_converge/variant_365 /opt/reduce/cezanne_radeon_vega/syn_memory_converge/variant_365.comp
