19:15:29.439 INFO  ExecHelper - /opt/graphicsfuzz/graphicsfuzz/target/graphicsfuzz/bin/Linux/glslangValidator -E --stdin -S comp
19:15:29.489 INFO  ExecHelper - Result: 0
19:15:29.581 INFO  ReductionDriver - Starting reduction for variant_758
19:15:29.594 INFO  ExecHelper - interestingness_test /opt/reduce/intel_iris_xe_graphics/syn_memory_converge_atomic/variant_758.comp reduction_results/intel_iris_xe_graphics/syn_memory_converge_atomic/variant_758/variant_758.json
19:15:29.595 INFO  StreamGobblerLogger - stderr.env: ‘interestingness_test’: No such file or directory
19:15:29.596 INFO  ExecHelper - Result: 127
19:15:29.596 INFO  CustomFileJudge - Custom file judge result: 127
19:15:29.596 INFO  ReductionDriver - Result from initial state is not interesting (attempt 1)
19:15:29.602 INFO  ExecHelper - interestingness_test /opt/reduce/intel_iris_xe_graphics/syn_memory_converge_atomic/variant_758.comp reduction_results/intel_iris_xe_graphics/syn_memory_converge_atomic/variant_758/variant_758.json
19:15:29.603 INFO  StreamGobblerLogger - stderr.env: ‘interestingness_test’: No such file or directory
19:15:29.603 INFO  ExecHelper - Result: 127
19:15:29.603 INFO  CustomFileJudge - Custom file judge result: 127
19:15:29.603 INFO  ReductionDriver - Result from initial state is not interesting (attempt 2)
19:15:29.608 INFO  ExecHelper - interestingness_test /opt/reduce/intel_iris_xe_graphics/syn_memory_converge_atomic/variant_758.comp reduction_results/intel_iris_xe_graphics/syn_memory_converge_atomic/variant_758/variant_758.json
19:15:29.609 INFO  StreamGobblerLogger - stderr.env: ‘interestingness_test’: No such file or directory
19:15:29.609 INFO  ExecHelper - Result: 127
19:15:29.609 INFO  CustomFileJudge - Custom file judge result: 127
19:15:29.609 INFO  ReductionDriver - Result from initial state is not interesting (attempt 3)
19:15:29.613 INFO  ExecHelper - interestingness_test /opt/reduce/intel_iris_xe_graphics/syn_memory_converge_atomic/variant_758.comp reduction_results/intel_iris_xe_graphics/syn_memory_converge_atomic/variant_758/variant_758.json
19:15:29.614 INFO  StreamGobblerLogger - stderr.env: ‘interestingness_test’: No such file or directory
19:15:29.615 INFO  ExecHelper - Result: 127
19:15:29.615 INFO  CustomFileJudge - Custom file judge result: 127
19:15:29.615 INFO  ReductionDriver - Result from initial state is not interesting (attempt 4)
19:15:29.617 INFO  ExecHelper - interestingness_test /opt/reduce/intel_iris_xe_graphics/syn_memory_converge_atomic/variant_758.comp reduction_results/intel_iris_xe_graphics/syn_memory_converge_atomic/variant_758/variant_758.json
19:15:29.618 INFO  StreamGobblerLogger - stderr.env: ‘interestingness_test’: No such file or directory
19:15:29.618 INFO  ExecHelper - Result: 127
19:15:29.618 INFO  CustomFileJudge - Custom file judge result: 127
19:15:29.618 INFO  ReductionDriver - Result from initial state is not interesting (attempt 5)
19:15:29.618 INFO  ReductionDriver - Tried 5 times; stopping.
Reduction command: java -ea -cp /opt/graphicsfuzz/graphicsfuzz/target/graphicsfuzz/python/drivers/../../jar/tool-1.0.jar com.graphicsfuzz.reducer.tool.GlslReduce /opt/reduce/intel_iris_xe_graphics/syn_memory_converge_atomic/variant_758.json interestingness_test --output reduction_results/intel_iris_xe_graphics/syn_memory_converge_atomic/variant_758 /opt/reduce/intel_iris_xe_graphics/syn_memory_converge_atomic/variant_758.comp
