18:36:18.853 INFO  ExecHelper - /opt/graphicsfuzz/graphicsfuzz/target/graphicsfuzz/bin/Linux/glslangValidator -E --stdin -S comp
18:36:18.901 INFO  ExecHelper - Result: 0
18:36:18.964 INFO  ReductionDriver - Starting reduction for variant_658
18:36:18.968 INFO  ExecHelper - interestingness_test /opt/reduce/cezanne_radeon_vega/syn_memory_converge_atomic/variant_658.comp reduction_results/cezanne_radeon_vega/syn_memory_converge_atomic/variant_658/variant_658.json
18:36:18.970 INFO  StreamGobblerLogger - stderr.env: ‘interestingness_test’: No such file or directory
18:36:18.971 INFO  ExecHelper - Result: 127
18:36:18.971 INFO  CustomFileJudge - Custom file judge result: 127
18:36:18.971 INFO  ReductionDriver - Result from initial state is not interesting (attempt 1)
18:36:18.972 INFO  ExecHelper - interestingness_test /opt/reduce/cezanne_radeon_vega/syn_memory_converge_atomic/variant_658.comp reduction_results/cezanne_radeon_vega/syn_memory_converge_atomic/variant_658/variant_658.json
18:36:18.973 INFO  StreamGobblerLogger - stderr.env: ‘interestingness_test’: No such file or directory
18:36:18.973 INFO  ExecHelper - Result: 127
18:36:18.973 INFO  CustomFileJudge - Custom file judge result: 127
18:36:18.973 INFO  ReductionDriver - Result from initial state is not interesting (attempt 2)
18:36:18.974 INFO  ExecHelper - interestingness_test /opt/reduce/cezanne_radeon_vega/syn_memory_converge_atomic/variant_658.comp reduction_results/cezanne_radeon_vega/syn_memory_converge_atomic/variant_658/variant_658.json
18:36:18.975 INFO  StreamGobblerLogger - stderr.env: ‘interestingness_test’: No such file or directory
18:36:18.976 INFO  ExecHelper - Result: 127
18:36:18.976 INFO  CustomFileJudge - Custom file judge result: 127
18:36:18.976 INFO  ReductionDriver - Result from initial state is not interesting (attempt 3)
18:36:18.977 INFO  ExecHelper - interestingness_test /opt/reduce/cezanne_radeon_vega/syn_memory_converge_atomic/variant_658.comp reduction_results/cezanne_radeon_vega/syn_memory_converge_atomic/variant_658/variant_658.json
18:36:18.978 INFO  StreamGobblerLogger - stderr.env: ‘interestingness_test’: No such file or directory
18:36:18.978 INFO  ExecHelper - Result: 127
18:36:18.978 INFO  CustomFileJudge - Custom file judge result: 127
18:36:18.978 INFO  ReductionDriver - Result from initial state is not interesting (attempt 4)
18:36:18.979 INFO  ExecHelper - interestingness_test /opt/reduce/cezanne_radeon_vega/syn_memory_converge_atomic/variant_658.comp reduction_results/cezanne_radeon_vega/syn_memory_converge_atomic/variant_658/variant_658.json
18:36:18.980 INFO  StreamGobblerLogger - stderr.env: ‘interestingness_test’: No such file or directory
18:36:18.980 INFO  ExecHelper - Result: 127
18:36:18.980 INFO  CustomFileJudge - Custom file judge result: 127
18:36:18.980 INFO  ReductionDriver - Result from initial state is not interesting (attempt 5)
18:36:18.980 INFO  ReductionDriver - Tried 5 times; stopping.
Reduction command: java -ea -cp /opt/graphicsfuzz/graphicsfuzz/target/graphicsfuzz/python/drivers/../../jar/tool-1.0.jar com.graphicsfuzz.reducer.tool.GlslReduce /opt/reduce/cezanne_radeon_vega/syn_memory_converge_atomic/variant_658.json interestingness_test --output reduction_results/cezanne_radeon_vega/syn_memory_converge_atomic/variant_658 /opt/reduce/cezanne_radeon_vega/syn_memory_converge_atomic/variant_658.comp
