18:52:17.779 INFO  ExecHelper - /opt/graphicsfuzz/graphicsfuzz/target/graphicsfuzz/bin/Linux/glslangValidator -E --stdin -S comp
18:52:17.826 INFO  ExecHelper - Result: 0
18:52:17.908 INFO  ReductionDriver - Starting reduction for variant_163
18:52:17.917 INFO  ExecHelper - interestingness_test /opt/reduce/intel_iris_xe_graphics/syn_memory_converge/variant_163.comp reduction_results/intel_iris_xe_graphics/syn_memory_converge/variant_163/variant_163.json
18:52:17.919 INFO  StreamGobblerLogger - stderr.env: ‘interestingness_test’: No such file or directory
18:52:17.919 INFO  ExecHelper - Result: 127
18:52:17.920 INFO  CustomFileJudge - Custom file judge result: 127
18:52:17.920 INFO  ReductionDriver - Result from initial state is not interesting (attempt 1)
18:52:17.923 INFO  ExecHelper - interestingness_test /opt/reduce/intel_iris_xe_graphics/syn_memory_converge/variant_163.comp reduction_results/intel_iris_xe_graphics/syn_memory_converge/variant_163/variant_163.json
18:52:17.924 INFO  StreamGobblerLogger - stderr.env: ‘interestingness_test’: No such file or directory
18:52:17.924 INFO  ExecHelper - Result: 127
18:52:17.924 INFO  CustomFileJudge - Custom file judge result: 127
18:52:17.924 INFO  ReductionDriver - Result from initial state is not interesting (attempt 2)
18:52:17.927 INFO  ExecHelper - interestingness_test /opt/reduce/intel_iris_xe_graphics/syn_memory_converge/variant_163.comp reduction_results/intel_iris_xe_graphics/syn_memory_converge/variant_163/variant_163.json
18:52:17.928 INFO  StreamGobblerLogger - stderr.env: ‘interestingness_test’: No such file or directory
18:52:17.928 INFO  ExecHelper - Result: 127
18:52:17.928 INFO  CustomFileJudge - Custom file judge result: 127
18:52:17.928 INFO  ReductionDriver - Result from initial state is not interesting (attempt 3)
18:52:17.930 INFO  ExecHelper - interestingness_test /opt/reduce/intel_iris_xe_graphics/syn_memory_converge/variant_163.comp reduction_results/intel_iris_xe_graphics/syn_memory_converge/variant_163/variant_163.json
18:52:17.931 INFO  StreamGobblerLogger - stderr.env: ‘interestingness_test’: No such file or directory
18:52:17.932 INFO  ExecHelper - Result: 127
18:52:17.932 INFO  CustomFileJudge - Custom file judge result: 127
18:52:17.932 INFO  ReductionDriver - Result from initial state is not interesting (attempt 4)
18:52:17.934 INFO  ExecHelper - interestingness_test /opt/reduce/intel_iris_xe_graphics/syn_memory_converge/variant_163.comp reduction_results/intel_iris_xe_graphics/syn_memory_converge/variant_163/variant_163.json
18:52:17.935 INFO  StreamGobblerLogger - stderr.env: ‘interestingness_test’: No such file or directory
18:52:17.936 INFO  ExecHelper - Result: 127
18:52:17.936 INFO  CustomFileJudge - Custom file judge result: 127
18:52:17.936 INFO  ReductionDriver - Result from initial state is not interesting (attempt 5)
18:52:17.936 INFO  ReductionDriver - Tried 5 times; stopping.
Reduction command: java -ea -cp /opt/graphicsfuzz/graphicsfuzz/target/graphicsfuzz/python/drivers/../../jar/tool-1.0.jar com.graphicsfuzz.reducer.tool.GlslReduce /opt/reduce/intel_iris_xe_graphics/syn_memory_converge/variant_163.json interestingness_test --output reduction_results/intel_iris_xe_graphics/syn_memory_converge/variant_163 /opt/reduce/intel_iris_xe_graphics/syn_memory_converge/variant_163.comp
