19:17:00.735 INFO  ExecHelper - /opt/graphicsfuzz/graphicsfuzz/target/graphicsfuzz/bin/Linux/glslangValidator -E --stdin -S comp
19:17:00.786 INFO  ExecHelper - Result: 0
19:17:01.029 INFO  ReductionDriver - Starting reduction for variant_864
19:17:01.075 INFO  ExecHelper - interestingness_test /opt/reduce/intel_iris_xe_graphics/syn_memory_converge_atomic/variant_864.comp reduction_results/intel_iris_xe_graphics/syn_memory_converge_atomic/variant_864/variant_864.json
19:17:01.077 INFO  StreamGobblerLogger - stderr.env: ‘interestingness_test’: No such file or directory
19:17:01.077 INFO  ExecHelper - Result: 127
19:17:01.078 INFO  CustomFileJudge - Custom file judge result: 127
19:17:01.078 INFO  ReductionDriver - Result from initial state is not interesting (attempt 1)
19:17:01.110 INFO  ExecHelper - interestingness_test /opt/reduce/intel_iris_xe_graphics/syn_memory_converge_atomic/variant_864.comp reduction_results/intel_iris_xe_graphics/syn_memory_converge_atomic/variant_864/variant_864.json
19:17:01.112 INFO  StreamGobblerLogger - stderr.env: ‘interestingness_test’: No such file or directory
19:17:01.112 INFO  ExecHelper - Result: 127
19:17:01.112 INFO  CustomFileJudge - Custom file judge result: 127
19:17:01.112 INFO  ReductionDriver - Result from initial state is not interesting (attempt 2)
19:17:01.142 INFO  ExecHelper - interestingness_test /opt/reduce/intel_iris_xe_graphics/syn_memory_converge_atomic/variant_864.comp reduction_results/intel_iris_xe_graphics/syn_memory_converge_atomic/variant_864/variant_864.json
19:17:01.144 INFO  StreamGobblerLogger - stderr.env: ‘interestingness_test’: No such file or directory
19:17:01.145 INFO  ExecHelper - Result: 127
19:17:01.145 INFO  CustomFileJudge - Custom file judge result: 127
19:17:01.145 INFO  ReductionDriver - Result from initial state is not interesting (attempt 3)
19:17:01.174 INFO  ExecHelper - interestingness_test /opt/reduce/intel_iris_xe_graphics/syn_memory_converge_atomic/variant_864.comp reduction_results/intel_iris_xe_graphics/syn_memory_converge_atomic/variant_864/variant_864.json
19:17:01.176 INFO  StreamGobblerLogger - stderr.env: ‘interestingness_test’: No such file or directory
19:17:01.176 INFO  ExecHelper - Result: 127
19:17:01.177 INFO  CustomFileJudge - Custom file judge result: 127
19:17:01.177 INFO  ReductionDriver - Result from initial state is not interesting (attempt 4)
19:17:01.207 INFO  ExecHelper - interestingness_test /opt/reduce/intel_iris_xe_graphics/syn_memory_converge_atomic/variant_864.comp reduction_results/intel_iris_xe_graphics/syn_memory_converge_atomic/variant_864/variant_864.json
19:17:01.208 INFO  StreamGobblerLogger - stderr.env: ‘interestingness_test’: No such file or directory
19:17:01.209 INFO  ExecHelper - Result: 127
19:17:01.209 INFO  CustomFileJudge - Custom file judge result: 127
19:17:01.209 INFO  ReductionDriver - Result from initial state is not interesting (attempt 5)
19:17:01.209 INFO  ReductionDriver - Tried 5 times; stopping.
Reduction command: java -ea -cp /opt/graphicsfuzz/graphicsfuzz/target/graphicsfuzz/python/drivers/../../jar/tool-1.0.jar com.graphicsfuzz.reducer.tool.GlslReduce /opt/reduce/intel_iris_xe_graphics/syn_memory_converge_atomic/variant_864.json interestingness_test --output reduction_results/intel_iris_xe_graphics/syn_memory_converge_atomic/variant_864 /opt/reduce/intel_iris_xe_graphics/syn_memory_converge_atomic/variant_864.comp
