19:21:01.138 INFO  ExecHelper - /opt/graphicsfuzz/graphicsfuzz/target/graphicsfuzz/bin/Linux/glslangValidator -E --stdin -S comp
19:21:01.186 INFO  ExecHelper - Result: 0
19:21:01.346 INFO  ReductionDriver - Starting reduction for variant_630
19:21:01.371 INFO  ExecHelper - interestingness_test /opt/reduce/intel_iris_xe_graphics/syn_subgroup_op_relax/variant_630.comp reduction_results/intel_iris_xe_graphics/syn_subgroup_op_relax/variant_630/variant_630.json
19:21:01.372 INFO  StreamGobblerLogger - stderr.env: ‘interestingness_test’: No such file or directory
19:21:01.373 INFO  ExecHelper - Result: 127
19:21:01.373 INFO  CustomFileJudge - Custom file judge result: 127
19:21:01.373 INFO  ReductionDriver - Result from initial state is not interesting (attempt 1)
19:21:01.381 INFO  ExecHelper - interestingness_test /opt/reduce/intel_iris_xe_graphics/syn_subgroup_op_relax/variant_630.comp reduction_results/intel_iris_xe_graphics/syn_subgroup_op_relax/variant_630/variant_630.json
19:21:01.383 INFO  StreamGobblerLogger - stderr.env: ‘interestingness_test’: No such file or directory
19:21:01.383 INFO  ExecHelper - Result: 127
19:21:01.383 INFO  CustomFileJudge - Custom file judge result: 127
19:21:01.383 INFO  ReductionDriver - Result from initial state is not interesting (attempt 2)
19:21:01.396 INFO  ExecHelper - interestingness_test /opt/reduce/intel_iris_xe_graphics/syn_subgroup_op_relax/variant_630.comp reduction_results/intel_iris_xe_graphics/syn_subgroup_op_relax/variant_630/variant_630.json
19:21:01.397 INFO  StreamGobblerLogger - stderr.env: ‘interestingness_test’: No such file or directory
19:21:01.398 INFO  ExecHelper - Result: 127
19:21:01.398 INFO  CustomFileJudge - Custom file judge result: 127
19:21:01.398 INFO  ReductionDriver - Result from initial state is not interesting (attempt 3)
19:21:01.402 INFO  ExecHelper - interestingness_test /opt/reduce/intel_iris_xe_graphics/syn_subgroup_op_relax/variant_630.comp reduction_results/intel_iris_xe_graphics/syn_subgroup_op_relax/variant_630/variant_630.json
19:21:01.404 INFO  StreamGobblerLogger - stderr.env: ‘interestingness_test’: No such file or directory
19:21:01.404 INFO  ExecHelper - Result: 127
19:21:01.404 INFO  CustomFileJudge - Custom file judge result: 127
19:21:01.405 INFO  ReductionDriver - Result from initial state is not interesting (attempt 4)
19:21:01.415 INFO  ExecHelper - interestingness_test /opt/reduce/intel_iris_xe_graphics/syn_subgroup_op_relax/variant_630.comp reduction_results/intel_iris_xe_graphics/syn_subgroup_op_relax/variant_630/variant_630.json
19:21:01.416 INFO  StreamGobblerLogger - stderr.env: ‘interestingness_test’: No such file or directory
19:21:01.417 INFO  ExecHelper - Result: 127
19:21:01.417 INFO  CustomFileJudge - Custom file judge result: 127
19:21:01.417 INFO  ReductionDriver - Result from initial state is not interesting (attempt 5)
19:21:01.417 INFO  ReductionDriver - Tried 5 times; stopping.
Reduction command: java -ea -cp /opt/graphicsfuzz/graphicsfuzz/target/graphicsfuzz/python/drivers/../../jar/tool-1.0.jar com.graphicsfuzz.reducer.tool.GlslReduce /opt/reduce/intel_iris_xe_graphics/syn_subgroup_op_relax/variant_630.json interestingness_test --output reduction_results/intel_iris_xe_graphics/syn_subgroup_op_relax/variant_630 /opt/reduce/intel_iris_xe_graphics/syn_subgroup_op_relax/variant_630.comp
