18:22:45.895 INFO  ExecHelper - /opt/graphicsfuzz/graphicsfuzz/target/graphicsfuzz/bin/Linux/glslangValidator -E --stdin -S comp
18:22:45.943 INFO  ExecHelper - Result: 0
18:22:46.024 INFO  ReductionDriver - Starting reduction for variant_656
18:22:46.033 INFO  ExecHelper - interestingness_test /opt/reduce/cezanne_radeon_vega/syn_memory_converge/variant_656.comp reduction_results/cezanne_radeon_vega/syn_memory_converge/variant_656/variant_656.json
18:22:46.035 INFO  StreamGobblerLogger - stderr.env: ‘interestingness_test’: No such file or directory
18:22:46.035 INFO  ExecHelper - Result: 127
18:22:46.035 INFO  CustomFileJudge - Custom file judge result: 127
18:22:46.035 INFO  ReductionDriver - Result from initial state is not interesting (attempt 1)
18:22:46.040 INFO  ExecHelper - interestingness_test /opt/reduce/cezanne_radeon_vega/syn_memory_converge/variant_656.comp reduction_results/cezanne_radeon_vega/syn_memory_converge/variant_656/variant_656.json
18:22:46.041 INFO  StreamGobblerLogger - stderr.env: ‘interestingness_test’: No such file or directory
18:22:46.041 INFO  ExecHelper - Result: 127
18:22:46.042 INFO  CustomFileJudge - Custom file judge result: 127
18:22:46.042 INFO  ReductionDriver - Result from initial state is not interesting (attempt 2)
18:22:46.043 INFO  ExecHelper - interestingness_test /opt/reduce/cezanne_radeon_vega/syn_memory_converge/variant_656.comp reduction_results/cezanne_radeon_vega/syn_memory_converge/variant_656/variant_656.json
18:22:46.044 INFO  StreamGobblerLogger - stderr.env: ‘interestingness_test’: No such file or directory
18:22:46.045 INFO  ExecHelper - Result: 127
18:22:46.045 INFO  CustomFileJudge - Custom file judge result: 127
18:22:46.045 INFO  ReductionDriver - Result from initial state is not interesting (attempt 3)
18:22:46.047 INFO  ExecHelper - interestingness_test /opt/reduce/cezanne_radeon_vega/syn_memory_converge/variant_656.comp reduction_results/cezanne_radeon_vega/syn_memory_converge/variant_656/variant_656.json
18:22:46.048 INFO  StreamGobblerLogger - stderr.env: ‘interestingness_test’: No such file or directory
18:22:46.048 INFO  ExecHelper - Result: 127
18:22:46.048 INFO  CustomFileJudge - Custom file judge result: 127
18:22:46.048 INFO  ReductionDriver - Result from initial state is not interesting (attempt 4)
18:22:46.050 INFO  ExecHelper - interestingness_test /opt/reduce/cezanne_radeon_vega/syn_memory_converge/variant_656.comp reduction_results/cezanne_radeon_vega/syn_memory_converge/variant_656/variant_656.json
18:22:46.051 INFO  StreamGobblerLogger - stderr.env: ‘interestingness_test’: No such file or directory
18:22:46.052 INFO  ExecHelper - Result: 127
18:22:46.052 INFO  CustomFileJudge - Custom file judge result: 127
18:22:46.052 INFO  ReductionDriver - Result from initial state is not interesting (attempt 5)
18:22:46.052 INFO  ReductionDriver - Tried 5 times; stopping.
Reduction command: java -ea -cp /opt/graphicsfuzz/graphicsfuzz/target/graphicsfuzz/python/drivers/../../jar/tool-1.0.jar com.graphicsfuzz.reducer.tool.GlslReduce /opt/reduce/cezanne_radeon_vega/syn_memory_converge/variant_656.json interestingness_test --output reduction_results/cezanne_radeon_vega/syn_memory_converge/variant_656 /opt/reduce/cezanne_radeon_vega/syn_memory_converge/variant_656.comp
