18:16:45.404 INFO  ExecHelper - /opt/graphicsfuzz/graphicsfuzz/target/graphicsfuzz/bin/Linux/glslangValidator -E --stdin -S comp
18:16:45.455 INFO  ExecHelper - Result: 0
18:16:45.552 INFO  ReductionDriver - Starting reduction for variant_225
18:16:45.574 INFO  ExecHelper - interestingness_test /opt/reduce/cezanne_radeon_vega/syn_memory_converge/variant_225.comp reduction_results/cezanne_radeon_vega/syn_memory_converge/variant_225/variant_225.json
18:16:45.576 INFO  StreamGobblerLogger - stderr.env: ‘interestingness_test’: No such file or directory
18:16:45.576 INFO  ExecHelper - Result: 127
18:16:45.576 INFO  CustomFileJudge - Custom file judge result: 127
18:16:45.576 INFO  ReductionDriver - Result from initial state is not interesting (attempt 1)
18:16:45.581 INFO  ExecHelper - interestingness_test /opt/reduce/cezanne_radeon_vega/syn_memory_converge/variant_225.comp reduction_results/cezanne_radeon_vega/syn_memory_converge/variant_225/variant_225.json
18:16:45.582 INFO  StreamGobblerLogger - stderr.env: ‘interestingness_test’: No such file or directory
18:16:45.583 INFO  ExecHelper - Result: 127
18:16:45.583 INFO  CustomFileJudge - Custom file judge result: 127
18:16:45.583 INFO  ReductionDriver - Result from initial state is not interesting (attempt 2)
18:16:45.587 INFO  ExecHelper - interestingness_test /opt/reduce/cezanne_radeon_vega/syn_memory_converge/variant_225.comp reduction_results/cezanne_radeon_vega/syn_memory_converge/variant_225/variant_225.json
18:16:45.588 INFO  StreamGobblerLogger - stderr.env: ‘interestingness_test’: No such file or directory
18:16:45.589 INFO  ExecHelper - Result: 127
18:16:45.589 INFO  CustomFileJudge - Custom file judge result: 127
18:16:45.589 INFO  ReductionDriver - Result from initial state is not interesting (attempt 3)
18:16:45.592 INFO  ExecHelper - interestingness_test /opt/reduce/cezanne_radeon_vega/syn_memory_converge/variant_225.comp reduction_results/cezanne_radeon_vega/syn_memory_converge/variant_225/variant_225.json
18:16:45.594 INFO  StreamGobblerLogger - stderr.env: ‘interestingness_test’: No such file or directory
18:16:45.594 INFO  ExecHelper - Result: 127
18:16:45.594 INFO  CustomFileJudge - Custom file judge result: 127
18:16:45.594 INFO  ReductionDriver - Result from initial state is not interesting (attempt 4)
18:16:45.598 INFO  ExecHelper - interestingness_test /opt/reduce/cezanne_radeon_vega/syn_memory_converge/variant_225.comp reduction_results/cezanne_radeon_vega/syn_memory_converge/variant_225/variant_225.json
18:16:45.599 INFO  StreamGobblerLogger - stderr.env: ‘interestingness_test’: No such file or directory
18:16:45.600 INFO  ExecHelper - Result: 127
18:16:45.600 INFO  CustomFileJudge - Custom file judge result: 127
18:16:45.600 INFO  ReductionDriver - Result from initial state is not interesting (attempt 5)
18:16:45.600 INFO  ReductionDriver - Tried 5 times; stopping.
Reduction command: java -ea -cp /opt/graphicsfuzz/graphicsfuzz/target/graphicsfuzz/python/drivers/../../jar/tool-1.0.jar com.graphicsfuzz.reducer.tool.GlslReduce /opt/reduce/cezanne_radeon_vega/syn_memory_converge/variant_225.json interestingness_test --output reduction_results/cezanne_radeon_vega/syn_memory_converge/variant_225 /opt/reduce/cezanne_radeon_vega/syn_memory_converge/variant_225.comp
