19:24:33.986 INFO  ExecHelper - /opt/graphicsfuzz/graphicsfuzz/target/graphicsfuzz/bin/Linux/glslangValidator -E --stdin -S comp
19:24:34.042 INFO  ExecHelper - Result: 0
19:24:34.645 INFO  ReductionDriver - Starting reduction for variant_733
19:24:34.762 INFO  ExecHelper - interestingness_test /opt/reduce/rtx_4070/syn_branch_syn_release/variant_733.comp reduction_results/rtx_4070/syn_branch_syn_release/variant_733/variant_733.json
19:24:34.764 INFO  StreamGobblerLogger - stderr.env: ‘interestingness_test’: No such file or directory
19:24:34.765 INFO  ExecHelper - Result: 127
19:24:34.765 INFO  CustomFileJudge - Custom file judge result: 127
19:24:34.765 INFO  ReductionDriver - Result from initial state is not interesting (attempt 1)
19:24:34.871 INFO  ExecHelper - interestingness_test /opt/reduce/rtx_4070/syn_branch_syn_release/variant_733.comp reduction_results/rtx_4070/syn_branch_syn_release/variant_733/variant_733.json
19:24:34.873 INFO  StreamGobblerLogger - stderr.env: ‘interestingness_test’: No such file or directory
19:24:34.873 INFO  ExecHelper - Result: 127
19:24:34.873 INFO  CustomFileJudge - Custom file judge result: 127
19:24:34.873 INFO  ReductionDriver - Result from initial state is not interesting (attempt 2)
19:24:34.976 INFO  ExecHelper - interestingness_test /opt/reduce/rtx_4070/syn_branch_syn_release/variant_733.comp reduction_results/rtx_4070/syn_branch_syn_release/variant_733/variant_733.json
19:24:34.978 INFO  StreamGobblerLogger - stderr.env: ‘interestingness_test’: No such file or directory
19:24:34.979 INFO  ExecHelper - Result: 127
19:24:34.979 INFO  CustomFileJudge - Custom file judge result: 127
19:24:34.979 INFO  ReductionDriver - Result from initial state is not interesting (attempt 3)
19:24:35.078 INFO  ExecHelper - interestingness_test /opt/reduce/rtx_4070/syn_branch_syn_release/variant_733.comp reduction_results/rtx_4070/syn_branch_syn_release/variant_733/variant_733.json
19:24:35.079 INFO  StreamGobblerLogger - stderr.env: ‘interestingness_test’: No such file or directory
19:24:35.080 INFO  ExecHelper - Result: 127
19:24:35.080 INFO  CustomFileJudge - Custom file judge result: 127
19:24:35.080 INFO  ReductionDriver - Result from initial state is not interesting (attempt 4)
19:24:35.175 INFO  ExecHelper - interestingness_test /opt/reduce/rtx_4070/syn_branch_syn_release/variant_733.comp reduction_results/rtx_4070/syn_branch_syn_release/variant_733/variant_733.json
19:24:35.177 INFO  StreamGobblerLogger - stderr.env: ‘interestingness_test’: No such file or directory
19:24:35.178 INFO  ExecHelper - Result: 127
19:24:35.178 INFO  CustomFileJudge - Custom file judge result: 127
19:24:35.178 INFO  ReductionDriver - Result from initial state is not interesting (attempt 5)
19:24:35.178 INFO  ReductionDriver - Tried 5 times; stopping.
Reduction command: java -ea -cp /opt/graphicsfuzz/graphicsfuzz/target/graphicsfuzz/python/drivers/../../jar/tool-1.0.jar com.graphicsfuzz.reducer.tool.GlslReduce /opt/reduce/rtx_4070/syn_branch_syn_release/variant_733.json interestingness_test --output reduction_results/rtx_4070/syn_branch_syn_release/variant_733 /opt/reduce/rtx_4070/syn_branch_syn_release/variant_733.comp
