18:39:31.290 INFO  ExecHelper - /opt/graphicsfuzz/graphicsfuzz/target/graphicsfuzz/bin/Linux/glslangValidator -E --stdin -S comp
18:39:31.344 INFO  ExecHelper - Result: 0
18:39:31.657 INFO  ReductionDriver - Starting reduction for variant_869
18:39:31.735 INFO  ExecHelper - interestingness_test /opt/reduce/cezanne_radeon_vega/syn_memory_converge_atomic/variant_869.comp reduction_results/cezanne_radeon_vega/syn_memory_converge_atomic/variant_869/variant_869.json
18:39:31.737 INFO  StreamGobblerLogger - stderr.env: ‘interestingness_test’: No such file or directory
18:39:31.737 INFO  ExecHelper - Result: 127
18:39:31.738 INFO  CustomFileJudge - Custom file judge result: 127
18:39:31.738 INFO  ReductionDriver - Result from initial state is not interesting (attempt 1)
18:39:31.803 INFO  ExecHelper - interestingness_test /opt/reduce/cezanne_radeon_vega/syn_memory_converge_atomic/variant_869.comp reduction_results/cezanne_radeon_vega/syn_memory_converge_atomic/variant_869/variant_869.json
18:39:31.804 INFO  StreamGobblerLogger - stderr.env: ‘interestingness_test’: No such file or directory
18:39:31.805 INFO  ExecHelper - Result: 127
18:39:31.805 INFO  CustomFileJudge - Custom file judge result: 127
18:39:31.805 INFO  ReductionDriver - Result from initial state is not interesting (attempt 2)
18:39:31.861 INFO  ExecHelper - interestingness_test /opt/reduce/cezanne_radeon_vega/syn_memory_converge_atomic/variant_869.comp reduction_results/cezanne_radeon_vega/syn_memory_converge_atomic/variant_869/variant_869.json
18:39:31.863 INFO  StreamGobblerLogger - stderr.env: ‘interestingness_test’: No such file or directory
18:39:31.863 INFO  ExecHelper - Result: 127
18:39:31.863 INFO  CustomFileJudge - Custom file judge result: 127
18:39:31.863 INFO  ReductionDriver - Result from initial state is not interesting (attempt 3)
18:39:31.920 INFO  ExecHelper - interestingness_test /opt/reduce/cezanne_radeon_vega/syn_memory_converge_atomic/variant_869.comp reduction_results/cezanne_radeon_vega/syn_memory_converge_atomic/variant_869/variant_869.json
18:39:31.921 INFO  StreamGobblerLogger - stderr.env: ‘interestingness_test’: No such file or directory
18:39:31.921 INFO  ExecHelper - Result: 127
18:39:31.921 INFO  CustomFileJudge - Custom file judge result: 127
18:39:31.922 INFO  ReductionDriver - Result from initial state is not interesting (attempt 4)
18:39:31.981 INFO  ExecHelper - interestingness_test /opt/reduce/cezanne_radeon_vega/syn_memory_converge_atomic/variant_869.comp reduction_results/cezanne_radeon_vega/syn_memory_converge_atomic/variant_869/variant_869.json
18:39:31.982 INFO  StreamGobblerLogger - stderr.env: ‘interestingness_test’: No such file or directory
18:39:31.982 INFO  ExecHelper - Result: 127
18:39:31.982 INFO  CustomFileJudge - Custom file judge result: 127
18:39:31.982 INFO  ReductionDriver - Result from initial state is not interesting (attempt 5)
18:39:31.982 INFO  ReductionDriver - Tried 5 times; stopping.
Reduction command: java -ea -cp /opt/graphicsfuzz/graphicsfuzz/target/graphicsfuzz/python/drivers/../../jar/tool-1.0.jar com.graphicsfuzz.reducer.tool.GlslReduce /opt/reduce/cezanne_radeon_vega/syn_memory_converge_atomic/variant_869.json interestingness_test --output reduction_results/cezanne_radeon_vega/syn_memory_converge_atomic/variant_869 /opt/reduce/cezanne_radeon_vega/syn_memory_converge_atomic/variant_869.comp
