18:37:15.258 INFO  ExecHelper - /opt/graphicsfuzz/graphicsfuzz/target/graphicsfuzz/bin/Linux/glslangValidator -E --stdin -S comp
18:37:15.314 INFO  ExecHelper - Result: 0
18:37:15.684 INFO  ReductionDriver - Starting reduction for variant_709
18:37:15.761 INFO  ExecHelper - interestingness_test /opt/reduce/cezanne_radeon_vega/syn_memory_converge_atomic/variant_709.comp reduction_results/cezanne_radeon_vega/syn_memory_converge_atomic/variant_709/variant_709.json
18:37:15.763 INFO  StreamGobblerLogger - stderr.env: ‘interestingness_test’: No such file or directory
18:37:15.763 INFO  ExecHelper - Result: 127
18:37:15.763 INFO  CustomFileJudge - Custom file judge result: 127
18:37:15.763 INFO  ReductionDriver - Result from initial state is not interesting (attempt 1)
18:37:15.841 INFO  ExecHelper - interestingness_test /opt/reduce/cezanne_radeon_vega/syn_memory_converge_atomic/variant_709.comp reduction_results/cezanne_radeon_vega/syn_memory_converge_atomic/variant_709/variant_709.json
18:37:15.843 INFO  StreamGobblerLogger - stderr.env: ‘interestingness_test’: No such file or directory
18:37:15.844 INFO  ExecHelper - Result: 127
18:37:15.844 INFO  CustomFileJudge - Custom file judge result: 127
18:37:15.844 INFO  ReductionDriver - Result from initial state is not interesting (attempt 2)
18:37:15.903 INFO  ExecHelper - interestingness_test /opt/reduce/cezanne_radeon_vega/syn_memory_converge_atomic/variant_709.comp reduction_results/cezanne_radeon_vega/syn_memory_converge_atomic/variant_709/variant_709.json
18:37:15.905 INFO  StreamGobblerLogger - stderr.env: ‘interestingness_test’: No such file or directory
18:37:15.906 INFO  ExecHelper - Result: 127
18:37:15.906 INFO  CustomFileJudge - Custom file judge result: 127
18:37:15.906 INFO  ReductionDriver - Result from initial state is not interesting (attempt 3)
18:37:15.975 INFO  ExecHelper - interestingness_test /opt/reduce/cezanne_radeon_vega/syn_memory_converge_atomic/variant_709.comp reduction_results/cezanne_radeon_vega/syn_memory_converge_atomic/variant_709/variant_709.json
18:37:15.976 INFO  StreamGobblerLogger - stderr.env: ‘interestingness_test’: No such file or directory
18:37:15.977 INFO  ExecHelper - Result: 127
18:37:15.977 INFO  CustomFileJudge - Custom file judge result: 127
18:37:15.977 INFO  ReductionDriver - Result from initial state is not interesting (attempt 4)
18:37:16.031 INFO  ExecHelper - interestingness_test /opt/reduce/cezanne_radeon_vega/syn_memory_converge_atomic/variant_709.comp reduction_results/cezanne_radeon_vega/syn_memory_converge_atomic/variant_709/variant_709.json
18:37:16.032 INFO  StreamGobblerLogger - stderr.env: ‘interestingness_test’: No such file or directory
18:37:16.033 INFO  ExecHelper - Result: 127
18:37:16.033 INFO  CustomFileJudge - Custom file judge result: 127
18:37:16.033 INFO  ReductionDriver - Result from initial state is not interesting (attempt 5)
18:37:16.033 INFO  ReductionDriver - Tried 5 times; stopping.
Reduction command: java -ea -cp /opt/graphicsfuzz/graphicsfuzz/target/graphicsfuzz/python/drivers/../../jar/tool-1.0.jar com.graphicsfuzz.reducer.tool.GlslReduce /opt/reduce/cezanne_radeon_vega/syn_memory_converge_atomic/variant_709.json interestingness_test --output reduction_results/cezanne_radeon_vega/syn_memory_converge_atomic/variant_709 /opt/reduce/cezanne_radeon_vega/syn_memory_converge_atomic/variant_709.comp
