19:29:48.332 INFO  ExecHelper - /opt/graphicsfuzz/graphicsfuzz/target/graphicsfuzz/bin/Linux/glslangValidator -E --stdin -S comp
19:29:48.403 INFO  ExecHelper - Result: 0
19:29:49.428 INFO  ReductionDriver - Starting reduction for variant_260
19:29:49.503 INFO  ExecHelper - interestingness_test /opt/reduce/rtx_4070/syn_memory_converge/variant_260.comp reduction_results/rtx_4070/syn_memory_converge/variant_260/variant_260.json
19:29:49.505 INFO  StreamGobblerLogger - stderr.env: ‘interestingness_test’: No such file or directory
19:29:49.505 INFO  ExecHelper - Result: 127
19:29:49.505 INFO  CustomFileJudge - Custom file judge result: 127
19:29:49.505 INFO  ReductionDriver - Result from initial state is not interesting (attempt 1)
19:29:49.566 INFO  ExecHelper - interestingness_test /opt/reduce/rtx_4070/syn_memory_converge/variant_260.comp reduction_results/rtx_4070/syn_memory_converge/variant_260/variant_260.json
19:29:49.568 INFO  StreamGobblerLogger - stderr.env: ‘interestingness_test’: No such file or directory
19:29:49.568 INFO  ExecHelper - Result: 127
19:29:49.569 INFO  CustomFileJudge - Custom file judge result: 127
19:29:49.569 INFO  ReductionDriver - Result from initial state is not interesting (attempt 2)
19:29:49.628 INFO  ExecHelper - interestingness_test /opt/reduce/rtx_4070/syn_memory_converge/variant_260.comp reduction_results/rtx_4070/syn_memory_converge/variant_260/variant_260.json
19:29:49.630 INFO  StreamGobblerLogger - stderr.env: ‘interestingness_test’: No such file or directory
19:29:49.631 INFO  ExecHelper - Result: 127
19:29:49.631 INFO  CustomFileJudge - Custom file judge result: 127
19:29:49.631 INFO  ReductionDriver - Result from initial state is not interesting (attempt 3)
19:29:49.687 INFO  ExecHelper - interestingness_test /opt/reduce/rtx_4070/syn_memory_converge/variant_260.comp reduction_results/rtx_4070/syn_memory_converge/variant_260/variant_260.json
19:29:49.688 INFO  StreamGobblerLogger - stderr.env: ‘interestingness_test’: No such file or directory
19:29:49.689 INFO  ExecHelper - Result: 127
19:29:49.689 INFO  CustomFileJudge - Custom file judge result: 127
19:29:49.689 INFO  ReductionDriver - Result from initial state is not interesting (attempt 4)
19:29:49.749 INFO  ExecHelper - interestingness_test /opt/reduce/rtx_4070/syn_memory_converge/variant_260.comp reduction_results/rtx_4070/syn_memory_converge/variant_260/variant_260.json
19:29:49.750 INFO  StreamGobblerLogger - stderr.env: ‘interestingness_test’: No such file or directory
19:29:49.751 INFO  ExecHelper - Result: 127
19:29:49.751 INFO  CustomFileJudge - Custom file judge result: 127
19:29:49.751 INFO  ReductionDriver - Result from initial state is not interesting (attempt 5)
19:29:49.751 INFO  ReductionDriver - Tried 5 times; stopping.
Reduction command: java -ea -cp /opt/graphicsfuzz/graphicsfuzz/target/graphicsfuzz/python/drivers/../../jar/tool-1.0.jar com.graphicsfuzz.reducer.tool.GlslReduce /opt/reduce/rtx_4070/syn_memory_converge/variant_260.json interestingness_test --output reduction_results/rtx_4070/syn_memory_converge/variant_260 /opt/reduce/rtx_4070/syn_memory_converge/variant_260.comp
