19:26:53.824 INFO  ExecHelper - /opt/graphicsfuzz/graphicsfuzz/target/graphicsfuzz/bin/Linux/glslangValidator -E --stdin -S comp
19:26:53.898 INFO  ExecHelper - Result: 0
19:26:54.427 INFO  ReductionDriver - Starting reduction for variant_057
19:26:54.444 INFO  ExecHelper - interestingness_test /opt/reduce/rtx_4070/syn_memory_converge/variant_057.comp reduction_results/rtx_4070/syn_memory_converge/variant_057/variant_057.json
19:26:54.446 INFO  StreamGobblerLogger - stderr.env: ‘interestingness_test’: No such file or directory
19:26:54.446 INFO  ExecHelper - Result: 127
19:26:54.446 INFO  CustomFileJudge - Custom file judge result: 127
19:26:54.446 INFO  ReductionDriver - Result from initial state is not interesting (attempt 1)
19:26:54.454 INFO  ExecHelper - interestingness_test /opt/reduce/rtx_4070/syn_memory_converge/variant_057.comp reduction_results/rtx_4070/syn_memory_converge/variant_057/variant_057.json
19:26:54.456 INFO  StreamGobblerLogger - stderr.env: ‘interestingness_test’: No such file or directory
19:26:54.456 INFO  ExecHelper - Result: 127
19:26:54.457 INFO  CustomFileJudge - Custom file judge result: 127
19:26:54.457 INFO  ReductionDriver - Result from initial state is not interesting (attempt 2)
19:26:54.465 INFO  ExecHelper - interestingness_test /opt/reduce/rtx_4070/syn_memory_converge/variant_057.comp reduction_results/rtx_4070/syn_memory_converge/variant_057/variant_057.json
19:26:54.466 INFO  StreamGobblerLogger - stderr.env: ‘interestingness_test’: No such file or directory
19:26:54.467 INFO  ExecHelper - Result: 127
19:26:54.467 INFO  CustomFileJudge - Custom file judge result: 127
19:26:54.467 INFO  ReductionDriver - Result from initial state is not interesting (attempt 3)
19:26:54.475 INFO  ExecHelper - interestingness_test /opt/reduce/rtx_4070/syn_memory_converge/variant_057.comp reduction_results/rtx_4070/syn_memory_converge/variant_057/variant_057.json
19:26:54.476 INFO  StreamGobblerLogger - stderr.env: ‘interestingness_test’: No such file or directory
19:26:54.476 INFO  ExecHelper - Result: 127
19:26:54.476 INFO  CustomFileJudge - Custom file judge result: 127
19:26:54.477 INFO  ReductionDriver - Result from initial state is not interesting (attempt 4)
19:26:54.482 INFO  ExecHelper - interestingness_test /opt/reduce/rtx_4070/syn_memory_converge/variant_057.comp reduction_results/rtx_4070/syn_memory_converge/variant_057/variant_057.json
19:26:54.483 INFO  StreamGobblerLogger - stderr.env: ‘interestingness_test’: No such file or directory
19:26:54.484 INFO  ExecHelper - Result: 127
19:26:54.484 INFO  CustomFileJudge - Custom file judge result: 127
19:26:54.484 INFO  ReductionDriver - Result from initial state is not interesting (attempt 5)
19:26:54.484 INFO  ReductionDriver - Tried 5 times; stopping.
Reduction command: java -ea -cp /opt/graphicsfuzz/graphicsfuzz/target/graphicsfuzz/python/drivers/../../jar/tool-1.0.jar com.graphicsfuzz.reducer.tool.GlslReduce /opt/reduce/rtx_4070/syn_memory_converge/variant_057.json interestingness_test --output reduction_results/rtx_4070/syn_memory_converge/variant_057 /opt/reduce/rtx_4070/syn_memory_converge/variant_057.comp
