18:23:47.836 INFO  ExecHelper - /opt/graphicsfuzz/graphicsfuzz/target/graphicsfuzz/bin/Linux/glslangValidator -E --stdin -S comp
18:23:47.885 INFO  ExecHelper - Result: 0
18:23:47.976 INFO  ReductionDriver - Starting reduction for variant_740
18:23:47.986 INFO  ExecHelper - interestingness_test /opt/reduce/cezanne_radeon_vega/syn_memory_converge/variant_740.comp reduction_results/cezanne_radeon_vega/syn_memory_converge/variant_740/variant_740.json
18:23:47.987 INFO  StreamGobblerLogger - stderr.env: ‘interestingness_test’: No such file or directory
18:23:47.988 INFO  ExecHelper - Result: 127
18:23:47.988 INFO  CustomFileJudge - Custom file judge result: 127
18:23:47.988 INFO  ReductionDriver - Result from initial state is not interesting (attempt 1)
18:23:47.990 INFO  ExecHelper - interestingness_test /opt/reduce/cezanne_radeon_vega/syn_memory_converge/variant_740.comp reduction_results/cezanne_radeon_vega/syn_memory_converge/variant_740/variant_740.json
18:23:47.991 INFO  StreamGobblerLogger - stderr.env: ‘interestingness_test’: No such file or directory
18:23:47.991 INFO  ExecHelper - Result: 127
18:23:47.991 INFO  CustomFileJudge - Custom file judge result: 127
18:23:47.991 INFO  ReductionDriver - Result from initial state is not interesting (attempt 2)
18:23:47.993 INFO  ExecHelper - interestingness_test /opt/reduce/cezanne_radeon_vega/syn_memory_converge/variant_740.comp reduction_results/cezanne_radeon_vega/syn_memory_converge/variant_740/variant_740.json
18:23:47.994 INFO  StreamGobblerLogger - stderr.env: ‘interestingness_test’: No such file or directory
18:23:47.995 INFO  ExecHelper - Result: 127
18:23:47.995 INFO  CustomFileJudge - Custom file judge result: 127
18:23:47.995 INFO  ReductionDriver - Result from initial state is not interesting (attempt 3)
18:23:47.997 INFO  ExecHelper - interestingness_test /opt/reduce/cezanne_radeon_vega/syn_memory_converge/variant_740.comp reduction_results/cezanne_radeon_vega/syn_memory_converge/variant_740/variant_740.json
18:23:47.998 INFO  StreamGobblerLogger - stderr.env: ‘interestingness_test’: No such file or directory
18:23:47.999 INFO  ExecHelper - Result: 127
18:23:47.999 INFO  CustomFileJudge - Custom file judge result: 127
18:23:47.999 INFO  ReductionDriver - Result from initial state is not interesting (attempt 4)
18:23:48.000 INFO  ExecHelper - interestingness_test /opt/reduce/cezanne_radeon_vega/syn_memory_converge/variant_740.comp reduction_results/cezanne_radeon_vega/syn_memory_converge/variant_740/variant_740.json
18:23:48.002 INFO  StreamGobblerLogger - stderr.env: ‘interestingness_test’: No such file or directory
18:23:48.002 INFO  ExecHelper - Result: 127
18:23:48.002 INFO  CustomFileJudge - Custom file judge result: 127
18:23:48.002 INFO  ReductionDriver - Result from initial state is not interesting (attempt 5)
18:23:48.002 INFO  ReductionDriver - Tried 5 times; stopping.
Reduction command: java -ea -cp /opt/graphicsfuzz/graphicsfuzz/target/graphicsfuzz/python/drivers/../../jar/tool-1.0.jar com.graphicsfuzz.reducer.tool.GlslReduce /opt/reduce/cezanne_radeon_vega/syn_memory_converge/variant_740.json interestingness_test --output reduction_results/cezanne_radeon_vega/syn_memory_converge/variant_740 /opt/reduce/cezanne_radeon_vega/syn_memory_converge/variant_740.comp
