18:23:21.015 INFO  ExecHelper - /opt/graphicsfuzz/graphicsfuzz/target/graphicsfuzz/bin/Linux/glslangValidator -E --stdin -S comp
18:23:21.064 INFO  ExecHelper - Result: 0
18:23:21.151 INFO  ReductionDriver - Starting reduction for variant_705
18:23:21.160 INFO  ExecHelper - interestingness_test /opt/reduce/cezanne_radeon_vega/syn_memory_converge/variant_705.comp reduction_results/cezanne_radeon_vega/syn_memory_converge/variant_705/variant_705.json
18:23:21.161 INFO  StreamGobblerLogger - stderr.env: ‘interestingness_test’: No such file or directory
18:23:21.162 INFO  ExecHelper - Result: 127
18:23:21.162 INFO  CustomFileJudge - Custom file judge result: 127
18:23:21.162 INFO  ReductionDriver - Result from initial state is not interesting (attempt 1)
18:23:21.167 INFO  ExecHelper - interestingness_test /opt/reduce/cezanne_radeon_vega/syn_memory_converge/variant_705.comp reduction_results/cezanne_radeon_vega/syn_memory_converge/variant_705/variant_705.json
18:23:21.168 INFO  StreamGobblerLogger - stderr.env: ‘interestingness_test’: No such file or directory
18:23:21.169 INFO  ExecHelper - Result: 127
18:23:21.169 INFO  CustomFileJudge - Custom file judge result: 127
18:23:21.169 INFO  ReductionDriver - Result from initial state is not interesting (attempt 2)
18:23:21.173 INFO  ExecHelper - interestingness_test /opt/reduce/cezanne_radeon_vega/syn_memory_converge/variant_705.comp reduction_results/cezanne_radeon_vega/syn_memory_converge/variant_705/variant_705.json
18:23:21.174 INFO  StreamGobblerLogger - stderr.env: ‘interestingness_test’: No such file or directory
18:23:21.175 INFO  ExecHelper - Result: 127
18:23:21.175 INFO  CustomFileJudge - Custom file judge result: 127
18:23:21.175 INFO  ReductionDriver - Result from initial state is not interesting (attempt 3)
18:23:21.178 INFO  ExecHelper - interestingness_test /opt/reduce/cezanne_radeon_vega/syn_memory_converge/variant_705.comp reduction_results/cezanne_radeon_vega/syn_memory_converge/variant_705/variant_705.json
18:23:21.180 INFO  StreamGobblerLogger - stderr.env: ‘interestingness_test’: No such file or directory
18:23:21.180 INFO  ExecHelper - Result: 127
18:23:21.180 INFO  CustomFileJudge - Custom file judge result: 127
18:23:21.180 INFO  ReductionDriver - Result from initial state is not interesting (attempt 4)
18:23:21.184 INFO  ExecHelper - interestingness_test /opt/reduce/cezanne_radeon_vega/syn_memory_converge/variant_705.comp reduction_results/cezanne_radeon_vega/syn_memory_converge/variant_705/variant_705.json
18:23:21.185 INFO  StreamGobblerLogger - stderr.env: ‘interestingness_test’: No such file or directory
18:23:21.186 INFO  ExecHelper - Result: 127
18:23:21.186 INFO  CustomFileJudge - Custom file judge result: 127
18:23:21.186 INFO  ReductionDriver - Result from initial state is not interesting (attempt 5)
18:23:21.186 INFO  ReductionDriver - Tried 5 times; stopping.
Reduction command: java -ea -cp /opt/graphicsfuzz/graphicsfuzz/target/graphicsfuzz/python/drivers/../../jar/tool-1.0.jar com.graphicsfuzz.reducer.tool.GlslReduce /opt/reduce/cezanne_radeon_vega/syn_memory_converge/variant_705.json interestingness_test --output reduction_results/cezanne_radeon_vega/syn_memory_converge/variant_705 /opt/reduce/cezanne_radeon_vega/syn_memory_converge/variant_705.comp
