19:39:39.525 INFO  ExecHelper - /opt/graphicsfuzz/graphicsfuzz/target/graphicsfuzz/bin/Linux/glslangValidator -E --stdin -S comp
19:39:39.575 INFO  ExecHelper - Result: 0
19:39:39.633 INFO  ReductionDriver - Starting reduction for variant_957
19:39:39.638 INFO  ExecHelper - interestingness_test /opt/reduce/rtx_4070/syn_memory_converge/variant_957.comp reduction_results/rtx_4070/syn_memory_converge/variant_957/variant_957.json
19:39:39.639 INFO  StreamGobblerLogger - stderr.env: ‘interestingness_test’: No such file or directory
19:39:39.639 INFO  ExecHelper - Result: 127
19:39:39.640 INFO  CustomFileJudge - Custom file judge result: 127
19:39:39.640 INFO  ReductionDriver - Result from initial state is not interesting (attempt 1)
19:39:39.641 INFO  ExecHelper - interestingness_test /opt/reduce/rtx_4070/syn_memory_converge/variant_957.comp reduction_results/rtx_4070/syn_memory_converge/variant_957/variant_957.json
19:39:39.643 INFO  StreamGobblerLogger - stderr.env: ‘interestingness_test’: No such file or directory
19:39:39.643 INFO  ExecHelper - Result: 127
19:39:39.643 INFO  CustomFileJudge - Custom file judge result: 127
19:39:39.643 INFO  ReductionDriver - Result from initial state is not interesting (attempt 2)
19:39:39.645 INFO  ExecHelper - interestingness_test /opt/reduce/rtx_4070/syn_memory_converge/variant_957.comp reduction_results/rtx_4070/syn_memory_converge/variant_957/variant_957.json
19:39:39.645 INFO  StreamGobblerLogger - stderr.env: ‘interestingness_test’: No such file or directory
19:39:39.646 INFO  ExecHelper - Result: 127
19:39:39.646 INFO  CustomFileJudge - Custom file judge result: 127
19:39:39.646 INFO  ReductionDriver - Result from initial state is not interesting (attempt 3)
19:39:39.648 INFO  ExecHelper - interestingness_test /opt/reduce/rtx_4070/syn_memory_converge/variant_957.comp reduction_results/rtx_4070/syn_memory_converge/variant_957/variant_957.json
19:39:39.649 INFO  StreamGobblerLogger - stderr.env: ‘interestingness_test’: No such file or directory
19:39:39.649 INFO  ExecHelper - Result: 127
19:39:39.649 INFO  CustomFileJudge - Custom file judge result: 127
19:39:39.649 INFO  ReductionDriver - Result from initial state is not interesting (attempt 4)
19:39:39.650 INFO  ExecHelper - interestingness_test /opt/reduce/rtx_4070/syn_memory_converge/variant_957.comp reduction_results/rtx_4070/syn_memory_converge/variant_957/variant_957.json
19:39:39.651 INFO  StreamGobblerLogger - stderr.env: ‘interestingness_test’: No such file or directory
19:39:39.651 INFO  ExecHelper - Result: 127
19:39:39.651 INFO  CustomFileJudge - Custom file judge result: 127
19:39:39.651 INFO  ReductionDriver - Result from initial state is not interesting (attempt 5)
19:39:39.652 INFO  ReductionDriver - Tried 5 times; stopping.
Reduction command: java -ea -cp /opt/graphicsfuzz/graphicsfuzz/target/graphicsfuzz/python/drivers/../../jar/tool-1.0.jar com.graphicsfuzz.reducer.tool.GlslReduce /opt/reduce/rtx_4070/syn_memory_converge/variant_957.json interestingness_test --output reduction_results/rtx_4070/syn_memory_converge/variant_957 /opt/reduce/rtx_4070/syn_memory_converge/variant_957.comp
