19:06:04.347 INFO  ExecHelper - /opt/graphicsfuzz/graphicsfuzz/target/graphicsfuzz/bin/Linux/glslangValidator -E --stdin -S comp
19:06:04.404 INFO  ExecHelper - Result: 0
19:06:04.491 INFO  ReductionDriver - Starting reduction for variant_137
19:06:04.500 INFO  ExecHelper - interestingness_test /opt/reduce/intel_iris_xe_graphics/syn_memory_converge_atomic/variant_137.comp reduction_results/intel_iris_xe_graphics/syn_memory_converge_atomic/variant_137/variant_137.json
19:06:04.502 INFO  StreamGobblerLogger - stderr.env: ‘interestingness_test’: No such file or directory
19:06:04.502 INFO  ExecHelper - Result: 127
19:06:04.502 INFO  CustomFileJudge - Custom file judge result: 127
19:06:04.502 INFO  ReductionDriver - Result from initial state is not interesting (attempt 1)
19:06:04.505 INFO  ExecHelper - interestingness_test /opt/reduce/intel_iris_xe_graphics/syn_memory_converge_atomic/variant_137.comp reduction_results/intel_iris_xe_graphics/syn_memory_converge_atomic/variant_137/variant_137.json
19:06:04.506 INFO  StreamGobblerLogger - stderr.env: ‘interestingness_test’: No such file or directory
19:06:04.506 INFO  ExecHelper - Result: 127
19:06:04.506 INFO  CustomFileJudge - Custom file judge result: 127
19:06:04.506 INFO  ReductionDriver - Result from initial state is not interesting (attempt 2)
19:06:04.508 INFO  ExecHelper - interestingness_test /opt/reduce/intel_iris_xe_graphics/syn_memory_converge_atomic/variant_137.comp reduction_results/intel_iris_xe_graphics/syn_memory_converge_atomic/variant_137/variant_137.json
19:06:04.509 INFO  StreamGobblerLogger - stderr.env: ‘interestingness_test’: No such file or directory
19:06:04.510 INFO  ExecHelper - Result: 127
19:06:04.510 INFO  CustomFileJudge - Custom file judge result: 127
19:06:04.510 INFO  ReductionDriver - Result from initial state is not interesting (attempt 3)
19:06:04.511 INFO  ExecHelper - interestingness_test /opt/reduce/intel_iris_xe_graphics/syn_memory_converge_atomic/variant_137.comp reduction_results/intel_iris_xe_graphics/syn_memory_converge_atomic/variant_137/variant_137.json
19:06:04.513 INFO  StreamGobblerLogger - stderr.env: ‘interestingness_test’: No such file or directory
19:06:04.513 INFO  ExecHelper - Result: 127
19:06:04.513 INFO  CustomFileJudge - Custom file judge result: 127
19:06:04.513 INFO  ReductionDriver - Result from initial state is not interesting (attempt 4)
19:06:04.515 INFO  ExecHelper - interestingness_test /opt/reduce/intel_iris_xe_graphics/syn_memory_converge_atomic/variant_137.comp reduction_results/intel_iris_xe_graphics/syn_memory_converge_atomic/variant_137/variant_137.json
19:06:04.516 INFO  StreamGobblerLogger - stderr.env: ‘interestingness_test’: No such file or directory
19:06:04.517 INFO  ExecHelper - Result: 127
19:06:04.517 INFO  CustomFileJudge - Custom file judge result: 127
19:06:04.517 INFO  ReductionDriver - Result from initial state is not interesting (attempt 5)
19:06:04.517 INFO  ReductionDriver - Tried 5 times; stopping.
Reduction command: java -ea -cp /opt/graphicsfuzz/graphicsfuzz/target/graphicsfuzz/python/drivers/../../jar/tool-1.0.jar com.graphicsfuzz.reducer.tool.GlslReduce /opt/reduce/intel_iris_xe_graphics/syn_memory_converge_atomic/variant_137.json interestingness_test --output reduction_results/intel_iris_xe_graphics/syn_memory_converge_atomic/variant_137 /opt/reduce/intel_iris_xe_graphics/syn_memory_converge_atomic/variant_137.comp
