19:34:04.989 INFO  ExecHelper - /opt/graphicsfuzz/graphicsfuzz/target/graphicsfuzz/bin/Linux/glslangValidator -E --stdin -S comp
19:34:05.039 INFO  ExecHelper - Result: 0
19:34:05.400 INFO  ReductionDriver - Starting reduction for variant_547
19:34:05.456 INFO  ExecHelper - interestingness_test /opt/reduce/rtx_4070/syn_memory_converge/variant_547.comp reduction_results/rtx_4070/syn_memory_converge/variant_547/variant_547.json
19:34:05.458 INFO  StreamGobblerLogger - stderr.env: ‘interestingness_test’: No such file or directory
19:34:05.459 INFO  ExecHelper - Result: 127
19:34:05.459 INFO  CustomFileJudge - Custom file judge result: 127
19:34:05.459 INFO  ReductionDriver - Result from initial state is not interesting (attempt 1)
19:34:05.504 INFO  ExecHelper - interestingness_test /opt/reduce/rtx_4070/syn_memory_converge/variant_547.comp reduction_results/rtx_4070/syn_memory_converge/variant_547/variant_547.json
19:34:05.505 INFO  StreamGobblerLogger - stderr.env: ‘interestingness_test’: No such file or directory
19:34:05.506 INFO  ExecHelper - Result: 127
19:34:05.506 INFO  CustomFileJudge - Custom file judge result: 127
19:34:05.506 INFO  ReductionDriver - Result from initial state is not interesting (attempt 2)
19:34:05.546 INFO  ExecHelper - interestingness_test /opt/reduce/rtx_4070/syn_memory_converge/variant_547.comp reduction_results/rtx_4070/syn_memory_converge/variant_547/variant_547.json
19:34:05.547 INFO  StreamGobblerLogger - stderr.env: ‘interestingness_test’: No such file or directory
19:34:05.548 INFO  ExecHelper - Result: 127
19:34:05.548 INFO  CustomFileJudge - Custom file judge result: 127
19:34:05.548 INFO  ReductionDriver - Result from initial state is not interesting (attempt 3)
19:34:05.587 INFO  ExecHelper - interestingness_test /opt/reduce/rtx_4070/syn_memory_converge/variant_547.comp reduction_results/rtx_4070/syn_memory_converge/variant_547/variant_547.json
19:34:05.589 INFO  StreamGobblerLogger - stderr.env: ‘interestingness_test’: No such file or directory
19:34:05.590 INFO  ExecHelper - Result: 127
19:34:05.590 INFO  CustomFileJudge - Custom file judge result: 127
19:34:05.590 INFO  ReductionDriver - Result from initial state is not interesting (attempt 4)
19:34:05.627 INFO  ExecHelper - interestingness_test /opt/reduce/rtx_4070/syn_memory_converge/variant_547.comp reduction_results/rtx_4070/syn_memory_converge/variant_547/variant_547.json
19:34:05.628 INFO  StreamGobblerLogger - stderr.env: ‘interestingness_test’: No such file or directory
19:34:05.628 INFO  ExecHelper - Result: 127
19:34:05.629 INFO  CustomFileJudge - Custom file judge result: 127
19:34:05.629 INFO  ReductionDriver - Result from initial state is not interesting (attempt 5)
19:34:05.629 INFO  ReductionDriver - Tried 5 times; stopping.
Reduction command: java -ea -cp /opt/graphicsfuzz/graphicsfuzz/target/graphicsfuzz/python/drivers/../../jar/tool-1.0.jar com.graphicsfuzz.reducer.tool.GlslReduce /opt/reduce/rtx_4070/syn_memory_converge/variant_547.json interestingness_test --output reduction_results/rtx_4070/syn_memory_converge/variant_547 /opt/reduce/rtx_4070/syn_memory_converge/variant_547.comp
