19:26:48.092 INFO  ExecHelper - /opt/graphicsfuzz/graphicsfuzz/target/graphicsfuzz/bin/Linux/glslangValidator -E --stdin -S comp
19:26:48.143 INFO  ExecHelper - Result: 0
19:26:48.413 INFO  ReductionDriver - Starting reduction for variant_050
19:26:48.475 INFO  ExecHelper - interestingness_test /opt/reduce/rtx_4070/syn_memory_converge/variant_050.comp reduction_results/rtx_4070/syn_memory_converge/variant_050/variant_050.json
19:26:48.476 INFO  StreamGobblerLogger - stderr.env: ‘interestingness_test’: No such file or directory
19:26:48.477 INFO  ExecHelper - Result: 127
19:26:48.477 INFO  CustomFileJudge - Custom file judge result: 127
19:26:48.477 INFO  ReductionDriver - Result from initial state is not interesting (attempt 1)
19:26:48.530 INFO  ExecHelper - interestingness_test /opt/reduce/rtx_4070/syn_memory_converge/variant_050.comp reduction_results/rtx_4070/syn_memory_converge/variant_050/variant_050.json
19:26:48.532 INFO  StreamGobblerLogger - stderr.env: ‘interestingness_test’: No such file or directory
19:26:48.532 INFO  ExecHelper - Result: 127
19:26:48.533 INFO  CustomFileJudge - Custom file judge result: 127
19:26:48.533 INFO  ReductionDriver - Result from initial state is not interesting (attempt 2)
19:26:48.577 INFO  ExecHelper - interestingness_test /opt/reduce/rtx_4070/syn_memory_converge/variant_050.comp reduction_results/rtx_4070/syn_memory_converge/variant_050/variant_050.json
19:26:48.578 INFO  StreamGobblerLogger - stderr.env: ‘interestingness_test’: No such file or directory
19:26:48.579 INFO  ExecHelper - Result: 127
19:26:48.579 INFO  CustomFileJudge - Custom file judge result: 127
19:26:48.579 INFO  ReductionDriver - Result from initial state is not interesting (attempt 3)
19:26:48.623 INFO  ExecHelper - interestingness_test /opt/reduce/rtx_4070/syn_memory_converge/variant_050.comp reduction_results/rtx_4070/syn_memory_converge/variant_050/variant_050.json
19:26:48.625 INFO  StreamGobblerLogger - stderr.env: ‘interestingness_test’: No such file or directory
19:26:48.626 INFO  ExecHelper - Result: 127
19:26:48.626 INFO  CustomFileJudge - Custom file judge result: 127
19:26:48.626 INFO  ReductionDriver - Result from initial state is not interesting (attempt 4)
19:26:48.669 INFO  ExecHelper - interestingness_test /opt/reduce/rtx_4070/syn_memory_converge/variant_050.comp reduction_results/rtx_4070/syn_memory_converge/variant_050/variant_050.json
19:26:48.675 INFO  StreamGobblerLogger - stderr.env: ‘interestingness_test’: No such file or directory
19:26:48.676 INFO  ExecHelper - Result: 127
19:26:48.676 INFO  CustomFileJudge - Custom file judge result: 127
19:26:48.676 INFO  ReductionDriver - Result from initial state is not interesting (attempt 5)
19:26:48.676 INFO  ReductionDriver - Tried 5 times; stopping.
Reduction command: java -ea -cp /opt/graphicsfuzz/graphicsfuzz/target/graphicsfuzz/python/drivers/../../jar/tool-1.0.jar com.graphicsfuzz.reducer.tool.GlslReduce /opt/reduce/rtx_4070/syn_memory_converge/variant_050.json interestingness_test --output reduction_results/rtx_4070/syn_memory_converge/variant_050 /opt/reduce/rtx_4070/syn_memory_converge/variant_050.comp
