19:45:44.389 INFO  ExecHelper - /opt/graphicsfuzz/graphicsfuzz/target/graphicsfuzz/bin/Linux/glslangValidator -E --stdin -S comp
19:45:44.532 INFO  ExecHelper - Result: 0
19:45:46.015 INFO  ReductionDriver - Starting reduction for variant_374
19:45:46.035 INFO  ExecHelper - interestingness_test /opt/reduce/rtx_4070/syn_memory_converge_atomic/variant_374.comp reduction_results/rtx_4070/syn_memory_converge_atomic/variant_374/variant_374.json
19:45:46.037 INFO  StreamGobblerLogger - stderr.env: ‘interestingness_test’: No such file or directory
19:45:46.037 INFO  ExecHelper - Result: 127
19:45:46.037 INFO  CustomFileJudge - Custom file judge result: 127
19:45:46.037 INFO  ReductionDriver - Result from initial state is not interesting (attempt 1)
19:45:46.048 INFO  ExecHelper - interestingness_test /opt/reduce/rtx_4070/syn_memory_converge_atomic/variant_374.comp reduction_results/rtx_4070/syn_memory_converge_atomic/variant_374/variant_374.json
19:45:46.049 INFO  StreamGobblerLogger - stderr.env: ‘interestingness_test’: No such file or directory
19:45:46.050 INFO  ExecHelper - Result: 127
19:45:46.050 INFO  CustomFileJudge - Custom file judge result: 127
19:45:46.050 INFO  ReductionDriver - Result from initial state is not interesting (attempt 2)
19:45:46.058 INFO  ExecHelper - interestingness_test /opt/reduce/rtx_4070/syn_memory_converge_atomic/variant_374.comp reduction_results/rtx_4070/syn_memory_converge_atomic/variant_374/variant_374.json
19:45:46.059 INFO  StreamGobblerLogger - stderr.env: ‘interestingness_test’: No such file or directory
19:45:46.060 INFO  ExecHelper - Result: 127
19:45:46.060 INFO  CustomFileJudge - Custom file judge result: 127
19:45:46.060 INFO  ReductionDriver - Result from initial state is not interesting (attempt 3)
19:45:46.068 INFO  ExecHelper - interestingness_test /opt/reduce/rtx_4070/syn_memory_converge_atomic/variant_374.comp reduction_results/rtx_4070/syn_memory_converge_atomic/variant_374/variant_374.json
19:45:46.069 INFO  StreamGobblerLogger - stderr.env: ‘interestingness_test’: No such file or directory
19:45:46.070 INFO  ExecHelper - Result: 127
19:45:46.070 INFO  CustomFileJudge - Custom file judge result: 127
19:45:46.070 INFO  ReductionDriver - Result from initial state is not interesting (attempt 4)
19:45:46.078 INFO  ExecHelper - interestingness_test /opt/reduce/rtx_4070/syn_memory_converge_atomic/variant_374.comp reduction_results/rtx_4070/syn_memory_converge_atomic/variant_374/variant_374.json
19:45:46.079 INFO  StreamGobblerLogger - stderr.env: ‘interestingness_test’: No such file or directory
19:45:46.079 INFO  ExecHelper - Result: 127
19:45:46.079 INFO  CustomFileJudge - Custom file judge result: 127
19:45:46.079 INFO  ReductionDriver - Result from initial state is not interesting (attempt 5)
19:45:46.079 INFO  ReductionDriver - Tried 5 times; stopping.
Reduction command: java -ea -cp /opt/graphicsfuzz/graphicsfuzz/target/graphicsfuzz/python/drivers/../../jar/tool-1.0.jar com.graphicsfuzz.reducer.tool.GlslReduce /opt/reduce/rtx_4070/syn_memory_converge_atomic/variant_374.json interestingness_test --output reduction_results/rtx_4070/syn_memory_converge_atomic/variant_374 /opt/reduce/rtx_4070/syn_memory_converge_atomic/variant_374.comp
