18:35:36.505 INFO  ExecHelper - /opt/graphicsfuzz/graphicsfuzz/target/graphicsfuzz/bin/Linux/glslangValidator -E --stdin -S comp
18:35:36.554 INFO  ExecHelper - Result: 0
18:35:36.612 INFO  ReductionDriver - Starting reduction for variant_608
18:35:36.617 INFO  ExecHelper - interestingness_test /opt/reduce/cezanne_radeon_vega/syn_memory_converge_atomic/variant_608.comp reduction_results/cezanne_radeon_vega/syn_memory_converge_atomic/variant_608/variant_608.json
18:35:36.618 INFO  StreamGobblerLogger - stderr.env: ‘interestingness_test’: No such file or directory
18:35:36.619 INFO  ExecHelper - Result: 127
18:35:36.619 INFO  CustomFileJudge - Custom file judge result: 127
18:35:36.619 INFO  ReductionDriver - Result from initial state is not interesting (attempt 1)
18:35:36.620 INFO  ExecHelper - interestingness_test /opt/reduce/cezanne_radeon_vega/syn_memory_converge_atomic/variant_608.comp reduction_results/cezanne_radeon_vega/syn_memory_converge_atomic/variant_608/variant_608.json
18:35:36.621 INFO  StreamGobblerLogger - stderr.env: ‘interestingness_test’: No such file or directory
18:35:36.621 INFO  ExecHelper - Result: 127
18:35:36.621 INFO  CustomFileJudge - Custom file judge result: 127
18:35:36.621 INFO  ReductionDriver - Result from initial state is not interesting (attempt 2)
18:35:36.622 INFO  ExecHelper - interestingness_test /opt/reduce/cezanne_radeon_vega/syn_memory_converge_atomic/variant_608.comp reduction_results/cezanne_radeon_vega/syn_memory_converge_atomic/variant_608/variant_608.json
18:35:36.623 INFO  StreamGobblerLogger - stderr.env: ‘interestingness_test’: No such file or directory
18:35:36.624 INFO  ExecHelper - Result: 127
18:35:36.624 INFO  CustomFileJudge - Custom file judge result: 127
18:35:36.624 INFO  ReductionDriver - Result from initial state is not interesting (attempt 3)
18:35:36.625 INFO  ExecHelper - interestingness_test /opt/reduce/cezanne_radeon_vega/syn_memory_converge_atomic/variant_608.comp reduction_results/cezanne_radeon_vega/syn_memory_converge_atomic/variant_608/variant_608.json
18:35:36.625 INFO  StreamGobblerLogger - stderr.env: ‘interestingness_test’: No such file or directory
18:35:36.626 INFO  ExecHelper - Result: 127
18:35:36.626 INFO  CustomFileJudge - Custom file judge result: 127
18:35:36.626 INFO  ReductionDriver - Result from initial state is not interesting (attempt 4)
18:35:36.627 INFO  ExecHelper - interestingness_test /opt/reduce/cezanne_radeon_vega/syn_memory_converge_atomic/variant_608.comp reduction_results/cezanne_radeon_vega/syn_memory_converge_atomic/variant_608/variant_608.json
18:35:36.628 INFO  StreamGobblerLogger - stderr.env: ‘interestingness_test’: No such file or directory
18:35:36.628 INFO  ExecHelper - Result: 127
18:35:36.628 INFO  CustomFileJudge - Custom file judge result: 127
18:35:36.628 INFO  ReductionDriver - Result from initial state is not interesting (attempt 5)
18:35:36.628 INFO  ReductionDriver - Tried 5 times; stopping.
Reduction command: java -ea -cp /opt/graphicsfuzz/graphicsfuzz/target/graphicsfuzz/python/drivers/../../jar/tool-1.0.jar com.graphicsfuzz.reducer.tool.GlslReduce /opt/reduce/cezanne_radeon_vega/syn_memory_converge_atomic/variant_608.json interestingness_test --output reduction_results/cezanne_radeon_vega/syn_memory_converge_atomic/variant_608 /opt/reduce/cezanne_radeon_vega/syn_memory_converge_atomic/variant_608.comp
