18:14:00.722 INFO  ExecHelper - /opt/graphicsfuzz/graphicsfuzz/target/graphicsfuzz/bin/Linux/glslangValidator -E --stdin -S comp
18:14:00.775 INFO  ExecHelper - Result: 0
18:14:01.070 INFO  ReductionDriver - Starting reduction for variant_012
18:14:01.117 INFO  ExecHelper - interestingness_test /opt/reduce/cezanne_radeon_vega/syn_memory_converge/variant_012.comp reduction_results/cezanne_radeon_vega/syn_memory_converge/variant_012/variant_012.json
18:14:01.119 INFO  StreamGobblerLogger - stderr.env: ‘interestingness_test’: No such file or directory
18:14:01.120 INFO  ExecHelper - Result: 127
18:14:01.120 INFO  CustomFileJudge - Custom file judge result: 127
18:14:01.120 INFO  ReductionDriver - Result from initial state is not interesting (attempt 1)
18:14:01.155 INFO  ExecHelper - interestingness_test /opt/reduce/cezanne_radeon_vega/syn_memory_converge/variant_012.comp reduction_results/cezanne_radeon_vega/syn_memory_converge/variant_012/variant_012.json
18:14:01.156 INFO  StreamGobblerLogger - stderr.env: ‘interestingness_test’: No such file or directory
18:14:01.157 INFO  ExecHelper - Result: 127
18:14:01.157 INFO  CustomFileJudge - Custom file judge result: 127
18:14:01.157 INFO  ReductionDriver - Result from initial state is not interesting (attempt 2)
18:14:01.192 INFO  ExecHelper - interestingness_test /opt/reduce/cezanne_radeon_vega/syn_memory_converge/variant_012.comp reduction_results/cezanne_radeon_vega/syn_memory_converge/variant_012/variant_012.json
18:14:01.194 INFO  StreamGobblerLogger - stderr.env: ‘interestingness_test’: No such file or directory
18:14:01.194 INFO  ExecHelper - Result: 127
18:14:01.194 INFO  CustomFileJudge - Custom file judge result: 127
18:14:01.194 INFO  ReductionDriver - Result from initial state is not interesting (attempt 3)
18:14:01.225 INFO  ExecHelper - interestingness_test /opt/reduce/cezanne_radeon_vega/syn_memory_converge/variant_012.comp reduction_results/cezanne_radeon_vega/syn_memory_converge/variant_012/variant_012.json
18:14:01.226 INFO  StreamGobblerLogger - stderr.env: ‘interestingness_test’: No such file or directory
18:14:01.227 INFO  ExecHelper - Result: 127
18:14:01.227 INFO  CustomFileJudge - Custom file judge result: 127
18:14:01.227 INFO  ReductionDriver - Result from initial state is not interesting (attempt 4)
18:14:01.256 INFO  ExecHelper - interestingness_test /opt/reduce/cezanne_radeon_vega/syn_memory_converge/variant_012.comp reduction_results/cezanne_radeon_vega/syn_memory_converge/variant_012/variant_012.json
18:14:01.258 INFO  StreamGobblerLogger - stderr.env: ‘interestingness_test’: No such file or directory
18:14:01.258 INFO  ExecHelper - Result: 127
18:14:01.258 INFO  CustomFileJudge - Custom file judge result: 127
18:14:01.259 INFO  ReductionDriver - Result from initial state is not interesting (attempt 5)
18:14:01.259 INFO  ReductionDriver - Tried 5 times; stopping.
Reduction command: java -ea -cp /opt/graphicsfuzz/graphicsfuzz/target/graphicsfuzz/python/drivers/../../jar/tool-1.0.jar com.graphicsfuzz.reducer.tool.GlslReduce /opt/reduce/cezanne_radeon_vega/syn_memory_converge/variant_012.json interestingness_test --output reduction_results/cezanne_radeon_vega/syn_memory_converge/variant_012 /opt/reduce/cezanne_radeon_vega/syn_memory_converge/variant_012.comp
