19:04:57.445 INFO  ExecHelper - /opt/graphicsfuzz/graphicsfuzz/target/graphicsfuzz/bin/Linux/glslangValidator -E --stdin -S comp
19:04:57.499 INFO  ExecHelper - Result: 0
19:04:57.938 INFO  ReductionDriver - Starting reduction for variant_059
19:04:58.034 INFO  ExecHelper - interestingness_test /opt/reduce/intel_iris_xe_graphics/syn_memory_converge_atomic/variant_059.comp reduction_results/intel_iris_xe_graphics/syn_memory_converge_atomic/variant_059/variant_059.json
19:04:58.042 INFO  StreamGobblerLogger - stderr.env: ‘interestingness_test’: No such file or directory
19:04:58.042 INFO  ExecHelper - Result: 127
19:04:58.042 INFO  CustomFileJudge - Custom file judge result: 127
19:04:58.042 INFO  ReductionDriver - Result from initial state is not interesting (attempt 1)
19:04:58.109 INFO  ExecHelper - interestingness_test /opt/reduce/intel_iris_xe_graphics/syn_memory_converge_atomic/variant_059.comp reduction_results/intel_iris_xe_graphics/syn_memory_converge_atomic/variant_059/variant_059.json
19:04:58.110 INFO  StreamGobblerLogger - stderr.env: ‘interestingness_test’: No such file or directory
19:04:58.110 INFO  ExecHelper - Result: 127
19:04:58.110 INFO  CustomFileJudge - Custom file judge result: 127
19:04:58.110 INFO  ReductionDriver - Result from initial state is not interesting (attempt 2)
19:04:58.172 INFO  ExecHelper - interestingness_test /opt/reduce/intel_iris_xe_graphics/syn_memory_converge_atomic/variant_059.comp reduction_results/intel_iris_xe_graphics/syn_memory_converge_atomic/variant_059/variant_059.json
19:04:58.174 INFO  StreamGobblerLogger - stderr.env: ‘interestingness_test’: No such file or directory
19:04:58.175 INFO  ExecHelper - Result: 127
19:04:58.175 INFO  CustomFileJudge - Custom file judge result: 127
19:04:58.175 INFO  ReductionDriver - Result from initial state is not interesting (attempt 3)
19:04:58.234 INFO  ExecHelper - interestingness_test /opt/reduce/intel_iris_xe_graphics/syn_memory_converge_atomic/variant_059.comp reduction_results/intel_iris_xe_graphics/syn_memory_converge_atomic/variant_059/variant_059.json
19:04:58.235 INFO  StreamGobblerLogger - stderr.env: ‘interestingness_test’: No such file or directory
19:04:58.236 INFO  ExecHelper - Result: 127
19:04:58.236 INFO  CustomFileJudge - Custom file judge result: 127
19:04:58.236 INFO  ReductionDriver - Result from initial state is not interesting (attempt 4)
19:04:58.294 INFO  ExecHelper - interestingness_test /opt/reduce/intel_iris_xe_graphics/syn_memory_converge_atomic/variant_059.comp reduction_results/intel_iris_xe_graphics/syn_memory_converge_atomic/variant_059/variant_059.json
19:04:58.295 INFO  StreamGobblerLogger - stderr.env: ‘interestingness_test’: No such file or directory
19:04:58.296 INFO  ExecHelper - Result: 127
19:04:58.296 INFO  CustomFileJudge - Custom file judge result: 127
19:04:58.296 INFO  ReductionDriver - Result from initial state is not interesting (attempt 5)
19:04:58.296 INFO  ReductionDriver - Tried 5 times; stopping.
Reduction command: java -ea -cp /opt/graphicsfuzz/graphicsfuzz/target/graphicsfuzz/python/drivers/../../jar/tool-1.0.jar com.graphicsfuzz.reducer.tool.GlslReduce /opt/reduce/intel_iris_xe_graphics/syn_memory_converge_atomic/variant_059.json interestingness_test --output reduction_results/intel_iris_xe_graphics/syn_memory_converge_atomic/variant_059 /opt/reduce/intel_iris_xe_graphics/syn_memory_converge_atomic/variant_059.comp
