18:39:43.537 INFO  ExecHelper - /opt/graphicsfuzz/graphicsfuzz/target/graphicsfuzz/bin/Linux/glslangValidator -E --stdin -S comp
18:39:43.585 INFO  ExecHelper - Result: 0
18:39:43.686 INFO  ReductionDriver - Starting reduction for variant_886
18:39:43.698 INFO  ExecHelper - interestingness_test /opt/reduce/cezanne_radeon_vega/syn_memory_converge_atomic/variant_886.comp reduction_results/cezanne_radeon_vega/syn_memory_converge_atomic/variant_886/variant_886.json
18:39:43.699 INFO  StreamGobblerLogger - stderr.env: ‘interestingness_test’: No such file or directory
18:39:43.700 INFO  ExecHelper - Result: 127
18:39:43.700 INFO  CustomFileJudge - Custom file judge result: 127
18:39:43.700 INFO  ReductionDriver - Result from initial state is not interesting (attempt 1)
18:39:43.704 INFO  ExecHelper - interestingness_test /opt/reduce/cezanne_radeon_vega/syn_memory_converge_atomic/variant_886.comp reduction_results/cezanne_radeon_vega/syn_memory_converge_atomic/variant_886/variant_886.json
18:39:43.705 INFO  StreamGobblerLogger - stderr.env: ‘interestingness_test’: No such file or directory
18:39:43.705 INFO  ExecHelper - Result: 127
18:39:43.706 INFO  CustomFileJudge - Custom file judge result: 127
18:39:43.706 INFO  ReductionDriver - Result from initial state is not interesting (attempt 2)
18:39:43.709 INFO  ExecHelper - interestingness_test /opt/reduce/cezanne_radeon_vega/syn_memory_converge_atomic/variant_886.comp reduction_results/cezanne_radeon_vega/syn_memory_converge_atomic/variant_886/variant_886.json
18:39:43.710 INFO  StreamGobblerLogger - stderr.env: ‘interestingness_test’: No such file or directory
18:39:43.710 INFO  ExecHelper - Result: 127
18:39:43.710 INFO  CustomFileJudge - Custom file judge result: 127
18:39:43.710 INFO  ReductionDriver - Result from initial state is not interesting (attempt 3)
18:39:43.714 INFO  ExecHelper - interestingness_test /opt/reduce/cezanne_radeon_vega/syn_memory_converge_atomic/variant_886.comp reduction_results/cezanne_radeon_vega/syn_memory_converge_atomic/variant_886/variant_886.json
18:39:43.715 INFO  StreamGobblerLogger - stderr.env: ‘interestingness_test’: No such file or directory
18:39:43.716 INFO  ExecHelper - Result: 127
18:39:43.716 INFO  CustomFileJudge - Custom file judge result: 127
18:39:43.716 INFO  ReductionDriver - Result from initial state is not interesting (attempt 4)
18:39:43.719 INFO  ExecHelper - interestingness_test /opt/reduce/cezanne_radeon_vega/syn_memory_converge_atomic/variant_886.comp reduction_results/cezanne_radeon_vega/syn_memory_converge_atomic/variant_886/variant_886.json
18:39:43.720 INFO  StreamGobblerLogger - stderr.env: ‘interestingness_test’: No such file or directory
18:39:43.720 INFO  ExecHelper - Result: 127
18:39:43.720 INFO  CustomFileJudge - Custom file judge result: 127
18:39:43.720 INFO  ReductionDriver - Result from initial state is not interesting (attempt 5)
18:39:43.720 INFO  ReductionDriver - Tried 5 times; stopping.
Reduction command: java -ea -cp /opt/graphicsfuzz/graphicsfuzz/target/graphicsfuzz/python/drivers/../../jar/tool-1.0.jar com.graphicsfuzz.reducer.tool.GlslReduce /opt/reduce/cezanne_radeon_vega/syn_memory_converge_atomic/variant_886.json interestingness_test --output reduction_results/cezanne_radeon_vega/syn_memory_converge_atomic/variant_886 /opt/reduce/cezanne_radeon_vega/syn_memory_converge_atomic/variant_886.comp
