19:43:07.240 INFO  ExecHelper - /opt/graphicsfuzz/graphicsfuzz/target/graphicsfuzz/bin/Linux/glslangValidator -E --stdin -S comp
19:43:07.287 INFO  ExecHelper - Result: 0
19:43:07.370 INFO  ReductionDriver - Starting reduction for variant_202
19:43:07.379 INFO  ExecHelper - interestingness_test /opt/reduce/rtx_4070/syn_memory_converge_atomic/variant_202.comp reduction_results/rtx_4070/syn_memory_converge_atomic/variant_202/variant_202.json
19:43:07.381 INFO  StreamGobblerLogger - stderr.env: ‘interestingness_test’: No such file or directory
19:43:07.381 INFO  ExecHelper - Result: 127
19:43:07.381 INFO  CustomFileJudge - Custom file judge result: 127
19:43:07.381 INFO  ReductionDriver - Result from initial state is not interesting (attempt 1)
19:43:07.384 INFO  ExecHelper - interestingness_test /opt/reduce/rtx_4070/syn_memory_converge_atomic/variant_202.comp reduction_results/rtx_4070/syn_memory_converge_atomic/variant_202/variant_202.json
19:43:07.385 INFO  StreamGobblerLogger - stderr.env: ‘interestingness_test’: No such file or directory
19:43:07.385 INFO  ExecHelper - Result: 127
19:43:07.385 INFO  CustomFileJudge - Custom file judge result: 127
19:43:07.385 INFO  ReductionDriver - Result from initial state is not interesting (attempt 2)
19:43:07.387 INFO  ExecHelper - interestingness_test /opt/reduce/rtx_4070/syn_memory_converge_atomic/variant_202.comp reduction_results/rtx_4070/syn_memory_converge_atomic/variant_202/variant_202.json
19:43:07.388 INFO  StreamGobblerLogger - stderr.env: ‘interestingness_test’: No such file or directory
19:43:07.389 INFO  ExecHelper - Result: 127
19:43:07.389 INFO  CustomFileJudge - Custom file judge result: 127
19:43:07.389 INFO  ReductionDriver - Result from initial state is not interesting (attempt 3)
19:43:07.391 INFO  ExecHelper - interestingness_test /opt/reduce/rtx_4070/syn_memory_converge_atomic/variant_202.comp reduction_results/rtx_4070/syn_memory_converge_atomic/variant_202/variant_202.json
19:43:07.392 INFO  StreamGobblerLogger - stderr.env: ‘interestingness_test’: No such file or directory
19:43:07.392 INFO  ExecHelper - Result: 127
19:43:07.392 INFO  CustomFileJudge - Custom file judge result: 127
19:43:07.392 INFO  ReductionDriver - Result from initial state is not interesting (attempt 4)
19:43:07.394 INFO  ExecHelper - interestingness_test /opt/reduce/rtx_4070/syn_memory_converge_atomic/variant_202.comp reduction_results/rtx_4070/syn_memory_converge_atomic/variant_202/variant_202.json
19:43:07.395 INFO  StreamGobblerLogger - stderr.env: ‘interestingness_test’: No such file or directory
19:43:07.396 INFO  ExecHelper - Result: 127
19:43:07.396 INFO  CustomFileJudge - Custom file judge result: 127
19:43:07.396 INFO  ReductionDriver - Result from initial state is not interesting (attempt 5)
19:43:07.396 INFO  ReductionDriver - Tried 5 times; stopping.
Reduction command: java -ea -cp /opt/graphicsfuzz/graphicsfuzz/target/graphicsfuzz/python/drivers/../../jar/tool-1.0.jar com.graphicsfuzz.reducer.tool.GlslReduce /opt/reduce/rtx_4070/syn_memory_converge_atomic/variant_202.json interestingness_test --output reduction_results/rtx_4070/syn_memory_converge_atomic/variant_202 /opt/reduce/rtx_4070/syn_memory_converge_atomic/variant_202.comp
