19:02:50.432 INFO  ExecHelper - /opt/graphicsfuzz/graphicsfuzz/target/graphicsfuzz/bin/Linux/glslangValidator -E --stdin -S comp
19:02:50.479 INFO  ExecHelper - Result: 0
19:02:50.563 INFO  ReductionDriver - Starting reduction for variant_908
19:02:50.572 INFO  ExecHelper - interestingness_test /opt/reduce/intel_iris_xe_graphics/syn_memory_converge/variant_908.comp reduction_results/intel_iris_xe_graphics/syn_memory_converge/variant_908/variant_908.json
19:02:50.573 INFO  StreamGobblerLogger - stderr.env: ‘interestingness_test’: No such file or directory
19:02:50.574 INFO  ExecHelper - Result: 127
19:02:50.574 INFO  CustomFileJudge - Custom file judge result: 127
19:02:50.574 INFO  ReductionDriver - Result from initial state is not interesting (attempt 1)
19:02:50.579 INFO  ExecHelper - interestingness_test /opt/reduce/intel_iris_xe_graphics/syn_memory_converge/variant_908.comp reduction_results/intel_iris_xe_graphics/syn_memory_converge/variant_908/variant_908.json
19:02:50.580 INFO  StreamGobblerLogger - stderr.env: ‘interestingness_test’: No such file or directory
19:02:50.580 INFO  ExecHelper - Result: 127
19:02:50.580 INFO  CustomFileJudge - Custom file judge result: 127
19:02:50.580 INFO  ReductionDriver - Result from initial state is not interesting (attempt 2)
19:02:50.582 INFO  ExecHelper - interestingness_test /opt/reduce/intel_iris_xe_graphics/syn_memory_converge/variant_908.comp reduction_results/intel_iris_xe_graphics/syn_memory_converge/variant_908/variant_908.json
19:02:50.583 INFO  StreamGobblerLogger - stderr.env: ‘interestingness_test’: No such file or directory
19:02:50.585 INFO  ExecHelper - Result: 127
19:02:50.585 INFO  CustomFileJudge - Custom file judge result: 127
19:02:50.585 INFO  ReductionDriver - Result from initial state is not interesting (attempt 3)
19:02:50.589 INFO  ExecHelper - interestingness_test /opt/reduce/intel_iris_xe_graphics/syn_memory_converge/variant_908.comp reduction_results/intel_iris_xe_graphics/syn_memory_converge/variant_908/variant_908.json
19:02:50.590 INFO  StreamGobblerLogger - stderr.env: ‘interestingness_test’: No such file or directory
19:02:50.591 INFO  ExecHelper - Result: 127
19:02:50.591 INFO  CustomFileJudge - Custom file judge result: 127
19:02:50.591 INFO  ReductionDriver - Result from initial state is not interesting (attempt 4)
19:02:50.595 INFO  ExecHelper - interestingness_test /opt/reduce/intel_iris_xe_graphics/syn_memory_converge/variant_908.comp reduction_results/intel_iris_xe_graphics/syn_memory_converge/variant_908/variant_908.json
19:02:50.596 INFO  StreamGobblerLogger - stderr.env: ‘interestingness_test’: No such file or directory
19:02:50.597 INFO  ExecHelper - Result: 127
19:02:50.597 INFO  CustomFileJudge - Custom file judge result: 127
19:02:50.597 INFO  ReductionDriver - Result from initial state is not interesting (attempt 5)
19:02:50.597 INFO  ReductionDriver - Tried 5 times; stopping.
Reduction command: java -ea -cp /opt/graphicsfuzz/graphicsfuzz/target/graphicsfuzz/python/drivers/../../jar/tool-1.0.jar com.graphicsfuzz.reducer.tool.GlslReduce /opt/reduce/intel_iris_xe_graphics/syn_memory_converge/variant_908.json interestingness_test --output reduction_results/intel_iris_xe_graphics/syn_memory_converge/variant_908 /opt/reduce/intel_iris_xe_graphics/syn_memory_converge/variant_908.comp
