18:28:32.276 INFO  ExecHelper - /opt/graphicsfuzz/graphicsfuzz/target/graphicsfuzz/bin/Linux/glslangValidator -E --stdin -S comp
18:28:32.324 INFO  ExecHelper - Result: 0
18:28:32.409 INFO  ReductionDriver - Starting reduction for variant_097
18:28:32.418 INFO  ExecHelper - interestingness_test /opt/reduce/cezanne_radeon_vega/syn_memory_converge_atomic/variant_097.comp reduction_results/cezanne_radeon_vega/syn_memory_converge_atomic/variant_097/variant_097.json
18:28:32.419 INFO  StreamGobblerLogger - stderr.env: ‘interestingness_test’: No such file or directory
18:28:32.420 INFO  ExecHelper - Result: 127
18:28:32.420 INFO  CustomFileJudge - Custom file judge result: 127
18:28:32.420 INFO  ReductionDriver - Result from initial state is not interesting (attempt 1)
18:28:32.422 INFO  ExecHelper - interestingness_test /opt/reduce/cezanne_radeon_vega/syn_memory_converge_atomic/variant_097.comp reduction_results/cezanne_radeon_vega/syn_memory_converge_atomic/variant_097/variant_097.json
18:28:32.423 INFO  StreamGobblerLogger - stderr.env: ‘interestingness_test’: No such file or directory
18:28:32.424 INFO  ExecHelper - Result: 127
18:28:32.424 INFO  CustomFileJudge - Custom file judge result: 127
18:28:32.424 INFO  ReductionDriver - Result from initial state is not interesting (attempt 2)
18:28:32.425 INFO  ExecHelper - interestingness_test /opt/reduce/cezanne_radeon_vega/syn_memory_converge_atomic/variant_097.comp reduction_results/cezanne_radeon_vega/syn_memory_converge_atomic/variant_097/variant_097.json
18:28:32.427 INFO  StreamGobblerLogger - stderr.env: ‘interestingness_test’: No such file or directory
18:28:32.427 INFO  ExecHelper - Result: 127
18:28:32.427 INFO  CustomFileJudge - Custom file judge result: 127
18:28:32.427 INFO  ReductionDriver - Result from initial state is not interesting (attempt 3)
18:28:32.430 INFO  ExecHelper - interestingness_test /opt/reduce/cezanne_radeon_vega/syn_memory_converge_atomic/variant_097.comp reduction_results/cezanne_radeon_vega/syn_memory_converge_atomic/variant_097/variant_097.json
18:28:32.432 INFO  StreamGobblerLogger - stderr.env: ‘interestingness_test’: No such file or directory
18:28:32.432 INFO  ExecHelper - Result: 127
18:28:32.432 INFO  CustomFileJudge - Custom file judge result: 127
18:28:32.433 INFO  ReductionDriver - Result from initial state is not interesting (attempt 4)
18:28:32.436 INFO  ExecHelper - interestingness_test /opt/reduce/cezanne_radeon_vega/syn_memory_converge_atomic/variant_097.comp reduction_results/cezanne_radeon_vega/syn_memory_converge_atomic/variant_097/variant_097.json
18:28:32.437 INFO  StreamGobblerLogger - stderr.env: ‘interestingness_test’: No such file or directory
18:28:32.438 INFO  ExecHelper - Result: 127
18:28:32.438 INFO  CustomFileJudge - Custom file judge result: 127
18:28:32.438 INFO  ReductionDriver - Result from initial state is not interesting (attempt 5)
18:28:32.438 INFO  ReductionDriver - Tried 5 times; stopping.
Reduction command: java -ea -cp /opt/graphicsfuzz/graphicsfuzz/target/graphicsfuzz/python/drivers/../../jar/tool-1.0.jar com.graphicsfuzz.reducer.tool.GlslReduce /opt/reduce/cezanne_radeon_vega/syn_memory_converge_atomic/variant_097.json interestingness_test --output reduction_results/cezanne_radeon_vega/syn_memory_converge_atomic/variant_097 /opt/reduce/cezanne_radeon_vega/syn_memory_converge_atomic/variant_097.comp
