19:52:55.057 INFO  ExecHelper - /opt/graphicsfuzz/graphicsfuzz/target/graphicsfuzz/bin/Linux/glslangValidator -E --stdin -S comp
19:52:55.105 INFO  ExecHelper - Result: 0
19:52:55.163 INFO  ReductionDriver - Starting reduction for variant_852
19:52:55.168 INFO  ExecHelper - interestingness_test /opt/reduce/rtx_4070/syn_memory_converge_atomic/variant_852.comp reduction_results/rtx_4070/syn_memory_converge_atomic/variant_852/variant_852.json
19:52:55.169 INFO  StreamGobblerLogger - stderr.env: ‘interestingness_test’: No such file or directory
19:52:55.170 INFO  ExecHelper - Result: 127
19:52:55.170 INFO  CustomFileJudge - Custom file judge result: 127
19:52:55.170 INFO  ReductionDriver - Result from initial state is not interesting (attempt 1)
19:52:55.171 INFO  ExecHelper - interestingness_test /opt/reduce/rtx_4070/syn_memory_converge_atomic/variant_852.comp reduction_results/rtx_4070/syn_memory_converge_atomic/variant_852/variant_852.json
19:52:55.172 INFO  StreamGobblerLogger - stderr.env: ‘interestingness_test’: No such file or directory
19:52:55.173 INFO  ExecHelper - Result: 127
19:52:55.173 INFO  CustomFileJudge - Custom file judge result: 127
19:52:55.173 INFO  ReductionDriver - Result from initial state is not interesting (attempt 2)
19:52:55.173 INFO  ExecHelper - interestingness_test /opt/reduce/rtx_4070/syn_memory_converge_atomic/variant_852.comp reduction_results/rtx_4070/syn_memory_converge_atomic/variant_852/variant_852.json
19:52:55.174 INFO  StreamGobblerLogger - stderr.env: ‘interestingness_test’: No such file or directory
19:52:55.175 INFO  ExecHelper - Result: 127
19:52:55.175 INFO  CustomFileJudge - Custom file judge result: 127
19:52:55.175 INFO  ReductionDriver - Result from initial state is not interesting (attempt 3)
19:52:55.175 INFO  ExecHelper - interestingness_test /opt/reduce/rtx_4070/syn_memory_converge_atomic/variant_852.comp reduction_results/rtx_4070/syn_memory_converge_atomic/variant_852/variant_852.json
19:52:55.176 INFO  StreamGobblerLogger - stderr.env: ‘interestingness_test’: No such file or directory
19:52:55.177 INFO  ExecHelper - Result: 127
19:52:55.177 INFO  CustomFileJudge - Custom file judge result: 127
19:52:55.177 INFO  ReductionDriver - Result from initial state is not interesting (attempt 4)
19:52:55.177 INFO  ExecHelper - interestingness_test /opt/reduce/rtx_4070/syn_memory_converge_atomic/variant_852.comp reduction_results/rtx_4070/syn_memory_converge_atomic/variant_852/variant_852.json
19:52:55.178 INFO  StreamGobblerLogger - stderr.env: ‘interestingness_test’: No such file or directory
19:52:55.179 INFO  ExecHelper - Result: 127
19:52:55.179 INFO  CustomFileJudge - Custom file judge result: 127
19:52:55.179 INFO  ReductionDriver - Result from initial state is not interesting (attempt 5)
19:52:55.179 INFO  ReductionDriver - Tried 5 times; stopping.
Reduction command: java -ea -cp /opt/graphicsfuzz/graphicsfuzz/target/graphicsfuzz/python/drivers/../../jar/tool-1.0.jar com.graphicsfuzz.reducer.tool.GlslReduce /opt/reduce/rtx_4070/syn_memory_converge_atomic/variant_852.json interestingness_test --output reduction_results/rtx_4070/syn_memory_converge_atomic/variant_852 /opt/reduce/rtx_4070/syn_memory_converge_atomic/variant_852.comp
