18:41:12.711 INFO  ExecHelper - /opt/graphicsfuzz/graphicsfuzz/target/graphicsfuzz/bin/Linux/glslangValidator -E --stdin -S comp
18:41:12.758 INFO  ExecHelper - Result: 0
18:41:12.843 INFO  ReductionDriver - Starting reduction for variant_994
18:41:12.852 INFO  ExecHelper - interestingness_test /opt/reduce/cezanne_radeon_vega/syn_memory_converge_atomic/variant_994.comp reduction_results/cezanne_radeon_vega/syn_memory_converge_atomic/variant_994/variant_994.json
18:41:12.854 INFO  StreamGobblerLogger - stderr.env: ‘interestingness_test’: No such file or directory
18:41:12.854 INFO  ExecHelper - Result: 127
18:41:12.855 INFO  CustomFileJudge - Custom file judge result: 127
18:41:12.855 INFO  ReductionDriver - Result from initial state is not interesting (attempt 1)
18:41:12.857 INFO  ExecHelper - interestingness_test /opt/reduce/cezanne_radeon_vega/syn_memory_converge_atomic/variant_994.comp reduction_results/cezanne_radeon_vega/syn_memory_converge_atomic/variant_994/variant_994.json
18:41:12.858 INFO  StreamGobblerLogger - stderr.env: ‘interestingness_test’: No such file or directory
18:41:12.859 INFO  ExecHelper - Result: 127
18:41:12.859 INFO  CustomFileJudge - Custom file judge result: 127
18:41:12.859 INFO  ReductionDriver - Result from initial state is not interesting (attempt 2)
18:41:12.861 INFO  ExecHelper - interestingness_test /opt/reduce/cezanne_radeon_vega/syn_memory_converge_atomic/variant_994.comp reduction_results/cezanne_radeon_vega/syn_memory_converge_atomic/variant_994/variant_994.json
18:41:12.862 INFO  StreamGobblerLogger - stderr.env: ‘interestingness_test’: No such file or directory
18:41:12.862 INFO  ExecHelper - Result: 127
18:41:12.862 INFO  CustomFileJudge - Custom file judge result: 127
18:41:12.862 INFO  ReductionDriver - Result from initial state is not interesting (attempt 3)
18:41:12.864 INFO  ExecHelper - interestingness_test /opt/reduce/cezanne_radeon_vega/syn_memory_converge_atomic/variant_994.comp reduction_results/cezanne_radeon_vega/syn_memory_converge_atomic/variant_994/variant_994.json
18:41:12.865 INFO  StreamGobblerLogger - stderr.env: ‘interestingness_test’: No such file or directory
18:41:12.865 INFO  ExecHelper - Result: 127
18:41:12.865 INFO  CustomFileJudge - Custom file judge result: 127
18:41:12.865 INFO  ReductionDriver - Result from initial state is not interesting (attempt 4)
18:41:12.867 INFO  ExecHelper - interestingness_test /opt/reduce/cezanne_radeon_vega/syn_memory_converge_atomic/variant_994.comp reduction_results/cezanne_radeon_vega/syn_memory_converge_atomic/variant_994/variant_994.json
18:41:12.868 INFO  StreamGobblerLogger - stderr.env: ‘interestingness_test’: No such file or directory
18:41:12.868 INFO  ExecHelper - Result: 127
18:41:12.869 INFO  CustomFileJudge - Custom file judge result: 127
18:41:12.869 INFO  ReductionDriver - Result from initial state is not interesting (attempt 5)
18:41:12.869 INFO  ReductionDriver - Tried 5 times; stopping.
Reduction command: java -ea -cp /opt/graphicsfuzz/graphicsfuzz/target/graphicsfuzz/python/drivers/../../jar/tool-1.0.jar com.graphicsfuzz.reducer.tool.GlslReduce /opt/reduce/cezanne_radeon_vega/syn_memory_converge_atomic/variant_994.json interestingness_test --output reduction_results/cezanne_radeon_vega/syn_memory_converge_atomic/variant_994 /opt/reduce/cezanne_radeon_vega/syn_memory_converge_atomic/variant_994.comp
