18:51:07.236 INFO  ExecHelper - /opt/graphicsfuzz/graphicsfuzz/target/graphicsfuzz/bin/Linux/glslangValidator -E --stdin -S comp
18:51:07.293 INFO  ExecHelper - Result: 0
18:51:07.377 INFO  ReductionDriver - Starting reduction for variant_076
18:51:07.388 INFO  ExecHelper - interestingness_test /opt/reduce/intel_iris_xe_graphics/syn_memory_converge/variant_076.comp reduction_results/intel_iris_xe_graphics/syn_memory_converge/variant_076/variant_076.json
18:51:07.389 INFO  StreamGobblerLogger - stderr.env: ‘interestingness_test’: No such file or directory
18:51:07.389 INFO  ExecHelper - Result: 127
18:51:07.390 INFO  CustomFileJudge - Custom file judge result: 127
18:51:07.390 INFO  ReductionDriver - Result from initial state is not interesting (attempt 1)
18:51:07.395 INFO  ExecHelper - interestingness_test /opt/reduce/intel_iris_xe_graphics/syn_memory_converge/variant_076.comp reduction_results/intel_iris_xe_graphics/syn_memory_converge/variant_076/variant_076.json
18:51:07.396 INFO  StreamGobblerLogger - stderr.env: ‘interestingness_test’: No such file or directory
18:51:07.397 INFO  ExecHelper - Result: 127
18:51:07.397 INFO  CustomFileJudge - Custom file judge result: 127
18:51:07.397 INFO  ReductionDriver - Result from initial state is not interesting (attempt 2)
18:51:07.399 INFO  ExecHelper - interestingness_test /opt/reduce/intel_iris_xe_graphics/syn_memory_converge/variant_076.comp reduction_results/intel_iris_xe_graphics/syn_memory_converge/variant_076/variant_076.json
18:51:07.400 INFO  StreamGobblerLogger - stderr.env: ‘interestingness_test’: No such file or directory
18:51:07.400 INFO  ExecHelper - Result: 127
18:51:07.400 INFO  CustomFileJudge - Custom file judge result: 127
18:51:07.400 INFO  ReductionDriver - Result from initial state is not interesting (attempt 3)
18:51:07.402 INFO  ExecHelper - interestingness_test /opt/reduce/intel_iris_xe_graphics/syn_memory_converge/variant_076.comp reduction_results/intel_iris_xe_graphics/syn_memory_converge/variant_076/variant_076.json
18:51:07.403 INFO  StreamGobblerLogger - stderr.env: ‘interestingness_test’: No such file or directory
18:51:07.403 INFO  ExecHelper - Result: 127
18:51:07.403 INFO  CustomFileJudge - Custom file judge result: 127
18:51:07.403 INFO  ReductionDriver - Result from initial state is not interesting (attempt 4)
18:51:07.405 INFO  ExecHelper - interestingness_test /opt/reduce/intel_iris_xe_graphics/syn_memory_converge/variant_076.comp reduction_results/intel_iris_xe_graphics/syn_memory_converge/variant_076/variant_076.json
18:51:07.406 INFO  StreamGobblerLogger - stderr.env: ‘interestingness_test’: No such file or directory
18:51:07.407 INFO  ExecHelper - Result: 127
18:51:07.407 INFO  CustomFileJudge - Custom file judge result: 127
18:51:07.407 INFO  ReductionDriver - Result from initial state is not interesting (attempt 5)
18:51:07.407 INFO  ReductionDriver - Tried 5 times; stopping.
Reduction command: java -ea -cp /opt/graphicsfuzz/graphicsfuzz/target/graphicsfuzz/python/drivers/../../jar/tool-1.0.jar com.graphicsfuzz.reducer.tool.GlslReduce /opt/reduce/intel_iris_xe_graphics/syn_memory_converge/variant_076.json interestingness_test --output reduction_results/intel_iris_xe_graphics/syn_memory_converge/variant_076 /opt/reduce/intel_iris_xe_graphics/syn_memory_converge/variant_076.comp
