19:34:52.538 INFO  ExecHelper - /opt/graphicsfuzz/graphicsfuzz/target/graphicsfuzz/bin/Linux/glslangValidator -E --stdin -S comp
19:34:52.585 INFO  ExecHelper - Result: 0
19:34:52.671 INFO  ReductionDriver - Starting reduction for variant_600
19:34:52.682 INFO  ExecHelper - interestingness_test /opt/reduce/rtx_4070/syn_memory_converge/variant_600.comp reduction_results/rtx_4070/syn_memory_converge/variant_600/variant_600.json
19:34:52.683 INFO  StreamGobblerLogger - stderr.env: ‘interestingness_test’: No such file or directory
19:34:52.684 INFO  ExecHelper - Result: 127
19:34:52.684 INFO  CustomFileJudge - Custom file judge result: 127
19:34:52.684 INFO  ReductionDriver - Result from initial state is not interesting (attempt 1)
19:34:52.686 INFO  ExecHelper - interestingness_test /opt/reduce/rtx_4070/syn_memory_converge/variant_600.comp reduction_results/rtx_4070/syn_memory_converge/variant_600/variant_600.json
19:34:52.687 INFO  StreamGobblerLogger - stderr.env: ‘interestingness_test’: No such file or directory
19:34:52.688 INFO  ExecHelper - Result: 127
19:34:52.688 INFO  CustomFileJudge - Custom file judge result: 127
19:34:52.688 INFO  ReductionDriver - Result from initial state is not interesting (attempt 2)
19:34:52.690 INFO  ExecHelper - interestingness_test /opt/reduce/rtx_4070/syn_memory_converge/variant_600.comp reduction_results/rtx_4070/syn_memory_converge/variant_600/variant_600.json
19:34:52.691 INFO  StreamGobblerLogger - stderr.env: ‘interestingness_test’: No such file or directory
19:34:52.691 INFO  ExecHelper - Result: 127
19:34:52.691 INFO  CustomFileJudge - Custom file judge result: 127
19:34:52.691 INFO  ReductionDriver - Result from initial state is not interesting (attempt 3)
19:34:52.693 INFO  ExecHelper - interestingness_test /opt/reduce/rtx_4070/syn_memory_converge/variant_600.comp reduction_results/rtx_4070/syn_memory_converge/variant_600/variant_600.json
19:34:52.694 INFO  StreamGobblerLogger - stderr.env: ‘interestingness_test’: No such file or directory
19:34:52.695 INFO  ExecHelper - Result: 127
19:34:52.695 INFO  CustomFileJudge - Custom file judge result: 127
19:34:52.695 INFO  ReductionDriver - Result from initial state is not interesting (attempt 4)
19:34:52.696 INFO  ExecHelper - interestingness_test /opt/reduce/rtx_4070/syn_memory_converge/variant_600.comp reduction_results/rtx_4070/syn_memory_converge/variant_600/variant_600.json
19:34:52.698 INFO  StreamGobblerLogger - stderr.env: ‘interestingness_test’: No such file or directory
19:34:52.698 INFO  ExecHelper - Result: 127
19:34:52.698 INFO  CustomFileJudge - Custom file judge result: 127
19:34:52.698 INFO  ReductionDriver - Result from initial state is not interesting (attempt 5)
19:34:52.698 INFO  ReductionDriver - Tried 5 times; stopping.
Reduction command: java -ea -cp /opt/graphicsfuzz/graphicsfuzz/target/graphicsfuzz/python/drivers/../../jar/tool-1.0.jar com.graphicsfuzz.reducer.tool.GlslReduce /opt/reduce/rtx_4070/syn_memory_converge/variant_600.json interestingness_test --output reduction_results/rtx_4070/syn_memory_converge/variant_600 /opt/reduce/rtx_4070/syn_memory_converge/variant_600.comp
