19:43:32.735 INFO  ExecHelper - /opt/graphicsfuzz/graphicsfuzz/target/graphicsfuzz/bin/Linux/glslangValidator -E --stdin -S comp
19:43:32.785 INFO  ExecHelper - Result: 0
19:43:32.846 INFO  ReductionDriver - Starting reduction for variant_227
19:43:32.850 INFO  ExecHelper - interestingness_test /opt/reduce/rtx_4070/syn_memory_converge_atomic/variant_227.comp reduction_results/rtx_4070/syn_memory_converge_atomic/variant_227/variant_227.json
19:43:32.852 INFO  StreamGobblerLogger - stderr.env: ‘interestingness_test’: No such file or directory
19:43:32.852 INFO  ExecHelper - Result: 127
19:43:32.853 INFO  CustomFileJudge - Custom file judge result: 127
19:43:32.853 INFO  ReductionDriver - Result from initial state is not interesting (attempt 1)
19:43:32.854 INFO  ExecHelper - interestingness_test /opt/reduce/rtx_4070/syn_memory_converge_atomic/variant_227.comp reduction_results/rtx_4070/syn_memory_converge_atomic/variant_227/variant_227.json
19:43:32.854 INFO  StreamGobblerLogger - stderr.env: ‘interestingness_test’: No such file or directory
19:43:32.855 INFO  ExecHelper - Result: 127
19:43:32.855 INFO  CustomFileJudge - Custom file judge result: 127
19:43:32.855 INFO  ReductionDriver - Result from initial state is not interesting (attempt 2)
19:43:32.856 INFO  ExecHelper - interestingness_test /opt/reduce/rtx_4070/syn_memory_converge_atomic/variant_227.comp reduction_results/rtx_4070/syn_memory_converge_atomic/variant_227/variant_227.json
19:43:32.857 INFO  StreamGobblerLogger - stderr.env: ‘interestingness_test’: No such file or directory
19:43:32.857 INFO  ExecHelper - Result: 127
19:43:32.857 INFO  CustomFileJudge - Custom file judge result: 127
19:43:32.857 INFO  ReductionDriver - Result from initial state is not interesting (attempt 3)
19:43:32.858 INFO  ExecHelper - interestingness_test /opt/reduce/rtx_4070/syn_memory_converge_atomic/variant_227.comp reduction_results/rtx_4070/syn_memory_converge_atomic/variant_227/variant_227.json
19:43:32.859 INFO  StreamGobblerLogger - stderr.env: ‘interestingness_test’: No such file or directory
19:43:32.859 INFO  ExecHelper - Result: 127
19:43:32.859 INFO  CustomFileJudge - Custom file judge result: 127
19:43:32.859 INFO  ReductionDriver - Result from initial state is not interesting (attempt 4)
19:43:32.860 INFO  ExecHelper - interestingness_test /opt/reduce/rtx_4070/syn_memory_converge_atomic/variant_227.comp reduction_results/rtx_4070/syn_memory_converge_atomic/variant_227/variant_227.json
19:43:32.861 INFO  StreamGobblerLogger - stderr.env: ‘interestingness_test’: No such file or directory
19:43:32.861 INFO  ExecHelper - Result: 127
19:43:32.862 INFO  CustomFileJudge - Custom file judge result: 127
19:43:32.862 INFO  ReductionDriver - Result from initial state is not interesting (attempt 5)
19:43:32.862 INFO  ReductionDriver - Tried 5 times; stopping.
Reduction command: java -ea -cp /opt/graphicsfuzz/graphicsfuzz/target/graphicsfuzz/python/drivers/../../jar/tool-1.0.jar com.graphicsfuzz.reducer.tool.GlslReduce /opt/reduce/rtx_4070/syn_memory_converge_atomic/variant_227.json interestingness_test --output reduction_results/rtx_4070/syn_memory_converge_atomic/variant_227 /opt/reduce/rtx_4070/syn_memory_converge_atomic/variant_227.comp
