18:39:44.632 INFO  ExecHelper - /opt/graphicsfuzz/graphicsfuzz/target/graphicsfuzz/bin/Linux/glslangValidator -E --stdin -S comp
18:39:44.692 INFO  ExecHelper - Result: 0
18:39:45.078 INFO  ReductionDriver - Starting reduction for variant_888
18:39:45.223 INFO  ExecHelper - interestingness_test /opt/reduce/cezanne_radeon_vega/syn_memory_converge_atomic/variant_888.comp reduction_results/cezanne_radeon_vega/syn_memory_converge_atomic/variant_888/variant_888.json
18:39:45.225 INFO  StreamGobblerLogger - stderr.env: ‘interestingness_test’: No such file or directory
18:39:45.226 INFO  ExecHelper - Result: 127
18:39:45.226 INFO  CustomFileJudge - Custom file judge result: 127
18:39:45.226 INFO  ReductionDriver - Result from initial state is not interesting (attempt 1)
18:39:45.355 INFO  ExecHelper - interestingness_test /opt/reduce/cezanne_radeon_vega/syn_memory_converge_atomic/variant_888.comp reduction_results/cezanne_radeon_vega/syn_memory_converge_atomic/variant_888/variant_888.json
18:39:45.356 INFO  StreamGobblerLogger - stderr.env: ‘interestingness_test’: No such file or directory
18:39:45.357 INFO  ExecHelper - Result: 127
18:39:45.357 INFO  CustomFileJudge - Custom file judge result: 127
18:39:45.357 INFO  ReductionDriver - Result from initial state is not interesting (attempt 2)
18:39:45.470 INFO  ExecHelper - interestingness_test /opt/reduce/cezanne_radeon_vega/syn_memory_converge_atomic/variant_888.comp reduction_results/cezanne_radeon_vega/syn_memory_converge_atomic/variant_888/variant_888.json
18:39:45.472 INFO  StreamGobblerLogger - stderr.env: ‘interestingness_test’: No such file or directory
18:39:45.473 INFO  ExecHelper - Result: 127
18:39:45.473 INFO  CustomFileJudge - Custom file judge result: 127
18:39:45.473 INFO  ReductionDriver - Result from initial state is not interesting (attempt 3)
18:39:45.585 INFO  ExecHelper - interestingness_test /opt/reduce/cezanne_radeon_vega/syn_memory_converge_atomic/variant_888.comp reduction_results/cezanne_radeon_vega/syn_memory_converge_atomic/variant_888/variant_888.json
18:39:45.587 INFO  StreamGobblerLogger - stderr.env: ‘interestingness_test’: No such file or directory
18:39:45.587 INFO  ExecHelper - Result: 127
18:39:45.587 INFO  CustomFileJudge - Custom file judge result: 127
18:39:45.587 INFO  ReductionDriver - Result from initial state is not interesting (attempt 4)
18:39:45.698 INFO  ExecHelper - interestingness_test /opt/reduce/cezanne_radeon_vega/syn_memory_converge_atomic/variant_888.comp reduction_results/cezanne_radeon_vega/syn_memory_converge_atomic/variant_888/variant_888.json
18:39:45.700 INFO  StreamGobblerLogger - stderr.env: ‘interestingness_test’: No such file or directory
18:39:45.700 INFO  ExecHelper - Result: 127
18:39:45.700 INFO  CustomFileJudge - Custom file judge result: 127
18:39:45.700 INFO  ReductionDriver - Result from initial state is not interesting (attempt 5)
18:39:45.700 INFO  ReductionDriver - Tried 5 times; stopping.
Reduction command: java -ea -cp /opt/graphicsfuzz/graphicsfuzz/target/graphicsfuzz/python/drivers/../../jar/tool-1.0.jar com.graphicsfuzz.reducer.tool.GlslReduce /opt/reduce/cezanne_radeon_vega/syn_memory_converge_atomic/variant_888.json interestingness_test --output reduction_results/cezanne_radeon_vega/syn_memory_converge_atomic/variant_888 /opt/reduce/cezanne_radeon_vega/syn_memory_converge_atomic/variant_888.comp
