19:06:12.293 INFO  ExecHelper - /opt/graphicsfuzz/graphicsfuzz/target/graphicsfuzz/bin/Linux/glslangValidator -E --stdin -S comp
19:06:12.349 INFO  ExecHelper - Result: 0
19:06:12.673 INFO  ReductionDriver - Starting reduction for variant_147
19:06:12.778 INFO  ExecHelper - interestingness_test /opt/reduce/intel_iris_xe_graphics/syn_memory_converge_atomic/variant_147.comp reduction_results/intel_iris_xe_graphics/syn_memory_converge_atomic/variant_147/variant_147.json
19:06:12.779 INFO  StreamGobblerLogger - stderr.env: ‘interestingness_test’: No such file or directory
19:06:12.779 INFO  ExecHelper - Result: 127
19:06:12.780 INFO  CustomFileJudge - Custom file judge result: 127
19:06:12.780 INFO  ReductionDriver - Result from initial state is not interesting (attempt 1)
19:06:12.874 INFO  ExecHelper - interestingness_test /opt/reduce/intel_iris_xe_graphics/syn_memory_converge_atomic/variant_147.comp reduction_results/intel_iris_xe_graphics/syn_memory_converge_atomic/variant_147/variant_147.json
19:06:12.876 INFO  StreamGobblerLogger - stderr.env: ‘interestingness_test’: No such file or directory
19:06:12.876 INFO  ExecHelper - Result: 127
19:06:12.877 INFO  CustomFileJudge - Custom file judge result: 127
19:06:12.877 INFO  ReductionDriver - Result from initial state is not interesting (attempt 2)
19:06:12.963 INFO  ExecHelper - interestingness_test /opt/reduce/intel_iris_xe_graphics/syn_memory_converge_atomic/variant_147.comp reduction_results/intel_iris_xe_graphics/syn_memory_converge_atomic/variant_147/variant_147.json
19:06:12.964 INFO  StreamGobblerLogger - stderr.env: ‘interestingness_test’: No such file or directory
19:06:12.965 INFO  ExecHelper - Result: 127
19:06:12.965 INFO  CustomFileJudge - Custom file judge result: 127
19:06:12.965 INFO  ReductionDriver - Result from initial state is not interesting (attempt 3)
19:06:13.050 INFO  ExecHelper - interestingness_test /opt/reduce/intel_iris_xe_graphics/syn_memory_converge_atomic/variant_147.comp reduction_results/intel_iris_xe_graphics/syn_memory_converge_atomic/variant_147/variant_147.json
19:06:13.052 INFO  StreamGobblerLogger - stderr.env: ‘interestingness_test’: No such file or directory
19:06:13.053 INFO  ExecHelper - Result: 127
19:06:13.053 INFO  CustomFileJudge - Custom file judge result: 127
19:06:13.053 INFO  ReductionDriver - Result from initial state is not interesting (attempt 4)
19:06:13.150 INFO  ExecHelper - interestingness_test /opt/reduce/intel_iris_xe_graphics/syn_memory_converge_atomic/variant_147.comp reduction_results/intel_iris_xe_graphics/syn_memory_converge_atomic/variant_147/variant_147.json
19:06:13.152 INFO  StreamGobblerLogger - stderr.env: ‘interestingness_test’: No such file or directory
19:06:13.152 INFO  ExecHelper - Result: 127
19:06:13.153 INFO  CustomFileJudge - Custom file judge result: 127
19:06:13.153 INFO  ReductionDriver - Result from initial state is not interesting (attempt 5)
19:06:13.153 INFO  ReductionDriver - Tried 5 times; stopping.
Reduction command: java -ea -cp /opt/graphicsfuzz/graphicsfuzz/target/graphicsfuzz/python/drivers/../../jar/tool-1.0.jar com.graphicsfuzz.reducer.tool.GlslReduce /opt/reduce/intel_iris_xe_graphics/syn_memory_converge_atomic/variant_147.json interestingness_test --output reduction_results/intel_iris_xe_graphics/syn_memory_converge_atomic/variant_147 /opt/reduce/intel_iris_xe_graphics/syn_memory_converge_atomic/variant_147.comp
