18:45:22.609 INFO  ExecHelper - /opt/graphicsfuzz/graphicsfuzz/target/graphicsfuzz/bin/Linux/glslangValidator -E --stdin -S comp
18:45:22.630 INFO  ExecHelper - Result: 0
18:45:22.690 INFO  ReductionDriver - Starting reduction for variant_721
18:45:22.695 INFO  ExecHelper - interestingness_test /opt/reduce/intel_iris_xe_graphics/syn_branch_syn_relax/variant_721.comp reduction_results/intel_iris_xe_graphics/syn_branch_syn_relax/variant_721/variant_721.json
18:45:22.696 INFO  StreamGobblerLogger - stderr.env: ‘interestingness_test’: No such file or directory
18:45:22.697 INFO  ExecHelper - Result: 127
18:45:22.697 INFO  CustomFileJudge - Custom file judge result: 127
18:45:22.697 INFO  ReductionDriver - Result from initial state is not interesting (attempt 1)
18:45:22.698 INFO  ExecHelper - interestingness_test /opt/reduce/intel_iris_xe_graphics/syn_branch_syn_relax/variant_721.comp reduction_results/intel_iris_xe_graphics/syn_branch_syn_relax/variant_721/variant_721.json
18:45:22.699 INFO  StreamGobblerLogger - stderr.env: ‘interestingness_test’: No such file or directory
18:45:22.699 INFO  ExecHelper - Result: 127
18:45:22.699 INFO  CustomFileJudge - Custom file judge result: 127
18:45:22.699 INFO  ReductionDriver - Result from initial state is not interesting (attempt 2)
18:45:22.700 INFO  ExecHelper - interestingness_test /opt/reduce/intel_iris_xe_graphics/syn_branch_syn_relax/variant_721.comp reduction_results/intel_iris_xe_graphics/syn_branch_syn_relax/variant_721/variant_721.json
18:45:22.701 INFO  StreamGobblerLogger - stderr.env: ‘interestingness_test’: No such file or directory
18:45:22.701 INFO  ExecHelper - Result: 127
18:45:22.701 INFO  CustomFileJudge - Custom file judge result: 127
18:45:22.701 INFO  ReductionDriver - Result from initial state is not interesting (attempt 3)
18:45:22.702 INFO  ExecHelper - interestingness_test /opt/reduce/intel_iris_xe_graphics/syn_branch_syn_relax/variant_721.comp reduction_results/intel_iris_xe_graphics/syn_branch_syn_relax/variant_721/variant_721.json
18:45:22.703 INFO  StreamGobblerLogger - stderr.env: ‘interestingness_test’: No such file or directory
18:45:22.703 INFO  ExecHelper - Result: 127
18:45:22.703 INFO  CustomFileJudge - Custom file judge result: 127
18:45:22.704 INFO  ReductionDriver - Result from initial state is not interesting (attempt 4)
18:45:22.704 INFO  ExecHelper - interestingness_test /opt/reduce/intel_iris_xe_graphics/syn_branch_syn_relax/variant_721.comp reduction_results/intel_iris_xe_graphics/syn_branch_syn_relax/variant_721/variant_721.json
18:45:22.705 INFO  StreamGobblerLogger - stderr.env: ‘interestingness_test’: No such file or directory
18:45:22.705 INFO  ExecHelper - Result: 127
18:45:22.705 INFO  CustomFileJudge - Custom file judge result: 127
18:45:22.706 INFO  ReductionDriver - Result from initial state is not interesting (attempt 5)
18:45:22.706 INFO  ReductionDriver - Tried 5 times; stopping.
Reduction command: java -ea -cp /opt/graphicsfuzz/graphicsfuzz/target/graphicsfuzz/python/drivers/../../jar/tool-1.0.jar com.graphicsfuzz.reducer.tool.GlslReduce /opt/reduce/intel_iris_xe_graphics/syn_branch_syn_relax/variant_721.json interestingness_test --output reduction_results/intel_iris_xe_graphics/syn_branch_syn_relax/variant_721 /opt/reduce/intel_iris_xe_graphics/syn_branch_syn_relax/variant_721.comp
