18:50:02.915 INFO  ExecHelper - /opt/graphicsfuzz/graphicsfuzz/target/graphicsfuzz/bin/Linux/glslangValidator -E --stdin -S comp
18:50:02.965 INFO  ExecHelper - Result: 0
18:50:03.664 INFO  ReductionDriver - Starting reduction for variant_972
18:50:03.731 INFO  ExecHelper - interestingness_test /opt/reduce/intel_iris_xe_graphics/syn_lock_step_release/variant_972.comp reduction_results/intel_iris_xe_graphics/syn_lock_step_release/variant_972/variant_972.json
18:50:03.732 INFO  StreamGobblerLogger - stderr.env: ‘interestingness_test’: No such file or directory
18:50:03.733 INFO  ExecHelper - Result: 127
18:50:03.733 INFO  CustomFileJudge - Custom file judge result: 127
18:50:03.733 INFO  ReductionDriver - Result from initial state is not interesting (attempt 1)
18:50:03.788 INFO  ExecHelper - interestingness_test /opt/reduce/intel_iris_xe_graphics/syn_lock_step_release/variant_972.comp reduction_results/intel_iris_xe_graphics/syn_lock_step_release/variant_972/variant_972.json
18:50:03.789 INFO  StreamGobblerLogger - stderr.env: ‘interestingness_test’: No such file or directory
18:50:03.790 INFO  ExecHelper - Result: 127
18:50:03.790 INFO  CustomFileJudge - Custom file judge result: 127
18:50:03.790 INFO  ReductionDriver - Result from initial state is not interesting (attempt 2)
18:50:03.844 INFO  ExecHelper - interestingness_test /opt/reduce/intel_iris_xe_graphics/syn_lock_step_release/variant_972.comp reduction_results/intel_iris_xe_graphics/syn_lock_step_release/variant_972/variant_972.json
18:50:03.845 INFO  StreamGobblerLogger - stderr.env: ‘interestingness_test’: No such file or directory
18:50:03.845 INFO  ExecHelper - Result: 127
18:50:03.845 INFO  CustomFileJudge - Custom file judge result: 127
18:50:03.845 INFO  ReductionDriver - Result from initial state is not interesting (attempt 3)
18:50:03.896 INFO  ExecHelper - interestingness_test /opt/reduce/intel_iris_xe_graphics/syn_lock_step_release/variant_972.comp reduction_results/intel_iris_xe_graphics/syn_lock_step_release/variant_972/variant_972.json
18:50:03.897 INFO  StreamGobblerLogger - stderr.env: ‘interestingness_test’: No such file or directory
18:50:03.897 INFO  ExecHelper - Result: 127
18:50:03.897 INFO  CustomFileJudge - Custom file judge result: 127
18:50:03.898 INFO  ReductionDriver - Result from initial state is not interesting (attempt 4)
18:50:03.950 INFO  ExecHelper - interestingness_test /opt/reduce/intel_iris_xe_graphics/syn_lock_step_release/variant_972.comp reduction_results/intel_iris_xe_graphics/syn_lock_step_release/variant_972/variant_972.json
18:50:03.951 INFO  StreamGobblerLogger - stderr.env: ‘interestingness_test’: No such file or directory
18:50:03.952 INFO  ExecHelper - Result: 127
18:50:03.952 INFO  CustomFileJudge - Custom file judge result: 127
18:50:03.952 INFO  ReductionDriver - Result from initial state is not interesting (attempt 5)
18:50:03.952 INFO  ReductionDriver - Tried 5 times; stopping.
Reduction command: java -ea -cp /opt/graphicsfuzz/graphicsfuzz/target/graphicsfuzz/python/drivers/../../jar/tool-1.0.jar com.graphicsfuzz.reducer.tool.GlslReduce /opt/reduce/intel_iris_xe_graphics/syn_lock_step_release/variant_972.json interestingness_test --output reduction_results/intel_iris_xe_graphics/syn_lock_step_release/variant_972 /opt/reduce/intel_iris_xe_graphics/syn_lock_step_release/variant_972.comp
