19:51:31.401 INFO  ExecHelper - /opt/graphicsfuzz/graphicsfuzz/target/graphicsfuzz/bin/Linux/glslangValidator -E --stdin -S comp
19:51:31.457 INFO  ExecHelper - Result: 0
19:51:31.839 INFO  ReductionDriver - Starting reduction for variant_756
19:51:31.964 INFO  ExecHelper - interestingness_test /opt/reduce/rtx_4070/syn_memory_converge_atomic/variant_756.comp reduction_results/rtx_4070/syn_memory_converge_atomic/variant_756/variant_756.json
19:51:31.966 INFO  StreamGobblerLogger - stderr.env: ‘interestingness_test’: No such file or directory
19:51:31.967 INFO  ExecHelper - Result: 127
19:51:31.967 INFO  CustomFileJudge - Custom file judge result: 127
19:51:31.967 INFO  ReductionDriver - Result from initial state is not interesting (attempt 1)
19:51:32.054 INFO  ExecHelper - interestingness_test /opt/reduce/rtx_4070/syn_memory_converge_atomic/variant_756.comp reduction_results/rtx_4070/syn_memory_converge_atomic/variant_756/variant_756.json
19:51:32.056 INFO  StreamGobblerLogger - stderr.env: ‘interestingness_test’: No such file or directory
19:51:32.057 INFO  ExecHelper - Result: 127
19:51:32.057 INFO  CustomFileJudge - Custom file judge result: 127
19:51:32.057 INFO  ReductionDriver - Result from initial state is not interesting (attempt 2)
19:51:32.139 INFO  ExecHelper - interestingness_test /opt/reduce/rtx_4070/syn_memory_converge_atomic/variant_756.comp reduction_results/rtx_4070/syn_memory_converge_atomic/variant_756/variant_756.json
19:51:32.140 INFO  StreamGobblerLogger - stderr.env: ‘interestingness_test’: No such file or directory
19:51:32.141 INFO  ExecHelper - Result: 127
19:51:32.141 INFO  CustomFileJudge - Custom file judge result: 127
19:51:32.141 INFO  ReductionDriver - Result from initial state is not interesting (attempt 3)
19:51:32.236 INFO  ExecHelper - interestingness_test /opt/reduce/rtx_4070/syn_memory_converge_atomic/variant_756.comp reduction_results/rtx_4070/syn_memory_converge_atomic/variant_756/variant_756.json
19:51:32.238 INFO  StreamGobblerLogger - stderr.env: ‘interestingness_test’: No such file or directory
19:51:32.239 INFO  ExecHelper - Result: 127
19:51:32.239 INFO  CustomFileJudge - Custom file judge result: 127
19:51:32.239 INFO  ReductionDriver - Result from initial state is not interesting (attempt 4)
19:51:32.315 INFO  ExecHelper - interestingness_test /opt/reduce/rtx_4070/syn_memory_converge_atomic/variant_756.comp reduction_results/rtx_4070/syn_memory_converge_atomic/variant_756/variant_756.json
19:51:32.317 INFO  StreamGobblerLogger - stderr.env: ‘interestingness_test’: No such file or directory
19:51:32.317 INFO  ExecHelper - Result: 127
19:51:32.318 INFO  CustomFileJudge - Custom file judge result: 127
19:51:32.318 INFO  ReductionDriver - Result from initial state is not interesting (attempt 5)
19:51:32.318 INFO  ReductionDriver - Tried 5 times; stopping.
Reduction command: java -ea -cp /opt/graphicsfuzz/graphicsfuzz/target/graphicsfuzz/python/drivers/../../jar/tool-1.0.jar com.graphicsfuzz.reducer.tool.GlslReduce /opt/reduce/rtx_4070/syn_memory_converge_atomic/variant_756.json interestingness_test --output reduction_results/rtx_4070/syn_memory_converge_atomic/variant_756 /opt/reduce/rtx_4070/syn_memory_converge_atomic/variant_756.comp
