18:25:07.030 INFO  ExecHelper - /opt/graphicsfuzz/graphicsfuzz/target/graphicsfuzz/bin/Linux/glslangValidator -E --stdin -S comp
18:25:07.086 INFO  ExecHelper - Result: 0
18:25:07.424 INFO  ReductionDriver - Starting reduction for variant_844
18:25:07.520 INFO  ExecHelper - interestingness_test /opt/reduce/cezanne_radeon_vega/syn_memory_converge/variant_844.comp reduction_results/cezanne_radeon_vega/syn_memory_converge/variant_844/variant_844.json
18:25:07.531 INFO  StreamGobblerLogger - stderr.env: ‘interestingness_test’: No such file or directory
18:25:07.531 INFO  ExecHelper - Result: 127
18:25:07.531 INFO  CustomFileJudge - Custom file judge result: 127
18:25:07.531 INFO  ReductionDriver - Result from initial state is not interesting (attempt 1)
18:25:07.616 INFO  ExecHelper - interestingness_test /opt/reduce/cezanne_radeon_vega/syn_memory_converge/variant_844.comp reduction_results/cezanne_radeon_vega/syn_memory_converge/variant_844/variant_844.json
18:25:07.617 INFO  StreamGobblerLogger - stderr.env: ‘interestingness_test’: No such file or directory
18:25:07.618 INFO  ExecHelper - Result: 127
18:25:07.618 INFO  CustomFileJudge - Custom file judge result: 127
18:25:07.618 INFO  ReductionDriver - Result from initial state is not interesting (attempt 2)
18:25:07.696 INFO  ExecHelper - interestingness_test /opt/reduce/cezanne_radeon_vega/syn_memory_converge/variant_844.comp reduction_results/cezanne_radeon_vega/syn_memory_converge/variant_844/variant_844.json
18:25:07.697 INFO  StreamGobblerLogger - stderr.env: ‘interestingness_test’: No such file or directory
18:25:07.697 INFO  ExecHelper - Result: 127
18:25:07.697 INFO  CustomFileJudge - Custom file judge result: 127
18:25:07.697 INFO  ReductionDriver - Result from initial state is not interesting (attempt 3)
18:25:07.773 INFO  ExecHelper - interestingness_test /opt/reduce/cezanne_radeon_vega/syn_memory_converge/variant_844.comp reduction_results/cezanne_radeon_vega/syn_memory_converge/variant_844/variant_844.json
18:25:07.775 INFO  StreamGobblerLogger - stderr.env: ‘interestingness_test’: No such file or directory
18:25:07.775 INFO  ExecHelper - Result: 127
18:25:07.776 INFO  CustomFileJudge - Custom file judge result: 127
18:25:07.776 INFO  ReductionDriver - Result from initial state is not interesting (attempt 4)
18:25:07.849 INFO  ExecHelper - interestingness_test /opt/reduce/cezanne_radeon_vega/syn_memory_converge/variant_844.comp reduction_results/cezanne_radeon_vega/syn_memory_converge/variant_844/variant_844.json
18:25:07.850 INFO  StreamGobblerLogger - stderr.env: ‘interestingness_test’: No such file or directory
18:25:07.850 INFO  ExecHelper - Result: 127
18:25:07.851 INFO  CustomFileJudge - Custom file judge result: 127
18:25:07.851 INFO  ReductionDriver - Result from initial state is not interesting (attempt 5)
18:25:07.851 INFO  ReductionDriver - Tried 5 times; stopping.
Reduction command: java -ea -cp /opt/graphicsfuzz/graphicsfuzz/target/graphicsfuzz/python/drivers/../../jar/tool-1.0.jar com.graphicsfuzz.reducer.tool.GlslReduce /opt/reduce/cezanne_radeon_vega/syn_memory_converge/variant_844.json interestingness_test --output reduction_results/cezanne_radeon_vega/syn_memory_converge/variant_844 /opt/reduce/cezanne_radeon_vega/syn_memory_converge/variant_844.comp
