19:00:55.180 INFO  ExecHelper - /opt/graphicsfuzz/graphicsfuzz/target/graphicsfuzz/bin/Linux/glslangValidator -E --stdin -S comp
19:00:55.233 INFO  ExecHelper - Result: 0
19:00:55.368 INFO  ReductionDriver - Starting reduction for variant_767
19:00:55.383 INFO  ExecHelper - interestingness_test /opt/reduce/intel_iris_xe_graphics/syn_memory_converge/variant_767.comp reduction_results/intel_iris_xe_graphics/syn_memory_converge/variant_767/variant_767.json
19:00:55.385 INFO  StreamGobblerLogger - stderr.env: ‘interestingness_test’: No such file or directory
19:00:55.385 INFO  ExecHelper - Result: 127
19:00:55.385 INFO  CustomFileJudge - Custom file judge result: 127
19:00:55.385 INFO  ReductionDriver - Result from initial state is not interesting (attempt 1)
19:00:55.396 INFO  ExecHelper - interestingness_test /opt/reduce/intel_iris_xe_graphics/syn_memory_converge/variant_767.comp reduction_results/intel_iris_xe_graphics/syn_memory_converge/variant_767/variant_767.json
19:00:55.398 INFO  StreamGobblerLogger - stderr.env: ‘interestingness_test’: No such file or directory
19:00:55.398 INFO  ExecHelper - Result: 127
19:00:55.398 INFO  CustomFileJudge - Custom file judge result: 127
19:00:55.398 INFO  ReductionDriver - Result from initial state is not interesting (attempt 2)
19:00:55.403 INFO  ExecHelper - interestingness_test /opt/reduce/intel_iris_xe_graphics/syn_memory_converge/variant_767.comp reduction_results/intel_iris_xe_graphics/syn_memory_converge/variant_767/variant_767.json
19:00:55.404 INFO  StreamGobblerLogger - stderr.env: ‘interestingness_test’: No such file or directory
19:00:55.404 INFO  ExecHelper - Result: 127
19:00:55.404 INFO  CustomFileJudge - Custom file judge result: 127
19:00:55.404 INFO  ReductionDriver - Result from initial state is not interesting (attempt 3)
19:00:55.410 INFO  ExecHelper - interestingness_test /opt/reduce/intel_iris_xe_graphics/syn_memory_converge/variant_767.comp reduction_results/intel_iris_xe_graphics/syn_memory_converge/variant_767/variant_767.json
19:00:55.411 INFO  StreamGobblerLogger - stderr.env: ‘interestingness_test’: No such file or directory
19:00:55.412 INFO  ExecHelper - Result: 127
19:00:55.412 INFO  CustomFileJudge - Custom file judge result: 127
19:00:55.412 INFO  ReductionDriver - Result from initial state is not interesting (attempt 4)
19:00:55.415 INFO  ExecHelper - interestingness_test /opt/reduce/intel_iris_xe_graphics/syn_memory_converge/variant_767.comp reduction_results/intel_iris_xe_graphics/syn_memory_converge/variant_767/variant_767.json
19:00:55.416 INFO  StreamGobblerLogger - stderr.env: ‘interestingness_test’: No such file or directory
19:00:55.417 INFO  ExecHelper - Result: 127
19:00:55.417 INFO  CustomFileJudge - Custom file judge result: 127
19:00:55.417 INFO  ReductionDriver - Result from initial state is not interesting (attempt 5)
19:00:55.417 INFO  ReductionDriver - Tried 5 times; stopping.
Reduction command: java -ea -cp /opt/graphicsfuzz/graphicsfuzz/target/graphicsfuzz/python/drivers/../../jar/tool-1.0.jar com.graphicsfuzz.reducer.tool.GlslReduce /opt/reduce/intel_iris_xe_graphics/syn_memory_converge/variant_767.json interestingness_test --output reduction_results/intel_iris_xe_graphics/syn_memory_converge/variant_767 /opt/reduce/intel_iris_xe_graphics/syn_memory_converge/variant_767.comp
