18:40:48.589 INFO  ExecHelper - /opt/graphicsfuzz/graphicsfuzz/target/graphicsfuzz/bin/Linux/glslangValidator -E --stdin -S comp
18:40:48.704 INFO  ExecHelper - Result: 0
18:40:49.331 INFO  ReductionDriver - Starting reduction for variant_961
18:40:49.346 INFO  ExecHelper - interestingness_test /opt/reduce/cezanne_radeon_vega/syn_memory_converge_atomic/variant_961.comp reduction_results/cezanne_radeon_vega/syn_memory_converge_atomic/variant_961/variant_961.json
18:40:49.348 INFO  StreamGobblerLogger - stderr.env: ‘interestingness_test’: No such file or directory
18:40:49.348 INFO  ExecHelper - Result: 127
18:40:49.348 INFO  CustomFileJudge - Custom file judge result: 127
18:40:49.348 INFO  ReductionDriver - Result from initial state is not interesting (attempt 1)
18:40:49.355 INFO  ExecHelper - interestingness_test /opt/reduce/cezanne_radeon_vega/syn_memory_converge_atomic/variant_961.comp reduction_results/cezanne_radeon_vega/syn_memory_converge_atomic/variant_961/variant_961.json
18:40:49.356 INFO  StreamGobblerLogger - stderr.env: ‘interestingness_test’: No such file or directory
18:40:49.356 INFO  ExecHelper - Result: 127
18:40:49.356 INFO  CustomFileJudge - Custom file judge result: 127
18:40:49.356 INFO  ReductionDriver - Result from initial state is not interesting (attempt 2)
18:40:49.362 INFO  ExecHelper - interestingness_test /opt/reduce/cezanne_radeon_vega/syn_memory_converge_atomic/variant_961.comp reduction_results/cezanne_radeon_vega/syn_memory_converge_atomic/variant_961/variant_961.json
18:40:49.363 INFO  StreamGobblerLogger - stderr.env: ‘interestingness_test’: No such file or directory
18:40:49.364 INFO  ExecHelper - Result: 127
18:40:49.364 INFO  CustomFileJudge - Custom file judge result: 127
18:40:49.364 INFO  ReductionDriver - Result from initial state is not interesting (attempt 3)
18:40:49.372 INFO  ExecHelper - interestingness_test /opt/reduce/cezanne_radeon_vega/syn_memory_converge_atomic/variant_961.comp reduction_results/cezanne_radeon_vega/syn_memory_converge_atomic/variant_961/variant_961.json
18:40:49.373 INFO  StreamGobblerLogger - stderr.env: ‘interestingness_test’: No such file or directory
18:40:49.373 INFO  ExecHelper - Result: 127
18:40:49.373 INFO  CustomFileJudge - Custom file judge result: 127
18:40:49.373 INFO  ReductionDriver - Result from initial state is not interesting (attempt 4)
18:40:49.378 INFO  ExecHelper - interestingness_test /opt/reduce/cezanne_radeon_vega/syn_memory_converge_atomic/variant_961.comp reduction_results/cezanne_radeon_vega/syn_memory_converge_atomic/variant_961/variant_961.json
18:40:49.379 INFO  StreamGobblerLogger - stderr.env: ‘interestingness_test’: No such file or directory
18:40:49.379 INFO  ExecHelper - Result: 127
18:40:49.380 INFO  CustomFileJudge - Custom file judge result: 127
18:40:49.380 INFO  ReductionDriver - Result from initial state is not interesting (attempt 5)
18:40:49.380 INFO  ReductionDriver - Tried 5 times; stopping.
Reduction command: java -ea -cp /opt/graphicsfuzz/graphicsfuzz/target/graphicsfuzz/python/drivers/../../jar/tool-1.0.jar com.graphicsfuzz.reducer.tool.GlslReduce /opt/reduce/cezanne_radeon_vega/syn_memory_converge_atomic/variant_961.json interestingness_test --output reduction_results/cezanne_radeon_vega/syn_memory_converge_atomic/variant_961 /opt/reduce/cezanne_radeon_vega/syn_memory_converge_atomic/variant_961.comp
