18:34:02.199 INFO  ExecHelper - /opt/graphicsfuzz/graphicsfuzz/target/graphicsfuzz/bin/Linux/glslangValidator -E --stdin -S comp
18:34:02.262 INFO  ExecHelper - Result: 0
18:34:03.372 INFO  ReductionDriver - Starting reduction for variant_492
18:34:03.573 INFO  ExecHelper - interestingness_test /opt/reduce/cezanne_radeon_vega/syn_memory_converge_atomic/variant_492.comp reduction_results/cezanne_radeon_vega/syn_memory_converge_atomic/variant_492/variant_492.json
18:34:03.574 INFO  StreamGobblerLogger - stderr.env: ‘interestingness_test’: No such file or directory
18:34:03.575 INFO  ExecHelper - Result: 127
18:34:03.575 INFO  CustomFileJudge - Custom file judge result: 127
18:34:03.575 INFO  ReductionDriver - Result from initial state is not interesting (attempt 1)
18:34:03.768 INFO  ExecHelper - interestingness_test /opt/reduce/cezanne_radeon_vega/syn_memory_converge_atomic/variant_492.comp reduction_results/cezanne_radeon_vega/syn_memory_converge_atomic/variant_492/variant_492.json
18:34:03.770 INFO  StreamGobblerLogger - stderr.env: ‘interestingness_test’: No such file or directory
18:34:03.770 INFO  ExecHelper - Result: 127
18:34:03.770 INFO  CustomFileJudge - Custom file judge result: 127
18:34:03.770 INFO  ReductionDriver - Result from initial state is not interesting (attempt 2)
18:34:03.945 INFO  ExecHelper - interestingness_test /opt/reduce/cezanne_radeon_vega/syn_memory_converge_atomic/variant_492.comp reduction_results/cezanne_radeon_vega/syn_memory_converge_atomic/variant_492/variant_492.json
18:34:03.946 INFO  StreamGobblerLogger - stderr.env: ‘interestingness_test’: No such file or directory
18:34:03.947 INFO  ExecHelper - Result: 127
18:34:03.947 INFO  CustomFileJudge - Custom file judge result: 127
18:34:03.947 INFO  ReductionDriver - Result from initial state is not interesting (attempt 3)
18:34:04.121 INFO  ExecHelper - interestingness_test /opt/reduce/cezanne_radeon_vega/syn_memory_converge_atomic/variant_492.comp reduction_results/cezanne_radeon_vega/syn_memory_converge_atomic/variant_492/variant_492.json
18:34:04.123 INFO  StreamGobblerLogger - stderr.env: ‘interestingness_test’: No such file or directory
18:34:04.123 INFO  ExecHelper - Result: 127
18:34:04.123 INFO  CustomFileJudge - Custom file judge result: 127
18:34:04.124 INFO  ReductionDriver - Result from initial state is not interesting (attempt 4)
18:34:04.296 INFO  ExecHelper - interestingness_test /opt/reduce/cezanne_radeon_vega/syn_memory_converge_atomic/variant_492.comp reduction_results/cezanne_radeon_vega/syn_memory_converge_atomic/variant_492/variant_492.json
18:34:04.298 INFO  StreamGobblerLogger - stderr.env: ‘interestingness_test’: No such file or directory
18:34:04.298 INFO  ExecHelper - Result: 127
18:34:04.298 INFO  CustomFileJudge - Custom file judge result: 127
18:34:04.298 INFO  ReductionDriver - Result from initial state is not interesting (attempt 5)
18:34:04.298 INFO  ReductionDriver - Tried 5 times; stopping.
Reduction command: java -ea -cp /opt/graphicsfuzz/graphicsfuzz/target/graphicsfuzz/python/drivers/../../jar/tool-1.0.jar com.graphicsfuzz.reducer.tool.GlslReduce /opt/reduce/cezanne_radeon_vega/syn_memory_converge_atomic/variant_492.json interestingness_test --output reduction_results/cezanne_radeon_vega/syn_memory_converge_atomic/variant_492 /opt/reduce/cezanne_radeon_vega/syn_memory_converge_atomic/variant_492.comp
