18:24:31.534 INFO  ExecHelper - /opt/graphicsfuzz/graphicsfuzz/target/graphicsfuzz/bin/Linux/glslangValidator -E --stdin -S comp
18:24:31.642 INFO  ExecHelper - Result: 0
18:24:32.039 INFO  ReductionDriver - Starting reduction for variant_799
18:24:32.050 INFO  ExecHelper - interestingness_test /opt/reduce/cezanne_radeon_vega/syn_memory_converge/variant_799.comp reduction_results/cezanne_radeon_vega/syn_memory_converge/variant_799/variant_799.json
18:24:32.051 INFO  StreamGobblerLogger - stderr.env: ‘interestingness_test’: No such file or directory
18:24:32.052 INFO  ExecHelper - Result: 127
18:24:32.052 INFO  CustomFileJudge - Custom file judge result: 127
18:24:32.052 INFO  ReductionDriver - Result from initial state is not interesting (attempt 1)
18:24:32.055 INFO  ExecHelper - interestingness_test /opt/reduce/cezanne_radeon_vega/syn_memory_converge/variant_799.comp reduction_results/cezanne_radeon_vega/syn_memory_converge/variant_799/variant_799.json
18:24:32.056 INFO  StreamGobblerLogger - stderr.env: ‘interestingness_test’: No such file or directory
18:24:32.056 INFO  ExecHelper - Result: 127
18:24:32.056 INFO  CustomFileJudge - Custom file judge result: 127
18:24:32.056 INFO  ReductionDriver - Result from initial state is not interesting (attempt 2)
18:24:32.062 INFO  ExecHelper - interestingness_test /opt/reduce/cezanne_radeon_vega/syn_memory_converge/variant_799.comp reduction_results/cezanne_radeon_vega/syn_memory_converge/variant_799/variant_799.json
18:24:32.063 INFO  StreamGobblerLogger - stderr.env: ‘interestingness_test’: No such file or directory
18:24:32.064 INFO  ExecHelper - Result: 127
18:24:32.064 INFO  CustomFileJudge - Custom file judge result: 127
18:24:32.064 INFO  ReductionDriver - Result from initial state is not interesting (attempt 3)
18:24:32.066 INFO  ExecHelper - interestingness_test /opt/reduce/cezanne_radeon_vega/syn_memory_converge/variant_799.comp reduction_results/cezanne_radeon_vega/syn_memory_converge/variant_799/variant_799.json
18:24:32.067 INFO  StreamGobblerLogger - stderr.env: ‘interestingness_test’: No such file or directory
18:24:32.068 INFO  ExecHelper - Result: 127
18:24:32.068 INFO  CustomFileJudge - Custom file judge result: 127
18:24:32.068 INFO  ReductionDriver - Result from initial state is not interesting (attempt 4)
18:24:32.070 INFO  ExecHelper - interestingness_test /opt/reduce/cezanne_radeon_vega/syn_memory_converge/variant_799.comp reduction_results/cezanne_radeon_vega/syn_memory_converge/variant_799/variant_799.json
18:24:32.071 INFO  StreamGobblerLogger - stderr.env: ‘interestingness_test’: No such file or directory
18:24:32.071 INFO  ExecHelper - Result: 127
18:24:32.071 INFO  CustomFileJudge - Custom file judge result: 127
18:24:32.072 INFO  ReductionDriver - Result from initial state is not interesting (attempt 5)
18:24:32.072 INFO  ReductionDriver - Tried 5 times; stopping.
Reduction command: java -ea -cp /opt/graphicsfuzz/graphicsfuzz/target/graphicsfuzz/python/drivers/../../jar/tool-1.0.jar com.graphicsfuzz.reducer.tool.GlslReduce /opt/reduce/cezanne_radeon_vega/syn_memory_converge/variant_799.json interestingness_test --output reduction_results/cezanne_radeon_vega/syn_memory_converge/variant_799 /opt/reduce/cezanne_radeon_vega/syn_memory_converge/variant_799.comp
