18:49:59.200 INFO  ExecHelper - /opt/graphicsfuzz/graphicsfuzz/target/graphicsfuzz/bin/Linux/glslangValidator -E --stdin -S comp
18:49:59.332 INFO  ExecHelper - Result: 0
18:50:00.093 INFO  ReductionDriver - Starting reduction for variant_934
18:50:00.112 INFO  ExecHelper - interestingness_test /opt/reduce/intel_iris_xe_graphics/syn_lock_step_release/variant_934.comp reduction_results/intel_iris_xe_graphics/syn_lock_step_release/variant_934/variant_934.json
18:50:00.114 INFO  StreamGobblerLogger - stderr.env: ‘interestingness_test’: No such file or directory
18:50:00.114 INFO  ExecHelper - Result: 127
18:50:00.114 INFO  CustomFileJudge - Custom file judge result: 127
18:50:00.114 INFO  ReductionDriver - Result from initial state is not interesting (attempt 1)
18:50:00.124 INFO  ExecHelper - interestingness_test /opt/reduce/intel_iris_xe_graphics/syn_lock_step_release/variant_934.comp reduction_results/intel_iris_xe_graphics/syn_lock_step_release/variant_934/variant_934.json
18:50:00.125 INFO  StreamGobblerLogger - stderr.env: ‘interestingness_test’: No such file or directory
18:50:00.125 INFO  ExecHelper - Result: 127
18:50:00.126 INFO  CustomFileJudge - Custom file judge result: 127
18:50:00.126 INFO  ReductionDriver - Result from initial state is not interesting (attempt 2)
18:50:00.135 INFO  ExecHelper - interestingness_test /opt/reduce/intel_iris_xe_graphics/syn_lock_step_release/variant_934.comp reduction_results/intel_iris_xe_graphics/syn_lock_step_release/variant_934/variant_934.json
18:50:00.137 INFO  StreamGobblerLogger - stderr.env: ‘interestingness_test’: No such file or directory
18:50:00.137 INFO  ExecHelper - Result: 127
18:50:00.137 INFO  CustomFileJudge - Custom file judge result: 127
18:50:00.137 INFO  ReductionDriver - Result from initial state is not interesting (attempt 3)
18:50:00.142 INFO  ExecHelper - interestingness_test /opt/reduce/intel_iris_xe_graphics/syn_lock_step_release/variant_934.comp reduction_results/intel_iris_xe_graphics/syn_lock_step_release/variant_934/variant_934.json
18:50:00.143 INFO  StreamGobblerLogger - stderr.env: ‘interestingness_test’: No such file or directory
18:50:00.144 INFO  ExecHelper - Result: 127
18:50:00.144 INFO  CustomFileJudge - Custom file judge result: 127
18:50:00.144 INFO  ReductionDriver - Result from initial state is not interesting (attempt 4)
18:50:00.149 INFO  ExecHelper - interestingness_test /opt/reduce/intel_iris_xe_graphics/syn_lock_step_release/variant_934.comp reduction_results/intel_iris_xe_graphics/syn_lock_step_release/variant_934/variant_934.json
18:50:00.150 INFO  StreamGobblerLogger - stderr.env: ‘interestingness_test’: No such file or directory
18:50:00.150 INFO  ExecHelper - Result: 127
18:50:00.150 INFO  CustomFileJudge - Custom file judge result: 127
18:50:00.150 INFO  ReductionDriver - Result from initial state is not interesting (attempt 5)
18:50:00.150 INFO  ReductionDriver - Tried 5 times; stopping.
Reduction command: java -ea -cp /opt/graphicsfuzz/graphicsfuzz/target/graphicsfuzz/python/drivers/../../jar/tool-1.0.jar com.graphicsfuzz.reducer.tool.GlslReduce /opt/reduce/intel_iris_xe_graphics/syn_lock_step_release/variant_934.json interestingness_test --output reduction_results/intel_iris_xe_graphics/syn_lock_step_release/variant_934 /opt/reduce/intel_iris_xe_graphics/syn_lock_step_release/variant_934.comp
