18:17:06.740 INFO  ExecHelper - /opt/graphicsfuzz/graphicsfuzz/target/graphicsfuzz/bin/Linux/glslangValidator -E --stdin -S comp
18:17:06.788 INFO  ExecHelper - Result: 0
18:17:06.849 INFO  ReductionDriver - Starting reduction for variant_254
18:17:06.853 INFO  ExecHelper - interestingness_test /opt/reduce/cezanne_radeon_vega/syn_memory_converge/variant_254.comp reduction_results/cezanne_radeon_vega/syn_memory_converge/variant_254/variant_254.json
18:17:06.855 INFO  StreamGobblerLogger - stderr.env: ‘interestingness_test’: No such file or directory
18:17:06.856 INFO  ExecHelper - Result: 127
18:17:06.856 INFO  CustomFileJudge - Custom file judge result: 127
18:17:06.856 INFO  ReductionDriver - Result from initial state is not interesting (attempt 1)
18:17:06.857 INFO  ExecHelper - interestingness_test /opt/reduce/cezanne_radeon_vega/syn_memory_converge/variant_254.comp reduction_results/cezanne_radeon_vega/syn_memory_converge/variant_254/variant_254.json
18:17:06.857 INFO  StreamGobblerLogger - stderr.env: ‘interestingness_test’: No such file or directory
18:17:06.858 INFO  ExecHelper - Result: 127
18:17:06.858 INFO  CustomFileJudge - Custom file judge result: 127
18:17:06.858 INFO  ReductionDriver - Result from initial state is not interesting (attempt 2)
18:17:06.859 INFO  ExecHelper - interestingness_test /opt/reduce/cezanne_radeon_vega/syn_memory_converge/variant_254.comp reduction_results/cezanne_radeon_vega/syn_memory_converge/variant_254/variant_254.json
18:17:06.860 INFO  StreamGobblerLogger - stderr.env: ‘interestingness_test’: No such file or directory
18:17:06.861 INFO  ExecHelper - Result: 127
18:17:06.861 INFO  CustomFileJudge - Custom file judge result: 127
18:17:06.861 INFO  ReductionDriver - Result from initial state is not interesting (attempt 3)
18:17:06.863 INFO  ExecHelper - interestingness_test /opt/reduce/cezanne_radeon_vega/syn_memory_converge/variant_254.comp reduction_results/cezanne_radeon_vega/syn_memory_converge/variant_254/variant_254.json
18:17:06.864 INFO  StreamGobblerLogger - stderr.env: ‘interestingness_test’: No such file or directory
18:17:06.864 INFO  ExecHelper - Result: 127
18:17:06.864 INFO  CustomFileJudge - Custom file judge result: 127
18:17:06.864 INFO  ReductionDriver - Result from initial state is not interesting (attempt 4)
18:17:06.866 INFO  ExecHelper - interestingness_test /opt/reduce/cezanne_radeon_vega/syn_memory_converge/variant_254.comp reduction_results/cezanne_radeon_vega/syn_memory_converge/variant_254/variant_254.json
18:17:06.867 INFO  StreamGobblerLogger - stderr.env: ‘interestingness_test’: No such file or directory
18:17:06.867 INFO  ExecHelper - Result: 127
18:17:06.867 INFO  CustomFileJudge - Custom file judge result: 127
18:17:06.867 INFO  ReductionDriver - Result from initial state is not interesting (attempt 5)
18:17:06.867 INFO  ReductionDriver - Tried 5 times; stopping.
Reduction command: java -ea -cp /opt/graphicsfuzz/graphicsfuzz/target/graphicsfuzz/python/drivers/../../jar/tool-1.0.jar com.graphicsfuzz.reducer.tool.GlslReduce /opt/reduce/cezanne_radeon_vega/syn_memory_converge/variant_254.json interestingness_test --output reduction_results/cezanne_radeon_vega/syn_memory_converge/variant_254 /opt/reduce/cezanne_radeon_vega/syn_memory_converge/variant_254.comp
