19:19:27.417 INFO  ExecHelper - /opt/graphicsfuzz/graphicsfuzz/target/graphicsfuzz/bin/Linux/glslangValidator -E --stdin -S comp
19:19:27.605 INFO  ExecHelper - Result: 0
19:19:28.265 INFO  ReductionDriver - Starting reduction for variant_363
19:19:28.296 INFO  ExecHelper - interestingness_test /opt/reduce/intel_iris_xe_graphics/syn_subgroup_op/variant_363.comp reduction_results/intel_iris_xe_graphics/syn_subgroup_op/variant_363/variant_363.json
19:19:28.299 INFO  StreamGobblerLogger - stderr.env: ‘interestingness_test’: No such file or directory
19:19:28.299 INFO  ExecHelper - Result: 127
19:19:28.299 INFO  CustomFileJudge - Custom file judge result: 127
19:19:28.300 INFO  ReductionDriver - Result from initial state is not interesting (attempt 1)
19:19:28.320 INFO  ExecHelper - interestingness_test /opt/reduce/intel_iris_xe_graphics/syn_subgroup_op/variant_363.comp reduction_results/intel_iris_xe_graphics/syn_subgroup_op/variant_363/variant_363.json
19:19:28.321 INFO  StreamGobblerLogger - stderr.env: ‘interestingness_test’: No such file or directory
19:19:28.321 INFO  ExecHelper - Result: 127
19:19:28.322 INFO  CustomFileJudge - Custom file judge result: 127
19:19:28.322 INFO  ReductionDriver - Result from initial state is not interesting (attempt 2)
19:19:28.344 INFO  ExecHelper - interestingness_test /opt/reduce/intel_iris_xe_graphics/syn_subgroup_op/variant_363.comp reduction_results/intel_iris_xe_graphics/syn_subgroup_op/variant_363/variant_363.json
19:19:28.345 INFO  StreamGobblerLogger - stderr.env: ‘interestingness_test’: No such file or directory
19:19:28.346 INFO  ExecHelper - Result: 127
19:19:28.346 INFO  CustomFileJudge - Custom file judge result: 127
19:19:28.346 INFO  ReductionDriver - Result from initial state is not interesting (attempt 3)
19:19:28.361 INFO  ExecHelper - interestingness_test /opt/reduce/intel_iris_xe_graphics/syn_subgroup_op/variant_363.comp reduction_results/intel_iris_xe_graphics/syn_subgroup_op/variant_363/variant_363.json
19:19:28.362 INFO  StreamGobblerLogger - stderr.env: ‘interestingness_test’: No such file or directory
19:19:28.363 INFO  ExecHelper - Result: 127
19:19:28.363 INFO  CustomFileJudge - Custom file judge result: 127
19:19:28.363 INFO  ReductionDriver - Result from initial state is not interesting (attempt 4)
19:19:28.385 INFO  ExecHelper - interestingness_test /opt/reduce/intel_iris_xe_graphics/syn_subgroup_op/variant_363.comp reduction_results/intel_iris_xe_graphics/syn_subgroup_op/variant_363/variant_363.json
19:19:28.386 INFO  StreamGobblerLogger - stderr.env: ‘interestingness_test’: No such file or directory
19:19:28.387 INFO  ExecHelper - Result: 127
19:19:28.387 INFO  CustomFileJudge - Custom file judge result: 127
19:19:28.387 INFO  ReductionDriver - Result from initial state is not interesting (attempt 5)
19:19:28.387 INFO  ReductionDriver - Tried 5 times; stopping.
Reduction command: java -ea -cp /opt/graphicsfuzz/graphicsfuzz/target/graphicsfuzz/python/drivers/../../jar/tool-1.0.jar com.graphicsfuzz.reducer.tool.GlslReduce /opt/reduce/intel_iris_xe_graphics/syn_subgroup_op/variant_363.json interestingness_test --output reduction_results/intel_iris_xe_graphics/syn_subgroup_op/variant_363 /opt/reduce/intel_iris_xe_graphics/syn_subgroup_op/variant_363.comp
