18:37:05.491 INFO  ExecHelper - /opt/graphicsfuzz/graphicsfuzz/target/graphicsfuzz/bin/Linux/glslangValidator -E --stdin -S comp
18:37:05.551 INFO  ExecHelper - Result: 0
18:37:06.830 INFO  ReductionDriver - Starting reduction for variant_699
18:37:06.932 INFO  ExecHelper - interestingness_test /opt/reduce/cezanne_radeon_vega/syn_memory_converge_atomic/variant_699.comp reduction_results/cezanne_radeon_vega/syn_memory_converge_atomic/variant_699/variant_699.json
18:37:06.934 INFO  StreamGobblerLogger - stderr.env: ‘interestingness_test’: No such file or directory
18:37:06.934 INFO  ExecHelper - Result: 127
18:37:06.935 INFO  CustomFileJudge - Custom file judge result: 127
18:37:06.935 INFO  ReductionDriver - Result from initial state is not interesting (attempt 1)
18:37:07.026 INFO  ExecHelper - interestingness_test /opt/reduce/cezanne_radeon_vega/syn_memory_converge_atomic/variant_699.comp reduction_results/cezanne_radeon_vega/syn_memory_converge_atomic/variant_699/variant_699.json
18:37:07.028 INFO  StreamGobblerLogger - stderr.env: ‘interestingness_test’: No such file or directory
18:37:07.028 INFO  ExecHelper - Result: 127
18:37:07.028 INFO  CustomFileJudge - Custom file judge result: 127
18:37:07.028 INFO  ReductionDriver - Result from initial state is not interesting (attempt 2)
18:37:07.132 INFO  ExecHelper - interestingness_test /opt/reduce/cezanne_radeon_vega/syn_memory_converge_atomic/variant_699.comp reduction_results/cezanne_radeon_vega/syn_memory_converge_atomic/variant_699/variant_699.json
18:37:07.134 INFO  StreamGobblerLogger - stderr.env: ‘interestingness_test’: No such file or directory
18:37:07.135 INFO  ExecHelper - Result: 127
18:37:07.135 INFO  CustomFileJudge - Custom file judge result: 127
18:37:07.135 INFO  ReductionDriver - Result from initial state is not interesting (attempt 3)
18:37:07.220 INFO  ExecHelper - interestingness_test /opt/reduce/cezanne_radeon_vega/syn_memory_converge_atomic/variant_699.comp reduction_results/cezanne_radeon_vega/syn_memory_converge_atomic/variant_699/variant_699.json
18:37:07.222 INFO  StreamGobblerLogger - stderr.env: ‘interestingness_test’: No such file or directory
18:37:07.222 INFO  ExecHelper - Result: 127
18:37:07.222 INFO  CustomFileJudge - Custom file judge result: 127
18:37:07.222 INFO  ReductionDriver - Result from initial state is not interesting (attempt 4)
18:37:07.307 INFO  ExecHelper - interestingness_test /opt/reduce/cezanne_radeon_vega/syn_memory_converge_atomic/variant_699.comp reduction_results/cezanne_radeon_vega/syn_memory_converge_atomic/variant_699/variant_699.json
18:37:07.308 INFO  StreamGobblerLogger - stderr.env: ‘interestingness_test’: No such file or directory
18:37:07.309 INFO  ExecHelper - Result: 127
18:37:07.309 INFO  CustomFileJudge - Custom file judge result: 127
18:37:07.309 INFO  ReductionDriver - Result from initial state is not interesting (attempt 5)
18:37:07.309 INFO  ReductionDriver - Tried 5 times; stopping.
Reduction command: java -ea -cp /opt/graphicsfuzz/graphicsfuzz/target/graphicsfuzz/python/drivers/../../jar/tool-1.0.jar com.graphicsfuzz.reducer.tool.GlslReduce /opt/reduce/cezanne_radeon_vega/syn_memory_converge_atomic/variant_699.json interestingness_test --output reduction_results/cezanne_radeon_vega/syn_memory_converge_atomic/variant_699 /opt/reduce/cezanne_radeon_vega/syn_memory_converge_atomic/variant_699.comp
