19:56:44.046 INFO  ExecHelper - /opt/graphicsfuzz/graphicsfuzz/target/graphicsfuzz/bin/Linux/glslangValidator -E --stdin -S comp
19:56:44.195 INFO  ExecHelper - Result: 0
19:56:44.646 INFO  ReductionDriver - Starting reduction for variant_750
19:56:44.663 INFO  ExecHelper - interestingness_test /opt/reduce/rtx_4070/syn_subgroup_op_release/variant_750.comp reduction_results/rtx_4070/syn_subgroup_op_release/variant_750/variant_750.json
19:56:44.665 INFO  StreamGobblerLogger - stderr.env: ‘interestingness_test’: No such file or directory
19:56:44.665 INFO  ExecHelper - Result: 127
19:56:44.665 INFO  CustomFileJudge - Custom file judge result: 127
19:56:44.665 INFO  ReductionDriver - Result from initial state is not interesting (attempt 1)
19:56:44.674 INFO  ExecHelper - interestingness_test /opt/reduce/rtx_4070/syn_subgroup_op_release/variant_750.comp reduction_results/rtx_4070/syn_subgroup_op_release/variant_750/variant_750.json
19:56:44.675 INFO  StreamGobblerLogger - stderr.env: ‘interestingness_test’: No such file or directory
19:56:44.676 INFO  ExecHelper - Result: 127
19:56:44.676 INFO  CustomFileJudge - Custom file judge result: 127
19:56:44.676 INFO  ReductionDriver - Result from initial state is not interesting (attempt 2)
19:56:44.685 INFO  ExecHelper - interestingness_test /opt/reduce/rtx_4070/syn_subgroup_op_release/variant_750.comp reduction_results/rtx_4070/syn_subgroup_op_release/variant_750/variant_750.json
19:56:44.687 INFO  StreamGobblerLogger - stderr.env: ‘interestingness_test’: No such file or directory
19:56:44.687 INFO  ExecHelper - Result: 127
19:56:44.687 INFO  CustomFileJudge - Custom file judge result: 127
19:56:44.687 INFO  ReductionDriver - Result from initial state is not interesting (attempt 3)
19:56:44.693 INFO  ExecHelper - interestingness_test /opt/reduce/rtx_4070/syn_subgroup_op_release/variant_750.comp reduction_results/rtx_4070/syn_subgroup_op_release/variant_750/variant_750.json
19:56:44.694 INFO  StreamGobblerLogger - stderr.env: ‘interestingness_test’: No such file or directory
19:56:44.695 INFO  ExecHelper - Result: 127
19:56:44.695 INFO  CustomFileJudge - Custom file judge result: 127
19:56:44.695 INFO  ReductionDriver - Result from initial state is not interesting (attempt 4)
19:56:44.703 INFO  ExecHelper - interestingness_test /opt/reduce/rtx_4070/syn_subgroup_op_release/variant_750.comp reduction_results/rtx_4070/syn_subgroup_op_release/variant_750/variant_750.json
19:56:44.704 INFO  StreamGobblerLogger - stderr.env: ‘interestingness_test’: No such file or directory
19:56:44.705 INFO  ExecHelper - Result: 127
19:56:44.705 INFO  CustomFileJudge - Custom file judge result: 127
19:56:44.705 INFO  ReductionDriver - Result from initial state is not interesting (attempt 5)
19:56:44.705 INFO  ReductionDriver - Tried 5 times; stopping.
Reduction command: java -ea -cp /opt/graphicsfuzz/graphicsfuzz/target/graphicsfuzz/python/drivers/../../jar/tool-1.0.jar com.graphicsfuzz.reducer.tool.GlslReduce /opt/reduce/rtx_4070/syn_subgroup_op_release/variant_750.json interestingness_test --output reduction_results/rtx_4070/syn_subgroup_op_release/variant_750 /opt/reduce/rtx_4070/syn_subgroup_op_release/variant_750.comp
