19:38:15.845 INFO  ExecHelper - /opt/graphicsfuzz/graphicsfuzz/target/graphicsfuzz/bin/Linux/glslangValidator -E --stdin -S comp
19:38:15.892 INFO  ExecHelper - Result: 0
19:38:15.974 INFO  ReductionDriver - Starting reduction for variant_857
19:38:15.984 INFO  ExecHelper - interestingness_test /opt/reduce/rtx_4070/syn_memory_converge/variant_857.comp reduction_results/rtx_4070/syn_memory_converge/variant_857/variant_857.json
19:38:15.985 INFO  StreamGobblerLogger - stderr.env: ‘interestingness_test’: No such file or directory
19:38:15.985 INFO  ExecHelper - Result: 127
19:38:15.985 INFO  CustomFileJudge - Custom file judge result: 127
19:38:15.985 INFO  ReductionDriver - Result from initial state is not interesting (attempt 1)
19:38:15.988 INFO  ExecHelper - interestingness_test /opt/reduce/rtx_4070/syn_memory_converge/variant_857.comp reduction_results/rtx_4070/syn_memory_converge/variant_857/variant_857.json
19:38:15.989 INFO  StreamGobblerLogger - stderr.env: ‘interestingness_test’: No such file or directory
19:38:15.989 INFO  ExecHelper - Result: 127
19:38:15.989 INFO  CustomFileJudge - Custom file judge result: 127
19:38:15.989 INFO  ReductionDriver - Result from initial state is not interesting (attempt 2)
19:38:15.991 INFO  ExecHelper - interestingness_test /opt/reduce/rtx_4070/syn_memory_converge/variant_857.comp reduction_results/rtx_4070/syn_memory_converge/variant_857/variant_857.json
19:38:15.992 INFO  StreamGobblerLogger - stderr.env: ‘interestingness_test’: No such file or directory
19:38:15.993 INFO  ExecHelper - Result: 127
19:38:15.993 INFO  CustomFileJudge - Custom file judge result: 127
19:38:15.993 INFO  ReductionDriver - Result from initial state is not interesting (attempt 3)
19:38:15.995 INFO  ExecHelper - interestingness_test /opt/reduce/rtx_4070/syn_memory_converge/variant_857.comp reduction_results/rtx_4070/syn_memory_converge/variant_857/variant_857.json
19:38:15.996 INFO  StreamGobblerLogger - stderr.env: ‘interestingness_test’: No such file or directory
19:38:15.997 INFO  ExecHelper - Result: 127
19:38:15.997 INFO  CustomFileJudge - Custom file judge result: 127
19:38:15.997 INFO  ReductionDriver - Result from initial state is not interesting (attempt 4)
19:38:15.998 INFO  ExecHelper - interestingness_test /opt/reduce/rtx_4070/syn_memory_converge/variant_857.comp reduction_results/rtx_4070/syn_memory_converge/variant_857/variant_857.json
19:38:16.000 INFO  StreamGobblerLogger - stderr.env: ‘interestingness_test’: No such file or directory
19:38:16.000 INFO  ExecHelper - Result: 127
19:38:16.000 INFO  CustomFileJudge - Custom file judge result: 127
19:38:16.000 INFO  ReductionDriver - Result from initial state is not interesting (attempt 5)
19:38:16.000 INFO  ReductionDriver - Tried 5 times; stopping.
Reduction command: java -ea -cp /opt/graphicsfuzz/graphicsfuzz/target/graphicsfuzz/python/drivers/../../jar/tool-1.0.jar com.graphicsfuzz.reducer.tool.GlslReduce /opt/reduce/rtx_4070/syn_memory_converge/variant_857.json interestingness_test --output reduction_results/rtx_4070/syn_memory_converge/variant_857 /opt/reduce/rtx_4070/syn_memory_converge/variant_857.comp
