18:53:31.913 INFO  ExecHelper - /opt/graphicsfuzz/graphicsfuzz/target/graphicsfuzz/bin/Linux/glslangValidator -E --stdin -S comp
18:53:31.960 INFO  ExecHelper - Result: 0
18:53:32.042 INFO  ReductionDriver - Starting reduction for variant_246
18:53:32.051 INFO  ExecHelper - interestingness_test /opt/reduce/intel_iris_xe_graphics/syn_memory_converge/variant_246.comp reduction_results/intel_iris_xe_graphics/syn_memory_converge/variant_246/variant_246.json
18:53:32.053 INFO  StreamGobblerLogger - stderr.env: ‘interestingness_test’: No such file or directory
18:53:32.053 INFO  ExecHelper - Result: 127
18:53:32.053 INFO  CustomFileJudge - Custom file judge result: 127
18:53:32.053 INFO  ReductionDriver - Result from initial state is not interesting (attempt 1)
18:53:32.056 INFO  ExecHelper - interestingness_test /opt/reduce/intel_iris_xe_graphics/syn_memory_converge/variant_246.comp reduction_results/intel_iris_xe_graphics/syn_memory_converge/variant_246/variant_246.json
18:53:32.057 INFO  StreamGobblerLogger - stderr.env: ‘interestingness_test’: No such file or directory
18:53:32.057 INFO  ExecHelper - Result: 127
18:53:32.057 INFO  CustomFileJudge - Custom file judge result: 127
18:53:32.057 INFO  ReductionDriver - Result from initial state is not interesting (attempt 2)
18:53:32.062 INFO  ExecHelper - interestingness_test /opt/reduce/intel_iris_xe_graphics/syn_memory_converge/variant_246.comp reduction_results/intel_iris_xe_graphics/syn_memory_converge/variant_246/variant_246.json
18:53:32.063 INFO  StreamGobblerLogger - stderr.env: ‘interestingness_test’: No such file or directory
18:53:32.063 INFO  ExecHelper - Result: 127
18:53:32.064 INFO  CustomFileJudge - Custom file judge result: 127
18:53:32.064 INFO  ReductionDriver - Result from initial state is not interesting (attempt 3)
18:53:32.067 INFO  ExecHelper - interestingness_test /opt/reduce/intel_iris_xe_graphics/syn_memory_converge/variant_246.comp reduction_results/intel_iris_xe_graphics/syn_memory_converge/variant_246/variant_246.json
18:53:32.068 INFO  StreamGobblerLogger - stderr.env: ‘interestingness_test’: No such file or directory
18:53:32.069 INFO  ExecHelper - Result: 127
18:53:32.069 INFO  CustomFileJudge - Custom file judge result: 127
18:53:32.069 INFO  ReductionDriver - Result from initial state is not interesting (attempt 4)
18:53:32.071 INFO  ExecHelper - interestingness_test /opt/reduce/intel_iris_xe_graphics/syn_memory_converge/variant_246.comp reduction_results/intel_iris_xe_graphics/syn_memory_converge/variant_246/variant_246.json
18:53:32.072 INFO  StreamGobblerLogger - stderr.env: ‘interestingness_test’: No such file or directory
18:53:32.072 INFO  ExecHelper - Result: 127
18:53:32.072 INFO  CustomFileJudge - Custom file judge result: 127
18:53:32.072 INFO  ReductionDriver - Result from initial state is not interesting (attempt 5)
18:53:32.072 INFO  ReductionDriver - Tried 5 times; stopping.
Reduction command: java -ea -cp /opt/graphicsfuzz/graphicsfuzz/target/graphicsfuzz/python/drivers/../../jar/tool-1.0.jar com.graphicsfuzz.reducer.tool.GlslReduce /opt/reduce/intel_iris_xe_graphics/syn_memory_converge/variant_246.json interestingness_test --output reduction_results/intel_iris_xe_graphics/syn_memory_converge/variant_246 /opt/reduce/intel_iris_xe_graphics/syn_memory_converge/variant_246.comp
