19:15:37.628 INFO  ExecHelper - /opt/graphicsfuzz/graphicsfuzz/target/graphicsfuzz/bin/Linux/glslangValidator -E --stdin -S comp
19:15:37.680 INFO  ExecHelper - Result: 0
19:15:37.762 INFO  ReductionDriver - Starting reduction for variant_767
19:15:37.772 INFO  ExecHelper - interestingness_test /opt/reduce/intel_iris_xe_graphics/syn_memory_converge_atomic/variant_767.comp reduction_results/intel_iris_xe_graphics/syn_memory_converge_atomic/variant_767/variant_767.json
19:15:37.773 INFO  StreamGobblerLogger - stderr.env: ‘interestingness_test’: No such file or directory
19:15:37.774 INFO  ExecHelper - Result: 127
19:15:37.774 INFO  CustomFileJudge - Custom file judge result: 127
19:15:37.774 INFO  ReductionDriver - Result from initial state is not interesting (attempt 1)
19:15:37.776 INFO  ExecHelper - interestingness_test /opt/reduce/intel_iris_xe_graphics/syn_memory_converge_atomic/variant_767.comp reduction_results/intel_iris_xe_graphics/syn_memory_converge_atomic/variant_767/variant_767.json
19:15:37.777 INFO  StreamGobblerLogger - stderr.env: ‘interestingness_test’: No such file or directory
19:15:37.778 INFO  ExecHelper - Result: 127
19:15:37.778 INFO  CustomFileJudge - Custom file judge result: 127
19:15:37.778 INFO  ReductionDriver - Result from initial state is not interesting (attempt 2)
19:15:37.779 INFO  ExecHelper - interestingness_test /opt/reduce/intel_iris_xe_graphics/syn_memory_converge_atomic/variant_767.comp reduction_results/intel_iris_xe_graphics/syn_memory_converge_atomic/variant_767/variant_767.json
19:15:37.781 INFO  StreamGobblerLogger - stderr.env: ‘interestingness_test’: No such file or directory
19:15:37.781 INFO  ExecHelper - Result: 127
19:15:37.781 INFO  CustomFileJudge - Custom file judge result: 127
19:15:37.781 INFO  ReductionDriver - Result from initial state is not interesting (attempt 3)
19:15:37.783 INFO  ExecHelper - interestingness_test /opt/reduce/intel_iris_xe_graphics/syn_memory_converge_atomic/variant_767.comp reduction_results/intel_iris_xe_graphics/syn_memory_converge_atomic/variant_767/variant_767.json
19:15:37.784 INFO  StreamGobblerLogger - stderr.env: ‘interestingness_test’: No such file or directory
19:15:37.784 INFO  ExecHelper - Result: 127
19:15:37.784 INFO  CustomFileJudge - Custom file judge result: 127
19:15:37.784 INFO  ReductionDriver - Result from initial state is not interesting (attempt 4)
19:15:37.786 INFO  ExecHelper - interestingness_test /opt/reduce/intel_iris_xe_graphics/syn_memory_converge_atomic/variant_767.comp reduction_results/intel_iris_xe_graphics/syn_memory_converge_atomic/variant_767/variant_767.json
19:15:37.787 INFO  StreamGobblerLogger - stderr.env: ‘interestingness_test’: No such file or directory
19:15:37.787 INFO  ExecHelper - Result: 127
19:15:37.787 INFO  CustomFileJudge - Custom file judge result: 127
19:15:37.787 INFO  ReductionDriver - Result from initial state is not interesting (attempt 5)
19:15:37.787 INFO  ReductionDriver - Tried 5 times; stopping.
Reduction command: java -ea -cp /opt/graphicsfuzz/graphicsfuzz/target/graphicsfuzz/python/drivers/../../jar/tool-1.0.jar com.graphicsfuzz.reducer.tool.GlslReduce /opt/reduce/intel_iris_xe_graphics/syn_memory_converge_atomic/variant_767.json interestingness_test --output reduction_results/intel_iris_xe_graphics/syn_memory_converge_atomic/variant_767 /opt/reduce/intel_iris_xe_graphics/syn_memory_converge_atomic/variant_767.comp
