19:24:06.386 INFO  ExecHelper - /opt/graphicsfuzz/graphicsfuzz/target/graphicsfuzz/bin/Linux/glslangValidator -E --stdin -S comp
19:24:06.444 INFO  ExecHelper - Result: 0
19:24:06.944 INFO  ReductionDriver - Starting reduction for variant_764
19:24:06.962 INFO  ExecHelper - interestingness_test /opt/reduce/rtx_4070/syn_branch_syn_relax/variant_764.comp reduction_results/rtx_4070/syn_branch_syn_relax/variant_764/variant_764.json
19:24:06.964 INFO  StreamGobblerLogger - stderr.env: ‘interestingness_test’: No such file or directory
19:24:06.964 INFO  ExecHelper - Result: 127
19:24:06.965 INFO  CustomFileJudge - Custom file judge result: 127
19:24:06.965 INFO  ReductionDriver - Result from initial state is not interesting (attempt 1)
19:24:06.972 INFO  ExecHelper - interestingness_test /opt/reduce/rtx_4070/syn_branch_syn_relax/variant_764.comp reduction_results/rtx_4070/syn_branch_syn_relax/variant_764/variant_764.json
19:24:06.973 INFO  StreamGobblerLogger - stderr.env: ‘interestingness_test’: No such file or directory
19:24:06.973 INFO  ExecHelper - Result: 127
19:24:06.974 INFO  CustomFileJudge - Custom file judge result: 127
19:24:06.974 INFO  ReductionDriver - Result from initial state is not interesting (attempt 2)
19:24:06.981 INFO  ExecHelper - interestingness_test /opt/reduce/rtx_4070/syn_branch_syn_relax/variant_764.comp reduction_results/rtx_4070/syn_branch_syn_relax/variant_764/variant_764.json
19:24:06.982 INFO  StreamGobblerLogger - stderr.env: ‘interestingness_test’: No such file or directory
19:24:06.982 INFO  ExecHelper - Result: 127
19:24:06.982 INFO  CustomFileJudge - Custom file judge result: 127
19:24:06.982 INFO  ReductionDriver - Result from initial state is not interesting (attempt 3)
19:24:06.988 INFO  ExecHelper - interestingness_test /opt/reduce/rtx_4070/syn_branch_syn_relax/variant_764.comp reduction_results/rtx_4070/syn_branch_syn_relax/variant_764/variant_764.json
19:24:06.989 INFO  StreamGobblerLogger - stderr.env: ‘interestingness_test’: No such file or directory
19:24:06.990 INFO  ExecHelper - Result: 127
19:24:06.990 INFO  CustomFileJudge - Custom file judge result: 127
19:24:06.990 INFO  ReductionDriver - Result from initial state is not interesting (attempt 4)
19:24:06.996 INFO  ExecHelper - interestingness_test /opt/reduce/rtx_4070/syn_branch_syn_relax/variant_764.comp reduction_results/rtx_4070/syn_branch_syn_relax/variant_764/variant_764.json
19:24:06.998 INFO  StreamGobblerLogger - stderr.env: ‘interestingness_test’: No such file or directory
19:24:06.998 INFO  ExecHelper - Result: 127
19:24:06.998 INFO  CustomFileJudge - Custom file judge result: 127
19:24:06.998 INFO  ReductionDriver - Result from initial state is not interesting (attempt 5)
19:24:06.998 INFO  ReductionDriver - Tried 5 times; stopping.
Reduction command: java -ea -cp /opt/graphicsfuzz/graphicsfuzz/target/graphicsfuzz/python/drivers/../../jar/tool-1.0.jar com.graphicsfuzz.reducer.tool.GlslReduce /opt/reduce/rtx_4070/syn_branch_syn_relax/variant_764.json interestingness_test --output reduction_results/rtx_4070/syn_branch_syn_relax/variant_764 /opt/reduce/rtx_4070/syn_branch_syn_relax/variant_764.comp
