18:22:27.066 INFO  ExecHelper - /opt/graphicsfuzz/graphicsfuzz/target/graphicsfuzz/bin/Linux/glslangValidator -E --stdin -S comp
18:22:27.115 INFO  ExecHelper - Result: 0
18:22:27.173 INFO  ReductionDriver - Starting reduction for variant_632
18:22:27.177 INFO  ExecHelper - interestingness_test /opt/reduce/cezanne_radeon_vega/syn_memory_converge/variant_632.comp reduction_results/cezanne_radeon_vega/syn_memory_converge/variant_632/variant_632.json
18:22:27.178 INFO  StreamGobblerLogger - stderr.env: ‘interestingness_test’: No such file or directory
18:22:27.179 INFO  ExecHelper - Result: 127
18:22:27.179 INFO  CustomFileJudge - Custom file judge result: 127
18:22:27.179 INFO  ReductionDriver - Result from initial state is not interesting (attempt 1)
18:22:27.180 INFO  ExecHelper - interestingness_test /opt/reduce/cezanne_radeon_vega/syn_memory_converge/variant_632.comp reduction_results/cezanne_radeon_vega/syn_memory_converge/variant_632/variant_632.json
18:22:27.181 INFO  StreamGobblerLogger - stderr.env: ‘interestingness_test’: No such file or directory
18:22:27.181 INFO  ExecHelper - Result: 127
18:22:27.181 INFO  CustomFileJudge - Custom file judge result: 127
18:22:27.181 INFO  ReductionDriver - Result from initial state is not interesting (attempt 2)
18:22:27.182 INFO  ExecHelper - interestingness_test /opt/reduce/cezanne_radeon_vega/syn_memory_converge/variant_632.comp reduction_results/cezanne_radeon_vega/syn_memory_converge/variant_632/variant_632.json
18:22:27.183 INFO  StreamGobblerLogger - stderr.env: ‘interestingness_test’: No such file or directory
18:22:27.184 INFO  ExecHelper - Result: 127
18:22:27.184 INFO  CustomFileJudge - Custom file judge result: 127
18:22:27.184 INFO  ReductionDriver - Result from initial state is not interesting (attempt 3)
18:22:27.185 INFO  ExecHelper - interestingness_test /opt/reduce/cezanne_radeon_vega/syn_memory_converge/variant_632.comp reduction_results/cezanne_radeon_vega/syn_memory_converge/variant_632/variant_632.json
18:22:27.186 INFO  StreamGobblerLogger - stderr.env: ‘interestingness_test’: No such file or directory
18:22:27.187 INFO  ExecHelper - Result: 127
18:22:27.187 INFO  CustomFileJudge - Custom file judge result: 127
18:22:27.187 INFO  ReductionDriver - Result from initial state is not interesting (attempt 4)
18:22:27.188 INFO  ExecHelper - interestingness_test /opt/reduce/cezanne_radeon_vega/syn_memory_converge/variant_632.comp reduction_results/cezanne_radeon_vega/syn_memory_converge/variant_632/variant_632.json
18:22:27.188 INFO  StreamGobblerLogger - stderr.env: ‘interestingness_test’: No such file or directory
18:22:27.189 INFO  ExecHelper - Result: 127
18:22:27.189 INFO  CustomFileJudge - Custom file judge result: 127
18:22:27.189 INFO  ReductionDriver - Result from initial state is not interesting (attempt 5)
18:22:27.189 INFO  ReductionDriver - Tried 5 times; stopping.
Reduction command: java -ea -cp /opt/graphicsfuzz/graphicsfuzz/target/graphicsfuzz/python/drivers/../../jar/tool-1.0.jar com.graphicsfuzz.reducer.tool.GlslReduce /opt/reduce/cezanne_radeon_vega/syn_memory_converge/variant_632.json interestingness_test --output reduction_results/cezanne_radeon_vega/syn_memory_converge/variant_632 /opt/reduce/cezanne_radeon_vega/syn_memory_converge/variant_632.comp
