19:23:19.211 INFO  ExecHelper - /opt/graphicsfuzz/graphicsfuzz/target/graphicsfuzz/bin/Linux/glslangValidator -E --stdin -S comp
19:23:19.271 INFO  ExecHelper - Result: 0
19:23:19.848 INFO  ReductionDriver - Starting reduction for variant_562
19:23:20.007 INFO  ExecHelper - interestingness_test /opt/reduce/rtx_4070/syn_branch_syn/variant_562.comp reduction_results/rtx_4070/syn_branch_syn/variant_562/variant_562.json
19:23:20.009 INFO  StreamGobblerLogger - stderr.env: ‘interestingness_test’: No such file or directory
19:23:20.010 INFO  ExecHelper - Result: 127
19:23:20.010 INFO  CustomFileJudge - Custom file judge result: 127
19:23:20.010 INFO  ReductionDriver - Result from initial state is not interesting (attempt 1)
19:23:20.158 INFO  ExecHelper - interestingness_test /opt/reduce/rtx_4070/syn_branch_syn/variant_562.comp reduction_results/rtx_4070/syn_branch_syn/variant_562/variant_562.json
19:23:20.159 INFO  StreamGobblerLogger - stderr.env: ‘interestingness_test’: No such file or directory
19:23:20.160 INFO  ExecHelper - Result: 127
19:23:20.160 INFO  CustomFileJudge - Custom file judge result: 127
19:23:20.160 INFO  ReductionDriver - Result from initial state is not interesting (attempt 2)
19:23:20.299 INFO  ExecHelper - interestingness_test /opt/reduce/rtx_4070/syn_branch_syn/variant_562.comp reduction_results/rtx_4070/syn_branch_syn/variant_562/variant_562.json
19:23:20.301 INFO  StreamGobblerLogger - stderr.env: ‘interestingness_test’: No such file or directory
19:23:20.301 INFO  ExecHelper - Result: 127
19:23:20.301 INFO  CustomFileJudge - Custom file judge result: 127
19:23:20.301 INFO  ReductionDriver - Result from initial state is not interesting (attempt 3)
19:23:20.439 INFO  ExecHelper - interestingness_test /opt/reduce/rtx_4070/syn_branch_syn/variant_562.comp reduction_results/rtx_4070/syn_branch_syn/variant_562/variant_562.json
19:23:20.440 INFO  StreamGobblerLogger - stderr.env: ‘interestingness_test’: No such file or directory
19:23:20.441 INFO  ExecHelper - Result: 127
19:23:20.441 INFO  CustomFileJudge - Custom file judge result: 127
19:23:20.441 INFO  ReductionDriver - Result from initial state is not interesting (attempt 4)
19:23:20.577 INFO  ExecHelper - interestingness_test /opt/reduce/rtx_4070/syn_branch_syn/variant_562.comp reduction_results/rtx_4070/syn_branch_syn/variant_562/variant_562.json
19:23:20.578 INFO  StreamGobblerLogger - stderr.env: ‘interestingness_test’: No such file or directory
19:23:20.578 INFO  ExecHelper - Result: 127
19:23:20.579 INFO  CustomFileJudge - Custom file judge result: 127
19:23:20.579 INFO  ReductionDriver - Result from initial state is not interesting (attempt 5)
19:23:20.579 INFO  ReductionDriver - Tried 5 times; stopping.
Reduction command: java -ea -cp /opt/graphicsfuzz/graphicsfuzz/target/graphicsfuzz/python/drivers/../../jar/tool-1.0.jar com.graphicsfuzz.reducer.tool.GlslReduce /opt/reduce/rtx_4070/syn_branch_syn/variant_562.json interestingness_test --output reduction_results/rtx_4070/syn_branch_syn/variant_562 /opt/reduce/rtx_4070/syn_branch_syn/variant_562.comp
