18:51:28.418 INFO  ExecHelper - /opt/graphicsfuzz/graphicsfuzz/target/graphicsfuzz/bin/Linux/glslangValidator -E --stdin -S comp
18:51:28.465 INFO  ExecHelper - Result: 0
18:51:28.544 INFO  ReductionDriver - Starting reduction for variant_103
18:51:28.553 INFO  ExecHelper - interestingness_test /opt/reduce/intel_iris_xe_graphics/syn_memory_converge/variant_103.comp reduction_results/intel_iris_xe_graphics/syn_memory_converge/variant_103/variant_103.json
18:51:28.554 INFO  StreamGobblerLogger - stderr.env: ‘interestingness_test’: No such file or directory
18:51:28.555 INFO  ExecHelper - Result: 127
18:51:28.555 INFO  CustomFileJudge - Custom file judge result: 127
18:51:28.555 INFO  ReductionDriver - Result from initial state is not interesting (attempt 1)
18:51:28.559 INFO  ExecHelper - interestingness_test /opt/reduce/intel_iris_xe_graphics/syn_memory_converge/variant_103.comp reduction_results/intel_iris_xe_graphics/syn_memory_converge/variant_103/variant_103.json
18:51:28.559 INFO  StreamGobblerLogger - stderr.env: ‘interestingness_test’: No such file or directory
18:51:28.560 INFO  ExecHelper - Result: 127
18:51:28.560 INFO  CustomFileJudge - Custom file judge result: 127
18:51:28.560 INFO  ReductionDriver - Result from initial state is not interesting (attempt 2)
18:51:28.564 INFO  ExecHelper - interestingness_test /opt/reduce/intel_iris_xe_graphics/syn_memory_converge/variant_103.comp reduction_results/intel_iris_xe_graphics/syn_memory_converge/variant_103/variant_103.json
18:51:28.565 INFO  StreamGobblerLogger - stderr.env: ‘interestingness_test’: No such file or directory
18:51:28.566 INFO  ExecHelper - Result: 127
18:51:28.566 INFO  CustomFileJudge - Custom file judge result: 127
18:51:28.566 INFO  ReductionDriver - Result from initial state is not interesting (attempt 3)
18:51:28.569 INFO  ExecHelper - interestingness_test /opt/reduce/intel_iris_xe_graphics/syn_memory_converge/variant_103.comp reduction_results/intel_iris_xe_graphics/syn_memory_converge/variant_103/variant_103.json
18:51:28.570 INFO  StreamGobblerLogger - stderr.env: ‘interestingness_test’: No such file or directory
18:51:28.571 INFO  ExecHelper - Result: 127
18:51:28.571 INFO  CustomFileJudge - Custom file judge result: 127
18:51:28.571 INFO  ReductionDriver - Result from initial state is not interesting (attempt 4)
18:51:28.572 INFO  ExecHelper - interestingness_test /opt/reduce/intel_iris_xe_graphics/syn_memory_converge/variant_103.comp reduction_results/intel_iris_xe_graphics/syn_memory_converge/variant_103/variant_103.json
18:51:28.573 INFO  StreamGobblerLogger - stderr.env: ‘interestingness_test’: No such file or directory
18:51:28.573 INFO  ExecHelper - Result: 127
18:51:28.573 INFO  CustomFileJudge - Custom file judge result: 127
18:51:28.573 INFO  ReductionDriver - Result from initial state is not interesting (attempt 5)
18:51:28.574 INFO  ReductionDriver - Tried 5 times; stopping.
Reduction command: java -ea -cp /opt/graphicsfuzz/graphicsfuzz/target/graphicsfuzz/python/drivers/../../jar/tool-1.0.jar com.graphicsfuzz.reducer.tool.GlslReduce /opt/reduce/intel_iris_xe_graphics/syn_memory_converge/variant_103.json interestingness_test --output reduction_results/intel_iris_xe_graphics/syn_memory_converge/variant_103 /opt/reduce/intel_iris_xe_graphics/syn_memory_converge/variant_103.comp
