19:03:53.179 INFO  ExecHelper - /opt/graphicsfuzz/graphicsfuzz/target/graphicsfuzz/bin/Linux/glslangValidator -E --stdin -S comp
19:03:53.233 INFO  ExecHelper - Result: 0
19:03:53.531 INFO  ReductionDriver - Starting reduction for variant_976
19:03:53.629 INFO  ExecHelper - interestingness_test /opt/reduce/intel_iris_xe_graphics/syn_memory_converge/variant_976.comp reduction_results/intel_iris_xe_graphics/syn_memory_converge/variant_976/variant_976.json
19:03:53.631 INFO  StreamGobblerLogger - stderr.env: ‘interestingness_test’: No such file or directory
19:03:53.631 INFO  ExecHelper - Result: 127
19:03:53.632 INFO  CustomFileJudge - Custom file judge result: 127
19:03:53.632 INFO  ReductionDriver - Result from initial state is not interesting (attempt 1)
19:03:53.712 INFO  ExecHelper - interestingness_test /opt/reduce/intel_iris_xe_graphics/syn_memory_converge/variant_976.comp reduction_results/intel_iris_xe_graphics/syn_memory_converge/variant_976/variant_976.json
19:03:53.713 INFO  StreamGobblerLogger - stderr.env: ‘interestingness_test’: No such file or directory
19:03:53.714 INFO  ExecHelper - Result: 127
19:03:53.714 INFO  CustomFileJudge - Custom file judge result: 127
19:03:53.714 INFO  ReductionDriver - Result from initial state is not interesting (attempt 2)
19:03:53.780 INFO  ExecHelper - interestingness_test /opt/reduce/intel_iris_xe_graphics/syn_memory_converge/variant_976.comp reduction_results/intel_iris_xe_graphics/syn_memory_converge/variant_976/variant_976.json
19:03:53.782 INFO  StreamGobblerLogger - stderr.env: ‘interestingness_test’: No such file or directory
19:03:53.783 INFO  ExecHelper - Result: 127
19:03:53.783 INFO  CustomFileJudge - Custom file judge result: 127
19:03:53.783 INFO  ReductionDriver - Result from initial state is not interesting (attempt 3)
19:03:53.847 INFO  ExecHelper - interestingness_test /opt/reduce/intel_iris_xe_graphics/syn_memory_converge/variant_976.comp reduction_results/intel_iris_xe_graphics/syn_memory_converge/variant_976/variant_976.json
19:03:53.848 INFO  StreamGobblerLogger - stderr.env: ‘interestingness_test’: No such file or directory
19:03:53.849 INFO  ExecHelper - Result: 127
19:03:53.849 INFO  CustomFileJudge - Custom file judge result: 127
19:03:53.849 INFO  ReductionDriver - Result from initial state is not interesting (attempt 4)
19:03:53.913 INFO  ExecHelper - interestingness_test /opt/reduce/intel_iris_xe_graphics/syn_memory_converge/variant_976.comp reduction_results/intel_iris_xe_graphics/syn_memory_converge/variant_976/variant_976.json
19:03:53.914 INFO  StreamGobblerLogger - stderr.env: ‘interestingness_test’: No such file or directory
19:03:53.915 INFO  ExecHelper - Result: 127
19:03:53.915 INFO  CustomFileJudge - Custom file judge result: 127
19:03:53.915 INFO  ReductionDriver - Result from initial state is not interesting (attempt 5)
19:03:53.915 INFO  ReductionDriver - Tried 5 times; stopping.
Reduction command: java -ea -cp /opt/graphicsfuzz/graphicsfuzz/target/graphicsfuzz/python/drivers/../../jar/tool-1.0.jar com.graphicsfuzz.reducer.tool.GlslReduce /opt/reduce/intel_iris_xe_graphics/syn_memory_converge/variant_976.json interestingness_test --output reduction_results/intel_iris_xe_graphics/syn_memory_converge/variant_976 /opt/reduce/intel_iris_xe_graphics/syn_memory_converge/variant_976.comp
