18:33:17.093 INFO  ExecHelper - /opt/graphicsfuzz/graphicsfuzz/target/graphicsfuzz/bin/Linux/glslangValidator -E --stdin -S comp
18:33:17.140 INFO  ExecHelper - Result: 0
18:33:17.219 INFO  ReductionDriver - Starting reduction for variant_438
18:33:17.229 INFO  ExecHelper - interestingness_test /opt/reduce/cezanne_radeon_vega/syn_memory_converge_atomic/variant_438.comp reduction_results/cezanne_radeon_vega/syn_memory_converge_atomic/variant_438/variant_438.json
18:33:17.230 INFO  StreamGobblerLogger - stderr.env: ‘interestingness_test’: No such file or directory
18:33:17.230 INFO  ExecHelper - Result: 127
18:33:17.231 INFO  CustomFileJudge - Custom file judge result: 127
18:33:17.231 INFO  ReductionDriver - Result from initial state is not interesting (attempt 1)
18:33:17.233 INFO  ExecHelper - interestingness_test /opt/reduce/cezanne_radeon_vega/syn_memory_converge_atomic/variant_438.comp reduction_results/cezanne_radeon_vega/syn_memory_converge_atomic/variant_438/variant_438.json
18:33:17.234 INFO  StreamGobblerLogger - stderr.env: ‘interestingness_test’: No such file or directory
18:33:17.234 INFO  ExecHelper - Result: 127
18:33:17.234 INFO  CustomFileJudge - Custom file judge result: 127
18:33:17.234 INFO  ReductionDriver - Result from initial state is not interesting (attempt 2)
18:33:17.236 INFO  ExecHelper - interestingness_test /opt/reduce/cezanne_radeon_vega/syn_memory_converge_atomic/variant_438.comp reduction_results/cezanne_radeon_vega/syn_memory_converge_atomic/variant_438/variant_438.json
18:33:17.237 INFO  StreamGobblerLogger - stderr.env: ‘interestingness_test’: No such file or directory
18:33:17.237 INFO  ExecHelper - Result: 127
18:33:17.237 INFO  CustomFileJudge - Custom file judge result: 127
18:33:17.237 INFO  ReductionDriver - Result from initial state is not interesting (attempt 3)
18:33:17.239 INFO  ExecHelper - interestingness_test /opt/reduce/cezanne_radeon_vega/syn_memory_converge_atomic/variant_438.comp reduction_results/cezanne_radeon_vega/syn_memory_converge_atomic/variant_438/variant_438.json
18:33:17.240 INFO  StreamGobblerLogger - stderr.env: ‘interestingness_test’: No such file or directory
18:33:17.240 INFO  ExecHelper - Result: 127
18:33:17.240 INFO  CustomFileJudge - Custom file judge result: 127
18:33:17.240 INFO  ReductionDriver - Result from initial state is not interesting (attempt 4)
18:33:17.242 INFO  ExecHelper - interestingness_test /opt/reduce/cezanne_radeon_vega/syn_memory_converge_atomic/variant_438.comp reduction_results/cezanne_radeon_vega/syn_memory_converge_atomic/variant_438/variant_438.json
18:33:17.243 INFO  StreamGobblerLogger - stderr.env: ‘interestingness_test’: No such file or directory
18:33:17.244 INFO  ExecHelper - Result: 127
18:33:17.244 INFO  CustomFileJudge - Custom file judge result: 127
18:33:17.244 INFO  ReductionDriver - Result from initial state is not interesting (attempt 5)
18:33:17.244 INFO  ReductionDriver - Tried 5 times; stopping.
Reduction command: java -ea -cp /opt/graphicsfuzz/graphicsfuzz/target/graphicsfuzz/python/drivers/../../jar/tool-1.0.jar com.graphicsfuzz.reducer.tool.GlslReduce /opt/reduce/cezanne_radeon_vega/syn_memory_converge_atomic/variant_438.json interestingness_test --output reduction_results/cezanne_radeon_vega/syn_memory_converge_atomic/variant_438 /opt/reduce/cezanne_radeon_vega/syn_memory_converge_atomic/variant_438.comp
