19:54:55.482 INFO  ExecHelper - /opt/graphicsfuzz/graphicsfuzz/target/graphicsfuzz/bin/Linux/glslangValidator -E --stdin -S comp
19:54:55.538 INFO  ExecHelper - Result: 0
19:54:55.879 INFO  ReductionDriver - Starting reduction for variant_993
19:54:55.985 INFO  ExecHelper - interestingness_test /opt/reduce/rtx_4070/syn_memory_converge_atomic/variant_993.comp reduction_results/rtx_4070/syn_memory_converge_atomic/variant_993/variant_993.json
19:54:55.987 INFO  StreamGobblerLogger - stderr.env: ‘interestingness_test’: No such file or directory
19:54:55.988 INFO  ExecHelper - Result: 127
19:54:55.988 INFO  CustomFileJudge - Custom file judge result: 127
19:54:55.988 INFO  ReductionDriver - Result from initial state is not interesting (attempt 1)
19:54:56.080 INFO  ExecHelper - interestingness_test /opt/reduce/rtx_4070/syn_memory_converge_atomic/variant_993.comp reduction_results/rtx_4070/syn_memory_converge_atomic/variant_993/variant_993.json
19:54:56.081 INFO  StreamGobblerLogger - stderr.env: ‘interestingness_test’: No such file or directory
19:54:56.082 INFO  ExecHelper - Result: 127
19:54:56.082 INFO  CustomFileJudge - Custom file judge result: 127
19:54:56.082 INFO  ReductionDriver - Result from initial state is not interesting (attempt 2)
19:54:56.169 INFO  ExecHelper - interestingness_test /opt/reduce/rtx_4070/syn_memory_converge_atomic/variant_993.comp reduction_results/rtx_4070/syn_memory_converge_atomic/variant_993/variant_993.json
19:54:56.172 INFO  StreamGobblerLogger - stderr.env: ‘interestingness_test’: No such file or directory
19:54:56.173 INFO  ExecHelper - Result: 127
19:54:56.173 INFO  CustomFileJudge - Custom file judge result: 127
19:54:56.173 INFO  ReductionDriver - Result from initial state is not interesting (attempt 3)
19:54:56.264 INFO  ExecHelper - interestingness_test /opt/reduce/rtx_4070/syn_memory_converge_atomic/variant_993.comp reduction_results/rtx_4070/syn_memory_converge_atomic/variant_993/variant_993.json
19:54:56.265 INFO  StreamGobblerLogger - stderr.env: ‘interestingness_test’: No such file or directory
19:54:56.266 INFO  ExecHelper - Result: 127
19:54:56.266 INFO  CustomFileJudge - Custom file judge result: 127
19:54:56.266 INFO  ReductionDriver - Result from initial state is not interesting (attempt 4)
19:54:56.350 INFO  ExecHelper - interestingness_test /opt/reduce/rtx_4070/syn_memory_converge_atomic/variant_993.comp reduction_results/rtx_4070/syn_memory_converge_atomic/variant_993/variant_993.json
19:54:56.351 INFO  StreamGobblerLogger - stderr.env: ‘interestingness_test’: No such file or directory
19:54:56.352 INFO  ExecHelper - Result: 127
19:54:56.352 INFO  CustomFileJudge - Custom file judge result: 127
19:54:56.352 INFO  ReductionDriver - Result from initial state is not interesting (attempt 5)
19:54:56.352 INFO  ReductionDriver - Tried 5 times; stopping.
Reduction command: java -ea -cp /opt/graphicsfuzz/graphicsfuzz/target/graphicsfuzz/python/drivers/../../jar/tool-1.0.jar com.graphicsfuzz.reducer.tool.GlslReduce /opt/reduce/rtx_4070/syn_memory_converge_atomic/variant_993.json interestingness_test --output reduction_results/rtx_4070/syn_memory_converge_atomic/variant_993 /opt/reduce/rtx_4070/syn_memory_converge_atomic/variant_993.comp
