19:53:17.571 INFO  ExecHelper - /opt/graphicsfuzz/graphicsfuzz/target/graphicsfuzz/bin/Linux/glslangValidator -E --stdin -S comp
19:53:17.619 INFO  ExecHelper - Result: 0
19:53:17.703 INFO  ReductionDriver - Starting reduction for variant_881
19:53:17.716 INFO  ExecHelper - interestingness_test /opt/reduce/rtx_4070/syn_memory_converge_atomic/variant_881.comp reduction_results/rtx_4070/syn_memory_converge_atomic/variant_881/variant_881.json
19:53:17.719 INFO  StreamGobblerLogger - stderr.env: ‘interestingness_test’: No such file or directory
19:53:17.719 INFO  ExecHelper - Result: 127
19:53:17.719 INFO  CustomFileJudge - Custom file judge result: 127
19:53:17.719 INFO  ReductionDriver - Result from initial state is not interesting (attempt 1)
19:53:17.724 INFO  ExecHelper - interestingness_test /opt/reduce/rtx_4070/syn_memory_converge_atomic/variant_881.comp reduction_results/rtx_4070/syn_memory_converge_atomic/variant_881/variant_881.json
19:53:17.725 INFO  StreamGobblerLogger - stderr.env: ‘interestingness_test’: No such file or directory
19:53:17.726 INFO  ExecHelper - Result: 127
19:53:17.726 INFO  CustomFileJudge - Custom file judge result: 127
19:53:17.726 INFO  ReductionDriver - Result from initial state is not interesting (attempt 2)
19:53:17.728 INFO  ExecHelper - interestingness_test /opt/reduce/rtx_4070/syn_memory_converge_atomic/variant_881.comp reduction_results/rtx_4070/syn_memory_converge_atomic/variant_881/variant_881.json
19:53:17.729 INFO  StreamGobblerLogger - stderr.env: ‘interestingness_test’: No such file or directory
19:53:17.729 INFO  ExecHelper - Result: 127
19:53:17.729 INFO  CustomFileJudge - Custom file judge result: 127
19:53:17.730 INFO  ReductionDriver - Result from initial state is not interesting (attempt 3)
19:53:17.734 INFO  ExecHelper - interestingness_test /opt/reduce/rtx_4070/syn_memory_converge_atomic/variant_881.comp reduction_results/rtx_4070/syn_memory_converge_atomic/variant_881/variant_881.json
19:53:17.735 INFO  StreamGobblerLogger - stderr.env: ‘interestingness_test’: No such file or directory
19:53:17.736 INFO  ExecHelper - Result: 127
19:53:17.736 INFO  CustomFileJudge - Custom file judge result: 127
19:53:17.736 INFO  ReductionDriver - Result from initial state is not interesting (attempt 4)
19:53:17.738 INFO  ExecHelper - interestingness_test /opt/reduce/rtx_4070/syn_memory_converge_atomic/variant_881.comp reduction_results/rtx_4070/syn_memory_converge_atomic/variant_881/variant_881.json
19:53:17.739 INFO  StreamGobblerLogger - stderr.env: ‘interestingness_test’: No such file or directory
19:53:17.740 INFO  ExecHelper - Result: 127
19:53:17.740 INFO  CustomFileJudge - Custom file judge result: 127
19:53:17.740 INFO  ReductionDriver - Result from initial state is not interesting (attempt 5)
19:53:17.740 INFO  ReductionDriver - Tried 5 times; stopping.
Reduction command: java -ea -cp /opt/graphicsfuzz/graphicsfuzz/target/graphicsfuzz/python/drivers/../../jar/tool-1.0.jar com.graphicsfuzz.reducer.tool.GlslReduce /opt/reduce/rtx_4070/syn_memory_converge_atomic/variant_881.json interestingness_test --output reduction_results/rtx_4070/syn_memory_converge_atomic/variant_881 /opt/reduce/rtx_4070/syn_memory_converge_atomic/variant_881.comp
