19:14:05.711 INFO  ExecHelper - /opt/graphicsfuzz/graphicsfuzz/target/graphicsfuzz/bin/Linux/glslangValidator -E --stdin -S comp
19:14:05.765 INFO  ExecHelper - Result: 0
19:14:06.060 INFO  ReductionDriver - Starting reduction for variant_669
19:14:06.160 INFO  ExecHelper - interestingness_test /opt/reduce/intel_iris_xe_graphics/syn_memory_converge_atomic/variant_669.comp reduction_results/intel_iris_xe_graphics/syn_memory_converge_atomic/variant_669/variant_669.json
19:14:06.161 INFO  StreamGobblerLogger - stderr.env: ‘interestingness_test’: No such file or directory
19:14:06.162 INFO  ExecHelper - Result: 127
19:14:06.162 INFO  CustomFileJudge - Custom file judge result: 127
19:14:06.162 INFO  ReductionDriver - Result from initial state is not interesting (attempt 1)
19:14:06.237 INFO  ExecHelper - interestingness_test /opt/reduce/intel_iris_xe_graphics/syn_memory_converge_atomic/variant_669.comp reduction_results/intel_iris_xe_graphics/syn_memory_converge_atomic/variant_669/variant_669.json
19:14:06.238 INFO  StreamGobblerLogger - stderr.env: ‘interestingness_test’: No such file or directory
19:14:06.238 INFO  ExecHelper - Result: 127
19:14:06.239 INFO  CustomFileJudge - Custom file judge result: 127
19:14:06.239 INFO  ReductionDriver - Result from initial state is not interesting (attempt 2)
19:14:06.308 INFO  ExecHelper - interestingness_test /opt/reduce/intel_iris_xe_graphics/syn_memory_converge_atomic/variant_669.comp reduction_results/intel_iris_xe_graphics/syn_memory_converge_atomic/variant_669/variant_669.json
19:14:06.309 INFO  StreamGobblerLogger - stderr.env: ‘interestingness_test’: No such file or directory
19:14:06.310 INFO  ExecHelper - Result: 127
19:14:06.310 INFO  CustomFileJudge - Custom file judge result: 127
19:14:06.310 INFO  ReductionDriver - Result from initial state is not interesting (attempt 3)
19:14:06.378 INFO  ExecHelper - interestingness_test /opt/reduce/intel_iris_xe_graphics/syn_memory_converge_atomic/variant_669.comp reduction_results/intel_iris_xe_graphics/syn_memory_converge_atomic/variant_669/variant_669.json
19:14:06.379 INFO  StreamGobblerLogger - stderr.env: ‘interestingness_test’: No such file or directory
19:14:06.380 INFO  ExecHelper - Result: 127
19:14:06.380 INFO  CustomFileJudge - Custom file judge result: 127
19:14:06.380 INFO  ReductionDriver - Result from initial state is not interesting (attempt 4)
19:14:06.445 INFO  ExecHelper - interestingness_test /opt/reduce/intel_iris_xe_graphics/syn_memory_converge_atomic/variant_669.comp reduction_results/intel_iris_xe_graphics/syn_memory_converge_atomic/variant_669/variant_669.json
19:14:06.446 INFO  StreamGobblerLogger - stderr.env: ‘interestingness_test’: No such file or directory
19:14:06.447 INFO  ExecHelper - Result: 127
19:14:06.447 INFO  CustomFileJudge - Custom file judge result: 127
19:14:06.447 INFO  ReductionDriver - Result from initial state is not interesting (attempt 5)
19:14:06.447 INFO  ReductionDriver - Tried 5 times; stopping.
Reduction command: java -ea -cp /opt/graphicsfuzz/graphicsfuzz/target/graphicsfuzz/python/drivers/../../jar/tool-1.0.jar com.graphicsfuzz.reducer.tool.GlslReduce /opt/reduce/intel_iris_xe_graphics/syn_memory_converge_atomic/variant_669.json interestingness_test --output reduction_results/intel_iris_xe_graphics/syn_memory_converge_atomic/variant_669 /opt/reduce/intel_iris_xe_graphics/syn_memory_converge_atomic/variant_669.comp
