19:09:00.805 INFO  ExecHelper - /opt/graphicsfuzz/graphicsfuzz/target/graphicsfuzz/bin/Linux/glslangValidator -E --stdin -S comp
19:09:00.853 INFO  ExecHelper - Result: 0
19:09:00.935 INFO  ReductionDriver - Starting reduction for variant_329
19:09:00.948 INFO  ExecHelper - interestingness_test /opt/reduce/intel_iris_xe_graphics/syn_memory_converge_atomic/variant_329.comp reduction_results/intel_iris_xe_graphics/syn_memory_converge_atomic/variant_329/variant_329.json
19:09:00.950 INFO  StreamGobblerLogger - stderr.env: ‘interestingness_test’: No such file or directory
19:09:00.950 INFO  ExecHelper - Result: 127
19:09:00.951 INFO  CustomFileJudge - Custom file judge result: 127
19:09:00.951 INFO  ReductionDriver - Result from initial state is not interesting (attempt 1)
19:09:00.953 INFO  ExecHelper - interestingness_test /opt/reduce/intel_iris_xe_graphics/syn_memory_converge_atomic/variant_329.comp reduction_results/intel_iris_xe_graphics/syn_memory_converge_atomic/variant_329/variant_329.json
19:09:00.954 INFO  StreamGobblerLogger - stderr.env: ‘interestingness_test’: No such file or directory
19:09:00.955 INFO  ExecHelper - Result: 127
19:09:00.955 INFO  CustomFileJudge - Custom file judge result: 127
19:09:00.955 INFO  ReductionDriver - Result from initial state is not interesting (attempt 2)
19:09:00.958 INFO  ExecHelper - interestingness_test /opt/reduce/intel_iris_xe_graphics/syn_memory_converge_atomic/variant_329.comp reduction_results/intel_iris_xe_graphics/syn_memory_converge_atomic/variant_329/variant_329.json
19:09:00.959 INFO  StreamGobblerLogger - stderr.env: ‘interestingness_test’: No such file or directory
19:09:00.959 INFO  ExecHelper - Result: 127
19:09:00.959 INFO  CustomFileJudge - Custom file judge result: 127
19:09:00.959 INFO  ReductionDriver - Result from initial state is not interesting (attempt 3)
19:09:00.961 INFO  ExecHelper - interestingness_test /opt/reduce/intel_iris_xe_graphics/syn_memory_converge_atomic/variant_329.comp reduction_results/intel_iris_xe_graphics/syn_memory_converge_atomic/variant_329/variant_329.json
19:09:00.962 INFO  StreamGobblerLogger - stderr.env: ‘interestingness_test’: No such file or directory
19:09:00.963 INFO  ExecHelper - Result: 127
19:09:00.963 INFO  CustomFileJudge - Custom file judge result: 127
19:09:00.963 INFO  ReductionDriver - Result from initial state is not interesting (attempt 4)
19:09:00.965 INFO  ExecHelper - interestingness_test /opt/reduce/intel_iris_xe_graphics/syn_memory_converge_atomic/variant_329.comp reduction_results/intel_iris_xe_graphics/syn_memory_converge_atomic/variant_329/variant_329.json
19:09:00.966 INFO  StreamGobblerLogger - stderr.env: ‘interestingness_test’: No such file or directory
19:09:00.966 INFO  ExecHelper - Result: 127
19:09:00.966 INFO  CustomFileJudge - Custom file judge result: 127
19:09:00.966 INFO  ReductionDriver - Result from initial state is not interesting (attempt 5)
19:09:00.966 INFO  ReductionDriver - Tried 5 times; stopping.
Reduction command: java -ea -cp /opt/graphicsfuzz/graphicsfuzz/target/graphicsfuzz/python/drivers/../../jar/tool-1.0.jar com.graphicsfuzz.reducer.tool.GlslReduce /opt/reduce/intel_iris_xe_graphics/syn_memory_converge_atomic/variant_329.json interestingness_test --output reduction_results/intel_iris_xe_graphics/syn_memory_converge_atomic/variant_329 /opt/reduce/intel_iris_xe_graphics/syn_memory_converge_atomic/variant_329.comp
