19:45:00.619 INFO  ExecHelper - /opt/graphicsfuzz/graphicsfuzz/target/graphicsfuzz/bin/Linux/glslangValidator -E --stdin -S comp
19:45:00.666 INFO  ExecHelper - Result: 0
19:45:00.791 INFO  ReductionDriver - Starting reduction for variant_323
19:45:00.803 INFO  ExecHelper - interestingness_test /opt/reduce/rtx_4070/syn_memory_converge_atomic/variant_323.comp reduction_results/rtx_4070/syn_memory_converge_atomic/variant_323/variant_323.json
19:45:00.804 INFO  StreamGobblerLogger - stderr.env: ‘interestingness_test’: No such file or directory
19:45:00.805 INFO  ExecHelper - Result: 127
19:45:00.805 INFO  CustomFileJudge - Custom file judge result: 127
19:45:00.805 INFO  ReductionDriver - Result from initial state is not interesting (attempt 1)
19:45:00.812 INFO  ExecHelper - interestingness_test /opt/reduce/rtx_4070/syn_memory_converge_atomic/variant_323.comp reduction_results/rtx_4070/syn_memory_converge_atomic/variant_323/variant_323.json
19:45:00.813 INFO  StreamGobblerLogger - stderr.env: ‘interestingness_test’: No such file or directory
19:45:00.813 INFO  ExecHelper - Result: 127
19:45:00.814 INFO  CustomFileJudge - Custom file judge result: 127
19:45:00.814 INFO  ReductionDriver - Result from initial state is not interesting (attempt 2)
19:45:00.817 INFO  ExecHelper - interestingness_test /opt/reduce/rtx_4070/syn_memory_converge_atomic/variant_323.comp reduction_results/rtx_4070/syn_memory_converge_atomic/variant_323/variant_323.json
19:45:00.818 INFO  StreamGobblerLogger - stderr.env: ‘interestingness_test’: No such file or directory
19:45:00.818 INFO  ExecHelper - Result: 127
19:45:00.818 INFO  CustomFileJudge - Custom file judge result: 127
19:45:00.818 INFO  ReductionDriver - Result from initial state is not interesting (attempt 3)
19:45:00.821 INFO  ExecHelper - interestingness_test /opt/reduce/rtx_4070/syn_memory_converge_atomic/variant_323.comp reduction_results/rtx_4070/syn_memory_converge_atomic/variant_323/variant_323.json
19:45:00.822 INFO  StreamGobblerLogger - stderr.env: ‘interestingness_test’: No such file or directory
19:45:00.823 INFO  ExecHelper - Result: 127
19:45:00.823 INFO  CustomFileJudge - Custom file judge result: 127
19:45:00.823 INFO  ReductionDriver - Result from initial state is not interesting (attempt 4)
19:45:00.826 INFO  ExecHelper - interestingness_test /opt/reduce/rtx_4070/syn_memory_converge_atomic/variant_323.comp reduction_results/rtx_4070/syn_memory_converge_atomic/variant_323/variant_323.json
19:45:00.828 INFO  StreamGobblerLogger - stderr.env: ‘interestingness_test’: No such file or directory
19:45:00.828 INFO  ExecHelper - Result: 127
19:45:00.828 INFO  CustomFileJudge - Custom file judge result: 127
19:45:00.828 INFO  ReductionDriver - Result from initial state is not interesting (attempt 5)
19:45:00.828 INFO  ReductionDriver - Tried 5 times; stopping.
Reduction command: java -ea -cp /opt/graphicsfuzz/graphicsfuzz/target/graphicsfuzz/python/drivers/../../jar/tool-1.0.jar com.graphicsfuzz.reducer.tool.GlslReduce /opt/reduce/rtx_4070/syn_memory_converge_atomic/variant_323.json interestingness_test --output reduction_results/rtx_4070/syn_memory_converge_atomic/variant_323 /opt/reduce/rtx_4070/syn_memory_converge_atomic/variant_323.comp
