18:15:03.524 INFO  ExecHelper - /opt/graphicsfuzz/graphicsfuzz/target/graphicsfuzz/bin/Linux/glslangValidator -E --stdin -S comp
18:15:03.574 INFO  ExecHelper - Result: 0
18:15:03.689 INFO  ReductionDriver - Starting reduction for variant_091
18:15:03.705 INFO  ExecHelper - interestingness_test /opt/reduce/cezanne_radeon_vega/syn_memory_converge/variant_091.comp reduction_results/cezanne_radeon_vega/syn_memory_converge/variant_091/variant_091.json
18:15:03.711 INFO  StreamGobblerLogger - stderr.env: ‘interestingness_test’: No such file or directory
18:15:03.712 INFO  ExecHelper - Result: 127
18:15:03.712 INFO  CustomFileJudge - Custom file judge result: 127
18:15:03.712 INFO  ReductionDriver - Result from initial state is not interesting (attempt 1)
18:15:03.721 INFO  ExecHelper - interestingness_test /opt/reduce/cezanne_radeon_vega/syn_memory_converge/variant_091.comp reduction_results/cezanne_radeon_vega/syn_memory_converge/variant_091/variant_091.json
18:15:03.722 INFO  StreamGobblerLogger - stderr.env: ‘interestingness_test’: No such file or directory
18:15:03.723 INFO  ExecHelper - Result: 127
18:15:03.723 INFO  CustomFileJudge - Custom file judge result: 127
18:15:03.723 INFO  ReductionDriver - Result from initial state is not interesting (attempt 2)
18:15:03.728 INFO  ExecHelper - interestingness_test /opt/reduce/cezanne_radeon_vega/syn_memory_converge/variant_091.comp reduction_results/cezanne_radeon_vega/syn_memory_converge/variant_091/variant_091.json
18:15:03.729 INFO  StreamGobblerLogger - stderr.env: ‘interestingness_test’: No such file or directory
18:15:03.729 INFO  ExecHelper - Result: 127
18:15:03.729 INFO  CustomFileJudge - Custom file judge result: 127
18:15:03.729 INFO  ReductionDriver - Result from initial state is not interesting (attempt 3)
18:15:03.734 INFO  ExecHelper - interestingness_test /opt/reduce/cezanne_radeon_vega/syn_memory_converge/variant_091.comp reduction_results/cezanne_radeon_vega/syn_memory_converge/variant_091/variant_091.json
18:15:03.735 INFO  StreamGobblerLogger - stderr.env: ‘interestingness_test’: No such file or directory
18:15:03.736 INFO  ExecHelper - Result: 127
18:15:03.736 INFO  CustomFileJudge - Custom file judge result: 127
18:15:03.736 INFO  ReductionDriver - Result from initial state is not interesting (attempt 4)
18:15:03.741 INFO  ExecHelper - interestingness_test /opt/reduce/cezanne_radeon_vega/syn_memory_converge/variant_091.comp reduction_results/cezanne_radeon_vega/syn_memory_converge/variant_091/variant_091.json
18:15:03.742 INFO  StreamGobblerLogger - stderr.env: ‘interestingness_test’: No such file or directory
18:15:03.742 INFO  ExecHelper - Result: 127
18:15:03.742 INFO  CustomFileJudge - Custom file judge result: 127
18:15:03.743 INFO  ReductionDriver - Result from initial state is not interesting (attempt 5)
18:15:03.743 INFO  ReductionDriver - Tried 5 times; stopping.
Reduction command: java -ea -cp /opt/graphicsfuzz/graphicsfuzz/target/graphicsfuzz/python/drivers/../../jar/tool-1.0.jar com.graphicsfuzz.reducer.tool.GlslReduce /opt/reduce/cezanne_radeon_vega/syn_memory_converge/variant_091.json interestingness_test --output reduction_results/cezanne_radeon_vega/syn_memory_converge/variant_091 /opt/reduce/cezanne_radeon_vega/syn_memory_converge/variant_091.comp
