18:37:08.837 INFO  ExecHelper - /opt/graphicsfuzz/graphicsfuzz/target/graphicsfuzz/bin/Linux/glslangValidator -E --stdin -S comp
18:37:08.930 INFO  ExecHelper - Result: 0
18:37:09.579 INFO  ReductionDriver - Starting reduction for variant_701
18:37:09.604 INFO  ExecHelper - interestingness_test /opt/reduce/cezanne_radeon_vega/syn_memory_converge_atomic/variant_701.comp reduction_results/cezanne_radeon_vega/syn_memory_converge_atomic/variant_701/variant_701.json
18:37:09.606 INFO  StreamGobblerLogger - stderr.env: ‘interestingness_test’: No such file or directory
18:37:09.606 INFO  ExecHelper - Result: 127
18:37:09.607 INFO  CustomFileJudge - Custom file judge result: 127
18:37:09.607 INFO  ReductionDriver - Result from initial state is not interesting (attempt 1)
18:37:09.620 INFO  ExecHelper - interestingness_test /opt/reduce/cezanne_radeon_vega/syn_memory_converge_atomic/variant_701.comp reduction_results/cezanne_radeon_vega/syn_memory_converge_atomic/variant_701/variant_701.json
18:37:09.621 INFO  StreamGobblerLogger - stderr.env: ‘interestingness_test’: No such file or directory
18:37:09.622 INFO  ExecHelper - Result: 127
18:37:09.622 INFO  CustomFileJudge - Custom file judge result: 127
18:37:09.622 INFO  ReductionDriver - Result from initial state is not interesting (attempt 2)
18:37:09.634 INFO  ExecHelper - interestingness_test /opt/reduce/cezanne_radeon_vega/syn_memory_converge_atomic/variant_701.comp reduction_results/cezanne_radeon_vega/syn_memory_converge_atomic/variant_701/variant_701.json
18:37:09.635 INFO  StreamGobblerLogger - stderr.env: ‘interestingness_test’: No such file or directory
18:37:09.636 INFO  ExecHelper - Result: 127
18:37:09.636 INFO  CustomFileJudge - Custom file judge result: 127
18:37:09.636 INFO  ReductionDriver - Result from initial state is not interesting (attempt 3)
18:37:09.652 INFO  ExecHelper - interestingness_test /opt/reduce/cezanne_radeon_vega/syn_memory_converge_atomic/variant_701.comp reduction_results/cezanne_radeon_vega/syn_memory_converge_atomic/variant_701/variant_701.json
18:37:09.653 INFO  StreamGobblerLogger - stderr.env: ‘interestingness_test’: No such file or directory
18:37:09.654 INFO  ExecHelper - Result: 127
18:37:09.654 INFO  CustomFileJudge - Custom file judge result: 127
18:37:09.654 INFO  ReductionDriver - Result from initial state is not interesting (attempt 4)
18:37:09.664 INFO  ExecHelper - interestingness_test /opt/reduce/cezanne_radeon_vega/syn_memory_converge_atomic/variant_701.comp reduction_results/cezanne_radeon_vega/syn_memory_converge_atomic/variant_701/variant_701.json
18:37:09.665 INFO  StreamGobblerLogger - stderr.env: ‘interestingness_test’: No such file or directory
18:37:09.665 INFO  ExecHelper - Result: 127
18:37:09.665 INFO  CustomFileJudge - Custom file judge result: 127
18:37:09.665 INFO  ReductionDriver - Result from initial state is not interesting (attempt 5)
18:37:09.665 INFO  ReductionDriver - Tried 5 times; stopping.
Reduction command: java -ea -cp /opt/graphicsfuzz/graphicsfuzz/target/graphicsfuzz/python/drivers/../../jar/tool-1.0.jar com.graphicsfuzz.reducer.tool.GlslReduce /opt/reduce/cezanne_radeon_vega/syn_memory_converge_atomic/variant_701.json interestingness_test --output reduction_results/cezanne_radeon_vega/syn_memory_converge_atomic/variant_701 /opt/reduce/cezanne_radeon_vega/syn_memory_converge_atomic/variant_701.comp
