19:51:33.790 INFO  ExecHelper - /opt/graphicsfuzz/graphicsfuzz/target/graphicsfuzz/bin/Linux/glslangValidator -E --stdin -S comp
19:51:33.846 INFO  ExecHelper - Result: 0
19:51:33.941 INFO  ReductionDriver - Starting reduction for variant_758
19:51:33.957 INFO  ExecHelper - interestingness_test /opt/reduce/rtx_4070/syn_memory_converge_atomic/variant_758.comp reduction_results/rtx_4070/syn_memory_converge_atomic/variant_758/variant_758.json
19:51:33.959 INFO  StreamGobblerLogger - stderr.env: ‘interestingness_test’: No such file or directory
19:51:33.960 INFO  ExecHelper - Result: 127
19:51:33.960 INFO  CustomFileJudge - Custom file judge result: 127
19:51:33.960 INFO  ReductionDriver - Result from initial state is not interesting (attempt 1)
19:51:33.965 INFO  ExecHelper - interestingness_test /opt/reduce/rtx_4070/syn_memory_converge_atomic/variant_758.comp reduction_results/rtx_4070/syn_memory_converge_atomic/variant_758/variant_758.json
19:51:33.967 INFO  StreamGobblerLogger - stderr.env: ‘interestingness_test’: No such file or directory
19:51:33.967 INFO  ExecHelper - Result: 127
19:51:33.967 INFO  CustomFileJudge - Custom file judge result: 127
19:51:33.967 INFO  ReductionDriver - Result from initial state is not interesting (attempt 2)
19:51:33.970 INFO  ExecHelper - interestingness_test /opt/reduce/rtx_4070/syn_memory_converge_atomic/variant_758.comp reduction_results/rtx_4070/syn_memory_converge_atomic/variant_758/variant_758.json
19:51:33.971 INFO  StreamGobblerLogger - stderr.env: ‘interestingness_test’: No such file or directory
19:51:33.972 INFO  ExecHelper - Result: 127
19:51:33.972 INFO  CustomFileJudge - Custom file judge result: 127
19:51:33.972 INFO  ReductionDriver - Result from initial state is not interesting (attempt 3)
19:51:33.973 INFO  ExecHelper - interestingness_test /opt/reduce/rtx_4070/syn_memory_converge_atomic/variant_758.comp reduction_results/rtx_4070/syn_memory_converge_atomic/variant_758/variant_758.json
19:51:33.974 INFO  StreamGobblerLogger - stderr.env: ‘interestingness_test’: No such file or directory
19:51:33.975 INFO  ExecHelper - Result: 127
19:51:33.975 INFO  CustomFileJudge - Custom file judge result: 127
19:51:33.975 INFO  ReductionDriver - Result from initial state is not interesting (attempt 4)
19:51:33.977 INFO  ExecHelper - interestingness_test /opt/reduce/rtx_4070/syn_memory_converge_atomic/variant_758.comp reduction_results/rtx_4070/syn_memory_converge_atomic/variant_758/variant_758.json
19:51:33.978 INFO  StreamGobblerLogger - stderr.env: ‘interestingness_test’: No such file or directory
19:51:33.978 INFO  ExecHelper - Result: 127
19:51:33.979 INFO  CustomFileJudge - Custom file judge result: 127
19:51:33.979 INFO  ReductionDriver - Result from initial state is not interesting (attempt 5)
19:51:33.979 INFO  ReductionDriver - Tried 5 times; stopping.
Reduction command: java -ea -cp /opt/graphicsfuzz/graphicsfuzz/target/graphicsfuzz/python/drivers/../../jar/tool-1.0.jar com.graphicsfuzz.reducer.tool.GlslReduce /opt/reduce/rtx_4070/syn_memory_converge_atomic/variant_758.json interestingness_test --output reduction_results/rtx_4070/syn_memory_converge_atomic/variant_758 /opt/reduce/rtx_4070/syn_memory_converge_atomic/variant_758.comp
