18:53:54.727 INFO  ExecHelper - /opt/graphicsfuzz/graphicsfuzz/target/graphicsfuzz/bin/Linux/glslangValidator -E --stdin -S comp
18:53:54.778 INFO  ExecHelper - Result: 0
18:53:54.866 INFO  ReductionDriver - Starting reduction for variant_273
18:53:54.877 INFO  ExecHelper - interestingness_test /opt/reduce/intel_iris_xe_graphics/syn_memory_converge/variant_273.comp reduction_results/intel_iris_xe_graphics/syn_memory_converge/variant_273/variant_273.json
18:53:54.879 INFO  StreamGobblerLogger - stderr.env: ‘interestingness_test’: No such file or directory
18:53:54.879 INFO  ExecHelper - Result: 127
18:53:54.879 INFO  CustomFileJudge - Custom file judge result: 127
18:53:54.879 INFO  ReductionDriver - Result from initial state is not interesting (attempt 1)
18:53:54.882 INFO  ExecHelper - interestingness_test /opt/reduce/intel_iris_xe_graphics/syn_memory_converge/variant_273.comp reduction_results/intel_iris_xe_graphics/syn_memory_converge/variant_273/variant_273.json
18:53:54.883 INFO  StreamGobblerLogger - stderr.env: ‘interestingness_test’: No such file or directory
18:53:54.883 INFO  ExecHelper - Result: 127
18:53:54.883 INFO  CustomFileJudge - Custom file judge result: 127
18:53:54.884 INFO  ReductionDriver - Result from initial state is not interesting (attempt 2)
18:53:54.886 INFO  ExecHelper - interestingness_test /opt/reduce/intel_iris_xe_graphics/syn_memory_converge/variant_273.comp reduction_results/intel_iris_xe_graphics/syn_memory_converge/variant_273/variant_273.json
18:53:54.887 INFO  StreamGobblerLogger - stderr.env: ‘interestingness_test’: No such file or directory
18:53:54.887 INFO  ExecHelper - Result: 127
18:53:54.888 INFO  CustomFileJudge - Custom file judge result: 127
18:53:54.888 INFO  ReductionDriver - Result from initial state is not interesting (attempt 3)
18:53:54.889 INFO  ExecHelper - interestingness_test /opt/reduce/intel_iris_xe_graphics/syn_memory_converge/variant_273.comp reduction_results/intel_iris_xe_graphics/syn_memory_converge/variant_273/variant_273.json
18:53:54.891 INFO  StreamGobblerLogger - stderr.env: ‘interestingness_test’: No such file or directory
18:53:54.891 INFO  ExecHelper - Result: 127
18:53:54.891 INFO  CustomFileJudge - Custom file judge result: 127
18:53:54.891 INFO  ReductionDriver - Result from initial state is not interesting (attempt 4)
18:53:54.893 INFO  ExecHelper - interestingness_test /opt/reduce/intel_iris_xe_graphics/syn_memory_converge/variant_273.comp reduction_results/intel_iris_xe_graphics/syn_memory_converge/variant_273/variant_273.json
18:53:54.894 INFO  StreamGobblerLogger - stderr.env: ‘interestingness_test’: No such file or directory
18:53:54.895 INFO  ExecHelper - Result: 127
18:53:54.895 INFO  CustomFileJudge - Custom file judge result: 127
18:53:54.895 INFO  ReductionDriver - Result from initial state is not interesting (attempt 5)
18:53:54.895 INFO  ReductionDriver - Tried 5 times; stopping.
Reduction command: java -ea -cp /opt/graphicsfuzz/graphicsfuzz/target/graphicsfuzz/python/drivers/../../jar/tool-1.0.jar com.graphicsfuzz.reducer.tool.GlslReduce /opt/reduce/intel_iris_xe_graphics/syn_memory_converge/variant_273.json interestingness_test --output reduction_results/intel_iris_xe_graphics/syn_memory_converge/variant_273 /opt/reduce/intel_iris_xe_graphics/syn_memory_converge/variant_273.comp
