19:09:41.026 INFO  ExecHelper - /opt/graphicsfuzz/graphicsfuzz/target/graphicsfuzz/bin/Linux/glslangValidator -E --stdin -S comp
19:09:41.075 INFO  ExecHelper - Result: 0
19:09:41.159 INFO  ReductionDriver - Starting reduction for variant_376
19:09:41.168 INFO  ExecHelper - interestingness_test /opt/reduce/intel_iris_xe_graphics/syn_memory_converge_atomic/variant_376.comp reduction_results/intel_iris_xe_graphics/syn_memory_converge_atomic/variant_376/variant_376.json
19:09:41.169 INFO  StreamGobblerLogger - stderr.env: ‘interestingness_test’: No such file or directory
19:09:41.170 INFO  ExecHelper - Result: 127
19:09:41.170 INFO  CustomFileJudge - Custom file judge result: 127
19:09:41.170 INFO  ReductionDriver - Result from initial state is not interesting (attempt 1)
19:09:41.172 INFO  ExecHelper - interestingness_test /opt/reduce/intel_iris_xe_graphics/syn_memory_converge_atomic/variant_376.comp reduction_results/intel_iris_xe_graphics/syn_memory_converge_atomic/variant_376/variant_376.json
19:09:41.173 INFO  StreamGobblerLogger - stderr.env: ‘interestingness_test’: No such file or directory
19:09:41.174 INFO  ExecHelper - Result: 127
19:09:41.174 INFO  CustomFileJudge - Custom file judge result: 127
19:09:41.174 INFO  ReductionDriver - Result from initial state is not interesting (attempt 2)
19:09:41.175 INFO  ExecHelper - interestingness_test /opt/reduce/intel_iris_xe_graphics/syn_memory_converge_atomic/variant_376.comp reduction_results/intel_iris_xe_graphics/syn_memory_converge_atomic/variant_376/variant_376.json
19:09:41.176 INFO  StreamGobblerLogger - stderr.env: ‘interestingness_test’: No such file or directory
19:09:41.177 INFO  ExecHelper - Result: 127
19:09:41.177 INFO  CustomFileJudge - Custom file judge result: 127
19:09:41.177 INFO  ReductionDriver - Result from initial state is not interesting (attempt 3)
19:09:41.179 INFO  ExecHelper - interestingness_test /opt/reduce/intel_iris_xe_graphics/syn_memory_converge_atomic/variant_376.comp reduction_results/intel_iris_xe_graphics/syn_memory_converge_atomic/variant_376/variant_376.json
19:09:41.180 INFO  StreamGobblerLogger - stderr.env: ‘interestingness_test’: No such file or directory
19:09:41.180 INFO  ExecHelper - Result: 127
19:09:41.180 INFO  CustomFileJudge - Custom file judge result: 127
19:09:41.180 INFO  ReductionDriver - Result from initial state is not interesting (attempt 4)
19:09:41.182 INFO  ExecHelper - interestingness_test /opt/reduce/intel_iris_xe_graphics/syn_memory_converge_atomic/variant_376.comp reduction_results/intel_iris_xe_graphics/syn_memory_converge_atomic/variant_376/variant_376.json
19:09:41.183 INFO  StreamGobblerLogger - stderr.env: ‘interestingness_test’: No such file or directory
19:09:41.184 INFO  ExecHelper - Result: 127
19:09:41.184 INFO  CustomFileJudge - Custom file judge result: 127
19:09:41.184 INFO  ReductionDriver - Result from initial state is not interesting (attempt 5)
19:09:41.184 INFO  ReductionDriver - Tried 5 times; stopping.
Reduction command: java -ea -cp /opt/graphicsfuzz/graphicsfuzz/target/graphicsfuzz/python/drivers/../../jar/tool-1.0.jar com.graphicsfuzz.reducer.tool.GlslReduce /opt/reduce/intel_iris_xe_graphics/syn_memory_converge_atomic/variant_376.json interestingness_test --output reduction_results/intel_iris_xe_graphics/syn_memory_converge_atomic/variant_376 /opt/reduce/intel_iris_xe_graphics/syn_memory_converge_atomic/variant_376.comp
