18:14:04.287 INFO  ExecHelper - /opt/graphicsfuzz/graphicsfuzz/target/graphicsfuzz/bin/Linux/glslangValidator -E --stdin -S comp
18:14:04.346 INFO  ExecHelper - Result: 0
18:14:04.698 INFO  ReductionDriver - Starting reduction for variant_018
18:14:04.807 INFO  ExecHelper - interestingness_test /opt/reduce/cezanne_radeon_vega/syn_memory_converge/variant_018.comp reduction_results/cezanne_radeon_vega/syn_memory_converge/variant_018/variant_018.json
18:14:04.809 INFO  StreamGobblerLogger - stderr.env: ‘interestingness_test’: No such file or directory
18:14:04.809 INFO  ExecHelper - Result: 127
18:14:04.810 INFO  CustomFileJudge - Custom file judge result: 127
18:14:04.810 INFO  ReductionDriver - Result from initial state is not interesting (attempt 1)
18:14:04.902 INFO  ExecHelper - interestingness_test /opt/reduce/cezanne_radeon_vega/syn_memory_converge/variant_018.comp reduction_results/cezanne_radeon_vega/syn_memory_converge/variant_018/variant_018.json
18:14:04.904 INFO  StreamGobblerLogger - stderr.env: ‘interestingness_test’: No such file or directory
18:14:04.904 INFO  ExecHelper - Result: 127
18:14:04.904 INFO  CustomFileJudge - Custom file judge result: 127
18:14:04.904 INFO  ReductionDriver - Result from initial state is not interesting (attempt 2)
18:14:04.989 INFO  ExecHelper - interestingness_test /opt/reduce/cezanne_radeon_vega/syn_memory_converge/variant_018.comp reduction_results/cezanne_radeon_vega/syn_memory_converge/variant_018/variant_018.json
18:14:04.991 INFO  StreamGobblerLogger - stderr.env: ‘interestingness_test’: No such file or directory
18:14:04.991 INFO  ExecHelper - Result: 127
18:14:04.992 INFO  CustomFileJudge - Custom file judge result: 127
18:14:04.992 INFO  ReductionDriver - Result from initial state is not interesting (attempt 3)
18:14:05.091 INFO  ExecHelper - interestingness_test /opt/reduce/cezanne_radeon_vega/syn_memory_converge/variant_018.comp reduction_results/cezanne_radeon_vega/syn_memory_converge/variant_018/variant_018.json
18:14:05.093 INFO  StreamGobblerLogger - stderr.env: ‘interestingness_test’: No such file or directory
18:14:05.094 INFO  ExecHelper - Result: 127
18:14:05.094 INFO  CustomFileJudge - Custom file judge result: 127
18:14:05.094 INFO  ReductionDriver - Result from initial state is not interesting (attempt 4)
18:14:05.175 INFO  ExecHelper - interestingness_test /opt/reduce/cezanne_radeon_vega/syn_memory_converge/variant_018.comp reduction_results/cezanne_radeon_vega/syn_memory_converge/variant_018/variant_018.json
18:14:05.176 INFO  StreamGobblerLogger - stderr.env: ‘interestingness_test’: No such file or directory
18:14:05.177 INFO  ExecHelper - Result: 127
18:14:05.177 INFO  CustomFileJudge - Custom file judge result: 127
18:14:05.177 INFO  ReductionDriver - Result from initial state is not interesting (attempt 5)
18:14:05.177 INFO  ReductionDriver - Tried 5 times; stopping.
Reduction command: java -ea -cp /opt/graphicsfuzz/graphicsfuzz/target/graphicsfuzz/python/drivers/../../jar/tool-1.0.jar com.graphicsfuzz.reducer.tool.GlslReduce /opt/reduce/cezanne_radeon_vega/syn_memory_converge/variant_018.json interestingness_test --output reduction_results/cezanne_radeon_vega/syn_memory_converge/variant_018 /opt/reduce/cezanne_radeon_vega/syn_memory_converge/variant_018.comp
