19:36:45.037 INFO  ExecHelper - /opt/graphicsfuzz/graphicsfuzz/target/graphicsfuzz/bin/Linux/glslangValidator -E --stdin -S comp
19:36:45.085 INFO  ExecHelper - Result: 0
19:36:45.182 INFO  ReductionDriver - Starting reduction for variant_746
19:36:45.195 INFO  ExecHelper - interestingness_test /opt/reduce/rtx_4070/syn_memory_converge/variant_746.comp reduction_results/rtx_4070/syn_memory_converge/variant_746/variant_746.json
19:36:45.197 INFO  StreamGobblerLogger - stderr.env: ‘interestingness_test’: No such file or directory
19:36:45.198 INFO  ExecHelper - Result: 127
19:36:45.198 INFO  CustomFileJudge - Custom file judge result: 127
19:36:45.198 INFO  ReductionDriver - Result from initial state is not interesting (attempt 1)
19:36:45.201 INFO  ExecHelper - interestingness_test /opt/reduce/rtx_4070/syn_memory_converge/variant_746.comp reduction_results/rtx_4070/syn_memory_converge/variant_746/variant_746.json
19:36:45.203 INFO  StreamGobblerLogger - stderr.env: ‘interestingness_test’: No such file or directory
19:36:45.204 INFO  ExecHelper - Result: 127
19:36:45.204 INFO  CustomFileJudge - Custom file judge result: 127
19:36:45.204 INFO  ReductionDriver - Result from initial state is not interesting (attempt 2)
19:36:45.208 INFO  ExecHelper - interestingness_test /opt/reduce/rtx_4070/syn_memory_converge/variant_746.comp reduction_results/rtx_4070/syn_memory_converge/variant_746/variant_746.json
19:36:45.209 INFO  StreamGobblerLogger - stderr.env: ‘interestingness_test’: No such file or directory
19:36:45.209 INFO  ExecHelper - Result: 127
19:36:45.209 INFO  CustomFileJudge - Custom file judge result: 127
19:36:45.209 INFO  ReductionDriver - Result from initial state is not interesting (attempt 3)
19:36:45.211 INFO  ExecHelper - interestingness_test /opt/reduce/rtx_4070/syn_memory_converge/variant_746.comp reduction_results/rtx_4070/syn_memory_converge/variant_746/variant_746.json
19:36:45.213 INFO  StreamGobblerLogger - stderr.env: ‘interestingness_test’: No such file or directory
19:36:45.213 INFO  ExecHelper - Result: 127
19:36:45.213 INFO  CustomFileJudge - Custom file judge result: 127
19:36:45.213 INFO  ReductionDriver - Result from initial state is not interesting (attempt 4)
19:36:45.215 INFO  ExecHelper - interestingness_test /opt/reduce/rtx_4070/syn_memory_converge/variant_746.comp reduction_results/rtx_4070/syn_memory_converge/variant_746/variant_746.json
19:36:45.216 INFO  StreamGobblerLogger - stderr.env: ‘interestingness_test’: No such file or directory
19:36:45.216 INFO  ExecHelper - Result: 127
19:36:45.216 INFO  CustomFileJudge - Custom file judge result: 127
19:36:45.216 INFO  ReductionDriver - Result from initial state is not interesting (attempt 5)
19:36:45.216 INFO  ReductionDriver - Tried 5 times; stopping.
Reduction command: java -ea -cp /opt/graphicsfuzz/graphicsfuzz/target/graphicsfuzz/python/drivers/../../jar/tool-1.0.jar com.graphicsfuzz.reducer.tool.GlslReduce /opt/reduce/rtx_4070/syn_memory_converge/variant_746.json interestingness_test --output reduction_results/rtx_4070/syn_memory_converge/variant_746 /opt/reduce/rtx_4070/syn_memory_converge/variant_746.comp
