18:46:56.153 INFO  ExecHelper - /opt/graphicsfuzz/graphicsfuzz/target/graphicsfuzz/bin/Linux/glslangValidator -E --stdin -S comp
18:46:56.227 INFO  ExecHelper - Result: 0
18:46:57.079 INFO  ReductionDriver - Starting reduction for variant_116
18:46:57.112 INFO  ExecHelper - interestingness_test /opt/reduce/intel_iris_xe_graphics/syn_lock_step/variant_116.comp reduction_results/intel_iris_xe_graphics/syn_lock_step/variant_116/variant_116.json
18:46:57.114 INFO  StreamGobblerLogger - stderr.env: ‘interestingness_test’: No such file or directory
18:46:57.114 INFO  ExecHelper - Result: 127
18:46:57.114 INFO  CustomFileJudge - Custom file judge result: 127
18:46:57.114 INFO  ReductionDriver - Result from initial state is not interesting (attempt 1)
18:46:57.132 INFO  ExecHelper - interestingness_test /opt/reduce/intel_iris_xe_graphics/syn_lock_step/variant_116.comp reduction_results/intel_iris_xe_graphics/syn_lock_step/variant_116/variant_116.json
18:46:57.133 INFO  StreamGobblerLogger - stderr.env: ‘interestingness_test’: No such file or directory
18:46:57.134 INFO  ExecHelper - Result: 127
18:46:57.134 INFO  CustomFileJudge - Custom file judge result: 127
18:46:57.134 INFO  ReductionDriver - Result from initial state is not interesting (attempt 2)
18:46:57.150 INFO  ExecHelper - interestingness_test /opt/reduce/intel_iris_xe_graphics/syn_lock_step/variant_116.comp reduction_results/intel_iris_xe_graphics/syn_lock_step/variant_116/variant_116.json
18:46:57.151 INFO  StreamGobblerLogger - stderr.env: ‘interestingness_test’: No such file or directory
18:46:57.152 INFO  ExecHelper - Result: 127
18:46:57.152 INFO  CustomFileJudge - Custom file judge result: 127
18:46:57.152 INFO  ReductionDriver - Result from initial state is not interesting (attempt 3)
18:46:57.167 INFO  ExecHelper - interestingness_test /opt/reduce/intel_iris_xe_graphics/syn_lock_step/variant_116.comp reduction_results/intel_iris_xe_graphics/syn_lock_step/variant_116/variant_116.json
18:46:57.168 INFO  StreamGobblerLogger - stderr.env: ‘interestingness_test’: No such file or directory
18:46:57.169 INFO  ExecHelper - Result: 127
18:46:57.169 INFO  CustomFileJudge - Custom file judge result: 127
18:46:57.169 INFO  ReductionDriver - Result from initial state is not interesting (attempt 4)
18:46:57.184 INFO  ExecHelper - interestingness_test /opt/reduce/intel_iris_xe_graphics/syn_lock_step/variant_116.comp reduction_results/intel_iris_xe_graphics/syn_lock_step/variant_116/variant_116.json
18:46:57.185 INFO  StreamGobblerLogger - stderr.env: ‘interestingness_test’: No such file or directory
18:46:57.185 INFO  ExecHelper - Result: 127
18:46:57.185 INFO  CustomFileJudge - Custom file judge result: 127
18:46:57.185 INFO  ReductionDriver - Result from initial state is not interesting (attempt 5)
18:46:57.185 INFO  ReductionDriver - Tried 5 times; stopping.
Reduction command: java -ea -cp /opt/graphicsfuzz/graphicsfuzz/target/graphicsfuzz/python/drivers/../../jar/tool-1.0.jar com.graphicsfuzz.reducer.tool.GlslReduce /opt/reduce/intel_iris_xe_graphics/syn_lock_step/variant_116.json interestingness_test --output reduction_results/intel_iris_xe_graphics/syn_lock_step/variant_116 /opt/reduce/intel_iris_xe_graphics/syn_lock_step/variant_116.comp
