19:36:10.225 INFO  ExecHelper - /opt/graphicsfuzz/graphicsfuzz/target/graphicsfuzz/bin/Linux/glslangValidator -E --stdin -S comp
19:36:10.272 INFO  ExecHelper - Result: 0
19:36:10.356 INFO  ReductionDriver - Starting reduction for variant_705
19:36:10.366 INFO  ExecHelper - interestingness_test /opt/reduce/rtx_4070/syn_memory_converge/variant_705.comp reduction_results/rtx_4070/syn_memory_converge/variant_705/variant_705.json
19:36:10.367 INFO  StreamGobblerLogger - stderr.env: ‘interestingness_test’: No such file or directory
19:36:10.368 INFO  ExecHelper - Result: 127
19:36:10.368 INFO  CustomFileJudge - Custom file judge result: 127
19:36:10.368 INFO  ReductionDriver - Result from initial state is not interesting (attempt 1)
19:36:10.370 INFO  ExecHelper - interestingness_test /opt/reduce/rtx_4070/syn_memory_converge/variant_705.comp reduction_results/rtx_4070/syn_memory_converge/variant_705/variant_705.json
19:36:10.372 INFO  StreamGobblerLogger - stderr.env: ‘interestingness_test’: No such file or directory
19:36:10.372 INFO  ExecHelper - Result: 127
19:36:10.372 INFO  CustomFileJudge - Custom file judge result: 127
19:36:10.372 INFO  ReductionDriver - Result from initial state is not interesting (attempt 2)
19:36:10.374 INFO  ExecHelper - interestingness_test /opt/reduce/rtx_4070/syn_memory_converge/variant_705.comp reduction_results/rtx_4070/syn_memory_converge/variant_705/variant_705.json
19:36:10.375 INFO  StreamGobblerLogger - stderr.env: ‘interestingness_test’: No such file or directory
19:36:10.376 INFO  ExecHelper - Result: 127
19:36:10.376 INFO  CustomFileJudge - Custom file judge result: 127
19:36:10.376 INFO  ReductionDriver - Result from initial state is not interesting (attempt 3)
19:36:10.377 INFO  ExecHelper - interestingness_test /opt/reduce/rtx_4070/syn_memory_converge/variant_705.comp reduction_results/rtx_4070/syn_memory_converge/variant_705/variant_705.json
19:36:10.378 INFO  StreamGobblerLogger - stderr.env: ‘interestingness_test’: No such file or directory
19:36:10.379 INFO  ExecHelper - Result: 127
19:36:10.379 INFO  CustomFileJudge - Custom file judge result: 127
19:36:10.379 INFO  ReductionDriver - Result from initial state is not interesting (attempt 4)
19:36:10.382 INFO  ExecHelper - interestingness_test /opt/reduce/rtx_4070/syn_memory_converge/variant_705.comp reduction_results/rtx_4070/syn_memory_converge/variant_705/variant_705.json
19:36:10.383 INFO  StreamGobblerLogger - stderr.env: ‘interestingness_test’: No such file or directory
19:36:10.383 INFO  ExecHelper - Result: 127
19:36:10.383 INFO  CustomFileJudge - Custom file judge result: 127
19:36:10.383 INFO  ReductionDriver - Result from initial state is not interesting (attempt 5)
19:36:10.383 INFO  ReductionDriver - Tried 5 times; stopping.
Reduction command: java -ea -cp /opt/graphicsfuzz/graphicsfuzz/target/graphicsfuzz/python/drivers/../../jar/tool-1.0.jar com.graphicsfuzz.reducer.tool.GlslReduce /opt/reduce/rtx_4070/syn_memory_converge/variant_705.json interestingness_test --output reduction_results/rtx_4070/syn_memory_converge/variant_705 /opt/reduce/rtx_4070/syn_memory_converge/variant_705.comp
