18:15:49.362 INFO  ExecHelper - /opt/graphicsfuzz/graphicsfuzz/target/graphicsfuzz/bin/Linux/glslangValidator -E --stdin -S comp
18:15:49.409 INFO  ExecHelper - Result: 0
18:15:49.466 INFO  ReductionDriver - Starting reduction for variant_148
18:15:49.470 INFO  ExecHelper - interestingness_test /opt/reduce/cezanne_radeon_vega/syn_memory_converge/variant_148.comp reduction_results/cezanne_radeon_vega/syn_memory_converge/variant_148/variant_148.json
18:15:49.471 INFO  StreamGobblerLogger - stderr.env: ‘interestingness_test’: No such file or directory
18:15:49.471 INFO  ExecHelper - Result: 127
18:15:49.472 INFO  CustomFileJudge - Custom file judge result: 127
18:15:49.472 INFO  ReductionDriver - Result from initial state is not interesting (attempt 1)
18:15:49.473 INFO  ExecHelper - interestingness_test /opt/reduce/cezanne_radeon_vega/syn_memory_converge/variant_148.comp reduction_results/cezanne_radeon_vega/syn_memory_converge/variant_148/variant_148.json
18:15:49.474 INFO  StreamGobblerLogger - stderr.env: ‘interestingness_test’: No such file or directory
18:15:49.474 INFO  ExecHelper - Result: 127
18:15:49.474 INFO  CustomFileJudge - Custom file judge result: 127
18:15:49.475 INFO  ReductionDriver - Result from initial state is not interesting (attempt 2)
18:15:49.475 INFO  ExecHelper - interestingness_test /opt/reduce/cezanne_radeon_vega/syn_memory_converge/variant_148.comp reduction_results/cezanne_radeon_vega/syn_memory_converge/variant_148/variant_148.json
18:15:49.476 INFO  StreamGobblerLogger - stderr.env: ‘interestingness_test’: No such file or directory
18:15:49.477 INFO  ExecHelper - Result: 127
18:15:49.477 INFO  CustomFileJudge - Custom file judge result: 127
18:15:49.477 INFO  ReductionDriver - Result from initial state is not interesting (attempt 3)
18:15:49.477 INFO  ExecHelper - interestingness_test /opt/reduce/cezanne_radeon_vega/syn_memory_converge/variant_148.comp reduction_results/cezanne_radeon_vega/syn_memory_converge/variant_148/variant_148.json
18:15:49.478 INFO  StreamGobblerLogger - stderr.env: ‘interestingness_test’: No such file or directory
18:15:49.479 INFO  ExecHelper - Result: 127
18:15:49.479 INFO  CustomFileJudge - Custom file judge result: 127
18:15:49.479 INFO  ReductionDriver - Result from initial state is not interesting (attempt 4)
18:15:49.479 INFO  ExecHelper - interestingness_test /opt/reduce/cezanne_radeon_vega/syn_memory_converge/variant_148.comp reduction_results/cezanne_radeon_vega/syn_memory_converge/variant_148/variant_148.json
18:15:49.480 INFO  StreamGobblerLogger - stderr.env: ‘interestingness_test’: No such file or directory
18:15:49.481 INFO  ExecHelper - Result: 127
18:15:49.481 INFO  CustomFileJudge - Custom file judge result: 127
18:15:49.481 INFO  ReductionDriver - Result from initial state is not interesting (attempt 5)
18:15:49.481 INFO  ReductionDriver - Tried 5 times; stopping.
Reduction command: java -ea -cp /opt/graphicsfuzz/graphicsfuzz/target/graphicsfuzz/python/drivers/../../jar/tool-1.0.jar com.graphicsfuzz.reducer.tool.GlslReduce /opt/reduce/cezanne_radeon_vega/syn_memory_converge/variant_148.json interestingness_test --output reduction_results/cezanne_radeon_vega/syn_memory_converge/variant_148 /opt/reduce/cezanne_radeon_vega/syn_memory_converge/variant_148.comp
