18:58:22.314 INFO  ExecHelper - /opt/graphicsfuzz/graphicsfuzz/target/graphicsfuzz/bin/Linux/glslangValidator -E --stdin -S comp
18:58:22.365 INFO  ExecHelper - Result: 0
18:58:22.602 INFO  ReductionDriver - Starting reduction for variant_571
18:58:22.654 INFO  ExecHelper - interestingness_test /opt/reduce/intel_iris_xe_graphics/syn_memory_converge/variant_571.comp reduction_results/intel_iris_xe_graphics/syn_memory_converge/variant_571/variant_571.json
18:58:22.656 INFO  StreamGobblerLogger - stderr.env: ‘interestingness_test’: No such file or directory
18:58:22.656 INFO  ExecHelper - Result: 127
18:58:22.656 INFO  CustomFileJudge - Custom file judge result: 127
18:58:22.656 INFO  ReductionDriver - Result from initial state is not interesting (attempt 1)
18:58:22.697 INFO  ExecHelper - interestingness_test /opt/reduce/intel_iris_xe_graphics/syn_memory_converge/variant_571.comp reduction_results/intel_iris_xe_graphics/syn_memory_converge/variant_571/variant_571.json
18:58:22.699 INFO  StreamGobblerLogger - stderr.env: ‘interestingness_test’: No such file or directory
18:58:22.700 INFO  ExecHelper - Result: 127
18:58:22.700 INFO  CustomFileJudge - Custom file judge result: 127
18:58:22.700 INFO  ReductionDriver - Result from initial state is not interesting (attempt 2)
18:58:22.735 INFO  ExecHelper - interestingness_test /opt/reduce/intel_iris_xe_graphics/syn_memory_converge/variant_571.comp reduction_results/intel_iris_xe_graphics/syn_memory_converge/variant_571/variant_571.json
18:58:22.736 INFO  StreamGobblerLogger - stderr.env: ‘interestingness_test’: No such file or directory
18:58:22.737 INFO  ExecHelper - Result: 127
18:58:22.737 INFO  CustomFileJudge - Custom file judge result: 127
18:58:22.737 INFO  ReductionDriver - Result from initial state is not interesting (attempt 3)
18:58:22.772 INFO  ExecHelper - interestingness_test /opt/reduce/intel_iris_xe_graphics/syn_memory_converge/variant_571.comp reduction_results/intel_iris_xe_graphics/syn_memory_converge/variant_571/variant_571.json
18:58:22.774 INFO  StreamGobblerLogger - stderr.env: ‘interestingness_test’: No such file or directory
18:58:22.774 INFO  ExecHelper - Result: 127
18:58:22.774 INFO  CustomFileJudge - Custom file judge result: 127
18:58:22.775 INFO  ReductionDriver - Result from initial state is not interesting (attempt 4)
18:58:22.813 INFO  ExecHelper - interestingness_test /opt/reduce/intel_iris_xe_graphics/syn_memory_converge/variant_571.comp reduction_results/intel_iris_xe_graphics/syn_memory_converge/variant_571/variant_571.json
18:58:22.814 INFO  StreamGobblerLogger - stderr.env: ‘interestingness_test’: No such file or directory
18:58:22.815 INFO  ExecHelper - Result: 127
18:58:22.815 INFO  CustomFileJudge - Custom file judge result: 127
18:58:22.815 INFO  ReductionDriver - Result from initial state is not interesting (attempt 5)
18:58:22.815 INFO  ReductionDriver - Tried 5 times; stopping.
Reduction command: java -ea -cp /opt/graphicsfuzz/graphicsfuzz/target/graphicsfuzz/python/drivers/../../jar/tool-1.0.jar com.graphicsfuzz.reducer.tool.GlslReduce /opt/reduce/intel_iris_xe_graphics/syn_memory_converge/variant_571.json interestingness_test --output reduction_results/intel_iris_xe_graphics/syn_memory_converge/variant_571 /opt/reduce/intel_iris_xe_graphics/syn_memory_converge/variant_571.comp
