19:44:09.705 INFO  ExecHelper - /opt/graphicsfuzz/graphicsfuzz/target/graphicsfuzz/bin/Linux/glslangValidator -E --stdin -S comp
19:44:09.771 INFO  ExecHelper - Result: 0
19:44:10.257 INFO  ReductionDriver - Starting reduction for variant_270
19:44:10.279 INFO  ExecHelper - interestingness_test /opt/reduce/rtx_4070/syn_memory_converge_atomic/variant_270.comp reduction_results/rtx_4070/syn_memory_converge_atomic/variant_270/variant_270.json
19:44:10.281 INFO  StreamGobblerLogger - stderr.env: ‘interestingness_test’: No such file or directory
19:44:10.281 INFO  ExecHelper - Result: 127
19:44:10.281 INFO  CustomFileJudge - Custom file judge result: 127
19:44:10.281 INFO  ReductionDriver - Result from initial state is not interesting (attempt 1)
19:44:10.290 INFO  ExecHelper - interestingness_test /opt/reduce/rtx_4070/syn_memory_converge_atomic/variant_270.comp reduction_results/rtx_4070/syn_memory_converge_atomic/variant_270/variant_270.json
19:44:10.291 INFO  StreamGobblerLogger - stderr.env: ‘interestingness_test’: No such file or directory
19:44:10.292 INFO  ExecHelper - Result: 127
19:44:10.292 INFO  CustomFileJudge - Custom file judge result: 127
19:44:10.292 INFO  ReductionDriver - Result from initial state is not interesting (attempt 2)
19:44:10.301 INFO  ExecHelper - interestingness_test /opt/reduce/rtx_4070/syn_memory_converge_atomic/variant_270.comp reduction_results/rtx_4070/syn_memory_converge_atomic/variant_270/variant_270.json
19:44:10.302 INFO  StreamGobblerLogger - stderr.env: ‘interestingness_test’: No such file or directory
19:44:10.302 INFO  ExecHelper - Result: 127
19:44:10.302 INFO  CustomFileJudge - Custom file judge result: 127
19:44:10.302 INFO  ReductionDriver - Result from initial state is not interesting (attempt 3)
19:44:10.309 INFO  ExecHelper - interestingness_test /opt/reduce/rtx_4070/syn_memory_converge_atomic/variant_270.comp reduction_results/rtx_4070/syn_memory_converge_atomic/variant_270/variant_270.json
19:44:10.310 INFO  StreamGobblerLogger - stderr.env: ‘interestingness_test’: No such file or directory
19:44:10.310 INFO  ExecHelper - Result: 127
19:44:10.310 INFO  CustomFileJudge - Custom file judge result: 127
19:44:10.310 INFO  ReductionDriver - Result from initial state is not interesting (attempt 4)
19:44:10.316 INFO  ExecHelper - interestingness_test /opt/reduce/rtx_4070/syn_memory_converge_atomic/variant_270.comp reduction_results/rtx_4070/syn_memory_converge_atomic/variant_270/variant_270.json
19:44:10.317 INFO  StreamGobblerLogger - stderr.env: ‘interestingness_test’: No such file or directory
19:44:10.318 INFO  ExecHelper - Result: 127
19:44:10.318 INFO  CustomFileJudge - Custom file judge result: 127
19:44:10.318 INFO  ReductionDriver - Result from initial state is not interesting (attempt 5)
19:44:10.318 INFO  ReductionDriver - Tried 5 times; stopping.
Reduction command: java -ea -cp /opt/graphicsfuzz/graphicsfuzz/target/graphicsfuzz/python/drivers/../../jar/tool-1.0.jar com.graphicsfuzz.reducer.tool.GlslReduce /opt/reduce/rtx_4070/syn_memory_converge_atomic/variant_270.json interestingness_test --output reduction_results/rtx_4070/syn_memory_converge_atomic/variant_270 /opt/reduce/rtx_4070/syn_memory_converge_atomic/variant_270.comp
