19:19:29.295 INFO  ExecHelper - /opt/graphicsfuzz/graphicsfuzz/target/graphicsfuzz/bin/Linux/glslangValidator -E --stdin -S comp
19:19:29.517 INFO  ExecHelper - Result: 0
19:19:30.119 INFO  ReductionDriver - Starting reduction for variant_394
19:19:30.150 INFO  ExecHelper - interestingness_test /opt/reduce/intel_iris_xe_graphics/syn_subgroup_op/variant_394.comp reduction_results/intel_iris_xe_graphics/syn_subgroup_op/variant_394/variant_394.json
19:19:30.152 INFO  StreamGobblerLogger - stderr.env: ‘interestingness_test’: No such file or directory
19:19:30.153 INFO  ExecHelper - Result: 127
19:19:30.153 INFO  CustomFileJudge - Custom file judge result: 127
19:19:30.153 INFO  ReductionDriver - Result from initial state is not interesting (attempt 1)
19:19:30.168 INFO  ExecHelper - interestingness_test /opt/reduce/intel_iris_xe_graphics/syn_subgroup_op/variant_394.comp reduction_results/intel_iris_xe_graphics/syn_subgroup_op/variant_394/variant_394.json
19:19:30.170 INFO  StreamGobblerLogger - stderr.env: ‘interestingness_test’: No such file or directory
19:19:30.170 INFO  ExecHelper - Result: 127
19:19:30.170 INFO  CustomFileJudge - Custom file judge result: 127
19:19:30.170 INFO  ReductionDriver - Result from initial state is not interesting (attempt 2)
19:19:30.177 INFO  ExecHelper - interestingness_test /opt/reduce/intel_iris_xe_graphics/syn_subgroup_op/variant_394.comp reduction_results/intel_iris_xe_graphics/syn_subgroup_op/variant_394/variant_394.json
19:19:30.178 INFO  StreamGobblerLogger - stderr.env: ‘interestingness_test’: No such file or directory
19:19:30.178 INFO  ExecHelper - Result: 127
19:19:30.178 INFO  CustomFileJudge - Custom file judge result: 127
19:19:30.179 INFO  ReductionDriver - Result from initial state is not interesting (attempt 3)
19:19:30.189 INFO  ExecHelper - interestingness_test /opt/reduce/intel_iris_xe_graphics/syn_subgroup_op/variant_394.comp reduction_results/intel_iris_xe_graphics/syn_subgroup_op/variant_394/variant_394.json
19:19:30.190 INFO  StreamGobblerLogger - stderr.env: ‘interestingness_test’: No such file or directory
19:19:30.190 INFO  ExecHelper - Result: 127
19:19:30.190 INFO  CustomFileJudge - Custom file judge result: 127
19:19:30.190 INFO  ReductionDriver - Result from initial state is not interesting (attempt 4)
19:19:30.196 INFO  ExecHelper - interestingness_test /opt/reduce/intel_iris_xe_graphics/syn_subgroup_op/variant_394.comp reduction_results/intel_iris_xe_graphics/syn_subgroup_op/variant_394/variant_394.json
19:19:30.197 INFO  StreamGobblerLogger - stderr.env: ‘interestingness_test’: No such file or directory
19:19:30.197 INFO  ExecHelper - Result: 127
19:19:30.197 INFO  CustomFileJudge - Custom file judge result: 127
19:19:30.197 INFO  ReductionDriver - Result from initial state is not interesting (attempt 5)
19:19:30.197 INFO  ReductionDriver - Tried 5 times; stopping.
Reduction command: java -ea -cp /opt/graphicsfuzz/graphicsfuzz/target/graphicsfuzz/python/drivers/../../jar/tool-1.0.jar com.graphicsfuzz.reducer.tool.GlslReduce /opt/reduce/intel_iris_xe_graphics/syn_subgroup_op/variant_394.json interestingness_test --output reduction_results/intel_iris_xe_graphics/syn_subgroup_op/variant_394 /opt/reduce/intel_iris_xe_graphics/syn_subgroup_op/variant_394.comp
