19:18:31.037 INFO  ExecHelper - /opt/graphicsfuzz/graphicsfuzz/target/graphicsfuzz/bin/Linux/glslangValidator -E --stdin -S comp
19:18:31.133 INFO  ExecHelper - Result: 0
19:18:31.607 INFO  ReductionDriver - Starting reduction for variant_964
19:18:31.619 INFO  ExecHelper - interestingness_test /opt/reduce/intel_iris_xe_graphics/syn_memory_converge_atomic/variant_964.comp reduction_results/intel_iris_xe_graphics/syn_memory_converge_atomic/variant_964/variant_964.json
19:18:31.621 INFO  StreamGobblerLogger - stderr.env: ‘interestingness_test’: No such file or directory
19:18:31.621 INFO  ExecHelper - Result: 127
19:18:31.621 INFO  CustomFileJudge - Custom file judge result: 127
19:18:31.622 INFO  ReductionDriver - Result from initial state is not interesting (attempt 1)
19:18:31.631 INFO  ExecHelper - interestingness_test /opt/reduce/intel_iris_xe_graphics/syn_memory_converge_atomic/variant_964.comp reduction_results/intel_iris_xe_graphics/syn_memory_converge_atomic/variant_964/variant_964.json
19:18:31.639 INFO  StreamGobblerLogger - stderr.env: ‘interestingness_test’: No such file or directory
19:18:31.639 INFO  ExecHelper - Result: 127
19:18:31.639 INFO  CustomFileJudge - Custom file judge result: 127
19:18:31.639 INFO  ReductionDriver - Result from initial state is not interesting (attempt 2)
19:18:31.643 INFO  ExecHelper - interestingness_test /opt/reduce/intel_iris_xe_graphics/syn_memory_converge_atomic/variant_964.comp reduction_results/intel_iris_xe_graphics/syn_memory_converge_atomic/variant_964/variant_964.json
19:18:31.644 INFO  StreamGobblerLogger - stderr.env: ‘interestingness_test’: No such file or directory
19:18:31.644 INFO  ExecHelper - Result: 127
19:18:31.644 INFO  CustomFileJudge - Custom file judge result: 127
19:18:31.644 INFO  ReductionDriver - Result from initial state is not interesting (attempt 3)
19:18:31.647 INFO  ExecHelper - interestingness_test /opt/reduce/intel_iris_xe_graphics/syn_memory_converge_atomic/variant_964.comp reduction_results/intel_iris_xe_graphics/syn_memory_converge_atomic/variant_964/variant_964.json
19:18:31.648 INFO  StreamGobblerLogger - stderr.env: ‘interestingness_test’: No such file or directory
19:18:31.649 INFO  ExecHelper - Result: 127
19:18:31.649 INFO  CustomFileJudge - Custom file judge result: 127
19:18:31.649 INFO  ReductionDriver - Result from initial state is not interesting (attempt 4)
19:18:31.652 INFO  ExecHelper - interestingness_test /opt/reduce/intel_iris_xe_graphics/syn_memory_converge_atomic/variant_964.comp reduction_results/intel_iris_xe_graphics/syn_memory_converge_atomic/variant_964/variant_964.json
19:18:31.653 INFO  StreamGobblerLogger - stderr.env: ‘interestingness_test’: No such file or directory
19:18:31.653 INFO  ExecHelper - Result: 127
19:18:31.653 INFO  CustomFileJudge - Custom file judge result: 127
19:18:31.653 INFO  ReductionDriver - Result from initial state is not interesting (attempt 5)
19:18:31.653 INFO  ReductionDriver - Tried 5 times; stopping.
Reduction command: java -ea -cp /opt/graphicsfuzz/graphicsfuzz/target/graphicsfuzz/python/drivers/../../jar/tool-1.0.jar com.graphicsfuzz.reducer.tool.GlslReduce /opt/reduce/intel_iris_xe_graphics/syn_memory_converge_atomic/variant_964.json interestingness_test --output reduction_results/intel_iris_xe_graphics/syn_memory_converge_atomic/variant_964 /opt/reduce/intel_iris_xe_graphics/syn_memory_converge_atomic/variant_964.comp
