19:48:31.953 INFO  ExecHelper - /opt/graphicsfuzz/graphicsfuzz/target/graphicsfuzz/bin/Linux/glslangValidator -E --stdin -S comp
19:48:32.000 INFO  ExecHelper - Result: 0
19:48:32.079 INFO  ReductionDriver - Starting reduction for variant_564
19:48:32.089 INFO  ExecHelper - interestingness_test /opt/reduce/rtx_4070/syn_memory_converge_atomic/variant_564.comp reduction_results/rtx_4070/syn_memory_converge_atomic/variant_564/variant_564.json
19:48:32.091 INFO  StreamGobblerLogger - stderr.env: ‘interestingness_test’: No such file or directory
19:48:32.091 INFO  ExecHelper - Result: 127
19:48:32.091 INFO  CustomFileJudge - Custom file judge result: 127
19:48:32.091 INFO  ReductionDriver - Result from initial state is not interesting (attempt 1)
19:48:32.093 INFO  ExecHelper - interestingness_test /opt/reduce/rtx_4070/syn_memory_converge_atomic/variant_564.comp reduction_results/rtx_4070/syn_memory_converge_atomic/variant_564/variant_564.json
19:48:32.094 INFO  StreamGobblerLogger - stderr.env: ‘interestingness_test’: No such file or directory
19:48:32.095 INFO  ExecHelper - Result: 127
19:48:32.095 INFO  CustomFileJudge - Custom file judge result: 127
19:48:32.095 INFO  ReductionDriver - Result from initial state is not interesting (attempt 2)
19:48:32.096 INFO  ExecHelper - interestingness_test /opt/reduce/rtx_4070/syn_memory_converge_atomic/variant_564.comp reduction_results/rtx_4070/syn_memory_converge_atomic/variant_564/variant_564.json
19:48:32.097 INFO  StreamGobblerLogger - stderr.env: ‘interestingness_test’: No such file or directory
19:48:32.098 INFO  ExecHelper - Result: 127
19:48:32.098 INFO  CustomFileJudge - Custom file judge result: 127
19:48:32.098 INFO  ReductionDriver - Result from initial state is not interesting (attempt 3)
19:48:32.099 INFO  ExecHelper - interestingness_test /opt/reduce/rtx_4070/syn_memory_converge_atomic/variant_564.comp reduction_results/rtx_4070/syn_memory_converge_atomic/variant_564/variant_564.json
19:48:32.100 INFO  StreamGobblerLogger - stderr.env: ‘interestingness_test’: No such file or directory
19:48:32.101 INFO  ExecHelper - Result: 127
19:48:32.101 INFO  CustomFileJudge - Custom file judge result: 127
19:48:32.101 INFO  ReductionDriver - Result from initial state is not interesting (attempt 4)
19:48:32.102 INFO  ExecHelper - interestingness_test /opt/reduce/rtx_4070/syn_memory_converge_atomic/variant_564.comp reduction_results/rtx_4070/syn_memory_converge_atomic/variant_564/variant_564.json
19:48:32.104 INFO  StreamGobblerLogger - stderr.env: ‘interestingness_test’: No such file or directory
19:48:32.104 INFO  ExecHelper - Result: 127
19:48:32.104 INFO  CustomFileJudge - Custom file judge result: 127
19:48:32.104 INFO  ReductionDriver - Result from initial state is not interesting (attempt 5)
19:48:32.104 INFO  ReductionDriver - Tried 5 times; stopping.
Reduction command: java -ea -cp /opt/graphicsfuzz/graphicsfuzz/target/graphicsfuzz/python/drivers/../../jar/tool-1.0.jar com.graphicsfuzz.reducer.tool.GlslReduce /opt/reduce/rtx_4070/syn_memory_converge_atomic/variant_564.json interestingness_test --output reduction_results/rtx_4070/syn_memory_converge_atomic/variant_564 /opt/reduce/rtx_4070/syn_memory_converge_atomic/variant_564.comp
