18:20:18.552 INFO  ExecHelper - /opt/graphicsfuzz/graphicsfuzz/target/graphicsfuzz/bin/Linux/glslangValidator -E --stdin -S comp
18:20:18.616 INFO  ExecHelper - Result: 0
18:20:19.042 INFO  ReductionDriver - Starting reduction for variant_476
18:20:19.196 INFO  ExecHelper - interestingness_test /opt/reduce/cezanne_radeon_vega/syn_memory_converge/variant_476.comp reduction_results/cezanne_radeon_vega/syn_memory_converge/variant_476/variant_476.json
18:20:19.198 INFO  StreamGobblerLogger - stderr.env: ‘interestingness_test’: No such file or directory
18:20:19.199 INFO  ExecHelper - Result: 127
18:20:19.199 INFO  CustomFileJudge - Custom file judge result: 127
18:20:19.199 INFO  ReductionDriver - Result from initial state is not interesting (attempt 1)
18:20:19.345 INFO  ExecHelper - interestingness_test /opt/reduce/cezanne_radeon_vega/syn_memory_converge/variant_476.comp reduction_results/cezanne_radeon_vega/syn_memory_converge/variant_476/variant_476.json
18:20:19.347 INFO  StreamGobblerLogger - stderr.env: ‘interestingness_test’: No such file or directory
18:20:19.348 INFO  ExecHelper - Result: 127
18:20:19.348 INFO  CustomFileJudge - Custom file judge result: 127
18:20:19.348 INFO  ReductionDriver - Result from initial state is not interesting (attempt 2)
18:20:19.474 INFO  ExecHelper - interestingness_test /opt/reduce/cezanne_radeon_vega/syn_memory_converge/variant_476.comp reduction_results/cezanne_radeon_vega/syn_memory_converge/variant_476/variant_476.json
18:20:19.476 INFO  StreamGobblerLogger - stderr.env: ‘interestingness_test’: No such file or directory
18:20:19.477 INFO  ExecHelper - Result: 127
18:20:19.477 INFO  CustomFileJudge - Custom file judge result: 127
18:20:19.477 INFO  ReductionDriver - Result from initial state is not interesting (attempt 3)
18:20:19.621 INFO  ExecHelper - interestingness_test /opt/reduce/cezanne_radeon_vega/syn_memory_converge/variant_476.comp reduction_results/cezanne_radeon_vega/syn_memory_converge/variant_476/variant_476.json
18:20:19.622 INFO  StreamGobblerLogger - stderr.env: ‘interestingness_test’: No such file or directory
18:20:19.623 INFO  ExecHelper - Result: 127
18:20:19.623 INFO  CustomFileJudge - Custom file judge result: 127
18:20:19.623 INFO  ReductionDriver - Result from initial state is not interesting (attempt 4)
18:20:19.744 INFO  ExecHelper - interestingness_test /opt/reduce/cezanne_radeon_vega/syn_memory_converge/variant_476.comp reduction_results/cezanne_radeon_vega/syn_memory_converge/variant_476/variant_476.json
18:20:19.745 INFO  StreamGobblerLogger - stderr.env: ‘interestingness_test’: No such file or directory
18:20:19.746 INFO  ExecHelper - Result: 127
18:20:19.746 INFO  CustomFileJudge - Custom file judge result: 127
18:20:19.746 INFO  ReductionDriver - Result from initial state is not interesting (attempt 5)
18:20:19.746 INFO  ReductionDriver - Tried 5 times; stopping.
Reduction command: java -ea -cp /opt/graphicsfuzz/graphicsfuzz/target/graphicsfuzz/python/drivers/../../jar/tool-1.0.jar com.graphicsfuzz.reducer.tool.GlslReduce /opt/reduce/cezanne_radeon_vega/syn_memory_converge/variant_476.json interestingness_test --output reduction_results/cezanne_radeon_vega/syn_memory_converge/variant_476 /opt/reduce/cezanne_radeon_vega/syn_memory_converge/variant_476.comp
