14:22:30.987 INFO  ExecHelper - /home/nrehman/graphicsfuzz/graphicsfuzz/target/graphicsfuzz/bin/Linux/glslangValidator -E --stdin -S comp
14:22:31.062 INFO  ExecHelper - Result: 0
14:22:31.459 INFO  ReductionDriver - Starting reduction for variant_2090
14:22:31.472 INFO  ExecHelper - interestingness_test /home/nrehman/gpu-forward-progress-tests-suites/run_reduced_tests/reduce/failed_variants/rtx_4070/syn_memory_converge_ra/variant_2090.comp reduction_results/failed_variants/rtx_4070/syn_memory_converge_ra/variant_2090/variant_2090.json
14:22:31.488 INFO  StreamGobblerLogger - stdout./home/nrehman/gpu-forward-progress-tests-suites/run_reduced_tests/reduce/failed_variants/rtx_4070/syn_memory_converge_ra/variant_2090.comp
14:22:31.491 INFO  ExecHelper - Result: 1
14:22:31.491 INFO  CustomFileJudge - Custom file judge result: 1
14:22:31.491 INFO  ReductionDriver - Result from initial state is not interesting (attempt 1)
14:22:31.497 INFO  ExecHelper - interestingness_test /home/nrehman/gpu-forward-progress-tests-suites/run_reduced_tests/reduce/failed_variants/rtx_4070/syn_memory_converge_ra/variant_2090.comp reduction_results/failed_variants/rtx_4070/syn_memory_converge_ra/variant_2090/variant_2090.json
14:22:31.508 INFO  StreamGobblerLogger - stdout./home/nrehman/gpu-forward-progress-tests-suites/run_reduced_tests/reduce/failed_variants/rtx_4070/syn_memory_converge_ra/variant_2090.comp
14:22:31.510 INFO  ExecHelper - Result: 1
14:22:31.511 INFO  CustomFileJudge - Custom file judge result: 1
14:22:31.511 INFO  ReductionDriver - Result from initial state is not interesting (attempt 2)
14:22:31.514 INFO  ExecHelper - interestingness_test /home/nrehman/gpu-forward-progress-tests-suites/run_reduced_tests/reduce/failed_variants/rtx_4070/syn_memory_converge_ra/variant_2090.comp reduction_results/failed_variants/rtx_4070/syn_memory_converge_ra/variant_2090/variant_2090.json
14:22:31.528 INFO  StreamGobblerLogger - stdout./home/nrehman/gpu-forward-progress-tests-suites/run_reduced_tests/reduce/failed_variants/rtx_4070/syn_memory_converge_ra/variant_2090.comp
14:22:31.531 INFO  ExecHelper - Result: 1
14:22:31.531 INFO  CustomFileJudge - Custom file judge result: 1
14:22:31.531 INFO  ReductionDriver - Result from initial state is not interesting (attempt 3)
14:22:31.534 INFO  ExecHelper - interestingness_test /home/nrehman/gpu-forward-progress-tests-suites/run_reduced_tests/reduce/failed_variants/rtx_4070/syn_memory_converge_ra/variant_2090.comp reduction_results/failed_variants/rtx_4070/syn_memory_converge_ra/variant_2090/variant_2090.json
14:22:31.550 INFO  StreamGobblerLogger - stdout./home/nrehman/gpu-forward-progress-tests-suites/run_reduced_tests/reduce/failed_variants/rtx_4070/syn_memory_converge_ra/variant_2090.comp
14:22:31.553 INFO  ExecHelper - Result: 1
14:22:31.553 INFO  CustomFileJudge - Custom file judge result: 1
14:22:31.553 INFO  ReductionDriver - Result from initial state is not interesting (attempt 4)
14:22:31.556 INFO  ExecHelper - interestingness_test /home/nrehman/gpu-forward-progress-tests-suites/run_reduced_tests/reduce/failed_variants/rtx_4070/syn_memory_converge_ra/variant_2090.comp reduction_results/failed_variants/rtx_4070/syn_memory_converge_ra/variant_2090/variant_2090.json
14:22:31.567 INFO  StreamGobblerLogger - stdout./home/nrehman/gpu-forward-progress-tests-suites/run_reduced_tests/reduce/failed_variants/rtx_4070/syn_memory_converge_ra/variant_2090.comp
14:22:31.570 INFO  ExecHelper - Result: 1
14:22:31.570 INFO  CustomFileJudge - Custom file judge result: 1
14:22:31.570 INFO  ReductionDriver - Result from initial state is not interesting (attempt 5)
14:22:31.570 INFO  ReductionDriver - Tried 5 times; stopping.
Reduction command: java -ea -cp /home/nrehman/graphicsfuzz/graphicsfuzz/target/graphicsfuzz/python/drivers/../../jar/tool-1.0.jar com.graphicsfuzz.reducer.tool.GlslReduce /home/nrehman/gpu-forward-progress-tests-suites/run_reduced_tests/reduce/failed_variants/rtx_4070/syn_memory_converge_ra/variant_2090.json interestingness_test --output reduction_results/failed_variants/rtx_4070/syn_memory_converge_ra/variant_2090 /home/nrehman/gpu-forward-progress-tests-suites/run_reduced_tests/reduce/failed_variants/rtx_4070/syn_memory_converge_ra/variant_2090.comp
