18:30:59.957 INFO  ExecHelper - /opt/graphicsfuzz/graphicsfuzz/target/graphicsfuzz/bin/Linux/glslangValidator -E --stdin -S comp
18:31:00.023 INFO  ExecHelper - Result: 0
18:31:00.493 INFO  ReductionDriver - Starting reduction for variant_270
18:31:00.511 INFO  ExecHelper - interestingness_test /opt/reduce/cezanne_radeon_vega/syn_memory_converge_atomic/variant_270.comp reduction_results/cezanne_radeon_vega/syn_memory_converge_atomic/variant_270/variant_270.json
18:31:00.513 INFO  StreamGobblerLogger - stderr.env: ‘interestingness_test’: No such file or directory
18:31:00.514 INFO  ExecHelper - Result: 127
18:31:00.514 INFO  CustomFileJudge - Custom file judge result: 127
18:31:00.514 INFO  ReductionDriver - Result from initial state is not interesting (attempt 1)
18:31:00.522 INFO  ExecHelper - interestingness_test /opt/reduce/cezanne_radeon_vega/syn_memory_converge_atomic/variant_270.comp reduction_results/cezanne_radeon_vega/syn_memory_converge_atomic/variant_270/variant_270.json
18:31:00.524 INFO  StreamGobblerLogger - stderr.env: ‘interestingness_test’: No such file or directory
18:31:00.524 INFO  ExecHelper - Result: 127
18:31:00.524 INFO  CustomFileJudge - Custom file judge result: 127
18:31:00.524 INFO  ReductionDriver - Result from initial state is not interesting (attempt 2)
18:31:00.532 INFO  ExecHelper - interestingness_test /opt/reduce/cezanne_radeon_vega/syn_memory_converge_atomic/variant_270.comp reduction_results/cezanne_radeon_vega/syn_memory_converge_atomic/variant_270/variant_270.json
18:31:00.533 INFO  StreamGobblerLogger - stderr.env: ‘interestingness_test’: No such file or directory
18:31:00.533 INFO  ExecHelper - Result: 127
18:31:00.533 INFO  CustomFileJudge - Custom file judge result: 127
18:31:00.533 INFO  ReductionDriver - Result from initial state is not interesting (attempt 3)
18:31:00.540 INFO  ExecHelper - interestingness_test /opt/reduce/cezanne_radeon_vega/syn_memory_converge_atomic/variant_270.comp reduction_results/cezanne_radeon_vega/syn_memory_converge_atomic/variant_270/variant_270.json
18:31:00.541 INFO  StreamGobblerLogger - stderr.env: ‘interestingness_test’: No such file or directory
18:31:00.542 INFO  ExecHelper - Result: 127
18:31:00.542 INFO  CustomFileJudge - Custom file judge result: 127
18:31:00.542 INFO  ReductionDriver - Result from initial state is not interesting (attempt 4)
18:31:00.548 INFO  ExecHelper - interestingness_test /opt/reduce/cezanne_radeon_vega/syn_memory_converge_atomic/variant_270.comp reduction_results/cezanne_radeon_vega/syn_memory_converge_atomic/variant_270/variant_270.json
18:31:00.549 INFO  StreamGobblerLogger - stderr.env: ‘interestingness_test’: No such file or directory
18:31:00.549 INFO  ExecHelper - Result: 127
18:31:00.549 INFO  CustomFileJudge - Custom file judge result: 127
18:31:00.549 INFO  ReductionDriver - Result from initial state is not interesting (attempt 5)
18:31:00.549 INFO  ReductionDriver - Tried 5 times; stopping.
Reduction command: java -ea -cp /opt/graphicsfuzz/graphicsfuzz/target/graphicsfuzz/python/drivers/../../jar/tool-1.0.jar com.graphicsfuzz.reducer.tool.GlslReduce /opt/reduce/cezanne_radeon_vega/syn_memory_converge_atomic/variant_270.json interestingness_test --output reduction_results/cezanne_radeon_vega/syn_memory_converge_atomic/variant_270 /opt/reduce/cezanne_radeon_vega/syn_memory_converge_atomic/variant_270.comp
