18:19:10.967 INFO  ExecHelper - /opt/graphicsfuzz/graphicsfuzz/target/graphicsfuzz/bin/Linux/glslangValidator -E --stdin -S comp
18:19:11.032 INFO  ExecHelper - Result: 0
18:19:13.279 INFO  ReductionDriver - Starting reduction for variant_407
18:19:13.354 INFO  ExecHelper - interestingness_test /opt/reduce/cezanne_radeon_vega/syn_memory_converge/variant_407.comp reduction_results/cezanne_radeon_vega/syn_memory_converge/variant_407/variant_407.json
18:19:13.356 INFO  StreamGobblerLogger - stderr.env: ‘interestingness_test’: No such file or directory
18:19:13.357 INFO  ExecHelper - Result: 127
18:19:13.357 INFO  CustomFileJudge - Custom file judge result: 127
18:19:13.357 INFO  ReductionDriver - Result from initial state is not interesting (attempt 1)
18:19:13.421 INFO  ExecHelper - interestingness_test /opt/reduce/cezanne_radeon_vega/syn_memory_converge/variant_407.comp reduction_results/cezanne_radeon_vega/syn_memory_converge/variant_407/variant_407.json
18:19:13.422 INFO  StreamGobblerLogger - stderr.env: ‘interestingness_test’: No such file or directory
18:19:13.423 INFO  ExecHelper - Result: 127
18:19:13.423 INFO  CustomFileJudge - Custom file judge result: 127
18:19:13.423 INFO  ReductionDriver - Result from initial state is not interesting (attempt 2)
18:19:13.482 INFO  ExecHelper - interestingness_test /opt/reduce/cezanne_radeon_vega/syn_memory_converge/variant_407.comp reduction_results/cezanne_radeon_vega/syn_memory_converge/variant_407/variant_407.json
18:19:13.483 INFO  StreamGobblerLogger - stderr.env: ‘interestingness_test’: No such file or directory
18:19:13.484 INFO  ExecHelper - Result: 127
18:19:13.484 INFO  CustomFileJudge - Custom file judge result: 127
18:19:13.484 INFO  ReductionDriver - Result from initial state is not interesting (attempt 3)
18:19:13.543 INFO  ExecHelper - interestingness_test /opt/reduce/cezanne_radeon_vega/syn_memory_converge/variant_407.comp reduction_results/cezanne_radeon_vega/syn_memory_converge/variant_407/variant_407.json
18:19:13.544 INFO  StreamGobblerLogger - stderr.env: ‘interestingness_test’: No such file or directory
18:19:13.545 INFO  ExecHelper - Result: 127
18:19:13.545 INFO  CustomFileJudge - Custom file judge result: 127
18:19:13.545 INFO  ReductionDriver - Result from initial state is not interesting (attempt 4)
18:19:13.604 INFO  ExecHelper - interestingness_test /opt/reduce/cezanne_radeon_vega/syn_memory_converge/variant_407.comp reduction_results/cezanne_radeon_vega/syn_memory_converge/variant_407/variant_407.json
18:19:13.606 INFO  StreamGobblerLogger - stderr.env: ‘interestingness_test’: No such file or directory
18:19:13.606 INFO  ExecHelper - Result: 127
18:19:13.606 INFO  CustomFileJudge - Custom file judge result: 127
18:19:13.606 INFO  ReductionDriver - Result from initial state is not interesting (attempt 5)
18:19:13.606 INFO  ReductionDriver - Tried 5 times; stopping.
Reduction command: java -ea -cp /opt/graphicsfuzz/graphicsfuzz/target/graphicsfuzz/python/drivers/../../jar/tool-1.0.jar com.graphicsfuzz.reducer.tool.GlslReduce /opt/reduce/cezanne_radeon_vega/syn_memory_converge/variant_407.json interestingness_test --output reduction_results/cezanne_radeon_vega/syn_memory_converge/variant_407 /opt/reduce/cezanne_radeon_vega/syn_memory_converge/variant_407.comp
