19:17:07.036 INFO  ExecHelper - /opt/graphicsfuzz/graphicsfuzz/target/graphicsfuzz/bin/Linux/glslangValidator -E --stdin -S comp
19:17:07.094 INFO  ExecHelper - Result: 0
19:17:07.154 INFO  ReductionDriver - Starting reduction for variant_872
19:17:07.158 INFO  ExecHelper - interestingness_test /opt/reduce/intel_iris_xe_graphics/syn_memory_converge_atomic/variant_872.comp reduction_results/intel_iris_xe_graphics/syn_memory_converge_atomic/variant_872/variant_872.json
19:17:07.159 INFO  StreamGobblerLogger - stderr.env: ‘interestingness_test’: No such file or directory
19:17:07.160 INFO  ExecHelper - Result: 127
19:17:07.160 INFO  CustomFileJudge - Custom file judge result: 127
19:17:07.160 INFO  ReductionDriver - Result from initial state is not interesting (attempt 1)
19:17:07.161 INFO  ExecHelper - interestingness_test /opt/reduce/intel_iris_xe_graphics/syn_memory_converge_atomic/variant_872.comp reduction_results/intel_iris_xe_graphics/syn_memory_converge_atomic/variant_872/variant_872.json
19:17:07.162 INFO  StreamGobblerLogger - stderr.env: ‘interestingness_test’: No such file or directory
19:17:07.163 INFO  ExecHelper - Result: 127
19:17:07.163 INFO  CustomFileJudge - Custom file judge result: 127
19:17:07.163 INFO  ReductionDriver - Result from initial state is not interesting (attempt 2)
19:17:07.163 INFO  ExecHelper - interestingness_test /opt/reduce/intel_iris_xe_graphics/syn_memory_converge_atomic/variant_872.comp reduction_results/intel_iris_xe_graphics/syn_memory_converge_atomic/variant_872/variant_872.json
19:17:07.164 INFO  StreamGobblerLogger - stderr.env: ‘interestingness_test’: No such file or directory
19:17:07.165 INFO  ExecHelper - Result: 127
19:17:07.165 INFO  CustomFileJudge - Custom file judge result: 127
19:17:07.165 INFO  ReductionDriver - Result from initial state is not interesting (attempt 3)
19:17:07.165 INFO  ExecHelper - interestingness_test /opt/reduce/intel_iris_xe_graphics/syn_memory_converge_atomic/variant_872.comp reduction_results/intel_iris_xe_graphics/syn_memory_converge_atomic/variant_872/variant_872.json
19:17:07.166 INFO  StreamGobblerLogger - stderr.env: ‘interestingness_test’: No such file or directory
19:17:07.167 INFO  ExecHelper - Result: 127
19:17:07.167 INFO  CustomFileJudge - Custom file judge result: 127
19:17:07.167 INFO  ReductionDriver - Result from initial state is not interesting (attempt 4)
19:17:07.167 INFO  ExecHelper - interestingness_test /opt/reduce/intel_iris_xe_graphics/syn_memory_converge_atomic/variant_872.comp reduction_results/intel_iris_xe_graphics/syn_memory_converge_atomic/variant_872/variant_872.json
19:17:07.168 INFO  StreamGobblerLogger - stderr.env: ‘interestingness_test’: No such file or directory
19:17:07.169 INFO  ExecHelper - Result: 127
19:17:07.169 INFO  CustomFileJudge - Custom file judge result: 127
19:17:07.169 INFO  ReductionDriver - Result from initial state is not interesting (attempt 5)
19:17:07.169 INFO  ReductionDriver - Tried 5 times; stopping.
Reduction command: java -ea -cp /opt/graphicsfuzz/graphicsfuzz/target/graphicsfuzz/python/drivers/../../jar/tool-1.0.jar com.graphicsfuzz.reducer.tool.GlslReduce /opt/reduce/intel_iris_xe_graphics/syn_memory_converge_atomic/variant_872.json interestingness_test --output reduction_results/intel_iris_xe_graphics/syn_memory_converge_atomic/variant_872 /opt/reduce/intel_iris_xe_graphics/syn_memory_converge_atomic/variant_872.comp
