19:50:52.106 INFO  ExecHelper - /opt/graphicsfuzz/graphicsfuzz/target/graphicsfuzz/bin/Linux/glslangValidator -E --stdin -S comp
19:50:52.152 INFO  ExecHelper - Result: 0
19:50:52.247 INFO  ReductionDriver - Starting reduction for variant_714
19:50:52.258 INFO  ExecHelper - interestingness_test /opt/reduce/rtx_4070/syn_memory_converge_atomic/variant_714.comp reduction_results/rtx_4070/syn_memory_converge_atomic/variant_714/variant_714.json
19:50:52.259 INFO  StreamGobblerLogger - stderr.env: ‘interestingness_test’: No such file or directory
19:50:52.260 INFO  ExecHelper - Result: 127
19:50:52.260 INFO  CustomFileJudge - Custom file judge result: 127
19:50:52.260 INFO  ReductionDriver - Result from initial state is not interesting (attempt 1)
19:50:52.266 INFO  ExecHelper - interestingness_test /opt/reduce/rtx_4070/syn_memory_converge_atomic/variant_714.comp reduction_results/rtx_4070/syn_memory_converge_atomic/variant_714/variant_714.json
19:50:52.267 INFO  StreamGobblerLogger - stderr.env: ‘interestingness_test’: No such file or directory
19:50:52.267 INFO  ExecHelper - Result: 127
19:50:52.268 INFO  CustomFileJudge - Custom file judge result: 127
19:50:52.268 INFO  ReductionDriver - Result from initial state is not interesting (attempt 2)
19:50:52.270 INFO  ExecHelper - interestingness_test /opt/reduce/rtx_4070/syn_memory_converge_atomic/variant_714.comp reduction_results/rtx_4070/syn_memory_converge_atomic/variant_714/variant_714.json
19:50:52.271 INFO  StreamGobblerLogger - stderr.env: ‘interestingness_test’: No such file or directory
19:50:52.271 INFO  ExecHelper - Result: 127
19:50:52.271 INFO  CustomFileJudge - Custom file judge result: 127
19:50:52.271 INFO  ReductionDriver - Result from initial state is not interesting (attempt 3)
19:50:52.273 INFO  ExecHelper - interestingness_test /opt/reduce/rtx_4070/syn_memory_converge_atomic/variant_714.comp reduction_results/rtx_4070/syn_memory_converge_atomic/variant_714/variant_714.json
19:50:52.275 INFO  StreamGobblerLogger - stderr.env: ‘interestingness_test’: No such file or directory
19:50:52.275 INFO  ExecHelper - Result: 127
19:50:52.275 INFO  CustomFileJudge - Custom file judge result: 127
19:50:52.275 INFO  ReductionDriver - Result from initial state is not interesting (attempt 4)
19:50:52.277 INFO  ExecHelper - interestingness_test /opt/reduce/rtx_4070/syn_memory_converge_atomic/variant_714.comp reduction_results/rtx_4070/syn_memory_converge_atomic/variant_714/variant_714.json
19:50:52.278 INFO  StreamGobblerLogger - stderr.env: ‘interestingness_test’: No such file or directory
19:50:52.279 INFO  ExecHelper - Result: 127
19:50:52.279 INFO  CustomFileJudge - Custom file judge result: 127
19:50:52.279 INFO  ReductionDriver - Result from initial state is not interesting (attempt 5)
19:50:52.279 INFO  ReductionDriver - Tried 5 times; stopping.
Reduction command: java -ea -cp /opt/graphicsfuzz/graphicsfuzz/target/graphicsfuzz/python/drivers/../../jar/tool-1.0.jar com.graphicsfuzz.reducer.tool.GlslReduce /opt/reduce/rtx_4070/syn_memory_converge_atomic/variant_714.json interestingness_test --output reduction_results/rtx_4070/syn_memory_converge_atomic/variant_714 /opt/reduce/rtx_4070/syn_memory_converge_atomic/variant_714.comp
