19:44:31.765 INFO  ExecHelper - /opt/graphicsfuzz/graphicsfuzz/target/graphicsfuzz/bin/Linux/glslangValidator -E --stdin -S comp
19:44:31.812 INFO  ExecHelper - Result: 0
19:44:31.893 INFO  ReductionDriver - Starting reduction for variant_293
19:44:31.902 INFO  ExecHelper - interestingness_test /opt/reduce/rtx_4070/syn_memory_converge_atomic/variant_293.comp reduction_results/rtx_4070/syn_memory_converge_atomic/variant_293/variant_293.json
19:44:31.904 INFO  StreamGobblerLogger - stderr.env: ‘interestingness_test’: No such file or directory
19:44:31.904 INFO  ExecHelper - Result: 127
19:44:31.904 INFO  CustomFileJudge - Custom file judge result: 127
19:44:31.904 INFO  ReductionDriver - Result from initial state is not interesting (attempt 1)
19:44:31.907 INFO  ExecHelper - interestingness_test /opt/reduce/rtx_4070/syn_memory_converge_atomic/variant_293.comp reduction_results/rtx_4070/syn_memory_converge_atomic/variant_293/variant_293.json
19:44:31.907 INFO  StreamGobblerLogger - stderr.env: ‘interestingness_test’: No such file or directory
19:44:31.908 INFO  ExecHelper - Result: 127
19:44:31.908 INFO  CustomFileJudge - Custom file judge result: 127
19:44:31.908 INFO  ReductionDriver - Result from initial state is not interesting (attempt 2)
19:44:31.912 INFO  ExecHelper - interestingness_test /opt/reduce/rtx_4070/syn_memory_converge_atomic/variant_293.comp reduction_results/rtx_4070/syn_memory_converge_atomic/variant_293/variant_293.json
19:44:31.913 INFO  StreamGobblerLogger - stderr.env: ‘interestingness_test’: No such file or directory
19:44:31.914 INFO  ExecHelper - Result: 127
19:44:31.914 INFO  CustomFileJudge - Custom file judge result: 127
19:44:31.914 INFO  ReductionDriver - Result from initial state is not interesting (attempt 3)
19:44:31.915 INFO  ExecHelper - interestingness_test /opt/reduce/rtx_4070/syn_memory_converge_atomic/variant_293.comp reduction_results/rtx_4070/syn_memory_converge_atomic/variant_293/variant_293.json
19:44:31.916 INFO  StreamGobblerLogger - stderr.env: ‘interestingness_test’: No such file or directory
19:44:31.917 INFO  ExecHelper - Result: 127
19:44:31.917 INFO  CustomFileJudge - Custom file judge result: 127
19:44:31.917 INFO  ReductionDriver - Result from initial state is not interesting (attempt 4)
19:44:31.921 INFO  ExecHelper - interestingness_test /opt/reduce/rtx_4070/syn_memory_converge_atomic/variant_293.comp reduction_results/rtx_4070/syn_memory_converge_atomic/variant_293/variant_293.json
19:44:31.922 INFO  StreamGobblerLogger - stderr.env: ‘interestingness_test’: No such file or directory
19:44:31.922 INFO  ExecHelper - Result: 127
19:44:31.922 INFO  CustomFileJudge - Custom file judge result: 127
19:44:31.923 INFO  ReductionDriver - Result from initial state is not interesting (attempt 5)
19:44:31.923 INFO  ReductionDriver - Tried 5 times; stopping.
Reduction command: java -ea -cp /opt/graphicsfuzz/graphicsfuzz/target/graphicsfuzz/python/drivers/../../jar/tool-1.0.jar com.graphicsfuzz.reducer.tool.GlslReduce /opt/reduce/rtx_4070/syn_memory_converge_atomic/variant_293.json interestingness_test --output reduction_results/rtx_4070/syn_memory_converge_atomic/variant_293 /opt/reduce/rtx_4070/syn_memory_converge_atomic/variant_293.comp
