18:38:07.047 INFO  ExecHelper - /opt/graphicsfuzz/graphicsfuzz/target/graphicsfuzz/bin/Linux/glslangValidator -E --stdin -S comp
18:38:07.094 INFO  ExecHelper - Result: 0
18:38:07.174 INFO  ReductionDriver - Starting reduction for variant_764
18:38:07.183 INFO  ExecHelper - interestingness_test /opt/reduce/cezanne_radeon_vega/syn_memory_converge_atomic/variant_764.comp reduction_results/cezanne_radeon_vega/syn_memory_converge_atomic/variant_764/variant_764.json
18:38:07.184 INFO  StreamGobblerLogger - stderr.env: ‘interestingness_test’: No such file or directory
18:38:07.185 INFO  ExecHelper - Result: 127
18:38:07.185 INFO  CustomFileJudge - Custom file judge result: 127
18:38:07.185 INFO  ReductionDriver - Result from initial state is not interesting (attempt 1)
18:38:07.187 INFO  ExecHelper - interestingness_test /opt/reduce/cezanne_radeon_vega/syn_memory_converge_atomic/variant_764.comp reduction_results/cezanne_radeon_vega/syn_memory_converge_atomic/variant_764/variant_764.json
18:38:07.188 INFO  StreamGobblerLogger - stderr.env: ‘interestingness_test’: No such file or directory
18:38:07.189 INFO  ExecHelper - Result: 127
18:38:07.189 INFO  CustomFileJudge - Custom file judge result: 127
18:38:07.189 INFO  ReductionDriver - Result from initial state is not interesting (attempt 2)
18:38:07.191 INFO  ExecHelper - interestingness_test /opt/reduce/cezanne_radeon_vega/syn_memory_converge_atomic/variant_764.comp reduction_results/cezanne_radeon_vega/syn_memory_converge_atomic/variant_764/variant_764.json
18:38:07.192 INFO  StreamGobblerLogger - stderr.env: ‘interestingness_test’: No such file or directory
18:38:07.192 INFO  ExecHelper - Result: 127
18:38:07.192 INFO  CustomFileJudge - Custom file judge result: 127
18:38:07.192 INFO  ReductionDriver - Result from initial state is not interesting (attempt 3)
18:38:07.194 INFO  ExecHelper - interestingness_test /opt/reduce/cezanne_radeon_vega/syn_memory_converge_atomic/variant_764.comp reduction_results/cezanne_radeon_vega/syn_memory_converge_atomic/variant_764/variant_764.json
18:38:07.195 INFO  StreamGobblerLogger - stderr.env: ‘interestingness_test’: No such file or directory
18:38:07.195 INFO  ExecHelper - Result: 127
18:38:07.195 INFO  CustomFileJudge - Custom file judge result: 127
18:38:07.195 INFO  ReductionDriver - Result from initial state is not interesting (attempt 4)
18:38:07.197 INFO  ExecHelper - interestingness_test /opt/reduce/cezanne_radeon_vega/syn_memory_converge_atomic/variant_764.comp reduction_results/cezanne_radeon_vega/syn_memory_converge_atomic/variant_764/variant_764.json
18:38:07.198 INFO  StreamGobblerLogger - stderr.env: ‘interestingness_test’: No such file or directory
18:38:07.199 INFO  ExecHelper - Result: 127
18:38:07.199 INFO  CustomFileJudge - Custom file judge result: 127
18:38:07.199 INFO  ReductionDriver - Result from initial state is not interesting (attempt 5)
18:38:07.199 INFO  ReductionDriver - Tried 5 times; stopping.
Reduction command: java -ea -cp /opt/graphicsfuzz/graphicsfuzz/target/graphicsfuzz/python/drivers/../../jar/tool-1.0.jar com.graphicsfuzz.reducer.tool.GlslReduce /opt/reduce/cezanne_radeon_vega/syn_memory_converge_atomic/variant_764.json interestingness_test --output reduction_results/cezanne_radeon_vega/syn_memory_converge_atomic/variant_764 /opt/reduce/cezanne_radeon_vega/syn_memory_converge_atomic/variant_764.comp
