19:27:25.582 INFO  ExecHelper - /opt/graphicsfuzz/graphicsfuzz/target/graphicsfuzz/bin/Linux/glslangValidator -E --stdin -S comp
19:27:25.631 INFO  ExecHelper - Result: 0
19:27:25.757 INFO  ReductionDriver - Starting reduction for variant_091
19:27:25.773 INFO  ExecHelper - interestingness_test /opt/reduce/rtx_4070/syn_memory_converge/variant_091.comp reduction_results/rtx_4070/syn_memory_converge/variant_091/variant_091.json
19:27:25.774 INFO  StreamGobblerLogger - stderr.env: ‘interestingness_test’: No such file or directory
19:27:25.774 INFO  ExecHelper - Result: 127
19:27:25.775 INFO  CustomFileJudge - Custom file judge result: 127
19:27:25.775 INFO  ReductionDriver - Result from initial state is not interesting (attempt 1)
19:27:25.780 INFO  ExecHelper - interestingness_test /opt/reduce/rtx_4070/syn_memory_converge/variant_091.comp reduction_results/rtx_4070/syn_memory_converge/variant_091/variant_091.json
19:27:25.781 INFO  StreamGobblerLogger - stderr.env: ‘interestingness_test’: No such file or directory
19:27:25.782 INFO  ExecHelper - Result: 127
19:27:25.782 INFO  CustomFileJudge - Custom file judge result: 127
19:27:25.782 INFO  ReductionDriver - Result from initial state is not interesting (attempt 2)
19:27:25.786 INFO  ExecHelper - interestingness_test /opt/reduce/rtx_4070/syn_memory_converge/variant_091.comp reduction_results/rtx_4070/syn_memory_converge/variant_091/variant_091.json
19:27:25.787 INFO  StreamGobblerLogger - stderr.env: ‘interestingness_test’: No such file or directory
19:27:25.788 INFO  ExecHelper - Result: 127
19:27:25.788 INFO  CustomFileJudge - Custom file judge result: 127
19:27:25.788 INFO  ReductionDriver - Result from initial state is not interesting (attempt 3)
19:27:25.792 INFO  ExecHelper - interestingness_test /opt/reduce/rtx_4070/syn_memory_converge/variant_091.comp reduction_results/rtx_4070/syn_memory_converge/variant_091/variant_091.json
19:27:25.798 INFO  StreamGobblerLogger - stderr.env: ‘interestingness_test’: No such file or directory
19:27:25.799 INFO  ExecHelper - Result: 127
19:27:25.799 INFO  CustomFileJudge - Custom file judge result: 127
19:27:25.799 INFO  ReductionDriver - Result from initial state is not interesting (attempt 4)
19:27:25.805 INFO  ExecHelper - interestingness_test /opt/reduce/rtx_4070/syn_memory_converge/variant_091.comp reduction_results/rtx_4070/syn_memory_converge/variant_091/variant_091.json
19:27:25.807 INFO  StreamGobblerLogger - stderr.env: ‘interestingness_test’: No such file or directory
19:27:25.807 INFO  ExecHelper - Result: 127
19:27:25.807 INFO  CustomFileJudge - Custom file judge result: 127
19:27:25.807 INFO  ReductionDriver - Result from initial state is not interesting (attempt 5)
19:27:25.807 INFO  ReductionDriver - Tried 5 times; stopping.
Reduction command: java -ea -cp /opt/graphicsfuzz/graphicsfuzz/target/graphicsfuzz/python/drivers/../../jar/tool-1.0.jar com.graphicsfuzz.reducer.tool.GlslReduce /opt/reduce/rtx_4070/syn_memory_converge/variant_091.json interestingness_test --output reduction_results/rtx_4070/syn_memory_converge/variant_091 /opt/reduce/rtx_4070/syn_memory_converge/variant_091.comp
