18:45:27.932 INFO  ExecHelper - /opt/graphicsfuzz/graphicsfuzz/target/graphicsfuzz/bin/Linux/glslangValidator -E --stdin -S comp
18:45:28.109 INFO  ExecHelper - Result: 0
18:45:29.205 INFO  ReductionDriver - Starting reduction for variant_784
18:45:29.220 INFO  ExecHelper - interestingness_test /opt/reduce/intel_iris_xe_graphics/syn_branch_syn_relax/variant_784.comp reduction_results/intel_iris_xe_graphics/syn_branch_syn_relax/variant_784/variant_784.json
18:45:29.222 INFO  StreamGobblerLogger - stderr.env: ‘interestingness_test’: No such file or directory
18:45:29.222 INFO  ExecHelper - Result: 127
18:45:29.222 INFO  CustomFileJudge - Custom file judge result: 127
18:45:29.222 INFO  ReductionDriver - Result from initial state is not interesting (attempt 1)
18:45:29.229 INFO  ExecHelper - interestingness_test /opt/reduce/intel_iris_xe_graphics/syn_branch_syn_relax/variant_784.comp reduction_results/intel_iris_xe_graphics/syn_branch_syn_relax/variant_784/variant_784.json
18:45:29.230 INFO  StreamGobblerLogger - stderr.env: ‘interestingness_test’: No such file or directory
18:45:29.230 INFO  ExecHelper - Result: 127
18:45:29.230 INFO  CustomFileJudge - Custom file judge result: 127
18:45:29.230 INFO  ReductionDriver - Result from initial state is not interesting (attempt 2)
18:45:29.236 INFO  ExecHelper - interestingness_test /opt/reduce/intel_iris_xe_graphics/syn_branch_syn_relax/variant_784.comp reduction_results/intel_iris_xe_graphics/syn_branch_syn_relax/variant_784/variant_784.json
18:45:29.237 INFO  StreamGobblerLogger - stderr.env: ‘interestingness_test’: No such file or directory
18:45:29.238 INFO  ExecHelper - Result: 127
18:45:29.238 INFO  CustomFileJudge - Custom file judge result: 127
18:45:29.238 INFO  ReductionDriver - Result from initial state is not interesting (attempt 3)
18:45:29.243 INFO  ExecHelper - interestingness_test /opt/reduce/intel_iris_xe_graphics/syn_branch_syn_relax/variant_784.comp reduction_results/intel_iris_xe_graphics/syn_branch_syn_relax/variant_784/variant_784.json
18:45:29.244 INFO  StreamGobblerLogger - stderr.env: ‘interestingness_test’: No such file or directory
18:45:29.245 INFO  ExecHelper - Result: 127
18:45:29.245 INFO  CustomFileJudge - Custom file judge result: 127
18:45:29.245 INFO  ReductionDriver - Result from initial state is not interesting (attempt 4)
18:45:29.250 INFO  ExecHelper - interestingness_test /opt/reduce/intel_iris_xe_graphics/syn_branch_syn_relax/variant_784.comp reduction_results/intel_iris_xe_graphics/syn_branch_syn_relax/variant_784/variant_784.json
18:45:29.251 INFO  StreamGobblerLogger - stderr.env: ‘interestingness_test’: No such file or directory
18:45:29.251 INFO  ExecHelper - Result: 127
18:45:29.251 INFO  CustomFileJudge - Custom file judge result: 127
18:45:29.251 INFO  ReductionDriver - Result from initial state is not interesting (attempt 5)
18:45:29.251 INFO  ReductionDriver - Tried 5 times; stopping.
Reduction command: java -ea -cp /opt/graphicsfuzz/graphicsfuzz/target/graphicsfuzz/python/drivers/../../jar/tool-1.0.jar com.graphicsfuzz.reducer.tool.GlslReduce /opt/reduce/intel_iris_xe_graphics/syn_branch_syn_relax/variant_784.json interestingness_test --output reduction_results/intel_iris_xe_graphics/syn_branch_syn_relax/variant_784 /opt/reduce/intel_iris_xe_graphics/syn_branch_syn_relax/variant_784.comp
