18:23:10.011 INFO  ExecHelper - /opt/graphicsfuzz/graphicsfuzz/target/graphicsfuzz/bin/Linux/glslangValidator -E --stdin -S comp
18:23:10.058 INFO  ExecHelper - Result: 0
18:23:10.146 INFO  ReductionDriver - Starting reduction for variant_691
18:23:10.159 INFO  ExecHelper - interestingness_test /opt/reduce/cezanne_radeon_vega/syn_memory_converge/variant_691.comp reduction_results/cezanne_radeon_vega/syn_memory_converge/variant_691/variant_691.json
18:23:10.161 INFO  StreamGobblerLogger - stderr.env: ‘interestingness_test’: No such file or directory
18:23:10.162 INFO  ExecHelper - Result: 127
18:23:10.162 INFO  CustomFileJudge - Custom file judge result: 127
18:23:10.162 INFO  ReductionDriver - Result from initial state is not interesting (attempt 1)
18:23:10.167 INFO  ExecHelper - interestingness_test /opt/reduce/cezanne_radeon_vega/syn_memory_converge/variant_691.comp reduction_results/cezanne_radeon_vega/syn_memory_converge/variant_691/variant_691.json
18:23:10.168 INFO  StreamGobblerLogger - stderr.env: ‘interestingness_test’: No such file or directory
18:23:10.168 INFO  ExecHelper - Result: 127
18:23:10.168 INFO  CustomFileJudge - Custom file judge result: 127
18:23:10.168 INFO  ReductionDriver - Result from initial state is not interesting (attempt 2)
18:23:10.172 INFO  ExecHelper - interestingness_test /opt/reduce/cezanne_radeon_vega/syn_memory_converge/variant_691.comp reduction_results/cezanne_radeon_vega/syn_memory_converge/variant_691/variant_691.json
18:23:10.173 INFO  StreamGobblerLogger - stderr.env: ‘interestingness_test’: No such file or directory
18:23:10.174 INFO  ExecHelper - Result: 127
18:23:10.174 INFO  CustomFileJudge - Custom file judge result: 127
18:23:10.174 INFO  ReductionDriver - Result from initial state is not interesting (attempt 3)
18:23:10.175 INFO  ExecHelper - interestingness_test /opt/reduce/cezanne_radeon_vega/syn_memory_converge/variant_691.comp reduction_results/cezanne_radeon_vega/syn_memory_converge/variant_691/variant_691.json
18:23:10.177 INFO  StreamGobblerLogger - stderr.env: ‘interestingness_test’: No such file or directory
18:23:10.177 INFO  ExecHelper - Result: 127
18:23:10.177 INFO  CustomFileJudge - Custom file judge result: 127
18:23:10.177 INFO  ReductionDriver - Result from initial state is not interesting (attempt 4)
18:23:10.179 INFO  ExecHelper - interestingness_test /opt/reduce/cezanne_radeon_vega/syn_memory_converge/variant_691.comp reduction_results/cezanne_radeon_vega/syn_memory_converge/variant_691/variant_691.json
18:23:10.180 INFO  StreamGobblerLogger - stderr.env: ‘interestingness_test’: No such file or directory
18:23:10.180 INFO  ExecHelper - Result: 127
18:23:10.180 INFO  CustomFileJudge - Custom file judge result: 127
18:23:10.180 INFO  ReductionDriver - Result from initial state is not interesting (attempt 5)
18:23:10.180 INFO  ReductionDriver - Tried 5 times; stopping.
Reduction command: java -ea -cp /opt/graphicsfuzz/graphicsfuzz/target/graphicsfuzz/python/drivers/../../jar/tool-1.0.jar com.graphicsfuzz.reducer.tool.GlslReduce /opt/reduce/cezanne_radeon_vega/syn_memory_converge/variant_691.json interestingness_test --output reduction_results/cezanne_radeon_vega/syn_memory_converge/variant_691 /opt/reduce/cezanne_radeon_vega/syn_memory_converge/variant_691.comp
