19:32:18.218 INFO  ExecHelper - /opt/graphicsfuzz/graphicsfuzz/target/graphicsfuzz/bin/Linux/glslangValidator -E --stdin -S comp
19:32:18.340 INFO  ExecHelper - Result: 0
19:32:18.802 INFO  ReductionDriver - Starting reduction for variant_437
19:32:18.833 INFO  ExecHelper - interestingness_test /opt/reduce/rtx_4070/syn_memory_converge/variant_437.comp reduction_results/rtx_4070/syn_memory_converge/variant_437/variant_437.json
19:32:18.835 INFO  StreamGobblerLogger - stderr.env: ‘interestingness_test’: No such file or directory
19:32:18.835 INFO  ExecHelper - Result: 127
19:32:18.835 INFO  CustomFileJudge - Custom file judge result: 127
19:32:18.836 INFO  ReductionDriver - Result from initial state is not interesting (attempt 1)
19:32:18.844 INFO  ExecHelper - interestingness_test /opt/reduce/rtx_4070/syn_memory_converge/variant_437.comp reduction_results/rtx_4070/syn_memory_converge/variant_437/variant_437.json
19:32:18.845 INFO  StreamGobblerLogger - stderr.env: ‘interestingness_test’: No such file or directory
19:32:18.846 INFO  ExecHelper - Result: 127
19:32:18.846 INFO  CustomFileJudge - Custom file judge result: 127
19:32:18.846 INFO  ReductionDriver - Result from initial state is not interesting (attempt 2)
19:32:18.852 INFO  ExecHelper - interestingness_test /opt/reduce/rtx_4070/syn_memory_converge/variant_437.comp reduction_results/rtx_4070/syn_memory_converge/variant_437/variant_437.json
19:32:18.853 INFO  StreamGobblerLogger - stderr.env: ‘interestingness_test’: No such file or directory
19:32:18.854 INFO  ExecHelper - Result: 127
19:32:18.854 INFO  CustomFileJudge - Custom file judge result: 127
19:32:18.854 INFO  ReductionDriver - Result from initial state is not interesting (attempt 3)
19:32:18.861 INFO  ExecHelper - interestingness_test /opt/reduce/rtx_4070/syn_memory_converge/variant_437.comp reduction_results/rtx_4070/syn_memory_converge/variant_437/variant_437.json
19:32:18.862 INFO  StreamGobblerLogger - stderr.env: ‘interestingness_test’: No such file or directory
19:32:18.862 INFO  ExecHelper - Result: 127
19:32:18.862 INFO  CustomFileJudge - Custom file judge result: 127
19:32:18.862 INFO  ReductionDriver - Result from initial state is not interesting (attempt 4)
19:32:18.868 INFO  ExecHelper - interestingness_test /opt/reduce/rtx_4070/syn_memory_converge/variant_437.comp reduction_results/rtx_4070/syn_memory_converge/variant_437/variant_437.json
19:32:18.869 INFO  StreamGobblerLogger - stderr.env: ‘interestingness_test’: No such file or directory
19:32:18.869 INFO  ExecHelper - Result: 127
19:32:18.869 INFO  CustomFileJudge - Custom file judge result: 127
19:32:18.869 INFO  ReductionDriver - Result from initial state is not interesting (attempt 5)
19:32:18.869 INFO  ReductionDriver - Tried 5 times; stopping.
Reduction command: java -ea -cp /opt/graphicsfuzz/graphicsfuzz/target/graphicsfuzz/python/drivers/../../jar/tool-1.0.jar com.graphicsfuzz.reducer.tool.GlslReduce /opt/reduce/rtx_4070/syn_memory_converge/variant_437.json interestingness_test --output reduction_results/rtx_4070/syn_memory_converge/variant_437 /opt/reduce/rtx_4070/syn_memory_converge/variant_437.comp
