18:58:38.214 INFO  ExecHelper - /opt/graphicsfuzz/graphicsfuzz/target/graphicsfuzz/bin/Linux/glslangValidator -E --stdin -S comp
18:58:38.306 INFO  ExecHelper - Result: 0
18:58:38.937 INFO  ReductionDriver - Starting reduction for variant_590
18:58:38.955 INFO  ExecHelper - interestingness_test /opt/reduce/intel_iris_xe_graphics/syn_memory_converge/variant_590.comp reduction_results/intel_iris_xe_graphics/syn_memory_converge/variant_590/variant_590.json
18:58:38.956 INFO  StreamGobblerLogger - stderr.env: ‘interestingness_test’: No such file or directory
18:58:38.957 INFO  ExecHelper - Result: 127
18:58:38.957 INFO  CustomFileJudge - Custom file judge result: 127
18:58:38.957 INFO  ReductionDriver - Result from initial state is not interesting (attempt 1)
18:58:38.964 INFO  ExecHelper - interestingness_test /opt/reduce/intel_iris_xe_graphics/syn_memory_converge/variant_590.comp reduction_results/intel_iris_xe_graphics/syn_memory_converge/variant_590/variant_590.json
18:58:38.965 INFO  StreamGobblerLogger - stderr.env: ‘interestingness_test’: No such file or directory
18:58:38.966 INFO  ExecHelper - Result: 127
18:58:38.966 INFO  CustomFileJudge - Custom file judge result: 127
18:58:38.966 INFO  ReductionDriver - Result from initial state is not interesting (attempt 2)
18:58:38.973 INFO  ExecHelper - interestingness_test /opt/reduce/intel_iris_xe_graphics/syn_memory_converge/variant_590.comp reduction_results/intel_iris_xe_graphics/syn_memory_converge/variant_590/variant_590.json
18:58:38.974 INFO  StreamGobblerLogger - stderr.env: ‘interestingness_test’: No such file or directory
18:58:38.974 INFO  ExecHelper - Result: 127
18:58:38.974 INFO  CustomFileJudge - Custom file judge result: 127
18:58:38.974 INFO  ReductionDriver - Result from initial state is not interesting (attempt 3)
18:58:38.980 INFO  ExecHelper - interestingness_test /opt/reduce/intel_iris_xe_graphics/syn_memory_converge/variant_590.comp reduction_results/intel_iris_xe_graphics/syn_memory_converge/variant_590/variant_590.json
18:58:38.981 INFO  StreamGobblerLogger - stderr.env: ‘interestingness_test’: No such file or directory
18:58:38.981 INFO  ExecHelper - Result: 127
18:58:38.981 INFO  CustomFileJudge - Custom file judge result: 127
18:58:38.981 INFO  ReductionDriver - Result from initial state is not interesting (attempt 4)
18:58:38.987 INFO  ExecHelper - interestingness_test /opt/reduce/intel_iris_xe_graphics/syn_memory_converge/variant_590.comp reduction_results/intel_iris_xe_graphics/syn_memory_converge/variant_590/variant_590.json
18:58:38.988 INFO  StreamGobblerLogger - stderr.env: ‘interestingness_test’: No such file or directory
18:58:38.988 INFO  ExecHelper - Result: 127
18:58:38.988 INFO  CustomFileJudge - Custom file judge result: 127
18:58:38.988 INFO  ReductionDriver - Result from initial state is not interesting (attempt 5)
18:58:38.988 INFO  ReductionDriver - Tried 5 times; stopping.
Reduction command: java -ea -cp /opt/graphicsfuzz/graphicsfuzz/target/graphicsfuzz/python/drivers/../../jar/tool-1.0.jar com.graphicsfuzz.reducer.tool.GlslReduce /opt/reduce/intel_iris_xe_graphics/syn_memory_converge/variant_590.json interestingness_test --output reduction_results/intel_iris_xe_graphics/syn_memory_converge/variant_590 /opt/reduce/intel_iris_xe_graphics/syn_memory_converge/variant_590.comp
