18:55:06.251 INFO  ExecHelper - /opt/graphicsfuzz/graphicsfuzz/target/graphicsfuzz/bin/Linux/glslangValidator -E --stdin -S comp
18:55:06.315 INFO  ExecHelper - Result: 0
18:55:06.743 INFO  ReductionDriver - Starting reduction for variant_357
18:55:06.922 INFO  ExecHelper - interestingness_test /opt/reduce/intel_iris_xe_graphics/syn_memory_converge/variant_357.comp reduction_results/intel_iris_xe_graphics/syn_memory_converge/variant_357/variant_357.json
18:55:06.924 INFO  StreamGobblerLogger - stderr.env: ‘interestingness_test’: No such file or directory
18:55:06.925 INFO  ExecHelper - Result: 127
18:55:06.925 INFO  CustomFileJudge - Custom file judge result: 127
18:55:06.925 INFO  ReductionDriver - Result from initial state is not interesting (attempt 1)
18:55:07.074 INFO  ExecHelper - interestingness_test /opt/reduce/intel_iris_xe_graphics/syn_memory_converge/variant_357.comp reduction_results/intel_iris_xe_graphics/syn_memory_converge/variant_357/variant_357.json
18:55:07.076 INFO  StreamGobblerLogger - stderr.env: ‘interestingness_test’: No such file or directory
18:55:07.076 INFO  ExecHelper - Result: 127
18:55:07.076 INFO  CustomFileJudge - Custom file judge result: 127
18:55:07.076 INFO  ReductionDriver - Result from initial state is not interesting (attempt 2)
18:55:07.213 INFO  ExecHelper - interestingness_test /opt/reduce/intel_iris_xe_graphics/syn_memory_converge/variant_357.comp reduction_results/intel_iris_xe_graphics/syn_memory_converge/variant_357/variant_357.json
18:55:07.215 INFO  StreamGobblerLogger - stderr.env: ‘interestingness_test’: No such file or directory
18:55:07.215 INFO  ExecHelper - Result: 127
18:55:07.215 INFO  CustomFileJudge - Custom file judge result: 127
18:55:07.215 INFO  ReductionDriver - Result from initial state is not interesting (attempt 3)
18:55:07.354 INFO  ExecHelper - interestingness_test /opt/reduce/intel_iris_xe_graphics/syn_memory_converge/variant_357.comp reduction_results/intel_iris_xe_graphics/syn_memory_converge/variant_357/variant_357.json
18:55:07.356 INFO  StreamGobblerLogger - stderr.env: ‘interestingness_test’: No such file or directory
18:55:07.356 INFO  ExecHelper - Result: 127
18:55:07.356 INFO  CustomFileJudge - Custom file judge result: 127
18:55:07.356 INFO  ReductionDriver - Result from initial state is not interesting (attempt 4)
18:55:07.490 INFO  ExecHelper - interestingness_test /opt/reduce/intel_iris_xe_graphics/syn_memory_converge/variant_357.comp reduction_results/intel_iris_xe_graphics/syn_memory_converge/variant_357/variant_357.json
18:55:07.491 INFO  StreamGobblerLogger - stderr.env: ‘interestingness_test’: No such file or directory
18:55:07.492 INFO  ExecHelper - Result: 127
18:55:07.492 INFO  CustomFileJudge - Custom file judge result: 127
18:55:07.492 INFO  ReductionDriver - Result from initial state is not interesting (attempt 5)
18:55:07.492 INFO  ReductionDriver - Tried 5 times; stopping.
Reduction command: java -ea -cp /opt/graphicsfuzz/graphicsfuzz/target/graphicsfuzz/python/drivers/../../jar/tool-1.0.jar com.graphicsfuzz.reducer.tool.GlslReduce /opt/reduce/intel_iris_xe_graphics/syn_memory_converge/variant_357.json interestingness_test --output reduction_results/intel_iris_xe_graphics/syn_memory_converge/variant_357 /opt/reduce/intel_iris_xe_graphics/syn_memory_converge/variant_357.comp
