18:51:25.500 INFO  ExecHelper - /opt/graphicsfuzz/graphicsfuzz/target/graphicsfuzz/bin/Linux/glslangValidator -E --stdin -S comp
18:51:25.548 INFO  ExecHelper - Result: 0
18:51:25.607 INFO  ReductionDriver - Starting reduction for variant_100
18:51:25.613 INFO  ExecHelper - interestingness_test /opt/reduce/intel_iris_xe_graphics/syn_memory_converge/variant_100.comp reduction_results/intel_iris_xe_graphics/syn_memory_converge/variant_100/variant_100.json
18:51:25.615 INFO  StreamGobblerLogger - stderr.env: ‘interestingness_test’: No such file or directory
18:51:25.615 INFO  ExecHelper - Result: 127
18:51:25.615 INFO  CustomFileJudge - Custom file judge result: 127
18:51:25.615 INFO  ReductionDriver - Result from initial state is not interesting (attempt 1)
18:51:25.617 INFO  ExecHelper - interestingness_test /opt/reduce/intel_iris_xe_graphics/syn_memory_converge/variant_100.comp reduction_results/intel_iris_xe_graphics/syn_memory_converge/variant_100/variant_100.json
18:51:25.618 INFO  StreamGobblerLogger - stderr.env: ‘interestingness_test’: No such file or directory
18:51:25.619 INFO  ExecHelper - Result: 127
18:51:25.619 INFO  CustomFileJudge - Custom file judge result: 127
18:51:25.619 INFO  ReductionDriver - Result from initial state is not interesting (attempt 2)
18:51:25.621 INFO  ExecHelper - interestingness_test /opt/reduce/intel_iris_xe_graphics/syn_memory_converge/variant_100.comp reduction_results/intel_iris_xe_graphics/syn_memory_converge/variant_100/variant_100.json
18:51:25.622 INFO  StreamGobblerLogger - stderr.env: ‘interestingness_test’: No such file or directory
18:51:25.622 INFO  ExecHelper - Result: 127
18:51:25.622 INFO  CustomFileJudge - Custom file judge result: 127
18:51:25.622 INFO  ReductionDriver - Result from initial state is not interesting (attempt 3)
18:51:25.624 INFO  ExecHelper - interestingness_test /opt/reduce/intel_iris_xe_graphics/syn_memory_converge/variant_100.comp reduction_results/intel_iris_xe_graphics/syn_memory_converge/variant_100/variant_100.json
18:51:25.625 INFO  StreamGobblerLogger - stderr.env: ‘interestingness_test’: No such file or directory
18:51:25.625 INFO  ExecHelper - Result: 127
18:51:25.625 INFO  CustomFileJudge - Custom file judge result: 127
18:51:25.625 INFO  ReductionDriver - Result from initial state is not interesting (attempt 4)
18:51:25.626 INFO  ExecHelper - interestingness_test /opt/reduce/intel_iris_xe_graphics/syn_memory_converge/variant_100.comp reduction_results/intel_iris_xe_graphics/syn_memory_converge/variant_100/variant_100.json
18:51:25.627 INFO  StreamGobblerLogger - stderr.env: ‘interestingness_test’: No such file or directory
18:51:25.628 INFO  ExecHelper - Result: 127
18:51:25.628 INFO  CustomFileJudge - Custom file judge result: 127
18:51:25.628 INFO  ReductionDriver - Result from initial state is not interesting (attempt 5)
18:51:25.628 INFO  ReductionDriver - Tried 5 times; stopping.
Reduction command: java -ea -cp /opt/graphicsfuzz/graphicsfuzz/target/graphicsfuzz/python/drivers/../../jar/tool-1.0.jar com.graphicsfuzz.reducer.tool.GlslReduce /opt/reduce/intel_iris_xe_graphics/syn_memory_converge/variant_100.json interestingness_test --output reduction_results/intel_iris_xe_graphics/syn_memory_converge/variant_100 /opt/reduce/intel_iris_xe_graphics/syn_memory_converge/variant_100.comp
