19:21:38.424 INFO  ExecHelper - /opt/graphicsfuzz/graphicsfuzz/target/graphicsfuzz/bin/Linux/glslangValidator -E --stdin -S comp
19:21:38.481 INFO  ExecHelper - Result: 0
19:21:38.835 INFO  ReductionDriver - Starting reduction for variant_173
19:21:38.933 INFO  ExecHelper - interestingness_test /opt/reduce/intel_iris_xe_graphics/syn_subgroup_op_release/variant_173.comp reduction_results/intel_iris_xe_graphics/syn_subgroup_op_release/variant_173/variant_173.json
19:21:38.935 INFO  StreamGobblerLogger - stderr.env: ‘interestingness_test’: No such file or directory
19:21:38.935 INFO  ExecHelper - Result: 127
19:21:38.935 INFO  CustomFileJudge - Custom file judge result: 127
19:21:38.935 INFO  ReductionDriver - Result from initial state is not interesting (attempt 1)
19:21:39.002 INFO  ExecHelper - interestingness_test /opt/reduce/intel_iris_xe_graphics/syn_subgroup_op_release/variant_173.comp reduction_results/intel_iris_xe_graphics/syn_subgroup_op_release/variant_173/variant_173.json
19:21:39.004 INFO  StreamGobblerLogger - stderr.env: ‘interestingness_test’: No such file or directory
19:21:39.004 INFO  ExecHelper - Result: 127
19:21:39.004 INFO  CustomFileJudge - Custom file judge result: 127
19:21:39.004 INFO  ReductionDriver - Result from initial state is not interesting (attempt 2)
19:21:39.073 INFO  ExecHelper - interestingness_test /opt/reduce/intel_iris_xe_graphics/syn_subgroup_op_release/variant_173.comp reduction_results/intel_iris_xe_graphics/syn_subgroup_op_release/variant_173/variant_173.json
19:21:39.074 INFO  StreamGobblerLogger - stderr.env: ‘interestingness_test’: No such file or directory
19:21:39.075 INFO  ExecHelper - Result: 127
19:21:39.075 INFO  CustomFileJudge - Custom file judge result: 127
19:21:39.075 INFO  ReductionDriver - Result from initial state is not interesting (attempt 3)
19:21:39.141 INFO  ExecHelper - interestingness_test /opt/reduce/intel_iris_xe_graphics/syn_subgroup_op_release/variant_173.comp reduction_results/intel_iris_xe_graphics/syn_subgroup_op_release/variant_173/variant_173.json
19:21:39.142 INFO  StreamGobblerLogger - stderr.env: ‘interestingness_test’: No such file or directory
19:21:39.143 INFO  ExecHelper - Result: 127
19:21:39.143 INFO  CustomFileJudge - Custom file judge result: 127
19:21:39.143 INFO  ReductionDriver - Result from initial state is not interesting (attempt 4)
19:21:39.213 INFO  ExecHelper - interestingness_test /opt/reduce/intel_iris_xe_graphics/syn_subgroup_op_release/variant_173.comp reduction_results/intel_iris_xe_graphics/syn_subgroup_op_release/variant_173/variant_173.json
19:21:39.214 INFO  StreamGobblerLogger - stderr.env: ‘interestingness_test’: No such file or directory
19:21:39.215 INFO  ExecHelper - Result: 127
19:21:39.215 INFO  CustomFileJudge - Custom file judge result: 127
19:21:39.215 INFO  ReductionDriver - Result from initial state is not interesting (attempt 5)
19:21:39.215 INFO  ReductionDriver - Tried 5 times; stopping.
Reduction command: java -ea -cp /opt/graphicsfuzz/graphicsfuzz/target/graphicsfuzz/python/drivers/../../jar/tool-1.0.jar com.graphicsfuzz.reducer.tool.GlslReduce /opt/reduce/intel_iris_xe_graphics/syn_subgroup_op_release/variant_173.json interestingness_test --output reduction_results/intel_iris_xe_graphics/syn_subgroup_op_release/variant_173 /opt/reduce/intel_iris_xe_graphics/syn_subgroup_op_release/variant_173.comp
