18:21:37.235 INFO  ExecHelper - /opt/graphicsfuzz/graphicsfuzz/target/graphicsfuzz/bin/Linux/glslangValidator -E --stdin -S comp
18:21:37.292 INFO  ExecHelper - Result: 0
18:21:37.763 INFO  ReductionDriver - Starting reduction for variant_563
18:21:37.790 INFO  ExecHelper - interestingness_test /opt/reduce/cezanne_radeon_vega/syn_memory_converge/variant_563.comp reduction_results/cezanne_radeon_vega/syn_memory_converge/variant_563/variant_563.json
18:21:37.792 INFO  StreamGobblerLogger - stderr.env: ‘interestingness_test’: No such file or directory
18:21:37.793 INFO  ExecHelper - Result: 127
18:21:37.793 INFO  CustomFileJudge - Custom file judge result: 127
18:21:37.793 INFO  ReductionDriver - Result from initial state is not interesting (attempt 1)
18:21:37.813 INFO  ExecHelper - interestingness_test /opt/reduce/cezanne_radeon_vega/syn_memory_converge/variant_563.comp reduction_results/cezanne_radeon_vega/syn_memory_converge/variant_563/variant_563.json
18:21:37.814 INFO  StreamGobblerLogger - stderr.env: ‘interestingness_test’: No such file or directory
18:21:37.814 INFO  ExecHelper - Result: 127
18:21:37.814 INFO  CustomFileJudge - Custom file judge result: 127
18:21:37.815 INFO  ReductionDriver - Result from initial state is not interesting (attempt 2)
18:21:37.828 INFO  ExecHelper - interestingness_test /opt/reduce/cezanne_radeon_vega/syn_memory_converge/variant_563.comp reduction_results/cezanne_radeon_vega/syn_memory_converge/variant_563/variant_563.json
18:21:37.829 INFO  StreamGobblerLogger - stderr.env: ‘interestingness_test’: No such file or directory
18:21:37.830 INFO  ExecHelper - Result: 127
18:21:37.830 INFO  CustomFileJudge - Custom file judge result: 127
18:21:37.830 INFO  ReductionDriver - Result from initial state is not interesting (attempt 3)
18:21:37.843 INFO  ExecHelper - interestingness_test /opt/reduce/cezanne_radeon_vega/syn_memory_converge/variant_563.comp reduction_results/cezanne_radeon_vega/syn_memory_converge/variant_563/variant_563.json
18:21:37.844 INFO  StreamGobblerLogger - stderr.env: ‘interestingness_test’: No such file or directory
18:21:37.844 INFO  ExecHelper - Result: 127
18:21:37.844 INFO  CustomFileJudge - Custom file judge result: 127
18:21:37.845 INFO  ReductionDriver - Result from initial state is not interesting (attempt 4)
18:21:37.857 INFO  ExecHelper - interestingness_test /opt/reduce/cezanne_radeon_vega/syn_memory_converge/variant_563.comp reduction_results/cezanne_radeon_vega/syn_memory_converge/variant_563/variant_563.json
18:21:37.858 INFO  StreamGobblerLogger - stderr.env: ‘interestingness_test’: No such file or directory
18:21:37.859 INFO  ExecHelper - Result: 127
18:21:37.859 INFO  CustomFileJudge - Custom file judge result: 127
18:21:37.859 INFO  ReductionDriver - Result from initial state is not interesting (attempt 5)
18:21:37.859 INFO  ReductionDriver - Tried 5 times; stopping.
Reduction command: java -ea -cp /opt/graphicsfuzz/graphicsfuzz/target/graphicsfuzz/python/drivers/../../jar/tool-1.0.jar com.graphicsfuzz.reducer.tool.GlslReduce /opt/reduce/cezanne_radeon_vega/syn_memory_converge/variant_563.json interestingness_test --output reduction_results/cezanne_radeon_vega/syn_memory_converge/variant_563 /opt/reduce/cezanne_radeon_vega/syn_memory_converge/variant_563.comp
