19:25:35.162 INFO  ExecHelper - /opt/graphicsfuzz/graphicsfuzz/target/graphicsfuzz/bin/Linux/glslangValidator -E --stdin -S comp
19:25:35.268 INFO  ExecHelper - Result: 0
19:25:36.335 INFO  ReductionDriver - Starting reduction for variant_569
19:25:36.355 INFO  ExecHelper - interestingness_test /opt/reduce/rtx_4070/syn_lock_step_relax/variant_569.comp reduction_results/rtx_4070/syn_lock_step_relax/variant_569/variant_569.json
19:25:36.357 INFO  StreamGobblerLogger - stderr.env: ‘interestingness_test’: No such file or directory
19:25:36.357 INFO  ExecHelper - Result: 127
19:25:36.357 INFO  CustomFileJudge - Custom file judge result: 127
19:25:36.357 INFO  ReductionDriver - Result from initial state is not interesting (attempt 1)
19:25:36.368 INFO  ExecHelper - interestingness_test /opt/reduce/rtx_4070/syn_lock_step_relax/variant_569.comp reduction_results/rtx_4070/syn_lock_step_relax/variant_569/variant_569.json
19:25:36.369 INFO  StreamGobblerLogger - stderr.env: ‘interestingness_test’: No such file or directory
19:25:36.369 INFO  ExecHelper - Result: 127
19:25:36.369 INFO  CustomFileJudge - Custom file judge result: 127
19:25:36.369 INFO  ReductionDriver - Result from initial state is not interesting (attempt 2)
19:25:36.379 INFO  ExecHelper - interestingness_test /opt/reduce/rtx_4070/syn_lock_step_relax/variant_569.comp reduction_results/rtx_4070/syn_lock_step_relax/variant_569/variant_569.json
19:25:36.381 INFO  StreamGobblerLogger - stderr.env: ‘interestingness_test’: No such file or directory
19:25:36.381 INFO  ExecHelper - Result: 127
19:25:36.381 INFO  CustomFileJudge - Custom file judge result: 127
19:25:36.381 INFO  ReductionDriver - Result from initial state is not interesting (attempt 3)
19:25:36.390 INFO  ExecHelper - interestingness_test /opt/reduce/rtx_4070/syn_lock_step_relax/variant_569.comp reduction_results/rtx_4070/syn_lock_step_relax/variant_569/variant_569.json
19:25:36.391 INFO  StreamGobblerLogger - stderr.env: ‘interestingness_test’: No such file or directory
19:25:36.392 INFO  ExecHelper - Result: 127
19:25:36.392 INFO  CustomFileJudge - Custom file judge result: 127
19:25:36.392 INFO  ReductionDriver - Result from initial state is not interesting (attempt 4)
19:25:36.400 INFO  ExecHelper - interestingness_test /opt/reduce/rtx_4070/syn_lock_step_relax/variant_569.comp reduction_results/rtx_4070/syn_lock_step_relax/variant_569/variant_569.json
19:25:36.401 INFO  StreamGobblerLogger - stderr.env: ‘interestingness_test’: No such file or directory
19:25:36.402 INFO  ExecHelper - Result: 127
19:25:36.402 INFO  CustomFileJudge - Custom file judge result: 127
19:25:36.402 INFO  ReductionDriver - Result from initial state is not interesting (attempt 5)
19:25:36.402 INFO  ReductionDriver - Tried 5 times; stopping.
Reduction command: java -ea -cp /opt/graphicsfuzz/graphicsfuzz/target/graphicsfuzz/python/drivers/../../jar/tool-1.0.jar com.graphicsfuzz.reducer.tool.GlslReduce /opt/reduce/rtx_4070/syn_lock_step_relax/variant_569.json interestingness_test --output reduction_results/rtx_4070/syn_lock_step_relax/variant_569 /opt/reduce/rtx_4070/syn_lock_step_relax/variant_569.comp
