18:31:25.016 INFO  ExecHelper - /opt/graphicsfuzz/graphicsfuzz/target/graphicsfuzz/bin/Linux/glslangValidator -E --stdin -S comp
18:31:25.073 INFO  ExecHelper - Result: 0
18:31:25.383 INFO  ReductionDriver - Starting reduction for variant_300
18:31:25.459 INFO  ExecHelper - interestingness_test /opt/reduce/cezanne_radeon_vega/syn_memory_converge_atomic/variant_300.comp reduction_results/cezanne_radeon_vega/syn_memory_converge_atomic/variant_300/variant_300.json
18:31:25.461 INFO  StreamGobblerLogger - stderr.env: ‘interestingness_test’: No such file or directory
18:31:25.462 INFO  ExecHelper - Result: 127
18:31:25.462 INFO  CustomFileJudge - Custom file judge result: 127
18:31:25.462 INFO  ReductionDriver - Result from initial state is not interesting (attempt 1)
18:31:25.520 INFO  ExecHelper - interestingness_test /opt/reduce/cezanne_radeon_vega/syn_memory_converge_atomic/variant_300.comp reduction_results/cezanne_radeon_vega/syn_memory_converge_atomic/variant_300/variant_300.json
18:31:25.521 INFO  StreamGobblerLogger - stderr.env: ‘interestingness_test’: No such file or directory
18:31:25.522 INFO  ExecHelper - Result: 127
18:31:25.522 INFO  CustomFileJudge - Custom file judge result: 127
18:31:25.522 INFO  ReductionDriver - Result from initial state is not interesting (attempt 2)
18:31:25.576 INFO  ExecHelper - interestingness_test /opt/reduce/cezanne_radeon_vega/syn_memory_converge_atomic/variant_300.comp reduction_results/cezanne_radeon_vega/syn_memory_converge_atomic/variant_300/variant_300.json
18:31:25.577 INFO  StreamGobblerLogger - stderr.env: ‘interestingness_test’: No such file or directory
18:31:25.578 INFO  ExecHelper - Result: 127
18:31:25.578 INFO  CustomFileJudge - Custom file judge result: 127
18:31:25.578 INFO  ReductionDriver - Result from initial state is not interesting (attempt 3)
18:31:25.631 INFO  ExecHelper - interestingness_test /opt/reduce/cezanne_radeon_vega/syn_memory_converge_atomic/variant_300.comp reduction_results/cezanne_radeon_vega/syn_memory_converge_atomic/variant_300/variant_300.json
18:31:25.632 INFO  StreamGobblerLogger - stderr.env: ‘interestingness_test’: No such file or directory
18:31:25.633 INFO  ExecHelper - Result: 127
18:31:25.633 INFO  CustomFileJudge - Custom file judge result: 127
18:31:25.633 INFO  ReductionDriver - Result from initial state is not interesting (attempt 4)
18:31:25.686 INFO  ExecHelper - interestingness_test /opt/reduce/cezanne_radeon_vega/syn_memory_converge_atomic/variant_300.comp reduction_results/cezanne_radeon_vega/syn_memory_converge_atomic/variant_300/variant_300.json
18:31:25.687 INFO  StreamGobblerLogger - stderr.env: ‘interestingness_test’: No such file or directory
18:31:25.687 INFO  ExecHelper - Result: 127
18:31:25.687 INFO  CustomFileJudge - Custom file judge result: 127
18:31:25.687 INFO  ReductionDriver - Result from initial state is not interesting (attempt 5)
18:31:25.687 INFO  ReductionDriver - Tried 5 times; stopping.
Reduction command: java -ea -cp /opt/graphicsfuzz/graphicsfuzz/target/graphicsfuzz/python/drivers/../../jar/tool-1.0.jar com.graphicsfuzz.reducer.tool.GlslReduce /opt/reduce/cezanne_radeon_vega/syn_memory_converge_atomic/variant_300.json interestingness_test --output reduction_results/cezanne_radeon_vega/syn_memory_converge_atomic/variant_300 /opt/reduce/cezanne_radeon_vega/syn_memory_converge_atomic/variant_300.comp
