19:22:35.557 INFO  ExecHelper - /opt/graphicsfuzz/graphicsfuzz/target/graphicsfuzz/bin/Linux/glslangValidator -E --stdin -S comp
19:22:35.657 INFO  ExecHelper - Result: 0
19:22:36.363 INFO  ReductionDriver - Starting reduction for variant_898
19:22:36.384 INFO  ExecHelper - interestingness_test /opt/reduce/intel_iris_xe_graphics/syn_subgroup_op_release/variant_898.comp reduction_results/intel_iris_xe_graphics/syn_subgroup_op_release/variant_898/variant_898.json
19:22:36.386 INFO  StreamGobblerLogger - stderr.env: ‘interestingness_test’: No such file or directory
19:22:36.386 INFO  ExecHelper - Result: 127
19:22:36.386 INFO  CustomFileJudge - Custom file judge result: 127
19:22:36.386 INFO  ReductionDriver - Result from initial state is not interesting (attempt 1)
19:22:36.395 INFO  ExecHelper - interestingness_test /opt/reduce/intel_iris_xe_graphics/syn_subgroup_op_release/variant_898.comp reduction_results/intel_iris_xe_graphics/syn_subgroup_op_release/variant_898/variant_898.json
19:22:36.397 INFO  StreamGobblerLogger - stderr.env: ‘interestingness_test’: No such file or directory
19:22:36.397 INFO  ExecHelper - Result: 127
19:22:36.397 INFO  CustomFileJudge - Custom file judge result: 127
19:22:36.397 INFO  ReductionDriver - Result from initial state is not interesting (attempt 2)
19:22:36.406 INFO  ExecHelper - interestingness_test /opt/reduce/intel_iris_xe_graphics/syn_subgroup_op_release/variant_898.comp reduction_results/intel_iris_xe_graphics/syn_subgroup_op_release/variant_898/variant_898.json
19:22:36.406 INFO  StreamGobblerLogger - stderr.env: ‘interestingness_test’: No such file or directory
19:22:36.407 INFO  ExecHelper - Result: 127
19:22:36.407 INFO  CustomFileJudge - Custom file judge result: 127
19:22:36.407 INFO  ReductionDriver - Result from initial state is not interesting (attempt 3)
19:22:36.414 INFO  ExecHelper - interestingness_test /opt/reduce/intel_iris_xe_graphics/syn_subgroup_op_release/variant_898.comp reduction_results/intel_iris_xe_graphics/syn_subgroup_op_release/variant_898/variant_898.json
19:22:36.415 INFO  StreamGobblerLogger - stderr.env: ‘interestingness_test’: No such file or directory
19:22:36.416 INFO  ExecHelper - Result: 127
19:22:36.416 INFO  CustomFileJudge - Custom file judge result: 127
19:22:36.416 INFO  ReductionDriver - Result from initial state is not interesting (attempt 4)
19:22:36.423 INFO  ExecHelper - interestingness_test /opt/reduce/intel_iris_xe_graphics/syn_subgroup_op_release/variant_898.comp reduction_results/intel_iris_xe_graphics/syn_subgroup_op_release/variant_898/variant_898.json
19:22:36.424 INFO  StreamGobblerLogger - stderr.env: ‘interestingness_test’: No such file or directory
19:22:36.424 INFO  ExecHelper - Result: 127
19:22:36.424 INFO  CustomFileJudge - Custom file judge result: 127
19:22:36.424 INFO  ReductionDriver - Result from initial state is not interesting (attempt 5)
19:22:36.425 INFO  ReductionDriver - Tried 5 times; stopping.
Reduction command: java -ea -cp /opt/graphicsfuzz/graphicsfuzz/target/graphicsfuzz/python/drivers/../../jar/tool-1.0.jar com.graphicsfuzz.reducer.tool.GlslReduce /opt/reduce/intel_iris_xe_graphics/syn_subgroup_op_release/variant_898.json interestingness_test --output reduction_results/intel_iris_xe_graphics/syn_subgroup_op_release/variant_898 /opt/reduce/intel_iris_xe_graphics/syn_subgroup_op_release/variant_898.comp
