18:49:39.724 INFO  ExecHelper - /opt/graphicsfuzz/graphicsfuzz/target/graphicsfuzz/bin/Linux/glslangValidator -E --stdin -S comp
18:49:39.802 INFO  ExecHelper - Result: 0
18:49:40.125 INFO  ReductionDriver - Starting reduction for variant_705
18:49:40.140 INFO  ExecHelper - interestingness_test /opt/reduce/intel_iris_xe_graphics/syn_lock_step_release/variant_705.comp reduction_results/intel_iris_xe_graphics/syn_lock_step_release/variant_705/variant_705.json
18:49:40.142 INFO  StreamGobblerLogger - stderr.env: ‘interestingness_test’: No such file or directory
18:49:40.142 INFO  ExecHelper - Result: 127
18:49:40.142 INFO  CustomFileJudge - Custom file judge result: 127
18:49:40.142 INFO  ReductionDriver - Result from initial state is not interesting (attempt 1)
18:49:40.147 INFO  ExecHelper - interestingness_test /opt/reduce/intel_iris_xe_graphics/syn_lock_step_release/variant_705.comp reduction_results/intel_iris_xe_graphics/syn_lock_step_release/variant_705/variant_705.json
18:49:40.149 INFO  StreamGobblerLogger - stderr.env: ‘interestingness_test’: No such file or directory
18:49:40.149 INFO  ExecHelper - Result: 127
18:49:40.149 INFO  CustomFileJudge - Custom file judge result: 127
18:49:40.149 INFO  ReductionDriver - Result from initial state is not interesting (attempt 2)
18:49:40.154 INFO  ExecHelper - interestingness_test /opt/reduce/intel_iris_xe_graphics/syn_lock_step_release/variant_705.comp reduction_results/intel_iris_xe_graphics/syn_lock_step_release/variant_705/variant_705.json
18:49:40.155 INFO  StreamGobblerLogger - stderr.env: ‘interestingness_test’: No such file or directory
18:49:40.156 INFO  ExecHelper - Result: 127
18:49:40.156 INFO  CustomFileJudge - Custom file judge result: 127
18:49:40.156 INFO  ReductionDriver - Result from initial state is not interesting (attempt 3)
18:49:40.162 INFO  ExecHelper - interestingness_test /opt/reduce/intel_iris_xe_graphics/syn_lock_step_release/variant_705.comp reduction_results/intel_iris_xe_graphics/syn_lock_step_release/variant_705/variant_705.json
18:49:40.164 INFO  StreamGobblerLogger - stderr.env: ‘interestingness_test’: No such file or directory
18:49:40.164 INFO  ExecHelper - Result: 127
18:49:40.164 INFO  CustomFileJudge - Custom file judge result: 127
18:49:40.164 INFO  ReductionDriver - Result from initial state is not interesting (attempt 4)
18:49:40.169 INFO  ExecHelper - interestingness_test /opt/reduce/intel_iris_xe_graphics/syn_lock_step_release/variant_705.comp reduction_results/intel_iris_xe_graphics/syn_lock_step_release/variant_705/variant_705.json
18:49:40.170 INFO  StreamGobblerLogger - stderr.env: ‘interestingness_test’: No such file or directory
18:49:40.171 INFO  ExecHelper - Result: 127
18:49:40.171 INFO  CustomFileJudge - Custom file judge result: 127
18:49:40.171 INFO  ReductionDriver - Result from initial state is not interesting (attempt 5)
18:49:40.171 INFO  ReductionDriver - Tried 5 times; stopping.
Reduction command: java -ea -cp /opt/graphicsfuzz/graphicsfuzz/target/graphicsfuzz/python/drivers/../../jar/tool-1.0.jar com.graphicsfuzz.reducer.tool.GlslReduce /opt/reduce/intel_iris_xe_graphics/syn_lock_step_release/variant_705.json interestingness_test --output reduction_results/intel_iris_xe_graphics/syn_lock_step_release/variant_705 /opt/reduce/intel_iris_xe_graphics/syn_lock_step_release/variant_705.comp
