19:52:36.302 INFO  ExecHelper - /opt/graphicsfuzz/graphicsfuzz/target/graphicsfuzz/bin/Linux/glslangValidator -E --stdin -S comp
19:52:36.542 INFO  ExecHelper - Result: 0
19:52:37.121 INFO  ReductionDriver - Starting reduction for variant_830
19:52:37.133 INFO  ExecHelper - interestingness_test /opt/reduce/rtx_4070/syn_memory_converge_atomic/variant_830.comp reduction_results/rtx_4070/syn_memory_converge_atomic/variant_830/variant_830.json
19:52:37.134 INFO  StreamGobblerLogger - stderr.env: ‘interestingness_test’: No such file or directory
19:52:37.135 INFO  ExecHelper - Result: 127
19:52:37.135 INFO  CustomFileJudge - Custom file judge result: 127
19:52:37.135 INFO  ReductionDriver - Result from initial state is not interesting (attempt 1)
19:52:37.139 INFO  ExecHelper - interestingness_test /opt/reduce/rtx_4070/syn_memory_converge_atomic/variant_830.comp reduction_results/rtx_4070/syn_memory_converge_atomic/variant_830/variant_830.json
19:52:37.140 INFO  StreamGobblerLogger - stderr.env: ‘interestingness_test’: No such file or directory
19:52:37.141 INFO  ExecHelper - Result: 127
19:52:37.141 INFO  CustomFileJudge - Custom file judge result: 127
19:52:37.141 INFO  ReductionDriver - Result from initial state is not interesting (attempt 2)
19:52:37.144 INFO  ExecHelper - interestingness_test /opt/reduce/rtx_4070/syn_memory_converge_atomic/variant_830.comp reduction_results/rtx_4070/syn_memory_converge_atomic/variant_830/variant_830.json
19:52:37.145 INFO  StreamGobblerLogger - stderr.env: ‘interestingness_test’: No such file or directory
19:52:37.146 INFO  ExecHelper - Result: 127
19:52:37.146 INFO  CustomFileJudge - Custom file judge result: 127
19:52:37.146 INFO  ReductionDriver - Result from initial state is not interesting (attempt 3)
19:52:37.150 INFO  ExecHelper - interestingness_test /opt/reduce/rtx_4070/syn_memory_converge_atomic/variant_830.comp reduction_results/rtx_4070/syn_memory_converge_atomic/variant_830/variant_830.json
19:52:37.151 INFO  StreamGobblerLogger - stderr.env: ‘interestingness_test’: No such file or directory
19:52:37.151 INFO  ExecHelper - Result: 127
19:52:37.151 INFO  CustomFileJudge - Custom file judge result: 127
19:52:37.151 INFO  ReductionDriver - Result from initial state is not interesting (attempt 4)
19:52:37.154 INFO  ExecHelper - interestingness_test /opt/reduce/rtx_4070/syn_memory_converge_atomic/variant_830.comp reduction_results/rtx_4070/syn_memory_converge_atomic/variant_830/variant_830.json
19:52:37.155 INFO  StreamGobblerLogger - stderr.env: ‘interestingness_test’: No such file or directory
19:52:37.155 INFO  ExecHelper - Result: 127
19:52:37.155 INFO  CustomFileJudge - Custom file judge result: 127
19:52:37.155 INFO  ReductionDriver - Result from initial state is not interesting (attempt 5)
19:52:37.156 INFO  ReductionDriver - Tried 5 times; stopping.
Reduction command: java -ea -cp /opt/graphicsfuzz/graphicsfuzz/target/graphicsfuzz/python/drivers/../../jar/tool-1.0.jar com.graphicsfuzz.reducer.tool.GlslReduce /opt/reduce/rtx_4070/syn_memory_converge_atomic/variant_830.json interestingness_test --output reduction_results/rtx_4070/syn_memory_converge_atomic/variant_830 /opt/reduce/rtx_4070/syn_memory_converge_atomic/variant_830.comp
