19:27:34.440 INFO  ExecHelper - /opt/graphicsfuzz/graphicsfuzz/target/graphicsfuzz/bin/Linux/glslangValidator -E --stdin -S comp
19:27:34.538 INFO  ExecHelper - Result: 0
19:27:35.578 INFO  ReductionDriver - Starting reduction for variant_104
19:27:35.604 INFO  ExecHelper - interestingness_test /opt/reduce/rtx_4070/syn_memory_converge/variant_104.comp reduction_results/rtx_4070/syn_memory_converge/variant_104/variant_104.json
19:27:35.605 INFO  StreamGobblerLogger - stderr.env: ‘interestingness_test’: No such file or directory
19:27:35.606 INFO  ExecHelper - Result: 127
19:27:35.606 INFO  CustomFileJudge - Custom file judge result: 127
19:27:35.606 INFO  ReductionDriver - Result from initial state is not interesting (attempt 1)
19:27:35.620 INFO  ExecHelper - interestingness_test /opt/reduce/rtx_4070/syn_memory_converge/variant_104.comp reduction_results/rtx_4070/syn_memory_converge/variant_104/variant_104.json
19:27:35.622 INFO  StreamGobblerLogger - stderr.env: ‘interestingness_test’: No such file or directory
19:27:35.622 INFO  ExecHelper - Result: 127
19:27:35.622 INFO  CustomFileJudge - Custom file judge result: 127
19:27:35.622 INFO  ReductionDriver - Result from initial state is not interesting (attempt 2)
19:27:35.636 INFO  ExecHelper - interestingness_test /opt/reduce/rtx_4070/syn_memory_converge/variant_104.comp reduction_results/rtx_4070/syn_memory_converge/variant_104/variant_104.json
19:27:35.637 INFO  StreamGobblerLogger - stderr.env: ‘interestingness_test’: No such file or directory
19:27:35.637 INFO  ExecHelper - Result: 127
19:27:35.637 INFO  CustomFileJudge - Custom file judge result: 127
19:27:35.637 INFO  ReductionDriver - Result from initial state is not interesting (attempt 3)
19:27:35.649 INFO  ExecHelper - interestingness_test /opt/reduce/rtx_4070/syn_memory_converge/variant_104.comp reduction_results/rtx_4070/syn_memory_converge/variant_104/variant_104.json
19:27:35.650 INFO  StreamGobblerLogger - stderr.env: ‘interestingness_test’: No such file or directory
19:27:35.651 INFO  ExecHelper - Result: 127
19:27:35.651 INFO  CustomFileJudge - Custom file judge result: 127
19:27:35.651 INFO  ReductionDriver - Result from initial state is not interesting (attempt 4)
19:27:35.663 INFO  ExecHelper - interestingness_test /opt/reduce/rtx_4070/syn_memory_converge/variant_104.comp reduction_results/rtx_4070/syn_memory_converge/variant_104/variant_104.json
19:27:35.664 INFO  StreamGobblerLogger - stderr.env: ‘interestingness_test’: No such file or directory
19:27:35.664 INFO  ExecHelper - Result: 127
19:27:35.664 INFO  CustomFileJudge - Custom file judge result: 127
19:27:35.664 INFO  ReductionDriver - Result from initial state is not interesting (attempt 5)
19:27:35.664 INFO  ReductionDriver - Tried 5 times; stopping.
Reduction command: java -ea -cp /opt/graphicsfuzz/graphicsfuzz/target/graphicsfuzz/python/drivers/../../jar/tool-1.0.jar com.graphicsfuzz.reducer.tool.GlslReduce /opt/reduce/rtx_4070/syn_memory_converge/variant_104.json interestingness_test --output reduction_results/rtx_4070/syn_memory_converge/variant_104 /opt/reduce/rtx_4070/syn_memory_converge/variant_104.comp
