19:19:56.813 INFO  ExecHelper - /opt/graphicsfuzz/graphicsfuzz/target/graphicsfuzz/bin/Linux/glslangValidator -E --stdin -S comp
19:19:56.883 INFO  ExecHelper - Result: 0
19:19:57.512 INFO  ReductionDriver - Starting reduction for variant_662
19:19:57.554 INFO  ExecHelper - interestingness_test /opt/reduce/intel_iris_xe_graphics/syn_subgroup_op/variant_662.comp reduction_results/intel_iris_xe_graphics/syn_subgroup_op/variant_662/variant_662.json
19:19:57.557 INFO  StreamGobblerLogger - stderr.env: ‘interestingness_test’: No such file or directory
19:19:57.557 INFO  ExecHelper - Result: 127
19:19:57.557 INFO  CustomFileJudge - Custom file judge result: 127
19:19:57.557 INFO  ReductionDriver - Result from initial state is not interesting (attempt 1)
19:19:57.588 INFO  ExecHelper - interestingness_test /opt/reduce/intel_iris_xe_graphics/syn_subgroup_op/variant_662.comp reduction_results/intel_iris_xe_graphics/syn_subgroup_op/variant_662/variant_662.json
19:19:57.589 INFO  StreamGobblerLogger - stderr.env: ‘interestingness_test’: No such file or directory
19:19:57.590 INFO  ExecHelper - Result: 127
19:19:57.590 INFO  CustomFileJudge - Custom file judge result: 127
19:19:57.590 INFO  ReductionDriver - Result from initial state is not interesting (attempt 2)
19:19:57.628 INFO  ExecHelper - interestingness_test /opt/reduce/intel_iris_xe_graphics/syn_subgroup_op/variant_662.comp reduction_results/intel_iris_xe_graphics/syn_subgroup_op/variant_662/variant_662.json
19:19:57.629 INFO  StreamGobblerLogger - stderr.env: ‘interestingness_test’: No such file or directory
19:19:57.630 INFO  ExecHelper - Result: 127
19:19:57.630 INFO  CustomFileJudge - Custom file judge result: 127
19:19:57.630 INFO  ReductionDriver - Result from initial state is not interesting (attempt 3)
19:19:57.659 INFO  ExecHelper - interestingness_test /opt/reduce/intel_iris_xe_graphics/syn_subgroup_op/variant_662.comp reduction_results/intel_iris_xe_graphics/syn_subgroup_op/variant_662/variant_662.json
19:19:57.660 INFO  StreamGobblerLogger - stderr.env: ‘interestingness_test’: No such file or directory
19:19:57.661 INFO  ExecHelper - Result: 127
19:19:57.661 INFO  CustomFileJudge - Custom file judge result: 127
19:19:57.661 INFO  ReductionDriver - Result from initial state is not interesting (attempt 4)
19:19:57.686 INFO  ExecHelper - interestingness_test /opt/reduce/intel_iris_xe_graphics/syn_subgroup_op/variant_662.comp reduction_results/intel_iris_xe_graphics/syn_subgroup_op/variant_662/variant_662.json
19:19:57.687 INFO  StreamGobblerLogger - stderr.env: ‘interestingness_test’: No such file or directory
19:19:57.688 INFO  ExecHelper - Result: 127
19:19:57.688 INFO  CustomFileJudge - Custom file judge result: 127
19:19:57.688 INFO  ReductionDriver - Result from initial state is not interesting (attempt 5)
19:19:57.688 INFO  ReductionDriver - Tried 5 times; stopping.
Reduction command: java -ea -cp /opt/graphicsfuzz/graphicsfuzz/target/graphicsfuzz/python/drivers/../../jar/tool-1.0.jar com.graphicsfuzz.reducer.tool.GlslReduce /opt/reduce/intel_iris_xe_graphics/syn_subgroup_op/variant_662.json interestingness_test --output reduction_results/intel_iris_xe_graphics/syn_subgroup_op/variant_662 /opt/reduce/intel_iris_xe_graphics/syn_subgroup_op/variant_662.comp
