19:36:19.514 INFO  ExecHelper - /opt/graphicsfuzz/graphicsfuzz/target/graphicsfuzz/bin/Linux/glslangValidator -E --stdin -S comp
19:36:19.662 INFO  ExecHelper - Result: 0
19:36:20.587 INFO  ReductionDriver - Starting reduction for variant_720
19:36:20.605 INFO  ExecHelper - interestingness_test /opt/reduce/rtx_4070/syn_memory_converge/variant_720.comp reduction_results/rtx_4070/syn_memory_converge/variant_720/variant_720.json
19:36:20.606 INFO  StreamGobblerLogger - stderr.env: ‘interestingness_test’: No such file or directory
19:36:20.607 INFO  ExecHelper - Result: 127
19:36:20.607 INFO  CustomFileJudge - Custom file judge result: 127
19:36:20.607 INFO  ReductionDriver - Result from initial state is not interesting (attempt 1)
19:36:20.615 INFO  ExecHelper - interestingness_test /opt/reduce/rtx_4070/syn_memory_converge/variant_720.comp reduction_results/rtx_4070/syn_memory_converge/variant_720/variant_720.json
19:36:20.616 INFO  StreamGobblerLogger - stderr.env: ‘interestingness_test’: No such file or directory
19:36:20.616 INFO  ExecHelper - Result: 127
19:36:20.617 INFO  CustomFileJudge - Custom file judge result: 127
19:36:20.617 INFO  ReductionDriver - Result from initial state is not interesting (attempt 2)
19:36:20.626 INFO  ExecHelper - interestingness_test /opt/reduce/rtx_4070/syn_memory_converge/variant_720.comp reduction_results/rtx_4070/syn_memory_converge/variant_720/variant_720.json
19:36:20.627 INFO  StreamGobblerLogger - stderr.env: ‘interestingness_test’: No such file or directory
19:36:20.627 INFO  ExecHelper - Result: 127
19:36:20.627 INFO  CustomFileJudge - Custom file judge result: 127
19:36:20.627 INFO  ReductionDriver - Result from initial state is not interesting (attempt 3)
19:36:20.634 INFO  ExecHelper - interestingness_test /opt/reduce/rtx_4070/syn_memory_converge/variant_720.comp reduction_results/rtx_4070/syn_memory_converge/variant_720/variant_720.json
19:36:20.635 INFO  StreamGobblerLogger - stderr.env: ‘interestingness_test’: No such file or directory
19:36:20.635 INFO  ExecHelper - Result: 127
19:36:20.635 INFO  CustomFileJudge - Custom file judge result: 127
19:36:20.635 INFO  ReductionDriver - Result from initial state is not interesting (attempt 4)
19:36:20.641 INFO  ExecHelper - interestingness_test /opt/reduce/rtx_4070/syn_memory_converge/variant_720.comp reduction_results/rtx_4070/syn_memory_converge/variant_720/variant_720.json
19:36:20.643 INFO  StreamGobblerLogger - stderr.env: ‘interestingness_test’: No such file or directory
19:36:20.643 INFO  ExecHelper - Result: 127
19:36:20.643 INFO  CustomFileJudge - Custom file judge result: 127
19:36:20.643 INFO  ReductionDriver - Result from initial state is not interesting (attempt 5)
19:36:20.643 INFO  ReductionDriver - Tried 5 times; stopping.
Reduction command: java -ea -cp /opt/graphicsfuzz/graphicsfuzz/target/graphicsfuzz/python/drivers/../../jar/tool-1.0.jar com.graphicsfuzz.reducer.tool.GlslReduce /opt/reduce/rtx_4070/syn_memory_converge/variant_720.json interestingness_test --output reduction_results/rtx_4070/syn_memory_converge/variant_720 /opt/reduce/rtx_4070/syn_memory_converge/variant_720.comp
