19:30:32.359 INFO  ExecHelper - /opt/graphicsfuzz/graphicsfuzz/target/graphicsfuzz/bin/Linux/glslangValidator -E --stdin -S comp
19:30:32.406 INFO  ExecHelper - Result: 0
19:30:32.466 INFO  ReductionDriver - Starting reduction for variant_308
19:30:32.470 INFO  ExecHelper - interestingness_test /opt/reduce/rtx_4070/syn_memory_converge/variant_308.comp reduction_results/rtx_4070/syn_memory_converge/variant_308/variant_308.json
19:30:32.472 INFO  StreamGobblerLogger - stderr.env: ‘interestingness_test’: No such file or directory
19:30:32.472 INFO  ExecHelper - Result: 127
19:30:32.472 INFO  CustomFileJudge - Custom file judge result: 127
19:30:32.472 INFO  ReductionDriver - Result from initial state is not interesting (attempt 1)
19:30:32.473 INFO  ExecHelper - interestingness_test /opt/reduce/rtx_4070/syn_memory_converge/variant_308.comp reduction_results/rtx_4070/syn_memory_converge/variant_308/variant_308.json
19:30:32.474 INFO  StreamGobblerLogger - stderr.env: ‘interestingness_test’: No such file or directory
19:30:32.475 INFO  ExecHelper - Result: 127
19:30:32.475 INFO  CustomFileJudge - Custom file judge result: 127
19:30:32.475 INFO  ReductionDriver - Result from initial state is not interesting (attempt 2)
19:30:32.476 INFO  ExecHelper - interestingness_test /opt/reduce/rtx_4070/syn_memory_converge/variant_308.comp reduction_results/rtx_4070/syn_memory_converge/variant_308/variant_308.json
19:30:32.476 INFO  StreamGobblerLogger - stderr.env: ‘interestingness_test’: No such file or directory
19:30:32.477 INFO  ExecHelper - Result: 127
19:30:32.477 INFO  CustomFileJudge - Custom file judge result: 127
19:30:32.477 INFO  ReductionDriver - Result from initial state is not interesting (attempt 3)
19:30:32.478 INFO  ExecHelper - interestingness_test /opt/reduce/rtx_4070/syn_memory_converge/variant_308.comp reduction_results/rtx_4070/syn_memory_converge/variant_308/variant_308.json
19:30:32.479 INFO  StreamGobblerLogger - stderr.env: ‘interestingness_test’: No such file or directory
19:30:32.479 INFO  ExecHelper - Result: 127
19:30:32.479 INFO  CustomFileJudge - Custom file judge result: 127
19:30:32.479 INFO  ReductionDriver - Result from initial state is not interesting (attempt 4)
19:30:32.480 INFO  ExecHelper - interestingness_test /opt/reduce/rtx_4070/syn_memory_converge/variant_308.comp reduction_results/rtx_4070/syn_memory_converge/variant_308/variant_308.json
19:30:32.481 INFO  StreamGobblerLogger - stderr.env: ‘interestingness_test’: No such file or directory
19:30:32.482 INFO  ExecHelper - Result: 127
19:30:32.482 INFO  CustomFileJudge - Custom file judge result: 127
19:30:32.482 INFO  ReductionDriver - Result from initial state is not interesting (attempt 5)
19:30:32.482 INFO  ReductionDriver - Tried 5 times; stopping.
Reduction command: java -ea -cp /opt/graphicsfuzz/graphicsfuzz/target/graphicsfuzz/python/drivers/../../jar/tool-1.0.jar com.graphicsfuzz.reducer.tool.GlslReduce /opt/reduce/rtx_4070/syn_memory_converge/variant_308.json interestingness_test --output reduction_results/rtx_4070/syn_memory_converge/variant_308 /opt/reduce/rtx_4070/syn_memory_converge/variant_308.comp
