19:43:31.618 INFO  ExecHelper - /opt/graphicsfuzz/graphicsfuzz/target/graphicsfuzz/bin/Linux/glslangValidator -E --stdin -S comp
19:43:31.737 INFO  ExecHelper - Result: 0
19:43:32.292 INFO  ReductionDriver - Starting reduction for variant_226
19:43:32.307 INFO  ExecHelper - interestingness_test /opt/reduce/rtx_4070/syn_memory_converge_atomic/variant_226.comp reduction_results/rtx_4070/syn_memory_converge_atomic/variant_226/variant_226.json
19:43:32.309 INFO  StreamGobblerLogger - stderr.env: ‘interestingness_test’: No such file or directory
19:43:32.309 INFO  ExecHelper - Result: 127
19:43:32.309 INFO  CustomFileJudge - Custom file judge result: 127
19:43:32.309 INFO  ReductionDriver - Result from initial state is not interesting (attempt 1)
19:43:32.315 INFO  ExecHelper - interestingness_test /opt/reduce/rtx_4070/syn_memory_converge_atomic/variant_226.comp reduction_results/rtx_4070/syn_memory_converge_atomic/variant_226/variant_226.json
19:43:32.316 INFO  StreamGobblerLogger - stderr.env: ‘interestingness_test’: No such file or directory
19:43:32.316 INFO  ExecHelper - Result: 127
19:43:32.316 INFO  CustomFileJudge - Custom file judge result: 127
19:43:32.316 INFO  ReductionDriver - Result from initial state is not interesting (attempt 2)
19:43:32.322 INFO  ExecHelper - interestingness_test /opt/reduce/rtx_4070/syn_memory_converge_atomic/variant_226.comp reduction_results/rtx_4070/syn_memory_converge_atomic/variant_226/variant_226.json
19:43:32.323 INFO  StreamGobblerLogger - stderr.env: ‘interestingness_test’: No such file or directory
19:43:32.324 INFO  ExecHelper - Result: 127
19:43:32.324 INFO  CustomFileJudge - Custom file judge result: 127
19:43:32.324 INFO  ReductionDriver - Result from initial state is not interesting (attempt 3)
19:43:32.334 INFO  ExecHelper - interestingness_test /opt/reduce/rtx_4070/syn_memory_converge_atomic/variant_226.comp reduction_results/rtx_4070/syn_memory_converge_atomic/variant_226/variant_226.json
19:43:32.335 INFO  StreamGobblerLogger - stderr.env: ‘interestingness_test’: No such file or directory
19:43:32.336 INFO  ExecHelper - Result: 127
19:43:32.336 INFO  CustomFileJudge - Custom file judge result: 127
19:43:32.336 INFO  ReductionDriver - Result from initial state is not interesting (attempt 4)
19:43:32.343 INFO  ExecHelper - interestingness_test /opt/reduce/rtx_4070/syn_memory_converge_atomic/variant_226.comp reduction_results/rtx_4070/syn_memory_converge_atomic/variant_226/variant_226.json
19:43:32.344 INFO  StreamGobblerLogger - stderr.env: ‘interestingness_test’: No such file or directory
19:43:32.345 INFO  ExecHelper - Result: 127
19:43:32.345 INFO  CustomFileJudge - Custom file judge result: 127
19:43:32.345 INFO  ReductionDriver - Result from initial state is not interesting (attempt 5)
19:43:32.345 INFO  ReductionDriver - Tried 5 times; stopping.
Reduction command: java -ea -cp /opt/graphicsfuzz/graphicsfuzz/target/graphicsfuzz/python/drivers/../../jar/tool-1.0.jar com.graphicsfuzz.reducer.tool.GlslReduce /opt/reduce/rtx_4070/syn_memory_converge_atomic/variant_226.json interestingness_test --output reduction_results/rtx_4070/syn_memory_converge_atomic/variant_226 /opt/reduce/rtx_4070/syn_memory_converge_atomic/variant_226.comp
