18:45:05.515 INFO  ExecHelper - /opt/graphicsfuzz/graphicsfuzz/target/graphicsfuzz/bin/Linux/glslangValidator -E --stdin -S comp
18:45:05.541 INFO  ExecHelper - Result: 0
18:45:05.604 INFO  ReductionDriver - Starting reduction for variant_437
18:45:05.609 INFO  ExecHelper - interestingness_test /opt/reduce/intel_iris_xe_graphics/syn_branch_syn_relax/variant_437.comp reduction_results/intel_iris_xe_graphics/syn_branch_syn_relax/variant_437/variant_437.json
18:45:05.610 INFO  StreamGobblerLogger - stderr.env: ‘interestingness_test’: No such file or directory
18:45:05.611 INFO  ExecHelper - Result: 127
18:45:05.611 INFO  CustomFileJudge - Custom file judge result: 127
18:45:05.611 INFO  ReductionDriver - Result from initial state is not interesting (attempt 1)
18:45:05.612 INFO  ExecHelper - interestingness_test /opt/reduce/intel_iris_xe_graphics/syn_branch_syn_relax/variant_437.comp reduction_results/intel_iris_xe_graphics/syn_branch_syn_relax/variant_437/variant_437.json
18:45:05.613 INFO  StreamGobblerLogger - stderr.env: ‘interestingness_test’: No such file or directory
18:45:05.613 INFO  ExecHelper - Result: 127
18:45:05.613 INFO  CustomFileJudge - Custom file judge result: 127
18:45:05.614 INFO  ReductionDriver - Result from initial state is not interesting (attempt 2)
18:45:05.615 INFO  ExecHelper - interestingness_test /opt/reduce/intel_iris_xe_graphics/syn_branch_syn_relax/variant_437.comp reduction_results/intel_iris_xe_graphics/syn_branch_syn_relax/variant_437/variant_437.json
18:45:05.617 INFO  StreamGobblerLogger - stderr.env: ‘interestingness_test’: No such file or directory
18:45:05.617 INFO  ExecHelper - Result: 127
18:45:05.617 INFO  CustomFileJudge - Custom file judge result: 127
18:45:05.617 INFO  ReductionDriver - Result from initial state is not interesting (attempt 3)
18:45:05.619 INFO  ExecHelper - interestingness_test /opt/reduce/intel_iris_xe_graphics/syn_branch_syn_relax/variant_437.comp reduction_results/intel_iris_xe_graphics/syn_branch_syn_relax/variant_437/variant_437.json
18:45:05.619 INFO  StreamGobblerLogger - stderr.env: ‘interestingness_test’: No such file or directory
18:45:05.620 INFO  ExecHelper - Result: 127
18:45:05.620 INFO  CustomFileJudge - Custom file judge result: 127
18:45:05.620 INFO  ReductionDriver - Result from initial state is not interesting (attempt 4)
18:45:05.622 INFO  ExecHelper - interestingness_test /opt/reduce/intel_iris_xe_graphics/syn_branch_syn_relax/variant_437.comp reduction_results/intel_iris_xe_graphics/syn_branch_syn_relax/variant_437/variant_437.json
18:45:05.623 INFO  StreamGobblerLogger - stderr.env: ‘interestingness_test’: No such file or directory
18:45:05.623 INFO  ExecHelper - Result: 127
18:45:05.623 INFO  CustomFileJudge - Custom file judge result: 127
18:45:05.623 INFO  ReductionDriver - Result from initial state is not interesting (attempt 5)
18:45:05.623 INFO  ReductionDriver - Tried 5 times; stopping.
Reduction command: java -ea -cp /opt/graphicsfuzz/graphicsfuzz/target/graphicsfuzz/python/drivers/../../jar/tool-1.0.jar com.graphicsfuzz.reducer.tool.GlslReduce /opt/reduce/intel_iris_xe_graphics/syn_branch_syn_relax/variant_437.json interestingness_test --output reduction_results/intel_iris_xe_graphics/syn_branch_syn_relax/variant_437 /opt/reduce/intel_iris_xe_graphics/syn_branch_syn_relax/variant_437.comp
