18:22:14.443 INFO  ExecHelper - /opt/graphicsfuzz/graphicsfuzz/target/graphicsfuzz/bin/Linux/glslangValidator -E --stdin -S comp
18:22:14.534 INFO  ExecHelper - Result: 0
18:22:15.366 INFO  ReductionDriver - Starting reduction for variant_613
18:22:15.383 INFO  ExecHelper - interestingness_test /opt/reduce/cezanne_radeon_vega/syn_memory_converge/variant_613.comp reduction_results/cezanne_radeon_vega/syn_memory_converge/variant_613/variant_613.json
18:22:15.384 INFO  StreamGobblerLogger - stderr.env: ‘interestingness_test’: No such file or directory
18:22:15.384 INFO  ExecHelper - Result: 127
18:22:15.384 INFO  CustomFileJudge - Custom file judge result: 127
18:22:15.384 INFO  ReductionDriver - Result from initial state is not interesting (attempt 1)
18:22:15.390 INFO  ExecHelper - interestingness_test /opt/reduce/cezanne_radeon_vega/syn_memory_converge/variant_613.comp reduction_results/cezanne_radeon_vega/syn_memory_converge/variant_613/variant_613.json
18:22:15.391 INFO  StreamGobblerLogger - stderr.env: ‘interestingness_test’: No such file or directory
18:22:15.392 INFO  ExecHelper - Result: 127
18:22:15.392 INFO  CustomFileJudge - Custom file judge result: 127
18:22:15.392 INFO  ReductionDriver - Result from initial state is not interesting (attempt 2)
18:22:15.399 INFO  ExecHelper - interestingness_test /opt/reduce/cezanne_radeon_vega/syn_memory_converge/variant_613.comp reduction_results/cezanne_radeon_vega/syn_memory_converge/variant_613/variant_613.json
18:22:15.402 INFO  StreamGobblerLogger - stderr.env: ‘interestingness_test’: No such file or directory
18:22:15.402 INFO  ExecHelper - Result: 127
18:22:15.403 INFO  CustomFileJudge - Custom file judge result: 127
18:22:15.403 INFO  ReductionDriver - Result from initial state is not interesting (attempt 3)
18:22:15.414 INFO  ExecHelper - interestingness_test /opt/reduce/cezanne_radeon_vega/syn_memory_converge/variant_613.comp reduction_results/cezanne_radeon_vega/syn_memory_converge/variant_613/variant_613.json
18:22:15.415 INFO  StreamGobblerLogger - stderr.env: ‘interestingness_test’: No such file or directory
18:22:15.416 INFO  ExecHelper - Result: 127
18:22:15.416 INFO  CustomFileJudge - Custom file judge result: 127
18:22:15.416 INFO  ReductionDriver - Result from initial state is not interesting (attempt 4)
18:22:15.422 INFO  ExecHelper - interestingness_test /opt/reduce/cezanne_radeon_vega/syn_memory_converge/variant_613.comp reduction_results/cezanne_radeon_vega/syn_memory_converge/variant_613/variant_613.json
18:22:15.423 INFO  StreamGobblerLogger - stderr.env: ‘interestingness_test’: No such file or directory
18:22:15.423 INFO  ExecHelper - Result: 127
18:22:15.423 INFO  CustomFileJudge - Custom file judge result: 127
18:22:15.423 INFO  ReductionDriver - Result from initial state is not interesting (attempt 5)
18:22:15.423 INFO  ReductionDriver - Tried 5 times; stopping.
Reduction command: java -ea -cp /opt/graphicsfuzz/graphicsfuzz/target/graphicsfuzz/python/drivers/../../jar/tool-1.0.jar com.graphicsfuzz.reducer.tool.GlslReduce /opt/reduce/cezanne_radeon_vega/syn_memory_converge/variant_613.json interestingness_test --output reduction_results/cezanne_radeon_vega/syn_memory_converge/variant_613 /opt/reduce/cezanne_radeon_vega/syn_memory_converge/variant_613.comp
