19:56:45.087 INFO  ExecHelper - /opt/graphicsfuzz/graphicsfuzz/target/graphicsfuzz/bin/Linux/glslangValidator -E --stdin -S comp
19:56:45.155 INFO  ExecHelper - Result: 0
19:56:45.790 INFO  ReductionDriver - Starting reduction for variant_789
19:56:45.807 INFO  ExecHelper - interestingness_test /opt/reduce/rtx_4070/syn_subgroup_op_release/variant_789.comp reduction_results/rtx_4070/syn_subgroup_op_release/variant_789/variant_789.json
19:56:45.809 INFO  StreamGobblerLogger - stderr.env: ‘interestingness_test’: No such file or directory
19:56:45.809 INFO  ExecHelper - Result: 127
19:56:45.809 INFO  CustomFileJudge - Custom file judge result: 127
19:56:45.809 INFO  ReductionDriver - Result from initial state is not interesting (attempt 1)
19:56:45.818 INFO  ExecHelper - interestingness_test /opt/reduce/rtx_4070/syn_subgroup_op_release/variant_789.comp reduction_results/rtx_4070/syn_subgroup_op_release/variant_789/variant_789.json
19:56:45.820 INFO  StreamGobblerLogger - stderr.env: ‘interestingness_test’: No such file or directory
19:56:45.821 INFO  ExecHelper - Result: 127
19:56:45.821 INFO  CustomFileJudge - Custom file judge result: 127
19:56:45.821 INFO  ReductionDriver - Result from initial state is not interesting (attempt 2)
19:56:45.831 INFO  ExecHelper - interestingness_test /opt/reduce/rtx_4070/syn_subgroup_op_release/variant_789.comp reduction_results/rtx_4070/syn_subgroup_op_release/variant_789/variant_789.json
19:56:45.832 INFO  StreamGobblerLogger - stderr.env: ‘interestingness_test’: No such file or directory
19:56:45.833 INFO  ExecHelper - Result: 127
19:56:45.833 INFO  CustomFileJudge - Custom file judge result: 127
19:56:45.833 INFO  ReductionDriver - Result from initial state is not interesting (attempt 3)
19:56:45.840 INFO  ExecHelper - interestingness_test /opt/reduce/rtx_4070/syn_subgroup_op_release/variant_789.comp reduction_results/rtx_4070/syn_subgroup_op_release/variant_789/variant_789.json
19:56:45.841 INFO  StreamGobblerLogger - stderr.env: ‘interestingness_test’: No such file or directory
19:56:45.841 INFO  ExecHelper - Result: 127
19:56:45.841 INFO  CustomFileJudge - Custom file judge result: 127
19:56:45.841 INFO  ReductionDriver - Result from initial state is not interesting (attempt 4)
19:56:45.847 INFO  ExecHelper - interestingness_test /opt/reduce/rtx_4070/syn_subgroup_op_release/variant_789.comp reduction_results/rtx_4070/syn_subgroup_op_release/variant_789/variant_789.json
19:56:45.848 INFO  StreamGobblerLogger - stderr.env: ‘interestingness_test’: No such file or directory
19:56:45.848 INFO  ExecHelper - Result: 127
19:56:45.848 INFO  CustomFileJudge - Custom file judge result: 127
19:56:45.848 INFO  ReductionDriver - Result from initial state is not interesting (attempt 5)
19:56:45.848 INFO  ReductionDriver - Tried 5 times; stopping.
Reduction command: java -ea -cp /opt/graphicsfuzz/graphicsfuzz/target/graphicsfuzz/python/drivers/../../jar/tool-1.0.jar com.graphicsfuzz.reducer.tool.GlslReduce /opt/reduce/rtx_4070/syn_subgroup_op_release/variant_789.json interestingness_test --output reduction_results/rtx_4070/syn_subgroup_op_release/variant_789 /opt/reduce/rtx_4070/syn_subgroup_op_release/variant_789.comp
