18:26:53.688 INFO  ExecHelper - /opt/graphicsfuzz/graphicsfuzz/target/graphicsfuzz/bin/Linux/glslangValidator -E --stdin -S comp
18:26:53.740 INFO  ExecHelper - Result: 0
18:26:53.820 INFO  ReductionDriver - Starting reduction for variant_972
18:26:53.829 INFO  ExecHelper - interestingness_test /opt/reduce/cezanne_radeon_vega/syn_memory_converge/variant_972.comp reduction_results/cezanne_radeon_vega/syn_memory_converge/variant_972/variant_972.json
18:26:53.831 INFO  StreamGobblerLogger - stderr.env: ‘interestingness_test’: No such file or directory
18:26:53.831 INFO  ExecHelper - Result: 127
18:26:53.831 INFO  CustomFileJudge - Custom file judge result: 127
18:26:53.831 INFO  ReductionDriver - Result from initial state is not interesting (attempt 1)
18:26:53.834 INFO  ExecHelper - interestingness_test /opt/reduce/cezanne_radeon_vega/syn_memory_converge/variant_972.comp reduction_results/cezanne_radeon_vega/syn_memory_converge/variant_972/variant_972.json
18:26:53.835 INFO  StreamGobblerLogger - stderr.env: ‘interestingness_test’: No such file or directory
18:26:53.835 INFO  ExecHelper - Result: 127
18:26:53.835 INFO  CustomFileJudge - Custom file judge result: 127
18:26:53.835 INFO  ReductionDriver - Result from initial state is not interesting (attempt 2)
18:26:53.837 INFO  ExecHelper - interestingness_test /opt/reduce/cezanne_radeon_vega/syn_memory_converge/variant_972.comp reduction_results/cezanne_radeon_vega/syn_memory_converge/variant_972/variant_972.json
18:26:53.838 INFO  StreamGobblerLogger - stderr.env: ‘interestingness_test’: No such file or directory
18:26:53.839 INFO  ExecHelper - Result: 127
18:26:53.839 INFO  CustomFileJudge - Custom file judge result: 127
18:26:53.839 INFO  ReductionDriver - Result from initial state is not interesting (attempt 3)
18:26:53.840 INFO  ExecHelper - interestingness_test /opt/reduce/cezanne_radeon_vega/syn_memory_converge/variant_972.comp reduction_results/cezanne_radeon_vega/syn_memory_converge/variant_972/variant_972.json
18:26:53.841 INFO  StreamGobblerLogger - stderr.env: ‘interestingness_test’: No such file or directory
18:26:53.842 INFO  ExecHelper - Result: 127
18:26:53.842 INFO  CustomFileJudge - Custom file judge result: 127
18:26:53.842 INFO  ReductionDriver - Result from initial state is not interesting (attempt 4)
18:26:53.843 INFO  ExecHelper - interestingness_test /opt/reduce/cezanne_radeon_vega/syn_memory_converge/variant_972.comp reduction_results/cezanne_radeon_vega/syn_memory_converge/variant_972/variant_972.json
18:26:53.844 INFO  StreamGobblerLogger - stderr.env: ‘interestingness_test’: No such file or directory
18:26:53.845 INFO  ExecHelper - Result: 127
18:26:53.845 INFO  CustomFileJudge - Custom file judge result: 127
18:26:53.845 INFO  ReductionDriver - Result from initial state is not interesting (attempt 5)
18:26:53.845 INFO  ReductionDriver - Tried 5 times; stopping.
Reduction command: java -ea -cp /opt/graphicsfuzz/graphicsfuzz/target/graphicsfuzz/python/drivers/../../jar/tool-1.0.jar com.graphicsfuzz.reducer.tool.GlslReduce /opt/reduce/cezanne_radeon_vega/syn_memory_converge/variant_972.json interestingness_test --output reduction_results/cezanne_radeon_vega/syn_memory_converge/variant_972 /opt/reduce/cezanne_radeon_vega/syn_memory_converge/variant_972.comp
