18:39:57.938 INFO  ExecHelper - /opt/graphicsfuzz/graphicsfuzz/target/graphicsfuzz/bin/Linux/glslangValidator -E --stdin -S comp
18:39:57.990 INFO  ExecHelper - Result: 0
18:39:58.308 INFO  ReductionDriver - Starting reduction for variant_899
18:39:58.374 INFO  ExecHelper - interestingness_test /opt/reduce/cezanne_radeon_vega/syn_memory_converge_atomic/variant_899.comp reduction_results/cezanne_radeon_vega/syn_memory_converge_atomic/variant_899/variant_899.json
18:39:58.376 INFO  StreamGobblerLogger - stderr.env: ‘interestingness_test’: No such file or directory
18:39:58.376 INFO  ExecHelper - Result: 127
18:39:58.376 INFO  CustomFileJudge - Custom file judge result: 127
18:39:58.376 INFO  ReductionDriver - Result from initial state is not interesting (attempt 1)
18:39:58.427 INFO  ExecHelper - interestingness_test /opt/reduce/cezanne_radeon_vega/syn_memory_converge_atomic/variant_899.comp reduction_results/cezanne_radeon_vega/syn_memory_converge_atomic/variant_899/variant_899.json
18:39:58.428 INFO  StreamGobblerLogger - stderr.env: ‘interestingness_test’: No such file or directory
18:39:58.428 INFO  ExecHelper - Result: 127
18:39:58.429 INFO  CustomFileJudge - Custom file judge result: 127
18:39:58.429 INFO  ReductionDriver - Result from initial state is not interesting (attempt 2)
18:39:58.475 INFO  ExecHelper - interestingness_test /opt/reduce/cezanne_radeon_vega/syn_memory_converge_atomic/variant_899.comp reduction_results/cezanne_radeon_vega/syn_memory_converge_atomic/variant_899/variant_899.json
18:39:58.476 INFO  StreamGobblerLogger - stderr.env: ‘interestingness_test’: No such file or directory
18:39:58.477 INFO  ExecHelper - Result: 127
18:39:58.477 INFO  CustomFileJudge - Custom file judge result: 127
18:39:58.477 INFO  ReductionDriver - Result from initial state is not interesting (attempt 3)
18:39:58.521 INFO  ExecHelper - interestingness_test /opt/reduce/cezanne_radeon_vega/syn_memory_converge_atomic/variant_899.comp reduction_results/cezanne_radeon_vega/syn_memory_converge_atomic/variant_899/variant_899.json
18:39:58.522 INFO  StreamGobblerLogger - stderr.env: ‘interestingness_test’: No such file or directory
18:39:58.523 INFO  ExecHelper - Result: 127
18:39:58.523 INFO  CustomFileJudge - Custom file judge result: 127
18:39:58.523 INFO  ReductionDriver - Result from initial state is not interesting (attempt 4)
18:39:58.567 INFO  ExecHelper - interestingness_test /opt/reduce/cezanne_radeon_vega/syn_memory_converge_atomic/variant_899.comp reduction_results/cezanne_radeon_vega/syn_memory_converge_atomic/variant_899/variant_899.json
18:39:58.568 INFO  StreamGobblerLogger - stderr.env: ‘interestingness_test’: No such file or directory
18:39:58.569 INFO  ExecHelper - Result: 127
18:39:58.569 INFO  CustomFileJudge - Custom file judge result: 127
18:39:58.569 INFO  ReductionDriver - Result from initial state is not interesting (attempt 5)
18:39:58.569 INFO  ReductionDriver - Tried 5 times; stopping.
Reduction command: java -ea -cp /opt/graphicsfuzz/graphicsfuzz/target/graphicsfuzz/python/drivers/../../jar/tool-1.0.jar com.graphicsfuzz.reducer.tool.GlslReduce /opt/reduce/cezanne_radeon_vega/syn_memory_converge_atomic/variant_899.json interestingness_test --output reduction_results/cezanne_radeon_vega/syn_memory_converge_atomic/variant_899 /opt/reduce/cezanne_radeon_vega/syn_memory_converge_atomic/variant_899.comp
