19:47:31.430 INFO  ExecHelper - /opt/graphicsfuzz/graphicsfuzz/target/graphicsfuzz/bin/Linux/glslangValidator -E --stdin -S comp
19:47:31.477 INFO  ExecHelper - Result: 0
19:47:31.558 INFO  ReductionDriver - Starting reduction for variant_499
19:47:31.567 INFO  ExecHelper - interestingness_test /opt/reduce/rtx_4070/syn_memory_converge_atomic/variant_499.comp reduction_results/rtx_4070/syn_memory_converge_atomic/variant_499/variant_499.json
19:47:31.569 INFO  StreamGobblerLogger - stderr.env: ‘interestingness_test’: No such file or directory
19:47:31.569 INFO  ExecHelper - Result: 127
19:47:31.569 INFO  CustomFileJudge - Custom file judge result: 127
19:47:31.569 INFO  ReductionDriver - Result from initial state is not interesting (attempt 1)
19:47:31.574 INFO  ExecHelper - interestingness_test /opt/reduce/rtx_4070/syn_memory_converge_atomic/variant_499.comp reduction_results/rtx_4070/syn_memory_converge_atomic/variant_499/variant_499.json
19:47:31.576 INFO  StreamGobblerLogger - stderr.env: ‘interestingness_test’: No such file or directory
19:47:31.576 INFO  ExecHelper - Result: 127
19:47:31.576 INFO  CustomFileJudge - Custom file judge result: 127
19:47:31.576 INFO  ReductionDriver - Result from initial state is not interesting (attempt 2)
19:47:31.579 INFO  ExecHelper - interestingness_test /opt/reduce/rtx_4070/syn_memory_converge_atomic/variant_499.comp reduction_results/rtx_4070/syn_memory_converge_atomic/variant_499/variant_499.json
19:47:31.580 INFO  StreamGobblerLogger - stderr.env: ‘interestingness_test’: No such file or directory
19:47:31.580 INFO  ExecHelper - Result: 127
19:47:31.580 INFO  CustomFileJudge - Custom file judge result: 127
19:47:31.580 INFO  ReductionDriver - Result from initial state is not interesting (attempt 3)
19:47:31.582 INFO  ExecHelper - interestingness_test /opt/reduce/rtx_4070/syn_memory_converge_atomic/variant_499.comp reduction_results/rtx_4070/syn_memory_converge_atomic/variant_499/variant_499.json
19:47:31.583 INFO  StreamGobblerLogger - stderr.env: ‘interestingness_test’: No such file or directory
19:47:31.584 INFO  ExecHelper - Result: 127
19:47:31.584 INFO  CustomFileJudge - Custom file judge result: 127
19:47:31.584 INFO  ReductionDriver - Result from initial state is not interesting (attempt 4)
19:47:31.585 INFO  ExecHelper - interestingness_test /opt/reduce/rtx_4070/syn_memory_converge_atomic/variant_499.comp reduction_results/rtx_4070/syn_memory_converge_atomic/variant_499/variant_499.json
19:47:31.586 INFO  StreamGobblerLogger - stderr.env: ‘interestingness_test’: No such file or directory
19:47:31.587 INFO  ExecHelper - Result: 127
19:47:31.587 INFO  CustomFileJudge - Custom file judge result: 127
19:47:31.587 INFO  ReductionDriver - Result from initial state is not interesting (attempt 5)
19:47:31.587 INFO  ReductionDriver - Tried 5 times; stopping.
Reduction command: java -ea -cp /opt/graphicsfuzz/graphicsfuzz/target/graphicsfuzz/python/drivers/../../jar/tool-1.0.jar com.graphicsfuzz.reducer.tool.GlslReduce /opt/reduce/rtx_4070/syn_memory_converge_atomic/variant_499.json interestingness_test --output reduction_results/rtx_4070/syn_memory_converge_atomic/variant_499 /opt/reduce/rtx_4070/syn_memory_converge_atomic/variant_499.comp
