19:02:24.342 INFO  ExecHelper - /opt/graphicsfuzz/graphicsfuzz/target/graphicsfuzz/bin/Linux/glslangValidator -E --stdin -S comp
19:02:24.402 INFO  ExecHelper - Result: 0
19:02:24.799 INFO  ReductionDriver - Starting reduction for variant_875
19:02:24.934 INFO  ExecHelper - interestingness_test /opt/reduce/intel_iris_xe_graphics/syn_memory_converge/variant_875.comp reduction_results/intel_iris_xe_graphics/syn_memory_converge/variant_875/variant_875.json
19:02:24.935 INFO  StreamGobblerLogger - stderr.env: ‘interestingness_test’: No such file or directory
19:02:24.936 INFO  ExecHelper - Result: 127
19:02:24.936 INFO  CustomFileJudge - Custom file judge result: 127
19:02:24.936 INFO  ReductionDriver - Result from initial state is not interesting (attempt 1)
19:02:25.059 INFO  ExecHelper - interestingness_test /opt/reduce/intel_iris_xe_graphics/syn_memory_converge/variant_875.comp reduction_results/intel_iris_xe_graphics/syn_memory_converge/variant_875/variant_875.json
19:02:25.061 INFO  StreamGobblerLogger - stderr.env: ‘interestingness_test’: No such file or directory
19:02:25.061 INFO  ExecHelper - Result: 127
19:02:25.062 INFO  CustomFileJudge - Custom file judge result: 127
19:02:25.062 INFO  ReductionDriver - Result from initial state is not interesting (attempt 2)
19:02:25.176 INFO  ExecHelper - interestingness_test /opt/reduce/intel_iris_xe_graphics/syn_memory_converge/variant_875.comp reduction_results/intel_iris_xe_graphics/syn_memory_converge/variant_875/variant_875.json
19:02:25.177 INFO  StreamGobblerLogger - stderr.env: ‘interestingness_test’: No such file or directory
19:02:25.178 INFO  ExecHelper - Result: 127
19:02:25.178 INFO  CustomFileJudge - Custom file judge result: 127
19:02:25.178 INFO  ReductionDriver - Result from initial state is not interesting (attempt 3)
19:02:25.292 INFO  ExecHelper - interestingness_test /opt/reduce/intel_iris_xe_graphics/syn_memory_converge/variant_875.comp reduction_results/intel_iris_xe_graphics/syn_memory_converge/variant_875/variant_875.json
19:02:25.293 INFO  StreamGobblerLogger - stderr.env: ‘interestingness_test’: No such file or directory
19:02:25.293 INFO  ExecHelper - Result: 127
19:02:25.294 INFO  CustomFileJudge - Custom file judge result: 127
19:02:25.294 INFO  ReductionDriver - Result from initial state is not interesting (attempt 4)
19:02:25.406 INFO  ExecHelper - interestingness_test /opt/reduce/intel_iris_xe_graphics/syn_memory_converge/variant_875.comp reduction_results/intel_iris_xe_graphics/syn_memory_converge/variant_875/variant_875.json
19:02:25.407 INFO  StreamGobblerLogger - stderr.env: ‘interestingness_test’: No such file or directory
19:02:25.408 INFO  ExecHelper - Result: 127
19:02:25.408 INFO  CustomFileJudge - Custom file judge result: 127
19:02:25.408 INFO  ReductionDriver - Result from initial state is not interesting (attempt 5)
19:02:25.408 INFO  ReductionDriver - Tried 5 times; stopping.
Reduction command: java -ea -cp /opt/graphicsfuzz/graphicsfuzz/target/graphicsfuzz/python/drivers/../../jar/tool-1.0.jar com.graphicsfuzz.reducer.tool.GlslReduce /opt/reduce/intel_iris_xe_graphics/syn_memory_converge/variant_875.json interestingness_test --output reduction_results/intel_iris_xe_graphics/syn_memory_converge/variant_875 /opt/reduce/intel_iris_xe_graphics/syn_memory_converge/variant_875.comp
