18:47:27.192 INFO  ExecHelper - /opt/graphicsfuzz/graphicsfuzz/target/graphicsfuzz/bin/Linux/glslangValidator -E --stdin -S comp
18:47:27.271 INFO  ExecHelper - Result: 0
18:47:28.120 INFO  ReductionDriver - Starting reduction for variant_629
18:47:28.142 INFO  ExecHelper - interestingness_test /opt/reduce/intel_iris_xe_graphics/syn_lock_step/variant_629.comp reduction_results/intel_iris_xe_graphics/syn_lock_step/variant_629/variant_629.json
18:47:28.144 INFO  StreamGobblerLogger - stderr.env: ‘interestingness_test’: No such file or directory
18:47:28.144 INFO  ExecHelper - Result: 127
18:47:28.144 INFO  CustomFileJudge - Custom file judge result: 127
18:47:28.144 INFO  ReductionDriver - Result from initial state is not interesting (attempt 1)
18:47:28.156 INFO  ExecHelper - interestingness_test /opt/reduce/intel_iris_xe_graphics/syn_lock_step/variant_629.comp reduction_results/intel_iris_xe_graphics/syn_lock_step/variant_629/variant_629.json
18:47:28.157 INFO  StreamGobblerLogger - stderr.env: ‘interestingness_test’: No such file or directory
18:47:28.157 INFO  ExecHelper - Result: 127
18:47:28.158 INFO  CustomFileJudge - Custom file judge result: 127
18:47:28.158 INFO  ReductionDriver - Result from initial state is not interesting (attempt 2)
18:47:28.169 INFO  ExecHelper - interestingness_test /opt/reduce/intel_iris_xe_graphics/syn_lock_step/variant_629.comp reduction_results/intel_iris_xe_graphics/syn_lock_step/variant_629/variant_629.json
18:47:28.170 INFO  StreamGobblerLogger - stderr.env: ‘interestingness_test’: No such file or directory
18:47:28.171 INFO  ExecHelper - Result: 127
18:47:28.171 INFO  CustomFileJudge - Custom file judge result: 127
18:47:28.171 INFO  ReductionDriver - Result from initial state is not interesting (attempt 3)
18:47:28.180 INFO  ExecHelper - interestingness_test /opt/reduce/intel_iris_xe_graphics/syn_lock_step/variant_629.comp reduction_results/intel_iris_xe_graphics/syn_lock_step/variant_629/variant_629.json
18:47:28.181 INFO  StreamGobblerLogger - stderr.env: ‘interestingness_test’: No such file or directory
18:47:28.182 INFO  ExecHelper - Result: 127
18:47:28.182 INFO  CustomFileJudge - Custom file judge result: 127
18:47:28.182 INFO  ReductionDriver - Result from initial state is not interesting (attempt 4)
18:47:28.191 INFO  ExecHelper - interestingness_test /opt/reduce/intel_iris_xe_graphics/syn_lock_step/variant_629.comp reduction_results/intel_iris_xe_graphics/syn_lock_step/variant_629/variant_629.json
18:47:28.192 INFO  StreamGobblerLogger - stderr.env: ‘interestingness_test’: No such file or directory
18:47:28.192 INFO  ExecHelper - Result: 127
18:47:28.193 INFO  CustomFileJudge - Custom file judge result: 127
18:47:28.193 INFO  ReductionDriver - Result from initial state is not interesting (attempt 5)
18:47:28.193 INFO  ReductionDriver - Tried 5 times; stopping.
Reduction command: java -ea -cp /opt/graphicsfuzz/graphicsfuzz/target/graphicsfuzz/python/drivers/../../jar/tool-1.0.jar com.graphicsfuzz.reducer.tool.GlslReduce /opt/reduce/intel_iris_xe_graphics/syn_lock_step/variant_629.json interestingness_test --output reduction_results/intel_iris_xe_graphics/syn_lock_step/variant_629 /opt/reduce/intel_iris_xe_graphics/syn_lock_step/variant_629.comp
