18:49:13.906 INFO  ExecHelper - /opt/graphicsfuzz/graphicsfuzz/target/graphicsfuzz/bin/Linux/glslangValidator -E --stdin -S comp
18:49:14.033 INFO  ExecHelper - Result: 0
18:49:14.642 INFO  ReductionDriver - Starting reduction for variant_311
18:49:14.655 INFO  ExecHelper - interestingness_test /opt/reduce/intel_iris_xe_graphics/syn_lock_step_release/variant_311.comp reduction_results/intel_iris_xe_graphics/syn_lock_step_release/variant_311/variant_311.json
18:49:14.657 INFO  StreamGobblerLogger - stderr.env: ‘interestingness_test’: No such file or directory
18:49:14.657 INFO  ExecHelper - Result: 127
18:49:14.657 INFO  CustomFileJudge - Custom file judge result: 127
18:49:14.657 INFO  ReductionDriver - Result from initial state is not interesting (attempt 1)
18:49:14.663 INFO  ExecHelper - interestingness_test /opt/reduce/intel_iris_xe_graphics/syn_lock_step_release/variant_311.comp reduction_results/intel_iris_xe_graphics/syn_lock_step_release/variant_311/variant_311.json
18:49:14.664 INFO  StreamGobblerLogger - stderr.env: ‘interestingness_test’: No such file or directory
18:49:14.665 INFO  ExecHelper - Result: 127
18:49:14.665 INFO  CustomFileJudge - Custom file judge result: 127
18:49:14.665 INFO  ReductionDriver - Result from initial state is not interesting (attempt 2)
18:49:14.669 INFO  ExecHelper - interestingness_test /opt/reduce/intel_iris_xe_graphics/syn_lock_step_release/variant_311.comp reduction_results/intel_iris_xe_graphics/syn_lock_step_release/variant_311/variant_311.json
18:49:14.670 INFO  StreamGobblerLogger - stderr.env: ‘interestingness_test’: No such file or directory
18:49:14.671 INFO  ExecHelper - Result: 127
18:49:14.671 INFO  CustomFileJudge - Custom file judge result: 127
18:49:14.671 INFO  ReductionDriver - Result from initial state is not interesting (attempt 3)
18:49:14.692 INFO  ExecHelper - interestingness_test /opt/reduce/intel_iris_xe_graphics/syn_lock_step_release/variant_311.comp reduction_results/intel_iris_xe_graphics/syn_lock_step_release/variant_311/variant_311.json
18:49:14.693 INFO  StreamGobblerLogger - stderr.env: ‘interestingness_test’: No such file or directory
18:49:14.694 INFO  ExecHelper - Result: 127
18:49:14.694 INFO  CustomFileJudge - Custom file judge result: 127
18:49:14.694 INFO  ReductionDriver - Result from initial state is not interesting (attempt 4)
18:49:14.702 INFO  ExecHelper - interestingness_test /opt/reduce/intel_iris_xe_graphics/syn_lock_step_release/variant_311.comp reduction_results/intel_iris_xe_graphics/syn_lock_step_release/variant_311/variant_311.json
18:49:14.703 INFO  StreamGobblerLogger - stderr.env: ‘interestingness_test’: No such file or directory
18:49:14.704 INFO  ExecHelper - Result: 127
18:49:14.704 INFO  CustomFileJudge - Custom file judge result: 127
18:49:14.704 INFO  ReductionDriver - Result from initial state is not interesting (attempt 5)
18:49:14.704 INFO  ReductionDriver - Tried 5 times; stopping.
Reduction command: java -ea -cp /opt/graphicsfuzz/graphicsfuzz/target/graphicsfuzz/python/drivers/../../jar/tool-1.0.jar com.graphicsfuzz.reducer.tool.GlslReduce /opt/reduce/intel_iris_xe_graphics/syn_lock_step_release/variant_311.json interestingness_test --output reduction_results/intel_iris_xe_graphics/syn_lock_step_release/variant_311 /opt/reduce/intel_iris_xe_graphics/syn_lock_step_release/variant_311.comp
