18:16:54.689 INFO  ExecHelper - /opt/graphicsfuzz/graphicsfuzz/target/graphicsfuzz/bin/Linux/glslangValidator -E --stdin -S comp
18:16:54.772 INFO  ExecHelper - Result: 0
18:16:55.252 INFO  ReductionDriver - Starting reduction for variant_241
18:16:55.273 INFO  ExecHelper - interestingness_test /opt/reduce/cezanne_radeon_vega/syn_memory_converge/variant_241.comp reduction_results/cezanne_radeon_vega/syn_memory_converge/variant_241/variant_241.json
18:16:55.275 INFO  StreamGobblerLogger - stderr.env: ‘interestingness_test’: No such file or directory
18:16:55.275 INFO  ExecHelper - Result: 127
18:16:55.276 INFO  CustomFileJudge - Custom file judge result: 127
18:16:55.276 INFO  ReductionDriver - Result from initial state is not interesting (attempt 1)
18:16:55.282 INFO  ExecHelper - interestingness_test /opt/reduce/cezanne_radeon_vega/syn_memory_converge/variant_241.comp reduction_results/cezanne_radeon_vega/syn_memory_converge/variant_241/variant_241.json
18:16:55.283 INFO  StreamGobblerLogger - stderr.env: ‘interestingness_test’: No such file or directory
18:16:55.283 INFO  ExecHelper - Result: 127
18:16:55.283 INFO  CustomFileJudge - Custom file judge result: 127
18:16:55.284 INFO  ReductionDriver - Result from initial state is not interesting (attempt 2)
18:16:55.289 INFO  ExecHelper - interestingness_test /opt/reduce/cezanne_radeon_vega/syn_memory_converge/variant_241.comp reduction_results/cezanne_radeon_vega/syn_memory_converge/variant_241/variant_241.json
18:16:55.291 INFO  StreamGobblerLogger - stderr.env: ‘interestingness_test’: No such file or directory
18:16:55.291 INFO  ExecHelper - Result: 127
18:16:55.291 INFO  CustomFileJudge - Custom file judge result: 127
18:16:55.291 INFO  ReductionDriver - Result from initial state is not interesting (attempt 3)
18:16:55.298 INFO  ExecHelper - interestingness_test /opt/reduce/cezanne_radeon_vega/syn_memory_converge/variant_241.comp reduction_results/cezanne_radeon_vega/syn_memory_converge/variant_241/variant_241.json
18:16:55.299 INFO  StreamGobblerLogger - stderr.env: ‘interestingness_test’: No such file or directory
18:16:55.299 INFO  ExecHelper - Result: 127
18:16:55.300 INFO  CustomFileJudge - Custom file judge result: 127
18:16:55.300 INFO  ReductionDriver - Result from initial state is not interesting (attempt 4)
18:16:55.304 INFO  ExecHelper - interestingness_test /opt/reduce/cezanne_radeon_vega/syn_memory_converge/variant_241.comp reduction_results/cezanne_radeon_vega/syn_memory_converge/variant_241/variant_241.json
18:16:55.306 INFO  StreamGobblerLogger - stderr.env: ‘interestingness_test’: No such file or directory
18:16:55.306 INFO  ExecHelper - Result: 127
18:16:55.306 INFO  CustomFileJudge - Custom file judge result: 127
18:16:55.306 INFO  ReductionDriver - Result from initial state is not interesting (attempt 5)
18:16:55.306 INFO  ReductionDriver - Tried 5 times; stopping.
Reduction command: java -ea -cp /opt/graphicsfuzz/graphicsfuzz/target/graphicsfuzz/python/drivers/../../jar/tool-1.0.jar com.graphicsfuzz.reducer.tool.GlslReduce /opt/reduce/cezanne_radeon_vega/syn_memory_converge/variant_241.json interestingness_test --output reduction_results/cezanne_radeon_vega/syn_memory_converge/variant_241 /opt/reduce/cezanne_radeon_vega/syn_memory_converge/variant_241.comp
