18:50:34.582 INFO  ExecHelper - /opt/graphicsfuzz/graphicsfuzz/target/graphicsfuzz/bin/Linux/glslangValidator -E --stdin -S comp
18:50:34.719 INFO  ExecHelper - Result: 0
18:50:35.347 INFO  ReductionDriver - Starting reduction for variant_039
18:50:35.361 INFO  ExecHelper - interestingness_test /opt/reduce/intel_iris_xe_graphics/syn_memory_converge/variant_039.comp reduction_results/intel_iris_xe_graphics/syn_memory_converge/variant_039/variant_039.json
18:50:35.362 INFO  StreamGobblerLogger - stderr.env: ‘interestingness_test’: No such file or directory
18:50:35.363 INFO  ExecHelper - Result: 127
18:50:35.363 INFO  CustomFileJudge - Custom file judge result: 127
18:50:35.363 INFO  ReductionDriver - Result from initial state is not interesting (attempt 1)
18:50:35.367 INFO  ExecHelper - interestingness_test /opt/reduce/intel_iris_xe_graphics/syn_memory_converge/variant_039.comp reduction_results/intel_iris_xe_graphics/syn_memory_converge/variant_039/variant_039.json
18:50:35.368 INFO  StreamGobblerLogger - stderr.env: ‘interestingness_test’: No such file or directory
18:50:35.369 INFO  ExecHelper - Result: 127
18:50:35.369 INFO  CustomFileJudge - Custom file judge result: 127
18:50:35.369 INFO  ReductionDriver - Result from initial state is not interesting (attempt 2)
18:50:35.373 INFO  ExecHelper - interestingness_test /opt/reduce/intel_iris_xe_graphics/syn_memory_converge/variant_039.comp reduction_results/intel_iris_xe_graphics/syn_memory_converge/variant_039/variant_039.json
18:50:35.374 INFO  StreamGobblerLogger - stderr.env: ‘interestingness_test’: No such file or directory
18:50:35.375 INFO  ExecHelper - Result: 127
18:50:35.375 INFO  CustomFileJudge - Custom file judge result: 127
18:50:35.375 INFO  ReductionDriver - Result from initial state is not interesting (attempt 3)
18:50:35.378 INFO  ExecHelper - interestingness_test /opt/reduce/intel_iris_xe_graphics/syn_memory_converge/variant_039.comp reduction_results/intel_iris_xe_graphics/syn_memory_converge/variant_039/variant_039.json
18:50:35.379 INFO  StreamGobblerLogger - stderr.env: ‘interestingness_test’: No such file or directory
18:50:35.380 INFO  ExecHelper - Result: 127
18:50:35.380 INFO  CustomFileJudge - Custom file judge result: 127
18:50:35.380 INFO  ReductionDriver - Result from initial state is not interesting (attempt 4)
18:50:35.384 INFO  ExecHelper - interestingness_test /opt/reduce/intel_iris_xe_graphics/syn_memory_converge/variant_039.comp reduction_results/intel_iris_xe_graphics/syn_memory_converge/variant_039/variant_039.json
18:50:35.385 INFO  StreamGobblerLogger - stderr.env: ‘interestingness_test’: No such file or directory
18:50:35.386 INFO  ExecHelper - Result: 127
18:50:35.386 INFO  CustomFileJudge - Custom file judge result: 127
18:50:35.386 INFO  ReductionDriver - Result from initial state is not interesting (attempt 5)
18:50:35.386 INFO  ReductionDriver - Tried 5 times; stopping.
Reduction command: java -ea -cp /opt/graphicsfuzz/graphicsfuzz/target/graphicsfuzz/python/drivers/../../jar/tool-1.0.jar com.graphicsfuzz.reducer.tool.GlslReduce /opt/reduce/intel_iris_xe_graphics/syn_memory_converge/variant_039.json interestingness_test --output reduction_results/intel_iris_xe_graphics/syn_memory_converge/variant_039 /opt/reduce/intel_iris_xe_graphics/syn_memory_converge/variant_039.comp
