19:32:33.518 INFO  ExecHelper - /opt/graphicsfuzz/graphicsfuzz/target/graphicsfuzz/bin/Linux/glslangValidator -E --stdin -S comp
19:32:33.580 INFO  ExecHelper - Result: 0
19:32:42.193 INFO  ReductionDriver - Starting reduction for variant_453
19:32:42.736 INFO  ExecHelper - interestingness_test /opt/reduce/rtx_4070/syn_memory_converge/variant_453.comp reduction_results/rtx_4070/syn_memory_converge/variant_453/variant_453.json
19:32:42.738 INFO  StreamGobblerLogger - stderr.env: ‘interestingness_test’: No such file or directory
19:32:42.738 INFO  ExecHelper - Result: 127
19:32:42.739 INFO  CustomFileJudge - Custom file judge result: 127
19:32:42.739 INFO  ReductionDriver - Result from initial state is not interesting (attempt 1)
19:32:43.329 INFO  ExecHelper - interestingness_test /opt/reduce/rtx_4070/syn_memory_converge/variant_453.comp reduction_results/rtx_4070/syn_memory_converge/variant_453/variant_453.json
19:32:43.331 INFO  StreamGobblerLogger - stderr.env: ‘interestingness_test’: No such file or directory
19:32:43.331 INFO  ExecHelper - Result: 127
19:32:43.331 INFO  CustomFileJudge - Custom file judge result: 127
19:32:43.331 INFO  ReductionDriver - Result from initial state is not interesting (attempt 2)
19:32:43.867 INFO  ExecHelper - interestingness_test /opt/reduce/rtx_4070/syn_memory_converge/variant_453.comp reduction_results/rtx_4070/syn_memory_converge/variant_453/variant_453.json
19:32:43.869 INFO  StreamGobblerLogger - stderr.env: ‘interestingness_test’: No such file or directory
19:32:43.869 INFO  ExecHelper - Result: 127
19:32:43.869 INFO  CustomFileJudge - Custom file judge result: 127
19:32:43.869 INFO  ReductionDriver - Result from initial state is not interesting (attempt 3)
19:32:44.395 INFO  ExecHelper - interestingness_test /opt/reduce/rtx_4070/syn_memory_converge/variant_453.comp reduction_results/rtx_4070/syn_memory_converge/variant_453/variant_453.json
19:32:44.396 INFO  StreamGobblerLogger - stderr.env: ‘interestingness_test’: No such file or directory
19:32:44.397 INFO  ExecHelper - Result: 127
19:32:44.397 INFO  CustomFileJudge - Custom file judge result: 127
19:32:44.397 INFO  ReductionDriver - Result from initial state is not interesting (attempt 4)
19:32:44.926 INFO  ExecHelper - interestingness_test /opt/reduce/rtx_4070/syn_memory_converge/variant_453.comp reduction_results/rtx_4070/syn_memory_converge/variant_453/variant_453.json
19:32:44.927 INFO  StreamGobblerLogger - stderr.env: ‘interestingness_test’: No such file or directory
19:32:44.928 INFO  ExecHelper - Result: 127
19:32:44.928 INFO  CustomFileJudge - Custom file judge result: 127
19:32:44.928 INFO  ReductionDriver - Result from initial state is not interesting (attempt 5)
19:32:44.928 INFO  ReductionDriver - Tried 5 times; stopping.
Reduction command: java -ea -cp /opt/graphicsfuzz/graphicsfuzz/target/graphicsfuzz/python/drivers/../../jar/tool-1.0.jar com.graphicsfuzz.reducer.tool.GlslReduce /opt/reduce/rtx_4070/syn_memory_converge/variant_453.json interestingness_test --output reduction_results/rtx_4070/syn_memory_converge/variant_453 /opt/reduce/rtx_4070/syn_memory_converge/variant_453.comp
