18:33:21.541 INFO  ExecHelper - /opt/graphicsfuzz/graphicsfuzz/target/graphicsfuzz/bin/Linux/glslangValidator -E --stdin -S comp
18:33:21.593 INFO  ExecHelper - Result: 0
18:33:21.678 INFO  ReductionDriver - Starting reduction for variant_445
18:33:21.687 INFO  ExecHelper - interestingness_test /opt/reduce/cezanne_radeon_vega/syn_memory_converge_atomic/variant_445.comp reduction_results/cezanne_radeon_vega/syn_memory_converge_atomic/variant_445/variant_445.json
18:33:21.689 INFO  StreamGobblerLogger - stderr.env: ‘interestingness_test’: No such file or directory
18:33:21.689 INFO  ExecHelper - Result: 127
18:33:21.689 INFO  CustomFileJudge - Custom file judge result: 127
18:33:21.689 INFO  ReductionDriver - Result from initial state is not interesting (attempt 1)
18:33:21.691 INFO  ExecHelper - interestingness_test /opt/reduce/cezanne_radeon_vega/syn_memory_converge_atomic/variant_445.comp reduction_results/cezanne_radeon_vega/syn_memory_converge_atomic/variant_445/variant_445.json
18:33:21.692 INFO  StreamGobblerLogger - stderr.env: ‘interestingness_test’: No such file or directory
18:33:21.692 INFO  ExecHelper - Result: 127
18:33:21.693 INFO  CustomFileJudge - Custom file judge result: 127
18:33:21.693 INFO  ReductionDriver - Result from initial state is not interesting (attempt 2)
18:33:21.694 INFO  ExecHelper - interestingness_test /opt/reduce/cezanne_radeon_vega/syn_memory_converge_atomic/variant_445.comp reduction_results/cezanne_radeon_vega/syn_memory_converge_atomic/variant_445/variant_445.json
18:33:21.695 INFO  StreamGobblerLogger - stderr.env: ‘interestingness_test’: No such file or directory
18:33:21.696 INFO  ExecHelper - Result: 127
18:33:21.696 INFO  CustomFileJudge - Custom file judge result: 127
18:33:21.696 INFO  ReductionDriver - Result from initial state is not interesting (attempt 3)
18:33:21.697 INFO  ExecHelper - interestingness_test /opt/reduce/cezanne_radeon_vega/syn_memory_converge_atomic/variant_445.comp reduction_results/cezanne_radeon_vega/syn_memory_converge_atomic/variant_445/variant_445.json
18:33:21.699 INFO  StreamGobblerLogger - stderr.env: ‘interestingness_test’: No such file or directory
18:33:21.699 INFO  ExecHelper - Result: 127
18:33:21.699 INFO  CustomFileJudge - Custom file judge result: 127
18:33:21.699 INFO  ReductionDriver - Result from initial state is not interesting (attempt 4)
18:33:21.701 INFO  ExecHelper - interestingness_test /opt/reduce/cezanne_radeon_vega/syn_memory_converge_atomic/variant_445.comp reduction_results/cezanne_radeon_vega/syn_memory_converge_atomic/variant_445/variant_445.json
18:33:21.702 INFO  StreamGobblerLogger - stderr.env: ‘interestingness_test’: No such file or directory
18:33:21.703 INFO  ExecHelper - Result: 127
18:33:21.703 INFO  CustomFileJudge - Custom file judge result: 127
18:33:21.703 INFO  ReductionDriver - Result from initial state is not interesting (attempt 5)
18:33:21.703 INFO  ReductionDriver - Tried 5 times; stopping.
Reduction command: java -ea -cp /opt/graphicsfuzz/graphicsfuzz/target/graphicsfuzz/python/drivers/../../jar/tool-1.0.jar com.graphicsfuzz.reducer.tool.GlslReduce /opt/reduce/cezanne_radeon_vega/syn_memory_converge_atomic/variant_445.json interestingness_test --output reduction_results/cezanne_radeon_vega/syn_memory_converge_atomic/variant_445 /opt/reduce/cezanne_radeon_vega/syn_memory_converge_atomic/variant_445.comp
