19:05:04.708 INFO  ExecHelper - /opt/graphicsfuzz/graphicsfuzz/target/graphicsfuzz/bin/Linux/glslangValidator -E --stdin -S comp
19:05:04.781 INFO  ExecHelper - Result: 0
19:05:05.465 INFO  ReductionDriver - Starting reduction for variant_069
19:05:05.480 INFO  ExecHelper - interestingness_test /opt/reduce/intel_iris_xe_graphics/syn_memory_converge_atomic/variant_069.comp reduction_results/intel_iris_xe_graphics/syn_memory_converge_atomic/variant_069/variant_069.json
19:05:05.481 INFO  StreamGobblerLogger - stderr.env: ‘interestingness_test’: No such file or directory
19:05:05.481 INFO  ExecHelper - Result: 127
19:05:05.481 INFO  CustomFileJudge - Custom file judge result: 127
19:05:05.481 INFO  ReductionDriver - Result from initial state is not interesting (attempt 1)
19:05:05.488 INFO  ExecHelper - interestingness_test /opt/reduce/intel_iris_xe_graphics/syn_memory_converge_atomic/variant_069.comp reduction_results/intel_iris_xe_graphics/syn_memory_converge_atomic/variant_069/variant_069.json
19:05:05.489 INFO  StreamGobblerLogger - stderr.env: ‘interestingness_test’: No such file or directory
19:05:05.489 INFO  ExecHelper - Result: 127
19:05:05.489 INFO  CustomFileJudge - Custom file judge result: 127
19:05:05.489 INFO  ReductionDriver - Result from initial state is not interesting (attempt 2)
19:05:05.497 INFO  ExecHelper - interestingness_test /opt/reduce/intel_iris_xe_graphics/syn_memory_converge_atomic/variant_069.comp reduction_results/intel_iris_xe_graphics/syn_memory_converge_atomic/variant_069/variant_069.json
19:05:05.498 INFO  StreamGobblerLogger - stderr.env: ‘interestingness_test’: No such file or directory
19:05:05.498 INFO  ExecHelper - Result: 127
19:05:05.499 INFO  CustomFileJudge - Custom file judge result: 127
19:05:05.499 INFO  ReductionDriver - Result from initial state is not interesting (attempt 3)
19:05:05.505 INFO  ExecHelper - interestingness_test /opt/reduce/intel_iris_xe_graphics/syn_memory_converge_atomic/variant_069.comp reduction_results/intel_iris_xe_graphics/syn_memory_converge_atomic/variant_069/variant_069.json
19:05:05.506 INFO  StreamGobblerLogger - stderr.env: ‘interestingness_test’: No such file or directory
19:05:05.507 INFO  ExecHelper - Result: 127
19:05:05.507 INFO  CustomFileJudge - Custom file judge result: 127
19:05:05.507 INFO  ReductionDriver - Result from initial state is not interesting (attempt 4)
19:05:05.512 INFO  ExecHelper - interestingness_test /opt/reduce/intel_iris_xe_graphics/syn_memory_converge_atomic/variant_069.comp reduction_results/intel_iris_xe_graphics/syn_memory_converge_atomic/variant_069/variant_069.json
19:05:05.513 INFO  StreamGobblerLogger - stderr.env: ‘interestingness_test’: No such file or directory
19:05:05.513 INFO  ExecHelper - Result: 127
19:05:05.513 INFO  CustomFileJudge - Custom file judge result: 127
19:05:05.513 INFO  ReductionDriver - Result from initial state is not interesting (attempt 5)
19:05:05.513 INFO  ReductionDriver - Tried 5 times; stopping.
Reduction command: java -ea -cp /opt/graphicsfuzz/graphicsfuzz/target/graphicsfuzz/python/drivers/../../jar/tool-1.0.jar com.graphicsfuzz.reducer.tool.GlslReduce /opt/reduce/intel_iris_xe_graphics/syn_memory_converge_atomic/variant_069.json interestingness_test --output reduction_results/intel_iris_xe_graphics/syn_memory_converge_atomic/variant_069 /opt/reduce/intel_iris_xe_graphics/syn_memory_converge_atomic/variant_069.comp
