19:45:18.766 INFO  ExecHelper - /opt/graphicsfuzz/graphicsfuzz/target/graphicsfuzz/bin/Linux/glslangValidator -E --stdin -S comp
19:45:18.820 INFO  ExecHelper - Result: 0
19:45:19.112 INFO  ReductionDriver - Starting reduction for variant_345
19:45:19.198 INFO  ExecHelper - interestingness_test /opt/reduce/rtx_4070/syn_memory_converge_atomic/variant_345.comp reduction_results/rtx_4070/syn_memory_converge_atomic/variant_345/variant_345.json
19:45:19.200 INFO  StreamGobblerLogger - stderr.env: ‘interestingness_test’: No such file or directory
19:45:19.201 INFO  ExecHelper - Result: 127
19:45:19.201 INFO  CustomFileJudge - Custom file judge result: 127
19:45:19.201 INFO  ReductionDriver - Result from initial state is not interesting (attempt 1)
19:45:19.278 INFO  ExecHelper - interestingness_test /opt/reduce/rtx_4070/syn_memory_converge_atomic/variant_345.comp reduction_results/rtx_4070/syn_memory_converge_atomic/variant_345/variant_345.json
19:45:19.280 INFO  StreamGobblerLogger - stderr.env: ‘interestingness_test’: No such file or directory
19:45:19.280 INFO  ExecHelper - Result: 127
19:45:19.280 INFO  CustomFileJudge - Custom file judge result: 127
19:45:19.280 INFO  ReductionDriver - Result from initial state is not interesting (attempt 2)
19:45:19.342 INFO  ExecHelper - interestingness_test /opt/reduce/rtx_4070/syn_memory_converge_atomic/variant_345.comp reduction_results/rtx_4070/syn_memory_converge_atomic/variant_345/variant_345.json
19:45:19.344 INFO  StreamGobblerLogger - stderr.env: ‘interestingness_test’: No such file or directory
19:45:19.344 INFO  ExecHelper - Result: 127
19:45:19.344 INFO  CustomFileJudge - Custom file judge result: 127
19:45:19.344 INFO  ReductionDriver - Result from initial state is not interesting (attempt 3)
19:45:19.406 INFO  ExecHelper - interestingness_test /opt/reduce/rtx_4070/syn_memory_converge_atomic/variant_345.comp reduction_results/rtx_4070/syn_memory_converge_atomic/variant_345/variant_345.json
19:45:19.407 INFO  StreamGobblerLogger - stderr.env: ‘interestingness_test’: No such file or directory
19:45:19.408 INFO  ExecHelper - Result: 127
19:45:19.408 INFO  CustomFileJudge - Custom file judge result: 127
19:45:19.408 INFO  ReductionDriver - Result from initial state is not interesting (attempt 4)
19:45:19.467 INFO  ExecHelper - interestingness_test /opt/reduce/rtx_4070/syn_memory_converge_atomic/variant_345.comp reduction_results/rtx_4070/syn_memory_converge_atomic/variant_345/variant_345.json
19:45:19.468 INFO  StreamGobblerLogger - stderr.env: ‘interestingness_test’: No such file or directory
19:45:19.468 INFO  ExecHelper - Result: 127
19:45:19.468 INFO  CustomFileJudge - Custom file judge result: 127
19:45:19.468 INFO  ReductionDriver - Result from initial state is not interesting (attempt 5)
19:45:19.469 INFO  ReductionDriver - Tried 5 times; stopping.
Reduction command: java -ea -cp /opt/graphicsfuzz/graphicsfuzz/target/graphicsfuzz/python/drivers/../../jar/tool-1.0.jar com.graphicsfuzz.reducer.tool.GlslReduce /opt/reduce/rtx_4070/syn_memory_converge_atomic/variant_345.json interestingness_test --output reduction_results/rtx_4070/syn_memory_converge_atomic/variant_345 /opt/reduce/rtx_4070/syn_memory_converge_atomic/variant_345.comp
