19:51:49.131 INFO  ExecHelper - /opt/graphicsfuzz/graphicsfuzz/target/graphicsfuzz/bin/Linux/glslangValidator -E --stdin -S comp
19:51:49.186 INFO  ExecHelper - Result: 0
19:51:49.612 INFO  ReductionDriver - Starting reduction for variant_776
19:51:49.709 INFO  ExecHelper - interestingness_test /opt/reduce/rtx_4070/syn_memory_converge_atomic/variant_776.comp reduction_results/rtx_4070/syn_memory_converge_atomic/variant_776/variant_776.json
19:51:49.711 INFO  StreamGobblerLogger - stderr.env: ‘interestingness_test’: No such file or directory
19:51:49.711 INFO  ExecHelper - Result: 127
19:51:49.711 INFO  CustomFileJudge - Custom file judge result: 127
19:51:49.711 INFO  ReductionDriver - Result from initial state is not interesting (attempt 1)
19:51:49.800 INFO  ExecHelper - interestingness_test /opt/reduce/rtx_4070/syn_memory_converge_atomic/variant_776.comp reduction_results/rtx_4070/syn_memory_converge_atomic/variant_776/variant_776.json
19:51:49.801 INFO  StreamGobblerLogger - stderr.env: ‘interestingness_test’: No such file or directory
19:51:49.802 INFO  ExecHelper - Result: 127
19:51:49.802 INFO  CustomFileJudge - Custom file judge result: 127
19:51:49.802 INFO  ReductionDriver - Result from initial state is not interesting (attempt 2)
19:51:49.878 INFO  ExecHelper - interestingness_test /opt/reduce/rtx_4070/syn_memory_converge_atomic/variant_776.comp reduction_results/rtx_4070/syn_memory_converge_atomic/variant_776/variant_776.json
19:51:49.881 INFO  StreamGobblerLogger - stderr.env: ‘interestingness_test’: No such file or directory
19:51:49.881 INFO  ExecHelper - Result: 127
19:51:49.881 INFO  CustomFileJudge - Custom file judge result: 127
19:51:49.881 INFO  ReductionDriver - Result from initial state is not interesting (attempt 3)
19:51:49.955 INFO  ExecHelper - interestingness_test /opt/reduce/rtx_4070/syn_memory_converge_atomic/variant_776.comp reduction_results/rtx_4070/syn_memory_converge_atomic/variant_776/variant_776.json
19:51:49.956 INFO  StreamGobblerLogger - stderr.env: ‘interestingness_test’: No such file or directory
19:51:49.956 INFO  ExecHelper - Result: 127
19:51:49.957 INFO  CustomFileJudge - Custom file judge result: 127
19:51:49.957 INFO  ReductionDriver - Result from initial state is not interesting (attempt 4)
19:51:50.031 INFO  ExecHelper - interestingness_test /opt/reduce/rtx_4070/syn_memory_converge_atomic/variant_776.comp reduction_results/rtx_4070/syn_memory_converge_atomic/variant_776/variant_776.json
19:51:50.032 INFO  StreamGobblerLogger - stderr.env: ‘interestingness_test’: No such file or directory
19:51:50.032 INFO  ExecHelper - Result: 127
19:51:50.032 INFO  CustomFileJudge - Custom file judge result: 127
19:51:50.032 INFO  ReductionDriver - Result from initial state is not interesting (attempt 5)
19:51:50.032 INFO  ReductionDriver - Tried 5 times; stopping.
Reduction command: java -ea -cp /opt/graphicsfuzz/graphicsfuzz/target/graphicsfuzz/python/drivers/../../jar/tool-1.0.jar com.graphicsfuzz.reducer.tool.GlslReduce /opt/reduce/rtx_4070/syn_memory_converge_atomic/variant_776.json interestingness_test --output reduction_results/rtx_4070/syn_memory_converge_atomic/variant_776 /opt/reduce/rtx_4070/syn_memory_converge_atomic/variant_776.comp
