19:50:41.201 INFO  ExecHelper - /opt/graphicsfuzz/graphicsfuzz/target/graphicsfuzz/bin/Linux/glslangValidator -E --stdin -S comp
19:50:41.253 INFO  ExecHelper - Result: 0
19:50:41.337 INFO  ReductionDriver - Starting reduction for variant_703
19:50:41.347 INFO  ExecHelper - interestingness_test /opt/reduce/rtx_4070/syn_memory_converge_atomic/variant_703.comp reduction_results/rtx_4070/syn_memory_converge_atomic/variant_703/variant_703.json
19:50:41.348 INFO  StreamGobblerLogger - stderr.env: ‘interestingness_test’: No such file or directory
19:50:41.349 INFO  ExecHelper - Result: 127
19:50:41.349 INFO  CustomFileJudge - Custom file judge result: 127
19:50:41.349 INFO  ReductionDriver - Result from initial state is not interesting (attempt 1)
19:50:41.351 INFO  ExecHelper - interestingness_test /opt/reduce/rtx_4070/syn_memory_converge_atomic/variant_703.comp reduction_results/rtx_4070/syn_memory_converge_atomic/variant_703/variant_703.json
19:50:41.352 INFO  StreamGobblerLogger - stderr.env: ‘interestingness_test’: No such file or directory
19:50:41.353 INFO  ExecHelper - Result: 127
19:50:41.353 INFO  CustomFileJudge - Custom file judge result: 127
19:50:41.353 INFO  ReductionDriver - Result from initial state is not interesting (attempt 2)
19:50:41.355 INFO  ExecHelper - interestingness_test /opt/reduce/rtx_4070/syn_memory_converge_atomic/variant_703.comp reduction_results/rtx_4070/syn_memory_converge_atomic/variant_703/variant_703.json
19:50:41.356 INFO  StreamGobblerLogger - stderr.env: ‘interestingness_test’: No such file or directory
19:50:41.356 INFO  ExecHelper - Result: 127
19:50:41.356 INFO  CustomFileJudge - Custom file judge result: 127
19:50:41.356 INFO  ReductionDriver - Result from initial state is not interesting (attempt 3)
19:50:41.358 INFO  ExecHelper - interestingness_test /opt/reduce/rtx_4070/syn_memory_converge_atomic/variant_703.comp reduction_results/rtx_4070/syn_memory_converge_atomic/variant_703/variant_703.json
19:50:41.359 INFO  StreamGobblerLogger - stderr.env: ‘interestingness_test’: No such file or directory
19:50:41.359 INFO  ExecHelper - Result: 127
19:50:41.359 INFO  CustomFileJudge - Custom file judge result: 127
19:50:41.359 INFO  ReductionDriver - Result from initial state is not interesting (attempt 4)
19:50:41.362 INFO  ExecHelper - interestingness_test /opt/reduce/rtx_4070/syn_memory_converge_atomic/variant_703.comp reduction_results/rtx_4070/syn_memory_converge_atomic/variant_703/variant_703.json
19:50:41.363 INFO  StreamGobblerLogger - stderr.env: ‘interestingness_test’: No such file or directory
19:50:41.363 INFO  ExecHelper - Result: 127
19:50:41.363 INFO  CustomFileJudge - Custom file judge result: 127
19:50:41.363 INFO  ReductionDriver - Result from initial state is not interesting (attempt 5)
19:50:41.364 INFO  ReductionDriver - Tried 5 times; stopping.
Reduction command: java -ea -cp /opt/graphicsfuzz/graphicsfuzz/target/graphicsfuzz/python/drivers/../../jar/tool-1.0.jar com.graphicsfuzz.reducer.tool.GlslReduce /opt/reduce/rtx_4070/syn_memory_converge_atomic/variant_703.json interestingness_test --output reduction_results/rtx_4070/syn_memory_converge_atomic/variant_703 /opt/reduce/rtx_4070/syn_memory_converge_atomic/variant_703.comp
