19:22:16.229 INFO  ExecHelper - /opt/graphicsfuzz/graphicsfuzz/target/graphicsfuzz/bin/Linux/glslangValidator -E --stdin -S comp
19:22:16.306 INFO  ExecHelper - Result: 0
19:22:16.847 INFO  ReductionDriver - Starting reduction for variant_641
19:22:16.865 INFO  ExecHelper - interestingness_test /opt/reduce/intel_iris_xe_graphics/syn_subgroup_op_release/variant_641.comp reduction_results/intel_iris_xe_graphics/syn_subgroup_op_release/variant_641/variant_641.json
19:22:16.867 INFO  StreamGobblerLogger - stderr.env: ‘interestingness_test’: No such file or directory
19:22:16.867 INFO  ExecHelper - Result: 127
19:22:16.867 INFO  CustomFileJudge - Custom file judge result: 127
19:22:16.867 INFO  ReductionDriver - Result from initial state is not interesting (attempt 1)
19:22:16.875 INFO  ExecHelper - interestingness_test /opt/reduce/intel_iris_xe_graphics/syn_subgroup_op_release/variant_641.comp reduction_results/intel_iris_xe_graphics/syn_subgroup_op_release/variant_641/variant_641.json
19:22:16.876 INFO  StreamGobblerLogger - stderr.env: ‘interestingness_test’: No such file or directory
19:22:16.876 INFO  ExecHelper - Result: 127
19:22:16.876 INFO  CustomFileJudge - Custom file judge result: 127
19:22:16.876 INFO  ReductionDriver - Result from initial state is not interesting (attempt 2)
19:22:16.883 INFO  ExecHelper - interestingness_test /opt/reduce/intel_iris_xe_graphics/syn_subgroup_op_release/variant_641.comp reduction_results/intel_iris_xe_graphics/syn_subgroup_op_release/variant_641/variant_641.json
19:22:16.884 INFO  StreamGobblerLogger - stderr.env: ‘interestingness_test’: No such file or directory
19:22:16.885 INFO  ExecHelper - Result: 127
19:22:16.885 INFO  CustomFileJudge - Custom file judge result: 127
19:22:16.885 INFO  ReductionDriver - Result from initial state is not interesting (attempt 3)
19:22:16.891 INFO  ExecHelper - interestingness_test /opt/reduce/intel_iris_xe_graphics/syn_subgroup_op_release/variant_641.comp reduction_results/intel_iris_xe_graphics/syn_subgroup_op_release/variant_641/variant_641.json
19:22:16.892 INFO  StreamGobblerLogger - stderr.env: ‘interestingness_test’: No such file or directory
19:22:16.892 INFO  ExecHelper - Result: 127
19:22:16.892 INFO  CustomFileJudge - Custom file judge result: 127
19:22:16.892 INFO  ReductionDriver - Result from initial state is not interesting (attempt 4)
19:22:16.898 INFO  ExecHelper - interestingness_test /opt/reduce/intel_iris_xe_graphics/syn_subgroup_op_release/variant_641.comp reduction_results/intel_iris_xe_graphics/syn_subgroup_op_release/variant_641/variant_641.json
19:22:16.899 INFO  StreamGobblerLogger - stderr.env: ‘interestingness_test’: No such file or directory
19:22:16.899 INFO  ExecHelper - Result: 127
19:22:16.899 INFO  CustomFileJudge - Custom file judge result: 127
19:22:16.899 INFO  ReductionDriver - Result from initial state is not interesting (attempt 5)
19:22:16.900 INFO  ReductionDriver - Tried 5 times; stopping.
Reduction command: java -ea -cp /opt/graphicsfuzz/graphicsfuzz/target/graphicsfuzz/python/drivers/../../jar/tool-1.0.jar com.graphicsfuzz.reducer.tool.GlslReduce /opt/reduce/intel_iris_xe_graphics/syn_subgroup_op_release/variant_641.json interestingness_test --output reduction_results/intel_iris_xe_graphics/syn_subgroup_op_release/variant_641 /opt/reduce/intel_iris_xe_graphics/syn_subgroup_op_release/variant_641.comp
