19:22:54.208 INFO  ExecHelper - /opt/graphicsfuzz/graphicsfuzz/target/graphicsfuzz/bin/Linux/glslangValidator -E --stdin -S comp
19:22:54.319 INFO  ExecHelper - Result: 0
19:22:55.319 INFO  ReductionDriver - Starting reduction for variant_096
19:22:55.341 INFO  ExecHelper - interestingness_test /opt/reduce/rtx_4070/syn_branch_syn/variant_096.comp reduction_results/rtx_4070/syn_branch_syn/variant_096/variant_096.json
19:22:55.342 INFO  StreamGobblerLogger - stderr.env: ‘interestingness_test’: No such file or directory
19:22:55.343 INFO  ExecHelper - Result: 127
19:22:55.343 INFO  CustomFileJudge - Custom file judge result: 127
19:22:55.343 INFO  ReductionDriver - Result from initial state is not interesting (attempt 1)
19:22:55.355 INFO  ExecHelper - interestingness_test /opt/reduce/rtx_4070/syn_branch_syn/variant_096.comp reduction_results/rtx_4070/syn_branch_syn/variant_096/variant_096.json
19:22:55.356 INFO  StreamGobblerLogger - stderr.env: ‘interestingness_test’: No such file or directory
19:22:55.357 INFO  ExecHelper - Result: 127
19:22:55.357 INFO  CustomFileJudge - Custom file judge result: 127
19:22:55.357 INFO  ReductionDriver - Result from initial state is not interesting (attempt 2)
19:22:55.366 INFO  ExecHelper - interestingness_test /opt/reduce/rtx_4070/syn_branch_syn/variant_096.comp reduction_results/rtx_4070/syn_branch_syn/variant_096/variant_096.json
19:22:55.368 INFO  StreamGobblerLogger - stderr.env: ‘interestingness_test’: No such file or directory
19:22:55.368 INFO  ExecHelper - Result: 127
19:22:55.368 INFO  CustomFileJudge - Custom file judge result: 127
19:22:55.368 INFO  ReductionDriver - Result from initial state is not interesting (attempt 3)
19:22:55.378 INFO  ExecHelper - interestingness_test /opt/reduce/rtx_4070/syn_branch_syn/variant_096.comp reduction_results/rtx_4070/syn_branch_syn/variant_096/variant_096.json
19:22:55.379 INFO  StreamGobblerLogger - stderr.env: ‘interestingness_test’: No such file or directory
19:22:55.380 INFO  ExecHelper - Result: 127
19:22:55.380 INFO  CustomFileJudge - Custom file judge result: 127
19:22:55.380 INFO  ReductionDriver - Result from initial state is not interesting (attempt 4)
19:22:55.389 INFO  ExecHelper - interestingness_test /opt/reduce/rtx_4070/syn_branch_syn/variant_096.comp reduction_results/rtx_4070/syn_branch_syn/variant_096/variant_096.json
19:22:55.390 INFO  StreamGobblerLogger - stderr.env: ‘interestingness_test’: No such file or directory
19:22:55.391 INFO  ExecHelper - Result: 127
19:22:55.391 INFO  CustomFileJudge - Custom file judge result: 127
19:22:55.391 INFO  ReductionDriver - Result from initial state is not interesting (attempt 5)
19:22:55.391 INFO  ReductionDriver - Tried 5 times; stopping.
Reduction command: java -ea -cp /opt/graphicsfuzz/graphicsfuzz/target/graphicsfuzz/python/drivers/../../jar/tool-1.0.jar com.graphicsfuzz.reducer.tool.GlslReduce /opt/reduce/rtx_4070/syn_branch_syn/variant_096.json interestingness_test --output reduction_results/rtx_4070/syn_branch_syn/variant_096 /opt/reduce/rtx_4070/syn_branch_syn/variant_096.comp
