19:42:56.393 INFO  ExecHelper - /opt/graphicsfuzz/graphicsfuzz/target/graphicsfuzz/bin/Linux/glslangValidator -E --stdin -S comp
19:42:56.449 INFO  ExecHelper - Result: 0
19:42:56.814 INFO  ReductionDriver - Starting reduction for variant_192
19:42:56.912 INFO  ExecHelper - interestingness_test /opt/reduce/rtx_4070/syn_memory_converge_atomic/variant_192.comp reduction_results/rtx_4070/syn_memory_converge_atomic/variant_192/variant_192.json
19:42:56.913 INFO  StreamGobblerLogger - stderr.env: ‘interestingness_test’: No such file or directory
19:42:56.913 INFO  ExecHelper - Result: 127
19:42:56.914 INFO  CustomFileJudge - Custom file judge result: 127
19:42:56.914 INFO  ReductionDriver - Result from initial state is not interesting (attempt 1)
19:42:56.996 INFO  ExecHelper - interestingness_test /opt/reduce/rtx_4070/syn_memory_converge_atomic/variant_192.comp reduction_results/rtx_4070/syn_memory_converge_atomic/variant_192/variant_192.json
19:42:56.998 INFO  StreamGobblerLogger - stderr.env: ‘interestingness_test’: No such file or directory
19:42:56.998 INFO  ExecHelper - Result: 127
19:42:56.998 INFO  CustomFileJudge - Custom file judge result: 127
19:42:56.998 INFO  ReductionDriver - Result from initial state is not interesting (attempt 2)
19:42:57.076 INFO  ExecHelper - interestingness_test /opt/reduce/rtx_4070/syn_memory_converge_atomic/variant_192.comp reduction_results/rtx_4070/syn_memory_converge_atomic/variant_192/variant_192.json
19:42:57.079 INFO  StreamGobblerLogger - stderr.env: ‘interestingness_test’: No such file or directory
19:42:57.079 INFO  ExecHelper - Result: 127
19:42:57.079 INFO  CustomFileJudge - Custom file judge result: 127
19:42:57.079 INFO  ReductionDriver - Result from initial state is not interesting (attempt 3)
19:42:57.154 INFO  ExecHelper - interestingness_test /opt/reduce/rtx_4070/syn_memory_converge_atomic/variant_192.comp reduction_results/rtx_4070/syn_memory_converge_atomic/variant_192/variant_192.json
19:42:57.155 INFO  StreamGobblerLogger - stderr.env: ‘interestingness_test’: No such file or directory
19:42:57.156 INFO  ExecHelper - Result: 127
19:42:57.156 INFO  CustomFileJudge - Custom file judge result: 127
19:42:57.156 INFO  ReductionDriver - Result from initial state is not interesting (attempt 4)
19:42:57.229 INFO  ExecHelper - interestingness_test /opt/reduce/rtx_4070/syn_memory_converge_atomic/variant_192.comp reduction_results/rtx_4070/syn_memory_converge_atomic/variant_192/variant_192.json
19:42:57.230 INFO  StreamGobblerLogger - stderr.env: ‘interestingness_test’: No such file or directory
19:42:57.231 INFO  ExecHelper - Result: 127
19:42:57.231 INFO  CustomFileJudge - Custom file judge result: 127
19:42:57.231 INFO  ReductionDriver - Result from initial state is not interesting (attempt 5)
19:42:57.231 INFO  ReductionDriver - Tried 5 times; stopping.
Reduction command: java -ea -cp /opt/graphicsfuzz/graphicsfuzz/target/graphicsfuzz/python/drivers/../../jar/tool-1.0.jar com.graphicsfuzz.reducer.tool.GlslReduce /opt/reduce/rtx_4070/syn_memory_converge_atomic/variant_192.json interestingness_test --output reduction_results/rtx_4070/syn_memory_converge_atomic/variant_192 /opt/reduce/rtx_4070/syn_memory_converge_atomic/variant_192.comp
