19:08:53.412 INFO  ExecHelper - /opt/graphicsfuzz/graphicsfuzz/target/graphicsfuzz/bin/Linux/glslangValidator -E --stdin -S comp
19:08:53.469 INFO  ExecHelper - Result: 0
19:08:53.869 INFO  ReductionDriver - Starting reduction for variant_322
19:08:53.987 INFO  ExecHelper - interestingness_test /opt/reduce/intel_iris_xe_graphics/syn_memory_converge_atomic/variant_322.comp reduction_results/intel_iris_xe_graphics/syn_memory_converge_atomic/variant_322/variant_322.json
19:08:53.989 INFO  StreamGobblerLogger - stderr.env: ‘interestingness_test’: No such file or directory
19:08:53.989 INFO  ExecHelper - Result: 127
19:08:53.989 INFO  CustomFileJudge - Custom file judge result: 127
19:08:53.990 INFO  ReductionDriver - Result from initial state is not interesting (attempt 1)
19:08:54.092 INFO  ExecHelper - interestingness_test /opt/reduce/intel_iris_xe_graphics/syn_memory_converge_atomic/variant_322.comp reduction_results/intel_iris_xe_graphics/syn_memory_converge_atomic/variant_322/variant_322.json
19:08:54.093 INFO  StreamGobblerLogger - stderr.env: ‘interestingness_test’: No such file or directory
19:08:54.094 INFO  ExecHelper - Result: 127
19:08:54.094 INFO  CustomFileJudge - Custom file judge result: 127
19:08:54.094 INFO  ReductionDriver - Result from initial state is not interesting (attempt 2)
19:08:54.187 INFO  ExecHelper - interestingness_test /opt/reduce/intel_iris_xe_graphics/syn_memory_converge_atomic/variant_322.comp reduction_results/intel_iris_xe_graphics/syn_memory_converge_atomic/variant_322/variant_322.json
19:08:54.195 INFO  StreamGobblerLogger - stderr.env: ‘interestingness_test’: No such file or directory
19:08:54.196 INFO  ExecHelper - Result: 127
19:08:54.196 INFO  CustomFileJudge - Custom file judge result: 127
19:08:54.196 INFO  ReductionDriver - Result from initial state is not interesting (attempt 3)
19:08:54.283 INFO  ExecHelper - interestingness_test /opt/reduce/intel_iris_xe_graphics/syn_memory_converge_atomic/variant_322.comp reduction_results/intel_iris_xe_graphics/syn_memory_converge_atomic/variant_322/variant_322.json
19:08:54.285 INFO  StreamGobblerLogger - stderr.env: ‘interestingness_test’: No such file or directory
19:08:54.285 INFO  ExecHelper - Result: 127
19:08:54.285 INFO  CustomFileJudge - Custom file judge result: 127
19:08:54.285 INFO  ReductionDriver - Result from initial state is not interesting (attempt 4)
19:08:54.379 INFO  ExecHelper - interestingness_test /opt/reduce/intel_iris_xe_graphics/syn_memory_converge_atomic/variant_322.comp reduction_results/intel_iris_xe_graphics/syn_memory_converge_atomic/variant_322/variant_322.json
19:08:54.381 INFO  StreamGobblerLogger - stderr.env: ‘interestingness_test’: No such file or directory
19:08:54.381 INFO  ExecHelper - Result: 127
19:08:54.381 INFO  CustomFileJudge - Custom file judge result: 127
19:08:54.381 INFO  ReductionDriver - Result from initial state is not interesting (attempt 5)
19:08:54.381 INFO  ReductionDriver - Tried 5 times; stopping.
Reduction command: java -ea -cp /opt/graphicsfuzz/graphicsfuzz/target/graphicsfuzz/python/drivers/../../jar/tool-1.0.jar com.graphicsfuzz.reducer.tool.GlslReduce /opt/reduce/intel_iris_xe_graphics/syn_memory_converge_atomic/variant_322.json interestingness_test --output reduction_results/intel_iris_xe_graphics/syn_memory_converge_atomic/variant_322 /opt/reduce/intel_iris_xe_graphics/syn_memory_converge_atomic/variant_322.comp
