18:38:24.051 INFO  ExecHelper - /opt/graphicsfuzz/graphicsfuzz/target/graphicsfuzz/bin/Linux/glslangValidator -E --stdin -S comp
18:38:24.103 INFO  ExecHelper - Result: 0
18:38:24.195 INFO  ReductionDriver - Starting reduction for variant_783
18:38:24.205 INFO  ExecHelper - interestingness_test /opt/reduce/cezanne_radeon_vega/syn_memory_converge_atomic/variant_783.comp reduction_results/cezanne_radeon_vega/syn_memory_converge_atomic/variant_783/variant_783.json
18:38:24.206 INFO  StreamGobblerLogger - stderr.env: ‘interestingness_test’: No such file or directory
18:38:24.207 INFO  ExecHelper - Result: 127
18:38:24.207 INFO  CustomFileJudge - Custom file judge result: 127
18:38:24.207 INFO  ReductionDriver - Result from initial state is not interesting (attempt 1)
18:38:24.209 INFO  ExecHelper - interestingness_test /opt/reduce/cezanne_radeon_vega/syn_memory_converge_atomic/variant_783.comp reduction_results/cezanne_radeon_vega/syn_memory_converge_atomic/variant_783/variant_783.json
18:38:24.211 INFO  StreamGobblerLogger - stderr.env: ‘interestingness_test’: No such file or directory
18:38:24.211 INFO  ExecHelper - Result: 127
18:38:24.211 INFO  CustomFileJudge - Custom file judge result: 127
18:38:24.211 INFO  ReductionDriver - Result from initial state is not interesting (attempt 2)
18:38:24.213 INFO  ExecHelper - interestingness_test /opt/reduce/cezanne_radeon_vega/syn_memory_converge_atomic/variant_783.comp reduction_results/cezanne_radeon_vega/syn_memory_converge_atomic/variant_783/variant_783.json
18:38:24.215 INFO  StreamGobblerLogger - stderr.env: ‘interestingness_test’: No such file or directory
18:38:24.215 INFO  ExecHelper - Result: 127
18:38:24.215 INFO  CustomFileJudge - Custom file judge result: 127
18:38:24.215 INFO  ReductionDriver - Result from initial state is not interesting (attempt 3)
18:38:24.217 INFO  ExecHelper - interestingness_test /opt/reduce/cezanne_radeon_vega/syn_memory_converge_atomic/variant_783.comp reduction_results/cezanne_radeon_vega/syn_memory_converge_atomic/variant_783/variant_783.json
18:38:24.218 INFO  StreamGobblerLogger - stderr.env: ‘interestingness_test’: No such file or directory
18:38:24.218 INFO  ExecHelper - Result: 127
18:38:24.218 INFO  CustomFileJudge - Custom file judge result: 127
18:38:24.218 INFO  ReductionDriver - Result from initial state is not interesting (attempt 4)
18:38:24.220 INFO  ExecHelper - interestingness_test /opt/reduce/cezanne_radeon_vega/syn_memory_converge_atomic/variant_783.comp reduction_results/cezanne_radeon_vega/syn_memory_converge_atomic/variant_783/variant_783.json
18:38:24.221 INFO  StreamGobblerLogger - stderr.env: ‘interestingness_test’: No such file or directory
18:38:24.221 INFO  ExecHelper - Result: 127
18:38:24.222 INFO  CustomFileJudge - Custom file judge result: 127
18:38:24.222 INFO  ReductionDriver - Result from initial state is not interesting (attempt 5)
18:38:24.222 INFO  ReductionDriver - Tried 5 times; stopping.
Reduction command: java -ea -cp /opt/graphicsfuzz/graphicsfuzz/target/graphicsfuzz/python/drivers/../../jar/tool-1.0.jar com.graphicsfuzz.reducer.tool.GlslReduce /opt/reduce/cezanne_radeon_vega/syn_memory_converge_atomic/variant_783.json interestingness_test --output reduction_results/cezanne_radeon_vega/syn_memory_converge_atomic/variant_783 /opt/reduce/cezanne_radeon_vega/syn_memory_converge_atomic/variant_783.comp
