19:25:20.961 INFO  ExecHelper - /opt/graphicsfuzz/graphicsfuzz/target/graphicsfuzz/bin/Linux/glslangValidator -E --stdin -S comp
19:25:21.031 INFO  ExecHelper - Result: 0
19:25:21.882 INFO  ReductionDriver - Starting reduction for variant_209
19:25:21.962 INFO  ExecHelper - interestingness_test /opt/reduce/rtx_4070/syn_lock_step_relax/variant_209.comp reduction_results/rtx_4070/syn_lock_step_relax/variant_209/variant_209.json
19:25:21.964 INFO  StreamGobblerLogger - stderr.env: ‘interestingness_test’: No such file or directory
19:25:21.964 INFO  ExecHelper - Result: 127
19:25:21.964 INFO  CustomFileJudge - Custom file judge result: 127
19:25:21.964 INFO  ReductionDriver - Result from initial state is not interesting (attempt 1)
19:25:22.030 INFO  ExecHelper - interestingness_test /opt/reduce/rtx_4070/syn_lock_step_relax/variant_209.comp reduction_results/rtx_4070/syn_lock_step_relax/variant_209/variant_209.json
19:25:22.031 INFO  StreamGobblerLogger - stderr.env: ‘interestingness_test’: No such file or directory
19:25:22.032 INFO  ExecHelper - Result: 127
19:25:22.032 INFO  CustomFileJudge - Custom file judge result: 127
19:25:22.032 INFO  ReductionDriver - Result from initial state is not interesting (attempt 2)
19:25:22.090 INFO  ExecHelper - interestingness_test /opt/reduce/rtx_4070/syn_lock_step_relax/variant_209.comp reduction_results/rtx_4070/syn_lock_step_relax/variant_209/variant_209.json
19:25:22.091 INFO  StreamGobblerLogger - stderr.env: ‘interestingness_test’: No such file or directory
19:25:22.092 INFO  ExecHelper - Result: 127
19:25:22.092 INFO  CustomFileJudge - Custom file judge result: 127
19:25:22.092 INFO  ReductionDriver - Result from initial state is not interesting (attempt 3)
19:25:22.150 INFO  ExecHelper - interestingness_test /opt/reduce/rtx_4070/syn_lock_step_relax/variant_209.comp reduction_results/rtx_4070/syn_lock_step_relax/variant_209/variant_209.json
19:25:22.151 INFO  StreamGobblerLogger - stderr.env: ‘interestingness_test’: No such file or directory
19:25:22.152 INFO  ExecHelper - Result: 127
19:25:22.153 INFO  CustomFileJudge - Custom file judge result: 127
19:25:22.153 INFO  ReductionDriver - Result from initial state is not interesting (attempt 4)
19:25:22.210 INFO  ExecHelper - interestingness_test /opt/reduce/rtx_4070/syn_lock_step_relax/variant_209.comp reduction_results/rtx_4070/syn_lock_step_relax/variant_209/variant_209.json
19:25:22.212 INFO  StreamGobblerLogger - stderr.env: ‘interestingness_test’: No such file or directory
19:25:22.212 INFO  ExecHelper - Result: 127
19:25:22.213 INFO  CustomFileJudge - Custom file judge result: 127
19:25:22.213 INFO  ReductionDriver - Result from initial state is not interesting (attempt 5)
19:25:22.213 INFO  ReductionDriver - Tried 5 times; stopping.
Reduction command: java -ea -cp /opt/graphicsfuzz/graphicsfuzz/target/graphicsfuzz/python/drivers/../../jar/tool-1.0.jar com.graphicsfuzz.reducer.tool.GlslReduce /opt/reduce/rtx_4070/syn_lock_step_relax/variant_209.json interestingness_test --output reduction_results/rtx_4070/syn_lock_step_relax/variant_209 /opt/reduce/rtx_4070/syn_lock_step_relax/variant_209.comp
