19:17:22.171 INFO  ExecHelper - /opt/graphicsfuzz/graphicsfuzz/target/graphicsfuzz/bin/Linux/glslangValidator -E --stdin -S comp
19:17:22.219 INFO  ExecHelper - Result: 0
19:17:22.313 INFO  ReductionDriver - Starting reduction for variant_891
19:17:22.324 INFO  ExecHelper - interestingness_test /opt/reduce/intel_iris_xe_graphics/syn_memory_converge_atomic/variant_891.comp reduction_results/intel_iris_xe_graphics/syn_memory_converge_atomic/variant_891/variant_891.json
19:17:22.325 INFO  StreamGobblerLogger - stderr.env: ‘interestingness_test’: No such file or directory
19:17:22.326 INFO  ExecHelper - Result: 127
19:17:22.326 INFO  CustomFileJudge - Custom file judge result: 127
19:17:22.326 INFO  ReductionDriver - Result from initial state is not interesting (attempt 1)
19:17:22.328 INFO  ExecHelper - interestingness_test /opt/reduce/intel_iris_xe_graphics/syn_memory_converge_atomic/variant_891.comp reduction_results/intel_iris_xe_graphics/syn_memory_converge_atomic/variant_891/variant_891.json
19:17:22.330 INFO  StreamGobblerLogger - stderr.env: ‘interestingness_test’: No such file or directory
19:17:22.330 INFO  ExecHelper - Result: 127
19:17:22.330 INFO  CustomFileJudge - Custom file judge result: 127
19:17:22.330 INFO  ReductionDriver - Result from initial state is not interesting (attempt 2)
19:17:22.332 INFO  ExecHelper - interestingness_test /opt/reduce/intel_iris_xe_graphics/syn_memory_converge_atomic/variant_891.comp reduction_results/intel_iris_xe_graphics/syn_memory_converge_atomic/variant_891/variant_891.json
19:17:22.333 INFO  StreamGobblerLogger - stderr.env: ‘interestingness_test’: No such file or directory
19:17:22.334 INFO  ExecHelper - Result: 127
19:17:22.334 INFO  CustomFileJudge - Custom file judge result: 127
19:17:22.334 INFO  ReductionDriver - Result from initial state is not interesting (attempt 3)
19:17:22.336 INFO  ExecHelper - interestingness_test /opt/reduce/intel_iris_xe_graphics/syn_memory_converge_atomic/variant_891.comp reduction_results/intel_iris_xe_graphics/syn_memory_converge_atomic/variant_891/variant_891.json
19:17:22.337 INFO  StreamGobblerLogger - stderr.env: ‘interestingness_test’: No such file or directory
19:17:22.338 INFO  ExecHelper - Result: 127
19:17:22.338 INFO  CustomFileJudge - Custom file judge result: 127
19:17:22.338 INFO  ReductionDriver - Result from initial state is not interesting (attempt 4)
19:17:22.343 INFO  ExecHelper - interestingness_test /opt/reduce/intel_iris_xe_graphics/syn_memory_converge_atomic/variant_891.comp reduction_results/intel_iris_xe_graphics/syn_memory_converge_atomic/variant_891/variant_891.json
19:17:22.344 INFO  StreamGobblerLogger - stderr.env: ‘interestingness_test’: No such file or directory
19:17:22.344 INFO  ExecHelper - Result: 127
19:17:22.344 INFO  CustomFileJudge - Custom file judge result: 127
19:17:22.345 INFO  ReductionDriver - Result from initial state is not interesting (attempt 5)
19:17:22.345 INFO  ReductionDriver - Tried 5 times; stopping.
Reduction command: java -ea -cp /opt/graphicsfuzz/graphicsfuzz/target/graphicsfuzz/python/drivers/../../jar/tool-1.0.jar com.graphicsfuzz.reducer.tool.GlslReduce /opt/reduce/intel_iris_xe_graphics/syn_memory_converge_atomic/variant_891.json interestingness_test --output reduction_results/intel_iris_xe_graphics/syn_memory_converge_atomic/variant_891 /opt/reduce/intel_iris_xe_graphics/syn_memory_converge_atomic/variant_891.comp
