19:38:12.358 INFO  ExecHelper - /opt/graphicsfuzz/graphicsfuzz/target/graphicsfuzz/bin/Linux/glslangValidator -E --stdin -S comp
19:38:12.416 INFO  ExecHelper - Result: 0
19:38:12.782 INFO  ReductionDriver - Starting reduction for variant_854
19:38:12.912 INFO  ExecHelper - interestingness_test /opt/reduce/rtx_4070/syn_memory_converge/variant_854.comp reduction_results/rtx_4070/syn_memory_converge/variant_854/variant_854.json
19:38:12.914 INFO  StreamGobblerLogger - stderr.env: ‘interestingness_test’: No such file or directory
19:38:12.915 INFO  ExecHelper - Result: 127
19:38:12.915 INFO  CustomFileJudge - Custom file judge result: 127
19:38:12.915 INFO  ReductionDriver - Result from initial state is not interesting (attempt 1)
19:38:13.037 INFO  ExecHelper - interestingness_test /opt/reduce/rtx_4070/syn_memory_converge/variant_854.comp reduction_results/rtx_4070/syn_memory_converge/variant_854/variant_854.json
19:38:13.039 INFO  StreamGobblerLogger - stderr.env: ‘interestingness_test’: No such file or directory
19:38:13.040 INFO  ExecHelper - Result: 127
19:38:13.040 INFO  CustomFileJudge - Custom file judge result: 127
19:38:13.040 INFO  ReductionDriver - Result from initial state is not interesting (attempt 2)
19:38:13.149 INFO  ExecHelper - interestingness_test /opt/reduce/rtx_4070/syn_memory_converge/variant_854.comp reduction_results/rtx_4070/syn_memory_converge/variant_854/variant_854.json
19:38:13.150 INFO  StreamGobblerLogger - stderr.env: ‘interestingness_test’: No such file or directory
19:38:13.151 INFO  ExecHelper - Result: 127
19:38:13.151 INFO  CustomFileJudge - Custom file judge result: 127
19:38:13.151 INFO  ReductionDriver - Result from initial state is not interesting (attempt 3)
19:38:13.258 INFO  ExecHelper - interestingness_test /opt/reduce/rtx_4070/syn_memory_converge/variant_854.comp reduction_results/rtx_4070/syn_memory_converge/variant_854/variant_854.json
19:38:13.260 INFO  StreamGobblerLogger - stderr.env: ‘interestingness_test’: No such file or directory
19:38:13.260 INFO  ExecHelper - Result: 127
19:38:13.260 INFO  CustomFileJudge - Custom file judge result: 127
19:38:13.260 INFO  ReductionDriver - Result from initial state is not interesting (attempt 4)
19:38:13.366 INFO  ExecHelper - interestingness_test /opt/reduce/rtx_4070/syn_memory_converge/variant_854.comp reduction_results/rtx_4070/syn_memory_converge/variant_854/variant_854.json
19:38:13.368 INFO  StreamGobblerLogger - stderr.env: ‘interestingness_test’: No such file or directory
19:38:13.368 INFO  ExecHelper - Result: 127
19:38:13.368 INFO  CustomFileJudge - Custom file judge result: 127
19:38:13.369 INFO  ReductionDriver - Result from initial state is not interesting (attempt 5)
19:38:13.369 INFO  ReductionDriver - Tried 5 times; stopping.
Reduction command: java -ea -cp /opt/graphicsfuzz/graphicsfuzz/target/graphicsfuzz/python/drivers/../../jar/tool-1.0.jar com.graphicsfuzz.reducer.tool.GlslReduce /opt/reduce/rtx_4070/syn_memory_converge/variant_854.json interestingness_test --output reduction_results/rtx_4070/syn_memory_converge/variant_854 /opt/reduce/rtx_4070/syn_memory_converge/variant_854.comp
