18:50:40.691 INFO  ExecHelper - /opt/graphicsfuzz/graphicsfuzz/target/graphicsfuzz/bin/Linux/glslangValidator -E --stdin -S comp
18:50:40.777 INFO  ExecHelper - Result: 0
18:50:41.656 INFO  ReductionDriver - Starting reduction for variant_048
18:50:41.690 INFO  ExecHelper - interestingness_test /opt/reduce/intel_iris_xe_graphics/syn_memory_converge/variant_048.comp reduction_results/intel_iris_xe_graphics/syn_memory_converge/variant_048/variant_048.json
18:50:41.692 INFO  StreamGobblerLogger - stderr.env: ‘interestingness_test’: No such file or directory
18:50:41.692 INFO  ExecHelper - Result: 127
18:50:41.692 INFO  CustomFileJudge - Custom file judge result: 127
18:50:41.692 INFO  ReductionDriver - Result from initial state is not interesting (attempt 1)
18:50:41.716 INFO  ExecHelper - interestingness_test /opt/reduce/intel_iris_xe_graphics/syn_memory_converge/variant_048.comp reduction_results/intel_iris_xe_graphics/syn_memory_converge/variant_048/variant_048.json
18:50:41.718 INFO  StreamGobblerLogger - stderr.env: ‘interestingness_test’: No such file or directory
18:50:41.718 INFO  ExecHelper - Result: 127
18:50:41.719 INFO  CustomFileJudge - Custom file judge result: 127
18:50:41.719 INFO  ReductionDriver - Result from initial state is not interesting (attempt 2)
18:50:41.740 INFO  ExecHelper - interestingness_test /opt/reduce/intel_iris_xe_graphics/syn_memory_converge/variant_048.comp reduction_results/intel_iris_xe_graphics/syn_memory_converge/variant_048/variant_048.json
18:50:41.741 INFO  StreamGobblerLogger - stderr.env: ‘interestingness_test’: No such file or directory
18:50:41.742 INFO  ExecHelper - Result: 127
18:50:41.742 INFO  CustomFileJudge - Custom file judge result: 127
18:50:41.742 INFO  ReductionDriver - Result from initial state is not interesting (attempt 3)
18:50:41.762 INFO  ExecHelper - interestingness_test /opt/reduce/intel_iris_xe_graphics/syn_memory_converge/variant_048.comp reduction_results/intel_iris_xe_graphics/syn_memory_converge/variant_048/variant_048.json
18:50:41.763 INFO  StreamGobblerLogger - stderr.env: ‘interestingness_test’: No such file or directory
18:50:41.764 INFO  ExecHelper - Result: 127
18:50:41.764 INFO  CustomFileJudge - Custom file judge result: 127
18:50:41.764 INFO  ReductionDriver - Result from initial state is not interesting (attempt 4)
18:50:41.784 INFO  ExecHelper - interestingness_test /opt/reduce/intel_iris_xe_graphics/syn_memory_converge/variant_048.comp reduction_results/intel_iris_xe_graphics/syn_memory_converge/variant_048/variant_048.json
18:50:41.786 INFO  StreamGobblerLogger - stderr.env: ‘interestingness_test’: No such file or directory
18:50:41.786 INFO  ExecHelper - Result: 127
18:50:41.786 INFO  CustomFileJudge - Custom file judge result: 127
18:50:41.786 INFO  ReductionDriver - Result from initial state is not interesting (attempt 5)
18:50:41.786 INFO  ReductionDriver - Tried 5 times; stopping.
Reduction command: java -ea -cp /opt/graphicsfuzz/graphicsfuzz/target/graphicsfuzz/python/drivers/../../jar/tool-1.0.jar com.graphicsfuzz.reducer.tool.GlslReduce /opt/reduce/intel_iris_xe_graphics/syn_memory_converge/variant_048.json interestingness_test --output reduction_results/intel_iris_xe_graphics/syn_memory_converge/variant_048 /opt/reduce/intel_iris_xe_graphics/syn_memory_converge/variant_048.comp
