19:21:15.214 INFO  ExecHelper - /opt/graphicsfuzz/graphicsfuzz/target/graphicsfuzz/bin/Linux/glslangValidator -E --stdin -S comp
19:21:15.270 INFO  ExecHelper - Result: 0
19:21:15.706 INFO  ReductionDriver - Starting reduction for variant_893
19:21:15.807 INFO  ExecHelper - interestingness_test /opt/reduce/intel_iris_xe_graphics/syn_subgroup_op_relax/variant_893.comp reduction_results/intel_iris_xe_graphics/syn_subgroup_op_relax/variant_893/variant_893.json
19:21:15.809 INFO  StreamGobblerLogger - stderr.env: ‘interestingness_test’: No such file or directory
19:21:15.809 INFO  ExecHelper - Result: 127
19:21:15.809 INFO  CustomFileJudge - Custom file judge result: 127
19:21:15.809 INFO  ReductionDriver - Result from initial state is not interesting (attempt 1)
19:21:15.900 INFO  ExecHelper - interestingness_test /opt/reduce/intel_iris_xe_graphics/syn_subgroup_op_relax/variant_893.comp reduction_results/intel_iris_xe_graphics/syn_subgroup_op_relax/variant_893/variant_893.json
19:21:15.901 INFO  StreamGobblerLogger - stderr.env: ‘interestingness_test’: No such file or directory
19:21:15.902 INFO  ExecHelper - Result: 127
19:21:15.902 INFO  CustomFileJudge - Custom file judge result: 127
19:21:15.902 INFO  ReductionDriver - Result from initial state is not interesting (attempt 2)
19:21:15.982 INFO  ExecHelper - interestingness_test /opt/reduce/intel_iris_xe_graphics/syn_subgroup_op_relax/variant_893.comp reduction_results/intel_iris_xe_graphics/syn_subgroup_op_relax/variant_893/variant_893.json
19:21:15.984 INFO  StreamGobblerLogger - stderr.env: ‘interestingness_test’: No such file or directory
19:21:15.985 INFO  ExecHelper - Result: 127
19:21:15.985 INFO  CustomFileJudge - Custom file judge result: 127
19:21:15.985 INFO  ReductionDriver - Result from initial state is not interesting (attempt 3)
19:21:16.057 INFO  ExecHelper - interestingness_test /opt/reduce/intel_iris_xe_graphics/syn_subgroup_op_relax/variant_893.comp reduction_results/intel_iris_xe_graphics/syn_subgroup_op_relax/variant_893/variant_893.json
19:21:16.058 INFO  StreamGobblerLogger - stderr.env: ‘interestingness_test’: No such file or directory
19:21:16.059 INFO  ExecHelper - Result: 127
19:21:16.059 INFO  CustomFileJudge - Custom file judge result: 127
19:21:16.059 INFO  ReductionDriver - Result from initial state is not interesting (attempt 4)
19:21:16.131 INFO  ExecHelper - interestingness_test /opt/reduce/intel_iris_xe_graphics/syn_subgroup_op_relax/variant_893.comp reduction_results/intel_iris_xe_graphics/syn_subgroup_op_relax/variant_893/variant_893.json
19:21:16.133 INFO  StreamGobblerLogger - stderr.env: ‘interestingness_test’: No such file or directory
19:21:16.133 INFO  ExecHelper - Result: 127
19:21:16.133 INFO  CustomFileJudge - Custom file judge result: 127
19:21:16.133 INFO  ReductionDriver - Result from initial state is not interesting (attempt 5)
19:21:16.133 INFO  ReductionDriver - Tried 5 times; stopping.
Reduction command: java -ea -cp /opt/graphicsfuzz/graphicsfuzz/target/graphicsfuzz/python/drivers/../../jar/tool-1.0.jar com.graphicsfuzz.reducer.tool.GlslReduce /opt/reduce/intel_iris_xe_graphics/syn_subgroup_op_relax/variant_893.json interestingness_test --output reduction_results/intel_iris_xe_graphics/syn_subgroup_op_relax/variant_893 /opt/reduce/intel_iris_xe_graphics/syn_subgroup_op_relax/variant_893.comp
