19:32:55.078 INFO  ExecHelper - /opt/graphicsfuzz/graphicsfuzz/target/graphicsfuzz/bin/Linux/glslangValidator -E --stdin -S comp
19:32:55.145 INFO  ExecHelper - Result: 0
19:32:55.750 INFO  ReductionDriver - Starting reduction for variant_466
19:32:55.764 INFO  ExecHelper - interestingness_test /opt/reduce/rtx_4070/syn_memory_converge/variant_466.comp reduction_results/rtx_4070/syn_memory_converge/variant_466/variant_466.json
19:32:55.766 INFO  StreamGobblerLogger - stderr.env: ‘interestingness_test’: No such file or directory
19:32:55.766 INFO  ExecHelper - Result: 127
19:32:55.766 INFO  CustomFileJudge - Custom file judge result: 127
19:32:55.766 INFO  ReductionDriver - Result from initial state is not interesting (attempt 1)
19:32:55.771 INFO  ExecHelper - interestingness_test /opt/reduce/rtx_4070/syn_memory_converge/variant_466.comp reduction_results/rtx_4070/syn_memory_converge/variant_466/variant_466.json
19:32:55.772 INFO  StreamGobblerLogger - stderr.env: ‘interestingness_test’: No such file or directory
19:32:55.773 INFO  ExecHelper - Result: 127
19:32:55.773 INFO  CustomFileJudge - Custom file judge result: 127
19:32:55.773 INFO  ReductionDriver - Result from initial state is not interesting (attempt 2)
19:32:55.777 INFO  ExecHelper - interestingness_test /opt/reduce/rtx_4070/syn_memory_converge/variant_466.comp reduction_results/rtx_4070/syn_memory_converge/variant_466/variant_466.json
19:32:55.778 INFO  StreamGobblerLogger - stderr.env: ‘interestingness_test’: No such file or directory
19:32:55.778 INFO  ExecHelper - Result: 127
19:32:55.778 INFO  CustomFileJudge - Custom file judge result: 127
19:32:55.778 INFO  ReductionDriver - Result from initial state is not interesting (attempt 3)
19:32:55.782 INFO  ExecHelper - interestingness_test /opt/reduce/rtx_4070/syn_memory_converge/variant_466.comp reduction_results/rtx_4070/syn_memory_converge/variant_466/variant_466.json
19:32:55.784 INFO  StreamGobblerLogger - stderr.env: ‘interestingness_test’: No such file or directory
19:32:55.784 INFO  ExecHelper - Result: 127
19:32:55.784 INFO  CustomFileJudge - Custom file judge result: 127
19:32:55.784 INFO  ReductionDriver - Result from initial state is not interesting (attempt 4)
19:32:55.789 INFO  ExecHelper - interestingness_test /opt/reduce/rtx_4070/syn_memory_converge/variant_466.comp reduction_results/rtx_4070/syn_memory_converge/variant_466/variant_466.json
19:32:55.790 INFO  StreamGobblerLogger - stderr.env: ‘interestingness_test’: No such file or directory
19:32:55.791 INFO  ExecHelper - Result: 127
19:32:55.791 INFO  CustomFileJudge - Custom file judge result: 127
19:32:55.791 INFO  ReductionDriver - Result from initial state is not interesting (attempt 5)
19:32:55.791 INFO  ReductionDriver - Tried 5 times; stopping.
Reduction command: java -ea -cp /opt/graphicsfuzz/graphicsfuzz/target/graphicsfuzz/python/drivers/../../jar/tool-1.0.jar com.graphicsfuzz.reducer.tool.GlslReduce /opt/reduce/rtx_4070/syn_memory_converge/variant_466.json interestingness_test --output reduction_results/rtx_4070/syn_memory_converge/variant_466 /opt/reduce/rtx_4070/syn_memory_converge/variant_466.comp
