19:56:06.534 INFO  ExecHelper - /opt/graphicsfuzz/graphicsfuzz/target/graphicsfuzz/bin/Linux/glslangValidator -E --stdin -S comp
19:56:06.610 INFO  ExecHelper - Result: 0
19:56:07.329 INFO  ReductionDriver - Starting reduction for variant_707
19:56:07.349 INFO  ExecHelper - interestingness_test /opt/reduce/rtx_4070/syn_subgroup_op_relax/variant_707.comp reduction_results/rtx_4070/syn_subgroup_op_relax/variant_707/variant_707.json
19:56:07.351 INFO  StreamGobblerLogger - stderr.env: ‘interestingness_test’: No such file or directory
19:56:07.351 INFO  ExecHelper - Result: 127
19:56:07.351 INFO  CustomFileJudge - Custom file judge result: 127
19:56:07.351 INFO  ReductionDriver - Result from initial state is not interesting (attempt 1)
19:56:07.362 INFO  ExecHelper - interestingness_test /opt/reduce/rtx_4070/syn_subgroup_op_relax/variant_707.comp reduction_results/rtx_4070/syn_subgroup_op_relax/variant_707/variant_707.json
19:56:07.363 INFO  StreamGobblerLogger - stderr.env: ‘interestingness_test’: No such file or directory
19:56:07.364 INFO  ExecHelper - Result: 127
19:56:07.364 INFO  CustomFileJudge - Custom file judge result: 127
19:56:07.364 INFO  ReductionDriver - Result from initial state is not interesting (attempt 2)
19:56:07.381 INFO  ExecHelper - interestingness_test /opt/reduce/rtx_4070/syn_subgroup_op_relax/variant_707.comp reduction_results/rtx_4070/syn_subgroup_op_relax/variant_707/variant_707.json
19:56:07.382 INFO  StreamGobblerLogger - stderr.env: ‘interestingness_test’: No such file or directory
19:56:07.383 INFO  ExecHelper - Result: 127
19:56:07.383 INFO  CustomFileJudge - Custom file judge result: 127
19:56:07.383 INFO  ReductionDriver - Result from initial state is not interesting (attempt 3)
19:56:07.391 INFO  ExecHelper - interestingness_test /opt/reduce/rtx_4070/syn_subgroup_op_relax/variant_707.comp reduction_results/rtx_4070/syn_subgroup_op_relax/variant_707/variant_707.json
19:56:07.392 INFO  StreamGobblerLogger - stderr.env: ‘interestingness_test’: No such file or directory
19:56:07.392 INFO  ExecHelper - Result: 127
19:56:07.393 INFO  CustomFileJudge - Custom file judge result: 127
19:56:07.393 INFO  ReductionDriver - Result from initial state is not interesting (attempt 4)
19:56:07.400 INFO  ExecHelper - interestingness_test /opt/reduce/rtx_4070/syn_subgroup_op_relax/variant_707.comp reduction_results/rtx_4070/syn_subgroup_op_relax/variant_707/variant_707.json
19:56:07.401 INFO  StreamGobblerLogger - stderr.env: ‘interestingness_test’: No such file or directory
19:56:07.402 INFO  ExecHelper - Result: 127
19:56:07.402 INFO  CustomFileJudge - Custom file judge result: 127
19:56:07.402 INFO  ReductionDriver - Result from initial state is not interesting (attempt 5)
19:56:07.402 INFO  ReductionDriver - Tried 5 times; stopping.
Reduction command: java -ea -cp /opt/graphicsfuzz/graphicsfuzz/target/graphicsfuzz/python/drivers/../../jar/tool-1.0.jar com.graphicsfuzz.reducer.tool.GlslReduce /opt/reduce/rtx_4070/syn_subgroup_op_relax/variant_707.json interestingness_test --output reduction_results/rtx_4070/syn_subgroup_op_relax/variant_707 /opt/reduce/rtx_4070/syn_subgroup_op_relax/variant_707.comp
