19:20:34.963 INFO  ExecHelper - /opt/graphicsfuzz/graphicsfuzz/target/graphicsfuzz/bin/Linux/glslangValidator -E --stdin -S comp
19:20:35.058 INFO  ExecHelper - Result: 0
19:20:35.808 INFO  ReductionDriver - Starting reduction for variant_154
19:20:35.828 INFO  ExecHelper - interestingness_test /opt/reduce/intel_iris_xe_graphics/syn_subgroup_op_relax/variant_154.comp reduction_results/intel_iris_xe_graphics/syn_subgroup_op_relax/variant_154/variant_154.json
19:20:35.833 INFO  StreamGobblerLogger - stderr.env: ‘interestingness_test’: No such file or directory
19:20:35.834 INFO  ExecHelper - Result: 127
19:20:35.834 INFO  CustomFileJudge - Custom file judge result: 127
19:20:35.834 INFO  ReductionDriver - Result from initial state is not interesting (attempt 1)
19:20:35.845 INFO  ExecHelper - interestingness_test /opt/reduce/intel_iris_xe_graphics/syn_subgroup_op_relax/variant_154.comp reduction_results/intel_iris_xe_graphics/syn_subgroup_op_relax/variant_154/variant_154.json
19:20:35.846 INFO  StreamGobblerLogger - stderr.env: ‘interestingness_test’: No such file or directory
19:20:35.847 INFO  ExecHelper - Result: 127
19:20:35.847 INFO  CustomFileJudge - Custom file judge result: 127
19:20:35.847 INFO  ReductionDriver - Result from initial state is not interesting (attempt 2)
19:20:35.855 INFO  ExecHelper - interestingness_test /opt/reduce/intel_iris_xe_graphics/syn_subgroup_op_relax/variant_154.comp reduction_results/intel_iris_xe_graphics/syn_subgroup_op_relax/variant_154/variant_154.json
19:20:35.856 INFO  StreamGobblerLogger - stderr.env: ‘interestingness_test’: No such file or directory
19:20:35.857 INFO  ExecHelper - Result: 127
19:20:35.857 INFO  CustomFileJudge - Custom file judge result: 127
19:20:35.857 INFO  ReductionDriver - Result from initial state is not interesting (attempt 3)
19:20:35.864 INFO  ExecHelper - interestingness_test /opt/reduce/intel_iris_xe_graphics/syn_subgroup_op_relax/variant_154.comp reduction_results/intel_iris_xe_graphics/syn_subgroup_op_relax/variant_154/variant_154.json
19:20:35.865 INFO  StreamGobblerLogger - stderr.env: ‘interestingness_test’: No such file or directory
19:20:35.866 INFO  ExecHelper - Result: 127
19:20:35.866 INFO  CustomFileJudge - Custom file judge result: 127
19:20:35.866 INFO  ReductionDriver - Result from initial state is not interesting (attempt 4)
19:20:35.881 INFO  ExecHelper - interestingness_test /opt/reduce/intel_iris_xe_graphics/syn_subgroup_op_relax/variant_154.comp reduction_results/intel_iris_xe_graphics/syn_subgroup_op_relax/variant_154/variant_154.json
19:20:35.883 INFO  StreamGobblerLogger - stderr.env: ‘interestingness_test’: No such file or directory
19:20:35.883 INFO  ExecHelper - Result: 127
19:20:35.883 INFO  CustomFileJudge - Custom file judge result: 127
19:20:35.883 INFO  ReductionDriver - Result from initial state is not interesting (attempt 5)
19:20:35.883 INFO  ReductionDriver - Tried 5 times; stopping.
Reduction command: java -ea -cp /opt/graphicsfuzz/graphicsfuzz/target/graphicsfuzz/python/drivers/../../jar/tool-1.0.jar com.graphicsfuzz.reducer.tool.GlslReduce /opt/reduce/intel_iris_xe_graphics/syn_subgroup_op_relax/variant_154.json interestingness_test --output reduction_results/intel_iris_xe_graphics/syn_subgroup_op_relax/variant_154 /opt/reduce/intel_iris_xe_graphics/syn_subgroup_op_relax/variant_154.comp
