19:13:51.167 INFO  ExecHelper - /opt/graphicsfuzz/graphicsfuzz/target/graphicsfuzz/bin/Linux/glslangValidator -E --stdin -S comp
19:13:51.229 INFO  ExecHelper - Result: 0
19:14:00.426 INFO  ReductionDriver - Starting reduction for variant_663
19:14:00.887 INFO  ExecHelper - interestingness_test /opt/reduce/intel_iris_xe_graphics/syn_memory_converge_atomic/variant_663.comp reduction_results/intel_iris_xe_graphics/syn_memory_converge_atomic/variant_663/variant_663.json
19:14:00.889 INFO  StreamGobblerLogger - stderr.env: ‘interestingness_test’: No such file or directory
19:14:00.889 INFO  ExecHelper - Result: 127
19:14:00.889 INFO  CustomFileJudge - Custom file judge result: 127
19:14:00.889 INFO  ReductionDriver - Result from initial state is not interesting (attempt 1)
19:14:01.389 INFO  ExecHelper - interestingness_test /opt/reduce/intel_iris_xe_graphics/syn_memory_converge_atomic/variant_663.comp reduction_results/intel_iris_xe_graphics/syn_memory_converge_atomic/variant_663/variant_663.json
19:14:01.391 INFO  StreamGobblerLogger - stderr.env: ‘interestingness_test’: No such file or directory
19:14:01.391 INFO  ExecHelper - Result: 127
19:14:01.391 INFO  CustomFileJudge - Custom file judge result: 127
19:14:01.391 INFO  ReductionDriver - Result from initial state is not interesting (attempt 2)
19:14:01.832 INFO  ExecHelper - interestingness_test /opt/reduce/intel_iris_xe_graphics/syn_memory_converge_atomic/variant_663.comp reduction_results/intel_iris_xe_graphics/syn_memory_converge_atomic/variant_663/variant_663.json
19:14:01.833 INFO  StreamGobblerLogger - stderr.env: ‘interestingness_test’: No such file or directory
19:14:01.833 INFO  ExecHelper - Result: 127
19:14:01.833 INFO  CustomFileJudge - Custom file judge result: 127
19:14:01.834 INFO  ReductionDriver - Result from initial state is not interesting (attempt 3)
19:14:02.273 INFO  ExecHelper - interestingness_test /opt/reduce/intel_iris_xe_graphics/syn_memory_converge_atomic/variant_663.comp reduction_results/intel_iris_xe_graphics/syn_memory_converge_atomic/variant_663/variant_663.json
19:14:02.275 INFO  StreamGobblerLogger - stderr.env: ‘interestingness_test’: No such file or directory
19:14:02.275 INFO  ExecHelper - Result: 127
19:14:02.275 INFO  CustomFileJudge - Custom file judge result: 127
19:14:02.276 INFO  ReductionDriver - Result from initial state is not interesting (attempt 4)
19:14:02.717 INFO  ExecHelper - interestingness_test /opt/reduce/intel_iris_xe_graphics/syn_memory_converge_atomic/variant_663.comp reduction_results/intel_iris_xe_graphics/syn_memory_converge_atomic/variant_663/variant_663.json
19:14:02.719 INFO  StreamGobblerLogger - stderr.env: ‘interestingness_test’: No such file or directory
19:14:02.719 INFO  ExecHelper - Result: 127
19:14:02.719 INFO  CustomFileJudge - Custom file judge result: 127
19:14:02.719 INFO  ReductionDriver - Result from initial state is not interesting (attempt 5)
19:14:02.719 INFO  ReductionDriver - Tried 5 times; stopping.
Reduction command: java -ea -cp /opt/graphicsfuzz/graphicsfuzz/target/graphicsfuzz/python/drivers/../../jar/tool-1.0.jar com.graphicsfuzz.reducer.tool.GlslReduce /opt/reduce/intel_iris_xe_graphics/syn_memory_converge_atomic/variant_663.json interestingness_test --output reduction_results/intel_iris_xe_graphics/syn_memory_converge_atomic/variant_663 /opt/reduce/intel_iris_xe_graphics/syn_memory_converge_atomic/variant_663.comp
