18:20:31.032 INFO  ExecHelper - /opt/graphicsfuzz/graphicsfuzz/target/graphicsfuzz/bin/Linux/glslangValidator -E --stdin -S comp
18:20:31.084 INFO  ExecHelper - Result: 0
18:20:31.339 INFO  ReductionDriver - Starting reduction for variant_491
18:20:31.437 INFO  ExecHelper - interestingness_test /opt/reduce/cezanne_radeon_vega/syn_memory_converge/variant_491.comp reduction_results/cezanne_radeon_vega/syn_memory_converge/variant_491/variant_491.json
18:20:31.439 INFO  StreamGobblerLogger - stderr.env: ‘interestingness_test’: No such file or directory
18:20:31.440 INFO  ExecHelper - Result: 127
18:20:31.440 INFO  CustomFileJudge - Custom file judge result: 127
18:20:31.440 INFO  ReductionDriver - Result from initial state is not interesting (attempt 1)
18:20:31.490 INFO  ExecHelper - interestingness_test /opt/reduce/cezanne_radeon_vega/syn_memory_converge/variant_491.comp reduction_results/cezanne_radeon_vega/syn_memory_converge/variant_491/variant_491.json
18:20:31.491 INFO  StreamGobblerLogger - stderr.env: ‘interestingness_test’: No such file or directory
18:20:31.492 INFO  ExecHelper - Result: 127
18:20:31.492 INFO  CustomFileJudge - Custom file judge result: 127
18:20:31.492 INFO  ReductionDriver - Result from initial state is not interesting (attempt 2)
18:20:31.531 INFO  ExecHelper - interestingness_test /opt/reduce/cezanne_radeon_vega/syn_memory_converge/variant_491.comp reduction_results/cezanne_radeon_vega/syn_memory_converge/variant_491/variant_491.json
18:20:31.532 INFO  StreamGobblerLogger - stderr.env: ‘interestingness_test’: No such file or directory
18:20:31.534 INFO  ExecHelper - Result: 127
18:20:31.534 INFO  CustomFileJudge - Custom file judge result: 127
18:20:31.534 INFO  ReductionDriver - Result from initial state is not interesting (attempt 3)
18:20:31.571 INFO  ExecHelper - interestingness_test /opt/reduce/cezanne_radeon_vega/syn_memory_converge/variant_491.comp reduction_results/cezanne_radeon_vega/syn_memory_converge/variant_491/variant_491.json
18:20:31.573 INFO  StreamGobblerLogger - stderr.env: ‘interestingness_test’: No such file or directory
18:20:31.573 INFO  ExecHelper - Result: 127
18:20:31.573 INFO  CustomFileJudge - Custom file judge result: 127
18:20:31.573 INFO  ReductionDriver - Result from initial state is not interesting (attempt 4)
18:20:31.612 INFO  ExecHelper - interestingness_test /opt/reduce/cezanne_radeon_vega/syn_memory_converge/variant_491.comp reduction_results/cezanne_radeon_vega/syn_memory_converge/variant_491/variant_491.json
18:20:31.613 INFO  StreamGobblerLogger - stderr.env: ‘interestingness_test’: No such file or directory
18:20:31.614 INFO  ExecHelper - Result: 127
18:20:31.614 INFO  CustomFileJudge - Custom file judge result: 127
18:20:31.614 INFO  ReductionDriver - Result from initial state is not interesting (attempt 5)
18:20:31.614 INFO  ReductionDriver - Tried 5 times; stopping.
Reduction command: java -ea -cp /opt/graphicsfuzz/graphicsfuzz/target/graphicsfuzz/python/drivers/../../jar/tool-1.0.jar com.graphicsfuzz.reducer.tool.GlslReduce /opt/reduce/cezanne_radeon_vega/syn_memory_converge/variant_491.json interestingness_test --output reduction_results/cezanne_radeon_vega/syn_memory_converge/variant_491 /opt/reduce/cezanne_radeon_vega/syn_memory_converge/variant_491.comp
