18:25:47.404 INFO  ExecHelper - /opt/graphicsfuzz/graphicsfuzz/target/graphicsfuzz/bin/Linux/glslangValidator -E --stdin -S comp
18:25:47.529 INFO  ExecHelper - Result: 0
18:25:48.371 INFO  ReductionDriver - Starting reduction for variant_892
18:25:48.387 INFO  ExecHelper - interestingness_test /opt/reduce/cezanne_radeon_vega/syn_memory_converge/variant_892.comp reduction_results/cezanne_radeon_vega/syn_memory_converge/variant_892/variant_892.json
18:25:48.389 INFO  StreamGobblerLogger - stderr.env: ‘interestingness_test’: No such file or directory
18:25:48.389 INFO  ExecHelper - Result: 127
18:25:48.389 INFO  CustomFileJudge - Custom file judge result: 127
18:25:48.389 INFO  ReductionDriver - Result from initial state is not interesting (attempt 1)
18:25:48.395 INFO  ExecHelper - interestingness_test /opt/reduce/cezanne_radeon_vega/syn_memory_converge/variant_892.comp reduction_results/cezanne_radeon_vega/syn_memory_converge/variant_892/variant_892.json
18:25:48.397 INFO  StreamGobblerLogger - stderr.env: ‘interestingness_test’: No such file or directory
18:25:48.397 INFO  ExecHelper - Result: 127
18:25:48.397 INFO  CustomFileJudge - Custom file judge result: 127
18:25:48.397 INFO  ReductionDriver - Result from initial state is not interesting (attempt 2)
18:25:48.402 INFO  ExecHelper - interestingness_test /opt/reduce/cezanne_radeon_vega/syn_memory_converge/variant_892.comp reduction_results/cezanne_radeon_vega/syn_memory_converge/variant_892/variant_892.json
18:25:48.403 INFO  StreamGobblerLogger - stderr.env: ‘interestingness_test’: No such file or directory
18:25:48.404 INFO  ExecHelper - Result: 127
18:25:48.404 INFO  CustomFileJudge - Custom file judge result: 127
18:25:48.404 INFO  ReductionDriver - Result from initial state is not interesting (attempt 3)
18:25:48.409 INFO  ExecHelper - interestingness_test /opt/reduce/cezanne_radeon_vega/syn_memory_converge/variant_892.comp reduction_results/cezanne_radeon_vega/syn_memory_converge/variant_892/variant_892.json
18:25:48.410 INFO  StreamGobblerLogger - stderr.env: ‘interestingness_test’: No such file or directory
18:25:48.410 INFO  ExecHelper - Result: 127
18:25:48.410 INFO  CustomFileJudge - Custom file judge result: 127
18:25:48.410 INFO  ReductionDriver - Result from initial state is not interesting (attempt 4)
18:25:48.415 INFO  ExecHelper - interestingness_test /opt/reduce/cezanne_radeon_vega/syn_memory_converge/variant_892.comp reduction_results/cezanne_radeon_vega/syn_memory_converge/variant_892/variant_892.json
18:25:48.416 INFO  StreamGobblerLogger - stderr.env: ‘interestingness_test’: No such file or directory
18:25:48.416 INFO  ExecHelper - Result: 127
18:25:48.417 INFO  CustomFileJudge - Custom file judge result: 127
18:25:48.417 INFO  ReductionDriver - Result from initial state is not interesting (attempt 5)
18:25:48.417 INFO  ReductionDriver - Tried 5 times; stopping.
Reduction command: java -ea -cp /opt/graphicsfuzz/graphicsfuzz/target/graphicsfuzz/python/drivers/../../jar/tool-1.0.jar com.graphicsfuzz.reducer.tool.GlslReduce /opt/reduce/cezanne_radeon_vega/syn_memory_converge/variant_892.json interestingness_test --output reduction_results/cezanne_radeon_vega/syn_memory_converge/variant_892 /opt/reduce/cezanne_radeon_vega/syn_memory_converge/variant_892.comp
