19:09:41.570 INFO  ExecHelper - /opt/graphicsfuzz/graphicsfuzz/target/graphicsfuzz/bin/Linux/glslangValidator -E --stdin -S comp
19:09:41.626 INFO  ExecHelper - Result: 0
19:09:41.929 INFO  ReductionDriver - Starting reduction for variant_377
19:09:41.997 INFO  ExecHelper - interestingness_test /opt/reduce/intel_iris_xe_graphics/syn_memory_converge_atomic/variant_377.comp reduction_results/intel_iris_xe_graphics/syn_memory_converge_atomic/variant_377/variant_377.json
19:09:41.999 INFO  StreamGobblerLogger - stderr.env: ‘interestingness_test’: No such file or directory
19:09:41.999 INFO  ExecHelper - Result: 127
19:09:41.999 INFO  CustomFileJudge - Custom file judge result: 127
19:09:41.999 INFO  ReductionDriver - Result from initial state is not interesting (attempt 1)
19:09:42.052 INFO  ExecHelper - interestingness_test /opt/reduce/intel_iris_xe_graphics/syn_memory_converge_atomic/variant_377.comp reduction_results/intel_iris_xe_graphics/syn_memory_converge_atomic/variant_377/variant_377.json
19:09:42.054 INFO  StreamGobblerLogger - stderr.env: ‘interestingness_test’: No such file or directory
19:09:42.054 INFO  ExecHelper - Result: 127
19:09:42.055 INFO  CustomFileJudge - Custom file judge result: 127
19:09:42.055 INFO  ReductionDriver - Result from initial state is not interesting (attempt 2)
19:09:42.106 INFO  ExecHelper - interestingness_test /opt/reduce/intel_iris_xe_graphics/syn_memory_converge_atomic/variant_377.comp reduction_results/intel_iris_xe_graphics/syn_memory_converge_atomic/variant_377/variant_377.json
19:09:42.108 INFO  StreamGobblerLogger - stderr.env: ‘interestingness_test’: No such file or directory
19:09:42.109 INFO  ExecHelper - Result: 127
19:09:42.109 INFO  CustomFileJudge - Custom file judge result: 127
19:09:42.109 INFO  ReductionDriver - Result from initial state is not interesting (attempt 3)
19:09:42.170 INFO  ExecHelper - interestingness_test /opt/reduce/intel_iris_xe_graphics/syn_memory_converge_atomic/variant_377.comp reduction_results/intel_iris_xe_graphics/syn_memory_converge_atomic/variant_377/variant_377.json
19:09:42.171 INFO  StreamGobblerLogger - stderr.env: ‘interestingness_test’: No such file or directory
19:09:42.172 INFO  ExecHelper - Result: 127
19:09:42.172 INFO  CustomFileJudge - Custom file judge result: 127
19:09:42.172 INFO  ReductionDriver - Result from initial state is not interesting (attempt 4)
19:09:42.224 INFO  ExecHelper - interestingness_test /opt/reduce/intel_iris_xe_graphics/syn_memory_converge_atomic/variant_377.comp reduction_results/intel_iris_xe_graphics/syn_memory_converge_atomic/variant_377/variant_377.json
19:09:42.226 INFO  StreamGobblerLogger - stderr.env: ‘interestingness_test’: No such file or directory
19:09:42.227 INFO  ExecHelper - Result: 127
19:09:42.227 INFO  CustomFileJudge - Custom file judge result: 127
19:09:42.227 INFO  ReductionDriver - Result from initial state is not interesting (attempt 5)
19:09:42.227 INFO  ReductionDriver - Tried 5 times; stopping.
Reduction command: java -ea -cp /opt/graphicsfuzz/graphicsfuzz/target/graphicsfuzz/python/drivers/../../jar/tool-1.0.jar com.graphicsfuzz.reducer.tool.GlslReduce /opt/reduce/intel_iris_xe_graphics/syn_memory_converge_atomic/variant_377.json interestingness_test --output reduction_results/intel_iris_xe_graphics/syn_memory_converge_atomic/variant_377 /opt/reduce/intel_iris_xe_graphics/syn_memory_converge_atomic/variant_377.comp
