18:29:07.575 INFO  ExecHelper - /opt/graphicsfuzz/graphicsfuzz/target/graphicsfuzz/bin/Linux/glslangValidator -E --stdin -S comp
18:29:07.637 INFO  ExecHelper - Result: 0
18:29:08.006 INFO  ReductionDriver - Starting reduction for variant_141
18:29:08.164 INFO  ExecHelper - interestingness_test /opt/reduce/cezanne_radeon_vega/syn_memory_converge_atomic/variant_141.comp reduction_results/cezanne_radeon_vega/syn_memory_converge_atomic/variant_141/variant_141.json
18:29:08.173 INFO  StreamGobblerLogger - stderr.env: ‘interestingness_test’: No such file or directory
18:29:08.173 INFO  ExecHelper - Result: 127
18:29:08.173 INFO  CustomFileJudge - Custom file judge result: 127
18:29:08.173 INFO  ReductionDriver - Result from initial state is not interesting (attempt 1)
18:29:08.311 INFO  ExecHelper - interestingness_test /opt/reduce/cezanne_radeon_vega/syn_memory_converge_atomic/variant_141.comp reduction_results/cezanne_radeon_vega/syn_memory_converge_atomic/variant_141/variant_141.json
18:29:08.312 INFO  StreamGobblerLogger - stderr.env: ‘interestingness_test’: No such file or directory
18:29:08.313 INFO  ExecHelper - Result: 127
18:29:08.313 INFO  CustomFileJudge - Custom file judge result: 127
18:29:08.313 INFO  ReductionDriver - Result from initial state is not interesting (attempt 2)
18:29:08.443 INFO  ExecHelper - interestingness_test /opt/reduce/cezanne_radeon_vega/syn_memory_converge_atomic/variant_141.comp reduction_results/cezanne_radeon_vega/syn_memory_converge_atomic/variant_141/variant_141.json
18:29:08.446 INFO  StreamGobblerLogger - stderr.env: ‘interestingness_test’: No such file or directory
18:29:08.446 INFO  ExecHelper - Result: 127
18:29:08.446 INFO  CustomFileJudge - Custom file judge result: 127
18:29:08.446 INFO  ReductionDriver - Result from initial state is not interesting (attempt 3)
18:29:08.573 INFO  ExecHelper - interestingness_test /opt/reduce/cezanne_radeon_vega/syn_memory_converge_atomic/variant_141.comp reduction_results/cezanne_radeon_vega/syn_memory_converge_atomic/variant_141/variant_141.json
18:29:08.575 INFO  StreamGobblerLogger - stderr.env: ‘interestingness_test’: No such file or directory
18:29:08.575 INFO  ExecHelper - Result: 127
18:29:08.575 INFO  CustomFileJudge - Custom file judge result: 127
18:29:08.575 INFO  ReductionDriver - Result from initial state is not interesting (attempt 4)
18:29:08.709 INFO  ExecHelper - interestingness_test /opt/reduce/cezanne_radeon_vega/syn_memory_converge_atomic/variant_141.comp reduction_results/cezanne_radeon_vega/syn_memory_converge_atomic/variant_141/variant_141.json
18:29:08.711 INFO  StreamGobblerLogger - stderr.env: ‘interestingness_test’: No such file or directory
18:29:08.712 INFO  ExecHelper - Result: 127
18:29:08.712 INFO  CustomFileJudge - Custom file judge result: 127
18:29:08.712 INFO  ReductionDriver - Result from initial state is not interesting (attempt 5)
18:29:08.712 INFO  ReductionDriver - Tried 5 times; stopping.
Reduction command: java -ea -cp /opt/graphicsfuzz/graphicsfuzz/target/graphicsfuzz/python/drivers/../../jar/tool-1.0.jar com.graphicsfuzz.reducer.tool.GlslReduce /opt/reduce/cezanne_radeon_vega/syn_memory_converge_atomic/variant_141.json interestingness_test --output reduction_results/cezanne_radeon_vega/syn_memory_converge_atomic/variant_141 /opt/reduce/cezanne_radeon_vega/syn_memory_converge_atomic/variant_141.comp
