19:40:06.327 INFO  ExecHelper - /opt/graphicsfuzz/graphicsfuzz/target/graphicsfuzz/bin/Linux/glslangValidator -E --stdin -S comp
19:40:06.383 INFO  ExecHelper - Result: 0
19:40:06.693 INFO  ReductionDriver - Starting reduction for variant_985
19:40:06.761 INFO  ExecHelper - interestingness_test /opt/reduce/rtx_4070/syn_memory_converge/variant_985.comp reduction_results/rtx_4070/syn_memory_converge/variant_985/variant_985.json
19:40:06.763 INFO  StreamGobblerLogger - stderr.env: ‘interestingness_test’: No such file or directory
19:40:06.763 INFO  ExecHelper - Result: 127
19:40:06.763 INFO  CustomFileJudge - Custom file judge result: 127
19:40:06.763 INFO  ReductionDriver - Result from initial state is not interesting (attempt 1)
19:40:06.817 INFO  ExecHelper - interestingness_test /opt/reduce/rtx_4070/syn_memory_converge/variant_985.comp reduction_results/rtx_4070/syn_memory_converge/variant_985/variant_985.json
19:40:06.819 INFO  StreamGobblerLogger - stderr.env: ‘interestingness_test’: No such file or directory
19:40:06.819 INFO  ExecHelper - Result: 127
19:40:06.819 INFO  CustomFileJudge - Custom file judge result: 127
19:40:06.820 INFO  ReductionDriver - Result from initial state is not interesting (attempt 2)
19:40:06.870 INFO  ExecHelper - interestingness_test /opt/reduce/rtx_4070/syn_memory_converge/variant_985.comp reduction_results/rtx_4070/syn_memory_converge/variant_985/variant_985.json
19:40:06.872 INFO  StreamGobblerLogger - stderr.env: ‘interestingness_test’: No such file or directory
19:40:06.872 INFO  ExecHelper - Result: 127
19:40:06.872 INFO  CustomFileJudge - Custom file judge result: 127
19:40:06.872 INFO  ReductionDriver - Result from initial state is not interesting (attempt 3)
19:40:06.922 INFO  ExecHelper - interestingness_test /opt/reduce/rtx_4070/syn_memory_converge/variant_985.comp reduction_results/rtx_4070/syn_memory_converge/variant_985/variant_985.json
19:40:06.923 INFO  StreamGobblerLogger - stderr.env: ‘interestingness_test’: No such file or directory
19:40:06.924 INFO  ExecHelper - Result: 127
19:40:06.924 INFO  CustomFileJudge - Custom file judge result: 127
19:40:06.924 INFO  ReductionDriver - Result from initial state is not interesting (attempt 4)
19:40:06.974 INFO  ExecHelper - interestingness_test /opt/reduce/rtx_4070/syn_memory_converge/variant_985.comp reduction_results/rtx_4070/syn_memory_converge/variant_985/variant_985.json
19:40:06.975 INFO  StreamGobblerLogger - stderr.env: ‘interestingness_test’: No such file or directory
19:40:06.976 INFO  ExecHelper - Result: 127
19:40:06.976 INFO  CustomFileJudge - Custom file judge result: 127
19:40:06.976 INFO  ReductionDriver - Result from initial state is not interesting (attempt 5)
19:40:06.976 INFO  ReductionDriver - Tried 5 times; stopping.
Reduction command: java -ea -cp /opt/graphicsfuzz/graphicsfuzz/target/graphicsfuzz/python/drivers/../../jar/tool-1.0.jar com.graphicsfuzz.reducer.tool.GlslReduce /opt/reduce/rtx_4070/syn_memory_converge/variant_985.json interestingness_test --output reduction_results/rtx_4070/syn_memory_converge/variant_985 /opt/reduce/rtx_4070/syn_memory_converge/variant_985.comp
