18:10:35.387 INFO  ExecHelper - /opt/graphicsfuzz/graphicsfuzz/target/graphicsfuzz/bin/Linux/glslangValidator -E --stdin -S comp
18:10:35.559 INFO  ExecHelper - Result: 0
18:10:36.167 INFO  ReductionDriver - Starting reduction for variant_140
18:10:36.181 INFO  ExecHelper - interestingness_test /opt/reduce/cezanne_radeon_vega/syn_branch_syn/variant_140.comp reduction_results/cezanne_radeon_vega/syn_branch_syn/variant_140/variant_140.json
18:10:36.183 INFO  StreamGobblerLogger - stderr.env: ‘interestingness_test’: No such file or directory
18:10:36.183 INFO  ExecHelper - Result: 127
18:10:36.183 INFO  CustomFileJudge - Custom file judge result: 127
18:10:36.184 INFO  ReductionDriver - Result from initial state is not interesting (attempt 1)
18:10:36.194 INFO  ExecHelper - interestingness_test /opt/reduce/cezanne_radeon_vega/syn_branch_syn/variant_140.comp reduction_results/cezanne_radeon_vega/syn_branch_syn/variant_140/variant_140.json
18:10:36.195 INFO  StreamGobblerLogger - stderr.env: ‘interestingness_test’: No such file or directory
18:10:36.196 INFO  ExecHelper - Result: 127
18:10:36.196 INFO  CustomFileJudge - Custom file judge result: 127
18:10:36.196 INFO  ReductionDriver - Result from initial state is not interesting (attempt 2)
18:10:36.201 INFO  ExecHelper - interestingness_test /opt/reduce/cezanne_radeon_vega/syn_branch_syn/variant_140.comp reduction_results/cezanne_radeon_vega/syn_branch_syn/variant_140/variant_140.json
18:10:36.202 INFO  StreamGobblerLogger - stderr.env: ‘interestingness_test’: No such file or directory
18:10:36.202 INFO  ExecHelper - Result: 127
18:10:36.202 INFO  CustomFileJudge - Custom file judge result: 127
18:10:36.202 INFO  ReductionDriver - Result from initial state is not interesting (attempt 3)
18:10:36.206 INFO  ExecHelper - interestingness_test /opt/reduce/cezanne_radeon_vega/syn_branch_syn/variant_140.comp reduction_results/cezanne_radeon_vega/syn_branch_syn/variant_140/variant_140.json
18:10:36.208 INFO  StreamGobblerLogger - stderr.env: ‘interestingness_test’: No such file or directory
18:10:36.208 INFO  ExecHelper - Result: 127
18:10:36.208 INFO  CustomFileJudge - Custom file judge result: 127
18:10:36.208 INFO  ReductionDriver - Result from initial state is not interesting (attempt 4)
18:10:36.212 INFO  ExecHelper - interestingness_test /opt/reduce/cezanne_radeon_vega/syn_branch_syn/variant_140.comp reduction_results/cezanne_radeon_vega/syn_branch_syn/variant_140/variant_140.json
18:10:36.213 INFO  StreamGobblerLogger - stderr.env: ‘interestingness_test’: No such file or directory
18:10:36.214 INFO  ExecHelper - Result: 127
18:10:36.214 INFO  CustomFileJudge - Custom file judge result: 127
18:10:36.214 INFO  ReductionDriver - Result from initial state is not interesting (attempt 5)
18:10:36.214 INFO  ReductionDriver - Tried 5 times; stopping.
Reduction command: java -ea -cp /opt/graphicsfuzz/graphicsfuzz/target/graphicsfuzz/python/drivers/../../jar/tool-1.0.jar com.graphicsfuzz.reducer.tool.GlslReduce /opt/reduce/cezanne_radeon_vega/syn_branch_syn/variant_140.json interestingness_test --output reduction_results/cezanne_radeon_vega/syn_branch_syn/variant_140 /opt/reduce/cezanne_radeon_vega/syn_branch_syn/variant_140.comp
