18:38:28.234 INFO  ExecHelper - /opt/graphicsfuzz/graphicsfuzz/target/graphicsfuzz/bin/Linux/glslangValidator -E --stdin -S comp
18:38:28.291 INFO  ExecHelper - Result: 0
18:38:28.370 INFO  ReductionDriver - Starting reduction for variant_789
18:38:28.379 INFO  ExecHelper - interestingness_test /opt/reduce/cezanne_radeon_vega/syn_memory_converge_atomic/variant_789.comp reduction_results/cezanne_radeon_vega/syn_memory_converge_atomic/variant_789/variant_789.json
18:38:28.381 INFO  StreamGobblerLogger - stderr.env: ‘interestingness_test’: No such file or directory
18:38:28.382 INFO  ExecHelper - Result: 127
18:38:28.382 INFO  CustomFileJudge - Custom file judge result: 127
18:38:28.382 INFO  ReductionDriver - Result from initial state is not interesting (attempt 1)
18:38:28.386 INFO  ExecHelper - interestingness_test /opt/reduce/cezanne_radeon_vega/syn_memory_converge_atomic/variant_789.comp reduction_results/cezanne_radeon_vega/syn_memory_converge_atomic/variant_789/variant_789.json
18:38:28.387 INFO  StreamGobblerLogger - stderr.env: ‘interestingness_test’: No such file or directory
18:38:28.388 INFO  ExecHelper - Result: 127
18:38:28.388 INFO  CustomFileJudge - Custom file judge result: 127
18:38:28.388 INFO  ReductionDriver - Result from initial state is not interesting (attempt 2)
18:38:28.390 INFO  ExecHelper - interestingness_test /opt/reduce/cezanne_radeon_vega/syn_memory_converge_atomic/variant_789.comp reduction_results/cezanne_radeon_vega/syn_memory_converge_atomic/variant_789/variant_789.json
18:38:28.391 INFO  StreamGobblerLogger - stderr.env: ‘interestingness_test’: No such file or directory
18:38:28.391 INFO  ExecHelper - Result: 127
18:38:28.391 INFO  CustomFileJudge - Custom file judge result: 127
18:38:28.391 INFO  ReductionDriver - Result from initial state is not interesting (attempt 3)
18:38:28.393 INFO  ExecHelper - interestingness_test /opt/reduce/cezanne_radeon_vega/syn_memory_converge_atomic/variant_789.comp reduction_results/cezanne_radeon_vega/syn_memory_converge_atomic/variant_789/variant_789.json
18:38:28.394 INFO  StreamGobblerLogger - stderr.env: ‘interestingness_test’: No such file or directory
18:38:28.395 INFO  ExecHelper - Result: 127
18:38:28.395 INFO  CustomFileJudge - Custom file judge result: 127
18:38:28.395 INFO  ReductionDriver - Result from initial state is not interesting (attempt 4)
18:38:28.396 INFO  ExecHelper - interestingness_test /opt/reduce/cezanne_radeon_vega/syn_memory_converge_atomic/variant_789.comp reduction_results/cezanne_radeon_vega/syn_memory_converge_atomic/variant_789/variant_789.json
18:38:28.398 INFO  StreamGobblerLogger - stderr.env: ‘interestingness_test’: No such file or directory
18:38:28.398 INFO  ExecHelper - Result: 127
18:38:28.398 INFO  CustomFileJudge - Custom file judge result: 127
18:38:28.398 INFO  ReductionDriver - Result from initial state is not interesting (attempt 5)
18:38:28.398 INFO  ReductionDriver - Tried 5 times; stopping.
Reduction command: java -ea -cp /opt/graphicsfuzz/graphicsfuzz/target/graphicsfuzz/python/drivers/../../jar/tool-1.0.jar com.graphicsfuzz.reducer.tool.GlslReduce /opt/reduce/cezanne_radeon_vega/syn_memory_converge_atomic/variant_789.json interestingness_test --output reduction_results/cezanne_radeon_vega/syn_memory_converge_atomic/variant_789 /opt/reduce/cezanne_radeon_vega/syn_memory_converge_atomic/variant_789.comp
