19:31:19.147 INFO  ExecHelper - /opt/graphicsfuzz/graphicsfuzz/target/graphicsfuzz/bin/Linux/glslangValidator -E --stdin -S comp
19:31:19.205 INFO  ExecHelper - Result: 0
19:31:19.570 INFO  ReductionDriver - Starting reduction for variant_366
19:31:19.658 INFO  ExecHelper - interestingness_test /opt/reduce/rtx_4070/syn_memory_converge/variant_366.comp reduction_results/rtx_4070/syn_memory_converge/variant_366/variant_366.json
19:31:19.660 INFO  StreamGobblerLogger - stderr.env: ‘interestingness_test’: No such file or directory
19:31:19.660 INFO  ExecHelper - Result: 127
19:31:19.661 INFO  CustomFileJudge - Custom file judge result: 127
19:31:19.661 INFO  ReductionDriver - Result from initial state is not interesting (attempt 1)
19:31:19.741 INFO  ExecHelper - interestingness_test /opt/reduce/rtx_4070/syn_memory_converge/variant_366.comp reduction_results/rtx_4070/syn_memory_converge/variant_366/variant_366.json
19:31:19.742 INFO  StreamGobblerLogger - stderr.env: ‘interestingness_test’: No such file or directory
19:31:19.743 INFO  ExecHelper - Result: 127
19:31:19.743 INFO  CustomFileJudge - Custom file judge result: 127
19:31:19.743 INFO  ReductionDriver - Result from initial state is not interesting (attempt 2)
19:31:19.814 INFO  ExecHelper - interestingness_test /opt/reduce/rtx_4070/syn_memory_converge/variant_366.comp reduction_results/rtx_4070/syn_memory_converge/variant_366/variant_366.json
19:31:19.816 INFO  StreamGobblerLogger - stderr.env: ‘interestingness_test’: No such file or directory
19:31:19.817 INFO  ExecHelper - Result: 127
19:31:19.817 INFO  CustomFileJudge - Custom file judge result: 127
19:31:19.817 INFO  ReductionDriver - Result from initial state is not interesting (attempt 3)
19:31:19.884 INFO  ExecHelper - interestingness_test /opt/reduce/rtx_4070/syn_memory_converge/variant_366.comp reduction_results/rtx_4070/syn_memory_converge/variant_366/variant_366.json
19:31:19.885 INFO  StreamGobblerLogger - stderr.env: ‘interestingness_test’: No such file or directory
19:31:19.886 INFO  ExecHelper - Result: 127
19:31:19.886 INFO  CustomFileJudge - Custom file judge result: 127
19:31:19.886 INFO  ReductionDriver - Result from initial state is not interesting (attempt 4)
19:31:19.954 INFO  ExecHelper - interestingness_test /opt/reduce/rtx_4070/syn_memory_converge/variant_366.comp reduction_results/rtx_4070/syn_memory_converge/variant_366/variant_366.json
19:31:19.956 INFO  StreamGobblerLogger - stderr.env: ‘interestingness_test’: No such file or directory
19:31:19.956 INFO  ExecHelper - Result: 127
19:31:19.957 INFO  CustomFileJudge - Custom file judge result: 127
19:31:19.957 INFO  ReductionDriver - Result from initial state is not interesting (attempt 5)
19:31:19.957 INFO  ReductionDriver - Tried 5 times; stopping.
Reduction command: java -ea -cp /opt/graphicsfuzz/graphicsfuzz/target/graphicsfuzz/python/drivers/../../jar/tool-1.0.jar com.graphicsfuzz.reducer.tool.GlslReduce /opt/reduce/rtx_4070/syn_memory_converge/variant_366.json interestingness_test --output reduction_results/rtx_4070/syn_memory_converge/variant_366 /opt/reduce/rtx_4070/syn_memory_converge/variant_366.comp
