18:34:38.276 INFO  ExecHelper - /opt/graphicsfuzz/graphicsfuzz/target/graphicsfuzz/bin/Linux/glslangValidator -E --stdin -S comp
18:34:38.325 INFO  ExecHelper - Result: 0
18:34:38.411 INFO  ReductionDriver - Starting reduction for variant_531
18:34:38.421 INFO  ExecHelper - interestingness_test /opt/reduce/cezanne_radeon_vega/syn_memory_converge_atomic/variant_531.comp reduction_results/cezanne_radeon_vega/syn_memory_converge_atomic/variant_531/variant_531.json
18:34:38.423 INFO  StreamGobblerLogger - stderr.env: ‘interestingness_test’: No such file or directory
18:34:38.423 INFO  ExecHelper - Result: 127
18:34:38.424 INFO  CustomFileJudge - Custom file judge result: 127
18:34:38.424 INFO  ReductionDriver - Result from initial state is not interesting (attempt 1)
18:34:38.426 INFO  ExecHelper - interestingness_test /opt/reduce/cezanne_radeon_vega/syn_memory_converge_atomic/variant_531.comp reduction_results/cezanne_radeon_vega/syn_memory_converge_atomic/variant_531/variant_531.json
18:34:38.427 INFO  StreamGobblerLogger - stderr.env: ‘interestingness_test’: No such file or directory
18:34:38.428 INFO  ExecHelper - Result: 127
18:34:38.428 INFO  CustomFileJudge - Custom file judge result: 127
18:34:38.428 INFO  ReductionDriver - Result from initial state is not interesting (attempt 2)
18:34:38.433 INFO  ExecHelper - interestingness_test /opt/reduce/cezanne_radeon_vega/syn_memory_converge_atomic/variant_531.comp reduction_results/cezanne_radeon_vega/syn_memory_converge_atomic/variant_531/variant_531.json
18:34:38.434 INFO  StreamGobblerLogger - stderr.env: ‘interestingness_test’: No such file or directory
18:34:38.434 INFO  ExecHelper - Result: 127
18:34:38.434 INFO  CustomFileJudge - Custom file judge result: 127
18:34:38.434 INFO  ReductionDriver - Result from initial state is not interesting (attempt 3)
18:34:38.437 INFO  ExecHelper - interestingness_test /opt/reduce/cezanne_radeon_vega/syn_memory_converge_atomic/variant_531.comp reduction_results/cezanne_radeon_vega/syn_memory_converge_atomic/variant_531/variant_531.json
18:34:38.438 INFO  StreamGobblerLogger - stderr.env: ‘interestingness_test’: No such file or directory
18:34:38.439 INFO  ExecHelper - Result: 127
18:34:38.439 INFO  CustomFileJudge - Custom file judge result: 127
18:34:38.439 INFO  ReductionDriver - Result from initial state is not interesting (attempt 4)
18:34:38.441 INFO  ExecHelper - interestingness_test /opt/reduce/cezanne_radeon_vega/syn_memory_converge_atomic/variant_531.comp reduction_results/cezanne_radeon_vega/syn_memory_converge_atomic/variant_531/variant_531.json
18:34:38.441 INFO  StreamGobblerLogger - stderr.env: ‘interestingness_test’: No such file or directory
18:34:38.442 INFO  ExecHelper - Result: 127
18:34:38.442 INFO  CustomFileJudge - Custom file judge result: 127
18:34:38.442 INFO  ReductionDriver - Result from initial state is not interesting (attempt 5)
18:34:38.442 INFO  ReductionDriver - Tried 5 times; stopping.
Reduction command: java -ea -cp /opt/graphicsfuzz/graphicsfuzz/target/graphicsfuzz/python/drivers/../../jar/tool-1.0.jar com.graphicsfuzz.reducer.tool.GlslReduce /opt/reduce/cezanne_radeon_vega/syn_memory_converge_atomic/variant_531.json interestingness_test --output reduction_results/cezanne_radeon_vega/syn_memory_converge_atomic/variant_531 /opt/reduce/cezanne_radeon_vega/syn_memory_converge_atomic/variant_531.comp
