18:39:36.506 INFO  ExecHelper - /opt/graphicsfuzz/graphicsfuzz/target/graphicsfuzz/bin/Linux/glslangValidator -E --stdin -S comp
18:39:36.554 INFO  ExecHelper - Result: 0
18:39:36.613 INFO  ReductionDriver - Starting reduction for variant_877
18:39:36.618 INFO  ExecHelper - interestingness_test /opt/reduce/cezanne_radeon_vega/syn_memory_converge_atomic/variant_877.comp reduction_results/cezanne_radeon_vega/syn_memory_converge_atomic/variant_877/variant_877.json
18:39:36.619 INFO  StreamGobblerLogger - stderr.env: ‘interestingness_test’: No such file or directory
18:39:36.620 INFO  ExecHelper - Result: 127
18:39:36.620 INFO  CustomFileJudge - Custom file judge result: 127
18:39:36.620 INFO  ReductionDriver - Result from initial state is not interesting (attempt 1)
18:39:36.622 INFO  ExecHelper - interestingness_test /opt/reduce/cezanne_radeon_vega/syn_memory_converge_atomic/variant_877.comp reduction_results/cezanne_radeon_vega/syn_memory_converge_atomic/variant_877/variant_877.json
18:39:36.623 INFO  StreamGobblerLogger - stderr.env: ‘interestingness_test’: No such file or directory
18:39:36.623 INFO  ExecHelper - Result: 127
18:39:36.623 INFO  CustomFileJudge - Custom file judge result: 127
18:39:36.623 INFO  ReductionDriver - Result from initial state is not interesting (attempt 2)
18:39:36.625 INFO  ExecHelper - interestingness_test /opt/reduce/cezanne_radeon_vega/syn_memory_converge_atomic/variant_877.comp reduction_results/cezanne_radeon_vega/syn_memory_converge_atomic/variant_877/variant_877.json
18:39:36.626 INFO  StreamGobblerLogger - stderr.env: ‘interestingness_test’: No such file or directory
18:39:36.626 INFO  ExecHelper - Result: 127
18:39:36.626 INFO  CustomFileJudge - Custom file judge result: 127
18:39:36.626 INFO  ReductionDriver - Result from initial state is not interesting (attempt 3)
18:39:36.627 INFO  ExecHelper - interestingness_test /opt/reduce/cezanne_radeon_vega/syn_memory_converge_atomic/variant_877.comp reduction_results/cezanne_radeon_vega/syn_memory_converge_atomic/variant_877/variant_877.json
18:39:36.628 INFO  StreamGobblerLogger - stderr.env: ‘interestingness_test’: No such file or directory
18:39:36.628 INFO  ExecHelper - Result: 127
18:39:36.629 INFO  CustomFileJudge - Custom file judge result: 127
18:39:36.629 INFO  ReductionDriver - Result from initial state is not interesting (attempt 4)
18:39:36.629 INFO  ExecHelper - interestingness_test /opt/reduce/cezanne_radeon_vega/syn_memory_converge_atomic/variant_877.comp reduction_results/cezanne_radeon_vega/syn_memory_converge_atomic/variant_877/variant_877.json
18:39:36.630 INFO  StreamGobblerLogger - stderr.env: ‘interestingness_test’: No such file or directory
18:39:36.631 INFO  ExecHelper - Result: 127
18:39:36.631 INFO  CustomFileJudge - Custom file judge result: 127
18:39:36.631 INFO  ReductionDriver - Result from initial state is not interesting (attempt 5)
18:39:36.631 INFO  ReductionDriver - Tried 5 times; stopping.
Reduction command: java -ea -cp /opt/graphicsfuzz/graphicsfuzz/target/graphicsfuzz/python/drivers/../../jar/tool-1.0.jar com.graphicsfuzz.reducer.tool.GlslReduce /opt/reduce/cezanne_radeon_vega/syn_memory_converge_atomic/variant_877.json interestingness_test --output reduction_results/cezanne_radeon_vega/syn_memory_converge_atomic/variant_877 /opt/reduce/cezanne_radeon_vega/syn_memory_converge_atomic/variant_877.comp
