19:50:23.908 INFO  ExecHelper - /opt/graphicsfuzz/graphicsfuzz/target/graphicsfuzz/bin/Linux/glslangValidator -E --stdin -S comp
19:50:23.969 INFO  ExecHelper - Result: 0
19:50:25.210 INFO  ReductionDriver - Starting reduction for variant_688
19:50:25.342 INFO  ExecHelper - interestingness_test /opt/reduce/rtx_4070/syn_memory_converge_atomic/variant_688.comp reduction_results/rtx_4070/syn_memory_converge_atomic/variant_688/variant_688.json
19:50:25.344 INFO  StreamGobblerLogger - stderr.env: ‘interestingness_test’: No such file or directory
19:50:25.344 INFO  ExecHelper - Result: 127
19:50:25.345 INFO  CustomFileJudge - Custom file judge result: 127
19:50:25.345 INFO  ReductionDriver - Result from initial state is not interesting (attempt 1)
19:50:25.463 INFO  ExecHelper - interestingness_test /opt/reduce/rtx_4070/syn_memory_converge_atomic/variant_688.comp reduction_results/rtx_4070/syn_memory_converge_atomic/variant_688/variant_688.json
19:50:25.465 INFO  StreamGobblerLogger - stderr.env: ‘interestingness_test’: No such file or directory
19:50:25.465 INFO  ExecHelper - Result: 127
19:50:25.465 INFO  CustomFileJudge - Custom file judge result: 127
19:50:25.465 INFO  ReductionDriver - Result from initial state is not interesting (attempt 2)
19:50:25.578 INFO  ExecHelper - interestingness_test /opt/reduce/rtx_4070/syn_memory_converge_atomic/variant_688.comp reduction_results/rtx_4070/syn_memory_converge_atomic/variant_688/variant_688.json
19:50:25.579 INFO  StreamGobblerLogger - stderr.env: ‘interestingness_test’: No such file or directory
19:50:25.580 INFO  ExecHelper - Result: 127
19:50:25.580 INFO  CustomFileJudge - Custom file judge result: 127
19:50:25.580 INFO  ReductionDriver - Result from initial state is not interesting (attempt 3)
19:50:25.691 INFO  ExecHelper - interestingness_test /opt/reduce/rtx_4070/syn_memory_converge_atomic/variant_688.comp reduction_results/rtx_4070/syn_memory_converge_atomic/variant_688/variant_688.json
19:50:25.694 INFO  StreamGobblerLogger - stderr.env: ‘interestingness_test’: No such file or directory
19:50:25.694 INFO  ExecHelper - Result: 127
19:50:25.694 INFO  CustomFileJudge - Custom file judge result: 127
19:50:25.694 INFO  ReductionDriver - Result from initial state is not interesting (attempt 4)
19:50:25.812 INFO  ExecHelper - interestingness_test /opt/reduce/rtx_4070/syn_memory_converge_atomic/variant_688.comp reduction_results/rtx_4070/syn_memory_converge_atomic/variant_688/variant_688.json
19:50:25.814 INFO  StreamGobblerLogger - stderr.env: ‘interestingness_test’: No such file or directory
19:50:25.814 INFO  ExecHelper - Result: 127
19:50:25.814 INFO  CustomFileJudge - Custom file judge result: 127
19:50:25.814 INFO  ReductionDriver - Result from initial state is not interesting (attempt 5)
19:50:25.814 INFO  ReductionDriver - Tried 5 times; stopping.
Reduction command: java -ea -cp /opt/graphicsfuzz/graphicsfuzz/target/graphicsfuzz/python/drivers/../../jar/tool-1.0.jar com.graphicsfuzz.reducer.tool.GlslReduce /opt/reduce/rtx_4070/syn_memory_converge_atomic/variant_688.json interestingness_test --output reduction_results/rtx_4070/syn_memory_converge_atomic/variant_688 /opt/reduce/rtx_4070/syn_memory_converge_atomic/variant_688.comp
