18:32:35.416 INFO  ExecHelper - /opt/graphicsfuzz/graphicsfuzz/target/graphicsfuzz/bin/Linux/glslangValidator -E --stdin -S comp
18:32:35.464 INFO  ExecHelper - Result: 0
18:32:35.551 INFO  ReductionDriver - Starting reduction for variant_384
18:32:35.560 INFO  ExecHelper - interestingness_test /opt/reduce/cezanne_radeon_vega/syn_memory_converge_atomic/variant_384.comp reduction_results/cezanne_radeon_vega/syn_memory_converge_atomic/variant_384/variant_384.json
18:32:35.561 INFO  StreamGobblerLogger - stderr.env: ‘interestingness_test’: No such file or directory
18:32:35.562 INFO  ExecHelper - Result: 127
18:32:35.562 INFO  CustomFileJudge - Custom file judge result: 127
18:32:35.562 INFO  ReductionDriver - Result from initial state is not interesting (attempt 1)
18:32:35.566 INFO  ExecHelper - interestingness_test /opt/reduce/cezanne_radeon_vega/syn_memory_converge_atomic/variant_384.comp reduction_results/cezanne_radeon_vega/syn_memory_converge_atomic/variant_384/variant_384.json
18:32:35.568 INFO  StreamGobblerLogger - stderr.env: ‘interestingness_test’: No such file or directory
18:32:35.568 INFO  ExecHelper - Result: 127
18:32:35.568 INFO  CustomFileJudge - Custom file judge result: 127
18:32:35.568 INFO  ReductionDriver - Result from initial state is not interesting (attempt 2)
18:32:35.570 INFO  ExecHelper - interestingness_test /opt/reduce/cezanne_radeon_vega/syn_memory_converge_atomic/variant_384.comp reduction_results/cezanne_radeon_vega/syn_memory_converge_atomic/variant_384/variant_384.json
18:32:35.571 INFO  StreamGobblerLogger - stderr.env: ‘interestingness_test’: No such file or directory
18:32:35.572 INFO  ExecHelper - Result: 127
18:32:35.572 INFO  CustomFileJudge - Custom file judge result: 127
18:32:35.572 INFO  ReductionDriver - Result from initial state is not interesting (attempt 3)
18:32:35.574 INFO  ExecHelper - interestingness_test /opt/reduce/cezanne_radeon_vega/syn_memory_converge_atomic/variant_384.comp reduction_results/cezanne_radeon_vega/syn_memory_converge_atomic/variant_384/variant_384.json
18:32:35.575 INFO  StreamGobblerLogger - stderr.env: ‘interestingness_test’: No such file or directory
18:32:35.575 INFO  ExecHelper - Result: 127
18:32:35.575 INFO  CustomFileJudge - Custom file judge result: 127
18:32:35.575 INFO  ReductionDriver - Result from initial state is not interesting (attempt 4)
18:32:35.577 INFO  ExecHelper - interestingness_test /opt/reduce/cezanne_radeon_vega/syn_memory_converge_atomic/variant_384.comp reduction_results/cezanne_radeon_vega/syn_memory_converge_atomic/variant_384/variant_384.json
18:32:35.578 INFO  StreamGobblerLogger - stderr.env: ‘interestingness_test’: No such file or directory
18:32:35.579 INFO  ExecHelper - Result: 127
18:32:35.579 INFO  CustomFileJudge - Custom file judge result: 127
18:32:35.579 INFO  ReductionDriver - Result from initial state is not interesting (attempt 5)
18:32:35.579 INFO  ReductionDriver - Tried 5 times; stopping.
Reduction command: java -ea -cp /opt/graphicsfuzz/graphicsfuzz/target/graphicsfuzz/python/drivers/../../jar/tool-1.0.jar com.graphicsfuzz.reducer.tool.GlslReduce /opt/reduce/cezanne_radeon_vega/syn_memory_converge_atomic/variant_384.json interestingness_test --output reduction_results/cezanne_radeon_vega/syn_memory_converge_atomic/variant_384 /opt/reduce/cezanne_radeon_vega/syn_memory_converge_atomic/variant_384.comp
