18:41:05.783 INFO  ExecHelper - /opt/graphicsfuzz/graphicsfuzz/target/graphicsfuzz/bin/Linux/glslangValidator -E --stdin -S comp
18:41:05.830 INFO  ExecHelper - Result: 0
18:41:05.887 INFO  ReductionDriver - Starting reduction for variant_984
18:41:05.892 INFO  ExecHelper - interestingness_test /opt/reduce/cezanne_radeon_vega/syn_memory_converge_atomic/variant_984.comp reduction_results/cezanne_radeon_vega/syn_memory_converge_atomic/variant_984/variant_984.json
18:41:05.893 INFO  StreamGobblerLogger - stderr.env: ‘interestingness_test’: No such file or directory
18:41:05.894 INFO  ExecHelper - Result: 127
18:41:05.894 INFO  CustomFileJudge - Custom file judge result: 127
18:41:05.894 INFO  ReductionDriver - Result from initial state is not interesting (attempt 1)
18:41:05.895 INFO  ExecHelper - interestingness_test /opt/reduce/cezanne_radeon_vega/syn_memory_converge_atomic/variant_984.comp reduction_results/cezanne_radeon_vega/syn_memory_converge_atomic/variant_984/variant_984.json
18:41:05.896 INFO  StreamGobblerLogger - stderr.env: ‘interestingness_test’: No such file or directory
18:41:05.896 INFO  ExecHelper - Result: 127
18:41:05.896 INFO  CustomFileJudge - Custom file judge result: 127
18:41:05.896 INFO  ReductionDriver - Result from initial state is not interesting (attempt 2)
18:41:05.897 INFO  ExecHelper - interestingness_test /opt/reduce/cezanne_radeon_vega/syn_memory_converge_atomic/variant_984.comp reduction_results/cezanne_radeon_vega/syn_memory_converge_atomic/variant_984/variant_984.json
18:41:05.898 INFO  StreamGobblerLogger - stderr.env: ‘interestingness_test’: No such file or directory
18:41:05.898 INFO  ExecHelper - Result: 127
18:41:05.899 INFO  CustomFileJudge - Custom file judge result: 127
18:41:05.899 INFO  ReductionDriver - Result from initial state is not interesting (attempt 3)
18:41:05.899 INFO  ExecHelper - interestingness_test /opt/reduce/cezanne_radeon_vega/syn_memory_converge_atomic/variant_984.comp reduction_results/cezanne_radeon_vega/syn_memory_converge_atomic/variant_984/variant_984.json
18:41:05.900 INFO  StreamGobblerLogger - stderr.env: ‘interestingness_test’: No such file or directory
18:41:05.900 INFO  ExecHelper - Result: 127
18:41:05.901 INFO  CustomFileJudge - Custom file judge result: 127
18:41:05.901 INFO  ReductionDriver - Result from initial state is not interesting (attempt 4)
18:41:05.901 INFO  ExecHelper - interestingness_test /opt/reduce/cezanne_radeon_vega/syn_memory_converge_atomic/variant_984.comp reduction_results/cezanne_radeon_vega/syn_memory_converge_atomic/variant_984/variant_984.json
18:41:05.902 INFO  StreamGobblerLogger - stderr.env: ‘interestingness_test’: No such file or directory
18:41:05.902 INFO  ExecHelper - Result: 127
18:41:05.902 INFO  CustomFileJudge - Custom file judge result: 127
18:41:05.902 INFO  ReductionDriver - Result from initial state is not interesting (attempt 5)
18:41:05.903 INFO  ReductionDriver - Tried 5 times; stopping.
Reduction command: java -ea -cp /opt/graphicsfuzz/graphicsfuzz/target/graphicsfuzz/python/drivers/../../jar/tool-1.0.jar com.graphicsfuzz.reducer.tool.GlslReduce /opt/reduce/cezanne_radeon_vega/syn_memory_converge_atomic/variant_984.json interestingness_test --output reduction_results/cezanne_radeon_vega/syn_memory_converge_atomic/variant_984 /opt/reduce/cezanne_radeon_vega/syn_memory_converge_atomic/variant_984.comp
