19:09:49.171 INFO  ExecHelper - /opt/graphicsfuzz/graphicsfuzz/target/graphicsfuzz/bin/Linux/glslangValidator -E --stdin -S comp
19:09:49.225 INFO  ExecHelper - Result: 0
19:09:49.487 INFO  ReductionDriver - Starting reduction for variant_387
19:09:49.551 INFO  ExecHelper - interestingness_test /opt/reduce/intel_iris_xe_graphics/syn_memory_converge_atomic/variant_387.comp reduction_results/intel_iris_xe_graphics/syn_memory_converge_atomic/variant_387/variant_387.json
19:09:49.553 INFO  StreamGobblerLogger - stderr.env: ‘interestingness_test’: No such file or directory
19:09:49.553 INFO  ExecHelper - Result: 127
19:09:49.553 INFO  CustomFileJudge - Custom file judge result: 127
19:09:49.553 INFO  ReductionDriver - Result from initial state is not interesting (attempt 1)
19:09:49.607 INFO  ExecHelper - interestingness_test /opt/reduce/intel_iris_xe_graphics/syn_memory_converge_atomic/variant_387.comp reduction_results/intel_iris_xe_graphics/syn_memory_converge_atomic/variant_387/variant_387.json
19:09:49.608 INFO  StreamGobblerLogger - stderr.env: ‘interestingness_test’: No such file or directory
19:09:49.609 INFO  ExecHelper - Result: 127
19:09:49.609 INFO  CustomFileJudge - Custom file judge result: 127
19:09:49.609 INFO  ReductionDriver - Result from initial state is not interesting (attempt 2)
19:09:49.653 INFO  ExecHelper - interestingness_test /opt/reduce/intel_iris_xe_graphics/syn_memory_converge_atomic/variant_387.comp reduction_results/intel_iris_xe_graphics/syn_memory_converge_atomic/variant_387/variant_387.json
19:09:49.655 INFO  StreamGobblerLogger - stderr.env: ‘interestingness_test’: No such file or directory
19:09:49.655 INFO  ExecHelper - Result: 127
19:09:49.655 INFO  CustomFileJudge - Custom file judge result: 127
19:09:49.655 INFO  ReductionDriver - Result from initial state is not interesting (attempt 3)
19:09:49.707 INFO  ExecHelper - interestingness_test /opt/reduce/intel_iris_xe_graphics/syn_memory_converge_atomic/variant_387.comp reduction_results/intel_iris_xe_graphics/syn_memory_converge_atomic/variant_387/variant_387.json
19:09:49.708 INFO  StreamGobblerLogger - stderr.env: ‘interestingness_test’: No such file or directory
19:09:49.709 INFO  ExecHelper - Result: 127
19:09:49.709 INFO  CustomFileJudge - Custom file judge result: 127
19:09:49.709 INFO  ReductionDriver - Result from initial state is not interesting (attempt 4)
19:09:49.754 INFO  ExecHelper - interestingness_test /opt/reduce/intel_iris_xe_graphics/syn_memory_converge_atomic/variant_387.comp reduction_results/intel_iris_xe_graphics/syn_memory_converge_atomic/variant_387/variant_387.json
19:09:49.755 INFO  StreamGobblerLogger - stderr.env: ‘interestingness_test’: No such file or directory
19:09:49.756 INFO  ExecHelper - Result: 127
19:09:49.756 INFO  CustomFileJudge - Custom file judge result: 127
19:09:49.756 INFO  ReductionDriver - Result from initial state is not interesting (attempt 5)
19:09:49.756 INFO  ReductionDriver - Tried 5 times; stopping.
Reduction command: java -ea -cp /opt/graphicsfuzz/graphicsfuzz/target/graphicsfuzz/python/drivers/../../jar/tool-1.0.jar com.graphicsfuzz.reducer.tool.GlslReduce /opt/reduce/intel_iris_xe_graphics/syn_memory_converge_atomic/variant_387.json interestingness_test --output reduction_results/intel_iris_xe_graphics/syn_memory_converge_atomic/variant_387 /opt/reduce/intel_iris_xe_graphics/syn_memory_converge_atomic/variant_387.comp
