18:49:38.343 INFO  ExecHelper - /opt/graphicsfuzz/graphicsfuzz/target/graphicsfuzz/bin/Linux/glslangValidator -E --stdin -S comp
18:49:38.462 INFO  ExecHelper - Result: 0
18:49:39.294 INFO  ReductionDriver - Starting reduction for variant_657
18:49:39.312 INFO  ExecHelper - interestingness_test /opt/reduce/intel_iris_xe_graphics/syn_lock_step_release/variant_657.comp reduction_results/intel_iris_xe_graphics/syn_lock_step_release/variant_657/variant_657.json
18:49:39.314 INFO  StreamGobblerLogger - stderr.env: ‘interestingness_test’: No such file or directory
18:49:39.314 INFO  ExecHelper - Result: 127
18:49:39.314 INFO  CustomFileJudge - Custom file judge result: 127
18:49:39.314 INFO  ReductionDriver - Result from initial state is not interesting (attempt 1)
18:49:39.322 INFO  ExecHelper - interestingness_test /opt/reduce/intel_iris_xe_graphics/syn_lock_step_release/variant_657.comp reduction_results/intel_iris_xe_graphics/syn_lock_step_release/variant_657/variant_657.json
18:49:39.323 INFO  StreamGobblerLogger - stderr.env: ‘interestingness_test’: No such file or directory
18:49:39.324 INFO  ExecHelper - Result: 127
18:49:39.324 INFO  CustomFileJudge - Custom file judge result: 127
18:49:39.324 INFO  ReductionDriver - Result from initial state is not interesting (attempt 2)
18:49:39.334 INFO  ExecHelper - interestingness_test /opt/reduce/intel_iris_xe_graphics/syn_lock_step_release/variant_657.comp reduction_results/intel_iris_xe_graphics/syn_lock_step_release/variant_657/variant_657.json
18:49:39.335 INFO  StreamGobblerLogger - stderr.env: ‘interestingness_test’: No such file or directory
18:49:39.336 INFO  ExecHelper - Result: 127
18:49:39.336 INFO  CustomFileJudge - Custom file judge result: 127
18:49:39.336 INFO  ReductionDriver - Result from initial state is not interesting (attempt 3)
18:49:39.342 INFO  ExecHelper - interestingness_test /opt/reduce/intel_iris_xe_graphics/syn_lock_step_release/variant_657.comp reduction_results/intel_iris_xe_graphics/syn_lock_step_release/variant_657/variant_657.json
18:49:39.343 INFO  StreamGobblerLogger - stderr.env: ‘interestingness_test’: No such file or directory
18:49:39.343 INFO  ExecHelper - Result: 127
18:49:39.343 INFO  CustomFileJudge - Custom file judge result: 127
18:49:39.344 INFO  ReductionDriver - Result from initial state is not interesting (attempt 4)
18:49:39.349 INFO  ExecHelper - interestingness_test /opt/reduce/intel_iris_xe_graphics/syn_lock_step_release/variant_657.comp reduction_results/intel_iris_xe_graphics/syn_lock_step_release/variant_657/variant_657.json
18:49:39.350 INFO  StreamGobblerLogger - stderr.env: ‘interestingness_test’: No such file or directory
18:49:39.351 INFO  ExecHelper - Result: 127
18:49:39.351 INFO  CustomFileJudge - Custom file judge result: 127
18:49:39.351 INFO  ReductionDriver - Result from initial state is not interesting (attempt 5)
18:49:39.351 INFO  ReductionDriver - Tried 5 times; stopping.
Reduction command: java -ea -cp /opt/graphicsfuzz/graphicsfuzz/target/graphicsfuzz/python/drivers/../../jar/tool-1.0.jar com.graphicsfuzz.reducer.tool.GlslReduce /opt/reduce/intel_iris_xe_graphics/syn_lock_step_release/variant_657.json interestingness_test --output reduction_results/intel_iris_xe_graphics/syn_lock_step_release/variant_657 /opt/reduce/intel_iris_xe_graphics/syn_lock_step_release/variant_657.comp
