19:46:21.338 INFO  ExecHelper - /opt/graphicsfuzz/graphicsfuzz/target/graphicsfuzz/bin/Linux/glslangValidator -E --stdin -S comp
19:46:21.386 INFO  ExecHelper - Result: 0
19:46:21.446 INFO  ReductionDriver - Starting reduction for variant_421
19:46:21.450 INFO  ExecHelper - interestingness_test /opt/reduce/rtx_4070/syn_memory_converge_atomic/variant_421.comp reduction_results/rtx_4070/syn_memory_converge_atomic/variant_421/variant_421.json
19:46:21.452 INFO  StreamGobblerLogger - stderr.env: ‘interestingness_test’: No such file or directory
19:46:21.452 INFO  ExecHelper - Result: 127
19:46:21.452 INFO  CustomFileJudge - Custom file judge result: 127
19:46:21.452 INFO  ReductionDriver - Result from initial state is not interesting (attempt 1)
19:46:21.454 INFO  ExecHelper - interestingness_test /opt/reduce/rtx_4070/syn_memory_converge_atomic/variant_421.comp reduction_results/rtx_4070/syn_memory_converge_atomic/variant_421/variant_421.json
19:46:21.456 INFO  StreamGobblerLogger - stderr.env: ‘interestingness_test’: No such file or directory
19:46:21.456 INFO  ExecHelper - Result: 127
19:46:21.456 INFO  CustomFileJudge - Custom file judge result: 127
19:46:21.456 INFO  ReductionDriver - Result from initial state is not interesting (attempt 2)
19:46:21.458 INFO  ExecHelper - interestingness_test /opt/reduce/rtx_4070/syn_memory_converge_atomic/variant_421.comp reduction_results/rtx_4070/syn_memory_converge_atomic/variant_421/variant_421.json
19:46:21.459 INFO  StreamGobblerLogger - stderr.env: ‘interestingness_test’: No such file or directory
19:46:21.459 INFO  ExecHelper - Result: 127
19:46:21.459 INFO  CustomFileJudge - Custom file judge result: 127
19:46:21.459 INFO  ReductionDriver - Result from initial state is not interesting (attempt 3)
19:46:21.461 INFO  ExecHelper - interestingness_test /opt/reduce/rtx_4070/syn_memory_converge_atomic/variant_421.comp reduction_results/rtx_4070/syn_memory_converge_atomic/variant_421/variant_421.json
19:46:21.462 INFO  StreamGobblerLogger - stderr.env: ‘interestingness_test’: No such file or directory
19:46:21.463 INFO  ExecHelper - Result: 127
19:46:21.463 INFO  CustomFileJudge - Custom file judge result: 127
19:46:21.463 INFO  ReductionDriver - Result from initial state is not interesting (attempt 4)
19:46:21.464 INFO  ExecHelper - interestingness_test /opt/reduce/rtx_4070/syn_memory_converge_atomic/variant_421.comp reduction_results/rtx_4070/syn_memory_converge_atomic/variant_421/variant_421.json
19:46:21.465 INFO  StreamGobblerLogger - stderr.env: ‘interestingness_test’: No such file or directory
19:46:21.466 INFO  ExecHelper - Result: 127
19:46:21.466 INFO  CustomFileJudge - Custom file judge result: 127
19:46:21.466 INFO  ReductionDriver - Result from initial state is not interesting (attempt 5)
19:46:21.466 INFO  ReductionDriver - Tried 5 times; stopping.
Reduction command: java -ea -cp /opt/graphicsfuzz/graphicsfuzz/target/graphicsfuzz/python/drivers/../../jar/tool-1.0.jar com.graphicsfuzz.reducer.tool.GlslReduce /opt/reduce/rtx_4070/syn_memory_converge_atomic/variant_421.json interestingness_test --output reduction_results/rtx_4070/syn_memory_converge_atomic/variant_421 /opt/reduce/rtx_4070/syn_memory_converge_atomic/variant_421.comp
