19:22:17.263 INFO  ExecHelper - /opt/graphicsfuzz/graphicsfuzz/target/graphicsfuzz/bin/Linux/glslangValidator -E --stdin -S comp
19:22:17.326 INFO  ExecHelper - Result: 0
19:22:18.438 INFO  ReductionDriver - Starting reduction for variant_647
19:22:18.517 INFO  ExecHelper - interestingness_test /opt/reduce/intel_iris_xe_graphics/syn_subgroup_op_release/variant_647.comp reduction_results/intel_iris_xe_graphics/syn_subgroup_op_release/variant_647/variant_647.json
19:22:18.519 INFO  StreamGobblerLogger - stderr.env: ‘interestingness_test’: No such file or directory
19:22:18.519 INFO  ExecHelper - Result: 127
19:22:18.520 INFO  CustomFileJudge - Custom file judge result: 127
19:22:18.520 INFO  ReductionDriver - Result from initial state is not interesting (attempt 1)
19:22:18.588 INFO  ExecHelper - interestingness_test /opt/reduce/intel_iris_xe_graphics/syn_subgroup_op_release/variant_647.comp reduction_results/intel_iris_xe_graphics/syn_subgroup_op_release/variant_647/variant_647.json
19:22:18.590 INFO  StreamGobblerLogger - stderr.env: ‘interestingness_test’: No such file or directory
19:22:18.590 INFO  ExecHelper - Result: 127
19:22:18.590 INFO  CustomFileJudge - Custom file judge result: 127
19:22:18.590 INFO  ReductionDriver - Result from initial state is not interesting (attempt 2)
19:22:18.655 INFO  ExecHelper - interestingness_test /opt/reduce/intel_iris_xe_graphics/syn_subgroup_op_release/variant_647.comp reduction_results/intel_iris_xe_graphics/syn_subgroup_op_release/variant_647/variant_647.json
19:22:18.657 INFO  StreamGobblerLogger - stderr.env: ‘interestingness_test’: No such file or directory
19:22:18.658 INFO  ExecHelper - Result: 127
19:22:18.658 INFO  CustomFileJudge - Custom file judge result: 127
19:22:18.658 INFO  ReductionDriver - Result from initial state is not interesting (attempt 3)
19:22:18.721 INFO  ExecHelper - interestingness_test /opt/reduce/intel_iris_xe_graphics/syn_subgroup_op_release/variant_647.comp reduction_results/intel_iris_xe_graphics/syn_subgroup_op_release/variant_647/variant_647.json
19:22:18.722 INFO  StreamGobblerLogger - stderr.env: ‘interestingness_test’: No such file or directory
19:22:18.723 INFO  ExecHelper - Result: 127
19:22:18.723 INFO  CustomFileJudge - Custom file judge result: 127
19:22:18.723 INFO  ReductionDriver - Result from initial state is not interesting (attempt 4)
19:22:18.786 INFO  ExecHelper - interestingness_test /opt/reduce/intel_iris_xe_graphics/syn_subgroup_op_release/variant_647.comp reduction_results/intel_iris_xe_graphics/syn_subgroup_op_release/variant_647/variant_647.json
19:22:18.787 INFO  StreamGobblerLogger - stderr.env: ‘interestingness_test’: No such file or directory
19:22:18.788 INFO  ExecHelper - Result: 127
19:22:18.788 INFO  CustomFileJudge - Custom file judge result: 127
19:22:18.788 INFO  ReductionDriver - Result from initial state is not interesting (attempt 5)
19:22:18.788 INFO  ReductionDriver - Tried 5 times; stopping.
Reduction command: java -ea -cp /opt/graphicsfuzz/graphicsfuzz/target/graphicsfuzz/python/drivers/../../jar/tool-1.0.jar com.graphicsfuzz.reducer.tool.GlslReduce /opt/reduce/intel_iris_xe_graphics/syn_subgroup_op_release/variant_647.json interestingness_test --output reduction_results/intel_iris_xe_graphics/syn_subgroup_op_release/variant_647 /opt/reduce/intel_iris_xe_graphics/syn_subgroup_op_release/variant_647.comp
