19:13:00.873 INFO  ExecHelper - /opt/graphicsfuzz/graphicsfuzz/target/graphicsfuzz/bin/Linux/glslangValidator -E --stdin -S comp
19:13:01.155 INFO  ExecHelper - Result: 0
19:13:01.780 INFO  ReductionDriver - Starting reduction for variant_605
19:13:01.795 INFO  ExecHelper - interestingness_test /opt/reduce/intel_iris_xe_graphics/syn_memory_converge_atomic/variant_605.comp reduction_results/intel_iris_xe_graphics/syn_memory_converge_atomic/variant_605/variant_605.json
19:13:01.797 INFO  StreamGobblerLogger - stderr.env: ‘interestingness_test’: No such file or directory
19:13:01.797 INFO  ExecHelper - Result: 127
19:13:01.797 INFO  CustomFileJudge - Custom file judge result: 127
19:13:01.797 INFO  ReductionDriver - Result from initial state is not interesting (attempt 1)
19:13:01.804 INFO  ExecHelper - interestingness_test /opt/reduce/intel_iris_xe_graphics/syn_memory_converge_atomic/variant_605.comp reduction_results/intel_iris_xe_graphics/syn_memory_converge_atomic/variant_605/variant_605.json
19:13:01.805 INFO  StreamGobblerLogger - stderr.env: ‘interestingness_test’: No such file or directory
19:13:01.806 INFO  ExecHelper - Result: 127
19:13:01.806 INFO  CustomFileJudge - Custom file judge result: 127
19:13:01.806 INFO  ReductionDriver - Result from initial state is not interesting (attempt 2)
19:13:01.815 INFO  ExecHelper - interestingness_test /opt/reduce/intel_iris_xe_graphics/syn_memory_converge_atomic/variant_605.comp reduction_results/intel_iris_xe_graphics/syn_memory_converge_atomic/variant_605/variant_605.json
19:13:01.818 INFO  StreamGobblerLogger - stderr.env: ‘interestingness_test’: No such file or directory
19:13:01.818 INFO  ExecHelper - Result: 127
19:13:01.818 INFO  CustomFileJudge - Custom file judge result: 127
19:13:01.819 INFO  ReductionDriver - Result from initial state is not interesting (attempt 3)
19:13:01.834 INFO  ExecHelper - interestingness_test /opt/reduce/intel_iris_xe_graphics/syn_memory_converge_atomic/variant_605.comp reduction_results/intel_iris_xe_graphics/syn_memory_converge_atomic/variant_605/variant_605.json
19:13:01.835 INFO  StreamGobblerLogger - stderr.env: ‘interestingness_test’: No such file or directory
19:13:01.835 INFO  ExecHelper - Result: 127
19:13:01.835 INFO  CustomFileJudge - Custom file judge result: 127
19:13:01.835 INFO  ReductionDriver - Result from initial state is not interesting (attempt 4)
19:13:01.840 INFO  ExecHelper - interestingness_test /opt/reduce/intel_iris_xe_graphics/syn_memory_converge_atomic/variant_605.comp reduction_results/intel_iris_xe_graphics/syn_memory_converge_atomic/variant_605/variant_605.json
19:13:01.841 INFO  StreamGobblerLogger - stderr.env: ‘interestingness_test’: No such file or directory
19:13:01.842 INFO  ExecHelper - Result: 127
19:13:01.842 INFO  CustomFileJudge - Custom file judge result: 127
19:13:01.842 INFO  ReductionDriver - Result from initial state is not interesting (attempt 5)
19:13:01.842 INFO  ReductionDriver - Tried 5 times; stopping.
Reduction command: java -ea -cp /opt/graphicsfuzz/graphicsfuzz/target/graphicsfuzz/python/drivers/../../jar/tool-1.0.jar com.graphicsfuzz.reducer.tool.GlslReduce /opt/reduce/intel_iris_xe_graphics/syn_memory_converge_atomic/variant_605.json interestingness_test --output reduction_results/intel_iris_xe_graphics/syn_memory_converge_atomic/variant_605 /opt/reduce/intel_iris_xe_graphics/syn_memory_converge_atomic/variant_605.comp
