19:29:58.653 INFO  ExecHelper - /opt/graphicsfuzz/graphicsfuzz/target/graphicsfuzz/bin/Linux/glslangValidator -E --stdin -S comp
19:29:58.710 INFO  ExecHelper - Result: 0
19:29:59.095 INFO  ReductionDriver - Starting reduction for variant_272
19:29:59.197 INFO  ExecHelper - interestingness_test /opt/reduce/rtx_4070/syn_memory_converge/variant_272.comp reduction_results/rtx_4070/syn_memory_converge/variant_272/variant_272.json
19:29:59.199 INFO  StreamGobblerLogger - stderr.env: ‘interestingness_test’: No such file or directory
19:29:59.200 INFO  ExecHelper - Result: 127
19:29:59.200 INFO  CustomFileJudge - Custom file judge result: 127
19:29:59.200 INFO  ReductionDriver - Result from initial state is not interesting (attempt 1)
19:29:59.290 INFO  ExecHelper - interestingness_test /opt/reduce/rtx_4070/syn_memory_converge/variant_272.comp reduction_results/rtx_4070/syn_memory_converge/variant_272/variant_272.json
19:29:59.292 INFO  StreamGobblerLogger - stderr.env: ‘interestingness_test’: No such file or directory
19:29:59.292 INFO  ExecHelper - Result: 127
19:29:59.292 INFO  CustomFileJudge - Custom file judge result: 127
19:29:59.292 INFO  ReductionDriver - Result from initial state is not interesting (attempt 2)
19:29:59.377 INFO  ExecHelper - interestingness_test /opt/reduce/rtx_4070/syn_memory_converge/variant_272.comp reduction_results/rtx_4070/syn_memory_converge/variant_272/variant_272.json
19:29:59.379 INFO  StreamGobblerLogger - stderr.env: ‘interestingness_test’: No such file or directory
19:29:59.379 INFO  ExecHelper - Result: 127
19:29:59.379 INFO  CustomFileJudge - Custom file judge result: 127
19:29:59.379 INFO  ReductionDriver - Result from initial state is not interesting (attempt 3)
19:29:59.460 INFO  ExecHelper - interestingness_test /opt/reduce/rtx_4070/syn_memory_converge/variant_272.comp reduction_results/rtx_4070/syn_memory_converge/variant_272/variant_272.json
19:29:59.462 INFO  StreamGobblerLogger - stderr.env: ‘interestingness_test’: No such file or directory
19:29:59.463 INFO  ExecHelper - Result: 127
19:29:59.463 INFO  CustomFileJudge - Custom file judge result: 127
19:29:59.463 INFO  ReductionDriver - Result from initial state is not interesting (attempt 4)
19:29:59.543 INFO  ExecHelper - interestingness_test /opt/reduce/rtx_4070/syn_memory_converge/variant_272.comp reduction_results/rtx_4070/syn_memory_converge/variant_272/variant_272.json
19:29:59.545 INFO  StreamGobblerLogger - stderr.env: ‘interestingness_test’: No such file or directory
19:29:59.546 INFO  ExecHelper - Result: 127
19:29:59.546 INFO  CustomFileJudge - Custom file judge result: 127
19:29:59.546 INFO  ReductionDriver - Result from initial state is not interesting (attempt 5)
19:29:59.546 INFO  ReductionDriver - Tried 5 times; stopping.
Reduction command: java -ea -cp /opt/graphicsfuzz/graphicsfuzz/target/graphicsfuzz/python/drivers/../../jar/tool-1.0.jar com.graphicsfuzz.reducer.tool.GlslReduce /opt/reduce/rtx_4070/syn_memory_converge/variant_272.json interestingness_test --output reduction_results/rtx_4070/syn_memory_converge/variant_272 /opt/reduce/rtx_4070/syn_memory_converge/variant_272.comp
