19:11:30.027 INFO  ExecHelper - /opt/graphicsfuzz/graphicsfuzz/target/graphicsfuzz/bin/Linux/glslangValidator -E --stdin -S comp
19:11:30.082 INFO  ExecHelper - Result: 0
19:11:30.366 INFO  ReductionDriver - Starting reduction for variant_504
19:11:30.441 INFO  ExecHelper - interestingness_test /opt/reduce/intel_iris_xe_graphics/syn_memory_converge_atomic/variant_504.comp reduction_results/intel_iris_xe_graphics/syn_memory_converge_atomic/variant_504/variant_504.json
19:11:30.443 INFO  StreamGobblerLogger - stderr.env: ‘interestingness_test’: No such file or directory
19:11:30.443 INFO  ExecHelper - Result: 127
19:11:30.444 INFO  CustomFileJudge - Custom file judge result: 127
19:11:30.444 INFO  ReductionDriver - Result from initial state is not interesting (attempt 1)
19:11:30.500 INFO  ExecHelper - interestingness_test /opt/reduce/intel_iris_xe_graphics/syn_memory_converge_atomic/variant_504.comp reduction_results/intel_iris_xe_graphics/syn_memory_converge_atomic/variant_504/variant_504.json
19:11:30.502 INFO  StreamGobblerLogger - stderr.env: ‘interestingness_test’: No such file or directory
19:11:30.503 INFO  ExecHelper - Result: 127
19:11:30.503 INFO  CustomFileJudge - Custom file judge result: 127
19:11:30.503 INFO  ReductionDriver - Result from initial state is not interesting (attempt 2)
19:11:30.550 INFO  ExecHelper - interestingness_test /opt/reduce/intel_iris_xe_graphics/syn_memory_converge_atomic/variant_504.comp reduction_results/intel_iris_xe_graphics/syn_memory_converge_atomic/variant_504/variant_504.json
19:11:30.552 INFO  StreamGobblerLogger - stderr.env: ‘interestingness_test’: No such file or directory
19:11:30.553 INFO  ExecHelper - Result: 127
19:11:30.553 INFO  CustomFileJudge - Custom file judge result: 127
19:11:30.553 INFO  ReductionDriver - Result from initial state is not interesting (attempt 3)
19:11:30.597 INFO  ExecHelper - interestingness_test /opt/reduce/intel_iris_xe_graphics/syn_memory_converge_atomic/variant_504.comp reduction_results/intel_iris_xe_graphics/syn_memory_converge_atomic/variant_504/variant_504.json
19:11:30.599 INFO  StreamGobblerLogger - stderr.env: ‘interestingness_test’: No such file or directory
19:11:30.599 INFO  ExecHelper - Result: 127
19:11:30.599 INFO  CustomFileJudge - Custom file judge result: 127
19:11:30.599 INFO  ReductionDriver - Result from initial state is not interesting (attempt 4)
19:11:30.646 INFO  ExecHelper - interestingness_test /opt/reduce/intel_iris_xe_graphics/syn_memory_converge_atomic/variant_504.comp reduction_results/intel_iris_xe_graphics/syn_memory_converge_atomic/variant_504/variant_504.json
19:11:30.653 INFO  StreamGobblerLogger - stderr.env: ‘interestingness_test’: No such file or directory
19:11:30.654 INFO  ExecHelper - Result: 127
19:11:30.654 INFO  CustomFileJudge - Custom file judge result: 127
19:11:30.654 INFO  ReductionDriver - Result from initial state is not interesting (attempt 5)
19:11:30.654 INFO  ReductionDriver - Tried 5 times; stopping.
Reduction command: java -ea -cp /opt/graphicsfuzz/graphicsfuzz/target/graphicsfuzz/python/drivers/../../jar/tool-1.0.jar com.graphicsfuzz.reducer.tool.GlslReduce /opt/reduce/intel_iris_xe_graphics/syn_memory_converge_atomic/variant_504.json interestingness_test --output reduction_results/intel_iris_xe_graphics/syn_memory_converge_atomic/variant_504 /opt/reduce/intel_iris_xe_graphics/syn_memory_converge_atomic/variant_504.comp
