19:22:27.951 INFO  ExecHelper - /opt/graphicsfuzz/graphicsfuzz/target/graphicsfuzz/bin/Linux/glslangValidator -E --stdin -S comp
19:22:28.010 INFO  ExecHelper - Result: 0
19:22:28.446 INFO  ReductionDriver - Starting reduction for variant_805
19:22:28.552 INFO  ExecHelper - interestingness_test /opt/reduce/intel_iris_xe_graphics/syn_subgroup_op_release/variant_805.comp reduction_results/intel_iris_xe_graphics/syn_subgroup_op_release/variant_805/variant_805.json
19:22:28.554 INFO  StreamGobblerLogger - stderr.env: ‘interestingness_test’: No such file or directory
19:22:28.554 INFO  ExecHelper - Result: 127
19:22:28.555 INFO  CustomFileJudge - Custom file judge result: 127
19:22:28.555 INFO  ReductionDriver - Result from initial state is not interesting (attempt 1)
19:22:28.640 INFO  ExecHelper - interestingness_test /opt/reduce/intel_iris_xe_graphics/syn_subgroup_op_release/variant_805.comp reduction_results/intel_iris_xe_graphics/syn_subgroup_op_release/variant_805/variant_805.json
19:22:28.641 INFO  StreamGobblerLogger - stderr.env: ‘interestingness_test’: No such file or directory
19:22:28.642 INFO  ExecHelper - Result: 127
19:22:28.642 INFO  CustomFileJudge - Custom file judge result: 127
19:22:28.642 INFO  ReductionDriver - Result from initial state is not interesting (attempt 2)
19:22:28.736 INFO  ExecHelper - interestingness_test /opt/reduce/intel_iris_xe_graphics/syn_subgroup_op_release/variant_805.comp reduction_results/intel_iris_xe_graphics/syn_subgroup_op_release/variant_805/variant_805.json
19:22:28.738 INFO  StreamGobblerLogger - stderr.env: ‘interestingness_test’: No such file or directory
19:22:28.738 INFO  ExecHelper - Result: 127
19:22:28.739 INFO  CustomFileJudge - Custom file judge result: 127
19:22:28.739 INFO  ReductionDriver - Result from initial state is not interesting (attempt 3)
19:22:28.822 INFO  ExecHelper - interestingness_test /opt/reduce/intel_iris_xe_graphics/syn_subgroup_op_release/variant_805.comp reduction_results/intel_iris_xe_graphics/syn_subgroup_op_release/variant_805/variant_805.json
19:22:28.824 INFO  StreamGobblerLogger - stderr.env: ‘interestingness_test’: No such file or directory
19:22:28.824 INFO  ExecHelper - Result: 127
19:22:28.824 INFO  CustomFileJudge - Custom file judge result: 127
19:22:28.824 INFO  ReductionDriver - Result from initial state is not interesting (attempt 4)
19:22:28.906 INFO  ExecHelper - interestingness_test /opt/reduce/intel_iris_xe_graphics/syn_subgroup_op_release/variant_805.comp reduction_results/intel_iris_xe_graphics/syn_subgroup_op_release/variant_805/variant_805.json
19:22:28.907 INFO  StreamGobblerLogger - stderr.env: ‘interestingness_test’: No such file or directory
19:22:28.908 INFO  ExecHelper - Result: 127
19:22:28.908 INFO  CustomFileJudge - Custom file judge result: 127
19:22:28.908 INFO  ReductionDriver - Result from initial state is not interesting (attempt 5)
19:22:28.908 INFO  ReductionDriver - Tried 5 times; stopping.
Reduction command: java -ea -cp /opt/graphicsfuzz/graphicsfuzz/target/graphicsfuzz/python/drivers/../../jar/tool-1.0.jar com.graphicsfuzz.reducer.tool.GlslReduce /opt/reduce/intel_iris_xe_graphics/syn_subgroup_op_release/variant_805.json interestingness_test --output reduction_results/intel_iris_xe_graphics/syn_subgroup_op_release/variant_805 /opt/reduce/intel_iris_xe_graphics/syn_subgroup_op_release/variant_805.comp
