19:17:05.463 INFO  ExecHelper - /opt/graphicsfuzz/graphicsfuzz/target/graphicsfuzz/bin/Linux/glslangValidator -E --stdin -S comp
19:17:05.519 INFO  ExecHelper - Result: 0
19:17:05.825 INFO  ReductionDriver - Starting reduction for variant_870
19:17:05.907 INFO  ExecHelper - interestingness_test /opt/reduce/intel_iris_xe_graphics/syn_memory_converge_atomic/variant_870.comp reduction_results/intel_iris_xe_graphics/syn_memory_converge_atomic/variant_870/variant_870.json
19:17:05.909 INFO  StreamGobblerLogger - stderr.env: ‘interestingness_test’: No such file or directory
19:17:05.909 INFO  ExecHelper - Result: 127
19:17:05.910 INFO  CustomFileJudge - Custom file judge result: 127
19:17:05.910 INFO  ReductionDriver - Result from initial state is not interesting (attempt 1)
19:17:05.985 INFO  ExecHelper - interestingness_test /opt/reduce/intel_iris_xe_graphics/syn_memory_converge_atomic/variant_870.comp reduction_results/intel_iris_xe_graphics/syn_memory_converge_atomic/variant_870/variant_870.json
19:17:05.987 INFO  StreamGobblerLogger - stderr.env: ‘interestingness_test’: No such file or directory
19:17:05.987 INFO  ExecHelper - Result: 127
19:17:05.987 INFO  CustomFileJudge - Custom file judge result: 127
19:17:05.987 INFO  ReductionDriver - Result from initial state is not interesting (attempt 2)
19:17:06.051 INFO  ExecHelper - interestingness_test /opt/reduce/intel_iris_xe_graphics/syn_memory_converge_atomic/variant_870.comp reduction_results/intel_iris_xe_graphics/syn_memory_converge_atomic/variant_870/variant_870.json
19:17:06.053 INFO  StreamGobblerLogger - stderr.env: ‘interestingness_test’: No such file or directory
19:17:06.053 INFO  ExecHelper - Result: 127
19:17:06.053 INFO  CustomFileJudge - Custom file judge result: 127
19:17:06.053 INFO  ReductionDriver - Result from initial state is not interesting (attempt 3)
19:17:06.123 INFO  ExecHelper - interestingness_test /opt/reduce/intel_iris_xe_graphics/syn_memory_converge_atomic/variant_870.comp reduction_results/intel_iris_xe_graphics/syn_memory_converge_atomic/variant_870/variant_870.json
19:17:06.125 INFO  StreamGobblerLogger - stderr.env: ‘interestingness_test’: No such file or directory
19:17:06.126 INFO  ExecHelper - Result: 127
19:17:06.126 INFO  CustomFileJudge - Custom file judge result: 127
19:17:06.126 INFO  ReductionDriver - Result from initial state is not interesting (attempt 4)
19:17:06.187 INFO  ExecHelper - interestingness_test /opt/reduce/intel_iris_xe_graphics/syn_memory_converge_atomic/variant_870.comp reduction_results/intel_iris_xe_graphics/syn_memory_converge_atomic/variant_870/variant_870.json
19:17:06.188 INFO  StreamGobblerLogger - stderr.env: ‘interestingness_test’: No such file or directory
19:17:06.188 INFO  ExecHelper - Result: 127
19:17:06.188 INFO  CustomFileJudge - Custom file judge result: 127
19:17:06.188 INFO  ReductionDriver - Result from initial state is not interesting (attempt 5)
19:17:06.188 INFO  ReductionDriver - Tried 5 times; stopping.
Reduction command: java -ea -cp /opt/graphicsfuzz/graphicsfuzz/target/graphicsfuzz/python/drivers/../../jar/tool-1.0.jar com.graphicsfuzz.reducer.tool.GlslReduce /opt/reduce/intel_iris_xe_graphics/syn_memory_converge_atomic/variant_870.json interestingness_test --output reduction_results/intel_iris_xe_graphics/syn_memory_converge_atomic/variant_870 /opt/reduce/intel_iris_xe_graphics/syn_memory_converge_atomic/variant_870.comp
