18:54:49.441 INFO  ExecHelper - /opt/graphicsfuzz/graphicsfuzz/target/graphicsfuzz/bin/Linux/glslangValidator -E --stdin -S comp
18:54:49.531 INFO  ExecHelper - Result: 0
18:54:49.844 INFO  ReductionDriver - Starting reduction for variant_336
18:54:49.856 INFO  ExecHelper - interestingness_test /opt/reduce/intel_iris_xe_graphics/syn_memory_converge/variant_336.comp reduction_results/intel_iris_xe_graphics/syn_memory_converge/variant_336/variant_336.json
18:54:49.858 INFO  StreamGobblerLogger - stderr.env: ‘interestingness_test’: No such file or directory
18:54:49.858 INFO  ExecHelper - Result: 127
18:54:49.858 INFO  CustomFileJudge - Custom file judge result: 127
18:54:49.858 INFO  ReductionDriver - Result from initial state is not interesting (attempt 1)
18:54:49.866 INFO  ExecHelper - interestingness_test /opt/reduce/intel_iris_xe_graphics/syn_memory_converge/variant_336.comp reduction_results/intel_iris_xe_graphics/syn_memory_converge/variant_336/variant_336.json
18:54:49.867 INFO  StreamGobblerLogger - stderr.env: ‘interestingness_test’: No such file or directory
18:54:49.867 INFO  ExecHelper - Result: 127
18:54:49.868 INFO  CustomFileJudge - Custom file judge result: 127
18:54:49.868 INFO  ReductionDriver - Result from initial state is not interesting (attempt 2)
18:54:49.870 INFO  ExecHelper - interestingness_test /opt/reduce/intel_iris_xe_graphics/syn_memory_converge/variant_336.comp reduction_results/intel_iris_xe_graphics/syn_memory_converge/variant_336/variant_336.json
18:54:49.871 INFO  StreamGobblerLogger - stderr.env: ‘interestingness_test’: No such file or directory
18:54:49.872 INFO  ExecHelper - Result: 127
18:54:49.872 INFO  CustomFileJudge - Custom file judge result: 127
18:54:49.872 INFO  ReductionDriver - Result from initial state is not interesting (attempt 3)
18:54:49.875 INFO  ExecHelper - interestingness_test /opt/reduce/intel_iris_xe_graphics/syn_memory_converge/variant_336.comp reduction_results/intel_iris_xe_graphics/syn_memory_converge/variant_336/variant_336.json
18:54:49.876 INFO  StreamGobblerLogger - stderr.env: ‘interestingness_test’: No such file or directory
18:54:49.876 INFO  ExecHelper - Result: 127
18:54:49.877 INFO  CustomFileJudge - Custom file judge result: 127
18:54:49.877 INFO  ReductionDriver - Result from initial state is not interesting (attempt 4)
18:54:49.883 INFO  ExecHelper - interestingness_test /opt/reduce/intel_iris_xe_graphics/syn_memory_converge/variant_336.comp reduction_results/intel_iris_xe_graphics/syn_memory_converge/variant_336/variant_336.json
18:54:49.884 INFO  StreamGobblerLogger - stderr.env: ‘interestingness_test’: No such file or directory
18:54:49.884 INFO  ExecHelper - Result: 127
18:54:49.884 INFO  CustomFileJudge - Custom file judge result: 127
18:54:49.884 INFO  ReductionDriver - Result from initial state is not interesting (attempt 5)
18:54:49.884 INFO  ReductionDriver - Tried 5 times; stopping.
Reduction command: java -ea -cp /opt/graphicsfuzz/graphicsfuzz/target/graphicsfuzz/python/drivers/../../jar/tool-1.0.jar com.graphicsfuzz.reducer.tool.GlslReduce /opt/reduce/intel_iris_xe_graphics/syn_memory_converge/variant_336.json interestingness_test --output reduction_results/intel_iris_xe_graphics/syn_memory_converge/variant_336 /opt/reduce/intel_iris_xe_graphics/syn_memory_converge/variant_336.comp
