19:43:12.390 INFO  ExecHelper - /opt/graphicsfuzz/graphicsfuzz/target/graphicsfuzz/bin/Linux/glslangValidator -E --stdin -S comp
19:43:12.442 INFO  ExecHelper - Result: 0
19:43:12.780 INFO  ReductionDriver - Starting reduction for variant_207
19:43:12.883 INFO  ExecHelper - interestingness_test /opt/reduce/rtx_4070/syn_memory_converge_atomic/variant_207.comp reduction_results/rtx_4070/syn_memory_converge_atomic/variant_207/variant_207.json
19:43:12.885 INFO  StreamGobblerLogger - stderr.env: ‘interestingness_test’: No such file or directory
19:43:12.886 INFO  ExecHelper - Result: 127
19:43:12.886 INFO  CustomFileJudge - Custom file judge result: 127
19:43:12.886 INFO  ReductionDriver - Result from initial state is not interesting (attempt 1)
19:43:12.938 INFO  ExecHelper - interestingness_test /opt/reduce/rtx_4070/syn_memory_converge_atomic/variant_207.comp reduction_results/rtx_4070/syn_memory_converge_atomic/variant_207/variant_207.json
19:43:12.940 INFO  StreamGobblerLogger - stderr.env: ‘interestingness_test’: No such file or directory
19:43:12.941 INFO  ExecHelper - Result: 127
19:43:12.941 INFO  CustomFileJudge - Custom file judge result: 127
19:43:12.941 INFO  ReductionDriver - Result from initial state is not interesting (attempt 2)
19:43:12.990 INFO  ExecHelper - interestingness_test /opt/reduce/rtx_4070/syn_memory_converge_atomic/variant_207.comp reduction_results/rtx_4070/syn_memory_converge_atomic/variant_207/variant_207.json
19:43:12.991 INFO  StreamGobblerLogger - stderr.env: ‘interestingness_test’: No such file or directory
19:43:12.992 INFO  ExecHelper - Result: 127
19:43:12.992 INFO  CustomFileJudge - Custom file judge result: 127
19:43:12.992 INFO  ReductionDriver - Result from initial state is not interesting (attempt 3)
19:43:13.043 INFO  ExecHelper - interestingness_test /opt/reduce/rtx_4070/syn_memory_converge_atomic/variant_207.comp reduction_results/rtx_4070/syn_memory_converge_atomic/variant_207/variant_207.json
19:43:13.045 INFO  StreamGobblerLogger - stderr.env: ‘interestingness_test’: No such file or directory
19:43:13.045 INFO  ExecHelper - Result: 127
19:43:13.046 INFO  CustomFileJudge - Custom file judge result: 127
19:43:13.046 INFO  ReductionDriver - Result from initial state is not interesting (attempt 4)
19:43:13.094 INFO  ExecHelper - interestingness_test /opt/reduce/rtx_4070/syn_memory_converge_atomic/variant_207.comp reduction_results/rtx_4070/syn_memory_converge_atomic/variant_207/variant_207.json
19:43:13.095 INFO  StreamGobblerLogger - stderr.env: ‘interestingness_test’: No such file or directory
19:43:13.096 INFO  ExecHelper - Result: 127
19:43:13.096 INFO  CustomFileJudge - Custom file judge result: 127
19:43:13.096 INFO  ReductionDriver - Result from initial state is not interesting (attempt 5)
19:43:13.096 INFO  ReductionDriver - Tried 5 times; stopping.
Reduction command: java -ea -cp /opt/graphicsfuzz/graphicsfuzz/target/graphicsfuzz/python/drivers/../../jar/tool-1.0.jar com.graphicsfuzz.reducer.tool.GlslReduce /opt/reduce/rtx_4070/syn_memory_converge_atomic/variant_207.json interestingness_test --output reduction_results/rtx_4070/syn_memory_converge_atomic/variant_207 /opt/reduce/rtx_4070/syn_memory_converge_atomic/variant_207.comp
