18:30:24.664 INFO  ExecHelper - /opt/graphicsfuzz/graphicsfuzz/target/graphicsfuzz/bin/Linux/glslangValidator -E --stdin -S comp
18:30:24.714 INFO  ExecHelper - Result: 0
18:30:24.821 INFO  ReductionDriver - Starting reduction for variant_228
18:30:24.837 INFO  ExecHelper - interestingness_test /opt/reduce/cezanne_radeon_vega/syn_memory_converge_atomic/variant_228.comp reduction_results/cezanne_radeon_vega/syn_memory_converge_atomic/variant_228/variant_228.json
18:30:24.839 INFO  StreamGobblerLogger - stderr.env: ‘interestingness_test’: No such file or directory
18:30:24.839 INFO  ExecHelper - Result: 127
18:30:24.839 INFO  CustomFileJudge - Custom file judge result: 127
18:30:24.839 INFO  ReductionDriver - Result from initial state is not interesting (attempt 1)
18:30:24.845 INFO  ExecHelper - interestingness_test /opt/reduce/cezanne_radeon_vega/syn_memory_converge_atomic/variant_228.comp reduction_results/cezanne_radeon_vega/syn_memory_converge_atomic/variant_228/variant_228.json
18:30:24.846 INFO  StreamGobblerLogger - stderr.env: ‘interestingness_test’: No such file or directory
18:30:24.847 INFO  ExecHelper - Result: 127
18:30:24.847 INFO  CustomFileJudge - Custom file judge result: 127
18:30:24.847 INFO  ReductionDriver - Result from initial state is not interesting (attempt 2)
18:30:24.855 INFO  ExecHelper - interestingness_test /opt/reduce/cezanne_radeon_vega/syn_memory_converge_atomic/variant_228.comp reduction_results/cezanne_radeon_vega/syn_memory_converge_atomic/variant_228/variant_228.json
18:30:24.857 INFO  StreamGobblerLogger - stderr.env: ‘interestingness_test’: No such file or directory
18:30:24.857 INFO  ExecHelper - Result: 127
18:30:24.857 INFO  CustomFileJudge - Custom file judge result: 127
18:30:24.857 INFO  ReductionDriver - Result from initial state is not interesting (attempt 3)
18:30:24.868 INFO  ExecHelper - interestingness_test /opt/reduce/cezanne_radeon_vega/syn_memory_converge_atomic/variant_228.comp reduction_results/cezanne_radeon_vega/syn_memory_converge_atomic/variant_228/variant_228.json
18:30:24.870 INFO  StreamGobblerLogger - stderr.env: ‘interestingness_test’: No such file or directory
18:30:24.870 INFO  ExecHelper - Result: 127
18:30:24.870 INFO  CustomFileJudge - Custom file judge result: 127
18:30:24.870 INFO  ReductionDriver - Result from initial state is not interesting (attempt 4)
18:30:24.879 INFO  ExecHelper - interestingness_test /opt/reduce/cezanne_radeon_vega/syn_memory_converge_atomic/variant_228.comp reduction_results/cezanne_radeon_vega/syn_memory_converge_atomic/variant_228/variant_228.json
18:30:24.880 INFO  StreamGobblerLogger - stderr.env: ‘interestingness_test’: No such file or directory
18:30:24.881 INFO  ExecHelper - Result: 127
18:30:24.881 INFO  CustomFileJudge - Custom file judge result: 127
18:30:24.881 INFO  ReductionDriver - Result from initial state is not interesting (attempt 5)
18:30:24.881 INFO  ReductionDriver - Tried 5 times; stopping.
Reduction command: java -ea -cp /opt/graphicsfuzz/graphicsfuzz/target/graphicsfuzz/python/drivers/../../jar/tool-1.0.jar com.graphicsfuzz.reducer.tool.GlslReduce /opt/reduce/cezanne_radeon_vega/syn_memory_converge_atomic/variant_228.json interestingness_test --output reduction_results/cezanne_radeon_vega/syn_memory_converge_atomic/variant_228 /opt/reduce/cezanne_radeon_vega/syn_memory_converge_atomic/variant_228.comp
