18:18:37.272 INFO  ExecHelper - /opt/graphicsfuzz/graphicsfuzz/target/graphicsfuzz/bin/Linux/glslangValidator -E --stdin -S comp
18:18:37.325 INFO  ExecHelper - Result: 0
18:18:37.552 INFO  ReductionDriver - Starting reduction for variant_362
18:18:37.628 INFO  ExecHelper - interestingness_test /opt/reduce/cezanne_radeon_vega/syn_memory_converge/variant_362.comp reduction_results/cezanne_radeon_vega/syn_memory_converge/variant_362/variant_362.json
18:18:37.629 INFO  StreamGobblerLogger - stderr.env: ‘interestingness_test’: No such file or directory
18:18:37.630 INFO  ExecHelper - Result: 127
18:18:37.630 INFO  CustomFileJudge - Custom file judge result: 127
18:18:37.630 INFO  ReductionDriver - Result from initial state is not interesting (attempt 1)
18:18:37.664 INFO  ExecHelper - interestingness_test /opt/reduce/cezanne_radeon_vega/syn_memory_converge/variant_362.comp reduction_results/cezanne_radeon_vega/syn_memory_converge/variant_362/variant_362.json
18:18:37.666 INFO  StreamGobblerLogger - stderr.env: ‘interestingness_test’: No such file or directory
18:18:37.667 INFO  ExecHelper - Result: 127
18:18:37.667 INFO  CustomFileJudge - Custom file judge result: 127
18:18:37.667 INFO  ReductionDriver - Result from initial state is not interesting (attempt 2)
18:18:37.700 INFO  ExecHelper - interestingness_test /opt/reduce/cezanne_radeon_vega/syn_memory_converge/variant_362.comp reduction_results/cezanne_radeon_vega/syn_memory_converge/variant_362/variant_362.json
18:18:37.701 INFO  StreamGobblerLogger - stderr.env: ‘interestingness_test’: No such file or directory
18:18:37.702 INFO  ExecHelper - Result: 127
18:18:37.703 INFO  CustomFileJudge - Custom file judge result: 127
18:18:37.703 INFO  ReductionDriver - Result from initial state is not interesting (attempt 3)
18:18:37.734 INFO  ExecHelper - interestingness_test /opt/reduce/cezanne_radeon_vega/syn_memory_converge/variant_362.comp reduction_results/cezanne_radeon_vega/syn_memory_converge/variant_362/variant_362.json
18:18:37.735 INFO  StreamGobblerLogger - stderr.env: ‘interestingness_test’: No such file or directory
18:18:37.736 INFO  ExecHelper - Result: 127
18:18:37.736 INFO  CustomFileJudge - Custom file judge result: 127
18:18:37.736 INFO  ReductionDriver - Result from initial state is not interesting (attempt 4)
18:18:37.766 INFO  ExecHelper - interestingness_test /opt/reduce/cezanne_radeon_vega/syn_memory_converge/variant_362.comp reduction_results/cezanne_radeon_vega/syn_memory_converge/variant_362/variant_362.json
18:18:37.768 INFO  StreamGobblerLogger - stderr.env: ‘interestingness_test’: No such file or directory
18:18:37.768 INFO  ExecHelper - Result: 127
18:18:37.768 INFO  CustomFileJudge - Custom file judge result: 127
18:18:37.768 INFO  ReductionDriver - Result from initial state is not interesting (attempt 5)
18:18:37.768 INFO  ReductionDriver - Tried 5 times; stopping.
Reduction command: java -ea -cp /opt/graphicsfuzz/graphicsfuzz/target/graphicsfuzz/python/drivers/../../jar/tool-1.0.jar com.graphicsfuzz.reducer.tool.GlslReduce /opt/reduce/cezanne_radeon_vega/syn_memory_converge/variant_362.json interestingness_test --output reduction_results/cezanne_radeon_vega/syn_memory_converge/variant_362 /opt/reduce/cezanne_radeon_vega/syn_memory_converge/variant_362.comp
