18:32:02.875 INFO  ExecHelper - /opt/graphicsfuzz/graphicsfuzz/target/graphicsfuzz/bin/Linux/glslangValidator -E --stdin -S comp
18:32:02.928 INFO  ExecHelper - Result: 0
18:32:03.304 INFO  ReductionDriver - Starting reduction for variant_345
18:32:03.382 INFO  ExecHelper - interestingness_test /opt/reduce/cezanne_radeon_vega/syn_memory_converge_atomic/variant_345.comp reduction_results/cezanne_radeon_vega/syn_memory_converge_atomic/variant_345/variant_345.json
18:32:03.383 INFO  StreamGobblerLogger - stderr.env: ‘interestingness_test’: No such file or directory
18:32:03.384 INFO  ExecHelper - Result: 127
18:32:03.384 INFO  CustomFileJudge - Custom file judge result: 127
18:32:03.384 INFO  ReductionDriver - Result from initial state is not interesting (attempt 1)
18:32:03.450 INFO  ExecHelper - interestingness_test /opt/reduce/cezanne_radeon_vega/syn_memory_converge_atomic/variant_345.comp reduction_results/cezanne_radeon_vega/syn_memory_converge_atomic/variant_345/variant_345.json
18:32:03.451 INFO  StreamGobblerLogger - stderr.env: ‘interestingness_test’: No such file or directory
18:32:03.451 INFO  ExecHelper - Result: 127
18:32:03.451 INFO  CustomFileJudge - Custom file judge result: 127
18:32:03.451 INFO  ReductionDriver - Result from initial state is not interesting (attempt 2)
18:32:03.514 INFO  ExecHelper - interestingness_test /opt/reduce/cezanne_radeon_vega/syn_memory_converge_atomic/variant_345.comp reduction_results/cezanne_radeon_vega/syn_memory_converge_atomic/variant_345/variant_345.json
18:32:03.515 INFO  StreamGobblerLogger - stderr.env: ‘interestingness_test’: No such file or directory
18:32:03.516 INFO  ExecHelper - Result: 127
18:32:03.516 INFO  CustomFileJudge - Custom file judge result: 127
18:32:03.516 INFO  ReductionDriver - Result from initial state is not interesting (attempt 3)
18:32:03.579 INFO  ExecHelper - interestingness_test /opt/reduce/cezanne_radeon_vega/syn_memory_converge_atomic/variant_345.comp reduction_results/cezanne_radeon_vega/syn_memory_converge_atomic/variant_345/variant_345.json
18:32:03.581 INFO  StreamGobblerLogger - stderr.env: ‘interestingness_test’: No such file or directory
18:32:03.581 INFO  ExecHelper - Result: 127
18:32:03.581 INFO  CustomFileJudge - Custom file judge result: 127
18:32:03.581 INFO  ReductionDriver - Result from initial state is not interesting (attempt 4)
18:32:03.641 INFO  ExecHelper - interestingness_test /opt/reduce/cezanne_radeon_vega/syn_memory_converge_atomic/variant_345.comp reduction_results/cezanne_radeon_vega/syn_memory_converge_atomic/variant_345/variant_345.json
18:32:03.649 INFO  StreamGobblerLogger - stderr.env: ‘interestingness_test’: No such file or directory
18:32:03.650 INFO  ExecHelper - Result: 127
18:32:03.650 INFO  CustomFileJudge - Custom file judge result: 127
18:32:03.650 INFO  ReductionDriver - Result from initial state is not interesting (attempt 5)
18:32:03.650 INFO  ReductionDriver - Tried 5 times; stopping.
Reduction command: java -ea -cp /opt/graphicsfuzz/graphicsfuzz/target/graphicsfuzz/python/drivers/../../jar/tool-1.0.jar com.graphicsfuzz.reducer.tool.GlslReduce /opt/reduce/cezanne_radeon_vega/syn_memory_converge_atomic/variant_345.json interestingness_test --output reduction_results/cezanne_radeon_vega/syn_memory_converge_atomic/variant_345 /opt/reduce/cezanne_radeon_vega/syn_memory_converge_atomic/variant_345.comp
