18:49:05.429 INFO  ExecHelper - /opt/graphicsfuzz/graphicsfuzz/target/graphicsfuzz/bin/Linux/glslangValidator -E --stdin -S comp
18:49:05.490 INFO  ExecHelper - Result: 0
18:49:06.035 INFO  ReductionDriver - Starting reduction for variant_073
18:49:06.167 INFO  ExecHelper - interestingness_test /opt/reduce/intel_iris_xe_graphics/syn_lock_step_release/variant_073.comp reduction_results/intel_iris_xe_graphics/syn_lock_step_release/variant_073/variant_073.json
18:49:06.169 INFO  StreamGobblerLogger - stderr.env: ‘interestingness_test’: No such file or directory
18:49:06.169 INFO  ExecHelper - Result: 127
18:49:06.169 INFO  CustomFileJudge - Custom file judge result: 127
18:49:06.169 INFO  ReductionDriver - Result from initial state is not interesting (attempt 1)
18:49:06.283 INFO  ExecHelper - interestingness_test /opt/reduce/intel_iris_xe_graphics/syn_lock_step_release/variant_073.comp reduction_results/intel_iris_xe_graphics/syn_lock_step_release/variant_073/variant_073.json
18:49:06.284 INFO  StreamGobblerLogger - stderr.env: ‘interestingness_test’: No such file or directory
18:49:06.285 INFO  ExecHelper - Result: 127
18:49:06.285 INFO  CustomFileJudge - Custom file judge result: 127
18:49:06.285 INFO  ReductionDriver - Result from initial state is not interesting (attempt 2)
18:49:06.393 INFO  ExecHelper - interestingness_test /opt/reduce/intel_iris_xe_graphics/syn_lock_step_release/variant_073.comp reduction_results/intel_iris_xe_graphics/syn_lock_step_release/variant_073/variant_073.json
18:49:06.395 INFO  StreamGobblerLogger - stderr.env: ‘interestingness_test’: No such file or directory
18:49:06.396 INFO  ExecHelper - Result: 127
18:49:06.396 INFO  CustomFileJudge - Custom file judge result: 127
18:49:06.396 INFO  ReductionDriver - Result from initial state is not interesting (attempt 3)
18:49:06.503 INFO  ExecHelper - interestingness_test /opt/reduce/intel_iris_xe_graphics/syn_lock_step_release/variant_073.comp reduction_results/intel_iris_xe_graphics/syn_lock_step_release/variant_073/variant_073.json
18:49:06.504 INFO  StreamGobblerLogger - stderr.env: ‘interestingness_test’: No such file or directory
18:49:06.505 INFO  ExecHelper - Result: 127
18:49:06.505 INFO  CustomFileJudge - Custom file judge result: 127
18:49:06.505 INFO  ReductionDriver - Result from initial state is not interesting (attempt 4)
18:49:06.612 INFO  ExecHelper - interestingness_test /opt/reduce/intel_iris_xe_graphics/syn_lock_step_release/variant_073.comp reduction_results/intel_iris_xe_graphics/syn_lock_step_release/variant_073/variant_073.json
18:49:06.614 INFO  StreamGobblerLogger - stderr.env: ‘interestingness_test’: No such file or directory
18:49:06.615 INFO  ExecHelper - Result: 127
18:49:06.615 INFO  CustomFileJudge - Custom file judge result: 127
18:49:06.615 INFO  ReductionDriver - Result from initial state is not interesting (attempt 5)
18:49:06.615 INFO  ReductionDriver - Tried 5 times; stopping.
Reduction command: java -ea -cp /opt/graphicsfuzz/graphicsfuzz/target/graphicsfuzz/python/drivers/../../jar/tool-1.0.jar com.graphicsfuzz.reducer.tool.GlslReduce /opt/reduce/intel_iris_xe_graphics/syn_lock_step_release/variant_073.json interestingness_test --output reduction_results/intel_iris_xe_graphics/syn_lock_step_release/variant_073 /opt/reduce/intel_iris_xe_graphics/syn_lock_step_release/variant_073.comp
