18:55:44.982 INFO  ExecHelper - /opt/graphicsfuzz/graphicsfuzz/target/graphicsfuzz/bin/Linux/glslangValidator -E --stdin -S comp
18:55:45.137 INFO  ExecHelper - Result: 0
18:55:45.547 INFO  ReductionDriver - Starting reduction for variant_403
18:55:45.559 INFO  ExecHelper - interestingness_test /opt/reduce/intel_iris_xe_graphics/syn_memory_converge/variant_403.comp reduction_results/intel_iris_xe_graphics/syn_memory_converge/variant_403/variant_403.json
18:55:45.561 INFO  StreamGobblerLogger - stderr.env: ‘interestingness_test’: No such file or directory
18:55:45.562 INFO  ExecHelper - Result: 127
18:55:45.562 INFO  CustomFileJudge - Custom file judge result: 127
18:55:45.562 INFO  ReductionDriver - Result from initial state is not interesting (attempt 1)
18:55:45.565 INFO  ExecHelper - interestingness_test /opt/reduce/intel_iris_xe_graphics/syn_memory_converge/variant_403.comp reduction_results/intel_iris_xe_graphics/syn_memory_converge/variant_403/variant_403.json
18:55:45.566 INFO  StreamGobblerLogger - stderr.env: ‘interestingness_test’: No such file or directory
18:55:45.566 INFO  ExecHelper - Result: 127
18:55:45.567 INFO  CustomFileJudge - Custom file judge result: 127
18:55:45.567 INFO  ReductionDriver - Result from initial state is not interesting (attempt 2)
18:55:45.570 INFO  ExecHelper - interestingness_test /opt/reduce/intel_iris_xe_graphics/syn_memory_converge/variant_403.comp reduction_results/intel_iris_xe_graphics/syn_memory_converge/variant_403/variant_403.json
18:55:45.570 INFO  StreamGobblerLogger - stderr.env: ‘interestingness_test’: No such file or directory
18:55:45.571 INFO  ExecHelper - Result: 127
18:55:45.571 INFO  CustomFileJudge - Custom file judge result: 127
18:55:45.571 INFO  ReductionDriver - Result from initial state is not interesting (attempt 3)
18:55:45.574 INFO  ExecHelper - interestingness_test /opt/reduce/intel_iris_xe_graphics/syn_memory_converge/variant_403.comp reduction_results/intel_iris_xe_graphics/syn_memory_converge/variant_403/variant_403.json
18:55:45.575 INFO  StreamGobblerLogger - stderr.env: ‘interestingness_test’: No such file or directory
18:55:45.575 INFO  ExecHelper - Result: 127
18:55:45.575 INFO  CustomFileJudge - Custom file judge result: 127
18:55:45.575 INFO  ReductionDriver - Result from initial state is not interesting (attempt 4)
18:55:45.578 INFO  ExecHelper - interestingness_test /opt/reduce/intel_iris_xe_graphics/syn_memory_converge/variant_403.comp reduction_results/intel_iris_xe_graphics/syn_memory_converge/variant_403/variant_403.json
18:55:45.579 INFO  StreamGobblerLogger - stderr.env: ‘interestingness_test’: No such file or directory
18:55:45.579 INFO  ExecHelper - Result: 127
18:55:45.579 INFO  CustomFileJudge - Custom file judge result: 127
18:55:45.579 INFO  ReductionDriver - Result from initial state is not interesting (attempt 5)
18:55:45.579 INFO  ReductionDriver - Tried 5 times; stopping.
Reduction command: java -ea -cp /opt/graphicsfuzz/graphicsfuzz/target/graphicsfuzz/python/drivers/../../jar/tool-1.0.jar com.graphicsfuzz.reducer.tool.GlslReduce /opt/reduce/intel_iris_xe_graphics/syn_memory_converge/variant_403.json interestingness_test --output reduction_results/intel_iris_xe_graphics/syn_memory_converge/variant_403 /opt/reduce/intel_iris_xe_graphics/syn_memory_converge/variant_403.comp
