18:35:19.013 INFO  ExecHelper - /opt/graphicsfuzz/graphicsfuzz/target/graphicsfuzz/bin/Linux/glslangValidator -E --stdin -S comp
18:35:19.094 INFO  ExecHelper - Result: 0
18:35:20.243 INFO  ReductionDriver - Starting reduction for variant_585
18:35:20.263 INFO  ExecHelper - interestingness_test /opt/reduce/cezanne_radeon_vega/syn_memory_converge_atomic/variant_585.comp reduction_results/cezanne_radeon_vega/syn_memory_converge_atomic/variant_585/variant_585.json
18:35:20.265 INFO  StreamGobblerLogger - stderr.env: ‘interestingness_test’: No such file or directory
18:35:20.265 INFO  ExecHelper - Result: 127
18:35:20.266 INFO  CustomFileJudge - Custom file judge result: 127
18:35:20.266 INFO  ReductionDriver - Result from initial state is not interesting (attempt 1)
18:35:20.276 INFO  ExecHelper - interestingness_test /opt/reduce/cezanne_radeon_vega/syn_memory_converge_atomic/variant_585.comp reduction_results/cezanne_radeon_vega/syn_memory_converge_atomic/variant_585/variant_585.json
18:35:20.277 INFO  StreamGobblerLogger - stderr.env: ‘interestingness_test’: No such file or directory
18:35:20.278 INFO  ExecHelper - Result: 127
18:35:20.278 INFO  CustomFileJudge - Custom file judge result: 127
18:35:20.278 INFO  ReductionDriver - Result from initial state is not interesting (attempt 2)
18:35:20.288 INFO  ExecHelper - interestingness_test /opt/reduce/cezanne_radeon_vega/syn_memory_converge_atomic/variant_585.comp reduction_results/cezanne_radeon_vega/syn_memory_converge_atomic/variant_585/variant_585.json
18:35:20.289 INFO  StreamGobblerLogger - stderr.env: ‘interestingness_test’: No such file or directory
18:35:20.289 INFO  ExecHelper - Result: 127
18:35:20.290 INFO  CustomFileJudge - Custom file judge result: 127
18:35:20.290 INFO  ReductionDriver - Result from initial state is not interesting (attempt 3)
18:35:20.299 INFO  ExecHelper - interestingness_test /opt/reduce/cezanne_radeon_vega/syn_memory_converge_atomic/variant_585.comp reduction_results/cezanne_radeon_vega/syn_memory_converge_atomic/variant_585/variant_585.json
18:35:20.300 INFO  StreamGobblerLogger - stderr.env: ‘interestingness_test’: No such file or directory
18:35:20.300 INFO  ExecHelper - Result: 127
18:35:20.300 INFO  CustomFileJudge - Custom file judge result: 127
18:35:20.300 INFO  ReductionDriver - Result from initial state is not interesting (attempt 4)
18:35:20.309 INFO  ExecHelper - interestingness_test /opt/reduce/cezanne_radeon_vega/syn_memory_converge_atomic/variant_585.comp reduction_results/cezanne_radeon_vega/syn_memory_converge_atomic/variant_585/variant_585.json
18:35:20.310 INFO  StreamGobblerLogger - stderr.env: ‘interestingness_test’: No such file or directory
18:35:20.311 INFO  ExecHelper - Result: 127
18:35:20.311 INFO  CustomFileJudge - Custom file judge result: 127
18:35:20.311 INFO  ReductionDriver - Result from initial state is not interesting (attempt 5)
18:35:20.311 INFO  ReductionDriver - Tried 5 times; stopping.
Reduction command: java -ea -cp /opt/graphicsfuzz/graphicsfuzz/target/graphicsfuzz/python/drivers/../../jar/tool-1.0.jar com.graphicsfuzz.reducer.tool.GlslReduce /opt/reduce/cezanne_radeon_vega/syn_memory_converge_atomic/variant_585.json interestingness_test --output reduction_results/cezanne_radeon_vega/syn_memory_converge_atomic/variant_585 /opt/reduce/cezanne_radeon_vega/syn_memory_converge_atomic/variant_585.comp
