18:46:04.340 INFO  ExecHelper - /opt/graphicsfuzz/graphicsfuzz/target/graphicsfuzz/bin/Linux/glslangValidator -E --stdin -S comp
18:46:04.388 INFO  ExecHelper - Result: 0
18:46:04.507 INFO  ReductionDriver - Starting reduction for variant_270
18:46:04.522 INFO  ExecHelper - interestingness_test /opt/reduce/intel_iris_xe_graphics/syn_branch_syn_release/variant_270.comp reduction_results/intel_iris_xe_graphics/syn_branch_syn_release/variant_270/variant_270.json
18:46:04.524 INFO  StreamGobblerLogger - stderr.env: ‘interestingness_test’: No such file or directory
18:46:04.525 INFO  ExecHelper - Result: 127
18:46:04.525 INFO  CustomFileJudge - Custom file judge result: 127
18:46:04.525 INFO  ReductionDriver - Result from initial state is not interesting (attempt 1)
18:46:04.529 INFO  ExecHelper - interestingness_test /opt/reduce/intel_iris_xe_graphics/syn_branch_syn_release/variant_270.comp reduction_results/intel_iris_xe_graphics/syn_branch_syn_release/variant_270/variant_270.json
18:46:04.530 INFO  StreamGobblerLogger - stderr.env: ‘interestingness_test’: No such file or directory
18:46:04.531 INFO  ExecHelper - Result: 127
18:46:04.531 INFO  CustomFileJudge - Custom file judge result: 127
18:46:04.531 INFO  ReductionDriver - Result from initial state is not interesting (attempt 2)
18:46:04.534 INFO  ExecHelper - interestingness_test /opt/reduce/intel_iris_xe_graphics/syn_branch_syn_release/variant_270.comp reduction_results/intel_iris_xe_graphics/syn_branch_syn_release/variant_270/variant_270.json
18:46:04.535 INFO  StreamGobblerLogger - stderr.env: ‘interestingness_test’: No such file or directory
18:46:04.536 INFO  ExecHelper - Result: 127
18:46:04.536 INFO  CustomFileJudge - Custom file judge result: 127
18:46:04.536 INFO  ReductionDriver - Result from initial state is not interesting (attempt 3)
18:46:04.539 INFO  ExecHelper - interestingness_test /opt/reduce/intel_iris_xe_graphics/syn_branch_syn_release/variant_270.comp reduction_results/intel_iris_xe_graphics/syn_branch_syn_release/variant_270/variant_270.json
18:46:04.540 INFO  StreamGobblerLogger - stderr.env: ‘interestingness_test’: No such file or directory
18:46:04.541 INFO  ExecHelper - Result: 127
18:46:04.541 INFO  CustomFileJudge - Custom file judge result: 127
18:46:04.541 INFO  ReductionDriver - Result from initial state is not interesting (attempt 4)
18:46:04.544 INFO  ExecHelper - interestingness_test /opt/reduce/intel_iris_xe_graphics/syn_branch_syn_release/variant_270.comp reduction_results/intel_iris_xe_graphics/syn_branch_syn_release/variant_270/variant_270.json
18:46:04.545 INFO  StreamGobblerLogger - stderr.env: ‘interestingness_test’: No such file or directory
18:46:04.545 INFO  ExecHelper - Result: 127
18:46:04.545 INFO  CustomFileJudge - Custom file judge result: 127
18:46:04.546 INFO  ReductionDriver - Result from initial state is not interesting (attempt 5)
18:46:04.546 INFO  ReductionDriver - Tried 5 times; stopping.
Reduction command: java -ea -cp /opt/graphicsfuzz/graphicsfuzz/target/graphicsfuzz/python/drivers/../../jar/tool-1.0.jar com.graphicsfuzz.reducer.tool.GlslReduce /opt/reduce/intel_iris_xe_graphics/syn_branch_syn_release/variant_270.json interestingness_test --output reduction_results/intel_iris_xe_graphics/syn_branch_syn_release/variant_270 /opt/reduce/intel_iris_xe_graphics/syn_branch_syn_release/variant_270.comp
