19:54:56.714 INFO  ExecHelper - /opt/graphicsfuzz/graphicsfuzz/target/graphicsfuzz/bin/Linux/glslangValidator -E --stdin -S comp
19:54:56.765 INFO  ExecHelper - Result: 0
19:54:56.857 INFO  ReductionDriver - Starting reduction for variant_994
19:54:56.868 INFO  ExecHelper - interestingness_test /opt/reduce/rtx_4070/syn_memory_converge_atomic/variant_994.comp reduction_results/rtx_4070/syn_memory_converge_atomic/variant_994/variant_994.json
19:54:56.870 INFO  StreamGobblerLogger - stderr.env: ‘interestingness_test’: No such file or directory
19:54:56.870 INFO  ExecHelper - Result: 127
19:54:56.870 INFO  CustomFileJudge - Custom file judge result: 127
19:54:56.870 INFO  ReductionDriver - Result from initial state is not interesting (attempt 1)
19:54:56.873 INFO  ExecHelper - interestingness_test /opt/reduce/rtx_4070/syn_memory_converge_atomic/variant_994.comp reduction_results/rtx_4070/syn_memory_converge_atomic/variant_994/variant_994.json
19:54:56.875 INFO  StreamGobblerLogger - stderr.env: ‘interestingness_test’: No such file or directory
19:54:56.875 INFO  ExecHelper - Result: 127
19:54:56.875 INFO  CustomFileJudge - Custom file judge result: 127
19:54:56.875 INFO  ReductionDriver - Result from initial state is not interesting (attempt 2)
19:54:56.878 INFO  ExecHelper - interestingness_test /opt/reduce/rtx_4070/syn_memory_converge_atomic/variant_994.comp reduction_results/rtx_4070/syn_memory_converge_atomic/variant_994/variant_994.json
19:54:56.879 INFO  StreamGobblerLogger - stderr.env: ‘interestingness_test’: No such file or directory
19:54:56.880 INFO  ExecHelper - Result: 127
19:54:56.880 INFO  CustomFileJudge - Custom file judge result: 127
19:54:56.880 INFO  ReductionDriver - Result from initial state is not interesting (attempt 3)
19:54:56.881 INFO  ExecHelper - interestingness_test /opt/reduce/rtx_4070/syn_memory_converge_atomic/variant_994.comp reduction_results/rtx_4070/syn_memory_converge_atomic/variant_994/variant_994.json
19:54:56.882 INFO  StreamGobblerLogger - stderr.env: ‘interestingness_test’: No such file or directory
19:54:56.883 INFO  ExecHelper - Result: 127
19:54:56.883 INFO  CustomFileJudge - Custom file judge result: 127
19:54:56.883 INFO  ReductionDriver - Result from initial state is not interesting (attempt 4)
19:54:56.885 INFO  ExecHelper - interestingness_test /opt/reduce/rtx_4070/syn_memory_converge_atomic/variant_994.comp reduction_results/rtx_4070/syn_memory_converge_atomic/variant_994/variant_994.json
19:54:56.886 INFO  StreamGobblerLogger - stderr.env: ‘interestingness_test’: No such file or directory
19:54:56.886 INFO  ExecHelper - Result: 127
19:54:56.886 INFO  CustomFileJudge - Custom file judge result: 127
19:54:56.886 INFO  ReductionDriver - Result from initial state is not interesting (attempt 5)
19:54:56.886 INFO  ReductionDriver - Tried 5 times; stopping.
Reduction command: java -ea -cp /opt/graphicsfuzz/graphicsfuzz/target/graphicsfuzz/python/drivers/../../jar/tool-1.0.jar com.graphicsfuzz.reducer.tool.GlslReduce /opt/reduce/rtx_4070/syn_memory_converge_atomic/variant_994.json interestingness_test --output reduction_results/rtx_4070/syn_memory_converge_atomic/variant_994 /opt/reduce/rtx_4070/syn_memory_converge_atomic/variant_994.comp
