19:29:34.740 INFO  ExecHelper - /opt/graphicsfuzz/graphicsfuzz/target/graphicsfuzz/bin/Linux/glslangValidator -E --stdin -S comp
19:29:34.803 INFO  ExecHelper - Result: 0
19:29:35.206 INFO  ReductionDriver - Starting reduction for variant_244
19:29:35.364 INFO  ExecHelper - interestingness_test /opt/reduce/rtx_4070/syn_memory_converge/variant_244.comp reduction_results/rtx_4070/syn_memory_converge/variant_244/variant_244.json
19:29:35.374 INFO  StreamGobblerLogger - stderr.env: ‘interestingness_test’: No such file or directory
19:29:35.374 INFO  ExecHelper - Result: 127
19:29:35.375 INFO  CustomFileJudge - Custom file judge result: 127
19:29:35.375 INFO  ReductionDriver - Result from initial state is not interesting (attempt 1)
19:29:35.528 INFO  ExecHelper - interestingness_test /opt/reduce/rtx_4070/syn_memory_converge/variant_244.comp reduction_results/rtx_4070/syn_memory_converge/variant_244/variant_244.json
19:29:35.530 INFO  StreamGobblerLogger - stderr.env: ‘interestingness_test’: No such file or directory
19:29:35.530 INFO  ExecHelper - Result: 127
19:29:35.530 INFO  CustomFileJudge - Custom file judge result: 127
19:29:35.530 INFO  ReductionDriver - Result from initial state is not interesting (attempt 2)
19:29:35.666 INFO  ExecHelper - interestingness_test /opt/reduce/rtx_4070/syn_memory_converge/variant_244.comp reduction_results/rtx_4070/syn_memory_converge/variant_244/variant_244.json
19:29:35.668 INFO  StreamGobblerLogger - stderr.env: ‘interestingness_test’: No such file or directory
19:29:35.668 INFO  ExecHelper - Result: 127
19:29:35.668 INFO  CustomFileJudge - Custom file judge result: 127
19:29:35.668 INFO  ReductionDriver - Result from initial state is not interesting (attempt 3)
19:29:35.800 INFO  ExecHelper - interestingness_test /opt/reduce/rtx_4070/syn_memory_converge/variant_244.comp reduction_results/rtx_4070/syn_memory_converge/variant_244/variant_244.json
19:29:35.801 INFO  StreamGobblerLogger - stderr.env: ‘interestingness_test’: No such file or directory
19:29:35.802 INFO  ExecHelper - Result: 127
19:29:35.802 INFO  CustomFileJudge - Custom file judge result: 127
19:29:35.802 INFO  ReductionDriver - Result from initial state is not interesting (attempt 4)
19:29:35.934 INFO  ExecHelper - interestingness_test /opt/reduce/rtx_4070/syn_memory_converge/variant_244.comp reduction_results/rtx_4070/syn_memory_converge/variant_244/variant_244.json
19:29:35.935 INFO  StreamGobblerLogger - stderr.env: ‘interestingness_test’: No such file or directory
19:29:35.936 INFO  ExecHelper - Result: 127
19:29:35.936 INFO  CustomFileJudge - Custom file judge result: 127
19:29:35.936 INFO  ReductionDriver - Result from initial state is not interesting (attempt 5)
19:29:35.936 INFO  ReductionDriver - Tried 5 times; stopping.
Reduction command: java -ea -cp /opt/graphicsfuzz/graphicsfuzz/target/graphicsfuzz/python/drivers/../../jar/tool-1.0.jar com.graphicsfuzz.reducer.tool.GlslReduce /opt/reduce/rtx_4070/syn_memory_converge/variant_244.json interestingness_test --output reduction_results/rtx_4070/syn_memory_converge/variant_244 /opt/reduce/rtx_4070/syn_memory_converge/variant_244.comp
