19:14:15.050 INFO  ExecHelper - /opt/graphicsfuzz/graphicsfuzz/target/graphicsfuzz/bin/Linux/glslangValidator -E --stdin -S comp
19:14:15.181 INFO  ExecHelper - Result: 0
19:14:15.725 INFO  ReductionDriver - Starting reduction for variant_681
19:14:15.738 INFO  ExecHelper - interestingness_test /opt/reduce/intel_iris_xe_graphics/syn_memory_converge_atomic/variant_681.comp reduction_results/intel_iris_xe_graphics/syn_memory_converge_atomic/variant_681/variant_681.json
19:14:15.739 INFO  StreamGobblerLogger - stderr.env: ‘interestingness_test’: No such file or directory
19:14:15.740 INFO  ExecHelper - Result: 127
19:14:15.740 INFO  CustomFileJudge - Custom file judge result: 127
19:14:15.740 INFO  ReductionDriver - Result from initial state is not interesting (attempt 1)
19:14:15.745 INFO  ExecHelper - interestingness_test /opt/reduce/intel_iris_xe_graphics/syn_memory_converge_atomic/variant_681.comp reduction_results/intel_iris_xe_graphics/syn_memory_converge_atomic/variant_681/variant_681.json
19:14:15.746 INFO  StreamGobblerLogger - stderr.env: ‘interestingness_test’: No such file or directory
19:14:15.747 INFO  ExecHelper - Result: 127
19:14:15.747 INFO  CustomFileJudge - Custom file judge result: 127
19:14:15.747 INFO  ReductionDriver - Result from initial state is not interesting (attempt 2)
19:14:15.751 INFO  ExecHelper - interestingness_test /opt/reduce/intel_iris_xe_graphics/syn_memory_converge_atomic/variant_681.comp reduction_results/intel_iris_xe_graphics/syn_memory_converge_atomic/variant_681/variant_681.json
19:14:15.752 INFO  StreamGobblerLogger - stderr.env: ‘interestingness_test’: No such file or directory
19:14:15.752 INFO  ExecHelper - Result: 127
19:14:15.752 INFO  CustomFileJudge - Custom file judge result: 127
19:14:15.752 INFO  ReductionDriver - Result from initial state is not interesting (attempt 3)
19:14:15.756 INFO  ExecHelper - interestingness_test /opt/reduce/intel_iris_xe_graphics/syn_memory_converge_atomic/variant_681.comp reduction_results/intel_iris_xe_graphics/syn_memory_converge_atomic/variant_681/variant_681.json
19:14:15.757 INFO  StreamGobblerLogger - stderr.env: ‘interestingness_test’: No such file or directory
19:14:15.757 INFO  ExecHelper - Result: 127
19:14:15.757 INFO  CustomFileJudge - Custom file judge result: 127
19:14:15.757 INFO  ReductionDriver - Result from initial state is not interesting (attempt 4)
19:14:15.760 INFO  ExecHelper - interestingness_test /opt/reduce/intel_iris_xe_graphics/syn_memory_converge_atomic/variant_681.comp reduction_results/intel_iris_xe_graphics/syn_memory_converge_atomic/variant_681/variant_681.json
19:14:15.761 INFO  StreamGobblerLogger - stderr.env: ‘interestingness_test’: No such file or directory
19:14:15.761 INFO  ExecHelper - Result: 127
19:14:15.762 INFO  CustomFileJudge - Custom file judge result: 127
19:14:15.762 INFO  ReductionDriver - Result from initial state is not interesting (attempt 5)
19:14:15.762 INFO  ReductionDriver - Tried 5 times; stopping.
Reduction command: java -ea -cp /opt/graphicsfuzz/graphicsfuzz/target/graphicsfuzz/python/drivers/../../jar/tool-1.0.jar com.graphicsfuzz.reducer.tool.GlslReduce /opt/reduce/intel_iris_xe_graphics/syn_memory_converge_atomic/variant_681.json interestingness_test --output reduction_results/intel_iris_xe_graphics/syn_memory_converge_atomic/variant_681 /opt/reduce/intel_iris_xe_graphics/syn_memory_converge_atomic/variant_681.comp
