18:16:12.593 INFO  ExecHelper - /opt/graphicsfuzz/graphicsfuzz/target/graphicsfuzz/bin/Linux/glslangValidator -E --stdin -S comp
18:16:12.643 INFO  ExecHelper - Result: 0
18:16:12.729 INFO  ReductionDriver - Starting reduction for variant_179
18:16:12.740 INFO  ExecHelper - interestingness_test /opt/reduce/cezanne_radeon_vega/syn_memory_converge/variant_179.comp reduction_results/cezanne_radeon_vega/syn_memory_converge/variant_179/variant_179.json
18:16:12.741 INFO  StreamGobblerLogger - stderr.env: ‘interestingness_test’: No such file or directory
18:16:12.742 INFO  ExecHelper - Result: 127
18:16:12.742 INFO  CustomFileJudge - Custom file judge result: 127
18:16:12.742 INFO  ReductionDriver - Result from initial state is not interesting (attempt 1)
18:16:12.744 INFO  ExecHelper - interestingness_test /opt/reduce/cezanne_radeon_vega/syn_memory_converge/variant_179.comp reduction_results/cezanne_radeon_vega/syn_memory_converge/variant_179/variant_179.json
18:16:12.746 INFO  StreamGobblerLogger - stderr.env: ‘interestingness_test’: No such file or directory
18:16:12.746 INFO  ExecHelper - Result: 127
18:16:12.746 INFO  CustomFileJudge - Custom file judge result: 127
18:16:12.746 INFO  ReductionDriver - Result from initial state is not interesting (attempt 2)
18:16:12.750 INFO  ExecHelper - interestingness_test /opt/reduce/cezanne_radeon_vega/syn_memory_converge/variant_179.comp reduction_results/cezanne_radeon_vega/syn_memory_converge/variant_179/variant_179.json
18:16:12.751 INFO  StreamGobblerLogger - stderr.env: ‘interestingness_test’: No such file or directory
18:16:12.752 INFO  ExecHelper - Result: 127
18:16:12.752 INFO  CustomFileJudge - Custom file judge result: 127
18:16:12.752 INFO  ReductionDriver - Result from initial state is not interesting (attempt 3)
18:16:12.754 INFO  ExecHelper - interestingness_test /opt/reduce/cezanne_radeon_vega/syn_memory_converge/variant_179.comp reduction_results/cezanne_radeon_vega/syn_memory_converge/variant_179/variant_179.json
18:16:12.755 INFO  StreamGobblerLogger - stderr.env: ‘interestingness_test’: No such file or directory
18:16:12.756 INFO  ExecHelper - Result: 127
18:16:12.756 INFO  CustomFileJudge - Custom file judge result: 127
18:16:12.756 INFO  ReductionDriver - Result from initial state is not interesting (attempt 4)
18:16:12.758 INFO  ExecHelper - interestingness_test /opt/reduce/cezanne_radeon_vega/syn_memory_converge/variant_179.comp reduction_results/cezanne_radeon_vega/syn_memory_converge/variant_179/variant_179.json
18:16:12.759 INFO  StreamGobblerLogger - stderr.env: ‘interestingness_test’: No such file or directory
18:16:12.760 INFO  ExecHelper - Result: 127
18:16:12.760 INFO  CustomFileJudge - Custom file judge result: 127
18:16:12.760 INFO  ReductionDriver - Result from initial state is not interesting (attempt 5)
18:16:12.760 INFO  ReductionDriver - Tried 5 times; stopping.
Reduction command: java -ea -cp /opt/graphicsfuzz/graphicsfuzz/target/graphicsfuzz/python/drivers/../../jar/tool-1.0.jar com.graphicsfuzz.reducer.tool.GlslReduce /opt/reduce/cezanne_radeon_vega/syn_memory_converge/variant_179.json interestingness_test --output reduction_results/cezanne_radeon_vega/syn_memory_converge/variant_179 /opt/reduce/cezanne_radeon_vega/syn_memory_converge/variant_179.comp
