18:15:35.946 INFO  ExecHelper - /opt/graphicsfuzz/graphicsfuzz/target/graphicsfuzz/bin/Linux/glslangValidator -E --stdin -S comp
18:15:36.006 INFO  ExecHelper - Result: 0
18:15:36.065 INFO  ReductionDriver - Starting reduction for variant_132
18:15:36.069 INFO  ExecHelper - interestingness_test /opt/reduce/cezanne_radeon_vega/syn_memory_converge/variant_132.comp reduction_results/cezanne_radeon_vega/syn_memory_converge/variant_132/variant_132.json
18:15:36.071 INFO  StreamGobblerLogger - stderr.env: ‘interestingness_test’: No such file or directory
18:15:36.072 INFO  ExecHelper - Result: 127
18:15:36.072 INFO  CustomFileJudge - Custom file judge result: 127
18:15:36.072 INFO  ReductionDriver - Result from initial state is not interesting (attempt 1)
18:15:36.073 INFO  ExecHelper - interestingness_test /opt/reduce/cezanne_radeon_vega/syn_memory_converge/variant_132.comp reduction_results/cezanne_radeon_vega/syn_memory_converge/variant_132/variant_132.json
18:15:36.074 INFO  StreamGobblerLogger - stderr.env: ‘interestingness_test’: No such file or directory
18:15:36.074 INFO  ExecHelper - Result: 127
18:15:36.074 INFO  CustomFileJudge - Custom file judge result: 127
18:15:36.074 INFO  ReductionDriver - Result from initial state is not interesting (attempt 2)
18:15:36.075 INFO  ExecHelper - interestingness_test /opt/reduce/cezanne_radeon_vega/syn_memory_converge/variant_132.comp reduction_results/cezanne_radeon_vega/syn_memory_converge/variant_132/variant_132.json
18:15:36.076 INFO  StreamGobblerLogger - stderr.env: ‘interestingness_test’: No such file or directory
18:15:36.076 INFO  ExecHelper - Result: 127
18:15:36.076 INFO  CustomFileJudge - Custom file judge result: 127
18:15:36.076 INFO  ReductionDriver - Result from initial state is not interesting (attempt 3)
18:15:36.077 INFO  ExecHelper - interestingness_test /opt/reduce/cezanne_radeon_vega/syn_memory_converge/variant_132.comp reduction_results/cezanne_radeon_vega/syn_memory_converge/variant_132/variant_132.json
18:15:36.078 INFO  StreamGobblerLogger - stderr.env: ‘interestingness_test’: No such file or directory
18:15:36.078 INFO  ExecHelper - Result: 127
18:15:36.078 INFO  CustomFileJudge - Custom file judge result: 127
18:15:36.078 INFO  ReductionDriver - Result from initial state is not interesting (attempt 4)
18:15:36.079 INFO  ExecHelper - interestingness_test /opt/reduce/cezanne_radeon_vega/syn_memory_converge/variant_132.comp reduction_results/cezanne_radeon_vega/syn_memory_converge/variant_132/variant_132.json
18:15:36.080 INFO  StreamGobblerLogger - stderr.env: ‘interestingness_test’: No such file or directory
18:15:36.081 INFO  ExecHelper - Result: 127
18:15:36.081 INFO  CustomFileJudge - Custom file judge result: 127
18:15:36.081 INFO  ReductionDriver - Result from initial state is not interesting (attempt 5)
18:15:36.081 INFO  ReductionDriver - Tried 5 times; stopping.
Reduction command: java -ea -cp /opt/graphicsfuzz/graphicsfuzz/target/graphicsfuzz/python/drivers/../../jar/tool-1.0.jar com.graphicsfuzz.reducer.tool.GlslReduce /opt/reduce/cezanne_radeon_vega/syn_memory_converge/variant_132.json interestingness_test --output reduction_results/cezanne_radeon_vega/syn_memory_converge/variant_132 /opt/reduce/cezanne_radeon_vega/syn_memory_converge/variant_132.comp
