19:53:34.656 INFO  ExecHelper - /opt/graphicsfuzz/graphicsfuzz/target/graphicsfuzz/bin/Linux/glslangValidator -E --stdin -S comp
19:53:34.860 INFO  ExecHelper - Result: 0
19:53:35.626 INFO  ReductionDriver - Starting reduction for variant_898
19:53:35.641 INFO  ExecHelper - interestingness_test /opt/reduce/rtx_4070/syn_memory_converge_atomic/variant_898.comp reduction_results/rtx_4070/syn_memory_converge_atomic/variant_898/variant_898.json
19:53:35.643 INFO  StreamGobblerLogger - stderr.env: ‘interestingness_test’: No such file or directory
19:53:35.643 INFO  ExecHelper - Result: 127
19:53:35.643 INFO  CustomFileJudge - Custom file judge result: 127
19:53:35.643 INFO  ReductionDriver - Result from initial state is not interesting (attempt 1)
19:53:35.648 INFO  ExecHelper - interestingness_test /opt/reduce/rtx_4070/syn_memory_converge_atomic/variant_898.comp reduction_results/rtx_4070/syn_memory_converge_atomic/variant_898/variant_898.json
19:53:35.649 INFO  StreamGobblerLogger - stderr.env: ‘interestingness_test’: No such file or directory
19:53:35.649 INFO  ExecHelper - Result: 127
19:53:35.650 INFO  CustomFileJudge - Custom file judge result: 127
19:53:35.650 INFO  ReductionDriver - Result from initial state is not interesting (attempt 2)
19:53:35.654 INFO  ExecHelper - interestingness_test /opt/reduce/rtx_4070/syn_memory_converge_atomic/variant_898.comp reduction_results/rtx_4070/syn_memory_converge_atomic/variant_898/variant_898.json
19:53:35.655 INFO  StreamGobblerLogger - stderr.env: ‘interestingness_test’: No such file or directory
19:53:35.656 INFO  ExecHelper - Result: 127
19:53:35.656 INFO  CustomFileJudge - Custom file judge result: 127
19:53:35.656 INFO  ReductionDriver - Result from initial state is not interesting (attempt 3)
19:53:35.660 INFO  ExecHelper - interestingness_test /opt/reduce/rtx_4070/syn_memory_converge_atomic/variant_898.comp reduction_results/rtx_4070/syn_memory_converge_atomic/variant_898/variant_898.json
19:53:35.661 INFO  StreamGobblerLogger - stderr.env: ‘interestingness_test’: No such file or directory
19:53:35.661 INFO  ExecHelper - Result: 127
19:53:35.661 INFO  CustomFileJudge - Custom file judge result: 127
19:53:35.661 INFO  ReductionDriver - Result from initial state is not interesting (attempt 4)
19:53:35.664 INFO  ExecHelper - interestingness_test /opt/reduce/rtx_4070/syn_memory_converge_atomic/variant_898.comp reduction_results/rtx_4070/syn_memory_converge_atomic/variant_898/variant_898.json
19:53:35.666 INFO  StreamGobblerLogger - stderr.env: ‘interestingness_test’: No such file or directory
19:53:35.666 INFO  ExecHelper - Result: 127
19:53:35.666 INFO  CustomFileJudge - Custom file judge result: 127
19:53:35.666 INFO  ReductionDriver - Result from initial state is not interesting (attempt 5)
19:53:35.666 INFO  ReductionDriver - Tried 5 times; stopping.
Reduction command: java -ea -cp /opt/graphicsfuzz/graphicsfuzz/target/graphicsfuzz/python/drivers/../../jar/tool-1.0.jar com.graphicsfuzz.reducer.tool.GlslReduce /opt/reduce/rtx_4070/syn_memory_converge_atomic/variant_898.json interestingness_test --output reduction_results/rtx_4070/syn_memory_converge_atomic/variant_898 /opt/reduce/rtx_4070/syn_memory_converge_atomic/variant_898.comp
