18:23:38.676 INFO  ExecHelper - /opt/graphicsfuzz/graphicsfuzz/target/graphicsfuzz/bin/Linux/glslangValidator -E --stdin -S comp
18:23:38.738 INFO  ExecHelper - Result: 0
18:23:41.176 INFO  ReductionDriver - Starting reduction for variant_731
18:23:41.389 INFO  ExecHelper - interestingness_test /opt/reduce/cezanne_radeon_vega/syn_memory_converge/variant_731.comp reduction_results/cezanne_radeon_vega/syn_memory_converge/variant_731/variant_731.json
18:23:41.391 INFO  StreamGobblerLogger - stderr.env: ‘interestingness_test’: No such file or directory
18:23:41.391 INFO  ExecHelper - Result: 127
18:23:41.392 INFO  CustomFileJudge - Custom file judge result: 127
18:23:41.392 INFO  ReductionDriver - Result from initial state is not interesting (attempt 1)
18:23:41.588 INFO  ExecHelper - interestingness_test /opt/reduce/cezanne_radeon_vega/syn_memory_converge/variant_731.comp reduction_results/cezanne_radeon_vega/syn_memory_converge/variant_731/variant_731.json
18:23:41.589 INFO  StreamGobblerLogger - stderr.env: ‘interestingness_test’: No such file or directory
18:23:41.589 INFO  ExecHelper - Result: 127
18:23:41.590 INFO  CustomFileJudge - Custom file judge result: 127
18:23:41.590 INFO  ReductionDriver - Result from initial state is not interesting (attempt 2)
18:23:41.773 INFO  ExecHelper - interestingness_test /opt/reduce/cezanne_radeon_vega/syn_memory_converge/variant_731.comp reduction_results/cezanne_radeon_vega/syn_memory_converge/variant_731/variant_731.json
18:23:41.775 INFO  StreamGobblerLogger - stderr.env: ‘interestingness_test’: No such file or directory
18:23:41.776 INFO  ExecHelper - Result: 127
18:23:41.776 INFO  CustomFileJudge - Custom file judge result: 127
18:23:41.776 INFO  ReductionDriver - Result from initial state is not interesting (attempt 3)
18:23:41.969 INFO  ExecHelper - interestingness_test /opt/reduce/cezanne_radeon_vega/syn_memory_converge/variant_731.comp reduction_results/cezanne_radeon_vega/syn_memory_converge/variant_731/variant_731.json
18:23:41.970 INFO  StreamGobblerLogger - stderr.env: ‘interestingness_test’: No such file or directory
18:23:41.971 INFO  ExecHelper - Result: 127
18:23:41.971 INFO  CustomFileJudge - Custom file judge result: 127
18:23:41.971 INFO  ReductionDriver - Result from initial state is not interesting (attempt 4)
18:23:42.154 INFO  ExecHelper - interestingness_test /opt/reduce/cezanne_radeon_vega/syn_memory_converge/variant_731.comp reduction_results/cezanne_radeon_vega/syn_memory_converge/variant_731/variant_731.json
18:23:42.155 INFO  StreamGobblerLogger - stderr.env: ‘interestingness_test’: No such file or directory
18:23:42.156 INFO  ExecHelper - Result: 127
18:23:42.156 INFO  CustomFileJudge - Custom file judge result: 127
18:23:42.156 INFO  ReductionDriver - Result from initial state is not interesting (attempt 5)
18:23:42.156 INFO  ReductionDriver - Tried 5 times; stopping.
Reduction command: java -ea -cp /opt/graphicsfuzz/graphicsfuzz/target/graphicsfuzz/python/drivers/../../jar/tool-1.0.jar com.graphicsfuzz.reducer.tool.GlslReduce /opt/reduce/cezanne_radeon_vega/syn_memory_converge/variant_731.json interestingness_test --output reduction_results/cezanne_radeon_vega/syn_memory_converge/variant_731 /opt/reduce/cezanne_radeon_vega/syn_memory_converge/variant_731.comp
