19:39:27.548 INFO  ExecHelper - /opt/graphicsfuzz/graphicsfuzz/target/graphicsfuzz/bin/Linux/glslangValidator -E --stdin -S comp
19:39:27.602 INFO  ExecHelper - Result: 0
19:39:27.858 INFO  ReductionDriver - Starting reduction for variant_941
19:39:27.925 INFO  ExecHelper - interestingness_test /opt/reduce/rtx_4070/syn_memory_converge/variant_941.comp reduction_results/rtx_4070/syn_memory_converge/variant_941/variant_941.json
19:39:27.927 INFO  StreamGobblerLogger - stderr.env: ‘interestingness_test’: No such file or directory
19:39:27.927 INFO  ExecHelper - Result: 127
19:39:27.927 INFO  CustomFileJudge - Custom file judge result: 127
19:39:27.927 INFO  ReductionDriver - Result from initial state is not interesting (attempt 1)
19:39:27.971 INFO  ExecHelper - interestingness_test /opt/reduce/rtx_4070/syn_memory_converge/variant_941.comp reduction_results/rtx_4070/syn_memory_converge/variant_941/variant_941.json
19:39:27.972 INFO  StreamGobblerLogger - stderr.env: ‘interestingness_test’: No such file or directory
19:39:27.973 INFO  ExecHelper - Result: 127
19:39:27.973 INFO  CustomFileJudge - Custom file judge result: 127
19:39:27.973 INFO  ReductionDriver - Result from initial state is not interesting (attempt 2)
19:39:28.014 INFO  ExecHelper - interestingness_test /opt/reduce/rtx_4070/syn_memory_converge/variant_941.comp reduction_results/rtx_4070/syn_memory_converge/variant_941/variant_941.json
19:39:28.015 INFO  StreamGobblerLogger - stderr.env: ‘interestingness_test’: No such file or directory
19:39:28.016 INFO  ExecHelper - Result: 127
19:39:28.016 INFO  CustomFileJudge - Custom file judge result: 127
19:39:28.016 INFO  ReductionDriver - Result from initial state is not interesting (attempt 3)
19:39:28.056 INFO  ExecHelper - interestingness_test /opt/reduce/rtx_4070/syn_memory_converge/variant_941.comp reduction_results/rtx_4070/syn_memory_converge/variant_941/variant_941.json
19:39:28.057 INFO  StreamGobblerLogger - stderr.env: ‘interestingness_test’: No such file or directory
19:39:28.058 INFO  ExecHelper - Result: 127
19:39:28.058 INFO  CustomFileJudge - Custom file judge result: 127
19:39:28.058 INFO  ReductionDriver - Result from initial state is not interesting (attempt 4)
19:39:28.101 INFO  ExecHelper - interestingness_test /opt/reduce/rtx_4070/syn_memory_converge/variant_941.comp reduction_results/rtx_4070/syn_memory_converge/variant_941/variant_941.json
19:39:28.102 INFO  StreamGobblerLogger - stderr.env: ‘interestingness_test’: No such file or directory
19:39:28.103 INFO  ExecHelper - Result: 127
19:39:28.103 INFO  CustomFileJudge - Custom file judge result: 127
19:39:28.103 INFO  ReductionDriver - Result from initial state is not interesting (attempt 5)
19:39:28.103 INFO  ReductionDriver - Tried 5 times; stopping.
Reduction command: java -ea -cp /opt/graphicsfuzz/graphicsfuzz/target/graphicsfuzz/python/drivers/../../jar/tool-1.0.jar com.graphicsfuzz.reducer.tool.GlslReduce /opt/reduce/rtx_4070/syn_memory_converge/variant_941.json interestingness_test --output reduction_results/rtx_4070/syn_memory_converge/variant_941 /opt/reduce/rtx_4070/syn_memory_converge/variant_941.comp
