19:47:39.480 INFO  ExecHelper - /opt/graphicsfuzz/graphicsfuzz/target/graphicsfuzz/bin/Linux/glslangValidator -E --stdin -S comp
19:47:39.529 INFO  ExecHelper - Result: 0
19:47:39.589 INFO  ReductionDriver - Starting reduction for variant_508
19:47:39.594 INFO  ExecHelper - interestingness_test /opt/reduce/rtx_4070/syn_memory_converge_atomic/variant_508.comp reduction_results/rtx_4070/syn_memory_converge_atomic/variant_508/variant_508.json
19:47:39.596 INFO  StreamGobblerLogger - stderr.env: ‘interestingness_test’: No such file or directory
19:47:39.597 INFO  ExecHelper - Result: 127
19:47:39.597 INFO  CustomFileJudge - Custom file judge result: 127
19:47:39.597 INFO  ReductionDriver - Result from initial state is not interesting (attempt 1)
19:47:39.598 INFO  ExecHelper - interestingness_test /opt/reduce/rtx_4070/syn_memory_converge_atomic/variant_508.comp reduction_results/rtx_4070/syn_memory_converge_atomic/variant_508/variant_508.json
19:47:39.599 INFO  StreamGobblerLogger - stderr.env: ‘interestingness_test’: No such file or directory
19:47:39.600 INFO  ExecHelper - Result: 127
19:47:39.600 INFO  CustomFileJudge - Custom file judge result: 127
19:47:39.600 INFO  ReductionDriver - Result from initial state is not interesting (attempt 2)
19:47:39.601 INFO  ExecHelper - interestingness_test /opt/reduce/rtx_4070/syn_memory_converge_atomic/variant_508.comp reduction_results/rtx_4070/syn_memory_converge_atomic/variant_508/variant_508.json
19:47:39.602 INFO  StreamGobblerLogger - stderr.env: ‘interestingness_test’: No such file or directory
19:47:39.602 INFO  ExecHelper - Result: 127
19:47:39.602 INFO  CustomFileJudge - Custom file judge result: 127
19:47:39.602 INFO  ReductionDriver - Result from initial state is not interesting (attempt 3)
19:47:39.603 INFO  ExecHelper - interestingness_test /opt/reduce/rtx_4070/syn_memory_converge_atomic/variant_508.comp reduction_results/rtx_4070/syn_memory_converge_atomic/variant_508/variant_508.json
19:47:39.604 INFO  StreamGobblerLogger - stderr.env: ‘interestingness_test’: No such file or directory
19:47:39.604 INFO  ExecHelper - Result: 127
19:47:39.604 INFO  CustomFileJudge - Custom file judge result: 127
19:47:39.604 INFO  ReductionDriver - Result from initial state is not interesting (attempt 4)
19:47:39.605 INFO  ExecHelper - interestingness_test /opt/reduce/rtx_4070/syn_memory_converge_atomic/variant_508.comp reduction_results/rtx_4070/syn_memory_converge_atomic/variant_508/variant_508.json
19:47:39.606 INFO  StreamGobblerLogger - stderr.env: ‘interestingness_test’: No such file or directory
19:47:39.606 INFO  ExecHelper - Result: 127
19:47:39.607 INFO  CustomFileJudge - Custom file judge result: 127
19:47:39.607 INFO  ReductionDriver - Result from initial state is not interesting (attempt 5)
19:47:39.607 INFO  ReductionDriver - Tried 5 times; stopping.
Reduction command: java -ea -cp /opt/graphicsfuzz/graphicsfuzz/target/graphicsfuzz/python/drivers/../../jar/tool-1.0.jar com.graphicsfuzz.reducer.tool.GlslReduce /opt/reduce/rtx_4070/syn_memory_converge_atomic/variant_508.json interestingness_test --output reduction_results/rtx_4070/syn_memory_converge_atomic/variant_508 /opt/reduce/rtx_4070/syn_memory_converge_atomic/variant_508.comp
