19:05:15.299 INFO  ExecHelper - /opt/graphicsfuzz/graphicsfuzz/target/graphicsfuzz/bin/Linux/glslangValidator -E --stdin -S comp
19:05:15.372 INFO  ExecHelper - Result: 0
19:05:18.702 INFO  ReductionDriver - Starting reduction for variant_083
19:05:18.950 INFO  ExecHelper - interestingness_test /opt/reduce/intel_iris_xe_graphics/syn_memory_converge_atomic/variant_083.comp reduction_results/intel_iris_xe_graphics/syn_memory_converge_atomic/variant_083/variant_083.json
19:05:18.952 INFO  StreamGobblerLogger - stderr.env: ‘interestingness_test’: No such file or directory
19:05:18.952 INFO  ExecHelper - Result: 127
19:05:18.952 INFO  CustomFileJudge - Custom file judge result: 127
19:05:18.952 INFO  ReductionDriver - Result from initial state is not interesting (attempt 1)
19:05:19.237 INFO  ExecHelper - interestingness_test /opt/reduce/intel_iris_xe_graphics/syn_memory_converge_atomic/variant_083.comp reduction_results/intel_iris_xe_graphics/syn_memory_converge_atomic/variant_083/variant_083.json
19:05:19.239 INFO  StreamGobblerLogger - stderr.env: ‘interestingness_test’: No such file or directory
19:05:19.239 INFO  ExecHelper - Result: 127
19:05:19.239 INFO  CustomFileJudge - Custom file judge result: 127
19:05:19.239 INFO  ReductionDriver - Result from initial state is not interesting (attempt 2)
19:05:19.469 INFO  ExecHelper - interestingness_test /opt/reduce/intel_iris_xe_graphics/syn_memory_converge_atomic/variant_083.comp reduction_results/intel_iris_xe_graphics/syn_memory_converge_atomic/variant_083/variant_083.json
19:05:19.471 INFO  StreamGobblerLogger - stderr.env: ‘interestingness_test’: No such file or directory
19:05:19.471 INFO  ExecHelper - Result: 127
19:05:19.471 INFO  CustomFileJudge - Custom file judge result: 127
19:05:19.472 INFO  ReductionDriver - Result from initial state is not interesting (attempt 3)
19:05:19.700 INFO  ExecHelper - interestingness_test /opt/reduce/intel_iris_xe_graphics/syn_memory_converge_atomic/variant_083.comp reduction_results/intel_iris_xe_graphics/syn_memory_converge_atomic/variant_083/variant_083.json
19:05:19.702 INFO  StreamGobblerLogger - stderr.env: ‘interestingness_test’: No such file or directory
19:05:19.702 INFO  ExecHelper - Result: 127
19:05:19.702 INFO  CustomFileJudge - Custom file judge result: 127
19:05:19.703 INFO  ReductionDriver - Result from initial state is not interesting (attempt 4)
19:05:19.930 INFO  ExecHelper - interestingness_test /opt/reduce/intel_iris_xe_graphics/syn_memory_converge_atomic/variant_083.comp reduction_results/intel_iris_xe_graphics/syn_memory_converge_atomic/variant_083/variant_083.json
19:05:19.932 INFO  StreamGobblerLogger - stderr.env: ‘interestingness_test’: No such file or directory
19:05:19.933 INFO  ExecHelper - Result: 127
19:05:19.933 INFO  CustomFileJudge - Custom file judge result: 127
19:05:19.933 INFO  ReductionDriver - Result from initial state is not interesting (attempt 5)
19:05:19.933 INFO  ReductionDriver - Tried 5 times; stopping.
Reduction command: java -ea -cp /opt/graphicsfuzz/graphicsfuzz/target/graphicsfuzz/python/drivers/../../jar/tool-1.0.jar com.graphicsfuzz.reducer.tool.GlslReduce /opt/reduce/intel_iris_xe_graphics/syn_memory_converge_atomic/variant_083.json interestingness_test --output reduction_results/intel_iris_xe_graphics/syn_memory_converge_atomic/variant_083 /opt/reduce/intel_iris_xe_graphics/syn_memory_converge_atomic/variant_083.comp
