19:24:49.590 INFO  ExecHelper - /opt/graphicsfuzz/graphicsfuzz/target/graphicsfuzz/bin/Linux/glslangValidator -E --stdin -S comp
19:24:49.686 INFO  ExecHelper - Result: 0
19:24:50.269 INFO  ReductionDriver - Starting reduction for variant_160
19:24:50.285 INFO  ExecHelper - interestingness_test /opt/reduce/rtx_4070/syn_lock_step/variant_160.comp reduction_results/rtx_4070/syn_lock_step/variant_160/variant_160.json
19:24:50.287 INFO  StreamGobblerLogger - stderr.env: ‘interestingness_test’: No such file or directory
19:24:50.287 INFO  ExecHelper - Result: 127
19:24:50.287 INFO  CustomFileJudge - Custom file judge result: 127
19:24:50.287 INFO  ReductionDriver - Result from initial state is not interesting (attempt 1)
19:24:50.293 INFO  ExecHelper - interestingness_test /opt/reduce/rtx_4070/syn_lock_step/variant_160.comp reduction_results/rtx_4070/syn_lock_step/variant_160/variant_160.json
19:24:50.295 INFO  StreamGobblerLogger - stderr.env: ‘interestingness_test’: No such file or directory
19:24:50.295 INFO  ExecHelper - Result: 127
19:24:50.295 INFO  CustomFileJudge - Custom file judge result: 127
19:24:50.295 INFO  ReductionDriver - Result from initial state is not interesting (attempt 2)
19:24:50.300 INFO  ExecHelper - interestingness_test /opt/reduce/rtx_4070/syn_lock_step/variant_160.comp reduction_results/rtx_4070/syn_lock_step/variant_160/variant_160.json
19:24:50.301 INFO  StreamGobblerLogger - stderr.env: ‘interestingness_test’: No such file or directory
19:24:50.302 INFO  ExecHelper - Result: 127
19:24:50.302 INFO  CustomFileJudge - Custom file judge result: 127
19:24:50.302 INFO  ReductionDriver - Result from initial state is not interesting (attempt 3)
19:24:50.307 INFO  ExecHelper - interestingness_test /opt/reduce/rtx_4070/syn_lock_step/variant_160.comp reduction_results/rtx_4070/syn_lock_step/variant_160/variant_160.json
19:24:50.308 INFO  StreamGobblerLogger - stderr.env: ‘interestingness_test’: No such file or directory
19:24:50.308 INFO  ExecHelper - Result: 127
19:24:50.309 INFO  CustomFileJudge - Custom file judge result: 127
19:24:50.309 INFO  ReductionDriver - Result from initial state is not interesting (attempt 4)
19:24:50.313 INFO  ExecHelper - interestingness_test /opt/reduce/rtx_4070/syn_lock_step/variant_160.comp reduction_results/rtx_4070/syn_lock_step/variant_160/variant_160.json
19:24:50.314 INFO  StreamGobblerLogger - stderr.env: ‘interestingness_test’: No such file or directory
19:24:50.315 INFO  ExecHelper - Result: 127
19:24:50.315 INFO  CustomFileJudge - Custom file judge result: 127
19:24:50.315 INFO  ReductionDriver - Result from initial state is not interesting (attempt 5)
19:24:50.315 INFO  ReductionDriver - Tried 5 times; stopping.
Reduction command: java -ea -cp /opt/graphicsfuzz/graphicsfuzz/target/graphicsfuzz/python/drivers/../../jar/tool-1.0.jar com.graphicsfuzz.reducer.tool.GlslReduce /opt/reduce/rtx_4070/syn_lock_step/variant_160.json interestingness_test --output reduction_results/rtx_4070/syn_lock_step/variant_160 /opt/reduce/rtx_4070/syn_lock_step/variant_160.comp
