19:24:22.590 INFO  ExecHelper - /opt/graphicsfuzz/graphicsfuzz/target/graphicsfuzz/bin/Linux/glslangValidator -E --stdin -S comp
19:24:22.705 INFO  ExecHelper - Result: 0
19:24:23.349 INFO  ReductionDriver - Starting reduction for variant_141
19:24:23.368 INFO  ExecHelper - interestingness_test /opt/reduce/rtx_4070/syn_branch_syn_release/variant_141.comp reduction_results/rtx_4070/syn_branch_syn_release/variant_141/variant_141.json
19:24:23.369 INFO  StreamGobblerLogger - stderr.env: ‘interestingness_test’: No such file or directory
19:24:23.370 INFO  ExecHelper - Result: 127
19:24:23.370 INFO  CustomFileJudge - Custom file judge result: 127
19:24:23.370 INFO  ReductionDriver - Result from initial state is not interesting (attempt 1)
19:24:23.379 INFO  ExecHelper - interestingness_test /opt/reduce/rtx_4070/syn_branch_syn_release/variant_141.comp reduction_results/rtx_4070/syn_branch_syn_release/variant_141/variant_141.json
19:24:23.380 INFO  StreamGobblerLogger - stderr.env: ‘interestingness_test’: No such file or directory
19:24:23.381 INFO  ExecHelper - Result: 127
19:24:23.381 INFO  CustomFileJudge - Custom file judge result: 127
19:24:23.381 INFO  ReductionDriver - Result from initial state is not interesting (attempt 2)
19:24:23.389 INFO  ExecHelper - interestingness_test /opt/reduce/rtx_4070/syn_branch_syn_release/variant_141.comp reduction_results/rtx_4070/syn_branch_syn_release/variant_141/variant_141.json
19:24:23.390 INFO  StreamGobblerLogger - stderr.env: ‘interestingness_test’: No such file or directory
19:24:23.390 INFO  ExecHelper - Result: 127
19:24:23.390 INFO  CustomFileJudge - Custom file judge result: 127
19:24:23.390 INFO  ReductionDriver - Result from initial state is not interesting (attempt 3)
19:24:23.398 INFO  ExecHelper - interestingness_test /opt/reduce/rtx_4070/syn_branch_syn_release/variant_141.comp reduction_results/rtx_4070/syn_branch_syn_release/variant_141/variant_141.json
19:24:23.400 INFO  StreamGobblerLogger - stderr.env: ‘interestingness_test’: No such file or directory
19:24:23.400 INFO  ExecHelper - Result: 127
19:24:23.400 INFO  CustomFileJudge - Custom file judge result: 127
19:24:23.400 INFO  ReductionDriver - Result from initial state is not interesting (attempt 4)
19:24:23.407 INFO  ExecHelper - interestingness_test /opt/reduce/rtx_4070/syn_branch_syn_release/variant_141.comp reduction_results/rtx_4070/syn_branch_syn_release/variant_141/variant_141.json
19:24:23.408 INFO  StreamGobblerLogger - stderr.env: ‘interestingness_test’: No such file or directory
19:24:23.408 INFO  ExecHelper - Result: 127
19:24:23.408 INFO  CustomFileJudge - Custom file judge result: 127
19:24:23.409 INFO  ReductionDriver - Result from initial state is not interesting (attempt 5)
19:24:23.409 INFO  ReductionDriver - Tried 5 times; stopping.
Reduction command: java -ea -cp /opt/graphicsfuzz/graphicsfuzz/target/graphicsfuzz/python/drivers/../../jar/tool-1.0.jar com.graphicsfuzz.reducer.tool.GlslReduce /opt/reduce/rtx_4070/syn_branch_syn_release/variant_141.json interestingness_test --output reduction_results/rtx_4070/syn_branch_syn_release/variant_141 /opt/reduce/rtx_4070/syn_branch_syn_release/variant_141.comp
