18:18:11.483 INFO  ExecHelper - /opt/graphicsfuzz/graphicsfuzz/target/graphicsfuzz/bin/Linux/glslangValidator -E --stdin -S comp
18:18:11.557 INFO  ExecHelper - Result: 0
18:18:12.273 INFO  ReductionDriver - Starting reduction for variant_332
18:18:12.296 INFO  ExecHelper - interestingness_test /opt/reduce/cezanne_radeon_vega/syn_memory_converge/variant_332.comp reduction_results/cezanne_radeon_vega/syn_memory_converge/variant_332/variant_332.json
18:18:12.298 INFO  StreamGobblerLogger - stderr.env: ‘interestingness_test’: No such file or directory
18:18:12.298 INFO  ExecHelper - Result: 127
18:18:12.298 INFO  CustomFileJudge - Custom file judge result: 127
18:18:12.299 INFO  ReductionDriver - Result from initial state is not interesting (attempt 1)
18:18:12.310 INFO  ExecHelper - interestingness_test /opt/reduce/cezanne_radeon_vega/syn_memory_converge/variant_332.comp reduction_results/cezanne_radeon_vega/syn_memory_converge/variant_332/variant_332.json
18:18:12.312 INFO  StreamGobblerLogger - stderr.env: ‘interestingness_test’: No such file or directory
18:18:12.312 INFO  ExecHelper - Result: 127
18:18:12.312 INFO  CustomFileJudge - Custom file judge result: 127
18:18:12.312 INFO  ReductionDriver - Result from initial state is not interesting (attempt 2)
18:18:12.334 INFO  ExecHelper - interestingness_test /opt/reduce/cezanne_radeon_vega/syn_memory_converge/variant_332.comp reduction_results/cezanne_radeon_vega/syn_memory_converge/variant_332/variant_332.json
18:18:12.335 INFO  StreamGobblerLogger - stderr.env: ‘interestingness_test’: No such file or directory
18:18:12.336 INFO  ExecHelper - Result: 127
18:18:12.336 INFO  CustomFileJudge - Custom file judge result: 127
18:18:12.336 INFO  ReductionDriver - Result from initial state is not interesting (attempt 3)
18:18:12.345 INFO  ExecHelper - interestingness_test /opt/reduce/cezanne_radeon_vega/syn_memory_converge/variant_332.comp reduction_results/cezanne_radeon_vega/syn_memory_converge/variant_332/variant_332.json
18:18:12.346 INFO  StreamGobblerLogger - stderr.env: ‘interestingness_test’: No such file or directory
18:18:12.347 INFO  ExecHelper - Result: 127
18:18:12.347 INFO  CustomFileJudge - Custom file judge result: 127
18:18:12.347 INFO  ReductionDriver - Result from initial state is not interesting (attempt 4)
18:18:12.355 INFO  ExecHelper - interestingness_test /opt/reduce/cezanne_radeon_vega/syn_memory_converge/variant_332.comp reduction_results/cezanne_radeon_vega/syn_memory_converge/variant_332/variant_332.json
18:18:12.356 INFO  StreamGobblerLogger - stderr.env: ‘interestingness_test’: No such file or directory
18:18:12.357 INFO  ExecHelper - Result: 127
18:18:12.357 INFO  CustomFileJudge - Custom file judge result: 127
18:18:12.357 INFO  ReductionDriver - Result from initial state is not interesting (attempt 5)
18:18:12.357 INFO  ReductionDriver - Tried 5 times; stopping.
Reduction command: java -ea -cp /opt/graphicsfuzz/graphicsfuzz/target/graphicsfuzz/python/drivers/../../jar/tool-1.0.jar com.graphicsfuzz.reducer.tool.GlslReduce /opt/reduce/cezanne_radeon_vega/syn_memory_converge/variant_332.json interestingness_test --output reduction_results/cezanne_radeon_vega/syn_memory_converge/variant_332 /opt/reduce/cezanne_radeon_vega/syn_memory_converge/variant_332.comp
