18:21:43.557 INFO  ExecHelper - /opt/graphicsfuzz/graphicsfuzz/target/graphicsfuzz/bin/Linux/glslangValidator -E --stdin -S comp
18:21:43.675 INFO  ExecHelper - Result: 0
18:21:44.305 INFO  ReductionDriver - Starting reduction for variant_573
18:21:44.319 INFO  ExecHelper - interestingness_test /opt/reduce/cezanne_radeon_vega/syn_memory_converge/variant_573.comp reduction_results/cezanne_radeon_vega/syn_memory_converge/variant_573/variant_573.json
18:21:44.320 INFO  StreamGobblerLogger - stderr.env: ‘interestingness_test’: No such file or directory
18:21:44.321 INFO  ExecHelper - Result: 127
18:21:44.321 INFO  CustomFileJudge - Custom file judge result: 127
18:21:44.321 INFO  ReductionDriver - Result from initial state is not interesting (attempt 1)
18:21:44.326 INFO  ExecHelper - interestingness_test /opt/reduce/cezanne_radeon_vega/syn_memory_converge/variant_573.comp reduction_results/cezanne_radeon_vega/syn_memory_converge/variant_573/variant_573.json
18:21:44.327 INFO  StreamGobblerLogger - stderr.env: ‘interestingness_test’: No such file or directory
18:21:44.328 INFO  ExecHelper - Result: 127
18:21:44.328 INFO  CustomFileJudge - Custom file judge result: 127
18:21:44.328 INFO  ReductionDriver - Result from initial state is not interesting (attempt 2)
18:21:44.332 INFO  ExecHelper - interestingness_test /opt/reduce/cezanne_radeon_vega/syn_memory_converge/variant_573.comp reduction_results/cezanne_radeon_vega/syn_memory_converge/variant_573/variant_573.json
18:21:44.333 INFO  StreamGobblerLogger - stderr.env: ‘interestingness_test’: No such file or directory
18:21:44.333 INFO  ExecHelper - Result: 127
18:21:44.333 INFO  CustomFileJudge - Custom file judge result: 127
18:21:44.333 INFO  ReductionDriver - Result from initial state is not interesting (attempt 3)
18:21:44.337 INFO  ExecHelper - interestingness_test /opt/reduce/cezanne_radeon_vega/syn_memory_converge/variant_573.comp reduction_results/cezanne_radeon_vega/syn_memory_converge/variant_573/variant_573.json
18:21:44.338 INFO  StreamGobblerLogger - stderr.env: ‘interestingness_test’: No such file or directory
18:21:44.339 INFO  ExecHelper - Result: 127
18:21:44.339 INFO  CustomFileJudge - Custom file judge result: 127
18:21:44.339 INFO  ReductionDriver - Result from initial state is not interesting (attempt 4)
18:21:44.342 INFO  ExecHelper - interestingness_test /opt/reduce/cezanne_radeon_vega/syn_memory_converge/variant_573.comp reduction_results/cezanne_radeon_vega/syn_memory_converge/variant_573/variant_573.json
18:21:44.344 INFO  StreamGobblerLogger - stderr.env: ‘interestingness_test’: No such file or directory
18:21:44.345 INFO  ExecHelper - Result: 127
18:21:44.345 INFO  CustomFileJudge - Custom file judge result: 127
18:21:44.345 INFO  ReductionDriver - Result from initial state is not interesting (attempt 5)
18:21:44.345 INFO  ReductionDriver - Tried 5 times; stopping.
Reduction command: java -ea -cp /opt/graphicsfuzz/graphicsfuzz/target/graphicsfuzz/python/drivers/../../jar/tool-1.0.jar com.graphicsfuzz.reducer.tool.GlslReduce /opt/reduce/cezanne_radeon_vega/syn_memory_converge/variant_573.json interestingness_test --output reduction_results/cezanne_radeon_vega/syn_memory_converge/variant_573 /opt/reduce/cezanne_radeon_vega/syn_memory_converge/variant_573.comp
