19:49:11.342 INFO  ExecHelper - /opt/graphicsfuzz/graphicsfuzz/target/graphicsfuzz/bin/Linux/glslangValidator -E --stdin -S comp
19:49:11.392 INFO  ExecHelper - Result: 0
19:49:11.475 INFO  ReductionDriver - Starting reduction for variant_613
19:49:11.485 INFO  ExecHelper - interestingness_test /opt/reduce/rtx_4070/syn_memory_converge_atomic/variant_613.comp reduction_results/rtx_4070/syn_memory_converge_atomic/variant_613/variant_613.json
19:49:11.486 INFO  StreamGobblerLogger - stderr.env: ‘interestingness_test’: No such file or directory
19:49:11.487 INFO  ExecHelper - Result: 127
19:49:11.487 INFO  CustomFileJudge - Custom file judge result: 127
19:49:11.487 INFO  ReductionDriver - Result from initial state is not interesting (attempt 1)
19:49:11.493 INFO  ExecHelper - interestingness_test /opt/reduce/rtx_4070/syn_memory_converge_atomic/variant_613.comp reduction_results/rtx_4070/syn_memory_converge_atomic/variant_613/variant_613.json
19:49:11.494 INFO  StreamGobblerLogger - stderr.env: ‘interestingness_test’: No such file or directory
19:49:11.494 INFO  ExecHelper - Result: 127
19:49:11.495 INFO  CustomFileJudge - Custom file judge result: 127
19:49:11.495 INFO  ReductionDriver - Result from initial state is not interesting (attempt 2)
19:49:11.499 INFO  ExecHelper - interestingness_test /opt/reduce/rtx_4070/syn_memory_converge_atomic/variant_613.comp reduction_results/rtx_4070/syn_memory_converge_atomic/variant_613/variant_613.json
19:49:11.500 INFO  StreamGobblerLogger - stderr.env: ‘interestingness_test’: No such file or directory
19:49:11.501 INFO  ExecHelper - Result: 127
19:49:11.501 INFO  CustomFileJudge - Custom file judge result: 127
19:49:11.501 INFO  ReductionDriver - Result from initial state is not interesting (attempt 3)
19:49:11.505 INFO  ExecHelper - interestingness_test /opt/reduce/rtx_4070/syn_memory_converge_atomic/variant_613.comp reduction_results/rtx_4070/syn_memory_converge_atomic/variant_613/variant_613.json
19:49:11.506 INFO  StreamGobblerLogger - stderr.env: ‘interestingness_test’: No such file or directory
19:49:11.507 INFO  ExecHelper - Result: 127
19:49:11.507 INFO  CustomFileJudge - Custom file judge result: 127
19:49:11.507 INFO  ReductionDriver - Result from initial state is not interesting (attempt 4)
19:49:11.508 INFO  ExecHelper - interestingness_test /opt/reduce/rtx_4070/syn_memory_converge_atomic/variant_613.comp reduction_results/rtx_4070/syn_memory_converge_atomic/variant_613/variant_613.json
19:49:11.510 INFO  StreamGobblerLogger - stderr.env: ‘interestingness_test’: No such file or directory
19:49:11.510 INFO  ExecHelper - Result: 127
19:49:11.510 INFO  CustomFileJudge - Custom file judge result: 127
19:49:11.510 INFO  ReductionDriver - Result from initial state is not interesting (attempt 5)
19:49:11.510 INFO  ReductionDriver - Tried 5 times; stopping.
Reduction command: java -ea -cp /opt/graphicsfuzz/graphicsfuzz/target/graphicsfuzz/python/drivers/../../jar/tool-1.0.jar com.graphicsfuzz.reducer.tool.GlslReduce /opt/reduce/rtx_4070/syn_memory_converge_atomic/variant_613.json interestingness_test --output reduction_results/rtx_4070/syn_memory_converge_atomic/variant_613 /opt/reduce/rtx_4070/syn_memory_converge_atomic/variant_613.comp
