19:54:33.163 INFO  ExecHelper - /opt/graphicsfuzz/graphicsfuzz/target/graphicsfuzz/bin/Linux/glslangValidator -E --stdin -S comp
19:54:33.280 INFO  ExecHelper - Result: 0
19:54:33.891 INFO  ReductionDriver - Starting reduction for variant_961
19:54:33.907 INFO  ExecHelper - interestingness_test /opt/reduce/rtx_4070/syn_memory_converge_atomic/variant_961.comp reduction_results/rtx_4070/syn_memory_converge_atomic/variant_961/variant_961.json
19:54:33.908 INFO  StreamGobblerLogger - stderr.env: ‘interestingness_test’: No such file or directory
19:54:33.908 INFO  ExecHelper - Result: 127
19:54:33.908 INFO  CustomFileJudge - Custom file judge result: 127
19:54:33.908 INFO  ReductionDriver - Result from initial state is not interesting (attempt 1)
19:54:33.916 INFO  ExecHelper - interestingness_test /opt/reduce/rtx_4070/syn_memory_converge_atomic/variant_961.comp reduction_results/rtx_4070/syn_memory_converge_atomic/variant_961/variant_961.json
19:54:33.917 INFO  StreamGobblerLogger - stderr.env: ‘interestingness_test’: No such file or directory
19:54:33.917 INFO  ExecHelper - Result: 127
19:54:33.917 INFO  CustomFileJudge - Custom file judge result: 127
19:54:33.917 INFO  ReductionDriver - Result from initial state is not interesting (attempt 2)
19:54:33.923 INFO  ExecHelper - interestingness_test /opt/reduce/rtx_4070/syn_memory_converge_atomic/variant_961.comp reduction_results/rtx_4070/syn_memory_converge_atomic/variant_961/variant_961.json
19:54:33.924 INFO  StreamGobblerLogger - stderr.env: ‘interestingness_test’: No such file or directory
19:54:33.925 INFO  ExecHelper - Result: 127
19:54:33.925 INFO  CustomFileJudge - Custom file judge result: 127
19:54:33.925 INFO  ReductionDriver - Result from initial state is not interesting (attempt 3)
19:54:33.931 INFO  ExecHelper - interestingness_test /opt/reduce/rtx_4070/syn_memory_converge_atomic/variant_961.comp reduction_results/rtx_4070/syn_memory_converge_atomic/variant_961/variant_961.json
19:54:33.932 INFO  StreamGobblerLogger - stderr.env: ‘interestingness_test’: No such file or directory
19:54:33.932 INFO  ExecHelper - Result: 127
19:54:33.932 INFO  CustomFileJudge - Custom file judge result: 127
19:54:33.932 INFO  ReductionDriver - Result from initial state is not interesting (attempt 4)
19:54:33.937 INFO  ExecHelper - interestingness_test /opt/reduce/rtx_4070/syn_memory_converge_atomic/variant_961.comp reduction_results/rtx_4070/syn_memory_converge_atomic/variant_961/variant_961.json
19:54:33.938 INFO  StreamGobblerLogger - stderr.env: ‘interestingness_test’: No such file or directory
19:54:33.939 INFO  ExecHelper - Result: 127
19:54:33.939 INFO  CustomFileJudge - Custom file judge result: 127
19:54:33.939 INFO  ReductionDriver - Result from initial state is not interesting (attempt 5)
19:54:33.939 INFO  ReductionDriver - Tried 5 times; stopping.
Reduction command: java -ea -cp /opt/graphicsfuzz/graphicsfuzz/target/graphicsfuzz/python/drivers/../../jar/tool-1.0.jar com.graphicsfuzz.reducer.tool.GlslReduce /opt/reduce/rtx_4070/syn_memory_converge_atomic/variant_961.json interestingness_test --output reduction_results/rtx_4070/syn_memory_converge_atomic/variant_961 /opt/reduce/rtx_4070/syn_memory_converge_atomic/variant_961.comp
