19:45:03.061 INFO  ExecHelper - /opt/graphicsfuzz/graphicsfuzz/target/graphicsfuzz/bin/Linux/glslangValidator -E --stdin -S comp
19:45:03.126 INFO  ExecHelper - Result: 0
19:45:04.834 INFO  ReductionDriver - Starting reduction for variant_326
19:45:04.936 INFO  ExecHelper - interestingness_test /opt/reduce/rtx_4070/syn_memory_converge_atomic/variant_326.comp reduction_results/rtx_4070/syn_memory_converge_atomic/variant_326/variant_326.json
19:45:04.938 INFO  StreamGobblerLogger - stderr.env: ‘interestingness_test’: No such file or directory
19:45:04.938 INFO  ExecHelper - Result: 127
19:45:04.939 INFO  CustomFileJudge - Custom file judge result: 127
19:45:04.939 INFO  ReductionDriver - Result from initial state is not interesting (attempt 1)
19:45:05.071 INFO  ExecHelper - interestingness_test /opt/reduce/rtx_4070/syn_memory_converge_atomic/variant_326.comp reduction_results/rtx_4070/syn_memory_converge_atomic/variant_326/variant_326.json
19:45:05.072 INFO  StreamGobblerLogger - stderr.env: ‘interestingness_test’: No such file or directory
19:45:05.073 INFO  ExecHelper - Result: 127
19:45:05.073 INFO  CustomFileJudge - Custom file judge result: 127
19:45:05.073 INFO  ReductionDriver - Result from initial state is not interesting (attempt 2)
19:45:05.159 INFO  ExecHelper - interestingness_test /opt/reduce/rtx_4070/syn_memory_converge_atomic/variant_326.comp reduction_results/rtx_4070/syn_memory_converge_atomic/variant_326/variant_326.json
19:45:05.161 INFO  StreamGobblerLogger - stderr.env: ‘interestingness_test’: No such file or directory
19:45:05.161 INFO  ExecHelper - Result: 127
19:45:05.161 INFO  CustomFileJudge - Custom file judge result: 127
19:45:05.161 INFO  ReductionDriver - Result from initial state is not interesting (attempt 3)
19:45:05.247 INFO  ExecHelper - interestingness_test /opt/reduce/rtx_4070/syn_memory_converge_atomic/variant_326.comp reduction_results/rtx_4070/syn_memory_converge_atomic/variant_326/variant_326.json
19:45:05.249 INFO  StreamGobblerLogger - stderr.env: ‘interestingness_test’: No such file or directory
19:45:05.249 INFO  ExecHelper - Result: 127
19:45:05.250 INFO  CustomFileJudge - Custom file judge result: 127
19:45:05.250 INFO  ReductionDriver - Result from initial state is not interesting (attempt 4)
19:45:05.335 INFO  ExecHelper - interestingness_test /opt/reduce/rtx_4070/syn_memory_converge_atomic/variant_326.comp reduction_results/rtx_4070/syn_memory_converge_atomic/variant_326/variant_326.json
19:45:05.336 INFO  StreamGobblerLogger - stderr.env: ‘interestingness_test’: No such file or directory
19:45:05.337 INFO  ExecHelper - Result: 127
19:45:05.337 INFO  CustomFileJudge - Custom file judge result: 127
19:45:05.337 INFO  ReductionDriver - Result from initial state is not interesting (attempt 5)
19:45:05.337 INFO  ReductionDriver - Tried 5 times; stopping.
Reduction command: java -ea -cp /opt/graphicsfuzz/graphicsfuzz/target/graphicsfuzz/python/drivers/../../jar/tool-1.0.jar com.graphicsfuzz.reducer.tool.GlslReduce /opt/reduce/rtx_4070/syn_memory_converge_atomic/variant_326.json interestingness_test --output reduction_results/rtx_4070/syn_memory_converge_atomic/variant_326 /opt/reduce/rtx_4070/syn_memory_converge_atomic/variant_326.comp
