18:46:12.042 INFO  ExecHelper - /opt/graphicsfuzz/graphicsfuzz/target/graphicsfuzz/bin/Linux/glslangValidator -E --stdin -S comp
18:46:12.136 INFO  ExecHelper - Result: 0
18:46:13.287 INFO  ReductionDriver - Starting reduction for variant_399
18:46:13.307 INFO  ExecHelper - interestingness_test /opt/reduce/intel_iris_xe_graphics/syn_branch_syn_release/variant_399.comp reduction_results/intel_iris_xe_graphics/syn_branch_syn_release/variant_399/variant_399.json
18:46:13.309 INFO  StreamGobblerLogger - stderr.env: ‘interestingness_test’: No such file or directory
18:46:13.309 INFO  ExecHelper - Result: 127
18:46:13.310 INFO  CustomFileJudge - Custom file judge result: 127
18:46:13.310 INFO  ReductionDriver - Result from initial state is not interesting (attempt 1)
18:46:13.319 INFO  ExecHelper - interestingness_test /opt/reduce/intel_iris_xe_graphics/syn_branch_syn_release/variant_399.comp reduction_results/intel_iris_xe_graphics/syn_branch_syn_release/variant_399/variant_399.json
18:46:13.321 INFO  StreamGobblerLogger - stderr.env: ‘interestingness_test’: No such file or directory
18:46:13.321 INFO  ExecHelper - Result: 127
18:46:13.321 INFO  CustomFileJudge - Custom file judge result: 127
18:46:13.321 INFO  ReductionDriver - Result from initial state is not interesting (attempt 2)
18:46:13.329 INFO  ExecHelper - interestingness_test /opt/reduce/intel_iris_xe_graphics/syn_branch_syn_release/variant_399.comp reduction_results/intel_iris_xe_graphics/syn_branch_syn_release/variant_399/variant_399.json
18:46:13.331 INFO  StreamGobblerLogger - stderr.env: ‘interestingness_test’: No such file or directory
18:46:13.332 INFO  ExecHelper - Result: 127
18:46:13.332 INFO  CustomFileJudge - Custom file judge result: 127
18:46:13.332 INFO  ReductionDriver - Result from initial state is not interesting (attempt 3)
18:46:13.345 INFO  ExecHelper - interestingness_test /opt/reduce/intel_iris_xe_graphics/syn_branch_syn_release/variant_399.comp reduction_results/intel_iris_xe_graphics/syn_branch_syn_release/variant_399/variant_399.json
18:46:13.346 INFO  StreamGobblerLogger - stderr.env: ‘interestingness_test’: No such file or directory
18:46:13.346 INFO  ExecHelper - Result: 127
18:46:13.347 INFO  CustomFileJudge - Custom file judge result: 127
18:46:13.347 INFO  ReductionDriver - Result from initial state is not interesting (attempt 4)
18:46:13.355 INFO  ExecHelper - interestingness_test /opt/reduce/intel_iris_xe_graphics/syn_branch_syn_release/variant_399.comp reduction_results/intel_iris_xe_graphics/syn_branch_syn_release/variant_399/variant_399.json
18:46:13.356 INFO  StreamGobblerLogger - stderr.env: ‘interestingness_test’: No such file or directory
18:46:13.356 INFO  ExecHelper - Result: 127
18:46:13.356 INFO  CustomFileJudge - Custom file judge result: 127
18:46:13.357 INFO  ReductionDriver - Result from initial state is not interesting (attempt 5)
18:46:13.357 INFO  ReductionDriver - Tried 5 times; stopping.
Reduction command: java -ea -cp /opt/graphicsfuzz/graphicsfuzz/target/graphicsfuzz/python/drivers/../../jar/tool-1.0.jar com.graphicsfuzz.reducer.tool.GlslReduce /opt/reduce/intel_iris_xe_graphics/syn_branch_syn_release/variant_399.json interestingness_test --output reduction_results/intel_iris_xe_graphics/syn_branch_syn_release/variant_399 /opt/reduce/intel_iris_xe_graphics/syn_branch_syn_release/variant_399.comp
