18:26:57.262 INFO  ExecHelper - /opt/graphicsfuzz/graphicsfuzz/target/graphicsfuzz/bin/Linux/glslangValidator -E --stdin -S comp
18:26:57.318 INFO  ExecHelper - Result: 0
18:26:57.627 INFO  ReductionDriver - Starting reduction for variant_976
18:26:57.710 INFO  ExecHelper - interestingness_test /opt/reduce/cezanne_radeon_vega/syn_memory_converge/variant_976.comp reduction_results/cezanne_radeon_vega/syn_memory_converge/variant_976/variant_976.json
18:26:57.711 INFO  StreamGobblerLogger - stderr.env: ‘interestingness_test’: No such file or directory
18:26:57.712 INFO  ExecHelper - Result: 127
18:26:57.712 INFO  CustomFileJudge - Custom file judge result: 127
18:26:57.712 INFO  ReductionDriver - Result from initial state is not interesting (attempt 1)
18:26:57.784 INFO  ExecHelper - interestingness_test /opt/reduce/cezanne_radeon_vega/syn_memory_converge/variant_976.comp reduction_results/cezanne_radeon_vega/syn_memory_converge/variant_976/variant_976.json
18:26:57.785 INFO  StreamGobblerLogger - stderr.env: ‘interestingness_test’: No such file or directory
18:26:57.786 INFO  ExecHelper - Result: 127
18:26:57.786 INFO  CustomFileJudge - Custom file judge result: 127
18:26:57.786 INFO  ReductionDriver - Result from initial state is not interesting (attempt 2)
18:26:57.859 INFO  ExecHelper - interestingness_test /opt/reduce/cezanne_radeon_vega/syn_memory_converge/variant_976.comp reduction_results/cezanne_radeon_vega/syn_memory_converge/variant_976/variant_976.json
18:26:57.860 INFO  StreamGobblerLogger - stderr.env: ‘interestingness_test’: No such file or directory
18:26:57.861 INFO  ExecHelper - Result: 127
18:26:57.861 INFO  CustomFileJudge - Custom file judge result: 127
18:26:57.861 INFO  ReductionDriver - Result from initial state is not interesting (attempt 3)
18:26:57.927 INFO  ExecHelper - interestingness_test /opt/reduce/cezanne_radeon_vega/syn_memory_converge/variant_976.comp reduction_results/cezanne_radeon_vega/syn_memory_converge/variant_976/variant_976.json
18:26:57.929 INFO  StreamGobblerLogger - stderr.env: ‘interestingness_test’: No such file or directory
18:26:57.929 INFO  ExecHelper - Result: 127
18:26:57.930 INFO  CustomFileJudge - Custom file judge result: 127
18:26:57.930 INFO  ReductionDriver - Result from initial state is not interesting (attempt 4)
18:26:57.993 INFO  ExecHelper - interestingness_test /opt/reduce/cezanne_radeon_vega/syn_memory_converge/variant_976.comp reduction_results/cezanne_radeon_vega/syn_memory_converge/variant_976/variant_976.json
18:26:57.995 INFO  StreamGobblerLogger - stderr.env: ‘interestingness_test’: No such file or directory
18:26:57.995 INFO  ExecHelper - Result: 127
18:26:57.996 INFO  CustomFileJudge - Custom file judge result: 127
18:26:57.996 INFO  ReductionDriver - Result from initial state is not interesting (attempt 5)
18:26:57.996 INFO  ReductionDriver - Tried 5 times; stopping.
Reduction command: java -ea -cp /opt/graphicsfuzz/graphicsfuzz/target/graphicsfuzz/python/drivers/../../jar/tool-1.0.jar com.graphicsfuzz.reducer.tool.GlslReduce /opt/reduce/cezanne_radeon_vega/syn_memory_converge/variant_976.json interestingness_test --output reduction_results/cezanne_radeon_vega/syn_memory_converge/variant_976 /opt/reduce/cezanne_radeon_vega/syn_memory_converge/variant_976.comp
