18:40:09.523 INFO  ExecHelper - /opt/graphicsfuzz/graphicsfuzz/target/graphicsfuzz/bin/Linux/glslangValidator -E --stdin -S comp
18:40:09.610 INFO  ExecHelper - Result: 0
18:40:10.181 INFO  ReductionDriver - Starting reduction for variant_912
18:40:10.197 INFO  ExecHelper - interestingness_test /opt/reduce/cezanne_radeon_vega/syn_memory_converge_atomic/variant_912.comp reduction_results/cezanne_radeon_vega/syn_memory_converge_atomic/variant_912/variant_912.json
18:40:10.198 INFO  StreamGobblerLogger - stderr.env: ‘interestingness_test’: No such file or directory
18:40:10.199 INFO  ExecHelper - Result: 127
18:40:10.199 INFO  CustomFileJudge - Custom file judge result: 127
18:40:10.199 INFO  ReductionDriver - Result from initial state is not interesting (attempt 1)
18:40:10.206 INFO  ExecHelper - interestingness_test /opt/reduce/cezanne_radeon_vega/syn_memory_converge_atomic/variant_912.comp reduction_results/cezanne_radeon_vega/syn_memory_converge_atomic/variant_912/variant_912.json
18:40:10.207 INFO  StreamGobblerLogger - stderr.env: ‘interestingness_test’: No such file or directory
18:40:10.207 INFO  ExecHelper - Result: 127
18:40:10.207 INFO  CustomFileJudge - Custom file judge result: 127
18:40:10.207 INFO  ReductionDriver - Result from initial state is not interesting (attempt 2)
18:40:10.214 INFO  ExecHelper - interestingness_test /opt/reduce/cezanne_radeon_vega/syn_memory_converge_atomic/variant_912.comp reduction_results/cezanne_radeon_vega/syn_memory_converge_atomic/variant_912/variant_912.json
18:40:10.215 INFO  StreamGobblerLogger - stderr.env: ‘interestingness_test’: No such file or directory
18:40:10.215 INFO  ExecHelper - Result: 127
18:40:10.215 INFO  CustomFileJudge - Custom file judge result: 127
18:40:10.215 INFO  ReductionDriver - Result from initial state is not interesting (attempt 3)
18:40:10.220 INFO  ExecHelper - interestingness_test /opt/reduce/cezanne_radeon_vega/syn_memory_converge_atomic/variant_912.comp reduction_results/cezanne_radeon_vega/syn_memory_converge_atomic/variant_912/variant_912.json
18:40:10.221 INFO  StreamGobblerLogger - stderr.env: ‘interestingness_test’: No such file or directory
18:40:10.222 INFO  ExecHelper - Result: 127
18:40:10.222 INFO  CustomFileJudge - Custom file judge result: 127
18:40:10.222 INFO  ReductionDriver - Result from initial state is not interesting (attempt 4)
18:40:10.228 INFO  ExecHelper - interestingness_test /opt/reduce/cezanne_radeon_vega/syn_memory_converge_atomic/variant_912.comp reduction_results/cezanne_radeon_vega/syn_memory_converge_atomic/variant_912/variant_912.json
18:40:10.229 INFO  StreamGobblerLogger - stderr.env: ‘interestingness_test’: No such file or directory
18:40:10.229 INFO  ExecHelper - Result: 127
18:40:10.229 INFO  CustomFileJudge - Custom file judge result: 127
18:40:10.229 INFO  ReductionDriver - Result from initial state is not interesting (attempt 5)
18:40:10.229 INFO  ReductionDriver - Tried 5 times; stopping.
Reduction command: java -ea -cp /opt/graphicsfuzz/graphicsfuzz/target/graphicsfuzz/python/drivers/../../jar/tool-1.0.jar com.graphicsfuzz.reducer.tool.GlslReduce /opt/reduce/cezanne_radeon_vega/syn_memory_converge_atomic/variant_912.json interestingness_test --output reduction_results/cezanne_radeon_vega/syn_memory_converge_atomic/variant_912 /opt/reduce/cezanne_radeon_vega/syn_memory_converge_atomic/variant_912.comp
