18:46:02.036 INFO  ExecHelper - /opt/graphicsfuzz/graphicsfuzz/target/graphicsfuzz/bin/Linux/glslangValidator -E --stdin -S comp
18:46:02.118 INFO  ExecHelper - Result: 0
18:46:02.738 INFO  ReductionDriver - Starting reduction for variant_227
18:46:02.756 INFO  ExecHelper - interestingness_test /opt/reduce/intel_iris_xe_graphics/syn_branch_syn_release/variant_227.comp reduction_results/intel_iris_xe_graphics/syn_branch_syn_release/variant_227/variant_227.json
18:46:02.757 INFO  StreamGobblerLogger - stderr.env: ‘interestingness_test’: No such file or directory
18:46:02.758 INFO  ExecHelper - Result: 127
18:46:02.758 INFO  CustomFileJudge - Custom file judge result: 127
18:46:02.758 INFO  ReductionDriver - Result from initial state is not interesting (attempt 1)
18:46:02.766 INFO  ExecHelper - interestingness_test /opt/reduce/intel_iris_xe_graphics/syn_branch_syn_release/variant_227.comp reduction_results/intel_iris_xe_graphics/syn_branch_syn_release/variant_227/variant_227.json
18:46:02.767 INFO  StreamGobblerLogger - stderr.env: ‘interestingness_test’: No such file or directory
18:46:02.767 INFO  ExecHelper - Result: 127
18:46:02.768 INFO  CustomFileJudge - Custom file judge result: 127
18:46:02.768 INFO  ReductionDriver - Result from initial state is not interesting (attempt 2)
18:46:02.774 INFO  ExecHelper - interestingness_test /opt/reduce/intel_iris_xe_graphics/syn_branch_syn_release/variant_227.comp reduction_results/intel_iris_xe_graphics/syn_branch_syn_release/variant_227/variant_227.json
18:46:02.776 INFO  StreamGobblerLogger - stderr.env: ‘interestingness_test’: No such file or directory
18:46:02.776 INFO  ExecHelper - Result: 127
18:46:02.776 INFO  CustomFileJudge - Custom file judge result: 127
18:46:02.776 INFO  ReductionDriver - Result from initial state is not interesting (attempt 3)
18:46:02.782 INFO  ExecHelper - interestingness_test /opt/reduce/intel_iris_xe_graphics/syn_branch_syn_release/variant_227.comp reduction_results/intel_iris_xe_graphics/syn_branch_syn_release/variant_227/variant_227.json
18:46:02.783 INFO  StreamGobblerLogger - stderr.env: ‘interestingness_test’: No such file or directory
18:46:02.784 INFO  ExecHelper - Result: 127
18:46:02.784 INFO  CustomFileJudge - Custom file judge result: 127
18:46:02.784 INFO  ReductionDriver - Result from initial state is not interesting (attempt 4)
18:46:02.790 INFO  ExecHelper - interestingness_test /opt/reduce/intel_iris_xe_graphics/syn_branch_syn_release/variant_227.comp reduction_results/intel_iris_xe_graphics/syn_branch_syn_release/variant_227/variant_227.json
18:46:02.791 INFO  StreamGobblerLogger - stderr.env: ‘interestingness_test’: No such file or directory
18:46:02.791 INFO  ExecHelper - Result: 127
18:46:02.791 INFO  CustomFileJudge - Custom file judge result: 127
18:46:02.791 INFO  ReductionDriver - Result from initial state is not interesting (attempt 5)
18:46:02.791 INFO  ReductionDriver - Tried 5 times; stopping.
Reduction command: java -ea -cp /opt/graphicsfuzz/graphicsfuzz/target/graphicsfuzz/python/drivers/../../jar/tool-1.0.jar com.graphicsfuzz.reducer.tool.GlslReduce /opt/reduce/intel_iris_xe_graphics/syn_branch_syn_release/variant_227.json interestingness_test --output reduction_results/intel_iris_xe_graphics/syn_branch_syn_release/variant_227 /opt/reduce/intel_iris_xe_graphics/syn_branch_syn_release/variant_227.comp
