18:25:36.293 INFO  ExecHelper - /opt/graphicsfuzz/graphicsfuzz/target/graphicsfuzz/bin/Linux/glslangValidator -E --stdin -S comp
18:25:36.503 INFO  ExecHelper - Result: 0
18:25:37.027 INFO  ReductionDriver - Starting reduction for variant_881
18:25:37.041 INFO  ExecHelper - interestingness_test /opt/reduce/cezanne_radeon_vega/syn_memory_converge/variant_881.comp reduction_results/cezanne_radeon_vega/syn_memory_converge/variant_881/variant_881.json
18:25:37.043 INFO  StreamGobblerLogger - stderr.env: ‘interestingness_test’: No such file or directory
18:25:37.043 INFO  ExecHelper - Result: 127
18:25:37.043 INFO  CustomFileJudge - Custom file judge result: 127
18:25:37.043 INFO  ReductionDriver - Result from initial state is not interesting (attempt 1)
18:25:37.048 INFO  ExecHelper - interestingness_test /opt/reduce/cezanne_radeon_vega/syn_memory_converge/variant_881.comp reduction_results/cezanne_radeon_vega/syn_memory_converge/variant_881/variant_881.json
18:25:37.049 INFO  StreamGobblerLogger - stderr.env: ‘interestingness_test’: No such file or directory
18:25:37.049 INFO  ExecHelper - Result: 127
18:25:37.049 INFO  CustomFileJudge - Custom file judge result: 127
18:25:37.049 INFO  ReductionDriver - Result from initial state is not interesting (attempt 2)
18:25:37.053 INFO  ExecHelper - interestingness_test /opt/reduce/cezanne_radeon_vega/syn_memory_converge/variant_881.comp reduction_results/cezanne_radeon_vega/syn_memory_converge/variant_881/variant_881.json
18:25:37.054 INFO  StreamGobblerLogger - stderr.env: ‘interestingness_test’: No such file or directory
18:25:37.055 INFO  ExecHelper - Result: 127
18:25:37.055 INFO  CustomFileJudge - Custom file judge result: 127
18:25:37.055 INFO  ReductionDriver - Result from initial state is not interesting (attempt 3)
18:25:37.059 INFO  ExecHelper - interestingness_test /opt/reduce/cezanne_radeon_vega/syn_memory_converge/variant_881.comp reduction_results/cezanne_radeon_vega/syn_memory_converge/variant_881/variant_881.json
18:25:37.060 INFO  StreamGobblerLogger - stderr.env: ‘interestingness_test’: No such file or directory
18:25:37.060 INFO  ExecHelper - Result: 127
18:25:37.060 INFO  CustomFileJudge - Custom file judge result: 127
18:25:37.060 INFO  ReductionDriver - Result from initial state is not interesting (attempt 4)
18:25:37.064 INFO  ExecHelper - interestingness_test /opt/reduce/cezanne_radeon_vega/syn_memory_converge/variant_881.comp reduction_results/cezanne_radeon_vega/syn_memory_converge/variant_881/variant_881.json
18:25:37.065 INFO  StreamGobblerLogger - stderr.env: ‘interestingness_test’: No such file or directory
18:25:37.066 INFO  ExecHelper - Result: 127
18:25:37.066 INFO  CustomFileJudge - Custom file judge result: 127
18:25:37.066 INFO  ReductionDriver - Result from initial state is not interesting (attempt 5)
18:25:37.066 INFO  ReductionDriver - Tried 5 times; stopping.
Reduction command: java -ea -cp /opt/graphicsfuzz/graphicsfuzz/target/graphicsfuzz/python/drivers/../../jar/tool-1.0.jar com.graphicsfuzz.reducer.tool.GlslReduce /opt/reduce/cezanne_radeon_vega/syn_memory_converge/variant_881.json interestingness_test --output reduction_results/cezanne_radeon_vega/syn_memory_converge/variant_881 /opt/reduce/cezanne_radeon_vega/syn_memory_converge/variant_881.comp
