19:41:48.985 INFO  ExecHelper - /opt/graphicsfuzz/graphicsfuzz/target/graphicsfuzz/bin/Linux/glslangValidator -E --stdin -S comp
19:41:49.094 INFO  ExecHelper - Result: 0
19:41:49.862 INFO  ReductionDriver - Starting reduction for variant_112
19:41:49.880 INFO  ExecHelper - interestingness_test /opt/reduce/rtx_4070/syn_memory_converge_atomic/variant_112.comp reduction_results/rtx_4070/syn_memory_converge_atomic/variant_112/variant_112.json
19:41:49.895 INFO  StreamGobblerLogger - stderr.env: ‘interestingness_test’: No such file or directory
19:41:49.896 INFO  ExecHelper - Result: 127
19:41:49.896 INFO  CustomFileJudge - Custom file judge result: 127
19:41:49.896 INFO  ReductionDriver - Result from initial state is not interesting (attempt 1)
19:41:49.906 INFO  ExecHelper - interestingness_test /opt/reduce/rtx_4070/syn_memory_converge_atomic/variant_112.comp reduction_results/rtx_4070/syn_memory_converge_atomic/variant_112/variant_112.json
19:41:49.907 INFO  StreamGobblerLogger - stderr.env: ‘interestingness_test’: No such file or directory
19:41:49.907 INFO  ExecHelper - Result: 127
19:41:49.907 INFO  CustomFileJudge - Custom file judge result: 127
19:41:49.907 INFO  ReductionDriver - Result from initial state is not interesting (attempt 2)
19:41:49.915 INFO  ExecHelper - interestingness_test /opt/reduce/rtx_4070/syn_memory_converge_atomic/variant_112.comp reduction_results/rtx_4070/syn_memory_converge_atomic/variant_112/variant_112.json
19:41:49.916 INFO  StreamGobblerLogger - stderr.env: ‘interestingness_test’: No such file or directory
19:41:49.916 INFO  ExecHelper - Result: 127
19:41:49.916 INFO  CustomFileJudge - Custom file judge result: 127
19:41:49.916 INFO  ReductionDriver - Result from initial state is not interesting (attempt 3)
19:41:49.923 INFO  ExecHelper - interestingness_test /opt/reduce/rtx_4070/syn_memory_converge_atomic/variant_112.comp reduction_results/rtx_4070/syn_memory_converge_atomic/variant_112/variant_112.json
19:41:49.924 INFO  StreamGobblerLogger - stderr.env: ‘interestingness_test’: No such file or directory
19:41:49.925 INFO  ExecHelper - Result: 127
19:41:49.925 INFO  CustomFileJudge - Custom file judge result: 127
19:41:49.925 INFO  ReductionDriver - Result from initial state is not interesting (attempt 4)
19:41:49.931 INFO  ExecHelper - interestingness_test /opt/reduce/rtx_4070/syn_memory_converge_atomic/variant_112.comp reduction_results/rtx_4070/syn_memory_converge_atomic/variant_112/variant_112.json
19:41:49.932 INFO  StreamGobblerLogger - stderr.env: ‘interestingness_test’: No such file or directory
19:41:49.933 INFO  ExecHelper - Result: 127
19:41:49.933 INFO  CustomFileJudge - Custom file judge result: 127
19:41:49.933 INFO  ReductionDriver - Result from initial state is not interesting (attempt 5)
19:41:49.933 INFO  ReductionDriver - Tried 5 times; stopping.
Reduction command: java -ea -cp /opt/graphicsfuzz/graphicsfuzz/target/graphicsfuzz/python/drivers/../../jar/tool-1.0.jar com.graphicsfuzz.reducer.tool.GlslReduce /opt/reduce/rtx_4070/syn_memory_converge_atomic/variant_112.json interestingness_test --output reduction_results/rtx_4070/syn_memory_converge_atomic/variant_112 /opt/reduce/rtx_4070/syn_memory_converge_atomic/variant_112.comp
