19:43:54.211 INFO  ExecHelper - /opt/graphicsfuzz/graphicsfuzz/target/graphicsfuzz/bin/Linux/glslangValidator -E --stdin -S comp
19:43:54.269 INFO  ExecHelper - Result: 0
19:43:54.585 INFO  ReductionDriver - Starting reduction for variant_255
19:43:54.681 INFO  ExecHelper - interestingness_test /opt/reduce/rtx_4070/syn_memory_converge_atomic/variant_255.comp reduction_results/rtx_4070/syn_memory_converge_atomic/variant_255/variant_255.json
19:43:54.683 INFO  StreamGobblerLogger - stderr.env: ‘interestingness_test’: No such file or directory
19:43:54.683 INFO  ExecHelper - Result: 127
19:43:54.684 INFO  CustomFileJudge - Custom file judge result: 127
19:43:54.684 INFO  ReductionDriver - Result from initial state is not interesting (attempt 1)
19:43:54.755 INFO  ExecHelper - interestingness_test /opt/reduce/rtx_4070/syn_memory_converge_atomic/variant_255.comp reduction_results/rtx_4070/syn_memory_converge_atomic/variant_255/variant_255.json
19:43:54.756 INFO  StreamGobblerLogger - stderr.env: ‘interestingness_test’: No such file or directory
19:43:54.756 INFO  ExecHelper - Result: 127
19:43:54.756 INFO  CustomFileJudge - Custom file judge result: 127
19:43:54.756 INFO  ReductionDriver - Result from initial state is not interesting (attempt 2)
19:43:54.832 INFO  ExecHelper - interestingness_test /opt/reduce/rtx_4070/syn_memory_converge_atomic/variant_255.comp reduction_results/rtx_4070/syn_memory_converge_atomic/variant_255/variant_255.json
19:43:54.833 INFO  StreamGobblerLogger - stderr.env: ‘interestingness_test’: No such file or directory
19:43:54.834 INFO  ExecHelper - Result: 127
19:43:54.834 INFO  CustomFileJudge - Custom file judge result: 127
19:43:54.834 INFO  ReductionDriver - Result from initial state is not interesting (attempt 3)
19:43:54.901 INFO  ExecHelper - interestingness_test /opt/reduce/rtx_4070/syn_memory_converge_atomic/variant_255.comp reduction_results/rtx_4070/syn_memory_converge_atomic/variant_255/variant_255.json
19:43:54.902 INFO  StreamGobblerLogger - stderr.env: ‘interestingness_test’: No such file or directory
19:43:54.903 INFO  ExecHelper - Result: 127
19:43:54.903 INFO  CustomFileJudge - Custom file judge result: 127
19:43:54.903 INFO  ReductionDriver - Result from initial state is not interesting (attempt 4)
19:43:54.969 INFO  ExecHelper - interestingness_test /opt/reduce/rtx_4070/syn_memory_converge_atomic/variant_255.comp reduction_results/rtx_4070/syn_memory_converge_atomic/variant_255/variant_255.json
19:43:54.970 INFO  StreamGobblerLogger - stderr.env: ‘interestingness_test’: No such file or directory
19:43:54.970 INFO  ExecHelper - Result: 127
19:43:54.970 INFO  CustomFileJudge - Custom file judge result: 127
19:43:54.971 INFO  ReductionDriver - Result from initial state is not interesting (attempt 5)
19:43:54.971 INFO  ReductionDriver - Tried 5 times; stopping.
Reduction command: java -ea -cp /opt/graphicsfuzz/graphicsfuzz/target/graphicsfuzz/python/drivers/../../jar/tool-1.0.jar com.graphicsfuzz.reducer.tool.GlslReduce /opt/reduce/rtx_4070/syn_memory_converge_atomic/variant_255.json interestingness_test --output reduction_results/rtx_4070/syn_memory_converge_atomic/variant_255 /opt/reduce/rtx_4070/syn_memory_converge_atomic/variant_255.comp
