19:15:43.163 INFO  ExecHelper - /opt/graphicsfuzz/graphicsfuzz/target/graphicsfuzz/bin/Linux/glslangValidator -E --stdin -S comp
19:15:43.224 INFO  ExecHelper - Result: 0
19:15:43.525 INFO  ReductionDriver - Starting reduction for variant_774
19:15:43.609 INFO  ExecHelper - interestingness_test /opt/reduce/intel_iris_xe_graphics/syn_memory_converge_atomic/variant_774.comp reduction_results/intel_iris_xe_graphics/syn_memory_converge_atomic/variant_774/variant_774.json
19:15:43.611 INFO  StreamGobblerLogger - stderr.env: ‘interestingness_test’: No such file or directory
19:15:43.612 INFO  ExecHelper - Result: 127
19:15:43.612 INFO  CustomFileJudge - Custom file judge result: 127
19:15:43.612 INFO  ReductionDriver - Result from initial state is not interesting (attempt 1)
19:15:43.684 INFO  ExecHelper - interestingness_test /opt/reduce/intel_iris_xe_graphics/syn_memory_converge_atomic/variant_774.comp reduction_results/intel_iris_xe_graphics/syn_memory_converge_atomic/variant_774/variant_774.json
19:15:43.686 INFO  StreamGobblerLogger - stderr.env: ‘interestingness_test’: No such file or directory
19:15:43.687 INFO  ExecHelper - Result: 127
19:15:43.687 INFO  CustomFileJudge - Custom file judge result: 127
19:15:43.687 INFO  ReductionDriver - Result from initial state is not interesting (attempt 2)
19:15:43.752 INFO  ExecHelper - interestingness_test /opt/reduce/intel_iris_xe_graphics/syn_memory_converge_atomic/variant_774.comp reduction_results/intel_iris_xe_graphics/syn_memory_converge_atomic/variant_774/variant_774.json
19:15:43.753 INFO  StreamGobblerLogger - stderr.env: ‘interestingness_test’: No such file or directory
19:15:43.754 INFO  ExecHelper - Result: 127
19:15:43.754 INFO  CustomFileJudge - Custom file judge result: 127
19:15:43.754 INFO  ReductionDriver - Result from initial state is not interesting (attempt 3)
19:15:43.819 INFO  ExecHelper - interestingness_test /opt/reduce/intel_iris_xe_graphics/syn_memory_converge_atomic/variant_774.comp reduction_results/intel_iris_xe_graphics/syn_memory_converge_atomic/variant_774/variant_774.json
19:15:43.820 INFO  StreamGobblerLogger - stderr.env: ‘interestingness_test’: No such file or directory
19:15:43.821 INFO  ExecHelper - Result: 127
19:15:43.821 INFO  CustomFileJudge - Custom file judge result: 127
19:15:43.821 INFO  ReductionDriver - Result from initial state is not interesting (attempt 4)
19:15:43.887 INFO  ExecHelper - interestingness_test /opt/reduce/intel_iris_xe_graphics/syn_memory_converge_atomic/variant_774.comp reduction_results/intel_iris_xe_graphics/syn_memory_converge_atomic/variant_774/variant_774.json
19:15:43.888 INFO  StreamGobblerLogger - stderr.env: ‘interestingness_test’: No such file or directory
19:15:43.889 INFO  ExecHelper - Result: 127
19:15:43.889 INFO  CustomFileJudge - Custom file judge result: 127
19:15:43.889 INFO  ReductionDriver - Result from initial state is not interesting (attempt 5)
19:15:43.889 INFO  ReductionDriver - Tried 5 times; stopping.
Reduction command: java -ea -cp /opt/graphicsfuzz/graphicsfuzz/target/graphicsfuzz/python/drivers/../../jar/tool-1.0.jar com.graphicsfuzz.reducer.tool.GlslReduce /opt/reduce/intel_iris_xe_graphics/syn_memory_converge_atomic/variant_774.json interestingness_test --output reduction_results/intel_iris_xe_graphics/syn_memory_converge_atomic/variant_774 /opt/reduce/intel_iris_xe_graphics/syn_memory_converge_atomic/variant_774.comp
