18:56:59.853 INFO  ExecHelper - /opt/graphicsfuzz/graphicsfuzz/target/graphicsfuzz/bin/Linux/glslangValidator -E --stdin -S comp
18:56:59.908 INFO  ExecHelper - Result: 0
18:56:59.967 INFO  ReductionDriver - Starting reduction for variant_479
18:56:59.972 INFO  ExecHelper - interestingness_test /opt/reduce/intel_iris_xe_graphics/syn_memory_converge/variant_479.comp reduction_results/intel_iris_xe_graphics/syn_memory_converge/variant_479/variant_479.json
18:56:59.973 INFO  StreamGobblerLogger - stderr.env: ‘interestingness_test’: No such file or directory
18:56:59.973 INFO  ExecHelper - Result: 127
18:56:59.973 INFO  CustomFileJudge - Custom file judge result: 127
18:56:59.974 INFO  ReductionDriver - Result from initial state is not interesting (attempt 1)
18:56:59.975 INFO  ExecHelper - interestingness_test /opt/reduce/intel_iris_xe_graphics/syn_memory_converge/variant_479.comp reduction_results/intel_iris_xe_graphics/syn_memory_converge/variant_479/variant_479.json
18:56:59.976 INFO  StreamGobblerLogger - stderr.env: ‘interestingness_test’: No such file or directory
18:56:59.977 INFO  ExecHelper - Result: 127
18:56:59.977 INFO  CustomFileJudge - Custom file judge result: 127
18:56:59.977 INFO  ReductionDriver - Result from initial state is not interesting (attempt 2)
18:56:59.978 INFO  ExecHelper - interestingness_test /opt/reduce/intel_iris_xe_graphics/syn_memory_converge/variant_479.comp reduction_results/intel_iris_xe_graphics/syn_memory_converge/variant_479/variant_479.json
18:56:59.979 INFO  StreamGobblerLogger - stderr.env: ‘interestingness_test’: No such file or directory
18:56:59.980 INFO  ExecHelper - Result: 127
18:56:59.980 INFO  CustomFileJudge - Custom file judge result: 127
18:56:59.980 INFO  ReductionDriver - Result from initial state is not interesting (attempt 3)
18:56:59.981 INFO  ExecHelper - interestingness_test /opt/reduce/intel_iris_xe_graphics/syn_memory_converge/variant_479.comp reduction_results/intel_iris_xe_graphics/syn_memory_converge/variant_479/variant_479.json
18:56:59.982 INFO  StreamGobblerLogger - stderr.env: ‘interestingness_test’: No such file or directory
18:56:59.983 INFO  ExecHelper - Result: 127
18:56:59.983 INFO  CustomFileJudge - Custom file judge result: 127
18:56:59.983 INFO  ReductionDriver - Result from initial state is not interesting (attempt 4)
18:56:59.984 INFO  ExecHelper - interestingness_test /opt/reduce/intel_iris_xe_graphics/syn_memory_converge/variant_479.comp reduction_results/intel_iris_xe_graphics/syn_memory_converge/variant_479/variant_479.json
18:56:59.985 INFO  StreamGobblerLogger - stderr.env: ‘interestingness_test’: No such file or directory
18:56:59.985 INFO  ExecHelper - Result: 127
18:56:59.985 INFO  CustomFileJudge - Custom file judge result: 127
18:56:59.985 INFO  ReductionDriver - Result from initial state is not interesting (attempt 5)
18:56:59.986 INFO  ReductionDriver - Tried 5 times; stopping.
Reduction command: java -ea -cp /opt/graphicsfuzz/graphicsfuzz/target/graphicsfuzz/python/drivers/../../jar/tool-1.0.jar com.graphicsfuzz.reducer.tool.GlslReduce /opt/reduce/intel_iris_xe_graphics/syn_memory_converge/variant_479.json interestingness_test --output reduction_results/intel_iris_xe_graphics/syn_memory_converge/variant_479 /opt/reduce/intel_iris_xe_graphics/syn_memory_converge/variant_479.comp
