19:31:27.058 INFO  ExecHelper - /opt/graphicsfuzz/graphicsfuzz/target/graphicsfuzz/bin/Linux/glslangValidator -E --stdin -S comp
19:31:27.105 INFO  ExecHelper - Result: 0
19:31:27.188 INFO  ReductionDriver - Starting reduction for variant_376
19:31:27.197 INFO  ExecHelper - interestingness_test /opt/reduce/rtx_4070/syn_memory_converge/variant_376.comp reduction_results/rtx_4070/syn_memory_converge/variant_376/variant_376.json
19:31:27.198 INFO  StreamGobblerLogger - stderr.env: ‘interestingness_test’: No such file or directory
19:31:27.199 INFO  ExecHelper - Result: 127
19:31:27.199 INFO  CustomFileJudge - Custom file judge result: 127
19:31:27.199 INFO  ReductionDriver - Result from initial state is not interesting (attempt 1)
19:31:27.202 INFO  ExecHelper - interestingness_test /opt/reduce/rtx_4070/syn_memory_converge/variant_376.comp reduction_results/rtx_4070/syn_memory_converge/variant_376/variant_376.json
19:31:27.203 INFO  StreamGobblerLogger - stderr.env: ‘interestingness_test’: No such file or directory
19:31:27.204 INFO  ExecHelper - Result: 127
19:31:27.204 INFO  CustomFileJudge - Custom file judge result: 127
19:31:27.204 INFO  ReductionDriver - Result from initial state is not interesting (attempt 2)
19:31:27.205 INFO  ExecHelper - interestingness_test /opt/reduce/rtx_4070/syn_memory_converge/variant_376.comp reduction_results/rtx_4070/syn_memory_converge/variant_376/variant_376.json
19:31:27.207 INFO  StreamGobblerLogger - stderr.env: ‘interestingness_test’: No such file or directory
19:31:27.207 INFO  ExecHelper - Result: 127
19:31:27.207 INFO  CustomFileJudge - Custom file judge result: 127
19:31:27.207 INFO  ReductionDriver - Result from initial state is not interesting (attempt 3)
19:31:27.209 INFO  ExecHelper - interestingness_test /opt/reduce/rtx_4070/syn_memory_converge/variant_376.comp reduction_results/rtx_4070/syn_memory_converge/variant_376/variant_376.json
19:31:27.210 INFO  StreamGobblerLogger - stderr.env: ‘interestingness_test’: No such file or directory
19:31:27.210 INFO  ExecHelper - Result: 127
19:31:27.210 INFO  CustomFileJudge - Custom file judge result: 127
19:31:27.211 INFO  ReductionDriver - Result from initial state is not interesting (attempt 4)
19:31:27.212 INFO  ExecHelper - interestingness_test /opt/reduce/rtx_4070/syn_memory_converge/variant_376.comp reduction_results/rtx_4070/syn_memory_converge/variant_376/variant_376.json
19:31:27.213 INFO  StreamGobblerLogger - stderr.env: ‘interestingness_test’: No such file or directory
19:31:27.214 INFO  ExecHelper - Result: 127
19:31:27.214 INFO  CustomFileJudge - Custom file judge result: 127
19:31:27.214 INFO  ReductionDriver - Result from initial state is not interesting (attempt 5)
19:31:27.214 INFO  ReductionDriver - Tried 5 times; stopping.
Reduction command: java -ea -cp /opt/graphicsfuzz/graphicsfuzz/target/graphicsfuzz/python/drivers/../../jar/tool-1.0.jar com.graphicsfuzz.reducer.tool.GlslReduce /opt/reduce/rtx_4070/syn_memory_converge/variant_376.json interestingness_test --output reduction_results/rtx_4070/syn_memory_converge/variant_376 /opt/reduce/rtx_4070/syn_memory_converge/variant_376.comp
