19:55:45.041 INFO  ExecHelper - /opt/graphicsfuzz/graphicsfuzz/target/graphicsfuzz/bin/Linux/glslangValidator -E --stdin -S comp
19:55:45.172 INFO  ExecHelper - Result: 0
19:55:46.514 INFO  ReductionDriver - Starting reduction for variant_990
19:55:46.533 INFO  ExecHelper - interestingness_test /opt/reduce/rtx_4070/syn_subgroup_op/variant_990.comp reduction_results/rtx_4070/syn_subgroup_op/variant_990/variant_990.json
19:55:46.535 INFO  StreamGobblerLogger - stderr.env: ‘interestingness_test’: No such file or directory
19:55:46.535 INFO  ExecHelper - Result: 127
19:55:46.535 INFO  CustomFileJudge - Custom file judge result: 127
19:55:46.536 INFO  ReductionDriver - Result from initial state is not interesting (attempt 1)
19:55:46.545 INFO  ExecHelper - interestingness_test /opt/reduce/rtx_4070/syn_subgroup_op/variant_990.comp reduction_results/rtx_4070/syn_subgroup_op/variant_990/variant_990.json
19:55:46.546 INFO  StreamGobblerLogger - stderr.env: ‘interestingness_test’: No such file or directory
19:55:46.547 INFO  ExecHelper - Result: 127
19:55:46.547 INFO  CustomFileJudge - Custom file judge result: 127
19:55:46.547 INFO  ReductionDriver - Result from initial state is not interesting (attempt 2)
19:55:46.556 INFO  ExecHelper - interestingness_test /opt/reduce/rtx_4070/syn_subgroup_op/variant_990.comp reduction_results/rtx_4070/syn_subgroup_op/variant_990/variant_990.json
19:55:46.557 INFO  StreamGobblerLogger - stderr.env: ‘interestingness_test’: No such file or directory
19:55:46.557 INFO  ExecHelper - Result: 127
19:55:46.557 INFO  CustomFileJudge - Custom file judge result: 127
19:55:46.557 INFO  ReductionDriver - Result from initial state is not interesting (attempt 3)
19:55:46.565 INFO  ExecHelper - interestingness_test /opt/reduce/rtx_4070/syn_subgroup_op/variant_990.comp reduction_results/rtx_4070/syn_subgroup_op/variant_990/variant_990.json
19:55:46.566 INFO  StreamGobblerLogger - stderr.env: ‘interestingness_test’: No such file or directory
19:55:46.567 INFO  ExecHelper - Result: 127
19:55:46.567 INFO  CustomFileJudge - Custom file judge result: 127
19:55:46.567 INFO  ReductionDriver - Result from initial state is not interesting (attempt 4)
19:55:46.576 INFO  ExecHelper - interestingness_test /opt/reduce/rtx_4070/syn_subgroup_op/variant_990.comp reduction_results/rtx_4070/syn_subgroup_op/variant_990/variant_990.json
19:55:46.576 INFO  StreamGobblerLogger - stderr.env: ‘interestingness_test’: No such file or directory
19:55:46.577 INFO  ExecHelper - Result: 127
19:55:46.577 INFO  CustomFileJudge - Custom file judge result: 127
19:55:46.577 INFO  ReductionDriver - Result from initial state is not interesting (attempt 5)
19:55:46.577 INFO  ReductionDriver - Tried 5 times; stopping.
Reduction command: java -ea -cp /opt/graphicsfuzz/graphicsfuzz/target/graphicsfuzz/python/drivers/../../jar/tool-1.0.jar com.graphicsfuzz.reducer.tool.GlslReduce /opt/reduce/rtx_4070/syn_subgroup_op/variant_990.json interestingness_test --output reduction_results/rtx_4070/syn_subgroup_op/variant_990 /opt/reduce/rtx_4070/syn_subgroup_op/variant_990.comp
