19:27:58.268 INFO  ExecHelper - /opt/graphicsfuzz/graphicsfuzz/target/graphicsfuzz/bin/Linux/glslangValidator -E --stdin -S comp
19:27:58.385 INFO  ExecHelper - Result: 0
19:27:58.722 INFO  ReductionDriver - Starting reduction for variant_131
19:27:58.746 INFO  ExecHelper - interestingness_test /opt/reduce/rtx_4070/syn_memory_converge/variant_131.comp reduction_results/rtx_4070/syn_memory_converge/variant_131/variant_131.json
19:27:58.748 INFO  StreamGobblerLogger - stderr.env: ‘interestingness_test’: No such file or directory
19:27:58.748 INFO  ExecHelper - Result: 127
19:27:58.748 INFO  CustomFileJudge - Custom file judge result: 127
19:27:58.748 INFO  ReductionDriver - Result from initial state is not interesting (attempt 1)
19:27:58.752 INFO  ExecHelper - interestingness_test /opt/reduce/rtx_4070/syn_memory_converge/variant_131.comp reduction_results/rtx_4070/syn_memory_converge/variant_131/variant_131.json
19:27:58.754 INFO  StreamGobblerLogger - stderr.env: ‘interestingness_test’: No such file or directory
19:27:58.754 INFO  ExecHelper - Result: 127
19:27:58.754 INFO  CustomFileJudge - Custom file judge result: 127
19:27:58.754 INFO  ReductionDriver - Result from initial state is not interesting (attempt 2)
19:27:58.757 INFO  ExecHelper - interestingness_test /opt/reduce/rtx_4070/syn_memory_converge/variant_131.comp reduction_results/rtx_4070/syn_memory_converge/variant_131/variant_131.json
19:27:58.758 INFO  StreamGobblerLogger - stderr.env: ‘interestingness_test’: No such file or directory
19:27:58.759 INFO  ExecHelper - Result: 127
19:27:58.759 INFO  CustomFileJudge - Custom file judge result: 127
19:27:58.759 INFO  ReductionDriver - Result from initial state is not interesting (attempt 3)
19:27:58.767 INFO  ExecHelper - interestingness_test /opt/reduce/rtx_4070/syn_memory_converge/variant_131.comp reduction_results/rtx_4070/syn_memory_converge/variant_131/variant_131.json
19:27:58.768 INFO  StreamGobblerLogger - stderr.env: ‘interestingness_test’: No such file or directory
19:27:58.768 INFO  ExecHelper - Result: 127
19:27:58.768 INFO  CustomFileJudge - Custom file judge result: 127
19:27:58.769 INFO  ReductionDriver - Result from initial state is not interesting (attempt 4)
19:27:58.775 INFO  ExecHelper - interestingness_test /opt/reduce/rtx_4070/syn_memory_converge/variant_131.comp reduction_results/rtx_4070/syn_memory_converge/variant_131/variant_131.json
19:27:58.776 INFO  StreamGobblerLogger - stderr.env: ‘interestingness_test’: No such file or directory
19:27:58.777 INFO  ExecHelper - Result: 127
19:27:58.777 INFO  CustomFileJudge - Custom file judge result: 127
19:27:58.777 INFO  ReductionDriver - Result from initial state is not interesting (attempt 5)
19:27:58.777 INFO  ReductionDriver - Tried 5 times; stopping.
Reduction command: java -ea -cp /opt/graphicsfuzz/graphicsfuzz/target/graphicsfuzz/python/drivers/../../jar/tool-1.0.jar com.graphicsfuzz.reducer.tool.GlslReduce /opt/reduce/rtx_4070/syn_memory_converge/variant_131.json interestingness_test --output reduction_results/rtx_4070/syn_memory_converge/variant_131 /opt/reduce/rtx_4070/syn_memory_converge/variant_131.comp
