19:04:23.236 INFO  ExecHelper - /opt/graphicsfuzz/graphicsfuzz/target/graphicsfuzz/bin/Linux/glslangValidator -E --stdin -S comp
19:04:23.284 INFO  ExecHelper - Result: 0
19:04:23.346 INFO  ReductionDriver - Starting reduction for variant_017
19:04:23.351 INFO  ExecHelper - interestingness_test /opt/reduce/intel_iris_xe_graphics/syn_memory_converge_atomic/variant_017.comp reduction_results/intel_iris_xe_graphics/syn_memory_converge_atomic/variant_017/variant_017.json
19:04:23.352 INFO  StreamGobblerLogger - stderr.env: ‘interestingness_test’: No such file or directory
19:04:23.353 INFO  ExecHelper - Result: 127
19:04:23.353 INFO  CustomFileJudge - Custom file judge result: 127
19:04:23.353 INFO  ReductionDriver - Result from initial state is not interesting (attempt 1)
19:04:23.354 INFO  ExecHelper - interestingness_test /opt/reduce/intel_iris_xe_graphics/syn_memory_converge_atomic/variant_017.comp reduction_results/intel_iris_xe_graphics/syn_memory_converge_atomic/variant_017/variant_017.json
19:04:23.355 INFO  StreamGobblerLogger - stderr.env: ‘interestingness_test’: No such file or directory
19:04:23.355 INFO  ExecHelper - Result: 127
19:04:23.355 INFO  CustomFileJudge - Custom file judge result: 127
19:04:23.355 INFO  ReductionDriver - Result from initial state is not interesting (attempt 2)
19:04:23.356 INFO  ExecHelper - interestingness_test /opt/reduce/intel_iris_xe_graphics/syn_memory_converge_atomic/variant_017.comp reduction_results/intel_iris_xe_graphics/syn_memory_converge_atomic/variant_017/variant_017.json
19:04:23.357 INFO  StreamGobblerLogger - stderr.env: ‘interestingness_test’: No such file or directory
19:04:23.358 INFO  ExecHelper - Result: 127
19:04:23.358 INFO  CustomFileJudge - Custom file judge result: 127
19:04:23.358 INFO  ReductionDriver - Result from initial state is not interesting (attempt 3)
19:04:23.359 INFO  ExecHelper - interestingness_test /opt/reduce/intel_iris_xe_graphics/syn_memory_converge_atomic/variant_017.comp reduction_results/intel_iris_xe_graphics/syn_memory_converge_atomic/variant_017/variant_017.json
19:04:23.359 INFO  StreamGobblerLogger - stderr.env: ‘interestingness_test’: No such file or directory
19:04:23.360 INFO  ExecHelper - Result: 127
19:04:23.360 INFO  CustomFileJudge - Custom file judge result: 127
19:04:23.360 INFO  ReductionDriver - Result from initial state is not interesting (attempt 4)
19:04:23.360 INFO  ExecHelper - interestingness_test /opt/reduce/intel_iris_xe_graphics/syn_memory_converge_atomic/variant_017.comp reduction_results/intel_iris_xe_graphics/syn_memory_converge_atomic/variant_017/variant_017.json
19:04:23.361 INFO  StreamGobblerLogger - stderr.env: ‘interestingness_test’: No such file or directory
19:04:23.362 INFO  ExecHelper - Result: 127
19:04:23.362 INFO  CustomFileJudge - Custom file judge result: 127
19:04:23.362 INFO  ReductionDriver - Result from initial state is not interesting (attempt 5)
19:04:23.362 INFO  ReductionDriver - Tried 5 times; stopping.
Reduction command: java -ea -cp /opt/graphicsfuzz/graphicsfuzz/target/graphicsfuzz/python/drivers/../../jar/tool-1.0.jar com.graphicsfuzz.reducer.tool.GlslReduce /opt/reduce/intel_iris_xe_graphics/syn_memory_converge_atomic/variant_017.json interestingness_test --output reduction_results/intel_iris_xe_graphics/syn_memory_converge_atomic/variant_017 /opt/reduce/intel_iris_xe_graphics/syn_memory_converge_atomic/variant_017.comp
