18:49:47.459 INFO  ExecHelper - /opt/graphicsfuzz/graphicsfuzz/target/graphicsfuzz/bin/Linux/glslangValidator -E --stdin -S comp
18:49:47.539 INFO  ExecHelper - Result: 0
18:49:48.266 INFO  ReductionDriver - Starting reduction for variant_817
18:49:48.306 INFO  ExecHelper - interestingness_test /opt/reduce/intel_iris_xe_graphics/syn_lock_step_release/variant_817.comp reduction_results/intel_iris_xe_graphics/syn_lock_step_release/variant_817/variant_817.json
18:49:48.309 INFO  StreamGobblerLogger - stderr.env: ‘interestingness_test’: No such file or directory
18:49:48.309 INFO  ExecHelper - Result: 127
18:49:48.310 INFO  CustomFileJudge - Custom file judge result: 127
18:49:48.310 INFO  ReductionDriver - Result from initial state is not interesting (attempt 1)
18:49:48.325 INFO  ExecHelper - interestingness_test /opt/reduce/intel_iris_xe_graphics/syn_lock_step_release/variant_817.comp reduction_results/intel_iris_xe_graphics/syn_lock_step_release/variant_817/variant_817.json
18:49:48.327 INFO  StreamGobblerLogger - stderr.env: ‘interestingness_test’: No such file or directory
18:49:48.327 INFO  ExecHelper - Result: 127
18:49:48.327 INFO  CustomFileJudge - Custom file judge result: 127
18:49:48.327 INFO  ReductionDriver - Result from initial state is not interesting (attempt 2)
18:49:48.337 INFO  ExecHelper - interestingness_test /opt/reduce/intel_iris_xe_graphics/syn_lock_step_release/variant_817.comp reduction_results/intel_iris_xe_graphics/syn_lock_step_release/variant_817/variant_817.json
18:49:48.340 INFO  StreamGobblerLogger - stderr.env: ‘interestingness_test’: No such file or directory
18:49:48.340 INFO  ExecHelper - Result: 127
18:49:48.340 INFO  CustomFileJudge - Custom file judge result: 127
18:49:48.341 INFO  ReductionDriver - Result from initial state is not interesting (attempt 3)
18:49:48.356 INFO  ExecHelper - interestingness_test /opt/reduce/intel_iris_xe_graphics/syn_lock_step_release/variant_817.comp reduction_results/intel_iris_xe_graphics/syn_lock_step_release/variant_817/variant_817.json
18:49:48.358 INFO  StreamGobblerLogger - stderr.env: ‘interestingness_test’: No such file or directory
18:49:48.358 INFO  ExecHelper - Result: 127
18:49:48.358 INFO  CustomFileJudge - Custom file judge result: 127
18:49:48.358 INFO  ReductionDriver - Result from initial state is not interesting (attempt 4)
18:49:48.364 INFO  ExecHelper - interestingness_test /opt/reduce/intel_iris_xe_graphics/syn_lock_step_release/variant_817.comp reduction_results/intel_iris_xe_graphics/syn_lock_step_release/variant_817/variant_817.json
18:49:48.365 INFO  StreamGobblerLogger - stderr.env: ‘interestingness_test’: No such file or directory
18:49:48.365 INFO  ExecHelper - Result: 127
18:49:48.365 INFO  CustomFileJudge - Custom file judge result: 127
18:49:48.365 INFO  ReductionDriver - Result from initial state is not interesting (attempt 5)
18:49:48.365 INFO  ReductionDriver - Tried 5 times; stopping.
Reduction command: java -ea -cp /opt/graphicsfuzz/graphicsfuzz/target/graphicsfuzz/python/drivers/../../jar/tool-1.0.jar com.graphicsfuzz.reducer.tool.GlslReduce /opt/reduce/intel_iris_xe_graphics/syn_lock_step_release/variant_817.json interestingness_test --output reduction_results/intel_iris_xe_graphics/syn_lock_step_release/variant_817 /opt/reduce/intel_iris_xe_graphics/syn_lock_step_release/variant_817.comp
