19:21:23.574 INFO  ExecHelper - /opt/graphicsfuzz/graphicsfuzz/target/graphicsfuzz/bin/Linux/glslangValidator -E --stdin -S comp
19:21:23.630 INFO  ExecHelper - Result: 0
19:21:23.984 INFO  ReductionDriver - Starting reduction for variant_994
19:21:24.095 INFO  ExecHelper - interestingness_test /opt/reduce/intel_iris_xe_graphics/syn_subgroup_op_relax/variant_994.comp reduction_results/intel_iris_xe_graphics/syn_subgroup_op_relax/variant_994/variant_994.json
19:21:24.097 INFO  StreamGobblerLogger - stderr.env: ‘interestingness_test’: No such file or directory
19:21:24.097 INFO  ExecHelper - Result: 127
19:21:24.097 INFO  CustomFileJudge - Custom file judge result: 127
19:21:24.098 INFO  ReductionDriver - Result from initial state is not interesting (attempt 1)
19:21:24.177 INFO  ExecHelper - interestingness_test /opt/reduce/intel_iris_xe_graphics/syn_subgroup_op_relax/variant_994.comp reduction_results/intel_iris_xe_graphics/syn_subgroup_op_relax/variant_994/variant_994.json
19:21:24.184 INFO  StreamGobblerLogger - stderr.env: ‘interestingness_test’: No such file or directory
19:21:24.185 INFO  ExecHelper - Result: 127
19:21:24.185 INFO  CustomFileJudge - Custom file judge result: 127
19:21:24.185 INFO  ReductionDriver - Result from initial state is not interesting (attempt 2)
19:21:24.259 INFO  ExecHelper - interestingness_test /opt/reduce/intel_iris_xe_graphics/syn_subgroup_op_relax/variant_994.comp reduction_results/intel_iris_xe_graphics/syn_subgroup_op_relax/variant_994/variant_994.json
19:21:24.261 INFO  StreamGobblerLogger - stderr.env: ‘interestingness_test’: No such file or directory
19:21:24.261 INFO  ExecHelper - Result: 127
19:21:24.261 INFO  CustomFileJudge - Custom file judge result: 127
19:21:24.261 INFO  ReductionDriver - Result from initial state is not interesting (attempt 3)
19:21:24.335 INFO  ExecHelper - interestingness_test /opt/reduce/intel_iris_xe_graphics/syn_subgroup_op_relax/variant_994.comp reduction_results/intel_iris_xe_graphics/syn_subgroup_op_relax/variant_994/variant_994.json
19:21:24.336 INFO  StreamGobblerLogger - stderr.env: ‘interestingness_test’: No such file or directory
19:21:24.337 INFO  ExecHelper - Result: 127
19:21:24.337 INFO  CustomFileJudge - Custom file judge result: 127
19:21:24.337 INFO  ReductionDriver - Result from initial state is not interesting (attempt 4)
19:21:24.409 INFO  ExecHelper - interestingness_test /opt/reduce/intel_iris_xe_graphics/syn_subgroup_op_relax/variant_994.comp reduction_results/intel_iris_xe_graphics/syn_subgroup_op_relax/variant_994/variant_994.json
19:21:24.411 INFO  StreamGobblerLogger - stderr.env: ‘interestingness_test’: No such file or directory
19:21:24.411 INFO  ExecHelper - Result: 127
19:21:24.411 INFO  CustomFileJudge - Custom file judge result: 127
19:21:24.411 INFO  ReductionDriver - Result from initial state is not interesting (attempt 5)
19:21:24.411 INFO  ReductionDriver - Tried 5 times; stopping.
Reduction command: java -ea -cp /opt/graphicsfuzz/graphicsfuzz/target/graphicsfuzz/python/drivers/../../jar/tool-1.0.jar com.graphicsfuzz.reducer.tool.GlslReduce /opt/reduce/intel_iris_xe_graphics/syn_subgroup_op_relax/variant_994.json interestingness_test --output reduction_results/intel_iris_xe_graphics/syn_subgroup_op_relax/variant_994 /opt/reduce/intel_iris_xe_graphics/syn_subgroup_op_relax/variant_994.comp
