18:12:33.093 INFO  ExecHelper - /opt/graphicsfuzz/graphicsfuzz/target/graphicsfuzz/bin/Linux/glslangValidator -E --stdin -S comp
18:12:33.384 INFO  ExecHelper - Result: 0
18:12:34.324 INFO  ReductionDriver - Starting reduction for variant_252
18:12:34.340 INFO  ExecHelper - interestingness_test /opt/reduce/cezanne_radeon_vega/syn_lock_step/variant_252.comp reduction_results/cezanne_radeon_vega/syn_lock_step/variant_252/variant_252.json
18:12:34.342 INFO  StreamGobblerLogger - stderr.env: ‘interestingness_test’: No such file or directory
18:12:34.342 INFO  ExecHelper - Result: 127
18:12:34.342 INFO  CustomFileJudge - Custom file judge result: 127
18:12:34.342 INFO  ReductionDriver - Result from initial state is not interesting (attempt 1)
18:12:34.348 INFO  ExecHelper - interestingness_test /opt/reduce/cezanne_radeon_vega/syn_lock_step/variant_252.comp reduction_results/cezanne_radeon_vega/syn_lock_step/variant_252/variant_252.json
18:12:34.349 INFO  StreamGobblerLogger - stderr.env: ‘interestingness_test’: No such file or directory
18:12:34.350 INFO  ExecHelper - Result: 127
18:12:34.350 INFO  CustomFileJudge - Custom file judge result: 127
18:12:34.350 INFO  ReductionDriver - Result from initial state is not interesting (attempt 2)
18:12:34.356 INFO  ExecHelper - interestingness_test /opt/reduce/cezanne_radeon_vega/syn_lock_step/variant_252.comp reduction_results/cezanne_radeon_vega/syn_lock_step/variant_252/variant_252.json
18:12:34.357 INFO  StreamGobblerLogger - stderr.env: ‘interestingness_test’: No such file or directory
18:12:34.357 INFO  ExecHelper - Result: 127
18:12:34.357 INFO  CustomFileJudge - Custom file judge result: 127
18:12:34.357 INFO  ReductionDriver - Result from initial state is not interesting (attempt 3)
18:12:34.366 INFO  ExecHelper - interestingness_test /opt/reduce/cezanne_radeon_vega/syn_lock_step/variant_252.comp reduction_results/cezanne_radeon_vega/syn_lock_step/variant_252/variant_252.json
18:12:34.368 INFO  StreamGobblerLogger - stderr.env: ‘interestingness_test’: No such file or directory
18:12:34.369 INFO  ExecHelper - Result: 127
18:12:34.370 INFO  CustomFileJudge - Custom file judge result: 127
18:12:34.370 INFO  ReductionDriver - Result from initial state is not interesting (attempt 4)
18:12:34.379 INFO  ExecHelper - interestingness_test /opt/reduce/cezanne_radeon_vega/syn_lock_step/variant_252.comp reduction_results/cezanne_radeon_vega/syn_lock_step/variant_252/variant_252.json
18:12:34.381 INFO  StreamGobblerLogger - stderr.env: ‘interestingness_test’: No such file or directory
18:12:34.381 INFO  ExecHelper - Result: 127
18:12:34.381 INFO  CustomFileJudge - Custom file judge result: 127
18:12:34.381 INFO  ReductionDriver - Result from initial state is not interesting (attempt 5)
18:12:34.381 INFO  ReductionDriver - Tried 5 times; stopping.
Reduction command: java -ea -cp /opt/graphicsfuzz/graphicsfuzz/target/graphicsfuzz/python/drivers/../../jar/tool-1.0.jar com.graphicsfuzz.reducer.tool.GlslReduce /opt/reduce/cezanne_radeon_vega/syn_lock_step/variant_252.json interestingness_test --output reduction_results/cezanne_radeon_vega/syn_lock_step/variant_252 /opt/reduce/cezanne_radeon_vega/syn_lock_step/variant_252.comp
