18:33:48.684 INFO  ExecHelper - /opt/graphicsfuzz/graphicsfuzz/target/graphicsfuzz/bin/Linux/glslangValidator -E --stdin -S comp
18:33:48.738 INFO  ExecHelper - Result: 0
18:33:49.011 INFO  ReductionDriver - Starting reduction for variant_480
18:33:49.092 INFO  ExecHelper - interestingness_test /opt/reduce/cezanne_radeon_vega/syn_memory_converge_atomic/variant_480.comp reduction_results/cezanne_radeon_vega/syn_memory_converge_atomic/variant_480/variant_480.json
18:33:49.094 INFO  StreamGobblerLogger - stderr.env: ‘interestingness_test’: No such file or directory
18:33:49.095 INFO  ExecHelper - Result: 127
18:33:49.095 INFO  CustomFileJudge - Custom file judge result: 127
18:33:49.095 INFO  ReductionDriver - Result from initial state is not interesting (attempt 1)
18:33:49.147 INFO  ExecHelper - interestingness_test /opt/reduce/cezanne_radeon_vega/syn_memory_converge_atomic/variant_480.comp reduction_results/cezanne_radeon_vega/syn_memory_converge_atomic/variant_480/variant_480.json
18:33:49.148 INFO  StreamGobblerLogger - stderr.env: ‘interestingness_test’: No such file or directory
18:33:49.149 INFO  ExecHelper - Result: 127
18:33:49.149 INFO  CustomFileJudge - Custom file judge result: 127
18:33:49.149 INFO  ReductionDriver - Result from initial state is not interesting (attempt 2)
18:33:49.201 INFO  ExecHelper - interestingness_test /opt/reduce/cezanne_radeon_vega/syn_memory_converge_atomic/variant_480.comp reduction_results/cezanne_radeon_vega/syn_memory_converge_atomic/variant_480/variant_480.json
18:33:49.203 INFO  StreamGobblerLogger - stderr.env: ‘interestingness_test’: No such file or directory
18:33:49.203 INFO  ExecHelper - Result: 127
18:33:49.203 INFO  CustomFileJudge - Custom file judge result: 127
18:33:49.203 INFO  ReductionDriver - Result from initial state is not interesting (attempt 3)
18:33:49.253 INFO  ExecHelper - interestingness_test /opt/reduce/cezanne_radeon_vega/syn_memory_converge_atomic/variant_480.comp reduction_results/cezanne_radeon_vega/syn_memory_converge_atomic/variant_480/variant_480.json
18:33:49.255 INFO  StreamGobblerLogger - stderr.env: ‘interestingness_test’: No such file or directory
18:33:49.255 INFO  ExecHelper - Result: 127
18:33:49.255 INFO  CustomFileJudge - Custom file judge result: 127
18:33:49.255 INFO  ReductionDriver - Result from initial state is not interesting (attempt 4)
18:33:49.304 INFO  ExecHelper - interestingness_test /opt/reduce/cezanne_radeon_vega/syn_memory_converge_atomic/variant_480.comp reduction_results/cezanne_radeon_vega/syn_memory_converge_atomic/variant_480/variant_480.json
18:33:49.306 INFO  StreamGobblerLogger - stderr.env: ‘interestingness_test’: No such file or directory
18:33:49.306 INFO  ExecHelper - Result: 127
18:33:49.306 INFO  CustomFileJudge - Custom file judge result: 127
18:33:49.307 INFO  ReductionDriver - Result from initial state is not interesting (attempt 5)
18:33:49.307 INFO  ReductionDriver - Tried 5 times; stopping.
Reduction command: java -ea -cp /opt/graphicsfuzz/graphicsfuzz/target/graphicsfuzz/python/drivers/../../jar/tool-1.0.jar com.graphicsfuzz.reducer.tool.GlslReduce /opt/reduce/cezanne_radeon_vega/syn_memory_converge_atomic/variant_480.json interestingness_test --output reduction_results/cezanne_radeon_vega/syn_memory_converge_atomic/variant_480 /opt/reduce/cezanne_radeon_vega/syn_memory_converge_atomic/variant_480.comp
