19:37:28.411 INFO  ExecHelper - /opt/graphicsfuzz/graphicsfuzz/target/graphicsfuzz/bin/Linux/glslangValidator -E --stdin -S comp
19:37:28.523 INFO  ExecHelper - Result: 0
19:37:28.860 INFO  ReductionDriver - Starting reduction for variant_799
19:37:28.871 INFO  ExecHelper - interestingness_test /opt/reduce/rtx_4070/syn_memory_converge/variant_799.comp reduction_results/rtx_4070/syn_memory_converge/variant_799/variant_799.json
19:37:28.873 INFO  StreamGobblerLogger - stderr.env: ‘interestingness_test’: No such file or directory
19:37:28.873 INFO  ExecHelper - Result: 127
19:37:28.874 INFO  CustomFileJudge - Custom file judge result: 127
19:37:28.874 INFO  ReductionDriver - Result from initial state is not interesting (attempt 1)
19:37:28.881 INFO  ExecHelper - interestingness_test /opt/reduce/rtx_4070/syn_memory_converge/variant_799.comp reduction_results/rtx_4070/syn_memory_converge/variant_799/variant_799.json
19:37:28.883 INFO  StreamGobblerLogger - stderr.env: ‘interestingness_test’: No such file or directory
19:37:28.883 INFO  ExecHelper - Result: 127
19:37:28.883 INFO  CustomFileJudge - Custom file judge result: 127
19:37:28.883 INFO  ReductionDriver - Result from initial state is not interesting (attempt 2)
19:37:28.889 INFO  ExecHelper - interestingness_test /opt/reduce/rtx_4070/syn_memory_converge/variant_799.comp reduction_results/rtx_4070/syn_memory_converge/variant_799/variant_799.json
19:37:28.890 INFO  StreamGobblerLogger - stderr.env: ‘interestingness_test’: No such file or directory
19:37:28.891 INFO  ExecHelper - Result: 127
19:37:28.891 INFO  CustomFileJudge - Custom file judge result: 127
19:37:28.891 INFO  ReductionDriver - Result from initial state is not interesting (attempt 3)
19:37:28.898 INFO  ExecHelper - interestingness_test /opt/reduce/rtx_4070/syn_memory_converge/variant_799.comp reduction_results/rtx_4070/syn_memory_converge/variant_799/variant_799.json
19:37:28.899 INFO  StreamGobblerLogger - stderr.env: ‘interestingness_test’: No such file or directory
19:37:28.899 INFO  ExecHelper - Result: 127
19:37:28.899 INFO  CustomFileJudge - Custom file judge result: 127
19:37:28.899 INFO  ReductionDriver - Result from initial state is not interesting (attempt 4)
19:37:28.904 INFO  ExecHelper - interestingness_test /opt/reduce/rtx_4070/syn_memory_converge/variant_799.comp reduction_results/rtx_4070/syn_memory_converge/variant_799/variant_799.json
19:37:28.904 INFO  StreamGobblerLogger - stderr.env: ‘interestingness_test’: No such file or directory
19:37:28.905 INFO  ExecHelper - Result: 127
19:37:28.905 INFO  CustomFileJudge - Custom file judge result: 127
19:37:28.905 INFO  ReductionDriver - Result from initial state is not interesting (attempt 5)
19:37:28.905 INFO  ReductionDriver - Tried 5 times; stopping.
Reduction command: java -ea -cp /opt/graphicsfuzz/graphicsfuzz/target/graphicsfuzz/python/drivers/../../jar/tool-1.0.jar com.graphicsfuzz.reducer.tool.GlslReduce /opt/reduce/rtx_4070/syn_memory_converge/variant_799.json interestingness_test --output reduction_results/rtx_4070/syn_memory_converge/variant_799 /opt/reduce/rtx_4070/syn_memory_converge/variant_799.comp
