19:48:07.343 INFO  ExecHelper - /opt/graphicsfuzz/graphicsfuzz/target/graphicsfuzz/bin/Linux/glslangValidator -E --stdin -S comp
19:48:07.395 INFO  ExecHelper - Result: 0
19:48:07.453 INFO  ReductionDriver - Starting reduction for variant_535
19:48:07.458 INFO  ExecHelper - interestingness_test /opt/reduce/rtx_4070/syn_memory_converge_atomic/variant_535.comp reduction_results/rtx_4070/syn_memory_converge_atomic/variant_535/variant_535.json
19:48:07.459 INFO  StreamGobblerLogger - stderr.env: ‘interestingness_test’: No such file or directory
19:48:07.460 INFO  ExecHelper - Result: 127
19:48:07.460 INFO  CustomFileJudge - Custom file judge result: 127
19:48:07.460 INFO  ReductionDriver - Result from initial state is not interesting (attempt 1)
19:48:07.461 INFO  ExecHelper - interestingness_test /opt/reduce/rtx_4070/syn_memory_converge_atomic/variant_535.comp reduction_results/rtx_4070/syn_memory_converge_atomic/variant_535/variant_535.json
19:48:07.462 INFO  StreamGobblerLogger - stderr.env: ‘interestingness_test’: No such file or directory
19:48:07.462 INFO  ExecHelper - Result: 127
19:48:07.463 INFO  CustomFileJudge - Custom file judge result: 127
19:48:07.463 INFO  ReductionDriver - Result from initial state is not interesting (attempt 2)
19:48:07.463 INFO  ExecHelper - interestingness_test /opt/reduce/rtx_4070/syn_memory_converge_atomic/variant_535.comp reduction_results/rtx_4070/syn_memory_converge_atomic/variant_535/variant_535.json
19:48:07.464 INFO  StreamGobblerLogger - stderr.env: ‘interestingness_test’: No such file or directory
19:48:07.465 INFO  ExecHelper - Result: 127
19:48:07.465 INFO  CustomFileJudge - Custom file judge result: 127
19:48:07.465 INFO  ReductionDriver - Result from initial state is not interesting (attempt 3)
19:48:07.465 INFO  ExecHelper - interestingness_test /opt/reduce/rtx_4070/syn_memory_converge_atomic/variant_535.comp reduction_results/rtx_4070/syn_memory_converge_atomic/variant_535/variant_535.json
19:48:07.466 INFO  StreamGobblerLogger - stderr.env: ‘interestingness_test’: No such file or directory
19:48:07.467 INFO  ExecHelper - Result: 127
19:48:07.467 INFO  CustomFileJudge - Custom file judge result: 127
19:48:07.467 INFO  ReductionDriver - Result from initial state is not interesting (attempt 4)
19:48:07.467 INFO  ExecHelper - interestingness_test /opt/reduce/rtx_4070/syn_memory_converge_atomic/variant_535.comp reduction_results/rtx_4070/syn_memory_converge_atomic/variant_535/variant_535.json
19:48:07.468 INFO  StreamGobblerLogger - stderr.env: ‘interestingness_test’: No such file or directory
19:48:07.469 INFO  ExecHelper - Result: 127
19:48:07.469 INFO  CustomFileJudge - Custom file judge result: 127
19:48:07.469 INFO  ReductionDriver - Result from initial state is not interesting (attempt 5)
19:48:07.469 INFO  ReductionDriver - Tried 5 times; stopping.
Reduction command: java -ea -cp /opt/graphicsfuzz/graphicsfuzz/target/graphicsfuzz/python/drivers/../../jar/tool-1.0.jar com.graphicsfuzz.reducer.tool.GlslReduce /opt/reduce/rtx_4070/syn_memory_converge_atomic/variant_535.json interestingness_test --output reduction_results/rtx_4070/syn_memory_converge_atomic/variant_535 /opt/reduce/rtx_4070/syn_memory_converge_atomic/variant_535.comp
