19:21:20.421 INFO  ExecHelper - /opt/graphicsfuzz/graphicsfuzz/target/graphicsfuzz/bin/Linux/glslangValidator -E --stdin -S comp
19:21:20.477 INFO  ExecHelper - Result: 0
19:21:22.508 INFO  ReductionDriver - Starting reduction for variant_965
19:21:22.679 INFO  ExecHelper - interestingness_test /opt/reduce/intel_iris_xe_graphics/syn_subgroup_op_relax/variant_965.comp reduction_results/intel_iris_xe_graphics/syn_subgroup_op_relax/variant_965/variant_965.json
19:21:22.680 INFO  StreamGobblerLogger - stderr.env: ‘interestingness_test’: No such file or directory
19:21:22.681 INFO  ExecHelper - Result: 127
19:21:22.681 INFO  CustomFileJudge - Custom file judge result: 127
19:21:22.681 INFO  ReductionDriver - Result from initial state is not interesting (attempt 1)
19:21:22.820 INFO  ExecHelper - interestingness_test /opt/reduce/intel_iris_xe_graphics/syn_subgroup_op_relax/variant_965.comp reduction_results/intel_iris_xe_graphics/syn_subgroup_op_relax/variant_965/variant_965.json
19:21:22.822 INFO  StreamGobblerLogger - stderr.env: ‘interestingness_test’: No such file or directory
19:21:22.823 INFO  ExecHelper - Result: 127
19:21:22.823 INFO  CustomFileJudge - Custom file judge result: 127
19:21:22.823 INFO  ReductionDriver - Result from initial state is not interesting (attempt 2)
19:21:22.954 INFO  ExecHelper - interestingness_test /opt/reduce/intel_iris_xe_graphics/syn_subgroup_op_relax/variant_965.comp reduction_results/intel_iris_xe_graphics/syn_subgroup_op_relax/variant_965/variant_965.json
19:21:22.955 INFO  StreamGobblerLogger - stderr.env: ‘interestingness_test’: No such file or directory
19:21:22.956 INFO  ExecHelper - Result: 127
19:21:22.956 INFO  CustomFileJudge - Custom file judge result: 127
19:21:22.956 INFO  ReductionDriver - Result from initial state is not interesting (attempt 3)
19:21:23.076 INFO  ExecHelper - interestingness_test /opt/reduce/intel_iris_xe_graphics/syn_subgroup_op_relax/variant_965.comp reduction_results/intel_iris_xe_graphics/syn_subgroup_op_relax/variant_965/variant_965.json
19:21:23.077 INFO  StreamGobblerLogger - stderr.env: ‘interestingness_test’: No such file or directory
19:21:23.078 INFO  ExecHelper - Result: 127
19:21:23.078 INFO  CustomFileJudge - Custom file judge result: 127
19:21:23.078 INFO  ReductionDriver - Result from initial state is not interesting (attempt 4)
19:21:23.198 INFO  ExecHelper - interestingness_test /opt/reduce/intel_iris_xe_graphics/syn_subgroup_op_relax/variant_965.comp reduction_results/intel_iris_xe_graphics/syn_subgroup_op_relax/variant_965/variant_965.json
19:21:23.200 INFO  StreamGobblerLogger - stderr.env: ‘interestingness_test’: No such file or directory
19:21:23.200 INFO  ExecHelper - Result: 127
19:21:23.200 INFO  CustomFileJudge - Custom file judge result: 127
19:21:23.200 INFO  ReductionDriver - Result from initial state is not interesting (attempt 5)
19:21:23.200 INFO  ReductionDriver - Tried 5 times; stopping.
Reduction command: java -ea -cp /opt/graphicsfuzz/graphicsfuzz/target/graphicsfuzz/python/drivers/../../jar/tool-1.0.jar com.graphicsfuzz.reducer.tool.GlslReduce /opt/reduce/intel_iris_xe_graphics/syn_subgroup_op_relax/variant_965.json interestingness_test --output reduction_results/intel_iris_xe_graphics/syn_subgroup_op_relax/variant_965 /opt/reduce/intel_iris_xe_graphics/syn_subgroup_op_relax/variant_965.comp
