19:30:25.868 INFO  ExecHelper - /opt/graphicsfuzz/graphicsfuzz/target/graphicsfuzz/bin/Linux/glslangValidator -E --stdin -S comp
19:30:25.917 INFO  ExecHelper - Result: 0
19:30:26.000 INFO  ReductionDriver - Starting reduction for variant_301
19:30:26.009 INFO  ExecHelper - interestingness_test /opt/reduce/rtx_4070/syn_memory_converge/variant_301.comp reduction_results/rtx_4070/syn_memory_converge/variant_301/variant_301.json
19:30:26.010 INFO  StreamGobblerLogger - stderr.env: ‘interestingness_test’: No such file or directory
19:30:26.010 INFO  ExecHelper - Result: 127
19:30:26.011 INFO  CustomFileJudge - Custom file judge result: 127
19:30:26.011 INFO  ReductionDriver - Result from initial state is not interesting (attempt 1)
19:30:26.013 INFO  ExecHelper - interestingness_test /opt/reduce/rtx_4070/syn_memory_converge/variant_301.comp reduction_results/rtx_4070/syn_memory_converge/variant_301/variant_301.json
19:30:26.014 INFO  StreamGobblerLogger - stderr.env: ‘interestingness_test’: No such file or directory
19:30:26.015 INFO  ExecHelper - Result: 127
19:30:26.015 INFO  CustomFileJudge - Custom file judge result: 127
19:30:26.015 INFO  ReductionDriver - Result from initial state is not interesting (attempt 2)
19:30:26.017 INFO  ExecHelper - interestingness_test /opt/reduce/rtx_4070/syn_memory_converge/variant_301.comp reduction_results/rtx_4070/syn_memory_converge/variant_301/variant_301.json
19:30:26.018 INFO  StreamGobblerLogger - stderr.env: ‘interestingness_test’: No such file or directory
19:30:26.018 INFO  ExecHelper - Result: 127
19:30:26.018 INFO  CustomFileJudge - Custom file judge result: 127
19:30:26.018 INFO  ReductionDriver - Result from initial state is not interesting (attempt 3)
19:30:26.020 INFO  ExecHelper - interestingness_test /opt/reduce/rtx_4070/syn_memory_converge/variant_301.comp reduction_results/rtx_4070/syn_memory_converge/variant_301/variant_301.json
19:30:26.021 INFO  StreamGobblerLogger - stderr.env: ‘interestingness_test’: No such file or directory
19:30:26.021 INFO  ExecHelper - Result: 127
19:30:26.021 INFO  CustomFileJudge - Custom file judge result: 127
19:30:26.021 INFO  ReductionDriver - Result from initial state is not interesting (attempt 4)
19:30:26.023 INFO  ExecHelper - interestingness_test /opt/reduce/rtx_4070/syn_memory_converge/variant_301.comp reduction_results/rtx_4070/syn_memory_converge/variant_301/variant_301.json
19:30:26.025 INFO  StreamGobblerLogger - stderr.env: ‘interestingness_test’: No such file or directory
19:30:26.025 INFO  ExecHelper - Result: 127
19:30:26.025 INFO  CustomFileJudge - Custom file judge result: 127
19:30:26.025 INFO  ReductionDriver - Result from initial state is not interesting (attempt 5)
19:30:26.025 INFO  ReductionDriver - Tried 5 times; stopping.
Reduction command: java -ea -cp /opt/graphicsfuzz/graphicsfuzz/target/graphicsfuzz/python/drivers/../../jar/tool-1.0.jar com.graphicsfuzz.reducer.tool.GlslReduce /opt/reduce/rtx_4070/syn_memory_converge/variant_301.json interestingness_test --output reduction_results/rtx_4070/syn_memory_converge/variant_301 /opt/reduce/rtx_4070/syn_memory_converge/variant_301.comp
