19:51:18.074 INFO  ExecHelper - /opt/graphicsfuzz/graphicsfuzz/target/graphicsfuzz/bin/Linux/glslangValidator -E --stdin -S comp
19:51:18.133 INFO  ExecHelper - Result: 0
19:51:18.474 INFO  ReductionDriver - Starting reduction for variant_743
19:51:18.590 INFO  ExecHelper - interestingness_test /opt/reduce/rtx_4070/syn_memory_converge_atomic/variant_743.comp reduction_results/rtx_4070/syn_memory_converge_atomic/variant_743/variant_743.json
19:51:18.592 INFO  StreamGobblerLogger - stderr.env: ‘interestingness_test’: No such file or directory
19:51:18.593 INFO  ExecHelper - Result: 127
19:51:18.593 INFO  CustomFileJudge - Custom file judge result: 127
19:51:18.593 INFO  ReductionDriver - Result from initial state is not interesting (attempt 1)
19:51:18.698 INFO  ExecHelper - interestingness_test /opt/reduce/rtx_4070/syn_memory_converge_atomic/variant_743.comp reduction_results/rtx_4070/syn_memory_converge_atomic/variant_743/variant_743.json
19:51:18.699 INFO  StreamGobblerLogger - stderr.env: ‘interestingness_test’: No such file or directory
19:51:18.699 INFO  ExecHelper - Result: 127
19:51:18.700 INFO  CustomFileJudge - Custom file judge result: 127
19:51:18.700 INFO  ReductionDriver - Result from initial state is not interesting (attempt 2)
19:51:18.797 INFO  ExecHelper - interestingness_test /opt/reduce/rtx_4070/syn_memory_converge_atomic/variant_743.comp reduction_results/rtx_4070/syn_memory_converge_atomic/variant_743/variant_743.json
19:51:18.799 INFO  StreamGobblerLogger - stderr.env: ‘interestingness_test’: No such file or directory
19:51:18.800 INFO  ExecHelper - Result: 127
19:51:18.800 INFO  CustomFileJudge - Custom file judge result: 127
19:51:18.800 INFO  ReductionDriver - Result from initial state is not interesting (attempt 3)
19:51:18.892 INFO  ExecHelper - interestingness_test /opt/reduce/rtx_4070/syn_memory_converge_atomic/variant_743.comp reduction_results/rtx_4070/syn_memory_converge_atomic/variant_743/variant_743.json
19:51:18.893 INFO  StreamGobblerLogger - stderr.env: ‘interestingness_test’: No such file or directory
19:51:18.894 INFO  ExecHelper - Result: 127
19:51:18.894 INFO  CustomFileJudge - Custom file judge result: 127
19:51:18.894 INFO  ReductionDriver - Result from initial state is not interesting (attempt 4)
19:51:18.996 INFO  ExecHelper - interestingness_test /opt/reduce/rtx_4070/syn_memory_converge_atomic/variant_743.comp reduction_results/rtx_4070/syn_memory_converge_atomic/variant_743/variant_743.json
19:51:18.998 INFO  StreamGobblerLogger - stderr.env: ‘interestingness_test’: No such file or directory
19:51:18.999 INFO  ExecHelper - Result: 127
19:51:18.999 INFO  CustomFileJudge - Custom file judge result: 127
19:51:18.999 INFO  ReductionDriver - Result from initial state is not interesting (attempt 5)
19:51:18.999 INFO  ReductionDriver - Tried 5 times; stopping.
Reduction command: java -ea -cp /opt/graphicsfuzz/graphicsfuzz/target/graphicsfuzz/python/drivers/../../jar/tool-1.0.jar com.graphicsfuzz.reducer.tool.GlslReduce /opt/reduce/rtx_4070/syn_memory_converge_atomic/variant_743.json interestingness_test --output reduction_results/rtx_4070/syn_memory_converge_atomic/variant_743 /opt/reduce/rtx_4070/syn_memory_converge_atomic/variant_743.comp
