18:17:15.132 INFO  ExecHelper - /opt/graphicsfuzz/graphicsfuzz/target/graphicsfuzz/bin/Linux/glslangValidator -E --stdin -S comp
18:17:15.182 INFO  ExecHelper - Result: 0
18:17:15.439 INFO  ReductionDriver - Starting reduction for variant_265
18:17:15.501 INFO  ExecHelper - interestingness_test /opt/reduce/cezanne_radeon_vega/syn_memory_converge/variant_265.comp reduction_results/cezanne_radeon_vega/syn_memory_converge/variant_265/variant_265.json
18:17:15.503 INFO  StreamGobblerLogger - stderr.env: ‘interestingness_test’: No such file or directory
18:17:15.504 INFO  ExecHelper - Result: 127
18:17:15.504 INFO  CustomFileJudge - Custom file judge result: 127
18:17:15.504 INFO  ReductionDriver - Result from initial state is not interesting (attempt 1)
18:17:15.555 INFO  ExecHelper - interestingness_test /opt/reduce/cezanne_radeon_vega/syn_memory_converge/variant_265.comp reduction_results/cezanne_radeon_vega/syn_memory_converge/variant_265/variant_265.json
18:17:15.556 INFO  StreamGobblerLogger - stderr.env: ‘interestingness_test’: No such file or directory
18:17:15.556 INFO  ExecHelper - Result: 127
18:17:15.557 INFO  CustomFileJudge - Custom file judge result: 127
18:17:15.557 INFO  ReductionDriver - Result from initial state is not interesting (attempt 2)
18:17:15.597 INFO  ExecHelper - interestingness_test /opt/reduce/cezanne_radeon_vega/syn_memory_converge/variant_265.comp reduction_results/cezanne_radeon_vega/syn_memory_converge/variant_265/variant_265.json
18:17:15.598 INFO  StreamGobblerLogger - stderr.env: ‘interestingness_test’: No such file or directory
18:17:15.599 INFO  ExecHelper - Result: 127
18:17:15.599 INFO  CustomFileJudge - Custom file judge result: 127
18:17:15.599 INFO  ReductionDriver - Result from initial state is not interesting (attempt 3)
18:17:15.643 INFO  ExecHelper - interestingness_test /opt/reduce/cezanne_radeon_vega/syn_memory_converge/variant_265.comp reduction_results/cezanne_radeon_vega/syn_memory_converge/variant_265/variant_265.json
18:17:15.644 INFO  StreamGobblerLogger - stderr.env: ‘interestingness_test’: No such file or directory
18:17:15.645 INFO  ExecHelper - Result: 127
18:17:15.645 INFO  CustomFileJudge - Custom file judge result: 127
18:17:15.645 INFO  ReductionDriver - Result from initial state is not interesting (attempt 4)
18:17:15.679 INFO  ExecHelper - interestingness_test /opt/reduce/cezanne_radeon_vega/syn_memory_converge/variant_265.comp reduction_results/cezanne_radeon_vega/syn_memory_converge/variant_265/variant_265.json
18:17:15.681 INFO  StreamGobblerLogger - stderr.env: ‘interestingness_test’: No such file or directory
18:17:15.681 INFO  ExecHelper - Result: 127
18:17:15.681 INFO  CustomFileJudge - Custom file judge result: 127
18:17:15.681 INFO  ReductionDriver - Result from initial state is not interesting (attempt 5)
18:17:15.681 INFO  ReductionDriver - Tried 5 times; stopping.
Reduction command: java -ea -cp /opt/graphicsfuzz/graphicsfuzz/target/graphicsfuzz/python/drivers/../../jar/tool-1.0.jar com.graphicsfuzz.reducer.tool.GlslReduce /opt/reduce/cezanne_radeon_vega/syn_memory_converge/variant_265.json interestingness_test --output reduction_results/cezanne_radeon_vega/syn_memory_converge/variant_265 /opt/reduce/cezanne_radeon_vega/syn_memory_converge/variant_265.comp
