19:27:12.517 INFO  ExecHelper - /opt/graphicsfuzz/graphicsfuzz/target/graphicsfuzz/bin/Linux/glslangValidator -E --stdin -S comp
19:27:12.578 INFO  ExecHelper - Result: 0
19:27:12.668 INFO  ReductionDriver - Starting reduction for variant_076
19:27:12.678 INFO  ExecHelper - interestingness_test /opt/reduce/rtx_4070/syn_memory_converge/variant_076.comp reduction_results/rtx_4070/syn_memory_converge/variant_076/variant_076.json
19:27:12.679 INFO  StreamGobblerLogger - stderr.env: ‘interestingness_test’: No such file or directory
19:27:12.680 INFO  ExecHelper - Result: 127
19:27:12.680 INFO  CustomFileJudge - Custom file judge result: 127
19:27:12.680 INFO  ReductionDriver - Result from initial state is not interesting (attempt 1)
19:27:12.682 INFO  ExecHelper - interestingness_test /opt/reduce/rtx_4070/syn_memory_converge/variant_076.comp reduction_results/rtx_4070/syn_memory_converge/variant_076/variant_076.json
19:27:12.683 INFO  StreamGobblerLogger - stderr.env: ‘interestingness_test’: No such file or directory
19:27:12.684 INFO  ExecHelper - Result: 127
19:27:12.684 INFO  CustomFileJudge - Custom file judge result: 127
19:27:12.684 INFO  ReductionDriver - Result from initial state is not interesting (attempt 2)
19:27:12.686 INFO  ExecHelper - interestingness_test /opt/reduce/rtx_4070/syn_memory_converge/variant_076.comp reduction_results/rtx_4070/syn_memory_converge/variant_076/variant_076.json
19:27:12.687 INFO  StreamGobblerLogger - stderr.env: ‘interestingness_test’: No such file or directory
19:27:12.687 INFO  ExecHelper - Result: 127
19:27:12.687 INFO  CustomFileJudge - Custom file judge result: 127
19:27:12.687 INFO  ReductionDriver - Result from initial state is not interesting (attempt 3)
19:27:12.689 INFO  ExecHelper - interestingness_test /opt/reduce/rtx_4070/syn_memory_converge/variant_076.comp reduction_results/rtx_4070/syn_memory_converge/variant_076/variant_076.json
19:27:12.690 INFO  StreamGobblerLogger - stderr.env: ‘interestingness_test’: No such file or directory
19:27:12.690 INFO  ExecHelper - Result: 127
19:27:12.691 INFO  CustomFileJudge - Custom file judge result: 127
19:27:12.691 INFO  ReductionDriver - Result from initial state is not interesting (attempt 4)
19:27:12.692 INFO  ExecHelper - interestingness_test /opt/reduce/rtx_4070/syn_memory_converge/variant_076.comp reduction_results/rtx_4070/syn_memory_converge/variant_076/variant_076.json
19:27:12.693 INFO  StreamGobblerLogger - stderr.env: ‘interestingness_test’: No such file or directory
19:27:12.694 INFO  ExecHelper - Result: 127
19:27:12.694 INFO  CustomFileJudge - Custom file judge result: 127
19:27:12.694 INFO  ReductionDriver - Result from initial state is not interesting (attempt 5)
19:27:12.694 INFO  ReductionDriver - Tried 5 times; stopping.
Reduction command: java -ea -cp /opt/graphicsfuzz/graphicsfuzz/target/graphicsfuzz/python/drivers/../../jar/tool-1.0.jar com.graphicsfuzz.reducer.tool.GlslReduce /opt/reduce/rtx_4070/syn_memory_converge/variant_076.json interestingness_test --output reduction_results/rtx_4070/syn_memory_converge/variant_076 /opt/reduce/rtx_4070/syn_memory_converge/variant_076.comp
