19:35:55.184 INFO  ExecHelper - /opt/graphicsfuzz/graphicsfuzz/target/graphicsfuzz/bin/Linux/glslangValidator -E --stdin -S comp
19:35:55.230 INFO  ExecHelper - Result: 0
19:35:55.322 INFO  ReductionDriver - Starting reduction for variant_685
19:35:55.332 INFO  ExecHelper - interestingness_test /opt/reduce/rtx_4070/syn_memory_converge/variant_685.comp reduction_results/rtx_4070/syn_memory_converge/variant_685/variant_685.json
19:35:55.334 INFO  StreamGobblerLogger - stderr.env: ‘interestingness_test’: No such file or directory
19:35:55.334 INFO  ExecHelper - Result: 127
19:35:55.334 INFO  CustomFileJudge - Custom file judge result: 127
19:35:55.334 INFO  ReductionDriver - Result from initial state is not interesting (attempt 1)
19:35:55.336 INFO  ExecHelper - interestingness_test /opt/reduce/rtx_4070/syn_memory_converge/variant_685.comp reduction_results/rtx_4070/syn_memory_converge/variant_685/variant_685.json
19:35:55.337 INFO  StreamGobblerLogger - stderr.env: ‘interestingness_test’: No such file or directory
19:35:55.338 INFO  ExecHelper - Result: 127
19:35:55.338 INFO  CustomFileJudge - Custom file judge result: 127
19:35:55.338 INFO  ReductionDriver - Result from initial state is not interesting (attempt 2)
19:35:55.340 INFO  ExecHelper - interestingness_test /opt/reduce/rtx_4070/syn_memory_converge/variant_685.comp reduction_results/rtx_4070/syn_memory_converge/variant_685/variant_685.json
19:35:55.341 INFO  StreamGobblerLogger - stderr.env: ‘interestingness_test’: No such file or directory
19:35:55.341 INFO  ExecHelper - Result: 127
19:35:55.341 INFO  CustomFileJudge - Custom file judge result: 127
19:35:55.341 INFO  ReductionDriver - Result from initial state is not interesting (attempt 3)
19:35:55.343 INFO  ExecHelper - interestingness_test /opt/reduce/rtx_4070/syn_memory_converge/variant_685.comp reduction_results/rtx_4070/syn_memory_converge/variant_685/variant_685.json
19:35:55.344 INFO  StreamGobblerLogger - stderr.env: ‘interestingness_test’: No such file or directory
19:35:55.344 INFO  ExecHelper - Result: 127
19:35:55.344 INFO  CustomFileJudge - Custom file judge result: 127
19:35:55.345 INFO  ReductionDriver - Result from initial state is not interesting (attempt 4)
19:35:55.347 INFO  ExecHelper - interestingness_test /opt/reduce/rtx_4070/syn_memory_converge/variant_685.comp reduction_results/rtx_4070/syn_memory_converge/variant_685/variant_685.json
19:35:55.348 INFO  StreamGobblerLogger - stderr.env: ‘interestingness_test’: No such file or directory
19:35:55.348 INFO  ExecHelper - Result: 127
19:35:55.348 INFO  CustomFileJudge - Custom file judge result: 127
19:35:55.348 INFO  ReductionDriver - Result from initial state is not interesting (attempt 5)
19:35:55.348 INFO  ReductionDriver - Tried 5 times; stopping.
Reduction command: java -ea -cp /opt/graphicsfuzz/graphicsfuzz/target/graphicsfuzz/python/drivers/../../jar/tool-1.0.jar com.graphicsfuzz.reducer.tool.GlslReduce /opt/reduce/rtx_4070/syn_memory_converge/variant_685.json interestingness_test --output reduction_results/rtx_4070/syn_memory_converge/variant_685 /opt/reduce/rtx_4070/syn_memory_converge/variant_685.comp
