18:24:39.718 INFO  ExecHelper - /opt/graphicsfuzz/graphicsfuzz/target/graphicsfuzz/bin/Linux/glslangValidator -E --stdin -S comp
18:24:39.774 INFO  ExecHelper - Result: 0
18:24:40.036 INFO  ReductionDriver - Starting reduction for variant_807
18:24:40.115 INFO  ExecHelper - interestingness_test /opt/reduce/cezanne_radeon_vega/syn_memory_converge/variant_807.comp reduction_results/cezanne_radeon_vega/syn_memory_converge/variant_807/variant_807.json
18:24:40.117 INFO  StreamGobblerLogger - stderr.env: ‘interestingness_test’: No such file or directory
18:24:40.117 INFO  ExecHelper - Result: 127
18:24:40.117 INFO  CustomFileJudge - Custom file judge result: 127
18:24:40.117 INFO  ReductionDriver - Result from initial state is not interesting (attempt 1)
18:24:40.186 INFO  ExecHelper - interestingness_test /opt/reduce/cezanne_radeon_vega/syn_memory_converge/variant_807.comp reduction_results/cezanne_radeon_vega/syn_memory_converge/variant_807/variant_807.json
18:24:40.188 INFO  StreamGobblerLogger - stderr.env: ‘interestingness_test’: No such file or directory
18:24:40.189 INFO  ExecHelper - Result: 127
18:24:40.189 INFO  CustomFileJudge - Custom file judge result: 127
18:24:40.189 INFO  ReductionDriver - Result from initial state is not interesting (attempt 2)
18:24:40.252 INFO  ExecHelper - interestingness_test /opt/reduce/cezanne_radeon_vega/syn_memory_converge/variant_807.comp reduction_results/cezanne_radeon_vega/syn_memory_converge/variant_807/variant_807.json
18:24:40.253 INFO  StreamGobblerLogger - stderr.env: ‘interestingness_test’: No such file or directory
18:24:40.254 INFO  ExecHelper - Result: 127
18:24:40.254 INFO  CustomFileJudge - Custom file judge result: 127
18:24:40.254 INFO  ReductionDriver - Result from initial state is not interesting (attempt 3)
18:24:40.315 INFO  ExecHelper - interestingness_test /opt/reduce/cezanne_radeon_vega/syn_memory_converge/variant_807.comp reduction_results/cezanne_radeon_vega/syn_memory_converge/variant_807/variant_807.json
18:24:40.317 INFO  StreamGobblerLogger - stderr.env: ‘interestingness_test’: No such file or directory
18:24:40.318 INFO  ExecHelper - Result: 127
18:24:40.318 INFO  CustomFileJudge - Custom file judge result: 127
18:24:40.318 INFO  ReductionDriver - Result from initial state is not interesting (attempt 4)
18:24:40.377 INFO  ExecHelper - interestingness_test /opt/reduce/cezanne_radeon_vega/syn_memory_converge/variant_807.comp reduction_results/cezanne_radeon_vega/syn_memory_converge/variant_807/variant_807.json
18:24:40.379 INFO  StreamGobblerLogger - stderr.env: ‘interestingness_test’: No such file or directory
18:24:40.379 INFO  ExecHelper - Result: 127
18:24:40.379 INFO  CustomFileJudge - Custom file judge result: 127
18:24:40.379 INFO  ReductionDriver - Result from initial state is not interesting (attempt 5)
18:24:40.379 INFO  ReductionDriver - Tried 5 times; stopping.
Reduction command: java -ea -cp /opt/graphicsfuzz/graphicsfuzz/target/graphicsfuzz/python/drivers/../../jar/tool-1.0.jar com.graphicsfuzz.reducer.tool.GlslReduce /opt/reduce/cezanne_radeon_vega/syn_memory_converge/variant_807.json interestingness_test --output reduction_results/cezanne_radeon_vega/syn_memory_converge/variant_807 /opt/reduce/cezanne_radeon_vega/syn_memory_converge/variant_807.comp
