18:32:05.436 INFO  ExecHelper - /opt/graphicsfuzz/graphicsfuzz/target/graphicsfuzz/bin/Linux/glslangValidator -E --stdin -S comp
18:32:05.489 INFO  ExecHelper - Result: 0
18:32:05.816 INFO  ReductionDriver - Starting reduction for variant_347
18:32:05.888 INFO  ExecHelper - interestingness_test /opt/reduce/cezanne_radeon_vega/syn_memory_converge_atomic/variant_347.comp reduction_results/cezanne_radeon_vega/syn_memory_converge_atomic/variant_347/variant_347.json
18:32:05.890 INFO  StreamGobblerLogger - stderr.env: ‘interestingness_test’: No such file or directory
18:32:05.890 INFO  ExecHelper - Result: 127
18:32:05.891 INFO  CustomFileJudge - Custom file judge result: 127
18:32:05.891 INFO  ReductionDriver - Result from initial state is not interesting (attempt 1)
18:32:05.957 INFO  ExecHelper - interestingness_test /opt/reduce/cezanne_radeon_vega/syn_memory_converge_atomic/variant_347.comp reduction_results/cezanne_radeon_vega/syn_memory_converge_atomic/variant_347/variant_347.json
18:32:05.958 INFO  StreamGobblerLogger - stderr.env: ‘interestingness_test’: No such file or directory
18:32:05.958 INFO  ExecHelper - Result: 127
18:32:05.959 INFO  CustomFileJudge - Custom file judge result: 127
18:32:05.959 INFO  ReductionDriver - Result from initial state is not interesting (attempt 2)
18:32:06.019 INFO  ExecHelper - interestingness_test /opt/reduce/cezanne_radeon_vega/syn_memory_converge_atomic/variant_347.comp reduction_results/cezanne_radeon_vega/syn_memory_converge_atomic/variant_347/variant_347.json
18:32:06.021 INFO  StreamGobblerLogger - stderr.env: ‘interestingness_test’: No such file or directory
18:32:06.021 INFO  ExecHelper - Result: 127
18:32:06.021 INFO  CustomFileJudge - Custom file judge result: 127
18:32:06.021 INFO  ReductionDriver - Result from initial state is not interesting (attempt 3)
18:32:06.077 INFO  ExecHelper - interestingness_test /opt/reduce/cezanne_radeon_vega/syn_memory_converge_atomic/variant_347.comp reduction_results/cezanne_radeon_vega/syn_memory_converge_atomic/variant_347/variant_347.json
18:32:06.079 INFO  StreamGobblerLogger - stderr.env: ‘interestingness_test’: No such file or directory
18:32:06.079 INFO  ExecHelper - Result: 127
18:32:06.079 INFO  CustomFileJudge - Custom file judge result: 127
18:32:06.079 INFO  ReductionDriver - Result from initial state is not interesting (attempt 4)
18:32:06.136 INFO  ExecHelper - interestingness_test /opt/reduce/cezanne_radeon_vega/syn_memory_converge_atomic/variant_347.comp reduction_results/cezanne_radeon_vega/syn_memory_converge_atomic/variant_347/variant_347.json
18:32:06.137 INFO  StreamGobblerLogger - stderr.env: ‘interestingness_test’: No such file or directory
18:32:06.138 INFO  ExecHelper - Result: 127
18:32:06.138 INFO  CustomFileJudge - Custom file judge result: 127
18:32:06.138 INFO  ReductionDriver - Result from initial state is not interesting (attempt 5)
18:32:06.138 INFO  ReductionDriver - Tried 5 times; stopping.
Reduction command: java -ea -cp /opt/graphicsfuzz/graphicsfuzz/target/graphicsfuzz/python/drivers/../../jar/tool-1.0.jar com.graphicsfuzz.reducer.tool.GlslReduce /opt/reduce/cezanne_radeon_vega/syn_memory_converge_atomic/variant_347.json interestingness_test --output reduction_results/cezanne_radeon_vega/syn_memory_converge_atomic/variant_347 /opt/reduce/cezanne_radeon_vega/syn_memory_converge_atomic/variant_347.comp
