19:49:31.640 INFO  ExecHelper - /opt/graphicsfuzz/graphicsfuzz/target/graphicsfuzz/bin/Linux/glslangValidator -E --stdin -S comp
19:49:31.693 INFO  ExecHelper - Result: 0
19:49:32.023 INFO  ReductionDriver - Starting reduction for variant_639
19:49:32.092 INFO  ExecHelper - interestingness_test /opt/reduce/rtx_4070/syn_memory_converge_atomic/variant_639.comp reduction_results/rtx_4070/syn_memory_converge_atomic/variant_639/variant_639.json
19:49:32.094 INFO  StreamGobblerLogger - stderr.env: ‘interestingness_test’: No such file or directory
19:49:32.094 INFO  ExecHelper - Result: 127
19:49:32.094 INFO  CustomFileJudge - Custom file judge result: 127
19:49:32.094 INFO  ReductionDriver - Result from initial state is not interesting (attempt 1)
19:49:32.149 INFO  ExecHelper - interestingness_test /opt/reduce/rtx_4070/syn_memory_converge_atomic/variant_639.comp reduction_results/rtx_4070/syn_memory_converge_atomic/variant_639/variant_639.json
19:49:32.150 INFO  StreamGobblerLogger - stderr.env: ‘interestingness_test’: No such file or directory
19:49:32.151 INFO  ExecHelper - Result: 127
19:49:32.151 INFO  CustomFileJudge - Custom file judge result: 127
19:49:32.151 INFO  ReductionDriver - Result from initial state is not interesting (attempt 2)
19:49:32.202 INFO  ExecHelper - interestingness_test /opt/reduce/rtx_4070/syn_memory_converge_atomic/variant_639.comp reduction_results/rtx_4070/syn_memory_converge_atomic/variant_639/variant_639.json
19:49:32.204 INFO  StreamGobblerLogger - stderr.env: ‘interestingness_test’: No such file or directory
19:49:32.204 INFO  ExecHelper - Result: 127
19:49:32.204 INFO  CustomFileJudge - Custom file judge result: 127
19:49:32.204 INFO  ReductionDriver - Result from initial state is not interesting (attempt 3)
19:49:32.256 INFO  ExecHelper - interestingness_test /opt/reduce/rtx_4070/syn_memory_converge_atomic/variant_639.comp reduction_results/rtx_4070/syn_memory_converge_atomic/variant_639/variant_639.json
19:49:32.257 INFO  StreamGobblerLogger - stderr.env: ‘interestingness_test’: No such file or directory
19:49:32.258 INFO  ExecHelper - Result: 127
19:49:32.258 INFO  CustomFileJudge - Custom file judge result: 127
19:49:32.258 INFO  ReductionDriver - Result from initial state is not interesting (attempt 4)
19:49:32.309 INFO  ExecHelper - interestingness_test /opt/reduce/rtx_4070/syn_memory_converge_atomic/variant_639.comp reduction_results/rtx_4070/syn_memory_converge_atomic/variant_639/variant_639.json
19:49:32.310 INFO  StreamGobblerLogger - stderr.env: ‘interestingness_test’: No such file or directory
19:49:32.310 INFO  ExecHelper - Result: 127
19:49:32.310 INFO  CustomFileJudge - Custom file judge result: 127
19:49:32.311 INFO  ReductionDriver - Result from initial state is not interesting (attempt 5)
19:49:32.311 INFO  ReductionDriver - Tried 5 times; stopping.
Reduction command: java -ea -cp /opt/graphicsfuzz/graphicsfuzz/target/graphicsfuzz/python/drivers/../../jar/tool-1.0.jar com.graphicsfuzz.reducer.tool.GlslReduce /opt/reduce/rtx_4070/syn_memory_converge_atomic/variant_639.json interestingness_test --output reduction_results/rtx_4070/syn_memory_converge_atomic/variant_639 /opt/reduce/rtx_4070/syn_memory_converge_atomic/variant_639.comp
