19:52:40.136 INFO  ExecHelper - /opt/graphicsfuzz/graphicsfuzz/target/graphicsfuzz/bin/Linux/glslangValidator -E --stdin -S comp
19:52:40.184 INFO  ExecHelper - Result: 0
19:52:40.245 INFO  ReductionDriver - Starting reduction for variant_833
19:52:40.251 INFO  ExecHelper - interestingness_test /opt/reduce/rtx_4070/syn_memory_converge_atomic/variant_833.comp reduction_results/rtx_4070/syn_memory_converge_atomic/variant_833/variant_833.json
19:52:40.252 INFO  StreamGobblerLogger - stderr.env: ‘interestingness_test’: No such file or directory
19:52:40.253 INFO  ExecHelper - Result: 127
19:52:40.253 INFO  CustomFileJudge - Custom file judge result: 127
19:52:40.253 INFO  ReductionDriver - Result from initial state is not interesting (attempt 1)
19:52:40.254 INFO  ExecHelper - interestingness_test /opt/reduce/rtx_4070/syn_memory_converge_atomic/variant_833.comp reduction_results/rtx_4070/syn_memory_converge_atomic/variant_833/variant_833.json
19:52:40.255 INFO  StreamGobblerLogger - stderr.env: ‘interestingness_test’: No such file or directory
19:52:40.256 INFO  ExecHelper - Result: 127
19:52:40.256 INFO  CustomFileJudge - Custom file judge result: 127
19:52:40.256 INFO  ReductionDriver - Result from initial state is not interesting (attempt 2)
19:52:40.258 INFO  ExecHelper - interestingness_test /opt/reduce/rtx_4070/syn_memory_converge_atomic/variant_833.comp reduction_results/rtx_4070/syn_memory_converge_atomic/variant_833/variant_833.json
19:52:40.259 INFO  StreamGobblerLogger - stderr.env: ‘interestingness_test’: No such file or directory
19:52:40.259 INFO  ExecHelper - Result: 127
19:52:40.259 INFO  CustomFileJudge - Custom file judge result: 127
19:52:40.259 INFO  ReductionDriver - Result from initial state is not interesting (attempt 3)
19:52:40.261 INFO  ExecHelper - interestingness_test /opt/reduce/rtx_4070/syn_memory_converge_atomic/variant_833.comp reduction_results/rtx_4070/syn_memory_converge_atomic/variant_833/variant_833.json
19:52:40.262 INFO  StreamGobblerLogger - stderr.env: ‘interestingness_test’: No such file or directory
19:52:40.262 INFO  ExecHelper - Result: 127
19:52:40.262 INFO  CustomFileJudge - Custom file judge result: 127
19:52:40.262 INFO  ReductionDriver - Result from initial state is not interesting (attempt 4)
19:52:40.263 INFO  ExecHelper - interestingness_test /opt/reduce/rtx_4070/syn_memory_converge_atomic/variant_833.comp reduction_results/rtx_4070/syn_memory_converge_atomic/variant_833/variant_833.json
19:52:40.264 INFO  StreamGobblerLogger - stderr.env: ‘interestingness_test’: No such file or directory
19:52:40.265 INFO  ExecHelper - Result: 127
19:52:40.265 INFO  CustomFileJudge - Custom file judge result: 127
19:52:40.265 INFO  ReductionDriver - Result from initial state is not interesting (attempt 5)
19:52:40.265 INFO  ReductionDriver - Tried 5 times; stopping.
Reduction command: java -ea -cp /opt/graphicsfuzz/graphicsfuzz/target/graphicsfuzz/python/drivers/../../jar/tool-1.0.jar com.graphicsfuzz.reducer.tool.GlslReduce /opt/reduce/rtx_4070/syn_memory_converge_atomic/variant_833.json interestingness_test --output reduction_results/rtx_4070/syn_memory_converge_atomic/variant_833 /opt/reduce/rtx_4070/syn_memory_converge_atomic/variant_833.comp
