19:06:26.325 INFO  ExecHelper - /opt/graphicsfuzz/graphicsfuzz/target/graphicsfuzz/bin/Linux/glslangValidator -E --stdin -S comp
19:06:26.522 INFO  ExecHelper - Result: 0
19:06:27.488 INFO  ReductionDriver - Starting reduction for variant_163
19:06:27.505 INFO  ExecHelper - interestingness_test /opt/reduce/intel_iris_xe_graphics/syn_memory_converge_atomic/variant_163.comp reduction_results/intel_iris_xe_graphics/syn_memory_converge_atomic/variant_163/variant_163.json
19:06:27.506 INFO  StreamGobblerLogger - stderr.env: ‘interestingness_test’: No such file or directory
19:06:27.506 INFO  ExecHelper - Result: 127
19:06:27.506 INFO  CustomFileJudge - Custom file judge result: 127
19:06:27.506 INFO  ReductionDriver - Result from initial state is not interesting (attempt 1)
19:06:27.513 INFO  ExecHelper - interestingness_test /opt/reduce/intel_iris_xe_graphics/syn_memory_converge_atomic/variant_163.comp reduction_results/intel_iris_xe_graphics/syn_memory_converge_atomic/variant_163/variant_163.json
19:06:27.529 INFO  StreamGobblerLogger - stderr.env: ‘interestingness_test’: No such file or directory
19:06:27.529 INFO  ExecHelper - Result: 127
19:06:27.529 INFO  CustomFileJudge - Custom file judge result: 127
19:06:27.529 INFO  ReductionDriver - Result from initial state is not interesting (attempt 2)
19:06:27.539 INFO  ExecHelper - interestingness_test /opt/reduce/intel_iris_xe_graphics/syn_memory_converge_atomic/variant_163.comp reduction_results/intel_iris_xe_graphics/syn_memory_converge_atomic/variant_163/variant_163.json
19:06:27.540 INFO  StreamGobblerLogger - stderr.env: ‘interestingness_test’: No such file or directory
19:06:27.540 INFO  ExecHelper - Result: 127
19:06:27.541 INFO  CustomFileJudge - Custom file judge result: 127
19:06:27.541 INFO  ReductionDriver - Result from initial state is not interesting (attempt 3)
19:06:27.548 INFO  ExecHelper - interestingness_test /opt/reduce/intel_iris_xe_graphics/syn_memory_converge_atomic/variant_163.comp reduction_results/intel_iris_xe_graphics/syn_memory_converge_atomic/variant_163/variant_163.json
19:06:27.549 INFO  StreamGobblerLogger - stderr.env: ‘interestingness_test’: No such file or directory
19:06:27.550 INFO  ExecHelper - Result: 127
19:06:27.550 INFO  CustomFileJudge - Custom file judge result: 127
19:06:27.550 INFO  ReductionDriver - Result from initial state is not interesting (attempt 4)
19:06:27.555 INFO  ExecHelper - interestingness_test /opt/reduce/intel_iris_xe_graphics/syn_memory_converge_atomic/variant_163.comp reduction_results/intel_iris_xe_graphics/syn_memory_converge_atomic/variant_163/variant_163.json
19:06:27.556 INFO  StreamGobblerLogger - stderr.env: ‘interestingness_test’: No such file or directory
19:06:27.557 INFO  ExecHelper - Result: 127
19:06:27.557 INFO  CustomFileJudge - Custom file judge result: 127
19:06:27.557 INFO  ReductionDriver - Result from initial state is not interesting (attempt 5)
19:06:27.557 INFO  ReductionDriver - Tried 5 times; stopping.
Reduction command: java -ea -cp /opt/graphicsfuzz/graphicsfuzz/target/graphicsfuzz/python/drivers/../../jar/tool-1.0.jar com.graphicsfuzz.reducer.tool.GlslReduce /opt/reduce/intel_iris_xe_graphics/syn_memory_converge_atomic/variant_163.json interestingness_test --output reduction_results/intel_iris_xe_graphics/syn_memory_converge_atomic/variant_163 /opt/reduce/intel_iris_xe_graphics/syn_memory_converge_atomic/variant_163.comp
