19:56:22.108 INFO  ExecHelper - /opt/graphicsfuzz/graphicsfuzz/target/graphicsfuzz/bin/Linux/glslangValidator -E --stdin -S comp
19:56:22.246 INFO  ExecHelper - Result: 0
19:56:23.769 INFO  ReductionDriver - Starting reduction for variant_180
19:56:23.802 INFO  ExecHelper - interestingness_test /opt/reduce/rtx_4070/syn_subgroup_op_release/variant_180.comp reduction_results/rtx_4070/syn_subgroup_op_release/variant_180/variant_180.json
19:56:23.804 INFO  StreamGobblerLogger - stderr.env: ‘interestingness_test’: No such file or directory
19:56:23.804 INFO  ExecHelper - Result: 127
19:56:23.804 INFO  CustomFileJudge - Custom file judge result: 127
19:56:23.804 INFO  ReductionDriver - Result from initial state is not interesting (attempt 1)
19:56:23.825 INFO  ExecHelper - interestingness_test /opt/reduce/rtx_4070/syn_subgroup_op_release/variant_180.comp reduction_results/rtx_4070/syn_subgroup_op_release/variant_180/variant_180.json
19:56:23.826 INFO  StreamGobblerLogger - stderr.env: ‘interestingness_test’: No such file or directory
19:56:23.826 INFO  ExecHelper - Result: 127
19:56:23.827 INFO  CustomFileJudge - Custom file judge result: 127
19:56:23.827 INFO  ReductionDriver - Result from initial state is not interesting (attempt 2)
19:56:23.845 INFO  ExecHelper - interestingness_test /opt/reduce/rtx_4070/syn_subgroup_op_release/variant_180.comp reduction_results/rtx_4070/syn_subgroup_op_release/variant_180/variant_180.json
19:56:23.847 INFO  StreamGobblerLogger - stderr.env: ‘interestingness_test’: No such file or directory
19:56:23.847 INFO  ExecHelper - Result: 127
19:56:23.847 INFO  CustomFileJudge - Custom file judge result: 127
19:56:23.847 INFO  ReductionDriver - Result from initial state is not interesting (attempt 3)
19:56:23.865 INFO  ExecHelper - interestingness_test /opt/reduce/rtx_4070/syn_subgroup_op_release/variant_180.comp reduction_results/rtx_4070/syn_subgroup_op_release/variant_180/variant_180.json
19:56:23.866 INFO  StreamGobblerLogger - stderr.env: ‘interestingness_test’: No such file or directory
19:56:23.867 INFO  ExecHelper - Result: 127
19:56:23.867 INFO  CustomFileJudge - Custom file judge result: 127
19:56:23.867 INFO  ReductionDriver - Result from initial state is not interesting (attempt 4)
19:56:23.884 INFO  ExecHelper - interestingness_test /opt/reduce/rtx_4070/syn_subgroup_op_release/variant_180.comp reduction_results/rtx_4070/syn_subgroup_op_release/variant_180/variant_180.json
19:56:23.885 INFO  StreamGobblerLogger - stderr.env: ‘interestingness_test’: No such file or directory
19:56:23.886 INFO  ExecHelper - Result: 127
19:56:23.886 INFO  CustomFileJudge - Custom file judge result: 127
19:56:23.886 INFO  ReductionDriver - Result from initial state is not interesting (attempt 5)
19:56:23.886 INFO  ReductionDriver - Tried 5 times; stopping.
Reduction command: java -ea -cp /opt/graphicsfuzz/graphicsfuzz/target/graphicsfuzz/python/drivers/../../jar/tool-1.0.jar com.graphicsfuzz.reducer.tool.GlslReduce /opt/reduce/rtx_4070/syn_subgroup_op_release/variant_180.json interestingness_test --output reduction_results/rtx_4070/syn_subgroup_op_release/variant_180 /opt/reduce/rtx_4070/syn_subgroup_op_release/variant_180.comp
