19:43:55.862 INFO  ExecHelper - /opt/graphicsfuzz/graphicsfuzz/target/graphicsfuzz/bin/Linux/glslangValidator -E --stdin -S comp
19:43:55.917 INFO  ExecHelper - Result: 0
19:43:56.267 INFO  ReductionDriver - Starting reduction for variant_257
19:43:56.350 INFO  ExecHelper - interestingness_test /opt/reduce/rtx_4070/syn_memory_converge_atomic/variant_257.comp reduction_results/rtx_4070/syn_memory_converge_atomic/variant_257/variant_257.json
19:43:56.358 INFO  StreamGobblerLogger - stderr.env: ‘interestingness_test’: No such file or directory
19:43:56.358 INFO  ExecHelper - Result: 127
19:43:56.359 INFO  CustomFileJudge - Custom file judge result: 127
19:43:56.359 INFO  ReductionDriver - Result from initial state is not interesting (attempt 1)
19:43:56.431 INFO  ExecHelper - interestingness_test /opt/reduce/rtx_4070/syn_memory_converge_atomic/variant_257.comp reduction_results/rtx_4070/syn_memory_converge_atomic/variant_257/variant_257.json
19:43:56.433 INFO  StreamGobblerLogger - stderr.env: ‘interestingness_test’: No such file or directory
19:43:56.433 INFO  ExecHelper - Result: 127
19:43:56.433 INFO  CustomFileJudge - Custom file judge result: 127
19:43:56.433 INFO  ReductionDriver - Result from initial state is not interesting (attempt 2)
19:43:56.500 INFO  ExecHelper - interestingness_test /opt/reduce/rtx_4070/syn_memory_converge_atomic/variant_257.comp reduction_results/rtx_4070/syn_memory_converge_atomic/variant_257/variant_257.json
19:43:56.502 INFO  StreamGobblerLogger - stderr.env: ‘interestingness_test’: No such file or directory
19:43:56.503 INFO  ExecHelper - Result: 127
19:43:56.503 INFO  CustomFileJudge - Custom file judge result: 127
19:43:56.503 INFO  ReductionDriver - Result from initial state is not interesting (attempt 3)
19:43:56.575 INFO  ExecHelper - interestingness_test /opt/reduce/rtx_4070/syn_memory_converge_atomic/variant_257.comp reduction_results/rtx_4070/syn_memory_converge_atomic/variant_257/variant_257.json
19:43:56.576 INFO  StreamGobblerLogger - stderr.env: ‘interestingness_test’: No such file or directory
19:43:56.577 INFO  ExecHelper - Result: 127
19:43:56.577 INFO  CustomFileJudge - Custom file judge result: 127
19:43:56.577 INFO  ReductionDriver - Result from initial state is not interesting (attempt 4)
19:43:56.641 INFO  ExecHelper - interestingness_test /opt/reduce/rtx_4070/syn_memory_converge_atomic/variant_257.comp reduction_results/rtx_4070/syn_memory_converge_atomic/variant_257/variant_257.json
19:43:56.642 INFO  StreamGobblerLogger - stderr.env: ‘interestingness_test’: No such file or directory
19:43:56.643 INFO  ExecHelper - Result: 127
19:43:56.643 INFO  CustomFileJudge - Custom file judge result: 127
19:43:56.643 INFO  ReductionDriver - Result from initial state is not interesting (attempt 5)
19:43:56.643 INFO  ReductionDriver - Tried 5 times; stopping.
Reduction command: java -ea -cp /opt/graphicsfuzz/graphicsfuzz/target/graphicsfuzz/python/drivers/../../jar/tool-1.0.jar com.graphicsfuzz.reducer.tool.GlslReduce /opt/reduce/rtx_4070/syn_memory_converge_atomic/variant_257.json interestingness_test --output reduction_results/rtx_4070/syn_memory_converge_atomic/variant_257 /opt/reduce/rtx_4070/syn_memory_converge_atomic/variant_257.comp
