18:11:29.876 INFO  ExecHelper - /opt/graphicsfuzz/graphicsfuzz/target/graphicsfuzz/bin/Linux/glslangValidator -E --stdin -S comp
18:11:29.940 INFO  ExecHelper - Result: 0
18:11:30.660 INFO  ReductionDriver - Starting reduction for variant_143
18:11:30.680 INFO  ExecHelper - interestingness_test /opt/reduce/cezanne_radeon_vega/syn_branch_syn_relax/variant_143.comp reduction_results/cezanne_radeon_vega/syn_branch_syn_relax/variant_143/variant_143.json
18:11:30.682 INFO  StreamGobblerLogger - stderr.env: ‘interestingness_test’: No such file or directory
18:11:30.682 INFO  ExecHelper - Result: 127
18:11:30.683 INFO  CustomFileJudge - Custom file judge result: 127
18:11:30.683 INFO  ReductionDriver - Result from initial state is not interesting (attempt 1)
18:11:30.691 INFO  ExecHelper - interestingness_test /opt/reduce/cezanne_radeon_vega/syn_branch_syn_relax/variant_143.comp reduction_results/cezanne_radeon_vega/syn_branch_syn_relax/variant_143/variant_143.json
18:11:30.694 INFO  StreamGobblerLogger - stderr.env: ‘interestingness_test’: No such file or directory
18:11:30.694 INFO  ExecHelper - Result: 127
18:11:30.694 INFO  CustomFileJudge - Custom file judge result: 127
18:11:30.694 INFO  ReductionDriver - Result from initial state is not interesting (attempt 2)
18:11:30.705 INFO  ExecHelper - interestingness_test /opt/reduce/cezanne_radeon_vega/syn_branch_syn_relax/variant_143.comp reduction_results/cezanne_radeon_vega/syn_branch_syn_relax/variant_143/variant_143.json
18:11:30.706 INFO  StreamGobblerLogger - stderr.env: ‘interestingness_test’: No such file or directory
18:11:30.707 INFO  ExecHelper - Result: 127
18:11:30.707 INFO  CustomFileJudge - Custom file judge result: 127
18:11:30.707 INFO  ReductionDriver - Result from initial state is not interesting (attempt 3)
18:11:30.714 INFO  ExecHelper - interestingness_test /opt/reduce/cezanne_radeon_vega/syn_branch_syn_relax/variant_143.comp reduction_results/cezanne_radeon_vega/syn_branch_syn_relax/variant_143/variant_143.json
18:11:30.715 INFO  StreamGobblerLogger - stderr.env: ‘interestingness_test’: No such file or directory
18:11:30.715 INFO  ExecHelper - Result: 127
18:11:30.715 INFO  CustomFileJudge - Custom file judge result: 127
18:11:30.715 INFO  ReductionDriver - Result from initial state is not interesting (attempt 4)
18:11:30.722 INFO  ExecHelper - interestingness_test /opt/reduce/cezanne_radeon_vega/syn_branch_syn_relax/variant_143.comp reduction_results/cezanne_radeon_vega/syn_branch_syn_relax/variant_143/variant_143.json
18:11:30.723 INFO  StreamGobblerLogger - stderr.env: ‘interestingness_test’: No such file or directory
18:11:30.723 INFO  ExecHelper - Result: 127
18:11:30.723 INFO  CustomFileJudge - Custom file judge result: 127
18:11:30.723 INFO  ReductionDriver - Result from initial state is not interesting (attempt 5)
18:11:30.723 INFO  ReductionDriver - Tried 5 times; stopping.
Reduction command: java -ea -cp /opt/graphicsfuzz/graphicsfuzz/target/graphicsfuzz/python/drivers/../../jar/tool-1.0.jar com.graphicsfuzz.reducer.tool.GlslReduce /opt/reduce/cezanne_radeon_vega/syn_branch_syn_relax/variant_143.json interestingness_test --output reduction_results/cezanne_radeon_vega/syn_branch_syn_relax/variant_143 /opt/reduce/cezanne_radeon_vega/syn_branch_syn_relax/variant_143.comp
