18:46:42.338 INFO  ExecHelper - /opt/graphicsfuzz/graphicsfuzz/target/graphicsfuzz/bin/Linux/glslangValidator -E --stdin -S comp
18:46:42.436 INFO  ExecHelper - Result: 0
18:46:43.132 INFO  ReductionDriver - Starting reduction for variant_877
18:46:43.155 INFO  ExecHelper - interestingness_test /opt/reduce/intel_iris_xe_graphics/syn_branch_syn_release/variant_877.comp reduction_results/intel_iris_xe_graphics/syn_branch_syn_release/variant_877/variant_877.json
18:46:43.157 INFO  StreamGobblerLogger - stderr.env: ‘interestingness_test’: No such file or directory
18:46:43.157 INFO  ExecHelper - Result: 127
18:46:43.157 INFO  CustomFileJudge - Custom file judge result: 127
18:46:43.157 INFO  ReductionDriver - Result from initial state is not interesting (attempt 1)
18:46:43.172 INFO  ExecHelper - interestingness_test /opt/reduce/intel_iris_xe_graphics/syn_branch_syn_release/variant_877.comp reduction_results/intel_iris_xe_graphics/syn_branch_syn_release/variant_877/variant_877.json
18:46:43.174 INFO  StreamGobblerLogger - stderr.env: ‘interestingness_test’: No such file or directory
18:46:43.175 INFO  ExecHelper - Result: 127
18:46:43.175 INFO  CustomFileJudge - Custom file judge result: 127
18:46:43.175 INFO  ReductionDriver - Result from initial state is not interesting (attempt 2)
18:46:43.189 INFO  ExecHelper - interestingness_test /opt/reduce/intel_iris_xe_graphics/syn_branch_syn_release/variant_877.comp reduction_results/intel_iris_xe_graphics/syn_branch_syn_release/variant_877/variant_877.json
18:46:43.190 INFO  StreamGobblerLogger - stderr.env: ‘interestingness_test’: No such file or directory
18:46:43.191 INFO  ExecHelper - Result: 127
18:46:43.191 INFO  CustomFileJudge - Custom file judge result: 127
18:46:43.191 INFO  ReductionDriver - Result from initial state is not interesting (attempt 3)
18:46:43.198 INFO  ExecHelper - interestingness_test /opt/reduce/intel_iris_xe_graphics/syn_branch_syn_release/variant_877.comp reduction_results/intel_iris_xe_graphics/syn_branch_syn_release/variant_877/variant_877.json
18:46:43.199 INFO  StreamGobblerLogger - stderr.env: ‘interestingness_test’: No such file or directory
18:46:43.200 INFO  ExecHelper - Result: 127
18:46:43.200 INFO  CustomFileJudge - Custom file judge result: 127
18:46:43.200 INFO  ReductionDriver - Result from initial state is not interesting (attempt 4)
18:46:43.207 INFO  ExecHelper - interestingness_test /opt/reduce/intel_iris_xe_graphics/syn_branch_syn_release/variant_877.comp reduction_results/intel_iris_xe_graphics/syn_branch_syn_release/variant_877/variant_877.json
18:46:43.208 INFO  StreamGobblerLogger - stderr.env: ‘interestingness_test’: No such file or directory
18:46:43.208 INFO  ExecHelper - Result: 127
18:46:43.208 INFO  CustomFileJudge - Custom file judge result: 127
18:46:43.208 INFO  ReductionDriver - Result from initial state is not interesting (attempt 5)
18:46:43.209 INFO  ReductionDriver - Tried 5 times; stopping.
Reduction command: java -ea -cp /opt/graphicsfuzz/graphicsfuzz/target/graphicsfuzz/python/drivers/../../jar/tool-1.0.jar com.graphicsfuzz.reducer.tool.GlslReduce /opt/reduce/intel_iris_xe_graphics/syn_branch_syn_release/variant_877.json interestingness_test --output reduction_results/intel_iris_xe_graphics/syn_branch_syn_release/variant_877 /opt/reduce/intel_iris_xe_graphics/syn_branch_syn_release/variant_877.comp
