18:32:29.179 INFO  ExecHelper - /opt/graphicsfuzz/graphicsfuzz/target/graphicsfuzz/bin/Linux/glslangValidator -E --stdin -S comp
18:32:29.233 INFO  ExecHelper - Result: 0
18:32:29.591 INFO  ReductionDriver - Starting reduction for variant_377
18:32:29.660 INFO  ExecHelper - interestingness_test /opt/reduce/cezanne_radeon_vega/syn_memory_converge_atomic/variant_377.comp reduction_results/cezanne_radeon_vega/syn_memory_converge_atomic/variant_377/variant_377.json
18:32:29.662 INFO  StreamGobblerLogger - stderr.env: ‘interestingness_test’: No such file or directory
18:32:29.662 INFO  ExecHelper - Result: 127
18:32:29.662 INFO  CustomFileJudge - Custom file judge result: 127
18:32:29.662 INFO  ReductionDriver - Result from initial state is not interesting (attempt 1)
18:32:29.716 INFO  ExecHelper - interestingness_test /opt/reduce/cezanne_radeon_vega/syn_memory_converge_atomic/variant_377.comp reduction_results/cezanne_radeon_vega/syn_memory_converge_atomic/variant_377/variant_377.json
18:32:29.718 INFO  StreamGobblerLogger - stderr.env: ‘interestingness_test’: No such file or directory
18:32:29.718 INFO  ExecHelper - Result: 127
18:32:29.718 INFO  CustomFileJudge - Custom file judge result: 127
18:32:29.718 INFO  ReductionDriver - Result from initial state is not interesting (attempt 2)
18:32:29.769 INFO  ExecHelper - interestingness_test /opt/reduce/cezanne_radeon_vega/syn_memory_converge_atomic/variant_377.comp reduction_results/cezanne_radeon_vega/syn_memory_converge_atomic/variant_377/variant_377.json
18:32:29.771 INFO  StreamGobblerLogger - stderr.env: ‘interestingness_test’: No such file or directory
18:32:29.772 INFO  ExecHelper - Result: 127
18:32:29.772 INFO  CustomFileJudge - Custom file judge result: 127
18:32:29.772 INFO  ReductionDriver - Result from initial state is not interesting (attempt 3)
18:32:29.821 INFO  ExecHelper - interestingness_test /opt/reduce/cezanne_radeon_vega/syn_memory_converge_atomic/variant_377.comp reduction_results/cezanne_radeon_vega/syn_memory_converge_atomic/variant_377/variant_377.json
18:32:29.823 INFO  StreamGobblerLogger - stderr.env: ‘interestingness_test’: No such file or directory
18:32:29.824 INFO  ExecHelper - Result: 127
18:32:29.824 INFO  CustomFileJudge - Custom file judge result: 127
18:32:29.824 INFO  ReductionDriver - Result from initial state is not interesting (attempt 4)
18:32:29.879 INFO  ExecHelper - interestingness_test /opt/reduce/cezanne_radeon_vega/syn_memory_converge_atomic/variant_377.comp reduction_results/cezanne_radeon_vega/syn_memory_converge_atomic/variant_377/variant_377.json
18:32:29.880 INFO  StreamGobblerLogger - stderr.env: ‘interestingness_test’: No such file or directory
18:32:29.881 INFO  ExecHelper - Result: 127
18:32:29.881 INFO  CustomFileJudge - Custom file judge result: 127
18:32:29.881 INFO  ReductionDriver - Result from initial state is not interesting (attempt 5)
18:32:29.881 INFO  ReductionDriver - Tried 5 times; stopping.
Reduction command: java -ea -cp /opt/graphicsfuzz/graphicsfuzz/target/graphicsfuzz/python/drivers/../../jar/tool-1.0.jar com.graphicsfuzz.reducer.tool.GlslReduce /opt/reduce/cezanne_radeon_vega/syn_memory_converge_atomic/variant_377.json interestingness_test --output reduction_results/cezanne_radeon_vega/syn_memory_converge_atomic/variant_377 /opt/reduce/cezanne_radeon_vega/syn_memory_converge_atomic/variant_377.comp
