19:04:05.874 INFO  ExecHelper - /opt/graphicsfuzz/graphicsfuzz/target/graphicsfuzz/bin/Linux/glslangValidator -E --stdin -S comp
19:04:05.926 INFO  ExecHelper - Result: 0
19:04:05.983 INFO  ReductionDriver - Starting reduction for variant_993
19:04:05.988 INFO  ExecHelper - interestingness_test /opt/reduce/intel_iris_xe_graphics/syn_memory_converge/variant_993.comp reduction_results/intel_iris_xe_graphics/syn_memory_converge/variant_993/variant_993.json
19:04:05.989 INFO  StreamGobblerLogger - stderr.env: ‘interestingness_test’: No such file or directory
19:04:05.990 INFO  ExecHelper - Result: 127
19:04:05.990 INFO  CustomFileJudge - Custom file judge result: 127
19:04:05.990 INFO  ReductionDriver - Result from initial state is not interesting (attempt 1)
19:04:05.991 INFO  ExecHelper - interestingness_test /opt/reduce/intel_iris_xe_graphics/syn_memory_converge/variant_993.comp reduction_results/intel_iris_xe_graphics/syn_memory_converge/variant_993/variant_993.json
19:04:05.991 INFO  StreamGobblerLogger - stderr.env: ‘interestingness_test’: No such file or directory
19:04:05.992 INFO  ExecHelper - Result: 127
19:04:05.992 INFO  CustomFileJudge - Custom file judge result: 127
19:04:05.992 INFO  ReductionDriver - Result from initial state is not interesting (attempt 2)
19:04:05.993 INFO  ExecHelper - interestingness_test /opt/reduce/intel_iris_xe_graphics/syn_memory_converge/variant_993.comp reduction_results/intel_iris_xe_graphics/syn_memory_converge/variant_993/variant_993.json
19:04:05.994 INFO  StreamGobblerLogger - stderr.env: ‘interestingness_test’: No such file or directory
19:04:05.994 INFO  ExecHelper - Result: 127
19:04:05.994 INFO  CustomFileJudge - Custom file judge result: 127
19:04:05.994 INFO  ReductionDriver - Result from initial state is not interesting (attempt 3)
19:04:05.995 INFO  ExecHelper - interestingness_test /opt/reduce/intel_iris_xe_graphics/syn_memory_converge/variant_993.comp reduction_results/intel_iris_xe_graphics/syn_memory_converge/variant_993/variant_993.json
19:04:05.996 INFO  StreamGobblerLogger - stderr.env: ‘interestingness_test’: No such file or directory
19:04:05.997 INFO  ExecHelper - Result: 127
19:04:05.997 INFO  CustomFileJudge - Custom file judge result: 127
19:04:05.997 INFO  ReductionDriver - Result from initial state is not interesting (attempt 4)
19:04:05.997 INFO  ExecHelper - interestingness_test /opt/reduce/intel_iris_xe_graphics/syn_memory_converge/variant_993.comp reduction_results/intel_iris_xe_graphics/syn_memory_converge/variant_993/variant_993.json
19:04:05.998 INFO  StreamGobblerLogger - stderr.env: ‘interestingness_test’: No such file or directory
19:04:05.999 INFO  ExecHelper - Result: 127
19:04:05.999 INFO  CustomFileJudge - Custom file judge result: 127
19:04:05.999 INFO  ReductionDriver - Result from initial state is not interesting (attempt 5)
19:04:05.999 INFO  ReductionDriver - Tried 5 times; stopping.
Reduction command: java -ea -cp /opt/graphicsfuzz/graphicsfuzz/target/graphicsfuzz/python/drivers/../../jar/tool-1.0.jar com.graphicsfuzz.reducer.tool.GlslReduce /opt/reduce/intel_iris_xe_graphics/syn_memory_converge/variant_993.json interestingness_test --output reduction_results/intel_iris_xe_graphics/syn_memory_converge/variant_993 /opt/reduce/intel_iris_xe_graphics/syn_memory_converge/variant_993.comp
