19:05:36.574 INFO  ExecHelper - /opt/graphicsfuzz/graphicsfuzz/target/graphicsfuzz/bin/Linux/glslangValidator -E --stdin -S comp
19:05:36.622 INFO  ExecHelper - Result: 0
19:05:36.724 INFO  ReductionDriver - Starting reduction for variant_103
19:05:36.737 INFO  ExecHelper - interestingness_test /opt/reduce/intel_iris_xe_graphics/syn_memory_converge_atomic/variant_103.comp reduction_results/intel_iris_xe_graphics/syn_memory_converge_atomic/variant_103/variant_103.json
19:05:36.739 INFO  StreamGobblerLogger - stderr.env: ‘interestingness_test’: No such file or directory
19:05:36.739 INFO  ExecHelper - Result: 127
19:05:36.739 INFO  CustomFileJudge - Custom file judge result: 127
19:05:36.739 INFO  ReductionDriver - Result from initial state is not interesting (attempt 1)
19:05:36.746 INFO  ExecHelper - interestingness_test /opt/reduce/intel_iris_xe_graphics/syn_memory_converge_atomic/variant_103.comp reduction_results/intel_iris_xe_graphics/syn_memory_converge_atomic/variant_103/variant_103.json
19:05:36.747 INFO  StreamGobblerLogger - stderr.env: ‘interestingness_test’: No such file or directory
19:05:36.747 INFO  ExecHelper - Result: 127
19:05:36.748 INFO  CustomFileJudge - Custom file judge result: 127
19:05:36.748 INFO  ReductionDriver - Result from initial state is not interesting (attempt 2)
19:05:36.750 INFO  ExecHelper - interestingness_test /opt/reduce/intel_iris_xe_graphics/syn_memory_converge_atomic/variant_103.comp reduction_results/intel_iris_xe_graphics/syn_memory_converge_atomic/variant_103/variant_103.json
19:05:36.751 INFO  StreamGobblerLogger - stderr.env: ‘interestingness_test’: No such file or directory
19:05:36.751 INFO  ExecHelper - Result: 127
19:05:36.752 INFO  CustomFileJudge - Custom file judge result: 127
19:05:36.752 INFO  ReductionDriver - Result from initial state is not interesting (attempt 3)
19:05:36.754 INFO  ExecHelper - interestingness_test /opt/reduce/intel_iris_xe_graphics/syn_memory_converge_atomic/variant_103.comp reduction_results/intel_iris_xe_graphics/syn_memory_converge_atomic/variant_103/variant_103.json
19:05:36.755 INFO  StreamGobblerLogger - stderr.env: ‘interestingness_test’: No such file or directory
19:05:36.756 INFO  ExecHelper - Result: 127
19:05:36.756 INFO  CustomFileJudge - Custom file judge result: 127
19:05:36.756 INFO  ReductionDriver - Result from initial state is not interesting (attempt 4)
19:05:36.758 INFO  ExecHelper - interestingness_test /opt/reduce/intel_iris_xe_graphics/syn_memory_converge_atomic/variant_103.comp reduction_results/intel_iris_xe_graphics/syn_memory_converge_atomic/variant_103/variant_103.json
19:05:36.759 INFO  StreamGobblerLogger - stderr.env: ‘interestingness_test’: No such file or directory
19:05:36.760 INFO  ExecHelper - Result: 127
19:05:36.760 INFO  CustomFileJudge - Custom file judge result: 127
19:05:36.760 INFO  ReductionDriver - Result from initial state is not interesting (attempt 5)
19:05:36.760 INFO  ReductionDriver - Tried 5 times; stopping.
Reduction command: java -ea -cp /opt/graphicsfuzz/graphicsfuzz/target/graphicsfuzz/python/drivers/../../jar/tool-1.0.jar com.graphicsfuzz.reducer.tool.GlslReduce /opt/reduce/intel_iris_xe_graphics/syn_memory_converge_atomic/variant_103.json interestingness_test --output reduction_results/intel_iris_xe_graphics/syn_memory_converge_atomic/variant_103 /opt/reduce/intel_iris_xe_graphics/syn_memory_converge_atomic/variant_103.comp
