18:57:50.792 INFO  ExecHelper - /opt/graphicsfuzz/graphicsfuzz/target/graphicsfuzz/bin/Linux/glslangValidator -E --stdin -S comp
18:57:50.851 INFO  ExecHelper - Result: 0
18:57:51.201 INFO  ReductionDriver - Starting reduction for variant_538
18:57:51.316 INFO  ExecHelper - interestingness_test /opt/reduce/intel_iris_xe_graphics/syn_memory_converge/variant_538.comp reduction_results/intel_iris_xe_graphics/syn_memory_converge/variant_538/variant_538.json
18:57:51.327 INFO  StreamGobblerLogger - stderr.env: ‘interestingness_test’: No such file or directory
18:57:51.328 INFO  ExecHelper - Result: 127
18:57:51.328 INFO  CustomFileJudge - Custom file judge result: 127
18:57:51.329 INFO  ReductionDriver - Result from initial state is not interesting (attempt 1)
18:57:51.433 INFO  ExecHelper - interestingness_test /opt/reduce/intel_iris_xe_graphics/syn_memory_converge/variant_538.comp reduction_results/intel_iris_xe_graphics/syn_memory_converge/variant_538/variant_538.json
18:57:51.435 INFO  StreamGobblerLogger - stderr.env: ‘interestingness_test’: No such file or directory
18:57:51.436 INFO  ExecHelper - Result: 127
18:57:51.436 INFO  CustomFileJudge - Custom file judge result: 127
18:57:51.436 INFO  ReductionDriver - Result from initial state is not interesting (attempt 2)
18:57:51.539 INFO  ExecHelper - interestingness_test /opt/reduce/intel_iris_xe_graphics/syn_memory_converge/variant_538.comp reduction_results/intel_iris_xe_graphics/syn_memory_converge/variant_538/variant_538.json
18:57:51.540 INFO  StreamGobblerLogger - stderr.env: ‘interestingness_test’: No such file or directory
18:57:51.541 INFO  ExecHelper - Result: 127
18:57:51.541 INFO  CustomFileJudge - Custom file judge result: 127
18:57:51.541 INFO  ReductionDriver - Result from initial state is not interesting (attempt 3)
18:57:51.635 INFO  ExecHelper - interestingness_test /opt/reduce/intel_iris_xe_graphics/syn_memory_converge/variant_538.comp reduction_results/intel_iris_xe_graphics/syn_memory_converge/variant_538/variant_538.json
18:57:51.637 INFO  StreamGobblerLogger - stderr.env: ‘interestingness_test’: No such file or directory
18:57:51.637 INFO  ExecHelper - Result: 127
18:57:51.638 INFO  CustomFileJudge - Custom file judge result: 127
18:57:51.638 INFO  ReductionDriver - Result from initial state is not interesting (attempt 4)
18:57:51.731 INFO  ExecHelper - interestingness_test /opt/reduce/intel_iris_xe_graphics/syn_memory_converge/variant_538.comp reduction_results/intel_iris_xe_graphics/syn_memory_converge/variant_538/variant_538.json
18:57:51.732 INFO  StreamGobblerLogger - stderr.env: ‘interestingness_test’: No such file or directory
18:57:51.733 INFO  ExecHelper - Result: 127
18:57:51.733 INFO  CustomFileJudge - Custom file judge result: 127
18:57:51.733 INFO  ReductionDriver - Result from initial state is not interesting (attempt 5)
18:57:51.733 INFO  ReductionDriver - Tried 5 times; stopping.
Reduction command: java -ea -cp /opt/graphicsfuzz/graphicsfuzz/target/graphicsfuzz/python/drivers/../../jar/tool-1.0.jar com.graphicsfuzz.reducer.tool.GlslReduce /opt/reduce/intel_iris_xe_graphics/syn_memory_converge/variant_538.json interestingness_test --output reduction_results/intel_iris_xe_graphics/syn_memory_converge/variant_538 /opt/reduce/intel_iris_xe_graphics/syn_memory_converge/variant_538.comp
