18:28:45.713 INFO  ExecHelper - /opt/graphicsfuzz/graphicsfuzz/target/graphicsfuzz/bin/Linux/glslangValidator -E --stdin -S comp
18:28:45.774 INFO  ExecHelper - Result: 0
18:28:46.191 INFO  ReductionDriver - Starting reduction for variant_113
18:28:46.328 INFO  ExecHelper - interestingness_test /opt/reduce/cezanne_radeon_vega/syn_memory_converge_atomic/variant_113.comp reduction_results/cezanne_radeon_vega/syn_memory_converge_atomic/variant_113/variant_113.json
18:28:46.339 INFO  StreamGobblerLogger - stderr.env: ‘interestingness_test’: No such file or directory
18:28:46.340 INFO  ExecHelper - Result: 127
18:28:46.340 INFO  CustomFileJudge - Custom file judge result: 127
18:28:46.340 INFO  ReductionDriver - Result from initial state is not interesting (attempt 1)
18:28:46.447 INFO  ExecHelper - interestingness_test /opt/reduce/cezanne_radeon_vega/syn_memory_converge_atomic/variant_113.comp reduction_results/cezanne_radeon_vega/syn_memory_converge_atomic/variant_113/variant_113.json
18:28:46.449 INFO  StreamGobblerLogger - stderr.env: ‘interestingness_test’: No such file or directory
18:28:46.449 INFO  ExecHelper - Result: 127
18:28:46.449 INFO  CustomFileJudge - Custom file judge result: 127
18:28:46.449 INFO  ReductionDriver - Result from initial state is not interesting (attempt 2)
18:28:46.551 INFO  ExecHelper - interestingness_test /opt/reduce/cezanne_radeon_vega/syn_memory_converge_atomic/variant_113.comp reduction_results/cezanne_radeon_vega/syn_memory_converge_atomic/variant_113/variant_113.json
18:28:46.553 INFO  StreamGobblerLogger - stderr.env: ‘interestingness_test’: No such file or directory
18:28:46.554 INFO  ExecHelper - Result: 127
18:28:46.554 INFO  CustomFileJudge - Custom file judge result: 127
18:28:46.554 INFO  ReductionDriver - Result from initial state is not interesting (attempt 3)
18:28:46.653 INFO  ExecHelper - interestingness_test /opt/reduce/cezanne_radeon_vega/syn_memory_converge_atomic/variant_113.comp reduction_results/cezanne_radeon_vega/syn_memory_converge_atomic/variant_113/variant_113.json
18:28:46.655 INFO  StreamGobblerLogger - stderr.env: ‘interestingness_test’: No such file or directory
18:28:46.655 INFO  ExecHelper - Result: 127
18:28:46.655 INFO  CustomFileJudge - Custom file judge result: 127
18:28:46.655 INFO  ReductionDriver - Result from initial state is not interesting (attempt 4)
18:28:46.756 INFO  ExecHelper - interestingness_test /opt/reduce/cezanne_radeon_vega/syn_memory_converge_atomic/variant_113.comp reduction_results/cezanne_radeon_vega/syn_memory_converge_atomic/variant_113/variant_113.json
18:28:46.758 INFO  StreamGobblerLogger - stderr.env: ‘interestingness_test’: No such file or directory
18:28:46.758 INFO  ExecHelper - Result: 127
18:28:46.758 INFO  CustomFileJudge - Custom file judge result: 127
18:28:46.758 INFO  ReductionDriver - Result from initial state is not interesting (attempt 5)
18:28:46.758 INFO  ReductionDriver - Tried 5 times; stopping.
Reduction command: java -ea -cp /opt/graphicsfuzz/graphicsfuzz/target/graphicsfuzz/python/drivers/../../jar/tool-1.0.jar com.graphicsfuzz.reducer.tool.GlslReduce /opt/reduce/cezanne_radeon_vega/syn_memory_converge_atomic/variant_113.json interestingness_test --output reduction_results/cezanne_radeon_vega/syn_memory_converge_atomic/variant_113 /opt/reduce/cezanne_radeon_vega/syn_memory_converge_atomic/variant_113.comp
