19:29:00.538 INFO  ExecHelper - /opt/graphicsfuzz/graphicsfuzz/target/graphicsfuzz/bin/Linux/glslangValidator -E --stdin -S comp
19:29:00.597 INFO  ExecHelper - Result: 0
19:29:01.427 INFO  ReductionDriver - Starting reduction for variant_214
19:29:01.559 INFO  ExecHelper - interestingness_test /opt/reduce/rtx_4070/syn_memory_converge/variant_214.comp reduction_results/rtx_4070/syn_memory_converge/variant_214/variant_214.json
19:29:01.561 INFO  StreamGobblerLogger - stderr.env: ‘interestingness_test’: No such file or directory
19:29:01.561 INFO  ExecHelper - Result: 127
19:29:01.561 INFO  CustomFileJudge - Custom file judge result: 127
19:29:01.561 INFO  ReductionDriver - Result from initial state is not interesting (attempt 1)
19:29:01.665 INFO  ExecHelper - interestingness_test /opt/reduce/rtx_4070/syn_memory_converge/variant_214.comp reduction_results/rtx_4070/syn_memory_converge/variant_214/variant_214.json
19:29:01.666 INFO  StreamGobblerLogger - stderr.env: ‘interestingness_test’: No such file or directory
19:29:01.666 INFO  ExecHelper - Result: 127
19:29:01.667 INFO  CustomFileJudge - Custom file judge result: 127
19:29:01.667 INFO  ReductionDriver - Result from initial state is not interesting (attempt 2)
19:29:01.767 INFO  ExecHelper - interestingness_test /opt/reduce/rtx_4070/syn_memory_converge/variant_214.comp reduction_results/rtx_4070/syn_memory_converge/variant_214/variant_214.json
19:29:01.769 INFO  StreamGobblerLogger - stderr.env: ‘interestingness_test’: No such file or directory
19:29:01.769 INFO  ExecHelper - Result: 127
19:29:01.769 INFO  CustomFileJudge - Custom file judge result: 127
19:29:01.769 INFO  ReductionDriver - Result from initial state is not interesting (attempt 3)
19:29:01.870 INFO  ExecHelper - interestingness_test /opt/reduce/rtx_4070/syn_memory_converge/variant_214.comp reduction_results/rtx_4070/syn_memory_converge/variant_214/variant_214.json
19:29:01.872 INFO  StreamGobblerLogger - stderr.env: ‘interestingness_test’: No such file or directory
19:29:01.872 INFO  ExecHelper - Result: 127
19:29:01.872 INFO  CustomFileJudge - Custom file judge result: 127
19:29:01.872 INFO  ReductionDriver - Result from initial state is not interesting (attempt 4)
19:29:01.972 INFO  ExecHelper - interestingness_test /opt/reduce/rtx_4070/syn_memory_converge/variant_214.comp reduction_results/rtx_4070/syn_memory_converge/variant_214/variant_214.json
19:29:01.973 INFO  StreamGobblerLogger - stderr.env: ‘interestingness_test’: No such file or directory
19:29:01.973 INFO  ExecHelper - Result: 127
19:29:01.974 INFO  CustomFileJudge - Custom file judge result: 127
19:29:01.974 INFO  ReductionDriver - Result from initial state is not interesting (attempt 5)
19:29:01.974 INFO  ReductionDriver - Tried 5 times; stopping.
Reduction command: java -ea -cp /opt/graphicsfuzz/graphicsfuzz/target/graphicsfuzz/python/drivers/../../jar/tool-1.0.jar com.graphicsfuzz.reducer.tool.GlslReduce /opt/reduce/rtx_4070/syn_memory_converge/variant_214.json interestingness_test --output reduction_results/rtx_4070/syn_memory_converge/variant_214 /opt/reduce/rtx_4070/syn_memory_converge/variant_214.comp
