19:25:36.783 INFO  ExecHelper - /opt/graphicsfuzz/graphicsfuzz/target/graphicsfuzz/bin/Linux/glslangValidator -E --stdin -S comp
19:25:36.916 INFO  ExecHelper - Result: 0
19:25:37.378 INFO  ReductionDriver - Starting reduction for variant_641
19:25:37.395 INFO  ExecHelper - interestingness_test /opt/reduce/rtx_4070/syn_lock_step_relax/variant_641.comp reduction_results/rtx_4070/syn_lock_step_relax/variant_641/variant_641.json
19:25:37.397 INFO  StreamGobblerLogger - stderr.env: ‘interestingness_test’: No such file or directory
19:25:37.397 INFO  ExecHelper - Result: 127
19:25:37.397 INFO  CustomFileJudge - Custom file judge result: 127
19:25:37.397 INFO  ReductionDriver - Result from initial state is not interesting (attempt 1)
19:25:37.402 INFO  ExecHelper - interestingness_test /opt/reduce/rtx_4070/syn_lock_step_relax/variant_641.comp reduction_results/rtx_4070/syn_lock_step_relax/variant_641/variant_641.json
19:25:37.403 INFO  StreamGobblerLogger - stderr.env: ‘interestingness_test’: No such file or directory
19:25:37.404 INFO  ExecHelper - Result: 127
19:25:37.404 INFO  CustomFileJudge - Custom file judge result: 127
19:25:37.404 INFO  ReductionDriver - Result from initial state is not interesting (attempt 2)
19:25:37.409 INFO  ExecHelper - interestingness_test /opt/reduce/rtx_4070/syn_lock_step_relax/variant_641.comp reduction_results/rtx_4070/syn_lock_step_relax/variant_641/variant_641.json
19:25:37.410 INFO  StreamGobblerLogger - stderr.env: ‘interestingness_test’: No such file or directory
19:25:37.410 INFO  ExecHelper - Result: 127
19:25:37.410 INFO  CustomFileJudge - Custom file judge result: 127
19:25:37.410 INFO  ReductionDriver - Result from initial state is not interesting (attempt 3)
19:25:37.414 INFO  ExecHelper - interestingness_test /opt/reduce/rtx_4070/syn_lock_step_relax/variant_641.comp reduction_results/rtx_4070/syn_lock_step_relax/variant_641/variant_641.json
19:25:37.415 INFO  StreamGobblerLogger - stderr.env: ‘interestingness_test’: No such file or directory
19:25:37.416 INFO  ExecHelper - Result: 127
19:25:37.416 INFO  CustomFileJudge - Custom file judge result: 127
19:25:37.416 INFO  ReductionDriver - Result from initial state is not interesting (attempt 4)
19:25:37.420 INFO  ExecHelper - interestingness_test /opt/reduce/rtx_4070/syn_lock_step_relax/variant_641.comp reduction_results/rtx_4070/syn_lock_step_relax/variant_641/variant_641.json
19:25:37.421 INFO  StreamGobblerLogger - stderr.env: ‘interestingness_test’: No such file or directory
19:25:37.422 INFO  ExecHelper - Result: 127
19:25:37.422 INFO  CustomFileJudge - Custom file judge result: 127
19:25:37.422 INFO  ReductionDriver - Result from initial state is not interesting (attempt 5)
19:25:37.422 INFO  ReductionDriver - Tried 5 times; stopping.
Reduction command: java -ea -cp /opt/graphicsfuzz/graphicsfuzz/target/graphicsfuzz/python/drivers/../../jar/tool-1.0.jar com.graphicsfuzz.reducer.tool.GlslReduce /opt/reduce/rtx_4070/syn_lock_step_relax/variant_641.json interestingness_test --output reduction_results/rtx_4070/syn_lock_step_relax/variant_641 /opt/reduce/rtx_4070/syn_lock_step_relax/variant_641.comp
