18:24:27.763 INFO  ExecHelper - /opt/graphicsfuzz/graphicsfuzz/target/graphicsfuzz/bin/Linux/glslangValidator -E --stdin -S comp
18:24:27.811 INFO  ExecHelper - Result: 0
18:24:27.893 INFO  ReductionDriver - Starting reduction for variant_794
18:24:27.902 INFO  ExecHelper - interestingness_test /opt/reduce/cezanne_radeon_vega/syn_memory_converge/variant_794.comp reduction_results/cezanne_radeon_vega/syn_memory_converge/variant_794/variant_794.json
18:24:27.904 INFO  StreamGobblerLogger - stderr.env: ‘interestingness_test’: No such file or directory
18:24:27.905 INFO  ExecHelper - Result: 127
18:24:27.905 INFO  CustomFileJudge - Custom file judge result: 127
18:24:27.905 INFO  ReductionDriver - Result from initial state is not interesting (attempt 1)
18:24:27.907 INFO  ExecHelper - interestingness_test /opt/reduce/cezanne_radeon_vega/syn_memory_converge/variant_794.comp reduction_results/cezanne_radeon_vega/syn_memory_converge/variant_794/variant_794.json
18:24:27.908 INFO  StreamGobblerLogger - stderr.env: ‘interestingness_test’: No such file or directory
18:24:27.909 INFO  ExecHelper - Result: 127
18:24:27.909 INFO  CustomFileJudge - Custom file judge result: 127
18:24:27.909 INFO  ReductionDriver - Result from initial state is not interesting (attempt 2)
18:24:27.910 INFO  ExecHelper - interestingness_test /opt/reduce/cezanne_radeon_vega/syn_memory_converge/variant_794.comp reduction_results/cezanne_radeon_vega/syn_memory_converge/variant_794/variant_794.json
18:24:27.912 INFO  StreamGobblerLogger - stderr.env: ‘interestingness_test’: No such file or directory
18:24:27.912 INFO  ExecHelper - Result: 127
18:24:27.912 INFO  CustomFileJudge - Custom file judge result: 127
18:24:27.912 INFO  ReductionDriver - Result from initial state is not interesting (attempt 3)
18:24:27.914 INFO  ExecHelper - interestingness_test /opt/reduce/cezanne_radeon_vega/syn_memory_converge/variant_794.comp reduction_results/cezanne_radeon_vega/syn_memory_converge/variant_794/variant_794.json
18:24:27.915 INFO  StreamGobblerLogger - stderr.env: ‘interestingness_test’: No such file or directory
18:24:27.915 INFO  ExecHelper - Result: 127
18:24:27.915 INFO  CustomFileJudge - Custom file judge result: 127
18:24:27.915 INFO  ReductionDriver - Result from initial state is not interesting (attempt 4)
18:24:27.917 INFO  ExecHelper - interestingness_test /opt/reduce/cezanne_radeon_vega/syn_memory_converge/variant_794.comp reduction_results/cezanne_radeon_vega/syn_memory_converge/variant_794/variant_794.json
18:24:27.918 INFO  StreamGobblerLogger - stderr.env: ‘interestingness_test’: No such file or directory
18:24:27.918 INFO  ExecHelper - Result: 127
18:24:27.918 INFO  CustomFileJudge - Custom file judge result: 127
18:24:27.918 INFO  ReductionDriver - Result from initial state is not interesting (attempt 5)
18:24:27.918 INFO  ReductionDriver - Tried 5 times; stopping.
Reduction command: java -ea -cp /opt/graphicsfuzz/graphicsfuzz/target/graphicsfuzz/python/drivers/../../jar/tool-1.0.jar com.graphicsfuzz.reducer.tool.GlslReduce /opt/reduce/cezanne_radeon_vega/syn_memory_converge/variant_794.json interestingness_test --output reduction_results/cezanne_radeon_vega/syn_memory_converge/variant_794 /opt/reduce/cezanne_radeon_vega/syn_memory_converge/variant_794.comp
