19:00:18.271 INFO  ExecHelper - /opt/graphicsfuzz/graphicsfuzz/target/graphicsfuzz/bin/Linux/glslangValidator -E --stdin -S comp
19:00:18.482 INFO  ExecHelper - Result: 0
19:00:18.762 INFO  ReductionDriver - Starting reduction for variant_726
19:00:18.775 INFO  ExecHelper - interestingness_test /opt/reduce/intel_iris_xe_graphics/syn_memory_converge/variant_726.comp reduction_results/intel_iris_xe_graphics/syn_memory_converge/variant_726/variant_726.json
19:00:18.776 INFO  StreamGobblerLogger - stderr.env: ‘interestingness_test’: No such file or directory
19:00:18.777 INFO  ExecHelper - Result: 127
19:00:18.777 INFO  CustomFileJudge - Custom file judge result: 127
19:00:18.777 INFO  ReductionDriver - Result from initial state is not interesting (attempt 1)
19:00:18.783 INFO  ExecHelper - interestingness_test /opt/reduce/intel_iris_xe_graphics/syn_memory_converge/variant_726.comp reduction_results/intel_iris_xe_graphics/syn_memory_converge/variant_726/variant_726.json
19:00:18.784 INFO  StreamGobblerLogger - stderr.env: ‘interestingness_test’: No such file or directory
19:00:18.785 INFO  ExecHelper - Result: 127
19:00:18.785 INFO  CustomFileJudge - Custom file judge result: 127
19:00:18.785 INFO  ReductionDriver - Result from initial state is not interesting (attempt 2)
19:00:18.788 INFO  ExecHelper - interestingness_test /opt/reduce/intel_iris_xe_graphics/syn_memory_converge/variant_726.comp reduction_results/intel_iris_xe_graphics/syn_memory_converge/variant_726/variant_726.json
19:00:18.789 INFO  StreamGobblerLogger - stderr.env: ‘interestingness_test’: No such file or directory
19:00:18.790 INFO  ExecHelper - Result: 127
19:00:18.790 INFO  CustomFileJudge - Custom file judge result: 127
19:00:18.790 INFO  ReductionDriver - Result from initial state is not interesting (attempt 3)
19:00:18.793 INFO  ExecHelper - interestingness_test /opt/reduce/intel_iris_xe_graphics/syn_memory_converge/variant_726.comp reduction_results/intel_iris_xe_graphics/syn_memory_converge/variant_726/variant_726.json
19:00:18.794 INFO  StreamGobblerLogger - stderr.env: ‘interestingness_test’: No such file or directory
19:00:18.794 INFO  ExecHelper - Result: 127
19:00:18.794 INFO  CustomFileJudge - Custom file judge result: 127
19:00:18.795 INFO  ReductionDriver - Result from initial state is not interesting (attempt 4)
19:00:18.797 INFO  ExecHelper - interestingness_test /opt/reduce/intel_iris_xe_graphics/syn_memory_converge/variant_726.comp reduction_results/intel_iris_xe_graphics/syn_memory_converge/variant_726/variant_726.json
19:00:18.798 INFO  StreamGobblerLogger - stderr.env: ‘interestingness_test’: No such file or directory
19:00:18.798 INFO  ExecHelper - Result: 127
19:00:18.798 INFO  CustomFileJudge - Custom file judge result: 127
19:00:18.798 INFO  ReductionDriver - Result from initial state is not interesting (attempt 5)
19:00:18.799 INFO  ReductionDriver - Tried 5 times; stopping.
Reduction command: java -ea -cp /opt/graphicsfuzz/graphicsfuzz/target/graphicsfuzz/python/drivers/../../jar/tool-1.0.jar com.graphicsfuzz.reducer.tool.GlslReduce /opt/reduce/intel_iris_xe_graphics/syn_memory_converge/variant_726.json interestingness_test --output reduction_results/intel_iris_xe_graphics/syn_memory_converge/variant_726 /opt/reduce/intel_iris_xe_graphics/syn_memory_converge/variant_726.comp
