18:24:12.520 INFO  ExecHelper - /opt/graphicsfuzz/graphicsfuzz/target/graphicsfuzz/bin/Linux/glslangValidator -E --stdin -S comp
18:24:12.567 INFO  ExecHelper - Result: 0
18:24:12.655 INFO  ReductionDriver - Starting reduction for variant_775
18:24:12.665 INFO  ExecHelper - interestingness_test /opt/reduce/cezanne_radeon_vega/syn_memory_converge/variant_775.comp reduction_results/cezanne_radeon_vega/syn_memory_converge/variant_775/variant_775.json
18:24:12.667 INFO  StreamGobblerLogger - stderr.env: ‘interestingness_test’: No such file or directory
18:24:12.667 INFO  ExecHelper - Result: 127
18:24:12.667 INFO  CustomFileJudge - Custom file judge result: 127
18:24:12.667 INFO  ReductionDriver - Result from initial state is not interesting (attempt 1)
18:24:12.670 INFO  ExecHelper - interestingness_test /opt/reduce/cezanne_radeon_vega/syn_memory_converge/variant_775.comp reduction_results/cezanne_radeon_vega/syn_memory_converge/variant_775/variant_775.json
18:24:12.671 INFO  StreamGobblerLogger - stderr.env: ‘interestingness_test’: No such file or directory
18:24:12.672 INFO  ExecHelper - Result: 127
18:24:12.672 INFO  CustomFileJudge - Custom file judge result: 127
18:24:12.672 INFO  ReductionDriver - Result from initial state is not interesting (attempt 2)
18:24:12.676 INFO  ExecHelper - interestingness_test /opt/reduce/cezanne_radeon_vega/syn_memory_converge/variant_775.comp reduction_results/cezanne_radeon_vega/syn_memory_converge/variant_775/variant_775.json
18:24:12.678 INFO  StreamGobblerLogger - stderr.env: ‘interestingness_test’: No such file or directory
18:24:12.678 INFO  ExecHelper - Result: 127
18:24:12.678 INFO  CustomFileJudge - Custom file judge result: 127
18:24:12.678 INFO  ReductionDriver - Result from initial state is not interesting (attempt 3)
18:24:12.681 INFO  ExecHelper - interestingness_test /opt/reduce/cezanne_radeon_vega/syn_memory_converge/variant_775.comp reduction_results/cezanne_radeon_vega/syn_memory_converge/variant_775/variant_775.json
18:24:12.682 INFO  StreamGobblerLogger - stderr.env: ‘interestingness_test’: No such file or directory
18:24:12.683 INFO  ExecHelper - Result: 127
18:24:12.683 INFO  CustomFileJudge - Custom file judge result: 127
18:24:12.683 INFO  ReductionDriver - Result from initial state is not interesting (attempt 4)
18:24:12.685 INFO  ExecHelper - interestingness_test /opt/reduce/cezanne_radeon_vega/syn_memory_converge/variant_775.comp reduction_results/cezanne_radeon_vega/syn_memory_converge/variant_775/variant_775.json
18:24:12.686 INFO  StreamGobblerLogger - stderr.env: ‘interestingness_test’: No such file or directory
18:24:12.686 INFO  ExecHelper - Result: 127
18:24:12.687 INFO  CustomFileJudge - Custom file judge result: 127
18:24:12.687 INFO  ReductionDriver - Result from initial state is not interesting (attempt 5)
18:24:12.687 INFO  ReductionDriver - Tried 5 times; stopping.
Reduction command: java -ea -cp /opt/graphicsfuzz/graphicsfuzz/target/graphicsfuzz/python/drivers/../../jar/tool-1.0.jar com.graphicsfuzz.reducer.tool.GlslReduce /opt/reduce/cezanne_radeon_vega/syn_memory_converge/variant_775.json interestingness_test --output reduction_results/cezanne_radeon_vega/syn_memory_converge/variant_775 /opt/reduce/cezanne_radeon_vega/syn_memory_converge/variant_775.comp
