19:35:53.678 INFO  ExecHelper - /opt/graphicsfuzz/graphicsfuzz/target/graphicsfuzz/bin/Linux/glslangValidator -E --stdin -S comp
19:35:53.727 INFO  ExecHelper - Result: 0
19:35:53.784 INFO  ReductionDriver - Starting reduction for variant_683
19:35:53.788 INFO  ExecHelper - interestingness_test /opt/reduce/rtx_4070/syn_memory_converge/variant_683.comp reduction_results/rtx_4070/syn_memory_converge/variant_683/variant_683.json
19:35:53.790 INFO  StreamGobblerLogger - stderr.env: ‘interestingness_test’: No such file or directory
19:35:53.791 INFO  ExecHelper - Result: 127
19:35:53.791 INFO  CustomFileJudge - Custom file judge result: 127
19:35:53.791 INFO  ReductionDriver - Result from initial state is not interesting (attempt 1)
19:35:53.791 INFO  ExecHelper - interestingness_test /opt/reduce/rtx_4070/syn_memory_converge/variant_683.comp reduction_results/rtx_4070/syn_memory_converge/variant_683/variant_683.json
19:35:53.792 INFO  StreamGobblerLogger - stderr.env: ‘interestingness_test’: No such file or directory
19:35:53.793 INFO  ExecHelper - Result: 127
19:35:53.793 INFO  CustomFileJudge - Custom file judge result: 127
19:35:53.793 INFO  ReductionDriver - Result from initial state is not interesting (attempt 2)
19:35:53.794 INFO  ExecHelper - interestingness_test /opt/reduce/rtx_4070/syn_memory_converge/variant_683.comp reduction_results/rtx_4070/syn_memory_converge/variant_683/variant_683.json
19:35:53.795 INFO  StreamGobblerLogger - stderr.env: ‘interestingness_test’: No such file or directory
19:35:53.795 INFO  ExecHelper - Result: 127
19:35:53.795 INFO  CustomFileJudge - Custom file judge result: 127
19:35:53.795 INFO  ReductionDriver - Result from initial state is not interesting (attempt 3)
19:35:53.796 INFO  ExecHelper - interestingness_test /opt/reduce/rtx_4070/syn_memory_converge/variant_683.comp reduction_results/rtx_4070/syn_memory_converge/variant_683/variant_683.json
19:35:53.797 INFO  StreamGobblerLogger - stderr.env: ‘interestingness_test’: No such file or directory
19:35:53.797 INFO  ExecHelper - Result: 127
19:35:53.797 INFO  CustomFileJudge - Custom file judge result: 127
19:35:53.797 INFO  ReductionDriver - Result from initial state is not interesting (attempt 4)
19:35:53.798 INFO  ExecHelper - interestingness_test /opt/reduce/rtx_4070/syn_memory_converge/variant_683.comp reduction_results/rtx_4070/syn_memory_converge/variant_683/variant_683.json
19:35:53.799 INFO  StreamGobblerLogger - stderr.env: ‘interestingness_test’: No such file or directory
19:35:53.799 INFO  ExecHelper - Result: 127
19:35:53.799 INFO  CustomFileJudge - Custom file judge result: 127
19:35:53.799 INFO  ReductionDriver - Result from initial state is not interesting (attempt 5)
19:35:53.800 INFO  ReductionDriver - Tried 5 times; stopping.
Reduction command: java -ea -cp /opt/graphicsfuzz/graphicsfuzz/target/graphicsfuzz/python/drivers/../../jar/tool-1.0.jar com.graphicsfuzz.reducer.tool.GlslReduce /opt/reduce/rtx_4070/syn_memory_converge/variant_683.json interestingness_test --output reduction_results/rtx_4070/syn_memory_converge/variant_683 /opt/reduce/rtx_4070/syn_memory_converge/variant_683.comp
