18:14:08.634 INFO  ExecHelper - /opt/graphicsfuzz/graphicsfuzz/target/graphicsfuzz/bin/Linux/glslangValidator -E --stdin -S comp
18:14:08.700 INFO  ExecHelper - Result: 0
18:14:09.525 INFO  ReductionDriver - Starting reduction for variant_024
18:14:09.605 INFO  ExecHelper - interestingness_test /opt/reduce/cezanne_radeon_vega/syn_memory_converge/variant_024.comp reduction_results/cezanne_radeon_vega/syn_memory_converge/variant_024/variant_024.json
18:14:09.607 INFO  StreamGobblerLogger - stderr.env: ‘interestingness_test’: No such file or directory
18:14:09.608 INFO  ExecHelper - Result: 127
18:14:09.608 INFO  CustomFileJudge - Custom file judge result: 127
18:14:09.608 INFO  ReductionDriver - Result from initial state is not interesting (attempt 1)
18:14:09.676 INFO  ExecHelper - interestingness_test /opt/reduce/cezanne_radeon_vega/syn_memory_converge/variant_024.comp reduction_results/cezanne_radeon_vega/syn_memory_converge/variant_024/variant_024.json
18:14:09.678 INFO  StreamGobblerLogger - stderr.env: ‘interestingness_test’: No such file or directory
18:14:09.678 INFO  ExecHelper - Result: 127
18:14:09.678 INFO  CustomFileJudge - Custom file judge result: 127
18:14:09.678 INFO  ReductionDriver - Result from initial state is not interesting (attempt 2)
18:14:09.750 INFO  ExecHelper - interestingness_test /opt/reduce/cezanne_radeon_vega/syn_memory_converge/variant_024.comp reduction_results/cezanne_radeon_vega/syn_memory_converge/variant_024/variant_024.json
18:14:09.751 INFO  StreamGobblerLogger - stderr.env: ‘interestingness_test’: No such file or directory
18:14:09.752 INFO  ExecHelper - Result: 127
18:14:09.752 INFO  CustomFileJudge - Custom file judge result: 127
18:14:09.752 INFO  ReductionDriver - Result from initial state is not interesting (attempt 3)
18:14:09.815 INFO  ExecHelper - interestingness_test /opt/reduce/cezanne_radeon_vega/syn_memory_converge/variant_024.comp reduction_results/cezanne_radeon_vega/syn_memory_converge/variant_024/variant_024.json
18:14:09.816 INFO  StreamGobblerLogger - stderr.env: ‘interestingness_test’: No such file or directory
18:14:09.817 INFO  ExecHelper - Result: 127
18:14:09.817 INFO  CustomFileJudge - Custom file judge result: 127
18:14:09.817 INFO  ReductionDriver - Result from initial state is not interesting (attempt 4)
18:14:09.881 INFO  ExecHelper - interestingness_test /opt/reduce/cezanne_radeon_vega/syn_memory_converge/variant_024.comp reduction_results/cezanne_radeon_vega/syn_memory_converge/variant_024/variant_024.json
18:14:09.883 INFO  StreamGobblerLogger - stderr.env: ‘interestingness_test’: No such file or directory
18:14:09.883 INFO  ExecHelper - Result: 127
18:14:09.884 INFO  CustomFileJudge - Custom file judge result: 127
18:14:09.884 INFO  ReductionDriver - Result from initial state is not interesting (attempt 5)
18:14:09.884 INFO  ReductionDriver - Tried 5 times; stopping.
Reduction command: java -ea -cp /opt/graphicsfuzz/graphicsfuzz/target/graphicsfuzz/python/drivers/../../jar/tool-1.0.jar com.graphicsfuzz.reducer.tool.GlslReduce /opt/reduce/cezanne_radeon_vega/syn_memory_converge/variant_024.json interestingness_test --output reduction_results/cezanne_radeon_vega/syn_memory_converge/variant_024 /opt/reduce/cezanne_radeon_vega/syn_memory_converge/variant_024.comp
