19:48:36.287 INFO  ExecHelper - /opt/graphicsfuzz/graphicsfuzz/target/graphicsfuzz/bin/Linux/glslangValidator -E --stdin -S comp
19:48:36.344 INFO  ExecHelper - Result: 0
19:48:37.668 INFO  ReductionDriver - Starting reduction for variant_571
19:48:37.839 INFO  ExecHelper - interestingness_test /opt/reduce/rtx_4070/syn_memory_converge_atomic/variant_571.comp reduction_results/rtx_4070/syn_memory_converge_atomic/variant_571/variant_571.json
19:48:37.841 INFO  StreamGobblerLogger - stderr.env: ‘interestingness_test’: No such file or directory
19:48:37.841 INFO  ExecHelper - Result: 127
19:48:37.841 INFO  CustomFileJudge - Custom file judge result: 127
19:48:37.841 INFO  ReductionDriver - Result from initial state is not interesting (attempt 1)
19:48:37.990 INFO  ExecHelper - interestingness_test /opt/reduce/rtx_4070/syn_memory_converge_atomic/variant_571.comp reduction_results/rtx_4070/syn_memory_converge_atomic/variant_571/variant_571.json
19:48:37.992 INFO  StreamGobblerLogger - stderr.env: ‘interestingness_test’: No such file or directory
19:48:37.993 INFO  ExecHelper - Result: 127
19:48:37.993 INFO  CustomFileJudge - Custom file judge result: 127
19:48:37.993 INFO  ReductionDriver - Result from initial state is not interesting (attempt 2)
19:48:38.131 INFO  ExecHelper - interestingness_test /opt/reduce/rtx_4070/syn_memory_converge_atomic/variant_571.comp reduction_results/rtx_4070/syn_memory_converge_atomic/variant_571/variant_571.json
19:48:38.133 INFO  StreamGobblerLogger - stderr.env: ‘interestingness_test’: No such file or directory
19:48:38.133 INFO  ExecHelper - Result: 127
19:48:38.134 INFO  CustomFileJudge - Custom file judge result: 127
19:48:38.134 INFO  ReductionDriver - Result from initial state is not interesting (attempt 3)
19:48:38.270 INFO  ExecHelper - interestingness_test /opt/reduce/rtx_4070/syn_memory_converge_atomic/variant_571.comp reduction_results/rtx_4070/syn_memory_converge_atomic/variant_571/variant_571.json
19:48:38.271 INFO  StreamGobblerLogger - stderr.env: ‘interestingness_test’: No such file or directory
19:48:38.272 INFO  ExecHelper - Result: 127
19:48:38.272 INFO  CustomFileJudge - Custom file judge result: 127
19:48:38.272 INFO  ReductionDriver - Result from initial state is not interesting (attempt 4)
19:48:38.408 INFO  ExecHelper - interestingness_test /opt/reduce/rtx_4070/syn_memory_converge_atomic/variant_571.comp reduction_results/rtx_4070/syn_memory_converge_atomic/variant_571/variant_571.json
19:48:38.409 INFO  StreamGobblerLogger - stderr.env: ‘interestingness_test’: No such file or directory
19:48:38.410 INFO  ExecHelper - Result: 127
19:48:38.410 INFO  CustomFileJudge - Custom file judge result: 127
19:48:38.410 INFO  ReductionDriver - Result from initial state is not interesting (attempt 5)
19:48:38.410 INFO  ReductionDriver - Tried 5 times; stopping.
Reduction command: java -ea -cp /opt/graphicsfuzz/graphicsfuzz/target/graphicsfuzz/python/drivers/../../jar/tool-1.0.jar com.graphicsfuzz.reducer.tool.GlslReduce /opt/reduce/rtx_4070/syn_memory_converge_atomic/variant_571.json interestingness_test --output reduction_results/rtx_4070/syn_memory_converge_atomic/variant_571 /opt/reduce/rtx_4070/syn_memory_converge_atomic/variant_571.comp
