18:29:30.155 INFO  ExecHelper - /opt/graphicsfuzz/graphicsfuzz/target/graphicsfuzz/bin/Linux/glslangValidator -E --stdin -S comp
18:29:30.210 INFO  ExecHelper - Result: 0
18:29:30.589 INFO  ReductionDriver - Starting reduction for variant_165
18:29:30.657 INFO  ExecHelper - interestingness_test /opt/reduce/cezanne_radeon_vega/syn_memory_converge_atomic/variant_165.comp reduction_results/cezanne_radeon_vega/syn_memory_converge_atomic/variant_165/variant_165.json
18:29:30.659 INFO  StreamGobblerLogger - stderr.env: ‘interestingness_test’: No such file or directory
18:29:30.659 INFO  ExecHelper - Result: 127
18:29:30.659 INFO  CustomFileJudge - Custom file judge result: 127
18:29:30.659 INFO  ReductionDriver - Result from initial state is not interesting (attempt 1)
18:29:30.716 INFO  ExecHelper - interestingness_test /opt/reduce/cezanne_radeon_vega/syn_memory_converge_atomic/variant_165.comp reduction_results/cezanne_radeon_vega/syn_memory_converge_atomic/variant_165/variant_165.json
18:29:30.718 INFO  StreamGobblerLogger - stderr.env: ‘interestingness_test’: No such file or directory
18:29:30.718 INFO  ExecHelper - Result: 127
18:29:30.718 INFO  CustomFileJudge - Custom file judge result: 127
18:29:30.718 INFO  ReductionDriver - Result from initial state is not interesting (attempt 2)
18:29:30.770 INFO  ExecHelper - interestingness_test /opt/reduce/cezanne_radeon_vega/syn_memory_converge_atomic/variant_165.comp reduction_results/cezanne_radeon_vega/syn_memory_converge_atomic/variant_165/variant_165.json
18:29:30.771 INFO  StreamGobblerLogger - stderr.env: ‘interestingness_test’: No such file or directory
18:29:30.772 INFO  ExecHelper - Result: 127
18:29:30.772 INFO  CustomFileJudge - Custom file judge result: 127
18:29:30.772 INFO  ReductionDriver - Result from initial state is not interesting (attempt 3)
18:29:30.822 INFO  ExecHelper - interestingness_test /opt/reduce/cezanne_radeon_vega/syn_memory_converge_atomic/variant_165.comp reduction_results/cezanne_radeon_vega/syn_memory_converge_atomic/variant_165/variant_165.json
18:29:30.823 INFO  StreamGobblerLogger - stderr.env: ‘interestingness_test’: No such file or directory
18:29:30.824 INFO  ExecHelper - Result: 127
18:29:30.824 INFO  CustomFileJudge - Custom file judge result: 127
18:29:30.824 INFO  ReductionDriver - Result from initial state is not interesting (attempt 4)
18:29:30.881 INFO  ExecHelper - interestingness_test /opt/reduce/cezanne_radeon_vega/syn_memory_converge_atomic/variant_165.comp reduction_results/cezanne_radeon_vega/syn_memory_converge_atomic/variant_165/variant_165.json
18:29:30.883 INFO  StreamGobblerLogger - stderr.env: ‘interestingness_test’: No such file or directory
18:29:30.884 INFO  ExecHelper - Result: 127
18:29:30.884 INFO  CustomFileJudge - Custom file judge result: 127
18:29:30.884 INFO  ReductionDriver - Result from initial state is not interesting (attempt 5)
18:29:30.884 INFO  ReductionDriver - Tried 5 times; stopping.
Reduction command: java -ea -cp /opt/graphicsfuzz/graphicsfuzz/target/graphicsfuzz/python/drivers/../../jar/tool-1.0.jar com.graphicsfuzz.reducer.tool.GlslReduce /opt/reduce/cezanne_radeon_vega/syn_memory_converge_atomic/variant_165.json interestingness_test --output reduction_results/cezanne_radeon_vega/syn_memory_converge_atomic/variant_165 /opt/reduce/cezanne_radeon_vega/syn_memory_converge_atomic/variant_165.comp
