18:45:03.487 INFO  ExecHelper - /opt/graphicsfuzz/graphicsfuzz/target/graphicsfuzz/bin/Linux/glslangValidator -E --stdin -S comp
18:45:03.617 INFO  ExecHelper - Result: 0
18:45:04.101 INFO  ReductionDriver - Starting reduction for variant_419
18:45:04.114 INFO  ExecHelper - interestingness_test /opt/reduce/intel_iris_xe_graphics/syn_branch_syn_relax/variant_419.comp reduction_results/intel_iris_xe_graphics/syn_branch_syn_relax/variant_419/variant_419.json
18:45:04.115 INFO  StreamGobblerLogger - stderr.env: ‘interestingness_test’: No such file or directory
18:45:04.116 INFO  ExecHelper - Result: 127
18:45:04.116 INFO  CustomFileJudge - Custom file judge result: 127
18:45:04.116 INFO  ReductionDriver - Result from initial state is not interesting (attempt 1)
18:45:04.122 INFO  ExecHelper - interestingness_test /opt/reduce/intel_iris_xe_graphics/syn_branch_syn_relax/variant_419.comp reduction_results/intel_iris_xe_graphics/syn_branch_syn_relax/variant_419/variant_419.json
18:45:04.123 INFO  StreamGobblerLogger - stderr.env: ‘interestingness_test’: No such file or directory
18:45:04.123 INFO  ExecHelper - Result: 127
18:45:04.123 INFO  CustomFileJudge - Custom file judge result: 127
18:45:04.123 INFO  ReductionDriver - Result from initial state is not interesting (attempt 2)
18:45:04.128 INFO  ExecHelper - interestingness_test /opt/reduce/intel_iris_xe_graphics/syn_branch_syn_relax/variant_419.comp reduction_results/intel_iris_xe_graphics/syn_branch_syn_relax/variant_419/variant_419.json
18:45:04.129 INFO  StreamGobblerLogger - stderr.env: ‘interestingness_test’: No such file or directory
18:45:04.130 INFO  ExecHelper - Result: 127
18:45:04.130 INFO  CustomFileJudge - Custom file judge result: 127
18:45:04.130 INFO  ReductionDriver - Result from initial state is not interesting (attempt 3)
18:45:04.134 INFO  ExecHelper - interestingness_test /opt/reduce/intel_iris_xe_graphics/syn_branch_syn_relax/variant_419.comp reduction_results/intel_iris_xe_graphics/syn_branch_syn_relax/variant_419/variant_419.json
18:45:04.135 INFO  StreamGobblerLogger - stderr.env: ‘interestingness_test’: No such file or directory
18:45:04.135 INFO  ExecHelper - Result: 127
18:45:04.135 INFO  CustomFileJudge - Custom file judge result: 127
18:45:04.135 INFO  ReductionDriver - Result from initial state is not interesting (attempt 4)
18:45:04.139 INFO  ExecHelper - interestingness_test /opt/reduce/intel_iris_xe_graphics/syn_branch_syn_relax/variant_419.comp reduction_results/intel_iris_xe_graphics/syn_branch_syn_relax/variant_419/variant_419.json
18:45:04.140 INFO  StreamGobblerLogger - stderr.env: ‘interestingness_test’: No such file or directory
18:45:04.141 INFO  ExecHelper - Result: 127
18:45:04.141 INFO  CustomFileJudge - Custom file judge result: 127
18:45:04.141 INFO  ReductionDriver - Result from initial state is not interesting (attempt 5)
18:45:04.141 INFO  ReductionDriver - Tried 5 times; stopping.
Reduction command: java -ea -cp /opt/graphicsfuzz/graphicsfuzz/target/graphicsfuzz/python/drivers/../../jar/tool-1.0.jar com.graphicsfuzz.reducer.tool.GlslReduce /opt/reduce/intel_iris_xe_graphics/syn_branch_syn_relax/variant_419.json interestingness_test --output reduction_results/intel_iris_xe_graphics/syn_branch_syn_relax/variant_419 /opt/reduce/intel_iris_xe_graphics/syn_branch_syn_relax/variant_419.comp
