19:11:16.439 INFO  ExecHelper - /opt/graphicsfuzz/graphicsfuzz/target/graphicsfuzz/bin/Linux/glslangValidator -E --stdin -S comp
19:11:16.506 INFO  ExecHelper - Result: 0
19:11:17.778 INFO  ReductionDriver - Starting reduction for variant_490
19:11:17.880 INFO  ExecHelper - interestingness_test /opt/reduce/intel_iris_xe_graphics/syn_memory_converge_atomic/variant_490.comp reduction_results/intel_iris_xe_graphics/syn_memory_converge_atomic/variant_490/variant_490.json
19:11:17.882 INFO  StreamGobblerLogger - stderr.env: ‘interestingness_test’: No such file or directory
19:11:17.882 INFO  ExecHelper - Result: 127
19:11:17.882 INFO  CustomFileJudge - Custom file judge result: 127
19:11:17.882 INFO  ReductionDriver - Result from initial state is not interesting (attempt 1)
19:11:17.971 INFO  ExecHelper - interestingness_test /opt/reduce/intel_iris_xe_graphics/syn_memory_converge_atomic/variant_490.comp reduction_results/intel_iris_xe_graphics/syn_memory_converge_atomic/variant_490/variant_490.json
19:11:17.973 INFO  StreamGobblerLogger - stderr.env: ‘interestingness_test’: No such file or directory
19:11:17.973 INFO  ExecHelper - Result: 127
19:11:17.973 INFO  CustomFileJudge - Custom file judge result: 127
19:11:17.973 INFO  ReductionDriver - Result from initial state is not interesting (attempt 2)
19:11:18.062 INFO  ExecHelper - interestingness_test /opt/reduce/intel_iris_xe_graphics/syn_memory_converge_atomic/variant_490.comp reduction_results/intel_iris_xe_graphics/syn_memory_converge_atomic/variant_490/variant_490.json
19:11:18.063 INFO  StreamGobblerLogger - stderr.env: ‘interestingness_test’: No such file or directory
19:11:18.064 INFO  ExecHelper - Result: 127
19:11:18.064 INFO  CustomFileJudge - Custom file judge result: 127
19:11:18.064 INFO  ReductionDriver - Result from initial state is not interesting (attempt 3)
19:11:18.148 INFO  ExecHelper - interestingness_test /opt/reduce/intel_iris_xe_graphics/syn_memory_converge_atomic/variant_490.comp reduction_results/intel_iris_xe_graphics/syn_memory_converge_atomic/variant_490/variant_490.json
19:11:18.150 INFO  StreamGobblerLogger - stderr.env: ‘interestingness_test’: No such file or directory
19:11:18.151 INFO  ExecHelper - Result: 127
19:11:18.151 INFO  CustomFileJudge - Custom file judge result: 127
19:11:18.151 INFO  ReductionDriver - Result from initial state is not interesting (attempt 4)
19:11:18.235 INFO  ExecHelper - interestingness_test /opt/reduce/intel_iris_xe_graphics/syn_memory_converge_atomic/variant_490.comp reduction_results/intel_iris_xe_graphics/syn_memory_converge_atomic/variant_490/variant_490.json
19:11:18.236 INFO  StreamGobblerLogger - stderr.env: ‘interestingness_test’: No such file or directory
19:11:18.237 INFO  ExecHelper - Result: 127
19:11:18.237 INFO  CustomFileJudge - Custom file judge result: 127
19:11:18.237 INFO  ReductionDriver - Result from initial state is not interesting (attempt 5)
19:11:18.237 INFO  ReductionDriver - Tried 5 times; stopping.
Reduction command: java -ea -cp /opt/graphicsfuzz/graphicsfuzz/target/graphicsfuzz/python/drivers/../../jar/tool-1.0.jar com.graphicsfuzz.reducer.tool.GlslReduce /opt/reduce/intel_iris_xe_graphics/syn_memory_converge_atomic/variant_490.json interestingness_test --output reduction_results/intel_iris_xe_graphics/syn_memory_converge_atomic/variant_490 /opt/reduce/intel_iris_xe_graphics/syn_memory_converge_atomic/variant_490.comp
