19:37:23.017 INFO  ExecHelper - /opt/graphicsfuzz/graphicsfuzz/target/graphicsfuzz/bin/Linux/glslangValidator -E --stdin -S comp
19:37:23.070 INFO  ExecHelper - Result: 0
19:37:23.374 INFO  ReductionDriver - Starting reduction for variant_792
19:37:23.448 INFO  ExecHelper - interestingness_test /opt/reduce/rtx_4070/syn_memory_converge/variant_792.comp reduction_results/rtx_4070/syn_memory_converge/variant_792/variant_792.json
19:37:23.449 INFO  StreamGobblerLogger - stderr.env: ‘interestingness_test’: No such file or directory
19:37:23.450 INFO  ExecHelper - Result: 127
19:37:23.450 INFO  CustomFileJudge - Custom file judge result: 127
19:37:23.450 INFO  ReductionDriver - Result from initial state is not interesting (attempt 1)
19:37:23.509 INFO  ExecHelper - interestingness_test /opt/reduce/rtx_4070/syn_memory_converge/variant_792.comp reduction_results/rtx_4070/syn_memory_converge/variant_792/variant_792.json
19:37:23.510 INFO  StreamGobblerLogger - stderr.env: ‘interestingness_test’: No such file or directory
19:37:23.511 INFO  ExecHelper - Result: 127
19:37:23.511 INFO  CustomFileJudge - Custom file judge result: 127
19:37:23.511 INFO  ReductionDriver - Result from initial state is not interesting (attempt 2)
19:37:23.573 INFO  ExecHelper - interestingness_test /opt/reduce/rtx_4070/syn_memory_converge/variant_792.comp reduction_results/rtx_4070/syn_memory_converge/variant_792/variant_792.json
19:37:23.575 INFO  StreamGobblerLogger - stderr.env: ‘interestingness_test’: No such file or directory
19:37:23.575 INFO  ExecHelper - Result: 127
19:37:23.575 INFO  CustomFileJudge - Custom file judge result: 127
19:37:23.575 INFO  ReductionDriver - Result from initial state is not interesting (attempt 3)
19:37:23.638 INFO  ExecHelper - interestingness_test /opt/reduce/rtx_4070/syn_memory_converge/variant_792.comp reduction_results/rtx_4070/syn_memory_converge/variant_792/variant_792.json
19:37:23.639 INFO  StreamGobblerLogger - stderr.env: ‘interestingness_test’: No such file or directory
19:37:23.640 INFO  ExecHelper - Result: 127
19:37:23.640 INFO  CustomFileJudge - Custom file judge result: 127
19:37:23.640 INFO  ReductionDriver - Result from initial state is not interesting (attempt 4)
19:37:23.694 INFO  ExecHelper - interestingness_test /opt/reduce/rtx_4070/syn_memory_converge/variant_792.comp reduction_results/rtx_4070/syn_memory_converge/variant_792/variant_792.json
19:37:23.696 INFO  StreamGobblerLogger - stderr.env: ‘interestingness_test’: No such file or directory
19:37:23.696 INFO  ExecHelper - Result: 127
19:37:23.696 INFO  CustomFileJudge - Custom file judge result: 127
19:37:23.696 INFO  ReductionDriver - Result from initial state is not interesting (attempt 5)
19:37:23.696 INFO  ReductionDriver - Tried 5 times; stopping.
Reduction command: java -ea -cp /opt/graphicsfuzz/graphicsfuzz/target/graphicsfuzz/python/drivers/../../jar/tool-1.0.jar com.graphicsfuzz.reducer.tool.GlslReduce /opt/reduce/rtx_4070/syn_memory_converge/variant_792.json interestingness_test --output reduction_results/rtx_4070/syn_memory_converge/variant_792 /opt/reduce/rtx_4070/syn_memory_converge/variant_792.comp
