19:29:39.604 INFO  ExecHelper - /opt/graphicsfuzz/graphicsfuzz/target/graphicsfuzz/bin/Linux/glslangValidator -E --stdin -S comp
19:29:39.660 INFO  ExecHelper - Result: 0
19:29:40.006 INFO  ReductionDriver - Starting reduction for variant_248
19:29:40.097 INFO  ExecHelper - interestingness_test /opt/reduce/rtx_4070/syn_memory_converge/variant_248.comp reduction_results/rtx_4070/syn_memory_converge/variant_248/variant_248.json
19:29:40.098 INFO  StreamGobblerLogger - stderr.env: ‘interestingness_test’: No such file or directory
19:29:40.099 INFO  ExecHelper - Result: 127
19:29:40.099 INFO  CustomFileJudge - Custom file judge result: 127
19:29:40.099 INFO  ReductionDriver - Result from initial state is not interesting (attempt 1)
19:29:40.173 INFO  ExecHelper - interestingness_test /opt/reduce/rtx_4070/syn_memory_converge/variant_248.comp reduction_results/rtx_4070/syn_memory_converge/variant_248/variant_248.json
19:29:40.175 INFO  StreamGobblerLogger - stderr.env: ‘interestingness_test’: No such file or directory
19:29:40.176 INFO  ExecHelper - Result: 127
19:29:40.176 INFO  CustomFileJudge - Custom file judge result: 127
19:29:40.176 INFO  ReductionDriver - Result from initial state is not interesting (attempt 2)
19:29:40.245 INFO  ExecHelper - interestingness_test /opt/reduce/rtx_4070/syn_memory_converge/variant_248.comp reduction_results/rtx_4070/syn_memory_converge/variant_248/variant_248.json
19:29:40.247 INFO  StreamGobblerLogger - stderr.env: ‘interestingness_test’: No such file or directory
19:29:40.247 INFO  ExecHelper - Result: 127
19:29:40.247 INFO  CustomFileJudge - Custom file judge result: 127
19:29:40.247 INFO  ReductionDriver - Result from initial state is not interesting (attempt 3)
19:29:40.316 INFO  ExecHelper - interestingness_test /opt/reduce/rtx_4070/syn_memory_converge/variant_248.comp reduction_results/rtx_4070/syn_memory_converge/variant_248/variant_248.json
19:29:40.318 INFO  StreamGobblerLogger - stderr.env: ‘interestingness_test’: No such file or directory
19:29:40.318 INFO  ExecHelper - Result: 127
19:29:40.318 INFO  CustomFileJudge - Custom file judge result: 127
19:29:40.318 INFO  ReductionDriver - Result from initial state is not interesting (attempt 4)
19:29:40.386 INFO  ExecHelper - interestingness_test /opt/reduce/rtx_4070/syn_memory_converge/variant_248.comp reduction_results/rtx_4070/syn_memory_converge/variant_248/variant_248.json
19:29:40.388 INFO  StreamGobblerLogger - stderr.env: ‘interestingness_test’: No such file or directory
19:29:40.388 INFO  ExecHelper - Result: 127
19:29:40.388 INFO  CustomFileJudge - Custom file judge result: 127
19:29:40.388 INFO  ReductionDriver - Result from initial state is not interesting (attempt 5)
19:29:40.388 INFO  ReductionDriver - Tried 5 times; stopping.
Reduction command: java -ea -cp /opt/graphicsfuzz/graphicsfuzz/target/graphicsfuzz/python/drivers/../../jar/tool-1.0.jar com.graphicsfuzz.reducer.tool.GlslReduce /opt/reduce/rtx_4070/syn_memory_converge/variant_248.json interestingness_test --output reduction_results/rtx_4070/syn_memory_converge/variant_248 /opt/reduce/rtx_4070/syn_memory_converge/variant_248.comp
