19:41:51.662 INFO  ExecHelper - /opt/graphicsfuzz/graphicsfuzz/target/graphicsfuzz/bin/Linux/glslangValidator -E --stdin -S comp
19:41:51.724 INFO  ExecHelper - Result: 0
19:41:52.159 INFO  ReductionDriver - Starting reduction for variant_114
19:41:52.281 INFO  ExecHelper - interestingness_test /opt/reduce/rtx_4070/syn_memory_converge_atomic/variant_114.comp reduction_results/rtx_4070/syn_memory_converge_atomic/variant_114/variant_114.json
19:41:52.283 INFO  StreamGobblerLogger - stderr.env: ‘interestingness_test’: No such file or directory
19:41:52.284 INFO  ExecHelper - Result: 127
19:41:52.284 INFO  CustomFileJudge - Custom file judge result: 127
19:41:52.284 INFO  ReductionDriver - Result from initial state is not interesting (attempt 1)
19:41:52.402 INFO  ExecHelper - interestingness_test /opt/reduce/rtx_4070/syn_memory_converge_atomic/variant_114.comp reduction_results/rtx_4070/syn_memory_converge_atomic/variant_114/variant_114.json
19:41:52.403 INFO  StreamGobblerLogger - stderr.env: ‘interestingness_test’: No such file or directory
19:41:52.404 INFO  ExecHelper - Result: 127
19:41:52.404 INFO  CustomFileJudge - Custom file judge result: 127
19:41:52.404 INFO  ReductionDriver - Result from initial state is not interesting (attempt 2)
19:41:52.506 INFO  ExecHelper - interestingness_test /opt/reduce/rtx_4070/syn_memory_converge_atomic/variant_114.comp reduction_results/rtx_4070/syn_memory_converge_atomic/variant_114/variant_114.json
19:41:52.508 INFO  StreamGobblerLogger - stderr.env: ‘interestingness_test’: No such file or directory
19:41:52.508 INFO  ExecHelper - Result: 127
19:41:52.508 INFO  CustomFileJudge - Custom file judge result: 127
19:41:52.508 INFO  ReductionDriver - Result from initial state is not interesting (attempt 3)
19:41:52.608 INFO  ExecHelper - interestingness_test /opt/reduce/rtx_4070/syn_memory_converge_atomic/variant_114.comp reduction_results/rtx_4070/syn_memory_converge_atomic/variant_114/variant_114.json
19:41:52.610 INFO  StreamGobblerLogger - stderr.env: ‘interestingness_test’: No such file or directory
19:41:52.611 INFO  ExecHelper - Result: 127
19:41:52.611 INFO  CustomFileJudge - Custom file judge result: 127
19:41:52.611 INFO  ReductionDriver - Result from initial state is not interesting (attempt 4)
19:41:52.709 INFO  ExecHelper - interestingness_test /opt/reduce/rtx_4070/syn_memory_converge_atomic/variant_114.comp reduction_results/rtx_4070/syn_memory_converge_atomic/variant_114/variant_114.json
19:41:52.711 INFO  StreamGobblerLogger - stderr.env: ‘interestingness_test’: No such file or directory
19:41:52.711 INFO  ExecHelper - Result: 127
19:41:52.711 INFO  CustomFileJudge - Custom file judge result: 127
19:41:52.711 INFO  ReductionDriver - Result from initial state is not interesting (attempt 5)
19:41:52.711 INFO  ReductionDriver - Tried 5 times; stopping.
Reduction command: java -ea -cp /opt/graphicsfuzz/graphicsfuzz/target/graphicsfuzz/python/drivers/../../jar/tool-1.0.jar com.graphicsfuzz.reducer.tool.GlslReduce /opt/reduce/rtx_4070/syn_memory_converge_atomic/variant_114.json interestingness_test --output reduction_results/rtx_4070/syn_memory_converge_atomic/variant_114 /opt/reduce/rtx_4070/syn_memory_converge_atomic/variant_114.comp
