18:15:31.607 INFO  ExecHelper - /opt/graphicsfuzz/graphicsfuzz/target/graphicsfuzz/bin/Linux/glslangValidator -E --stdin -S comp
18:15:31.665 INFO  ExecHelper - Result: 0
18:15:32.019 INFO  ReductionDriver - Starting reduction for variant_127
18:15:32.134 INFO  ExecHelper - interestingness_test /opt/reduce/cezanne_radeon_vega/syn_memory_converge/variant_127.comp reduction_results/cezanne_radeon_vega/syn_memory_converge/variant_127/variant_127.json
18:15:32.136 INFO  StreamGobblerLogger - stderr.env: ‘interestingness_test’: No such file or directory
18:15:32.136 INFO  ExecHelper - Result: 127
18:15:32.137 INFO  CustomFileJudge - Custom file judge result: 127
18:15:32.137 INFO  ReductionDriver - Result from initial state is not interesting (attempt 1)
18:15:32.237 INFO  ExecHelper - interestingness_test /opt/reduce/cezanne_radeon_vega/syn_memory_converge/variant_127.comp reduction_results/cezanne_radeon_vega/syn_memory_converge/variant_127/variant_127.json
18:15:32.239 INFO  StreamGobblerLogger - stderr.env: ‘interestingness_test’: No such file or directory
18:15:32.240 INFO  ExecHelper - Result: 127
18:15:32.240 INFO  CustomFileJudge - Custom file judge result: 127
18:15:32.240 INFO  ReductionDriver - Result from initial state is not interesting (attempt 2)
18:15:32.335 INFO  ExecHelper - interestingness_test /opt/reduce/cezanne_radeon_vega/syn_memory_converge/variant_127.comp reduction_results/cezanne_radeon_vega/syn_memory_converge/variant_127/variant_127.json
18:15:32.337 INFO  StreamGobblerLogger - stderr.env: ‘interestingness_test’: No such file or directory
18:15:32.337 INFO  ExecHelper - Result: 127
18:15:32.337 INFO  CustomFileJudge - Custom file judge result: 127
18:15:32.337 INFO  ReductionDriver - Result from initial state is not interesting (attempt 3)
18:15:32.431 INFO  ExecHelper - interestingness_test /opt/reduce/cezanne_radeon_vega/syn_memory_converge/variant_127.comp reduction_results/cezanne_radeon_vega/syn_memory_converge/variant_127/variant_127.json
18:15:32.432 INFO  StreamGobblerLogger - stderr.env: ‘interestingness_test’: No such file or directory
18:15:32.433 INFO  ExecHelper - Result: 127
18:15:32.433 INFO  CustomFileJudge - Custom file judge result: 127
18:15:32.433 INFO  ReductionDriver - Result from initial state is not interesting (attempt 4)
18:15:32.529 INFO  ExecHelper - interestingness_test /opt/reduce/cezanne_radeon_vega/syn_memory_converge/variant_127.comp reduction_results/cezanne_radeon_vega/syn_memory_converge/variant_127/variant_127.json
18:15:32.531 INFO  StreamGobblerLogger - stderr.env: ‘interestingness_test’: No such file or directory
18:15:32.532 INFO  ExecHelper - Result: 127
18:15:32.532 INFO  CustomFileJudge - Custom file judge result: 127
18:15:32.532 INFO  ReductionDriver - Result from initial state is not interesting (attempt 5)
18:15:32.532 INFO  ReductionDriver - Tried 5 times; stopping.
Reduction command: java -ea -cp /opt/graphicsfuzz/graphicsfuzz/target/graphicsfuzz/python/drivers/../../jar/tool-1.0.jar com.graphicsfuzz.reducer.tool.GlslReduce /opt/reduce/cezanne_radeon_vega/syn_memory_converge/variant_127.json interestingness_test --output reduction_results/cezanne_radeon_vega/syn_memory_converge/variant_127 /opt/reduce/cezanne_radeon_vega/syn_memory_converge/variant_127.comp
