18:15:02.410 INFO  ExecHelper - /opt/graphicsfuzz/graphicsfuzz/target/graphicsfuzz/bin/Linux/glslangValidator -E --stdin -S comp
18:15:02.456 INFO  ExecHelper - Result: 0
18:15:02.560 INFO  ReductionDriver - Starting reduction for variant_089
18:15:02.569 INFO  ExecHelper - interestingness_test /opt/reduce/cezanne_radeon_vega/syn_memory_converge/variant_089.comp reduction_results/cezanne_radeon_vega/syn_memory_converge/variant_089/variant_089.json
18:15:02.570 INFO  StreamGobblerLogger - stderr.env: ‘interestingness_test’: No such file or directory
18:15:02.571 INFO  ExecHelper - Result: 127
18:15:02.571 INFO  CustomFileJudge - Custom file judge result: 127
18:15:02.571 INFO  ReductionDriver - Result from initial state is not interesting (attempt 1)
18:15:02.574 INFO  ExecHelper - interestingness_test /opt/reduce/cezanne_radeon_vega/syn_memory_converge/variant_089.comp reduction_results/cezanne_radeon_vega/syn_memory_converge/variant_089/variant_089.json
18:15:02.576 INFO  StreamGobblerLogger - stderr.env: ‘interestingness_test’: No such file or directory
18:15:02.576 INFO  ExecHelper - Result: 127
18:15:02.576 INFO  CustomFileJudge - Custom file judge result: 127
18:15:02.576 INFO  ReductionDriver - Result from initial state is not interesting (attempt 2)
18:15:02.581 INFO  ExecHelper - interestingness_test /opt/reduce/cezanne_radeon_vega/syn_memory_converge/variant_089.comp reduction_results/cezanne_radeon_vega/syn_memory_converge/variant_089/variant_089.json
18:15:02.582 INFO  StreamGobblerLogger - stderr.env: ‘interestingness_test’: No such file or directory
18:15:02.582 INFO  ExecHelper - Result: 127
18:15:02.582 INFO  CustomFileJudge - Custom file judge result: 127
18:15:02.583 INFO  ReductionDriver - Result from initial state is not interesting (attempt 3)
18:15:02.586 INFO  ExecHelper - interestingness_test /opt/reduce/cezanne_radeon_vega/syn_memory_converge/variant_089.comp reduction_results/cezanne_radeon_vega/syn_memory_converge/variant_089/variant_089.json
18:15:02.588 INFO  StreamGobblerLogger - stderr.env: ‘interestingness_test’: No such file or directory
18:15:02.588 INFO  ExecHelper - Result: 127
18:15:02.588 INFO  CustomFileJudge - Custom file judge result: 127
18:15:02.588 INFO  ReductionDriver - Result from initial state is not interesting (attempt 4)
18:15:02.592 INFO  ExecHelper - interestingness_test /opt/reduce/cezanne_radeon_vega/syn_memory_converge/variant_089.comp reduction_results/cezanne_radeon_vega/syn_memory_converge/variant_089/variant_089.json
18:15:02.593 INFO  StreamGobblerLogger - stderr.env: ‘interestingness_test’: No such file or directory
18:15:02.594 INFO  ExecHelper - Result: 127
18:15:02.594 INFO  CustomFileJudge - Custom file judge result: 127
18:15:02.594 INFO  ReductionDriver - Result from initial state is not interesting (attempt 5)
18:15:02.594 INFO  ReductionDriver - Tried 5 times; stopping.
Reduction command: java -ea -cp /opt/graphicsfuzz/graphicsfuzz/target/graphicsfuzz/python/drivers/../../jar/tool-1.0.jar com.graphicsfuzz.reducer.tool.GlslReduce /opt/reduce/cezanne_radeon_vega/syn_memory_converge/variant_089.json interestingness_test --output reduction_results/cezanne_radeon_vega/syn_memory_converge/variant_089 /opt/reduce/cezanne_radeon_vega/syn_memory_converge/variant_089.comp
