19:33:16.653 INFO  ExecHelper - /opt/graphicsfuzz/graphicsfuzz/target/graphicsfuzz/bin/Linux/glslangValidator -E --stdin -S comp
19:33:16.700 INFO  ExecHelper - Result: 0
19:33:16.757 INFO  ReductionDriver - Starting reduction for variant_494
19:33:16.762 INFO  ExecHelper - interestingness_test /opt/reduce/rtx_4070/syn_memory_converge/variant_494.comp reduction_results/rtx_4070/syn_memory_converge/variant_494/variant_494.json
19:33:16.763 INFO  StreamGobblerLogger - stderr.env: ‘interestingness_test’: No such file or directory
19:33:16.764 INFO  ExecHelper - Result: 127
19:33:16.764 INFO  CustomFileJudge - Custom file judge result: 127
19:33:16.764 INFO  ReductionDriver - Result from initial state is not interesting (attempt 1)
19:33:16.765 INFO  ExecHelper - interestingness_test /opt/reduce/rtx_4070/syn_memory_converge/variant_494.comp reduction_results/rtx_4070/syn_memory_converge/variant_494/variant_494.json
19:33:16.766 INFO  StreamGobblerLogger - stderr.env: ‘interestingness_test’: No such file or directory
19:33:16.767 INFO  ExecHelper - Result: 127
19:33:16.767 INFO  CustomFileJudge - Custom file judge result: 127
19:33:16.767 INFO  ReductionDriver - Result from initial state is not interesting (attempt 2)
19:33:16.767 INFO  ExecHelper - interestingness_test /opt/reduce/rtx_4070/syn_memory_converge/variant_494.comp reduction_results/rtx_4070/syn_memory_converge/variant_494/variant_494.json
19:33:16.768 INFO  StreamGobblerLogger - stderr.env: ‘interestingness_test’: No such file or directory
19:33:16.769 INFO  ExecHelper - Result: 127
19:33:16.769 INFO  CustomFileJudge - Custom file judge result: 127
19:33:16.769 INFO  ReductionDriver - Result from initial state is not interesting (attempt 3)
19:33:16.770 INFO  ExecHelper - interestingness_test /opt/reduce/rtx_4070/syn_memory_converge/variant_494.comp reduction_results/rtx_4070/syn_memory_converge/variant_494/variant_494.json
19:33:16.770 INFO  StreamGobblerLogger - stderr.env: ‘interestingness_test’: No such file or directory
19:33:16.771 INFO  ExecHelper - Result: 127
19:33:16.771 INFO  CustomFileJudge - Custom file judge result: 127
19:33:16.771 INFO  ReductionDriver - Result from initial state is not interesting (attempt 4)
19:33:16.772 INFO  ExecHelper - interestingness_test /opt/reduce/rtx_4070/syn_memory_converge/variant_494.comp reduction_results/rtx_4070/syn_memory_converge/variant_494/variant_494.json
19:33:16.773 INFO  StreamGobblerLogger - stderr.env: ‘interestingness_test’: No such file or directory
19:33:16.773 INFO  ExecHelper - Result: 127
19:33:16.773 INFO  CustomFileJudge - Custom file judge result: 127
19:33:16.773 INFO  ReductionDriver - Result from initial state is not interesting (attempt 5)
19:33:16.773 INFO  ReductionDriver - Tried 5 times; stopping.
Reduction command: java -ea -cp /opt/graphicsfuzz/graphicsfuzz/target/graphicsfuzz/python/drivers/../../jar/tool-1.0.jar com.graphicsfuzz.reducer.tool.GlslReduce /opt/reduce/rtx_4070/syn_memory_converge/variant_494.json interestingness_test --output reduction_results/rtx_4070/syn_memory_converge/variant_494 /opt/reduce/rtx_4070/syn_memory_converge/variant_494.comp
