18:27:52.266 INFO  ExecHelper - /opt/graphicsfuzz/graphicsfuzz/target/graphicsfuzz/bin/Linux/glslangValidator -E --stdin -S comp
18:27:52.330 INFO  ExecHelper - Result: 0
18:27:52.803 INFO  ReductionDriver - Starting reduction for variant_052
18:27:52.965 INFO  ExecHelper - interestingness_test /opt/reduce/cezanne_radeon_vega/syn_memory_converge_atomic/variant_052.comp reduction_results/cezanne_radeon_vega/syn_memory_converge_atomic/variant_052/variant_052.json
18:27:52.966 INFO  StreamGobblerLogger - stderr.env: ‘interestingness_test’: No such file or directory
18:27:52.967 INFO  ExecHelper - Result: 127
18:27:52.967 INFO  CustomFileJudge - Custom file judge result: 127
18:27:52.967 INFO  ReductionDriver - Result from initial state is not interesting (attempt 1)
18:27:53.104 INFO  ExecHelper - interestingness_test /opt/reduce/cezanne_radeon_vega/syn_memory_converge_atomic/variant_052.comp reduction_results/cezanne_radeon_vega/syn_memory_converge_atomic/variant_052/variant_052.json
18:27:53.106 INFO  StreamGobblerLogger - stderr.env: ‘interestingness_test’: No such file or directory
18:27:53.106 INFO  ExecHelper - Result: 127
18:27:53.106 INFO  CustomFileJudge - Custom file judge result: 127
18:27:53.106 INFO  ReductionDriver - Result from initial state is not interesting (attempt 2)
18:27:53.236 INFO  ExecHelper - interestingness_test /opt/reduce/cezanne_radeon_vega/syn_memory_converge_atomic/variant_052.comp reduction_results/cezanne_radeon_vega/syn_memory_converge_atomic/variant_052/variant_052.json
18:27:53.238 INFO  StreamGobblerLogger - stderr.env: ‘interestingness_test’: No such file or directory
18:27:53.238 INFO  ExecHelper - Result: 127
18:27:53.238 INFO  CustomFileJudge - Custom file judge result: 127
18:27:53.238 INFO  ReductionDriver - Result from initial state is not interesting (attempt 3)
18:27:53.376 INFO  ExecHelper - interestingness_test /opt/reduce/cezanne_radeon_vega/syn_memory_converge_atomic/variant_052.comp reduction_results/cezanne_radeon_vega/syn_memory_converge_atomic/variant_052/variant_052.json
18:27:53.377 INFO  StreamGobblerLogger - stderr.env: ‘interestingness_test’: No such file or directory
18:27:53.378 INFO  ExecHelper - Result: 127
18:27:53.378 INFO  CustomFileJudge - Custom file judge result: 127
18:27:53.378 INFO  ReductionDriver - Result from initial state is not interesting (attempt 4)
18:27:53.505 INFO  ExecHelper - interestingness_test /opt/reduce/cezanne_radeon_vega/syn_memory_converge_atomic/variant_052.comp reduction_results/cezanne_radeon_vega/syn_memory_converge_atomic/variant_052/variant_052.json
18:27:53.506 INFO  StreamGobblerLogger - stderr.env: ‘interestingness_test’: No such file or directory
18:27:53.507 INFO  ExecHelper - Result: 127
18:27:53.507 INFO  CustomFileJudge - Custom file judge result: 127
18:27:53.507 INFO  ReductionDriver - Result from initial state is not interesting (attempt 5)
18:27:53.507 INFO  ReductionDriver - Tried 5 times; stopping.
Reduction command: java -ea -cp /opt/graphicsfuzz/graphicsfuzz/target/graphicsfuzz/python/drivers/../../jar/tool-1.0.jar com.graphicsfuzz.reducer.tool.GlslReduce /opt/reduce/cezanne_radeon_vega/syn_memory_converge_atomic/variant_052.json interestingness_test --output reduction_results/cezanne_radeon_vega/syn_memory_converge_atomic/variant_052 /opt/reduce/cezanne_radeon_vega/syn_memory_converge_atomic/variant_052.comp
