19:16:41.217 INFO  ExecHelper - /opt/graphicsfuzz/graphicsfuzz/target/graphicsfuzz/bin/Linux/glslangValidator -E --stdin -S comp
19:16:41.272 INFO  ExecHelper - Result: 0
19:16:41.373 INFO  ReductionDriver - Starting reduction for variant_841
19:16:41.385 INFO  ExecHelper - interestingness_test /opt/reduce/intel_iris_xe_graphics/syn_memory_converge_atomic/variant_841.comp reduction_results/intel_iris_xe_graphics/syn_memory_converge_atomic/variant_841/variant_841.json
19:16:41.387 INFO  StreamGobblerLogger - stderr.env: ‘interestingness_test’: No such file or directory
19:16:41.387 INFO  ExecHelper - Result: 127
19:16:41.387 INFO  CustomFileJudge - Custom file judge result: 127
19:16:41.387 INFO  ReductionDriver - Result from initial state is not interesting (attempt 1)
19:16:41.390 INFO  ExecHelper - interestingness_test /opt/reduce/intel_iris_xe_graphics/syn_memory_converge_atomic/variant_841.comp reduction_results/intel_iris_xe_graphics/syn_memory_converge_atomic/variant_841/variant_841.json
19:16:41.391 INFO  StreamGobblerLogger - stderr.env: ‘interestingness_test’: No such file or directory
19:16:41.392 INFO  ExecHelper - Result: 127
19:16:41.392 INFO  CustomFileJudge - Custom file judge result: 127
19:16:41.392 INFO  ReductionDriver - Result from initial state is not interesting (attempt 2)
19:16:41.394 INFO  ExecHelper - interestingness_test /opt/reduce/intel_iris_xe_graphics/syn_memory_converge_atomic/variant_841.comp reduction_results/intel_iris_xe_graphics/syn_memory_converge_atomic/variant_841/variant_841.json
19:16:41.395 INFO  StreamGobblerLogger - stderr.env: ‘interestingness_test’: No such file or directory
19:16:41.395 INFO  ExecHelper - Result: 127
19:16:41.395 INFO  CustomFileJudge - Custom file judge result: 127
19:16:41.395 INFO  ReductionDriver - Result from initial state is not interesting (attempt 3)
19:16:41.397 INFO  ExecHelper - interestingness_test /opt/reduce/intel_iris_xe_graphics/syn_memory_converge_atomic/variant_841.comp reduction_results/intel_iris_xe_graphics/syn_memory_converge_atomic/variant_841/variant_841.json
19:16:41.398 INFO  StreamGobblerLogger - stderr.env: ‘interestingness_test’: No such file or directory
19:16:41.399 INFO  ExecHelper - Result: 127
19:16:41.399 INFO  CustomFileJudge - Custom file judge result: 127
19:16:41.399 INFO  ReductionDriver - Result from initial state is not interesting (attempt 4)
19:16:41.403 INFO  ExecHelper - interestingness_test /opt/reduce/intel_iris_xe_graphics/syn_memory_converge_atomic/variant_841.comp reduction_results/intel_iris_xe_graphics/syn_memory_converge_atomic/variant_841/variant_841.json
19:16:41.404 INFO  StreamGobblerLogger - stderr.env: ‘interestingness_test’: No such file or directory
19:16:41.404 INFO  ExecHelper - Result: 127
19:16:41.405 INFO  CustomFileJudge - Custom file judge result: 127
19:16:41.405 INFO  ReductionDriver - Result from initial state is not interesting (attempt 5)
19:16:41.405 INFO  ReductionDriver - Tried 5 times; stopping.
Reduction command: java -ea -cp /opt/graphicsfuzz/graphicsfuzz/target/graphicsfuzz/python/drivers/../../jar/tool-1.0.jar com.graphicsfuzz.reducer.tool.GlslReduce /opt/reduce/intel_iris_xe_graphics/syn_memory_converge_atomic/variant_841.json interestingness_test --output reduction_results/intel_iris_xe_graphics/syn_memory_converge_atomic/variant_841 /opt/reduce/intel_iris_xe_graphics/syn_memory_converge_atomic/variant_841.comp
