19:42:01.215 INFO  ExecHelper - /opt/graphicsfuzz/graphicsfuzz/target/graphicsfuzz/bin/Linux/glslangValidator -E --stdin -S comp
19:42:01.264 INFO  ExecHelper - Result: 0
19:42:01.373 INFO  ReductionDriver - Starting reduction for variant_126
19:42:01.395 INFO  ExecHelper - interestingness_test /opt/reduce/rtx_4070/syn_memory_converge_atomic/variant_126.comp reduction_results/rtx_4070/syn_memory_converge_atomic/variant_126/variant_126.json
19:42:01.397 INFO  StreamGobblerLogger - stderr.env: ‘interestingness_test’: No such file or directory
19:42:01.397 INFO  ExecHelper - Result: 127
19:42:01.397 INFO  CustomFileJudge - Custom file judge result: 127
19:42:01.397 INFO  ReductionDriver - Result from initial state is not interesting (attempt 1)
19:42:01.403 INFO  ExecHelper - interestingness_test /opt/reduce/rtx_4070/syn_memory_converge_atomic/variant_126.comp reduction_results/rtx_4070/syn_memory_converge_atomic/variant_126/variant_126.json
19:42:01.404 INFO  StreamGobblerLogger - stderr.env: ‘interestingness_test’: No such file or directory
19:42:01.405 INFO  ExecHelper - Result: 127
19:42:01.405 INFO  CustomFileJudge - Custom file judge result: 127
19:42:01.405 INFO  ReductionDriver - Result from initial state is not interesting (attempt 2)
19:42:01.409 INFO  ExecHelper - interestingness_test /opt/reduce/rtx_4070/syn_memory_converge_atomic/variant_126.comp reduction_results/rtx_4070/syn_memory_converge_atomic/variant_126/variant_126.json
19:42:01.411 INFO  StreamGobblerLogger - stderr.env: ‘interestingness_test’: No such file or directory
19:42:01.411 INFO  ExecHelper - Result: 127
19:42:01.411 INFO  CustomFileJudge - Custom file judge result: 127
19:42:01.411 INFO  ReductionDriver - Result from initial state is not interesting (attempt 3)
19:42:01.416 INFO  ExecHelper - interestingness_test /opt/reduce/rtx_4070/syn_memory_converge_atomic/variant_126.comp reduction_results/rtx_4070/syn_memory_converge_atomic/variant_126/variant_126.json
19:42:01.417 INFO  StreamGobblerLogger - stderr.env: ‘interestingness_test’: No such file or directory
19:42:01.417 INFO  ExecHelper - Result: 127
19:42:01.418 INFO  CustomFileJudge - Custom file judge result: 127
19:42:01.418 INFO  ReductionDriver - Result from initial state is not interesting (attempt 4)
19:42:01.422 INFO  ExecHelper - interestingness_test /opt/reduce/rtx_4070/syn_memory_converge_atomic/variant_126.comp reduction_results/rtx_4070/syn_memory_converge_atomic/variant_126/variant_126.json
19:42:01.423 INFO  StreamGobblerLogger - stderr.env: ‘interestingness_test’: No such file or directory
19:42:01.423 INFO  ExecHelper - Result: 127
19:42:01.423 INFO  CustomFileJudge - Custom file judge result: 127
19:42:01.423 INFO  ReductionDriver - Result from initial state is not interesting (attempt 5)
19:42:01.424 INFO  ReductionDriver - Tried 5 times; stopping.
Reduction command: java -ea -cp /opt/graphicsfuzz/graphicsfuzz/target/graphicsfuzz/python/drivers/../../jar/tool-1.0.jar com.graphicsfuzz.reducer.tool.GlslReduce /opt/reduce/rtx_4070/syn_memory_converge_atomic/variant_126.json interestingness_test --output reduction_results/rtx_4070/syn_memory_converge_atomic/variant_126 /opt/reduce/rtx_4070/syn_memory_converge_atomic/variant_126.comp
