19:37:24.088 INFO  ExecHelper - /opt/graphicsfuzz/graphicsfuzz/target/graphicsfuzz/bin/Linux/glslangValidator -E --stdin -S comp
19:37:24.136 INFO  ExecHelper - Result: 0
19:37:24.216 INFO  ReductionDriver - Starting reduction for variant_793
19:37:24.226 INFO  ExecHelper - interestingness_test /opt/reduce/rtx_4070/syn_memory_converge/variant_793.comp reduction_results/rtx_4070/syn_memory_converge/variant_793/variant_793.json
19:37:24.228 INFO  StreamGobblerLogger - stderr.env: ‘interestingness_test’: No such file or directory
19:37:24.228 INFO  ExecHelper - Result: 127
19:37:24.228 INFO  CustomFileJudge - Custom file judge result: 127
19:37:24.228 INFO  ReductionDriver - Result from initial state is not interesting (attempt 1)
19:37:24.230 INFO  ExecHelper - interestingness_test /opt/reduce/rtx_4070/syn_memory_converge/variant_793.comp reduction_results/rtx_4070/syn_memory_converge/variant_793/variant_793.json
19:37:24.232 INFO  StreamGobblerLogger - stderr.env: ‘interestingness_test’: No such file or directory
19:37:24.232 INFO  ExecHelper - Result: 127
19:37:24.232 INFO  CustomFileJudge - Custom file judge result: 127
19:37:24.232 INFO  ReductionDriver - Result from initial state is not interesting (attempt 2)
19:37:24.234 INFO  ExecHelper - interestingness_test /opt/reduce/rtx_4070/syn_memory_converge/variant_793.comp reduction_results/rtx_4070/syn_memory_converge/variant_793/variant_793.json
19:37:24.235 INFO  StreamGobblerLogger - stderr.env: ‘interestingness_test’: No such file or directory
19:37:24.236 INFO  ExecHelper - Result: 127
19:37:24.236 INFO  CustomFileJudge - Custom file judge result: 127
19:37:24.236 INFO  ReductionDriver - Result from initial state is not interesting (attempt 3)
19:37:24.238 INFO  ExecHelper - interestingness_test /opt/reduce/rtx_4070/syn_memory_converge/variant_793.comp reduction_results/rtx_4070/syn_memory_converge/variant_793/variant_793.json
19:37:24.239 INFO  StreamGobblerLogger - stderr.env: ‘interestingness_test’: No such file or directory
19:37:24.239 INFO  ExecHelper - Result: 127
19:37:24.239 INFO  CustomFileJudge - Custom file judge result: 127
19:37:24.239 INFO  ReductionDriver - Result from initial state is not interesting (attempt 4)
19:37:24.241 INFO  ExecHelper - interestingness_test /opt/reduce/rtx_4070/syn_memory_converge/variant_793.comp reduction_results/rtx_4070/syn_memory_converge/variant_793/variant_793.json
19:37:24.242 INFO  StreamGobblerLogger - stderr.env: ‘interestingness_test’: No such file or directory
19:37:24.243 INFO  ExecHelper - Result: 127
19:37:24.243 INFO  CustomFileJudge - Custom file judge result: 127
19:37:24.243 INFO  ReductionDriver - Result from initial state is not interesting (attempt 5)
19:37:24.243 INFO  ReductionDriver - Tried 5 times; stopping.
Reduction command: java -ea -cp /opt/graphicsfuzz/graphicsfuzz/target/graphicsfuzz/python/drivers/../../jar/tool-1.0.jar com.graphicsfuzz.reducer.tool.GlslReduce /opt/reduce/rtx_4070/syn_memory_converge/variant_793.json interestingness_test --output reduction_results/rtx_4070/syn_memory_converge/variant_793 /opt/reduce/rtx_4070/syn_memory_converge/variant_793.comp
