18:21:13.418 INFO  ExecHelper - /opt/graphicsfuzz/graphicsfuzz/target/graphicsfuzz/bin/Linux/glslangValidator -E --stdin -S comp
18:21:13.476 INFO  ExecHelper - Result: 0
18:21:13.808 INFO  ReductionDriver - Starting reduction for variant_538
18:21:13.923 INFO  ExecHelper - interestingness_test /opt/reduce/cezanne_radeon_vega/syn_memory_converge/variant_538.comp reduction_results/cezanne_radeon_vega/syn_memory_converge/variant_538/variant_538.json
18:21:13.925 INFO  StreamGobblerLogger - stderr.env: ‘interestingness_test’: No such file or directory
18:21:13.926 INFO  ExecHelper - Result: 127
18:21:13.926 INFO  CustomFileJudge - Custom file judge result: 127
18:21:13.926 INFO  ReductionDriver - Result from initial state is not interesting (attempt 1)
18:21:14.029 INFO  ExecHelper - interestingness_test /opt/reduce/cezanne_radeon_vega/syn_memory_converge/variant_538.comp reduction_results/cezanne_radeon_vega/syn_memory_converge/variant_538/variant_538.json
18:21:14.031 INFO  StreamGobblerLogger - stderr.env: ‘interestingness_test’: No such file or directory
18:21:14.031 INFO  ExecHelper - Result: 127
18:21:14.031 INFO  CustomFileJudge - Custom file judge result: 127
18:21:14.031 INFO  ReductionDriver - Result from initial state is not interesting (attempt 2)
18:21:14.126 INFO  ExecHelper - interestingness_test /opt/reduce/cezanne_radeon_vega/syn_memory_converge/variant_538.comp reduction_results/cezanne_radeon_vega/syn_memory_converge/variant_538/variant_538.json
18:21:14.127 INFO  StreamGobblerLogger - stderr.env: ‘interestingness_test’: No such file or directory
18:21:14.128 INFO  ExecHelper - Result: 127
18:21:14.128 INFO  CustomFileJudge - Custom file judge result: 127
18:21:14.128 INFO  ReductionDriver - Result from initial state is not interesting (attempt 3)
18:21:14.221 INFO  ExecHelper - interestingness_test /opt/reduce/cezanne_radeon_vega/syn_memory_converge/variant_538.comp reduction_results/cezanne_radeon_vega/syn_memory_converge/variant_538/variant_538.json
18:21:14.223 INFO  StreamGobblerLogger - stderr.env: ‘interestingness_test’: No such file or directory
18:21:14.223 INFO  ExecHelper - Result: 127
18:21:14.223 INFO  CustomFileJudge - Custom file judge result: 127
18:21:14.223 INFO  ReductionDriver - Result from initial state is not interesting (attempt 4)
18:21:14.317 INFO  ExecHelper - interestingness_test /opt/reduce/cezanne_radeon_vega/syn_memory_converge/variant_538.comp reduction_results/cezanne_radeon_vega/syn_memory_converge/variant_538/variant_538.json
18:21:14.318 INFO  StreamGobblerLogger - stderr.env: ‘interestingness_test’: No such file or directory
18:21:14.318 INFO  ExecHelper - Result: 127
18:21:14.318 INFO  CustomFileJudge - Custom file judge result: 127
18:21:14.318 INFO  ReductionDriver - Result from initial state is not interesting (attempt 5)
18:21:14.318 INFO  ReductionDriver - Tried 5 times; stopping.
Reduction command: java -ea -cp /opt/graphicsfuzz/graphicsfuzz/target/graphicsfuzz/python/drivers/../../jar/tool-1.0.jar com.graphicsfuzz.reducer.tool.GlslReduce /opt/reduce/cezanne_radeon_vega/syn_memory_converge/variant_538.json interestingness_test --output reduction_results/cezanne_radeon_vega/syn_memory_converge/variant_538 /opt/reduce/cezanne_radeon_vega/syn_memory_converge/variant_538.comp
