19:51:50.410 INFO  ExecHelper - /opt/graphicsfuzz/graphicsfuzz/target/graphicsfuzz/bin/Linux/glslangValidator -E --stdin -S comp
19:51:50.459 INFO  ExecHelper - Result: 0
19:51:50.518 INFO  ReductionDriver - Starting reduction for variant_777
19:51:50.522 INFO  ExecHelper - interestingness_test /opt/reduce/rtx_4070/syn_memory_converge_atomic/variant_777.comp reduction_results/rtx_4070/syn_memory_converge_atomic/variant_777/variant_777.json
19:51:50.523 INFO  StreamGobblerLogger - stderr.env: ‘interestingness_test’: No such file or directory
19:51:50.524 INFO  ExecHelper - Result: 127
19:51:50.524 INFO  CustomFileJudge - Custom file judge result: 127
19:51:50.524 INFO  ReductionDriver - Result from initial state is not interesting (attempt 1)
19:51:50.525 INFO  ExecHelper - interestingness_test /opt/reduce/rtx_4070/syn_memory_converge_atomic/variant_777.comp reduction_results/rtx_4070/syn_memory_converge_atomic/variant_777/variant_777.json
19:51:50.526 INFO  StreamGobblerLogger - stderr.env: ‘interestingness_test’: No such file or directory
19:51:50.526 INFO  ExecHelper - Result: 127
19:51:50.526 INFO  CustomFileJudge - Custom file judge result: 127
19:51:50.526 INFO  ReductionDriver - Result from initial state is not interesting (attempt 2)
19:51:50.527 INFO  ExecHelper - interestingness_test /opt/reduce/rtx_4070/syn_memory_converge_atomic/variant_777.comp reduction_results/rtx_4070/syn_memory_converge_atomic/variant_777/variant_777.json
19:51:50.528 INFO  StreamGobblerLogger - stderr.env: ‘interestingness_test’: No such file or directory
19:51:50.528 INFO  ExecHelper - Result: 127
19:51:50.529 INFO  CustomFileJudge - Custom file judge result: 127
19:51:50.529 INFO  ReductionDriver - Result from initial state is not interesting (attempt 3)
19:51:50.529 INFO  ExecHelper - interestingness_test /opt/reduce/rtx_4070/syn_memory_converge_atomic/variant_777.comp reduction_results/rtx_4070/syn_memory_converge_atomic/variant_777/variant_777.json
19:51:50.530 INFO  StreamGobblerLogger - stderr.env: ‘interestingness_test’: No such file or directory
19:51:50.530 INFO  ExecHelper - Result: 127
19:51:50.530 INFO  CustomFileJudge - Custom file judge result: 127
19:51:50.530 INFO  ReductionDriver - Result from initial state is not interesting (attempt 4)
19:51:50.531 INFO  ExecHelper - interestingness_test /opt/reduce/rtx_4070/syn_memory_converge_atomic/variant_777.comp reduction_results/rtx_4070/syn_memory_converge_atomic/variant_777/variant_777.json
19:51:50.532 INFO  StreamGobblerLogger - stderr.env: ‘interestingness_test’: No such file or directory
19:51:50.533 INFO  ExecHelper - Result: 127
19:51:50.533 INFO  CustomFileJudge - Custom file judge result: 127
19:51:50.533 INFO  ReductionDriver - Result from initial state is not interesting (attempt 5)
19:51:50.533 INFO  ReductionDriver - Tried 5 times; stopping.
Reduction command: java -ea -cp /opt/graphicsfuzz/graphicsfuzz/target/graphicsfuzz/python/drivers/../../jar/tool-1.0.jar com.graphicsfuzz.reducer.tool.GlslReduce /opt/reduce/rtx_4070/syn_memory_converge_atomic/variant_777.json interestingness_test --output reduction_results/rtx_4070/syn_memory_converge_atomic/variant_777 /opt/reduce/rtx_4070/syn_memory_converge_atomic/variant_777.comp
