19:45:48.877 INFO  ExecHelper - /opt/graphicsfuzz/graphicsfuzz/target/graphicsfuzz/bin/Linux/glslangValidator -E --stdin -S comp
19:45:48.929 INFO  ExecHelper - Result: 0
19:45:49.011 INFO  ReductionDriver - Starting reduction for variant_379
19:45:49.026 INFO  ExecHelper - interestingness_test /opt/reduce/rtx_4070/syn_memory_converge_atomic/variant_379.comp reduction_results/rtx_4070/syn_memory_converge_atomic/variant_379/variant_379.json
19:45:49.027 INFO  StreamGobblerLogger - stderr.env: ‘interestingness_test’: No such file or directory
19:45:49.027 INFO  ExecHelper - Result: 127
19:45:49.027 INFO  CustomFileJudge - Custom file judge result: 127
19:45:49.028 INFO  ReductionDriver - Result from initial state is not interesting (attempt 1)
19:45:49.032 INFO  ExecHelper - interestingness_test /opt/reduce/rtx_4070/syn_memory_converge_atomic/variant_379.comp reduction_results/rtx_4070/syn_memory_converge_atomic/variant_379/variant_379.json
19:45:49.033 INFO  StreamGobblerLogger - stderr.env: ‘interestingness_test’: No such file or directory
19:45:49.034 INFO  ExecHelper - Result: 127
19:45:49.034 INFO  CustomFileJudge - Custom file judge result: 127
19:45:49.034 INFO  ReductionDriver - Result from initial state is not interesting (attempt 2)
19:45:49.036 INFO  ExecHelper - interestingness_test /opt/reduce/rtx_4070/syn_memory_converge_atomic/variant_379.comp reduction_results/rtx_4070/syn_memory_converge_atomic/variant_379/variant_379.json
19:45:49.037 INFO  StreamGobblerLogger - stderr.env: ‘interestingness_test’: No such file or directory
19:45:49.037 INFO  ExecHelper - Result: 127
19:45:49.037 INFO  CustomFileJudge - Custom file judge result: 127
19:45:49.037 INFO  ReductionDriver - Result from initial state is not interesting (attempt 3)
19:45:49.039 INFO  ExecHelper - interestingness_test /opt/reduce/rtx_4070/syn_memory_converge_atomic/variant_379.comp reduction_results/rtx_4070/syn_memory_converge_atomic/variant_379/variant_379.json
19:45:49.040 INFO  StreamGobblerLogger - stderr.env: ‘interestingness_test’: No such file or directory
19:45:49.041 INFO  ExecHelper - Result: 127
19:45:49.041 INFO  CustomFileJudge - Custom file judge result: 127
19:45:49.041 INFO  ReductionDriver - Result from initial state is not interesting (attempt 4)
19:45:49.042 INFO  ExecHelper - interestingness_test /opt/reduce/rtx_4070/syn_memory_converge_atomic/variant_379.comp reduction_results/rtx_4070/syn_memory_converge_atomic/variant_379/variant_379.json
19:45:49.043 INFO  StreamGobblerLogger - stderr.env: ‘interestingness_test’: No such file or directory
19:45:49.044 INFO  ExecHelper - Result: 127
19:45:49.044 INFO  CustomFileJudge - Custom file judge result: 127
19:45:49.044 INFO  ReductionDriver - Result from initial state is not interesting (attempt 5)
19:45:49.044 INFO  ReductionDriver - Tried 5 times; stopping.
Reduction command: java -ea -cp /opt/graphicsfuzz/graphicsfuzz/target/graphicsfuzz/python/drivers/../../jar/tool-1.0.jar com.graphicsfuzz.reducer.tool.GlslReduce /opt/reduce/rtx_4070/syn_memory_converge_atomic/variant_379.json interestingness_test --output reduction_results/rtx_4070/syn_memory_converge_atomic/variant_379 /opt/reduce/rtx_4070/syn_memory_converge_atomic/variant_379.comp
