18:27:12.484 INFO  ExecHelper - /opt/graphicsfuzz/graphicsfuzz/target/graphicsfuzz/bin/Linux/glslangValidator -E --stdin -S comp
18:27:12.613 INFO  ExecHelper - Result: 0
18:27:12.978 INFO  ReductionDriver - Starting reduction for variant_000
18:27:12.993 INFO  ExecHelper - interestingness_test /opt/reduce/cezanne_radeon_vega/syn_memory_converge_atomic/variant_000.comp reduction_results/cezanne_radeon_vega/syn_memory_converge_atomic/variant_000/variant_000.json
18:27:12.995 INFO  StreamGobblerLogger - stderr.env: ‘interestingness_test’: No such file or directory
18:27:12.996 INFO  ExecHelper - Result: 127
18:27:12.996 INFO  CustomFileJudge - Custom file judge result: 127
18:27:12.996 INFO  ReductionDriver - Result from initial state is not interesting (attempt 1)
18:27:13.001 INFO  ExecHelper - interestingness_test /opt/reduce/cezanne_radeon_vega/syn_memory_converge_atomic/variant_000.comp reduction_results/cezanne_radeon_vega/syn_memory_converge_atomic/variant_000/variant_000.json
18:27:13.002 INFO  StreamGobblerLogger - stderr.env: ‘interestingness_test’: No such file or directory
18:27:13.002 INFO  ExecHelper - Result: 127
18:27:13.002 INFO  CustomFileJudge - Custom file judge result: 127
18:27:13.002 INFO  ReductionDriver - Result from initial state is not interesting (attempt 2)
18:27:13.006 INFO  ExecHelper - interestingness_test /opt/reduce/cezanne_radeon_vega/syn_memory_converge_atomic/variant_000.comp reduction_results/cezanne_radeon_vega/syn_memory_converge_atomic/variant_000/variant_000.json
18:27:13.007 INFO  StreamGobblerLogger - stderr.env: ‘interestingness_test’: No such file or directory
18:27:13.007 INFO  ExecHelper - Result: 127
18:27:13.007 INFO  CustomFileJudge - Custom file judge result: 127
18:27:13.007 INFO  ReductionDriver - Result from initial state is not interesting (attempt 3)
18:27:13.011 INFO  ExecHelper - interestingness_test /opt/reduce/cezanne_radeon_vega/syn_memory_converge_atomic/variant_000.comp reduction_results/cezanne_radeon_vega/syn_memory_converge_atomic/variant_000/variant_000.json
18:27:13.012 INFO  StreamGobblerLogger - stderr.env: ‘interestingness_test’: No such file or directory
18:27:13.012 INFO  ExecHelper - Result: 127
18:27:13.012 INFO  CustomFileJudge - Custom file judge result: 127
18:27:13.012 INFO  ReductionDriver - Result from initial state is not interesting (attempt 4)
18:27:13.015 INFO  ExecHelper - interestingness_test /opt/reduce/cezanne_radeon_vega/syn_memory_converge_atomic/variant_000.comp reduction_results/cezanne_radeon_vega/syn_memory_converge_atomic/variant_000/variant_000.json
18:27:13.016 INFO  StreamGobblerLogger - stderr.env: ‘interestingness_test’: No such file or directory
18:27:13.017 INFO  ExecHelper - Result: 127
18:27:13.017 INFO  CustomFileJudge - Custom file judge result: 127
18:27:13.017 INFO  ReductionDriver - Result from initial state is not interesting (attempt 5)
18:27:13.017 INFO  ReductionDriver - Tried 5 times; stopping.
Reduction command: java -ea -cp /opt/graphicsfuzz/graphicsfuzz/target/graphicsfuzz/python/drivers/../../jar/tool-1.0.jar com.graphicsfuzz.reducer.tool.GlslReduce /opt/reduce/cezanne_radeon_vega/syn_memory_converge_atomic/variant_000.json interestingness_test --output reduction_results/cezanne_radeon_vega/syn_memory_converge_atomic/variant_000 /opt/reduce/cezanne_radeon_vega/syn_memory_converge_atomic/variant_000.comp
