18:56:08.678 INFO  ExecHelper - /opt/graphicsfuzz/graphicsfuzz/target/graphicsfuzz/bin/Linux/glslangValidator -E --stdin -S comp
18:56:08.730 INFO  ExecHelper - Result: 0
18:56:08.820 INFO  ReductionDriver - Starting reduction for variant_433
18:56:08.831 INFO  ExecHelper - interestingness_test /opt/reduce/intel_iris_xe_graphics/syn_memory_converge/variant_433.comp reduction_results/intel_iris_xe_graphics/syn_memory_converge/variant_433/variant_433.json
18:56:08.832 INFO  StreamGobblerLogger - stderr.env: ‘interestingness_test’: No such file or directory
18:56:08.832 INFO  ExecHelper - Result: 127
18:56:08.832 INFO  CustomFileJudge - Custom file judge result: 127
18:56:08.832 INFO  ReductionDriver - Result from initial state is not interesting (attempt 1)
18:56:08.835 INFO  ExecHelper - interestingness_test /opt/reduce/intel_iris_xe_graphics/syn_memory_converge/variant_433.comp reduction_results/intel_iris_xe_graphics/syn_memory_converge/variant_433/variant_433.json
18:56:08.836 INFO  StreamGobblerLogger - stderr.env: ‘interestingness_test’: No such file or directory
18:56:08.837 INFO  ExecHelper - Result: 127
18:56:08.837 INFO  CustomFileJudge - Custom file judge result: 127
18:56:08.837 INFO  ReductionDriver - Result from initial state is not interesting (attempt 2)
18:56:08.839 INFO  ExecHelper - interestingness_test /opt/reduce/intel_iris_xe_graphics/syn_memory_converge/variant_433.comp reduction_results/intel_iris_xe_graphics/syn_memory_converge/variant_433/variant_433.json
18:56:08.840 INFO  StreamGobblerLogger - stderr.env: ‘interestingness_test’: No such file or directory
18:56:08.840 INFO  ExecHelper - Result: 127
18:56:08.840 INFO  CustomFileJudge - Custom file judge result: 127
18:56:08.840 INFO  ReductionDriver - Result from initial state is not interesting (attempt 3)
18:56:08.842 INFO  ExecHelper - interestingness_test /opt/reduce/intel_iris_xe_graphics/syn_memory_converge/variant_433.comp reduction_results/intel_iris_xe_graphics/syn_memory_converge/variant_433/variant_433.json
18:56:08.843 INFO  StreamGobblerLogger - stderr.env: ‘interestingness_test’: No such file or directory
18:56:08.844 INFO  ExecHelper - Result: 127
18:56:08.844 INFO  CustomFileJudge - Custom file judge result: 127
18:56:08.844 INFO  ReductionDriver - Result from initial state is not interesting (attempt 4)
18:56:08.845 INFO  ExecHelper - interestingness_test /opt/reduce/intel_iris_xe_graphics/syn_memory_converge/variant_433.comp reduction_results/intel_iris_xe_graphics/syn_memory_converge/variant_433/variant_433.json
18:56:08.846 INFO  StreamGobblerLogger - stderr.env: ‘interestingness_test’: No such file or directory
18:56:08.847 INFO  ExecHelper - Result: 127
18:56:08.847 INFO  CustomFileJudge - Custom file judge result: 127
18:56:08.847 INFO  ReductionDriver - Result from initial state is not interesting (attempt 5)
18:56:08.847 INFO  ReductionDriver - Tried 5 times; stopping.
Reduction command: java -ea -cp /opt/graphicsfuzz/graphicsfuzz/target/graphicsfuzz/python/drivers/../../jar/tool-1.0.jar com.graphicsfuzz.reducer.tool.GlslReduce /opt/reduce/intel_iris_xe_graphics/syn_memory_converge/variant_433.json interestingness_test --output reduction_results/intel_iris_xe_graphics/syn_memory_converge/variant_433 /opt/reduce/intel_iris_xe_graphics/syn_memory_converge/variant_433.comp
