18:25:30.156 INFO  ExecHelper - /opt/graphicsfuzz/graphicsfuzz/target/graphicsfuzz/bin/Linux/glslangValidator -E --stdin -S comp
18:25:30.206 INFO  ExecHelper - Result: 0
18:25:30.263 INFO  ReductionDriver - Starting reduction for variant_873
18:25:30.269 INFO  ExecHelper - interestingness_test /opt/reduce/cezanne_radeon_vega/syn_memory_converge/variant_873.comp reduction_results/cezanne_radeon_vega/syn_memory_converge/variant_873/variant_873.json
18:25:30.270 INFO  StreamGobblerLogger - stderr.env: ‘interestingness_test’: No such file or directory
18:25:30.271 INFO  ExecHelper - Result: 127
18:25:30.271 INFO  CustomFileJudge - Custom file judge result: 127
18:25:30.271 INFO  ReductionDriver - Result from initial state is not interesting (attempt 1)
18:25:30.272 INFO  ExecHelper - interestingness_test /opt/reduce/cezanne_radeon_vega/syn_memory_converge/variant_873.comp reduction_results/cezanne_radeon_vega/syn_memory_converge/variant_873/variant_873.json
18:25:30.273 INFO  StreamGobblerLogger - stderr.env: ‘interestingness_test’: No such file or directory
18:25:30.273 INFO  ExecHelper - Result: 127
18:25:30.273 INFO  CustomFileJudge - Custom file judge result: 127
18:25:30.273 INFO  ReductionDriver - Result from initial state is not interesting (attempt 2)
18:25:30.274 INFO  ExecHelper - interestingness_test /opt/reduce/cezanne_radeon_vega/syn_memory_converge/variant_873.comp reduction_results/cezanne_radeon_vega/syn_memory_converge/variant_873/variant_873.json
18:25:30.275 INFO  StreamGobblerLogger - stderr.env: ‘interestingness_test’: No such file or directory
18:25:30.276 INFO  ExecHelper - Result: 127
18:25:30.276 INFO  CustomFileJudge - Custom file judge result: 127
18:25:30.276 INFO  ReductionDriver - Result from initial state is not interesting (attempt 3)
18:25:30.277 INFO  ExecHelper - interestingness_test /opt/reduce/cezanne_radeon_vega/syn_memory_converge/variant_873.comp reduction_results/cezanne_radeon_vega/syn_memory_converge/variant_873/variant_873.json
18:25:30.277 INFO  StreamGobblerLogger - stderr.env: ‘interestingness_test’: No such file or directory
18:25:30.278 INFO  ExecHelper - Result: 127
18:25:30.278 INFO  CustomFileJudge - Custom file judge result: 127
18:25:30.278 INFO  ReductionDriver - Result from initial state is not interesting (attempt 4)
18:25:30.279 INFO  ExecHelper - interestingness_test /opt/reduce/cezanne_radeon_vega/syn_memory_converge/variant_873.comp reduction_results/cezanne_radeon_vega/syn_memory_converge/variant_873/variant_873.json
18:25:30.280 INFO  StreamGobblerLogger - stderr.env: ‘interestingness_test’: No such file or directory
18:25:30.280 INFO  ExecHelper - Result: 127
18:25:30.280 INFO  CustomFileJudge - Custom file judge result: 127
18:25:30.280 INFO  ReductionDriver - Result from initial state is not interesting (attempt 5)
18:25:30.280 INFO  ReductionDriver - Tried 5 times; stopping.
Reduction command: java -ea -cp /opt/graphicsfuzz/graphicsfuzz/target/graphicsfuzz/python/drivers/../../jar/tool-1.0.jar com.graphicsfuzz.reducer.tool.GlslReduce /opt/reduce/cezanne_radeon_vega/syn_memory_converge/variant_873.json interestingness_test --output reduction_results/cezanne_radeon_vega/syn_memory_converge/variant_873 /opt/reduce/cezanne_radeon_vega/syn_memory_converge/variant_873.comp
