18:34:05.283 INFO  ExecHelper - /opt/graphicsfuzz/graphicsfuzz/target/graphicsfuzz/bin/Linux/glslangValidator -E --stdin -S comp
18:34:05.415 INFO  ExecHelper - Result: 0
18:34:05.982 INFO  ReductionDriver - Starting reduction for variant_494
18:34:06.002 INFO  ExecHelper - interestingness_test /opt/reduce/cezanne_radeon_vega/syn_memory_converge_atomic/variant_494.comp reduction_results/cezanne_radeon_vega/syn_memory_converge_atomic/variant_494/variant_494.json
18:34:06.004 INFO  StreamGobblerLogger - stderr.env: ‘interestingness_test’: No such file or directory
18:34:06.004 INFO  ExecHelper - Result: 127
18:34:06.004 INFO  CustomFileJudge - Custom file judge result: 127
18:34:06.004 INFO  ReductionDriver - Result from initial state is not interesting (attempt 1)
18:34:06.015 INFO  ExecHelper - interestingness_test /opt/reduce/cezanne_radeon_vega/syn_memory_converge_atomic/variant_494.comp reduction_results/cezanne_radeon_vega/syn_memory_converge_atomic/variant_494/variant_494.json
18:34:06.016 INFO  StreamGobblerLogger - stderr.env: ‘interestingness_test’: No such file or directory
18:34:06.017 INFO  ExecHelper - Result: 127
18:34:06.017 INFO  CustomFileJudge - Custom file judge result: 127
18:34:06.017 INFO  ReductionDriver - Result from initial state is not interesting (attempt 2)
18:34:06.027 INFO  ExecHelper - interestingness_test /opt/reduce/cezanne_radeon_vega/syn_memory_converge_atomic/variant_494.comp reduction_results/cezanne_radeon_vega/syn_memory_converge_atomic/variant_494/variant_494.json
18:34:06.028 INFO  StreamGobblerLogger - stderr.env: ‘interestingness_test’: No such file or directory
18:34:06.028 INFO  ExecHelper - Result: 127
18:34:06.028 INFO  CustomFileJudge - Custom file judge result: 127
18:34:06.028 INFO  ReductionDriver - Result from initial state is not interesting (attempt 3)
18:34:06.037 INFO  ExecHelper - interestingness_test /opt/reduce/cezanne_radeon_vega/syn_memory_converge_atomic/variant_494.comp reduction_results/cezanne_radeon_vega/syn_memory_converge_atomic/variant_494/variant_494.json
18:34:06.038 INFO  StreamGobblerLogger - stderr.env: ‘interestingness_test’: No such file or directory
18:34:06.038 INFO  ExecHelper - Result: 127
18:34:06.038 INFO  CustomFileJudge - Custom file judge result: 127
18:34:06.038 INFO  ReductionDriver - Result from initial state is not interesting (attempt 4)
18:34:06.047 INFO  ExecHelper - interestingness_test /opt/reduce/cezanne_radeon_vega/syn_memory_converge_atomic/variant_494.comp reduction_results/cezanne_radeon_vega/syn_memory_converge_atomic/variant_494/variant_494.json
18:34:06.048 INFO  StreamGobblerLogger - stderr.env: ‘interestingness_test’: No such file or directory
18:34:06.049 INFO  ExecHelper - Result: 127
18:34:06.049 INFO  CustomFileJudge - Custom file judge result: 127
18:34:06.049 INFO  ReductionDriver - Result from initial state is not interesting (attempt 5)
18:34:06.049 INFO  ReductionDriver - Tried 5 times; stopping.
Reduction command: java -ea -cp /opt/graphicsfuzz/graphicsfuzz/target/graphicsfuzz/python/drivers/../../jar/tool-1.0.jar com.graphicsfuzz.reducer.tool.GlslReduce /opt/reduce/cezanne_radeon_vega/syn_memory_converge_atomic/variant_494.json interestingness_test --output reduction_results/cezanne_radeon_vega/syn_memory_converge_atomic/variant_494 /opt/reduce/cezanne_radeon_vega/syn_memory_converge_atomic/variant_494.comp
