19:24:28.496 INFO  ExecHelper - /opt/graphicsfuzz/graphicsfuzz/target/graphicsfuzz/bin/Linux/glslangValidator -E --stdin -S comp
19:24:28.547 INFO  ExecHelper - Result: 0
19:24:28.676 INFO  ReductionDriver - Starting reduction for variant_388
19:24:28.694 INFO  ExecHelper - interestingness_test /opt/reduce/rtx_4070/syn_branch_syn_release/variant_388.comp reduction_results/rtx_4070/syn_branch_syn_release/variant_388/variant_388.json
19:24:28.695 INFO  StreamGobblerLogger - stderr.env: ‘interestingness_test’: No such file or directory
19:24:28.696 INFO  ExecHelper - Result: 127
19:24:28.696 INFO  CustomFileJudge - Custom file judge result: 127
19:24:28.696 INFO  ReductionDriver - Result from initial state is not interesting (attempt 1)
19:24:28.703 INFO  ExecHelper - interestingness_test /opt/reduce/rtx_4070/syn_branch_syn_release/variant_388.comp reduction_results/rtx_4070/syn_branch_syn_release/variant_388/variant_388.json
19:24:28.704 INFO  StreamGobblerLogger - stderr.env: ‘interestingness_test’: No such file or directory
19:24:28.704 INFO  ExecHelper - Result: 127
19:24:28.704 INFO  CustomFileJudge - Custom file judge result: 127
19:24:28.705 INFO  ReductionDriver - Result from initial state is not interesting (attempt 2)
19:24:28.716 INFO  ExecHelper - interestingness_test /opt/reduce/rtx_4070/syn_branch_syn_release/variant_388.comp reduction_results/rtx_4070/syn_branch_syn_release/variant_388/variant_388.json
19:24:28.717 INFO  StreamGobblerLogger - stderr.env: ‘interestingness_test’: No such file or directory
19:24:28.718 INFO  ExecHelper - Result: 127
19:24:28.718 INFO  CustomFileJudge - Custom file judge result: 127
19:24:28.718 INFO  ReductionDriver - Result from initial state is not interesting (attempt 3)
19:24:28.724 INFO  ExecHelper - interestingness_test /opt/reduce/rtx_4070/syn_branch_syn_release/variant_388.comp reduction_results/rtx_4070/syn_branch_syn_release/variant_388/variant_388.json
19:24:28.725 INFO  StreamGobblerLogger - stderr.env: ‘interestingness_test’: No such file or directory
19:24:28.726 INFO  ExecHelper - Result: 127
19:24:28.726 INFO  CustomFileJudge - Custom file judge result: 127
19:24:28.726 INFO  ReductionDriver - Result from initial state is not interesting (attempt 4)
19:24:28.730 INFO  ExecHelper - interestingness_test /opt/reduce/rtx_4070/syn_branch_syn_release/variant_388.comp reduction_results/rtx_4070/syn_branch_syn_release/variant_388/variant_388.json
19:24:28.732 INFO  StreamGobblerLogger - stderr.env: ‘interestingness_test’: No such file or directory
19:24:28.732 INFO  ExecHelper - Result: 127
19:24:28.732 INFO  CustomFileJudge - Custom file judge result: 127
19:24:28.732 INFO  ReductionDriver - Result from initial state is not interesting (attempt 5)
19:24:28.732 INFO  ReductionDriver - Tried 5 times; stopping.
Reduction command: java -ea -cp /opt/graphicsfuzz/graphicsfuzz/target/graphicsfuzz/python/drivers/../../jar/tool-1.0.jar com.graphicsfuzz.reducer.tool.GlslReduce /opt/reduce/rtx_4070/syn_branch_syn_release/variant_388.json interestingness_test --output reduction_results/rtx_4070/syn_branch_syn_release/variant_388 /opt/reduce/rtx_4070/syn_branch_syn_release/variant_388.comp
