19:23:56.782 INFO  ExecHelper - /opt/graphicsfuzz/graphicsfuzz/target/graphicsfuzz/bin/Linux/glslangValidator -E --stdin -S comp
19:23:57.091 INFO  ExecHelper - Result: 0
19:23:57.923 INFO  ReductionDriver - Starting reduction for variant_491
19:23:57.939 INFO  ExecHelper - interestingness_test /opt/reduce/rtx_4070/syn_branch_syn_relax/variant_491.comp reduction_results/rtx_4070/syn_branch_syn_relax/variant_491/variant_491.json
19:23:57.941 INFO  StreamGobblerLogger - stderr.env: ‘interestingness_test’: No such file or directory
19:23:57.941 INFO  ExecHelper - Result: 127
19:23:57.941 INFO  CustomFileJudge - Custom file judge result: 127
19:23:57.941 INFO  ReductionDriver - Result from initial state is not interesting (attempt 1)
19:23:57.953 INFO  ExecHelper - interestingness_test /opt/reduce/rtx_4070/syn_branch_syn_relax/variant_491.comp reduction_results/rtx_4070/syn_branch_syn_relax/variant_491/variant_491.json
19:23:57.955 INFO  StreamGobblerLogger - stderr.env: ‘interestingness_test’: No such file or directory
19:23:57.955 INFO  ExecHelper - Result: 127
19:23:57.955 INFO  CustomFileJudge - Custom file judge result: 127
19:23:57.955 INFO  ReductionDriver - Result from initial state is not interesting (attempt 2)
19:23:57.965 INFO  ExecHelper - interestingness_test /opt/reduce/rtx_4070/syn_branch_syn_relax/variant_491.comp reduction_results/rtx_4070/syn_branch_syn_relax/variant_491/variant_491.json
19:23:57.966 INFO  StreamGobblerLogger - stderr.env: ‘interestingness_test’: No such file or directory
19:23:57.966 INFO  ExecHelper - Result: 127
19:23:57.966 INFO  CustomFileJudge - Custom file judge result: 127
19:23:57.966 INFO  ReductionDriver - Result from initial state is not interesting (attempt 3)
19:23:57.977 INFO  ExecHelper - interestingness_test /opt/reduce/rtx_4070/syn_branch_syn_relax/variant_491.comp reduction_results/rtx_4070/syn_branch_syn_relax/variant_491/variant_491.json
19:23:57.978 INFO  StreamGobblerLogger - stderr.env: ‘interestingness_test’: No such file or directory
19:23:57.979 INFO  ExecHelper - Result: 127
19:23:57.979 INFO  CustomFileJudge - Custom file judge result: 127
19:23:57.979 INFO  ReductionDriver - Result from initial state is not interesting (attempt 4)
19:23:57.984 INFO  ExecHelper - interestingness_test /opt/reduce/rtx_4070/syn_branch_syn_relax/variant_491.comp reduction_results/rtx_4070/syn_branch_syn_relax/variant_491/variant_491.json
19:23:57.985 INFO  StreamGobblerLogger - stderr.env: ‘interestingness_test’: No such file or directory
19:23:57.986 INFO  ExecHelper - Result: 127
19:23:57.986 INFO  CustomFileJudge - Custom file judge result: 127
19:23:57.986 INFO  ReductionDriver - Result from initial state is not interesting (attempt 5)
19:23:57.986 INFO  ReductionDriver - Tried 5 times; stopping.
Reduction command: java -ea -cp /opt/graphicsfuzz/graphicsfuzz/target/graphicsfuzz/python/drivers/../../jar/tool-1.0.jar com.graphicsfuzz.reducer.tool.GlslReduce /opt/reduce/rtx_4070/syn_branch_syn_relax/variant_491.json interestingness_test --output reduction_results/rtx_4070/syn_branch_syn_relax/variant_491 /opt/reduce/rtx_4070/syn_branch_syn_relax/variant_491.comp
