19:35:28.243 INFO  ExecHelper - /opt/graphicsfuzz/graphicsfuzz/target/graphicsfuzz/bin/Linux/glslangValidator -E --stdin -S comp
19:35:28.298 INFO  ExecHelper - Result: 0
19:35:28.613 INFO  ReductionDriver - Starting reduction for variant_648
19:35:28.699 INFO  ExecHelper - interestingness_test /opt/reduce/rtx_4070/syn_memory_converge/variant_648.comp reduction_results/rtx_4070/syn_memory_converge/variant_648/variant_648.json
19:35:28.701 INFO  StreamGobblerLogger - stderr.env: ‘interestingness_test’: No such file or directory
19:35:28.701 INFO  ExecHelper - Result: 127
19:35:28.701 INFO  CustomFileJudge - Custom file judge result: 127
19:35:28.701 INFO  ReductionDriver - Result from initial state is not interesting (attempt 1)
19:35:28.775 INFO  ExecHelper - interestingness_test /opt/reduce/rtx_4070/syn_memory_converge/variant_648.comp reduction_results/rtx_4070/syn_memory_converge/variant_648/variant_648.json
19:35:28.776 INFO  StreamGobblerLogger - stderr.env: ‘interestingness_test’: No such file or directory
19:35:28.777 INFO  ExecHelper - Result: 127
19:35:28.777 INFO  CustomFileJudge - Custom file judge result: 127
19:35:28.777 INFO  ReductionDriver - Result from initial state is not interesting (attempt 2)
19:35:28.846 INFO  ExecHelper - interestingness_test /opt/reduce/rtx_4070/syn_memory_converge/variant_648.comp reduction_results/rtx_4070/syn_memory_converge/variant_648/variant_648.json
19:35:28.847 INFO  StreamGobblerLogger - stderr.env: ‘interestingness_test’: No such file or directory
19:35:28.848 INFO  ExecHelper - Result: 127
19:35:28.848 INFO  CustomFileJudge - Custom file judge result: 127
19:35:28.848 INFO  ReductionDriver - Result from initial state is not interesting (attempt 3)
19:35:28.918 INFO  ExecHelper - interestingness_test /opt/reduce/rtx_4070/syn_memory_converge/variant_648.comp reduction_results/rtx_4070/syn_memory_converge/variant_648/variant_648.json
19:35:28.919 INFO  StreamGobblerLogger - stderr.env: ‘interestingness_test’: No such file or directory
19:35:28.920 INFO  ExecHelper - Result: 127
19:35:28.920 INFO  CustomFileJudge - Custom file judge result: 127
19:35:28.920 INFO  ReductionDriver - Result from initial state is not interesting (attempt 4)
19:35:28.988 INFO  ExecHelper - interestingness_test /opt/reduce/rtx_4070/syn_memory_converge/variant_648.comp reduction_results/rtx_4070/syn_memory_converge/variant_648/variant_648.json
19:35:28.989 INFO  StreamGobblerLogger - stderr.env: ‘interestingness_test’: No such file or directory
19:35:28.990 INFO  ExecHelper - Result: 127
19:35:28.990 INFO  CustomFileJudge - Custom file judge result: 127
19:35:28.990 INFO  ReductionDriver - Result from initial state is not interesting (attempt 5)
19:35:28.990 INFO  ReductionDriver - Tried 5 times; stopping.
Reduction command: java -ea -cp /opt/graphicsfuzz/graphicsfuzz/target/graphicsfuzz/python/drivers/../../jar/tool-1.0.jar com.graphicsfuzz.reducer.tool.GlslReduce /opt/reduce/rtx_4070/syn_memory_converge/variant_648.json interestingness_test --output reduction_results/rtx_4070/syn_memory_converge/variant_648 /opt/reduce/rtx_4070/syn_memory_converge/variant_648.comp
