18:20:50.074 INFO  ExecHelper - /opt/graphicsfuzz/graphicsfuzz/target/graphicsfuzz/bin/Linux/glslangValidator -E --stdin -S comp
18:20:50.140 INFO  ExecHelper - Result: 0
18:20:50.637 INFO  ReductionDriver - Starting reduction for variant_510
18:20:50.819 INFO  ExecHelper - interestingness_test /opt/reduce/cezanne_radeon_vega/syn_memory_converge/variant_510.comp reduction_results/cezanne_radeon_vega/syn_memory_converge/variant_510/variant_510.json
18:20:50.821 INFO  StreamGobblerLogger - stderr.env: ‘interestingness_test’: No such file or directory
18:20:50.821 INFO  ExecHelper - Result: 127
18:20:50.821 INFO  CustomFileJudge - Custom file judge result: 127
18:20:50.822 INFO  ReductionDriver - Result from initial state is not interesting (attempt 1)
18:20:50.955 INFO  ExecHelper - interestingness_test /opt/reduce/cezanne_radeon_vega/syn_memory_converge/variant_510.comp reduction_results/cezanne_radeon_vega/syn_memory_converge/variant_510/variant_510.json
18:20:50.957 INFO  StreamGobblerLogger - stderr.env: ‘interestingness_test’: No such file or directory
18:20:50.957 INFO  ExecHelper - Result: 127
18:20:50.957 INFO  CustomFileJudge - Custom file judge result: 127
18:20:50.957 INFO  ReductionDriver - Result from initial state is not interesting (attempt 2)
18:20:51.087 INFO  ExecHelper - interestingness_test /opt/reduce/cezanne_radeon_vega/syn_memory_converge/variant_510.comp reduction_results/cezanne_radeon_vega/syn_memory_converge/variant_510/variant_510.json
18:20:51.088 INFO  StreamGobblerLogger - stderr.env: ‘interestingness_test’: No such file or directory
18:20:51.089 INFO  ExecHelper - Result: 127
18:20:51.089 INFO  CustomFileJudge - Custom file judge result: 127
18:20:51.089 INFO  ReductionDriver - Result from initial state is not interesting (attempt 3)
18:20:51.220 INFO  ExecHelper - interestingness_test /opt/reduce/cezanne_radeon_vega/syn_memory_converge/variant_510.comp reduction_results/cezanne_radeon_vega/syn_memory_converge/variant_510/variant_510.json
18:20:51.222 INFO  StreamGobblerLogger - stderr.env: ‘interestingness_test’: No such file or directory
18:20:51.222 INFO  ExecHelper - Result: 127
18:20:51.222 INFO  CustomFileJudge - Custom file judge result: 127
18:20:51.222 INFO  ReductionDriver - Result from initial state is not interesting (attempt 4)
18:20:51.349 INFO  ExecHelper - interestingness_test /opt/reduce/cezanne_radeon_vega/syn_memory_converge/variant_510.comp reduction_results/cezanne_radeon_vega/syn_memory_converge/variant_510/variant_510.json
18:20:51.351 INFO  StreamGobblerLogger - stderr.env: ‘interestingness_test’: No such file or directory
18:20:51.352 INFO  ExecHelper - Result: 127
18:20:51.352 INFO  CustomFileJudge - Custom file judge result: 127
18:20:51.352 INFO  ReductionDriver - Result from initial state is not interesting (attempt 5)
18:20:51.352 INFO  ReductionDriver - Tried 5 times; stopping.
Reduction command: java -ea -cp /opt/graphicsfuzz/graphicsfuzz/target/graphicsfuzz/python/drivers/../../jar/tool-1.0.jar com.graphicsfuzz.reducer.tool.GlslReduce /opt/reduce/cezanne_radeon_vega/syn_memory_converge/variant_510.json interestingness_test --output reduction_results/cezanne_radeon_vega/syn_memory_converge/variant_510 /opt/reduce/cezanne_radeon_vega/syn_memory_converge/variant_510.comp
