19:18:35.878 INFO  ExecHelper - /opt/graphicsfuzz/graphicsfuzz/target/graphicsfuzz/bin/Linux/glslangValidator -E --stdin -S comp
19:18:36.010 INFO  ExecHelper - Result: 0
19:18:36.993 INFO  ReductionDriver - Starting reduction for variant_972
19:18:37.012 INFO  ExecHelper - interestingness_test /opt/reduce/intel_iris_xe_graphics/syn_memory_converge_atomic/variant_972.comp reduction_results/intel_iris_xe_graphics/syn_memory_converge_atomic/variant_972/variant_972.json
19:18:37.013 INFO  StreamGobblerLogger - stderr.env: ‘interestingness_test’: No such file or directory
19:18:37.014 INFO  ExecHelper - Result: 127
19:18:37.014 INFO  CustomFileJudge - Custom file judge result: 127
19:18:37.014 INFO  ReductionDriver - Result from initial state is not interesting (attempt 1)
19:18:37.024 INFO  ExecHelper - interestingness_test /opt/reduce/intel_iris_xe_graphics/syn_memory_converge_atomic/variant_972.comp reduction_results/intel_iris_xe_graphics/syn_memory_converge_atomic/variant_972/variant_972.json
19:18:37.025 INFO  StreamGobblerLogger - stderr.env: ‘interestingness_test’: No such file or directory
19:18:37.026 INFO  ExecHelper - Result: 127
19:18:37.026 INFO  CustomFileJudge - Custom file judge result: 127
19:18:37.026 INFO  ReductionDriver - Result from initial state is not interesting (attempt 2)
19:18:37.034 INFO  ExecHelper - interestingness_test /opt/reduce/intel_iris_xe_graphics/syn_memory_converge_atomic/variant_972.comp reduction_results/intel_iris_xe_graphics/syn_memory_converge_atomic/variant_972/variant_972.json
19:18:37.035 INFO  StreamGobblerLogger - stderr.env: ‘interestingness_test’: No such file or directory
19:18:37.036 INFO  ExecHelper - Result: 127
19:18:37.036 INFO  CustomFileJudge - Custom file judge result: 127
19:18:37.036 INFO  ReductionDriver - Result from initial state is not interesting (attempt 3)
19:18:37.044 INFO  ExecHelper - interestingness_test /opt/reduce/intel_iris_xe_graphics/syn_memory_converge_atomic/variant_972.comp reduction_results/intel_iris_xe_graphics/syn_memory_converge_atomic/variant_972/variant_972.json
19:18:37.045 INFO  StreamGobblerLogger - stderr.env: ‘interestingness_test’: No such file or directory
19:18:37.045 INFO  ExecHelper - Result: 127
19:18:37.045 INFO  CustomFileJudge - Custom file judge result: 127
19:18:37.045 INFO  ReductionDriver - Result from initial state is not interesting (attempt 4)
19:18:37.053 INFO  ExecHelper - interestingness_test /opt/reduce/intel_iris_xe_graphics/syn_memory_converge_atomic/variant_972.comp reduction_results/intel_iris_xe_graphics/syn_memory_converge_atomic/variant_972/variant_972.json
19:18:37.054 INFO  StreamGobblerLogger - stderr.env: ‘interestingness_test’: No such file or directory
19:18:37.054 INFO  ExecHelper - Result: 127
19:18:37.054 INFO  CustomFileJudge - Custom file judge result: 127
19:18:37.054 INFO  ReductionDriver - Result from initial state is not interesting (attempt 5)
19:18:37.054 INFO  ReductionDriver - Tried 5 times; stopping.
Reduction command: java -ea -cp /opt/graphicsfuzz/graphicsfuzz/target/graphicsfuzz/python/drivers/../../jar/tool-1.0.jar com.graphicsfuzz.reducer.tool.GlslReduce /opt/reduce/intel_iris_xe_graphics/syn_memory_converge_atomic/variant_972.json interestingness_test --output reduction_results/intel_iris_xe_graphics/syn_memory_converge_atomic/variant_972 /opt/reduce/intel_iris_xe_graphics/syn_memory_converge_atomic/variant_972.comp
