19:29:16.714 INFO  ExecHelper - /opt/graphicsfuzz/graphicsfuzz/target/graphicsfuzz/bin/Linux/glslangValidator -E --stdin -S comp
19:29:16.764 INFO  ExecHelper - Result: 0
19:29:16.825 INFO  ReductionDriver - Starting reduction for variant_234
19:29:16.831 INFO  ExecHelper - interestingness_test /opt/reduce/rtx_4070/syn_memory_converge/variant_234.comp reduction_results/rtx_4070/syn_memory_converge/variant_234/variant_234.json
19:29:16.832 INFO  StreamGobblerLogger - stderr.env: ‘interestingness_test’: No such file or directory
19:29:16.833 INFO  ExecHelper - Result: 127
19:29:16.833 INFO  CustomFileJudge - Custom file judge result: 127
19:29:16.833 INFO  ReductionDriver - Result from initial state is not interesting (attempt 1)
19:29:16.834 INFO  ExecHelper - interestingness_test /opt/reduce/rtx_4070/syn_memory_converge/variant_234.comp reduction_results/rtx_4070/syn_memory_converge/variant_234/variant_234.json
19:29:16.835 INFO  StreamGobblerLogger - stderr.env: ‘interestingness_test’: No such file or directory
19:29:16.836 INFO  ExecHelper - Result: 127
19:29:16.836 INFO  CustomFileJudge - Custom file judge result: 127
19:29:16.836 INFO  ReductionDriver - Result from initial state is not interesting (attempt 2)
19:29:16.837 INFO  ExecHelper - interestingness_test /opt/reduce/rtx_4070/syn_memory_converge/variant_234.comp reduction_results/rtx_4070/syn_memory_converge/variant_234/variant_234.json
19:29:16.837 INFO  StreamGobblerLogger - stderr.env: ‘interestingness_test’: No such file or directory
19:29:16.838 INFO  ExecHelper - Result: 127
19:29:16.838 INFO  CustomFileJudge - Custom file judge result: 127
19:29:16.838 INFO  ReductionDriver - Result from initial state is not interesting (attempt 3)
19:29:16.839 INFO  ExecHelper - interestingness_test /opt/reduce/rtx_4070/syn_memory_converge/variant_234.comp reduction_results/rtx_4070/syn_memory_converge/variant_234/variant_234.json
19:29:16.840 INFO  StreamGobblerLogger - stderr.env: ‘interestingness_test’: No such file or directory
19:29:16.840 INFO  ExecHelper - Result: 127
19:29:16.840 INFO  CustomFileJudge - Custom file judge result: 127
19:29:16.840 INFO  ReductionDriver - Result from initial state is not interesting (attempt 4)
19:29:16.841 INFO  ExecHelper - interestingness_test /opt/reduce/rtx_4070/syn_memory_converge/variant_234.comp reduction_results/rtx_4070/syn_memory_converge/variant_234/variant_234.json
19:29:16.842 INFO  StreamGobblerLogger - stderr.env: ‘interestingness_test’: No such file or directory
19:29:16.843 INFO  ExecHelper - Result: 127
19:29:16.843 INFO  CustomFileJudge - Custom file judge result: 127
19:29:16.843 INFO  ReductionDriver - Result from initial state is not interesting (attempt 5)
19:29:16.843 INFO  ReductionDriver - Tried 5 times; stopping.
Reduction command: java -ea -cp /opt/graphicsfuzz/graphicsfuzz/target/graphicsfuzz/python/drivers/../../jar/tool-1.0.jar com.graphicsfuzz.reducer.tool.GlslReduce /opt/reduce/rtx_4070/syn_memory_converge/variant_234.json interestingness_test --output reduction_results/rtx_4070/syn_memory_converge/variant_234 /opt/reduce/rtx_4070/syn_memory_converge/variant_234.comp
