18:55:11.956 INFO  ExecHelper - /opt/graphicsfuzz/graphicsfuzz/target/graphicsfuzz/bin/Linux/glslangValidator -E --stdin -S comp
18:55:12.007 INFO  ExecHelper - Result: 0
18:55:12.308 INFO  ReductionDriver - Starting reduction for variant_362
18:55:12.355 INFO  ExecHelper - interestingness_test /opt/reduce/intel_iris_xe_graphics/syn_memory_converge/variant_362.comp reduction_results/intel_iris_xe_graphics/syn_memory_converge/variant_362/variant_362.json
18:55:12.357 INFO  StreamGobblerLogger - stderr.env: ‘interestingness_test’: No such file or directory
18:55:12.358 INFO  ExecHelper - Result: 127
18:55:12.358 INFO  CustomFileJudge - Custom file judge result: 127
18:55:12.358 INFO  ReductionDriver - Result from initial state is not interesting (attempt 1)
18:55:12.392 INFO  ExecHelper - interestingness_test /opt/reduce/intel_iris_xe_graphics/syn_memory_converge/variant_362.comp reduction_results/intel_iris_xe_graphics/syn_memory_converge/variant_362/variant_362.json
18:55:12.393 INFO  StreamGobblerLogger - stderr.env: ‘interestingness_test’: No such file or directory
18:55:12.394 INFO  ExecHelper - Result: 127
18:55:12.394 INFO  CustomFileJudge - Custom file judge result: 127
18:55:12.394 INFO  ReductionDriver - Result from initial state is not interesting (attempt 2)
18:55:12.429 INFO  ExecHelper - interestingness_test /opt/reduce/intel_iris_xe_graphics/syn_memory_converge/variant_362.comp reduction_results/intel_iris_xe_graphics/syn_memory_converge/variant_362/variant_362.json
18:55:12.431 INFO  StreamGobblerLogger - stderr.env: ‘interestingness_test’: No such file or directory
18:55:12.431 INFO  ExecHelper - Result: 127
18:55:12.431 INFO  CustomFileJudge - Custom file judge result: 127
18:55:12.432 INFO  ReductionDriver - Result from initial state is not interesting (attempt 3)
18:55:12.467 INFO  ExecHelper - interestingness_test /opt/reduce/intel_iris_xe_graphics/syn_memory_converge/variant_362.comp reduction_results/intel_iris_xe_graphics/syn_memory_converge/variant_362/variant_362.json
18:55:12.468 INFO  StreamGobblerLogger - stderr.env: ‘interestingness_test’: No such file or directory
18:55:12.469 INFO  ExecHelper - Result: 127
18:55:12.469 INFO  CustomFileJudge - Custom file judge result: 127
18:55:12.469 INFO  ReductionDriver - Result from initial state is not interesting (attempt 4)
18:55:12.499 INFO  ExecHelper - interestingness_test /opt/reduce/intel_iris_xe_graphics/syn_memory_converge/variant_362.comp reduction_results/intel_iris_xe_graphics/syn_memory_converge/variant_362/variant_362.json
18:55:12.500 INFO  StreamGobblerLogger - stderr.env: ‘interestingness_test’: No such file or directory
18:55:12.501 INFO  ExecHelper - Result: 127
18:55:12.501 INFO  CustomFileJudge - Custom file judge result: 127
18:55:12.501 INFO  ReductionDriver - Result from initial state is not interesting (attempt 5)
18:55:12.501 INFO  ReductionDriver - Tried 5 times; stopping.
Reduction command: java -ea -cp /opt/graphicsfuzz/graphicsfuzz/target/graphicsfuzz/python/drivers/../../jar/tool-1.0.jar com.graphicsfuzz.reducer.tool.GlslReduce /opt/reduce/intel_iris_xe_graphics/syn_memory_converge/variant_362.json interestingness_test --output reduction_results/intel_iris_xe_graphics/syn_memory_converge/variant_362 /opt/reduce/intel_iris_xe_graphics/syn_memory_converge/variant_362.comp
