18:17:17.736 INFO  ExecHelper - /opt/graphicsfuzz/graphicsfuzz/target/graphicsfuzz/bin/Linux/glslangValidator -E --stdin -S comp
18:17:17.788 INFO  ExecHelper - Result: 0
18:17:18.089 INFO  ReductionDriver - Starting reduction for variant_267
18:17:18.163 INFO  ExecHelper - interestingness_test /opt/reduce/cezanne_radeon_vega/syn_memory_converge/variant_267.comp reduction_results/cezanne_radeon_vega/syn_memory_converge/variant_267/variant_267.json
18:17:18.165 INFO  StreamGobblerLogger - stderr.env: ‘interestingness_test’: No such file or directory
18:17:18.165 INFO  ExecHelper - Result: 127
18:17:18.165 INFO  CustomFileJudge - Custom file judge result: 127
18:17:18.166 INFO  ReductionDriver - Result from initial state is not interesting (attempt 1)
18:17:18.213 INFO  ExecHelper - interestingness_test /opt/reduce/cezanne_radeon_vega/syn_memory_converge/variant_267.comp reduction_results/cezanne_radeon_vega/syn_memory_converge/variant_267/variant_267.json
18:17:18.214 INFO  StreamGobblerLogger - stderr.env: ‘interestingness_test’: No such file or directory
18:17:18.214 INFO  ExecHelper - Result: 127
18:17:18.214 INFO  CustomFileJudge - Custom file judge result: 127
18:17:18.214 INFO  ReductionDriver - Result from initial state is not interesting (attempt 2)
18:17:18.258 INFO  ExecHelper - interestingness_test /opt/reduce/cezanne_radeon_vega/syn_memory_converge/variant_267.comp reduction_results/cezanne_radeon_vega/syn_memory_converge/variant_267/variant_267.json
18:17:18.260 INFO  StreamGobblerLogger - stderr.env: ‘interestingness_test’: No such file or directory
18:17:18.260 INFO  ExecHelper - Result: 127
18:17:18.260 INFO  CustomFileJudge - Custom file judge result: 127
18:17:18.261 INFO  ReductionDriver - Result from initial state is not interesting (attempt 3)
18:17:18.306 INFO  ExecHelper - interestingness_test /opt/reduce/cezanne_radeon_vega/syn_memory_converge/variant_267.comp reduction_results/cezanne_radeon_vega/syn_memory_converge/variant_267/variant_267.json
18:17:18.308 INFO  StreamGobblerLogger - stderr.env: ‘interestingness_test’: No such file or directory
18:17:18.308 INFO  ExecHelper - Result: 127
18:17:18.308 INFO  CustomFileJudge - Custom file judge result: 127
18:17:18.308 INFO  ReductionDriver - Result from initial state is not interesting (attempt 4)
18:17:18.351 INFO  ExecHelper - interestingness_test /opt/reduce/cezanne_radeon_vega/syn_memory_converge/variant_267.comp reduction_results/cezanne_radeon_vega/syn_memory_converge/variant_267/variant_267.json
18:17:18.352 INFO  StreamGobblerLogger - stderr.env: ‘interestingness_test’: No such file or directory
18:17:18.352 INFO  ExecHelper - Result: 127
18:17:18.353 INFO  CustomFileJudge - Custom file judge result: 127
18:17:18.353 INFO  ReductionDriver - Result from initial state is not interesting (attempt 5)
18:17:18.353 INFO  ReductionDriver - Tried 5 times; stopping.
Reduction command: java -ea -cp /opt/graphicsfuzz/graphicsfuzz/target/graphicsfuzz/python/drivers/../../jar/tool-1.0.jar com.graphicsfuzz.reducer.tool.GlslReduce /opt/reduce/cezanne_radeon_vega/syn_memory_converge/variant_267.json interestingness_test --output reduction_results/cezanne_radeon_vega/syn_memory_converge/variant_267 /opt/reduce/cezanne_radeon_vega/syn_memory_converge/variant_267.comp
