19:55:16.634 INFO  ExecHelper - /opt/graphicsfuzz/graphicsfuzz/target/graphicsfuzz/bin/Linux/glslangValidator -E --stdin -S comp
19:55:16.738 INFO  ExecHelper - Result: 0
19:55:17.202 INFO  ReductionDriver - Starting reduction for variant_219
19:55:17.217 INFO  ExecHelper - interestingness_test /opt/reduce/rtx_4070/syn_subgroup_op/variant_219.comp reduction_results/rtx_4070/syn_subgroup_op/variant_219/variant_219.json
19:55:17.219 INFO  StreamGobblerLogger - stderr.env: ‘interestingness_test’: No such file or directory
19:55:17.220 INFO  ExecHelper - Result: 127
19:55:17.220 INFO  CustomFileJudge - Custom file judge result: 127
19:55:17.220 INFO  ReductionDriver - Result from initial state is not interesting (attempt 1)
19:55:17.224 INFO  ExecHelper - interestingness_test /opt/reduce/rtx_4070/syn_subgroup_op/variant_219.comp reduction_results/rtx_4070/syn_subgroup_op/variant_219/variant_219.json
19:55:17.226 INFO  StreamGobblerLogger - stderr.env: ‘interestingness_test’: No such file or directory
19:55:17.226 INFO  ExecHelper - Result: 127
19:55:17.226 INFO  CustomFileJudge - Custom file judge result: 127
19:55:17.226 INFO  ReductionDriver - Result from initial state is not interesting (attempt 2)
19:55:17.231 INFO  ExecHelper - interestingness_test /opt/reduce/rtx_4070/syn_subgroup_op/variant_219.comp reduction_results/rtx_4070/syn_subgroup_op/variant_219/variant_219.json
19:55:17.232 INFO  StreamGobblerLogger - stderr.env: ‘interestingness_test’: No such file or directory
19:55:17.232 INFO  ExecHelper - Result: 127
19:55:17.232 INFO  CustomFileJudge - Custom file judge result: 127
19:55:17.232 INFO  ReductionDriver - Result from initial state is not interesting (attempt 3)
19:55:17.236 INFO  ExecHelper - interestingness_test /opt/reduce/rtx_4070/syn_subgroup_op/variant_219.comp reduction_results/rtx_4070/syn_subgroup_op/variant_219/variant_219.json
19:55:17.237 INFO  StreamGobblerLogger - stderr.env: ‘interestingness_test’: No such file or directory
19:55:17.238 INFO  ExecHelper - Result: 127
19:55:17.238 INFO  CustomFileJudge - Custom file judge result: 127
19:55:17.238 INFO  ReductionDriver - Result from initial state is not interesting (attempt 4)
19:55:17.241 INFO  ExecHelper - interestingness_test /opt/reduce/rtx_4070/syn_subgroup_op/variant_219.comp reduction_results/rtx_4070/syn_subgroup_op/variant_219/variant_219.json
19:55:17.243 INFO  StreamGobblerLogger - stderr.env: ‘interestingness_test’: No such file or directory
19:55:17.243 INFO  ExecHelper - Result: 127
19:55:17.243 INFO  CustomFileJudge - Custom file judge result: 127
19:55:17.243 INFO  ReductionDriver - Result from initial state is not interesting (attempt 5)
19:55:17.243 INFO  ReductionDriver - Tried 5 times; stopping.
Reduction command: java -ea -cp /opt/graphicsfuzz/graphicsfuzz/target/graphicsfuzz/python/drivers/../../jar/tool-1.0.jar com.graphicsfuzz.reducer.tool.GlslReduce /opt/reduce/rtx_4070/syn_subgroup_op/variant_219.json interestingness_test --output reduction_results/rtx_4070/syn_subgroup_op/variant_219 /opt/reduce/rtx_4070/syn_subgroup_op/variant_219.comp
