19:02:42.091 INFO  ExecHelper - /opt/graphicsfuzz/graphicsfuzz/target/graphicsfuzz/bin/Linux/glslangValidator -E --stdin -S comp
19:02:42.142 INFO  ExecHelper - Result: 0
19:02:42.238 INFO  ReductionDriver - Starting reduction for variant_893
19:02:42.250 INFO  ExecHelper - interestingness_test /opt/reduce/intel_iris_xe_graphics/syn_memory_converge/variant_893.comp reduction_results/intel_iris_xe_graphics/syn_memory_converge/variant_893/variant_893.json
19:02:42.251 INFO  StreamGobblerLogger - stderr.env: ‘interestingness_test’: No such file or directory
19:02:42.251 INFO  ExecHelper - Result: 127
19:02:42.252 INFO  CustomFileJudge - Custom file judge result: 127
19:02:42.252 INFO  ReductionDriver - Result from initial state is not interesting (attempt 1)
19:02:42.255 INFO  ExecHelper - interestingness_test /opt/reduce/intel_iris_xe_graphics/syn_memory_converge/variant_893.comp reduction_results/intel_iris_xe_graphics/syn_memory_converge/variant_893/variant_893.json
19:02:42.256 INFO  StreamGobblerLogger - stderr.env: ‘interestingness_test’: No such file or directory
19:02:42.256 INFO  ExecHelper - Result: 127
19:02:42.256 INFO  CustomFileJudge - Custom file judge result: 127
19:02:42.256 INFO  ReductionDriver - Result from initial state is not interesting (attempt 2)
19:02:42.259 INFO  ExecHelper - interestingness_test /opt/reduce/intel_iris_xe_graphics/syn_memory_converge/variant_893.comp reduction_results/intel_iris_xe_graphics/syn_memory_converge/variant_893/variant_893.json
19:02:42.260 INFO  StreamGobblerLogger - stderr.env: ‘interestingness_test’: No such file or directory
19:02:42.261 INFO  ExecHelper - Result: 127
19:02:42.261 INFO  CustomFileJudge - Custom file judge result: 127
19:02:42.261 INFO  ReductionDriver - Result from initial state is not interesting (attempt 3)
19:02:42.264 INFO  ExecHelper - interestingness_test /opt/reduce/intel_iris_xe_graphics/syn_memory_converge/variant_893.comp reduction_results/intel_iris_xe_graphics/syn_memory_converge/variant_893/variant_893.json
19:02:42.265 INFO  StreamGobblerLogger - stderr.env: ‘interestingness_test’: No such file or directory
19:02:42.265 INFO  ExecHelper - Result: 127
19:02:42.265 INFO  CustomFileJudge - Custom file judge result: 127
19:02:42.265 INFO  ReductionDriver - Result from initial state is not interesting (attempt 4)
19:02:42.268 INFO  ExecHelper - interestingness_test /opt/reduce/intel_iris_xe_graphics/syn_memory_converge/variant_893.comp reduction_results/intel_iris_xe_graphics/syn_memory_converge/variant_893/variant_893.json
19:02:42.269 INFO  StreamGobblerLogger - stderr.env: ‘interestingness_test’: No such file or directory
19:02:42.270 INFO  ExecHelper - Result: 127
19:02:42.270 INFO  CustomFileJudge - Custom file judge result: 127
19:02:42.270 INFO  ReductionDriver - Result from initial state is not interesting (attempt 5)
19:02:42.270 INFO  ReductionDriver - Tried 5 times; stopping.
Reduction command: java -ea -cp /opt/graphicsfuzz/graphicsfuzz/target/graphicsfuzz/python/drivers/../../jar/tool-1.0.jar com.graphicsfuzz.reducer.tool.GlslReduce /opt/reduce/intel_iris_xe_graphics/syn_memory_converge/variant_893.json interestingness_test --output reduction_results/intel_iris_xe_graphics/syn_memory_converge/variant_893 /opt/reduce/intel_iris_xe_graphics/syn_memory_converge/variant_893.comp
