19:52:21.114 INFO  ExecHelper - /opt/graphicsfuzz/graphicsfuzz/target/graphicsfuzz/bin/Linux/glslangValidator -E --stdin -S comp
19:52:21.164 INFO  ExecHelper - Result: 0
19:52:21.419 INFO  ReductionDriver - Starting reduction for variant_812
19:52:21.477 INFO  ExecHelper - interestingness_test /opt/reduce/rtx_4070/syn_memory_converge_atomic/variant_812.comp reduction_results/rtx_4070/syn_memory_converge_atomic/variant_812/variant_812.json
19:52:21.479 INFO  StreamGobblerLogger - stderr.env: ‘interestingness_test’: No such file or directory
19:52:21.479 INFO  ExecHelper - Result: 127
19:52:21.479 INFO  CustomFileJudge - Custom file judge result: 127
19:52:21.479 INFO  ReductionDriver - Result from initial state is not interesting (attempt 1)
19:52:21.512 INFO  ExecHelper - interestingness_test /opt/reduce/rtx_4070/syn_memory_converge_atomic/variant_812.comp reduction_results/rtx_4070/syn_memory_converge_atomic/variant_812/variant_812.json
19:52:21.513 INFO  StreamGobblerLogger - stderr.env: ‘interestingness_test’: No such file or directory
19:52:21.514 INFO  ExecHelper - Result: 127
19:52:21.514 INFO  CustomFileJudge - Custom file judge result: 127
19:52:21.514 INFO  ReductionDriver - Result from initial state is not interesting (attempt 2)
19:52:21.543 INFO  ExecHelper - interestingness_test /opt/reduce/rtx_4070/syn_memory_converge_atomic/variant_812.comp reduction_results/rtx_4070/syn_memory_converge_atomic/variant_812/variant_812.json
19:52:21.544 INFO  StreamGobblerLogger - stderr.env: ‘interestingness_test’: No such file or directory
19:52:21.545 INFO  ExecHelper - Result: 127
19:52:21.545 INFO  CustomFileJudge - Custom file judge result: 127
19:52:21.545 INFO  ReductionDriver - Result from initial state is not interesting (attempt 3)
19:52:21.573 INFO  ExecHelper - interestingness_test /opt/reduce/rtx_4070/syn_memory_converge_atomic/variant_812.comp reduction_results/rtx_4070/syn_memory_converge_atomic/variant_812/variant_812.json
19:52:21.575 INFO  StreamGobblerLogger - stderr.env: ‘interestingness_test’: No such file or directory
19:52:21.575 INFO  ExecHelper - Result: 127
19:52:21.575 INFO  CustomFileJudge - Custom file judge result: 127
19:52:21.575 INFO  ReductionDriver - Result from initial state is not interesting (attempt 4)
19:52:21.606 INFO  ExecHelper - interestingness_test /opt/reduce/rtx_4070/syn_memory_converge_atomic/variant_812.comp reduction_results/rtx_4070/syn_memory_converge_atomic/variant_812/variant_812.json
19:52:21.607 INFO  StreamGobblerLogger - stderr.env: ‘interestingness_test’: No such file or directory
19:52:21.608 INFO  ExecHelper - Result: 127
19:52:21.608 INFO  CustomFileJudge - Custom file judge result: 127
19:52:21.608 INFO  ReductionDriver - Result from initial state is not interesting (attempt 5)
19:52:21.608 INFO  ReductionDriver - Tried 5 times; stopping.
Reduction command: java -ea -cp /opt/graphicsfuzz/graphicsfuzz/target/graphicsfuzz/python/drivers/../../jar/tool-1.0.jar com.graphicsfuzz.reducer.tool.GlslReduce /opt/reduce/rtx_4070/syn_memory_converge_atomic/variant_812.json interestingness_test --output reduction_results/rtx_4070/syn_memory_converge_atomic/variant_812 /opt/reduce/rtx_4070/syn_memory_converge_atomic/variant_812.comp
