18:53:26.423 INFO  ExecHelper - /opt/graphicsfuzz/graphicsfuzz/target/graphicsfuzz/bin/Linux/glslangValidator -E --stdin -S comp
18:53:26.472 INFO  ExecHelper - Result: 0
18:53:26.570 INFO  ReductionDriver - Starting reduction for variant_240
18:53:26.584 INFO  ExecHelper - interestingness_test /opt/reduce/intel_iris_xe_graphics/syn_memory_converge/variant_240.comp reduction_results/intel_iris_xe_graphics/syn_memory_converge/variant_240/variant_240.json
18:53:26.585 INFO  StreamGobblerLogger - stderr.env: ‘interestingness_test’: No such file or directory
18:53:26.585 INFO  ExecHelper - Result: 127
18:53:26.586 INFO  CustomFileJudge - Custom file judge result: 127
18:53:26.586 INFO  ReductionDriver - Result from initial state is not interesting (attempt 1)
18:53:26.590 INFO  ExecHelper - interestingness_test /opt/reduce/intel_iris_xe_graphics/syn_memory_converge/variant_240.comp reduction_results/intel_iris_xe_graphics/syn_memory_converge/variant_240/variant_240.json
18:53:26.591 INFO  StreamGobblerLogger - stderr.env: ‘interestingness_test’: No such file or directory
18:53:26.592 INFO  ExecHelper - Result: 127
18:53:26.592 INFO  CustomFileJudge - Custom file judge result: 127
18:53:26.592 INFO  ReductionDriver - Result from initial state is not interesting (attempt 2)
18:53:26.595 INFO  ExecHelper - interestingness_test /opt/reduce/intel_iris_xe_graphics/syn_memory_converge/variant_240.comp reduction_results/intel_iris_xe_graphics/syn_memory_converge/variant_240/variant_240.json
18:53:26.596 INFO  StreamGobblerLogger - stderr.env: ‘interestingness_test’: No such file or directory
18:53:26.597 INFO  ExecHelper - Result: 127
18:53:26.597 INFO  CustomFileJudge - Custom file judge result: 127
18:53:26.597 INFO  ReductionDriver - Result from initial state is not interesting (attempt 3)
18:53:26.600 INFO  ExecHelper - interestingness_test /opt/reduce/intel_iris_xe_graphics/syn_memory_converge/variant_240.comp reduction_results/intel_iris_xe_graphics/syn_memory_converge/variant_240/variant_240.json
18:53:26.602 INFO  StreamGobblerLogger - stderr.env: ‘interestingness_test’: No such file or directory
18:53:26.602 INFO  ExecHelper - Result: 127
18:53:26.602 INFO  CustomFileJudge - Custom file judge result: 127
18:53:26.602 INFO  ReductionDriver - Result from initial state is not interesting (attempt 4)
18:53:26.605 INFO  ExecHelper - interestingness_test /opt/reduce/intel_iris_xe_graphics/syn_memory_converge/variant_240.comp reduction_results/intel_iris_xe_graphics/syn_memory_converge/variant_240/variant_240.json
18:53:26.607 INFO  StreamGobblerLogger - stderr.env: ‘interestingness_test’: No such file or directory
18:53:26.607 INFO  ExecHelper - Result: 127
18:53:26.607 INFO  CustomFileJudge - Custom file judge result: 127
18:53:26.607 INFO  ReductionDriver - Result from initial state is not interesting (attempt 5)
18:53:26.607 INFO  ReductionDriver - Tried 5 times; stopping.
Reduction command: java -ea -cp /opt/graphicsfuzz/graphicsfuzz/target/graphicsfuzz/python/drivers/../../jar/tool-1.0.jar com.graphicsfuzz.reducer.tool.GlslReduce /opt/reduce/intel_iris_xe_graphics/syn_memory_converge/variant_240.json interestingness_test --output reduction_results/intel_iris_xe_graphics/syn_memory_converge/variant_240 /opt/reduce/intel_iris_xe_graphics/syn_memory_converge/variant_240.comp
