19:02:32.867 INFO  ExecHelper - /opt/graphicsfuzz/graphicsfuzz/target/graphicsfuzz/bin/Linux/glslangValidator -E --stdin -S comp
19:02:32.929 INFO  ExecHelper - Result: 0
19:02:33.391 INFO  ReductionDriver - Starting reduction for variant_883
19:02:33.408 INFO  ExecHelper - interestingness_test /opt/reduce/intel_iris_xe_graphics/syn_memory_converge/variant_883.comp reduction_results/intel_iris_xe_graphics/syn_memory_converge/variant_883/variant_883.json
19:02:33.410 INFO  StreamGobblerLogger - stderr.env: ‘interestingness_test’: No such file or directory
19:02:33.411 INFO  ExecHelper - Result: 127
19:02:33.411 INFO  CustomFileJudge - Custom file judge result: 127
19:02:33.411 INFO  ReductionDriver - Result from initial state is not interesting (attempt 1)
19:02:33.425 INFO  ExecHelper - interestingness_test /opt/reduce/intel_iris_xe_graphics/syn_memory_converge/variant_883.comp reduction_results/intel_iris_xe_graphics/syn_memory_converge/variant_883/variant_883.json
19:02:33.427 INFO  StreamGobblerLogger - stderr.env: ‘interestingness_test’: No such file or directory
19:02:33.427 INFO  ExecHelper - Result: 127
19:02:33.427 INFO  CustomFileJudge - Custom file judge result: 127
19:02:33.427 INFO  ReductionDriver - Result from initial state is not interesting (attempt 2)
19:02:33.443 INFO  ExecHelper - interestingness_test /opt/reduce/intel_iris_xe_graphics/syn_memory_converge/variant_883.comp reduction_results/intel_iris_xe_graphics/syn_memory_converge/variant_883/variant_883.json
19:02:33.444 INFO  StreamGobblerLogger - stderr.env: ‘interestingness_test’: No such file or directory
19:02:33.445 INFO  ExecHelper - Result: 127
19:02:33.445 INFO  CustomFileJudge - Custom file judge result: 127
19:02:33.445 INFO  ReductionDriver - Result from initial state is not interesting (attempt 3)
19:02:33.453 INFO  ExecHelper - interestingness_test /opt/reduce/intel_iris_xe_graphics/syn_memory_converge/variant_883.comp reduction_results/intel_iris_xe_graphics/syn_memory_converge/variant_883/variant_883.json
19:02:33.454 INFO  StreamGobblerLogger - stderr.env: ‘interestingness_test’: No such file or directory
19:02:33.454 INFO  ExecHelper - Result: 127
19:02:33.454 INFO  CustomFileJudge - Custom file judge result: 127
19:02:33.454 INFO  ReductionDriver - Result from initial state is not interesting (attempt 4)
19:02:33.460 INFO  ExecHelper - interestingness_test /opt/reduce/intel_iris_xe_graphics/syn_memory_converge/variant_883.comp reduction_results/intel_iris_xe_graphics/syn_memory_converge/variant_883/variant_883.json
19:02:33.461 INFO  StreamGobblerLogger - stderr.env: ‘interestingness_test’: No such file or directory
19:02:33.461 INFO  ExecHelper - Result: 127
19:02:33.461 INFO  CustomFileJudge - Custom file judge result: 127
19:02:33.462 INFO  ReductionDriver - Result from initial state is not interesting (attempt 5)
19:02:33.462 INFO  ReductionDriver - Tried 5 times; stopping.
Reduction command: java -ea -cp /opt/graphicsfuzz/graphicsfuzz/target/graphicsfuzz/python/drivers/../../jar/tool-1.0.jar com.graphicsfuzz.reducer.tool.GlslReduce /opt/reduce/intel_iris_xe_graphics/syn_memory_converge/variant_883.json interestingness_test --output reduction_results/intel_iris_xe_graphics/syn_memory_converge/variant_883 /opt/reduce/intel_iris_xe_graphics/syn_memory_converge/variant_883.comp
