18:36:08.491 INFO  ExecHelper - /opt/graphicsfuzz/graphicsfuzz/target/graphicsfuzz/bin/Linux/glslangValidator -E --stdin -S comp
18:36:08.640 INFO  ExecHelper - Result: 0
18:36:09.330 INFO  ReductionDriver - Starting reduction for variant_646
18:36:09.347 INFO  ExecHelper - interestingness_test /opt/reduce/cezanne_radeon_vega/syn_memory_converge_atomic/variant_646.comp reduction_results/cezanne_radeon_vega/syn_memory_converge_atomic/variant_646/variant_646.json
18:36:09.349 INFO  StreamGobblerLogger - stderr.env: ‘interestingness_test’: No such file or directory
18:36:09.349 INFO  ExecHelper - Result: 127
18:36:09.349 INFO  CustomFileJudge - Custom file judge result: 127
18:36:09.349 INFO  ReductionDriver - Result from initial state is not interesting (attempt 1)
18:36:09.356 INFO  ExecHelper - interestingness_test /opt/reduce/cezanne_radeon_vega/syn_memory_converge_atomic/variant_646.comp reduction_results/cezanne_radeon_vega/syn_memory_converge_atomic/variant_646/variant_646.json
18:36:09.357 INFO  StreamGobblerLogger - stderr.env: ‘interestingness_test’: No such file or directory
18:36:09.357 INFO  ExecHelper - Result: 127
18:36:09.357 INFO  CustomFileJudge - Custom file judge result: 127
18:36:09.357 INFO  ReductionDriver - Result from initial state is not interesting (attempt 2)
18:36:09.363 INFO  ExecHelper - interestingness_test /opt/reduce/cezanne_radeon_vega/syn_memory_converge_atomic/variant_646.comp reduction_results/cezanne_radeon_vega/syn_memory_converge_atomic/variant_646/variant_646.json
18:36:09.364 INFO  StreamGobblerLogger - stderr.env: ‘interestingness_test’: No such file or directory
18:36:09.365 INFO  ExecHelper - Result: 127
18:36:09.365 INFO  CustomFileJudge - Custom file judge result: 127
18:36:09.365 INFO  ReductionDriver - Result from initial state is not interesting (attempt 3)
18:36:09.370 INFO  ExecHelper - interestingness_test /opt/reduce/cezanne_radeon_vega/syn_memory_converge_atomic/variant_646.comp reduction_results/cezanne_radeon_vega/syn_memory_converge_atomic/variant_646/variant_646.json
18:36:09.371 INFO  StreamGobblerLogger - stderr.env: ‘interestingness_test’: No such file or directory
18:36:09.371 INFO  ExecHelper - Result: 127
18:36:09.371 INFO  CustomFileJudge - Custom file judge result: 127
18:36:09.371 INFO  ReductionDriver - Result from initial state is not interesting (attempt 4)
18:36:09.376 INFO  ExecHelper - interestingness_test /opt/reduce/cezanne_radeon_vega/syn_memory_converge_atomic/variant_646.comp reduction_results/cezanne_radeon_vega/syn_memory_converge_atomic/variant_646/variant_646.json
18:36:09.377 INFO  StreamGobblerLogger - stderr.env: ‘interestingness_test’: No such file or directory
18:36:09.378 INFO  ExecHelper - Result: 127
18:36:09.378 INFO  CustomFileJudge - Custom file judge result: 127
18:36:09.378 INFO  ReductionDriver - Result from initial state is not interesting (attempt 5)
18:36:09.378 INFO  ReductionDriver - Tried 5 times; stopping.
Reduction command: java -ea -cp /opt/graphicsfuzz/graphicsfuzz/target/graphicsfuzz/python/drivers/../../jar/tool-1.0.jar com.graphicsfuzz.reducer.tool.GlslReduce /opt/reduce/cezanne_radeon_vega/syn_memory_converge_atomic/variant_646.json interestingness_test --output reduction_results/cezanne_radeon_vega/syn_memory_converge_atomic/variant_646 /opt/reduce/cezanne_radeon_vega/syn_memory_converge_atomic/variant_646.comp
