18:41:38.640 INFO  ExecHelper - /opt/graphicsfuzz/graphicsfuzz/target/graphicsfuzz/bin/Linux/glslangValidator -E --stdin -S comp
18:41:38.781 INFO  ExecHelper - Result: 0
18:41:39.483 INFO  ReductionDriver - Starting reduction for variant_438
18:41:39.499 INFO  ExecHelper - interestingness_test /opt/reduce/cezanne_radeon_vega/syn_subgroup_op/variant_438.comp reduction_results/cezanne_radeon_vega/syn_subgroup_op/variant_438/variant_438.json
18:41:39.501 INFO  StreamGobblerLogger - stderr.env: ‘interestingness_test’: No such file or directory
18:41:39.501 INFO  ExecHelper - Result: 127
18:41:39.501 INFO  CustomFileJudge - Custom file judge result: 127
18:41:39.501 INFO  ReductionDriver - Result from initial state is not interesting (attempt 1)
18:41:39.507 INFO  ExecHelper - interestingness_test /opt/reduce/cezanne_radeon_vega/syn_subgroup_op/variant_438.comp reduction_results/cezanne_radeon_vega/syn_subgroup_op/variant_438/variant_438.json
18:41:39.508 INFO  StreamGobblerLogger - stderr.env: ‘interestingness_test’: No such file or directory
18:41:39.509 INFO  ExecHelper - Result: 127
18:41:39.509 INFO  CustomFileJudge - Custom file judge result: 127
18:41:39.509 INFO  ReductionDriver - Result from initial state is not interesting (attempt 2)
18:41:39.514 INFO  ExecHelper - interestingness_test /opt/reduce/cezanne_radeon_vega/syn_subgroup_op/variant_438.comp reduction_results/cezanne_radeon_vega/syn_subgroup_op/variant_438/variant_438.json
18:41:39.516 INFO  StreamGobblerLogger - stderr.env: ‘interestingness_test’: No such file or directory
18:41:39.516 INFO  ExecHelper - Result: 127
18:41:39.516 INFO  CustomFileJudge - Custom file judge result: 127
18:41:39.516 INFO  ReductionDriver - Result from initial state is not interesting (attempt 3)
18:41:39.521 INFO  ExecHelper - interestingness_test /opt/reduce/cezanne_radeon_vega/syn_subgroup_op/variant_438.comp reduction_results/cezanne_radeon_vega/syn_subgroup_op/variant_438/variant_438.json
18:41:39.522 INFO  StreamGobblerLogger - stderr.env: ‘interestingness_test’: No such file or directory
18:41:39.522 INFO  ExecHelper - Result: 127
18:41:39.522 INFO  CustomFileJudge - Custom file judge result: 127
18:41:39.522 INFO  ReductionDriver - Result from initial state is not interesting (attempt 4)
18:41:39.527 INFO  ExecHelper - interestingness_test /opt/reduce/cezanne_radeon_vega/syn_subgroup_op/variant_438.comp reduction_results/cezanne_radeon_vega/syn_subgroup_op/variant_438/variant_438.json
18:41:39.538 INFO  StreamGobblerLogger - stderr.env: ‘interestingness_test’: No such file or directory
18:41:39.539 INFO  ExecHelper - Result: 127
18:41:39.539 INFO  CustomFileJudge - Custom file judge result: 127
18:41:39.539 INFO  ReductionDriver - Result from initial state is not interesting (attempt 5)
18:41:39.539 INFO  ReductionDriver - Tried 5 times; stopping.
Reduction command: java -ea -cp /opt/graphicsfuzz/graphicsfuzz/target/graphicsfuzz/python/drivers/../../jar/tool-1.0.jar com.graphicsfuzz.reducer.tool.GlslReduce /opt/reduce/cezanne_radeon_vega/syn_subgroup_op/variant_438.json interestingness_test --output reduction_results/cezanne_radeon_vega/syn_subgroup_op/variant_438 /opt/reduce/cezanne_radeon_vega/syn_subgroup_op/variant_438.comp
