19:53:28.610 INFO  ExecHelper - /opt/graphicsfuzz/graphicsfuzz/target/graphicsfuzz/bin/Linux/glslangValidator -E --stdin -S comp
19:53:28.675 INFO  ExecHelper - Result: 0
19:53:29.119 INFO  ReductionDriver - Starting reduction for variant_894
19:53:29.134 INFO  ExecHelper - interestingness_test /opt/reduce/rtx_4070/syn_memory_converge_atomic/variant_894.comp reduction_results/rtx_4070/syn_memory_converge_atomic/variant_894/variant_894.json
19:53:29.136 INFO  StreamGobblerLogger - stderr.env: ‘interestingness_test’: No such file or directory
19:53:29.136 INFO  ExecHelper - Result: 127
19:53:29.137 INFO  CustomFileJudge - Custom file judge result: 127
19:53:29.137 INFO  ReductionDriver - Result from initial state is not interesting (attempt 1)
19:53:29.142 INFO  ExecHelper - interestingness_test /opt/reduce/rtx_4070/syn_memory_converge_atomic/variant_894.comp reduction_results/rtx_4070/syn_memory_converge_atomic/variant_894/variant_894.json
19:53:29.143 INFO  StreamGobblerLogger - stderr.env: ‘interestingness_test’: No such file or directory
19:53:29.144 INFO  ExecHelper - Result: 127
19:53:29.144 INFO  CustomFileJudge - Custom file judge result: 127
19:53:29.144 INFO  ReductionDriver - Result from initial state is not interesting (attempt 2)
19:53:29.148 INFO  ExecHelper - interestingness_test /opt/reduce/rtx_4070/syn_memory_converge_atomic/variant_894.comp reduction_results/rtx_4070/syn_memory_converge_atomic/variant_894/variant_894.json
19:53:29.149 INFO  StreamGobblerLogger - stderr.env: ‘interestingness_test’: No such file or directory
19:53:29.150 INFO  ExecHelper - Result: 127
19:53:29.150 INFO  CustomFileJudge - Custom file judge result: 127
19:53:29.150 INFO  ReductionDriver - Result from initial state is not interesting (attempt 3)
19:53:29.155 INFO  ExecHelper - interestingness_test /opt/reduce/rtx_4070/syn_memory_converge_atomic/variant_894.comp reduction_results/rtx_4070/syn_memory_converge_atomic/variant_894/variant_894.json
19:53:29.156 INFO  StreamGobblerLogger - stderr.env: ‘interestingness_test’: No such file or directory
19:53:29.156 INFO  ExecHelper - Result: 127
19:53:29.156 INFO  CustomFileJudge - Custom file judge result: 127
19:53:29.156 INFO  ReductionDriver - Result from initial state is not interesting (attempt 4)
19:53:29.160 INFO  ExecHelper - interestingness_test /opt/reduce/rtx_4070/syn_memory_converge_atomic/variant_894.comp reduction_results/rtx_4070/syn_memory_converge_atomic/variant_894/variant_894.json
19:53:29.161 INFO  StreamGobblerLogger - stderr.env: ‘interestingness_test’: No such file or directory
19:53:29.162 INFO  ExecHelper - Result: 127
19:53:29.162 INFO  CustomFileJudge - Custom file judge result: 127
19:53:29.162 INFO  ReductionDriver - Result from initial state is not interesting (attempt 5)
19:53:29.162 INFO  ReductionDriver - Tried 5 times; stopping.
Reduction command: java -ea -cp /opt/graphicsfuzz/graphicsfuzz/target/graphicsfuzz/python/drivers/../../jar/tool-1.0.jar com.graphicsfuzz.reducer.tool.GlslReduce /opt/reduce/rtx_4070/syn_memory_converge_atomic/variant_894.json interestingness_test --output reduction_results/rtx_4070/syn_memory_converge_atomic/variant_894 /opt/reduce/rtx_4070/syn_memory_converge_atomic/variant_894.comp
