18:17:08.962 INFO  ExecHelper - /opt/graphicsfuzz/graphicsfuzz/target/graphicsfuzz/bin/Linux/glslangValidator -E --stdin -S comp
18:17:09.010 INFO  ExecHelper - Result: 0
18:17:09.067 INFO  ReductionDriver - Starting reduction for variant_257
18:17:09.071 INFO  ExecHelper - interestingness_test /opt/reduce/cezanne_radeon_vega/syn_memory_converge/variant_257.comp reduction_results/cezanne_radeon_vega/syn_memory_converge/variant_257/variant_257.json
18:17:09.073 INFO  StreamGobblerLogger - stderr.env: ‘interestingness_test’: No such file or directory
18:17:09.074 INFO  ExecHelper - Result: 127
18:17:09.074 INFO  CustomFileJudge - Custom file judge result: 127
18:17:09.074 INFO  ReductionDriver - Result from initial state is not interesting (attempt 1)
18:17:09.075 INFO  ExecHelper - interestingness_test /opt/reduce/cezanne_radeon_vega/syn_memory_converge/variant_257.comp reduction_results/cezanne_radeon_vega/syn_memory_converge/variant_257/variant_257.json
18:17:09.076 INFO  StreamGobblerLogger - stderr.env: ‘interestingness_test’: No such file or directory
18:17:09.076 INFO  ExecHelper - Result: 127
18:17:09.076 INFO  CustomFileJudge - Custom file judge result: 127
18:17:09.076 INFO  ReductionDriver - Result from initial state is not interesting (attempt 2)
18:17:09.077 INFO  ExecHelper - interestingness_test /opt/reduce/cezanne_radeon_vega/syn_memory_converge/variant_257.comp reduction_results/cezanne_radeon_vega/syn_memory_converge/variant_257/variant_257.json
18:17:09.078 INFO  StreamGobblerLogger - stderr.env: ‘interestingness_test’: No such file or directory
18:17:09.078 INFO  ExecHelper - Result: 127
18:17:09.078 INFO  CustomFileJudge - Custom file judge result: 127
18:17:09.078 INFO  ReductionDriver - Result from initial state is not interesting (attempt 3)
18:17:09.079 INFO  ExecHelper - interestingness_test /opt/reduce/cezanne_radeon_vega/syn_memory_converge/variant_257.comp reduction_results/cezanne_radeon_vega/syn_memory_converge/variant_257/variant_257.json
18:17:09.080 INFO  StreamGobblerLogger - stderr.env: ‘interestingness_test’: No such file or directory
18:17:09.081 INFO  ExecHelper - Result: 127
18:17:09.081 INFO  CustomFileJudge - Custom file judge result: 127
18:17:09.081 INFO  ReductionDriver - Result from initial state is not interesting (attempt 4)
18:17:09.081 INFO  ExecHelper - interestingness_test /opt/reduce/cezanne_radeon_vega/syn_memory_converge/variant_257.comp reduction_results/cezanne_radeon_vega/syn_memory_converge/variant_257/variant_257.json
18:17:09.082 INFO  StreamGobblerLogger - stderr.env: ‘interestingness_test’: No such file or directory
18:17:09.083 INFO  ExecHelper - Result: 127
18:17:09.083 INFO  CustomFileJudge - Custom file judge result: 127
18:17:09.083 INFO  ReductionDriver - Result from initial state is not interesting (attempt 5)
18:17:09.083 INFO  ReductionDriver - Tried 5 times; stopping.
Reduction command: java -ea -cp /opt/graphicsfuzz/graphicsfuzz/target/graphicsfuzz/python/drivers/../../jar/tool-1.0.jar com.graphicsfuzz.reducer.tool.GlslReduce /opt/reduce/cezanne_radeon_vega/syn_memory_converge/variant_257.json interestingness_test --output reduction_results/cezanne_radeon_vega/syn_memory_converge/variant_257 /opt/reduce/cezanne_radeon_vega/syn_memory_converge/variant_257.comp
