18:29:19.790 INFO  ExecHelper - /opt/graphicsfuzz/graphicsfuzz/target/graphicsfuzz/bin/Linux/glslangValidator -E --stdin -S comp
18:29:19.839 INFO  ExecHelper - Result: 0
18:29:19.936 INFO  ReductionDriver - Starting reduction for variant_154
18:29:19.960 INFO  ExecHelper - interestingness_test /opt/reduce/cezanne_radeon_vega/syn_memory_converge_atomic/variant_154.comp reduction_results/cezanne_radeon_vega/syn_memory_converge_atomic/variant_154/variant_154.json
18:29:19.962 INFO  StreamGobblerLogger - stderr.env: ‘interestingness_test’: No such file or directory
18:29:19.963 INFO  ExecHelper - Result: 127
18:29:19.963 INFO  CustomFileJudge - Custom file judge result: 127
18:29:19.963 INFO  ReductionDriver - Result from initial state is not interesting (attempt 1)
18:29:19.967 INFO  ExecHelper - interestingness_test /opt/reduce/cezanne_radeon_vega/syn_memory_converge_atomic/variant_154.comp reduction_results/cezanne_radeon_vega/syn_memory_converge_atomic/variant_154/variant_154.json
18:29:19.969 INFO  StreamGobblerLogger - stderr.env: ‘interestingness_test’: No such file or directory
18:29:19.969 INFO  ExecHelper - Result: 127
18:29:19.969 INFO  CustomFileJudge - Custom file judge result: 127
18:29:19.969 INFO  ReductionDriver - Result from initial state is not interesting (attempt 2)
18:29:19.971 INFO  ExecHelper - interestingness_test /opt/reduce/cezanne_radeon_vega/syn_memory_converge_atomic/variant_154.comp reduction_results/cezanne_radeon_vega/syn_memory_converge_atomic/variant_154/variant_154.json
18:29:19.973 INFO  StreamGobblerLogger - stderr.env: ‘interestingness_test’: No such file or directory
18:29:19.973 INFO  ExecHelper - Result: 127
18:29:19.973 INFO  CustomFileJudge - Custom file judge result: 127
18:29:19.973 INFO  ReductionDriver - Result from initial state is not interesting (attempt 3)
18:29:19.975 INFO  ExecHelper - interestingness_test /opt/reduce/cezanne_radeon_vega/syn_memory_converge_atomic/variant_154.comp reduction_results/cezanne_radeon_vega/syn_memory_converge_atomic/variant_154/variant_154.json
18:29:19.977 INFO  StreamGobblerLogger - stderr.env: ‘interestingness_test’: No such file or directory
18:29:19.977 INFO  ExecHelper - Result: 127
18:29:19.977 INFO  CustomFileJudge - Custom file judge result: 127
18:29:19.977 INFO  ReductionDriver - Result from initial state is not interesting (attempt 4)
18:29:19.979 INFO  ExecHelper - interestingness_test /opt/reduce/cezanne_radeon_vega/syn_memory_converge_atomic/variant_154.comp reduction_results/cezanne_radeon_vega/syn_memory_converge_atomic/variant_154/variant_154.json
18:29:19.980 INFO  StreamGobblerLogger - stderr.env: ‘interestingness_test’: No such file or directory
18:29:19.981 INFO  ExecHelper - Result: 127
18:29:19.981 INFO  CustomFileJudge - Custom file judge result: 127
18:29:19.981 INFO  ReductionDriver - Result from initial state is not interesting (attempt 5)
18:29:19.981 INFO  ReductionDriver - Tried 5 times; stopping.
Reduction command: java -ea -cp /opt/graphicsfuzz/graphicsfuzz/target/graphicsfuzz/python/drivers/../../jar/tool-1.0.jar com.graphicsfuzz.reducer.tool.GlslReduce /opt/reduce/cezanne_radeon_vega/syn_memory_converge_atomic/variant_154.json interestingness_test --output reduction_results/cezanne_radeon_vega/syn_memory_converge_atomic/variant_154 /opt/reduce/cezanne_radeon_vega/syn_memory_converge_atomic/variant_154.comp
