18:30:21.997 INFO  ExecHelper - /opt/graphicsfuzz/graphicsfuzz/target/graphicsfuzz/bin/Linux/glslangValidator -E --stdin -S comp
18:30:22.069 INFO  ExecHelper - Result: 0
18:30:22.600 INFO  ReductionDriver - Starting reduction for variant_225
18:30:22.617 INFO  ExecHelper - interestingness_test /opt/reduce/cezanne_radeon_vega/syn_memory_converge_atomic/variant_225.comp reduction_results/cezanne_radeon_vega/syn_memory_converge_atomic/variant_225/variant_225.json
18:30:22.618 INFO  StreamGobblerLogger - stderr.env: ‘interestingness_test’: No such file or directory
18:30:22.619 INFO  ExecHelper - Result: 127
18:30:22.619 INFO  CustomFileJudge - Custom file judge result: 127
18:30:22.619 INFO  ReductionDriver - Result from initial state is not interesting (attempt 1)
18:30:22.624 INFO  ExecHelper - interestingness_test /opt/reduce/cezanne_radeon_vega/syn_memory_converge_atomic/variant_225.comp reduction_results/cezanne_radeon_vega/syn_memory_converge_atomic/variant_225/variant_225.json
18:30:22.626 INFO  StreamGobblerLogger - stderr.env: ‘interestingness_test’: No such file or directory
18:30:22.626 INFO  ExecHelper - Result: 127
18:30:22.626 INFO  CustomFileJudge - Custom file judge result: 127
18:30:22.626 INFO  ReductionDriver - Result from initial state is not interesting (attempt 2)
18:30:22.631 INFO  ExecHelper - interestingness_test /opt/reduce/cezanne_radeon_vega/syn_memory_converge_atomic/variant_225.comp reduction_results/cezanne_radeon_vega/syn_memory_converge_atomic/variant_225/variant_225.json
18:30:22.633 INFO  StreamGobblerLogger - stderr.env: ‘interestingness_test’: No such file or directory
18:30:22.633 INFO  ExecHelper - Result: 127
18:30:22.633 INFO  CustomFileJudge - Custom file judge result: 127
18:30:22.633 INFO  ReductionDriver - Result from initial state is not interesting (attempt 3)
18:30:22.638 INFO  ExecHelper - interestingness_test /opt/reduce/cezanne_radeon_vega/syn_memory_converge_atomic/variant_225.comp reduction_results/cezanne_radeon_vega/syn_memory_converge_atomic/variant_225/variant_225.json
18:30:22.639 INFO  StreamGobblerLogger - stderr.env: ‘interestingness_test’: No such file or directory
18:30:22.640 INFO  ExecHelper - Result: 127
18:30:22.640 INFO  CustomFileJudge - Custom file judge result: 127
18:30:22.640 INFO  ReductionDriver - Result from initial state is not interesting (attempt 4)
18:30:22.644 INFO  ExecHelper - interestingness_test /opt/reduce/cezanne_radeon_vega/syn_memory_converge_atomic/variant_225.comp reduction_results/cezanne_radeon_vega/syn_memory_converge_atomic/variant_225/variant_225.json
18:30:22.645 INFO  StreamGobblerLogger - stderr.env: ‘interestingness_test’: No such file or directory
18:30:22.645 INFO  ExecHelper - Result: 127
18:30:22.645 INFO  CustomFileJudge - Custom file judge result: 127
18:30:22.645 INFO  ReductionDriver - Result from initial state is not interesting (attempt 5)
18:30:22.645 INFO  ReductionDriver - Tried 5 times; stopping.
Reduction command: java -ea -cp /opt/graphicsfuzz/graphicsfuzz/target/graphicsfuzz/python/drivers/../../jar/tool-1.0.jar com.graphicsfuzz.reducer.tool.GlslReduce /opt/reduce/cezanne_radeon_vega/syn_memory_converge_atomic/variant_225.json interestingness_test --output reduction_results/cezanne_radeon_vega/syn_memory_converge_atomic/variant_225 /opt/reduce/cezanne_radeon_vega/syn_memory_converge_atomic/variant_225.comp
