18:56:43.401 INFO  ExecHelper - /opt/graphicsfuzz/graphicsfuzz/target/graphicsfuzz/bin/Linux/glslangValidator -E --stdin -S comp
18:56:43.461 INFO  ExecHelper - Result: 0
18:56:43.904 INFO  ReductionDriver - Starting reduction for variant_460
18:56:44.039 INFO  ExecHelper - interestingness_test /opt/reduce/intel_iris_xe_graphics/syn_memory_converge/variant_460.comp reduction_results/intel_iris_xe_graphics/syn_memory_converge/variant_460/variant_460.json
18:56:44.041 INFO  StreamGobblerLogger - stderr.env: ‘interestingness_test’: No such file or directory
18:56:44.042 INFO  ExecHelper - Result: 127
18:56:44.042 INFO  CustomFileJudge - Custom file judge result: 127
18:56:44.042 INFO  ReductionDriver - Result from initial state is not interesting (attempt 1)
18:56:44.156 INFO  ExecHelper - interestingness_test /opt/reduce/intel_iris_xe_graphics/syn_memory_converge/variant_460.comp reduction_results/intel_iris_xe_graphics/syn_memory_converge/variant_460/variant_460.json
18:56:44.157 INFO  StreamGobblerLogger - stderr.env: ‘interestingness_test’: No such file or directory
18:56:44.158 INFO  ExecHelper - Result: 127
18:56:44.158 INFO  CustomFileJudge - Custom file judge result: 127
18:56:44.158 INFO  ReductionDriver - Result from initial state is not interesting (attempt 2)
18:56:44.266 INFO  ExecHelper - interestingness_test /opt/reduce/intel_iris_xe_graphics/syn_memory_converge/variant_460.comp reduction_results/intel_iris_xe_graphics/syn_memory_converge/variant_460/variant_460.json
18:56:44.268 INFO  StreamGobblerLogger - stderr.env: ‘interestingness_test’: No such file or directory
18:56:44.269 INFO  ExecHelper - Result: 127
18:56:44.269 INFO  CustomFileJudge - Custom file judge result: 127
18:56:44.269 INFO  ReductionDriver - Result from initial state is not interesting (attempt 3)
18:56:44.374 INFO  ExecHelper - interestingness_test /opt/reduce/intel_iris_xe_graphics/syn_memory_converge/variant_460.comp reduction_results/intel_iris_xe_graphics/syn_memory_converge/variant_460/variant_460.json
18:56:44.376 INFO  StreamGobblerLogger - stderr.env: ‘interestingness_test’: No such file or directory
18:56:44.377 INFO  ExecHelper - Result: 127
18:56:44.377 INFO  CustomFileJudge - Custom file judge result: 127
18:56:44.377 INFO  ReductionDriver - Result from initial state is not interesting (attempt 4)
18:56:44.481 INFO  ExecHelper - interestingness_test /opt/reduce/intel_iris_xe_graphics/syn_memory_converge/variant_460.comp reduction_results/intel_iris_xe_graphics/syn_memory_converge/variant_460/variant_460.json
18:56:44.483 INFO  StreamGobblerLogger - stderr.env: ‘interestingness_test’: No such file or directory
18:56:44.483 INFO  ExecHelper - Result: 127
18:56:44.483 INFO  CustomFileJudge - Custom file judge result: 127
18:56:44.483 INFO  ReductionDriver - Result from initial state is not interesting (attempt 5)
18:56:44.483 INFO  ReductionDriver - Tried 5 times; stopping.
Reduction command: java -ea -cp /opt/graphicsfuzz/graphicsfuzz/target/graphicsfuzz/python/drivers/../../jar/tool-1.0.jar com.graphicsfuzz.reducer.tool.GlslReduce /opt/reduce/intel_iris_xe_graphics/syn_memory_converge/variant_460.json interestingness_test --output reduction_results/intel_iris_xe_graphics/syn_memory_converge/variant_460 /opt/reduce/intel_iris_xe_graphics/syn_memory_converge/variant_460.comp
