18:12:50.356 INFO  ExecHelper - /opt/graphicsfuzz/graphicsfuzz/target/graphicsfuzz/bin/Linux/glslangValidator -E --stdin -S comp
18:12:50.505 INFO  ExecHelper - Result: 0
18:12:51.420 INFO  ReductionDriver - Starting reduction for variant_651
18:12:51.434 INFO  ExecHelper - interestingness_test /opt/reduce/cezanne_radeon_vega/syn_lock_step/variant_651.comp reduction_results/cezanne_radeon_vega/syn_lock_step/variant_651/variant_651.json
18:12:51.435 INFO  StreamGobblerLogger - stderr.env: ‘interestingness_test’: No such file or directory
18:12:51.435 INFO  ExecHelper - Result: 127
18:12:51.435 INFO  CustomFileJudge - Custom file judge result: 127
18:12:51.435 INFO  ReductionDriver - Result from initial state is not interesting (attempt 1)
18:12:51.441 INFO  ExecHelper - interestingness_test /opt/reduce/cezanne_radeon_vega/syn_lock_step/variant_651.comp reduction_results/cezanne_radeon_vega/syn_lock_step/variant_651/variant_651.json
18:12:51.442 INFO  StreamGobblerLogger - stderr.env: ‘interestingness_test’: No such file or directory
18:12:51.443 INFO  ExecHelper - Result: 127
18:12:51.443 INFO  CustomFileJudge - Custom file judge result: 127
18:12:51.443 INFO  ReductionDriver - Result from initial state is not interesting (attempt 2)
18:12:51.450 INFO  ExecHelper - interestingness_test /opt/reduce/cezanne_radeon_vega/syn_lock_step/variant_651.comp reduction_results/cezanne_radeon_vega/syn_lock_step/variant_651/variant_651.json
18:12:51.453 INFO  StreamGobblerLogger - stderr.env: ‘interestingness_test’: No such file or directory
18:12:51.453 INFO  ExecHelper - Result: 127
18:12:51.453 INFO  CustomFileJudge - Custom file judge result: 127
18:12:51.453 INFO  ReductionDriver - Result from initial state is not interesting (attempt 3)
18:12:51.458 INFO  ExecHelper - interestingness_test /opt/reduce/cezanne_radeon_vega/syn_lock_step/variant_651.comp reduction_results/cezanne_radeon_vega/syn_lock_step/variant_651/variant_651.json
18:12:51.459 INFO  StreamGobblerLogger - stderr.env: ‘interestingness_test’: No such file or directory
18:12:51.459 INFO  ExecHelper - Result: 127
18:12:51.459 INFO  CustomFileJudge - Custom file judge result: 127
18:12:51.459 INFO  ReductionDriver - Result from initial state is not interesting (attempt 4)
18:12:51.463 INFO  ExecHelper - interestingness_test /opt/reduce/cezanne_radeon_vega/syn_lock_step/variant_651.comp reduction_results/cezanne_radeon_vega/syn_lock_step/variant_651/variant_651.json
18:12:51.464 INFO  StreamGobblerLogger - stderr.env: ‘interestingness_test’: No such file or directory
18:12:51.464 INFO  ExecHelper - Result: 127
18:12:51.464 INFO  CustomFileJudge - Custom file judge result: 127
18:12:51.465 INFO  ReductionDriver - Result from initial state is not interesting (attempt 5)
18:12:51.465 INFO  ReductionDriver - Tried 5 times; stopping.
Reduction command: java -ea -cp /opt/graphicsfuzz/graphicsfuzz/target/graphicsfuzz/python/drivers/../../jar/tool-1.0.jar com.graphicsfuzz.reducer.tool.GlslReduce /opt/reduce/cezanne_radeon_vega/syn_lock_step/variant_651.json interestingness_test --output reduction_results/cezanne_radeon_vega/syn_lock_step/variant_651 /opt/reduce/cezanne_radeon_vega/syn_lock_step/variant_651.comp
