18:33:43.680 INFO  ExecHelper - /opt/graphicsfuzz/graphicsfuzz/target/graphicsfuzz/bin/Linux/glslangValidator -E --stdin -S comp
18:33:43.741 INFO  ExecHelper - Result: 0
18:33:44.133 INFO  ReductionDriver - Starting reduction for variant_476
18:33:44.278 INFO  ExecHelper - interestingness_test /opt/reduce/cezanne_radeon_vega/syn_memory_converge_atomic/variant_476.comp reduction_results/cezanne_radeon_vega/syn_memory_converge_atomic/variant_476/variant_476.json
18:33:44.288 INFO  StreamGobblerLogger - stderr.env: ‘interestingness_test’: No such file or directory
18:33:44.288 INFO  ExecHelper - Result: 127
18:33:44.288 INFO  CustomFileJudge - Custom file judge result: 127
18:33:44.288 INFO  ReductionDriver - Result from initial state is not interesting (attempt 1)
18:33:44.413 INFO  ExecHelper - interestingness_test /opt/reduce/cezanne_radeon_vega/syn_memory_converge_atomic/variant_476.comp reduction_results/cezanne_radeon_vega/syn_memory_converge_atomic/variant_476/variant_476.json
18:33:44.416 INFO  StreamGobblerLogger - stderr.env: ‘interestingness_test’: No such file or directory
18:33:44.416 INFO  ExecHelper - Result: 127
18:33:44.416 INFO  CustomFileJudge - Custom file judge result: 127
18:33:44.416 INFO  ReductionDriver - Result from initial state is not interesting (attempt 2)
18:33:44.529 INFO  ExecHelper - interestingness_test /opt/reduce/cezanne_radeon_vega/syn_memory_converge_atomic/variant_476.comp reduction_results/cezanne_radeon_vega/syn_memory_converge_atomic/variant_476/variant_476.json
18:33:44.531 INFO  StreamGobblerLogger - stderr.env: ‘interestingness_test’: No such file or directory
18:33:44.531 INFO  ExecHelper - Result: 127
18:33:44.531 INFO  CustomFileJudge - Custom file judge result: 127
18:33:44.531 INFO  ReductionDriver - Result from initial state is not interesting (attempt 3)
18:33:44.639 INFO  ExecHelper - interestingness_test /opt/reduce/cezanne_radeon_vega/syn_memory_converge_atomic/variant_476.comp reduction_results/cezanne_radeon_vega/syn_memory_converge_atomic/variant_476/variant_476.json
18:33:44.641 INFO  StreamGobblerLogger - stderr.env: ‘interestingness_test’: No such file or directory
18:33:44.642 INFO  ExecHelper - Result: 127
18:33:44.642 INFO  CustomFileJudge - Custom file judge result: 127
18:33:44.642 INFO  ReductionDriver - Result from initial state is not interesting (attempt 4)
18:33:44.748 INFO  ExecHelper - interestingness_test /opt/reduce/cezanne_radeon_vega/syn_memory_converge_atomic/variant_476.comp reduction_results/cezanne_radeon_vega/syn_memory_converge_atomic/variant_476/variant_476.json
18:33:44.749 INFO  StreamGobblerLogger - stderr.env: ‘interestingness_test’: No such file or directory
18:33:44.750 INFO  ExecHelper - Result: 127
18:33:44.750 INFO  CustomFileJudge - Custom file judge result: 127
18:33:44.750 INFO  ReductionDriver - Result from initial state is not interesting (attempt 5)
18:33:44.750 INFO  ReductionDriver - Tried 5 times; stopping.
Reduction command: java -ea -cp /opt/graphicsfuzz/graphicsfuzz/target/graphicsfuzz/python/drivers/../../jar/tool-1.0.jar com.graphicsfuzz.reducer.tool.GlslReduce /opt/reduce/cezanne_radeon_vega/syn_memory_converge_atomic/variant_476.json interestingness_test --output reduction_results/cezanne_radeon_vega/syn_memory_converge_atomic/variant_476 /opt/reduce/cezanne_radeon_vega/syn_memory_converge_atomic/variant_476.comp
