18:24:04.945 INFO  ExecHelper - /opt/graphicsfuzz/graphicsfuzz/target/graphicsfuzz/bin/Linux/glslangValidator -E --stdin -S comp
18:24:05.006 INFO  ExecHelper - Result: 0
18:24:05.484 INFO  ReductionDriver - Starting reduction for variant_768
18:24:05.647 INFO  ExecHelper - interestingness_test /opt/reduce/cezanne_radeon_vega/syn_memory_converge/variant_768.comp reduction_results/cezanne_radeon_vega/syn_memory_converge/variant_768/variant_768.json
18:24:05.649 INFO  StreamGobblerLogger - stderr.env: ‘interestingness_test’: No such file or directory
18:24:05.650 INFO  ExecHelper - Result: 127
18:24:05.650 INFO  CustomFileJudge - Custom file judge result: 127
18:24:05.650 INFO  ReductionDriver - Result from initial state is not interesting (attempt 1)
18:24:05.766 INFO  ExecHelper - interestingness_test /opt/reduce/cezanne_radeon_vega/syn_memory_converge/variant_768.comp reduction_results/cezanne_radeon_vega/syn_memory_converge/variant_768/variant_768.json
18:24:05.768 INFO  StreamGobblerLogger - stderr.env: ‘interestingness_test’: No such file or directory
18:24:05.769 INFO  ExecHelper - Result: 127
18:24:05.769 INFO  CustomFileJudge - Custom file judge result: 127
18:24:05.769 INFO  ReductionDriver - Result from initial state is not interesting (attempt 2)
18:24:05.871 INFO  ExecHelper - interestingness_test /opt/reduce/cezanne_radeon_vega/syn_memory_converge/variant_768.comp reduction_results/cezanne_radeon_vega/syn_memory_converge/variant_768/variant_768.json
18:24:05.873 INFO  StreamGobblerLogger - stderr.env: ‘interestingness_test’: No such file or directory
18:24:05.874 INFO  ExecHelper - Result: 127
18:24:05.874 INFO  CustomFileJudge - Custom file judge result: 127
18:24:05.874 INFO  ReductionDriver - Result from initial state is not interesting (attempt 3)
18:24:05.976 INFO  ExecHelper - interestingness_test /opt/reduce/cezanne_radeon_vega/syn_memory_converge/variant_768.comp reduction_results/cezanne_radeon_vega/syn_memory_converge/variant_768/variant_768.json
18:24:05.977 INFO  StreamGobblerLogger - stderr.env: ‘interestingness_test’: No such file or directory
18:24:05.978 INFO  ExecHelper - Result: 127
18:24:05.978 INFO  CustomFileJudge - Custom file judge result: 127
18:24:05.978 INFO  ReductionDriver - Result from initial state is not interesting (attempt 4)
18:24:06.079 INFO  ExecHelper - interestingness_test /opt/reduce/cezanne_radeon_vega/syn_memory_converge/variant_768.comp reduction_results/cezanne_radeon_vega/syn_memory_converge/variant_768/variant_768.json
18:24:06.080 INFO  StreamGobblerLogger - stderr.env: ‘interestingness_test’: No such file or directory
18:24:06.081 INFO  ExecHelper - Result: 127
18:24:06.081 INFO  CustomFileJudge - Custom file judge result: 127
18:24:06.081 INFO  ReductionDriver - Result from initial state is not interesting (attempt 5)
18:24:06.081 INFO  ReductionDriver - Tried 5 times; stopping.
Reduction command: java -ea -cp /opt/graphicsfuzz/graphicsfuzz/target/graphicsfuzz/python/drivers/../../jar/tool-1.0.jar com.graphicsfuzz.reducer.tool.GlslReduce /opt/reduce/cezanne_radeon_vega/syn_memory_converge/variant_768.json interestingness_test --output reduction_results/cezanne_radeon_vega/syn_memory_converge/variant_768 /opt/reduce/cezanne_radeon_vega/syn_memory_converge/variant_768.comp
