19:20:29.510 INFO  ExecHelper - /opt/graphicsfuzz/graphicsfuzz/target/graphicsfuzz/bin/Linux/glslangValidator -E --stdin -S comp
19:20:29.565 INFO  ExecHelper - Result: 0
19:20:30.473 INFO  ReductionDriver - Starting reduction for variant_139
19:20:30.548 INFO  ExecHelper - interestingness_test /opt/reduce/intel_iris_xe_graphics/syn_subgroup_op_relax/variant_139.comp reduction_results/intel_iris_xe_graphics/syn_subgroup_op_relax/variant_139/variant_139.json
19:20:30.550 INFO  StreamGobblerLogger - stderr.env: ‘interestingness_test’: No such file or directory
19:20:30.550 INFO  ExecHelper - Result: 127
19:20:30.550 INFO  CustomFileJudge - Custom file judge result: 127
19:20:30.550 INFO  ReductionDriver - Result from initial state is not interesting (attempt 1)
19:20:30.614 INFO  ExecHelper - interestingness_test /opt/reduce/intel_iris_xe_graphics/syn_subgroup_op_relax/variant_139.comp reduction_results/intel_iris_xe_graphics/syn_subgroup_op_relax/variant_139/variant_139.json
19:20:30.615 INFO  StreamGobblerLogger - stderr.env: ‘interestingness_test’: No such file or directory
19:20:30.615 INFO  ExecHelper - Result: 127
19:20:30.615 INFO  CustomFileJudge - Custom file judge result: 127
19:20:30.615 INFO  ReductionDriver - Result from initial state is not interesting (attempt 2)
19:20:30.676 INFO  ExecHelper - interestingness_test /opt/reduce/intel_iris_xe_graphics/syn_subgroup_op_relax/variant_139.comp reduction_results/intel_iris_xe_graphics/syn_subgroup_op_relax/variant_139/variant_139.json
19:20:30.677 INFO  StreamGobblerLogger - stderr.env: ‘interestingness_test’: No such file or directory
19:20:30.678 INFO  ExecHelper - Result: 127
19:20:30.678 INFO  CustomFileJudge - Custom file judge result: 127
19:20:30.678 INFO  ReductionDriver - Result from initial state is not interesting (attempt 3)
19:20:30.744 INFO  ExecHelper - interestingness_test /opt/reduce/intel_iris_xe_graphics/syn_subgroup_op_relax/variant_139.comp reduction_results/intel_iris_xe_graphics/syn_subgroup_op_relax/variant_139/variant_139.json
19:20:30.746 INFO  StreamGobblerLogger - stderr.env: ‘interestingness_test’: No such file or directory
19:20:30.747 INFO  ExecHelper - Result: 127
19:20:30.747 INFO  CustomFileJudge - Custom file judge result: 127
19:20:30.747 INFO  ReductionDriver - Result from initial state is not interesting (attempt 4)
19:20:30.804 INFO  ExecHelper - interestingness_test /opt/reduce/intel_iris_xe_graphics/syn_subgroup_op_relax/variant_139.comp reduction_results/intel_iris_xe_graphics/syn_subgroup_op_relax/variant_139/variant_139.json
19:20:30.806 INFO  StreamGobblerLogger - stderr.env: ‘interestingness_test’: No such file or directory
19:20:30.807 INFO  ExecHelper - Result: 127
19:20:30.807 INFO  CustomFileJudge - Custom file judge result: 127
19:20:30.807 INFO  ReductionDriver - Result from initial state is not interesting (attempt 5)
19:20:30.807 INFO  ReductionDriver - Tried 5 times; stopping.
Reduction command: java -ea -cp /opt/graphicsfuzz/graphicsfuzz/target/graphicsfuzz/python/drivers/../../jar/tool-1.0.jar com.graphicsfuzz.reducer.tool.GlslReduce /opt/reduce/intel_iris_xe_graphics/syn_subgroup_op_relax/variant_139.json interestingness_test --output reduction_results/intel_iris_xe_graphics/syn_subgroup_op_relax/variant_139 /opt/reduce/intel_iris_xe_graphics/syn_subgroup_op_relax/variant_139.comp
