18:14:06.976 INFO  ExecHelper - /opt/graphicsfuzz/graphicsfuzz/target/graphicsfuzz/bin/Linux/glslangValidator -E --stdin -S comp
18:14:07.023 INFO  ExecHelper - Result: 0
18:14:07.123 INFO  ReductionDriver - Starting reduction for variant_021
18:14:07.142 INFO  ExecHelper - interestingness_test /opt/reduce/cezanne_radeon_vega/syn_memory_converge/variant_021.comp reduction_results/cezanne_radeon_vega/syn_memory_converge/variant_021/variant_021.json
18:14:07.144 INFO  StreamGobblerLogger - stderr.env: ‘interestingness_test’: No such file or directory
18:14:07.144 INFO  ExecHelper - Result: 127
18:14:07.144 INFO  CustomFileJudge - Custom file judge result: 127
18:14:07.145 INFO  ReductionDriver - Result from initial state is not interesting (attempt 1)
18:14:07.148 INFO  ExecHelper - interestingness_test /opt/reduce/cezanne_radeon_vega/syn_memory_converge/variant_021.comp reduction_results/cezanne_radeon_vega/syn_memory_converge/variant_021/variant_021.json
18:14:07.150 INFO  StreamGobblerLogger - stderr.env: ‘interestingness_test’: No such file or directory
18:14:07.150 INFO  ExecHelper - Result: 127
18:14:07.150 INFO  CustomFileJudge - Custom file judge result: 127
18:14:07.150 INFO  ReductionDriver - Result from initial state is not interesting (attempt 2)
18:14:07.153 INFO  ExecHelper - interestingness_test /opt/reduce/cezanne_radeon_vega/syn_memory_converge/variant_021.comp reduction_results/cezanne_radeon_vega/syn_memory_converge/variant_021/variant_021.json
18:14:07.154 INFO  StreamGobblerLogger - stderr.env: ‘interestingness_test’: No such file or directory
18:14:07.155 INFO  ExecHelper - Result: 127
18:14:07.155 INFO  CustomFileJudge - Custom file judge result: 127
18:14:07.155 INFO  ReductionDriver - Result from initial state is not interesting (attempt 3)
18:14:07.158 INFO  ExecHelper - interestingness_test /opt/reduce/cezanne_radeon_vega/syn_memory_converge/variant_021.comp reduction_results/cezanne_radeon_vega/syn_memory_converge/variant_021/variant_021.json
18:14:07.159 INFO  StreamGobblerLogger - stderr.env: ‘interestingness_test’: No such file or directory
18:14:07.159 INFO  ExecHelper - Result: 127
18:14:07.159 INFO  CustomFileJudge - Custom file judge result: 127
18:14:07.159 INFO  ReductionDriver - Result from initial state is not interesting (attempt 4)
18:14:07.162 INFO  ExecHelper - interestingness_test /opt/reduce/cezanne_radeon_vega/syn_memory_converge/variant_021.comp reduction_results/cezanne_radeon_vega/syn_memory_converge/variant_021/variant_021.json
18:14:07.163 INFO  StreamGobblerLogger - stderr.env: ‘interestingness_test’: No such file or directory
18:14:07.163 INFO  ExecHelper - Result: 127
18:14:07.163 INFO  CustomFileJudge - Custom file judge result: 127
18:14:07.163 INFO  ReductionDriver - Result from initial state is not interesting (attempt 5)
18:14:07.163 INFO  ReductionDriver - Tried 5 times; stopping.
Reduction command: java -ea -cp /opt/graphicsfuzz/graphicsfuzz/target/graphicsfuzz/python/drivers/../../jar/tool-1.0.jar com.graphicsfuzz.reducer.tool.GlslReduce /opt/reduce/cezanne_radeon_vega/syn_memory_converge/variant_021.json interestingness_test --output reduction_results/cezanne_radeon_vega/syn_memory_converge/variant_021 /opt/reduce/cezanne_radeon_vega/syn_memory_converge/variant_021.comp
