19:38:04.665 INFO  ExecHelper - /opt/graphicsfuzz/graphicsfuzz/target/graphicsfuzz/bin/Linux/glslangValidator -E --stdin -S comp
19:38:04.712 INFO  ExecHelper - Result: 0
19:38:04.771 INFO  ReductionDriver - Starting reduction for variant_843
19:38:04.777 INFO  ExecHelper - interestingness_test /opt/reduce/rtx_4070/syn_memory_converge/variant_843.comp reduction_results/rtx_4070/syn_memory_converge/variant_843/variant_843.json
19:38:04.778 INFO  StreamGobblerLogger - stderr.env: ‘interestingness_test’: No such file or directory
19:38:04.779 INFO  ExecHelper - Result: 127
19:38:04.779 INFO  CustomFileJudge - Custom file judge result: 127
19:38:04.779 INFO  ReductionDriver - Result from initial state is not interesting (attempt 1)
19:38:04.780 INFO  ExecHelper - interestingness_test /opt/reduce/rtx_4070/syn_memory_converge/variant_843.comp reduction_results/rtx_4070/syn_memory_converge/variant_843/variant_843.json
19:38:04.781 INFO  StreamGobblerLogger - stderr.env: ‘interestingness_test’: No such file or directory
19:38:04.781 INFO  ExecHelper - Result: 127
19:38:04.781 INFO  CustomFileJudge - Custom file judge result: 127
19:38:04.781 INFO  ReductionDriver - Result from initial state is not interesting (attempt 2)
19:38:04.782 INFO  ExecHelper - interestingness_test /opt/reduce/rtx_4070/syn_memory_converge/variant_843.comp reduction_results/rtx_4070/syn_memory_converge/variant_843/variant_843.json
19:38:04.783 INFO  StreamGobblerLogger - stderr.env: ‘interestingness_test’: No such file or directory
19:38:04.783 INFO  ExecHelper - Result: 127
19:38:04.783 INFO  CustomFileJudge - Custom file judge result: 127
19:38:04.783 INFO  ReductionDriver - Result from initial state is not interesting (attempt 3)
19:38:04.784 INFO  ExecHelper - interestingness_test /opt/reduce/rtx_4070/syn_memory_converge/variant_843.comp reduction_results/rtx_4070/syn_memory_converge/variant_843/variant_843.json
19:38:04.785 INFO  StreamGobblerLogger - stderr.env: ‘interestingness_test’: No such file or directory
19:38:04.786 INFO  ExecHelper - Result: 127
19:38:04.786 INFO  CustomFileJudge - Custom file judge result: 127
19:38:04.786 INFO  ReductionDriver - Result from initial state is not interesting (attempt 4)
19:38:04.786 INFO  ExecHelper - interestingness_test /opt/reduce/rtx_4070/syn_memory_converge/variant_843.comp reduction_results/rtx_4070/syn_memory_converge/variant_843/variant_843.json
19:38:04.787 INFO  StreamGobblerLogger - stderr.env: ‘interestingness_test’: No such file or directory
19:38:04.788 INFO  ExecHelper - Result: 127
19:38:04.788 INFO  CustomFileJudge - Custom file judge result: 127
19:38:04.788 INFO  ReductionDriver - Result from initial state is not interesting (attempt 5)
19:38:04.788 INFO  ReductionDriver - Tried 5 times; stopping.
Reduction command: java -ea -cp /opt/graphicsfuzz/graphicsfuzz/target/graphicsfuzz/python/drivers/../../jar/tool-1.0.jar com.graphicsfuzz.reducer.tool.GlslReduce /opt/reduce/rtx_4070/syn_memory_converge/variant_843.json interestingness_test --output reduction_results/rtx_4070/syn_memory_converge/variant_843 /opt/reduce/rtx_4070/syn_memory_converge/variant_843.comp
