18:20:36.939 INFO  ExecHelper - /opt/graphicsfuzz/graphicsfuzz/target/graphicsfuzz/bin/Linux/glslangValidator -E --stdin -S comp
18:20:36.995 INFO  ExecHelper - Result: 0
18:20:37.303 INFO  ReductionDriver - Starting reduction for variant_497
18:20:37.432 INFO  ExecHelper - interestingness_test /opt/reduce/cezanne_radeon_vega/syn_memory_converge/variant_497.comp reduction_results/cezanne_radeon_vega/syn_memory_converge/variant_497/variant_497.json
18:20:37.434 INFO  StreamGobblerLogger - stderr.env: ‘interestingness_test’: No such file or directory
18:20:37.434 INFO  ExecHelper - Result: 127
18:20:37.434 INFO  CustomFileJudge - Custom file judge result: 127
18:20:37.434 INFO  ReductionDriver - Result from initial state is not interesting (attempt 1)
18:20:37.524 INFO  ExecHelper - interestingness_test /opt/reduce/cezanne_radeon_vega/syn_memory_converge/variant_497.comp reduction_results/cezanne_radeon_vega/syn_memory_converge/variant_497/variant_497.json
18:20:37.526 INFO  StreamGobblerLogger - stderr.env: ‘interestingness_test’: No such file or directory
18:20:37.527 INFO  ExecHelper - Result: 127
18:20:37.527 INFO  CustomFileJudge - Custom file judge result: 127
18:20:37.527 INFO  ReductionDriver - Result from initial state is not interesting (attempt 2)
18:20:37.611 INFO  ExecHelper - interestingness_test /opt/reduce/cezanne_radeon_vega/syn_memory_converge/variant_497.comp reduction_results/cezanne_radeon_vega/syn_memory_converge/variant_497/variant_497.json
18:20:37.613 INFO  StreamGobblerLogger - stderr.env: ‘interestingness_test’: No such file or directory
18:20:37.613 INFO  ExecHelper - Result: 127
18:20:37.613 INFO  CustomFileJudge - Custom file judge result: 127
18:20:37.613 INFO  ReductionDriver - Result from initial state is not interesting (attempt 3)
18:20:37.704 INFO  ExecHelper - interestingness_test /opt/reduce/cezanne_radeon_vega/syn_memory_converge/variant_497.comp reduction_results/cezanne_radeon_vega/syn_memory_converge/variant_497/variant_497.json
18:20:37.705 INFO  StreamGobblerLogger - stderr.env: ‘interestingness_test’: No such file or directory
18:20:37.706 INFO  ExecHelper - Result: 127
18:20:37.706 INFO  CustomFileJudge - Custom file judge result: 127
18:20:37.706 INFO  ReductionDriver - Result from initial state is not interesting (attempt 4)
18:20:37.788 INFO  ExecHelper - interestingness_test /opt/reduce/cezanne_radeon_vega/syn_memory_converge/variant_497.comp reduction_results/cezanne_radeon_vega/syn_memory_converge/variant_497/variant_497.json
18:20:37.790 INFO  StreamGobblerLogger - stderr.env: ‘interestingness_test’: No such file or directory
18:20:37.790 INFO  ExecHelper - Result: 127
18:20:37.790 INFO  CustomFileJudge - Custom file judge result: 127
18:20:37.790 INFO  ReductionDriver - Result from initial state is not interesting (attempt 5)
18:20:37.790 INFO  ReductionDriver - Tried 5 times; stopping.
Reduction command: java -ea -cp /opt/graphicsfuzz/graphicsfuzz/target/graphicsfuzz/python/drivers/../../jar/tool-1.0.jar com.graphicsfuzz.reducer.tool.GlslReduce /opt/reduce/cezanne_radeon_vega/syn_memory_converge/variant_497.json interestingness_test --output reduction_results/cezanne_radeon_vega/syn_memory_converge/variant_497 /opt/reduce/cezanne_radeon_vega/syn_memory_converge/variant_497.comp
