18:28:57.532 INFO  ExecHelper - /opt/graphicsfuzz/graphicsfuzz/target/graphicsfuzz/bin/Linux/glslangValidator -E --stdin -S comp
18:28:57.621 INFO  ExecHelper - Result: 0
18:28:58.397 INFO  ReductionDriver - Starting reduction for variant_127
18:28:58.416 INFO  ExecHelper - interestingness_test /opt/reduce/cezanne_radeon_vega/syn_memory_converge_atomic/variant_127.comp reduction_results/cezanne_radeon_vega/syn_memory_converge_atomic/variant_127/variant_127.json
18:28:58.418 INFO  StreamGobblerLogger - stderr.env: ‘interestingness_test’: No such file or directory
18:28:58.418 INFO  ExecHelper - Result: 127
18:28:58.418 INFO  CustomFileJudge - Custom file judge result: 127
18:28:58.418 INFO  ReductionDriver - Result from initial state is not interesting (attempt 1)
18:28:58.430 INFO  ExecHelper - interestingness_test /opt/reduce/cezanne_radeon_vega/syn_memory_converge_atomic/variant_127.comp reduction_results/cezanne_radeon_vega/syn_memory_converge_atomic/variant_127/variant_127.json
18:28:58.432 INFO  StreamGobblerLogger - stderr.env: ‘interestingness_test’: No such file or directory
18:28:58.433 INFO  ExecHelper - Result: 127
18:28:58.433 INFO  CustomFileJudge - Custom file judge result: 127
18:28:58.433 INFO  ReductionDriver - Result from initial state is not interesting (attempt 2)
18:28:58.444 INFO  ExecHelper - interestingness_test /opt/reduce/cezanne_radeon_vega/syn_memory_converge_atomic/variant_127.comp reduction_results/cezanne_radeon_vega/syn_memory_converge_atomic/variant_127/variant_127.json
18:28:58.445 INFO  StreamGobblerLogger - stderr.env: ‘interestingness_test’: No such file or directory
18:28:58.445 INFO  ExecHelper - Result: 127
18:28:58.445 INFO  CustomFileJudge - Custom file judge result: 127
18:28:58.445 INFO  ReductionDriver - Result from initial state is not interesting (attempt 3)
18:28:58.453 INFO  ExecHelper - interestingness_test /opt/reduce/cezanne_radeon_vega/syn_memory_converge_atomic/variant_127.comp reduction_results/cezanne_radeon_vega/syn_memory_converge_atomic/variant_127/variant_127.json
18:28:58.454 INFO  StreamGobblerLogger - stderr.env: ‘interestingness_test’: No such file or directory
18:28:58.455 INFO  ExecHelper - Result: 127
18:28:58.455 INFO  CustomFileJudge - Custom file judge result: 127
18:28:58.455 INFO  ReductionDriver - Result from initial state is not interesting (attempt 4)
18:28:58.462 INFO  ExecHelper - interestingness_test /opt/reduce/cezanne_radeon_vega/syn_memory_converge_atomic/variant_127.comp reduction_results/cezanne_radeon_vega/syn_memory_converge_atomic/variant_127/variant_127.json
18:28:58.463 INFO  StreamGobblerLogger - stderr.env: ‘interestingness_test’: No such file or directory
18:28:58.463 INFO  ExecHelper - Result: 127
18:28:58.463 INFO  CustomFileJudge - Custom file judge result: 127
18:28:58.463 INFO  ReductionDriver - Result from initial state is not interesting (attempt 5)
18:28:58.464 INFO  ReductionDriver - Tried 5 times; stopping.
Reduction command: java -ea -cp /opt/graphicsfuzz/graphicsfuzz/target/graphicsfuzz/python/drivers/../../jar/tool-1.0.jar com.graphicsfuzz.reducer.tool.GlslReduce /opt/reduce/cezanne_radeon_vega/syn_memory_converge_atomic/variant_127.json interestingness_test --output reduction_results/cezanne_radeon_vega/syn_memory_converge_atomic/variant_127 /opt/reduce/cezanne_radeon_vega/syn_memory_converge_atomic/variant_127.comp
