19:51:57.818 INFO  ExecHelper - /opt/graphicsfuzz/graphicsfuzz/target/graphicsfuzz/bin/Linux/glslangValidator -E --stdin -S comp
19:51:57.865 INFO  ExecHelper - Result: 0
19:51:57.963 INFO  ReductionDriver - Starting reduction for variant_784
19:51:57.976 INFO  ExecHelper - interestingness_test /opt/reduce/rtx_4070/syn_memory_converge_atomic/variant_784.comp reduction_results/rtx_4070/syn_memory_converge_atomic/variant_784/variant_784.json
19:51:57.978 INFO  StreamGobblerLogger - stderr.env: ‘interestingness_test’: No such file or directory
19:51:57.978 INFO  ExecHelper - Result: 127
19:51:57.978 INFO  CustomFileJudge - Custom file judge result: 127
19:51:57.978 INFO  ReductionDriver - Result from initial state is not interesting (attempt 1)
19:51:57.982 INFO  ExecHelper - interestingness_test /opt/reduce/rtx_4070/syn_memory_converge_atomic/variant_784.comp reduction_results/rtx_4070/syn_memory_converge_atomic/variant_784/variant_784.json
19:51:57.983 INFO  StreamGobblerLogger - stderr.env: ‘interestingness_test’: No such file or directory
19:51:57.984 INFO  ExecHelper - Result: 127
19:51:57.984 INFO  CustomFileJudge - Custom file judge result: 127
19:51:57.984 INFO  ReductionDriver - Result from initial state is not interesting (attempt 2)
19:51:57.987 INFO  ExecHelper - interestingness_test /opt/reduce/rtx_4070/syn_memory_converge_atomic/variant_784.comp reduction_results/rtx_4070/syn_memory_converge_atomic/variant_784/variant_784.json
19:51:57.988 INFO  StreamGobblerLogger - stderr.env: ‘interestingness_test’: No such file or directory
19:51:57.988 INFO  ExecHelper - Result: 127
19:51:57.989 INFO  CustomFileJudge - Custom file judge result: 127
19:51:57.989 INFO  ReductionDriver - Result from initial state is not interesting (attempt 3)
19:51:57.991 INFO  ExecHelper - interestingness_test /opt/reduce/rtx_4070/syn_memory_converge_atomic/variant_784.comp reduction_results/rtx_4070/syn_memory_converge_atomic/variant_784/variant_784.json
19:51:57.993 INFO  StreamGobblerLogger - stderr.env: ‘interestingness_test’: No such file or directory
19:51:57.993 INFO  ExecHelper - Result: 127
19:51:57.993 INFO  CustomFileJudge - Custom file judge result: 127
19:51:57.993 INFO  ReductionDriver - Result from initial state is not interesting (attempt 4)
19:51:57.996 INFO  ExecHelper - interestingness_test /opt/reduce/rtx_4070/syn_memory_converge_atomic/variant_784.comp reduction_results/rtx_4070/syn_memory_converge_atomic/variant_784/variant_784.json
19:51:57.997 INFO  StreamGobblerLogger - stderr.env: ‘interestingness_test’: No such file or directory
19:51:57.998 INFO  ExecHelper - Result: 127
19:51:57.998 INFO  CustomFileJudge - Custom file judge result: 127
19:51:57.998 INFO  ReductionDriver - Result from initial state is not interesting (attempt 5)
19:51:57.998 INFO  ReductionDriver - Tried 5 times; stopping.
Reduction command: java -ea -cp /opt/graphicsfuzz/graphicsfuzz/target/graphicsfuzz/python/drivers/../../jar/tool-1.0.jar com.graphicsfuzz.reducer.tool.GlslReduce /opt/reduce/rtx_4070/syn_memory_converge_atomic/variant_784.json interestingness_test --output reduction_results/rtx_4070/syn_memory_converge_atomic/variant_784 /opt/reduce/rtx_4070/syn_memory_converge_atomic/variant_784.comp
