18:44:55.570 INFO  ExecHelper - /opt/graphicsfuzz/graphicsfuzz/target/graphicsfuzz/bin/Linux/glslangValidator -E --stdin -S comp
18:44:55.605 INFO  ExecHelper - Result: 0
18:44:56.083 INFO  ReductionDriver - Starting reduction for variant_263
18:44:56.222 INFO  ExecHelper - interestingness_test /opt/reduce/intel_iris_xe_graphics/syn_branch_syn_relax/variant_263.comp reduction_results/intel_iris_xe_graphics/syn_branch_syn_relax/variant_263/variant_263.json
18:44:56.224 INFO  StreamGobblerLogger - stderr.env: ‘interestingness_test’: No such file or directory
18:44:56.225 INFO  ExecHelper - Result: 127
18:44:56.225 INFO  CustomFileJudge - Custom file judge result: 127
18:44:56.225 INFO  ReductionDriver - Result from initial state is not interesting (attempt 1)
18:44:56.358 INFO  ExecHelper - interestingness_test /opt/reduce/intel_iris_xe_graphics/syn_branch_syn_relax/variant_263.comp reduction_results/intel_iris_xe_graphics/syn_branch_syn_relax/variant_263/variant_263.json
18:44:56.360 INFO  StreamGobblerLogger - stderr.env: ‘interestingness_test’: No such file or directory
18:44:56.361 INFO  ExecHelper - Result: 127
18:44:56.361 INFO  CustomFileJudge - Custom file judge result: 127
18:44:56.361 INFO  ReductionDriver - Result from initial state is not interesting (attempt 2)
18:44:56.492 INFO  ExecHelper - interestingness_test /opt/reduce/intel_iris_xe_graphics/syn_branch_syn_relax/variant_263.comp reduction_results/intel_iris_xe_graphics/syn_branch_syn_relax/variant_263/variant_263.json
18:44:56.493 INFO  StreamGobblerLogger - stderr.env: ‘interestingness_test’: No such file or directory
18:44:56.494 INFO  ExecHelper - Result: 127
18:44:56.494 INFO  CustomFileJudge - Custom file judge result: 127
18:44:56.494 INFO  ReductionDriver - Result from initial state is not interesting (attempt 3)
18:44:56.613 INFO  ExecHelper - interestingness_test /opt/reduce/intel_iris_xe_graphics/syn_branch_syn_relax/variant_263.comp reduction_results/intel_iris_xe_graphics/syn_branch_syn_relax/variant_263/variant_263.json
18:44:56.614 INFO  StreamGobblerLogger - stderr.env: ‘interestingness_test’: No such file or directory
18:44:56.615 INFO  ExecHelper - Result: 127
18:44:56.615 INFO  CustomFileJudge - Custom file judge result: 127
18:44:56.615 INFO  ReductionDriver - Result from initial state is not interesting (attempt 4)
18:44:56.731 INFO  ExecHelper - interestingness_test /opt/reduce/intel_iris_xe_graphics/syn_branch_syn_relax/variant_263.comp reduction_results/intel_iris_xe_graphics/syn_branch_syn_relax/variant_263/variant_263.json
18:44:56.733 INFO  StreamGobblerLogger - stderr.env: ‘interestingness_test’: No such file or directory
18:44:56.733 INFO  ExecHelper - Result: 127
18:44:56.733 INFO  CustomFileJudge - Custom file judge result: 127
18:44:56.733 INFO  ReductionDriver - Result from initial state is not interesting (attempt 5)
18:44:56.734 INFO  ReductionDriver - Tried 5 times; stopping.
Reduction command: java -ea -cp /opt/graphicsfuzz/graphicsfuzz/target/graphicsfuzz/python/drivers/../../jar/tool-1.0.jar com.graphicsfuzz.reducer.tool.GlslReduce /opt/reduce/intel_iris_xe_graphics/syn_branch_syn_relax/variant_263.json interestingness_test --output reduction_results/intel_iris_xe_graphics/syn_branch_syn_relax/variant_263 /opt/reduce/intel_iris_xe_graphics/syn_branch_syn_relax/variant_263.comp
