19:40:05.794 INFO  ExecHelper - /opt/graphicsfuzz/graphicsfuzz/target/graphicsfuzz/bin/Linux/glslangValidator -E --stdin -S comp
19:40:05.841 INFO  ExecHelper - Result: 0
19:40:05.926 INFO  ReductionDriver - Starting reduction for variant_984
19:40:05.935 INFO  ExecHelper - interestingness_test /opt/reduce/rtx_4070/syn_memory_converge/variant_984.comp reduction_results/rtx_4070/syn_memory_converge/variant_984/variant_984.json
19:40:05.936 INFO  StreamGobblerLogger - stderr.env: ‘interestingness_test’: No such file or directory
19:40:05.937 INFO  ExecHelper - Result: 127
19:40:05.937 INFO  CustomFileJudge - Custom file judge result: 127
19:40:05.937 INFO  ReductionDriver - Result from initial state is not interesting (attempt 1)
19:40:05.939 INFO  ExecHelper - interestingness_test /opt/reduce/rtx_4070/syn_memory_converge/variant_984.comp reduction_results/rtx_4070/syn_memory_converge/variant_984/variant_984.json
19:40:05.940 INFO  StreamGobblerLogger - stderr.env: ‘interestingness_test’: No such file or directory
19:40:05.940 INFO  ExecHelper - Result: 127
19:40:05.940 INFO  CustomFileJudge - Custom file judge result: 127
19:40:05.941 INFO  ReductionDriver - Result from initial state is not interesting (attempt 2)
19:40:05.942 INFO  ExecHelper - interestingness_test /opt/reduce/rtx_4070/syn_memory_converge/variant_984.comp reduction_results/rtx_4070/syn_memory_converge/variant_984/variant_984.json
19:40:05.943 INFO  StreamGobblerLogger - stderr.env: ‘interestingness_test’: No such file or directory
19:40:05.943 INFO  ExecHelper - Result: 127
19:40:05.944 INFO  CustomFileJudge - Custom file judge result: 127
19:40:05.944 INFO  ReductionDriver - Result from initial state is not interesting (attempt 3)
19:40:05.947 INFO  ExecHelper - interestingness_test /opt/reduce/rtx_4070/syn_memory_converge/variant_984.comp reduction_results/rtx_4070/syn_memory_converge/variant_984/variant_984.json
19:40:05.948 INFO  StreamGobblerLogger - stderr.env: ‘interestingness_test’: No such file or directory
19:40:05.948 INFO  ExecHelper - Result: 127
19:40:05.948 INFO  CustomFileJudge - Custom file judge result: 127
19:40:05.948 INFO  ReductionDriver - Result from initial state is not interesting (attempt 4)
19:40:05.950 INFO  ExecHelper - interestingness_test /opt/reduce/rtx_4070/syn_memory_converge/variant_984.comp reduction_results/rtx_4070/syn_memory_converge/variant_984/variant_984.json
19:40:05.951 INFO  StreamGobblerLogger - stderr.env: ‘interestingness_test’: No such file or directory
19:40:05.951 INFO  ExecHelper - Result: 127
19:40:05.951 INFO  CustomFileJudge - Custom file judge result: 127
19:40:05.951 INFO  ReductionDriver - Result from initial state is not interesting (attempt 5)
19:40:05.952 INFO  ReductionDriver - Tried 5 times; stopping.
Reduction command: java -ea -cp /opt/graphicsfuzz/graphicsfuzz/target/graphicsfuzz/python/drivers/../../jar/tool-1.0.jar com.graphicsfuzz.reducer.tool.GlslReduce /opt/reduce/rtx_4070/syn_memory_converge/variant_984.json interestingness_test --output reduction_results/rtx_4070/syn_memory_converge/variant_984 /opt/reduce/rtx_4070/syn_memory_converge/variant_984.comp
