19:02:53.710 INFO  ExecHelper - /opt/graphicsfuzz/graphicsfuzz/target/graphicsfuzz/bin/Linux/glslangValidator -E --stdin -S comp
19:02:53.763 INFO  ExecHelper - Result: 0
19:02:54.077 INFO  ReductionDriver - Starting reduction for variant_913
19:02:54.143 INFO  ExecHelper - interestingness_test /opt/reduce/intel_iris_xe_graphics/syn_memory_converge/variant_913.comp reduction_results/intel_iris_xe_graphics/syn_memory_converge/variant_913/variant_913.json
19:02:54.145 INFO  StreamGobblerLogger - stderr.env: ‘interestingness_test’: No such file or directory
19:02:54.145 INFO  ExecHelper - Result: 127
19:02:54.145 INFO  CustomFileJudge - Custom file judge result: 127
19:02:54.145 INFO  ReductionDriver - Result from initial state is not interesting (attempt 1)
19:02:54.198 INFO  ExecHelper - interestingness_test /opt/reduce/intel_iris_xe_graphics/syn_memory_converge/variant_913.comp reduction_results/intel_iris_xe_graphics/syn_memory_converge/variant_913/variant_913.json
19:02:54.199 INFO  StreamGobblerLogger - stderr.env: ‘interestingness_test’: No such file or directory
19:02:54.200 INFO  ExecHelper - Result: 127
19:02:54.200 INFO  CustomFileJudge - Custom file judge result: 127
19:02:54.200 INFO  ReductionDriver - Result from initial state is not interesting (attempt 2)
19:02:54.250 INFO  ExecHelper - interestingness_test /opt/reduce/intel_iris_xe_graphics/syn_memory_converge/variant_913.comp reduction_results/intel_iris_xe_graphics/syn_memory_converge/variant_913/variant_913.json
19:02:54.251 INFO  StreamGobblerLogger - stderr.env: ‘interestingness_test’: No such file or directory
19:02:54.251 INFO  ExecHelper - Result: 127
19:02:54.251 INFO  CustomFileJudge - Custom file judge result: 127
19:02:54.252 INFO  ReductionDriver - Result from initial state is not interesting (attempt 3)
19:02:54.308 INFO  ExecHelper - interestingness_test /opt/reduce/intel_iris_xe_graphics/syn_memory_converge/variant_913.comp reduction_results/intel_iris_xe_graphics/syn_memory_converge/variant_913/variant_913.json
19:02:54.309 INFO  StreamGobblerLogger - stderr.env: ‘interestingness_test’: No such file or directory
19:02:54.310 INFO  ExecHelper - Result: 127
19:02:54.310 INFO  CustomFileJudge - Custom file judge result: 127
19:02:54.310 INFO  ReductionDriver - Result from initial state is not interesting (attempt 4)
19:02:54.357 INFO  ExecHelper - interestingness_test /opt/reduce/intel_iris_xe_graphics/syn_memory_converge/variant_913.comp reduction_results/intel_iris_xe_graphics/syn_memory_converge/variant_913/variant_913.json
19:02:54.358 INFO  StreamGobblerLogger - stderr.env: ‘interestingness_test’: No such file or directory
19:02:54.358 INFO  ExecHelper - Result: 127
19:02:54.359 INFO  CustomFileJudge - Custom file judge result: 127
19:02:54.359 INFO  ReductionDriver - Result from initial state is not interesting (attempt 5)
19:02:54.359 INFO  ReductionDriver - Tried 5 times; stopping.
Reduction command: java -ea -cp /opt/graphicsfuzz/graphicsfuzz/target/graphicsfuzz/python/drivers/../../jar/tool-1.0.jar com.graphicsfuzz.reducer.tool.GlslReduce /opt/reduce/intel_iris_xe_graphics/syn_memory_converge/variant_913.json interestingness_test --output reduction_results/intel_iris_xe_graphics/syn_memory_converge/variant_913 /opt/reduce/intel_iris_xe_graphics/syn_memory_converge/variant_913.comp
