19:12:41.312 INFO  ExecHelper - /opt/graphicsfuzz/graphicsfuzz/target/graphicsfuzz/bin/Linux/glslangValidator -E --stdin -S comp
19:12:41.537 INFO  ExecHelper - Result: 0
19:12:42.961 INFO  ReductionDriver - Starting reduction for variant_582
19:12:42.978 INFO  ExecHelper - interestingness_test /opt/reduce/intel_iris_xe_graphics/syn_memory_converge_atomic/variant_582.comp reduction_results/intel_iris_xe_graphics/syn_memory_converge_atomic/variant_582/variant_582.json
19:12:42.980 INFO  StreamGobblerLogger - stderr.env: ‘interestingness_test’: No such file or directory
19:12:42.980 INFO  ExecHelper - Result: 127
19:12:42.980 INFO  CustomFileJudge - Custom file judge result: 127
19:12:42.980 INFO  ReductionDriver - Result from initial state is not interesting (attempt 1)
19:12:42.989 INFO  ExecHelper - interestingness_test /opt/reduce/intel_iris_xe_graphics/syn_memory_converge_atomic/variant_582.comp reduction_results/intel_iris_xe_graphics/syn_memory_converge_atomic/variant_582/variant_582.json
19:12:42.990 INFO  StreamGobblerLogger - stderr.env: ‘interestingness_test’: No such file or directory
19:12:42.990 INFO  ExecHelper - Result: 127
19:12:42.990 INFO  CustomFileJudge - Custom file judge result: 127
19:12:42.990 INFO  ReductionDriver - Result from initial state is not interesting (attempt 2)
19:12:42.997 INFO  ExecHelper - interestingness_test /opt/reduce/intel_iris_xe_graphics/syn_memory_converge_atomic/variant_582.comp reduction_results/intel_iris_xe_graphics/syn_memory_converge_atomic/variant_582/variant_582.json
19:12:42.998 INFO  StreamGobblerLogger - stderr.env: ‘interestingness_test’: No such file or directory
19:12:42.999 INFO  ExecHelper - Result: 127
19:12:42.999 INFO  CustomFileJudge - Custom file judge result: 127
19:12:42.999 INFO  ReductionDriver - Result from initial state is not interesting (attempt 3)
19:12:43.006 INFO  ExecHelper - interestingness_test /opt/reduce/intel_iris_xe_graphics/syn_memory_converge_atomic/variant_582.comp reduction_results/intel_iris_xe_graphics/syn_memory_converge_atomic/variant_582/variant_582.json
19:12:43.007 INFO  StreamGobblerLogger - stderr.env: ‘interestingness_test’: No such file or directory
19:12:43.008 INFO  ExecHelper - Result: 127
19:12:43.008 INFO  CustomFileJudge - Custom file judge result: 127
19:12:43.008 INFO  ReductionDriver - Result from initial state is not interesting (attempt 4)
19:12:43.014 INFO  ExecHelper - interestingness_test /opt/reduce/intel_iris_xe_graphics/syn_memory_converge_atomic/variant_582.comp reduction_results/intel_iris_xe_graphics/syn_memory_converge_atomic/variant_582/variant_582.json
19:12:43.015 INFO  StreamGobblerLogger - stderr.env: ‘interestingness_test’: No such file or directory
19:12:43.015 INFO  ExecHelper - Result: 127
19:12:43.015 INFO  CustomFileJudge - Custom file judge result: 127
19:12:43.015 INFO  ReductionDriver - Result from initial state is not interesting (attempt 5)
19:12:43.015 INFO  ReductionDriver - Tried 5 times; stopping.
Reduction command: java -ea -cp /opt/graphicsfuzz/graphicsfuzz/target/graphicsfuzz/python/drivers/../../jar/tool-1.0.jar com.graphicsfuzz.reducer.tool.GlslReduce /opt/reduce/intel_iris_xe_graphics/syn_memory_converge_atomic/variant_582.json interestingness_test --output reduction_results/intel_iris_xe_graphics/syn_memory_converge_atomic/variant_582 /opt/reduce/intel_iris_xe_graphics/syn_memory_converge_atomic/variant_582.comp
