19:48:40.712 INFO  ExecHelper - /opt/graphicsfuzz/graphicsfuzz/target/graphicsfuzz/bin/Linux/glslangValidator -E --stdin -S comp
19:48:40.773 INFO  ExecHelper - Result: 0
19:48:41.246 INFO  ReductionDriver - Starting reduction for variant_575
19:48:41.378 INFO  ExecHelper - interestingness_test /opt/reduce/rtx_4070/syn_memory_converge_atomic/variant_575.comp reduction_results/rtx_4070/syn_memory_converge_atomic/variant_575/variant_575.json
19:48:41.380 INFO  StreamGobblerLogger - stderr.env: ‘interestingness_test’: No such file or directory
19:48:41.380 INFO  ExecHelper - Result: 127
19:48:41.380 INFO  CustomFileJudge - Custom file judge result: 127
19:48:41.381 INFO  ReductionDriver - Result from initial state is not interesting (attempt 1)
19:48:41.491 INFO  ExecHelper - interestingness_test /opt/reduce/rtx_4070/syn_memory_converge_atomic/variant_575.comp reduction_results/rtx_4070/syn_memory_converge_atomic/variant_575/variant_575.json
19:48:41.493 INFO  StreamGobblerLogger - stderr.env: ‘interestingness_test’: No such file or directory
19:48:41.493 INFO  ExecHelper - Result: 127
19:48:41.493 INFO  CustomFileJudge - Custom file judge result: 127
19:48:41.493 INFO  ReductionDriver - Result from initial state is not interesting (attempt 2)
19:48:41.598 INFO  ExecHelper - interestingness_test /opt/reduce/rtx_4070/syn_memory_converge_atomic/variant_575.comp reduction_results/rtx_4070/syn_memory_converge_atomic/variant_575/variant_575.json
19:48:41.599 INFO  StreamGobblerLogger - stderr.env: ‘interestingness_test’: No such file or directory
19:48:41.600 INFO  ExecHelper - Result: 127
19:48:41.600 INFO  CustomFileJudge - Custom file judge result: 127
19:48:41.600 INFO  ReductionDriver - Result from initial state is not interesting (attempt 3)
19:48:41.707 INFO  ExecHelper - interestingness_test /opt/reduce/rtx_4070/syn_memory_converge_atomic/variant_575.comp reduction_results/rtx_4070/syn_memory_converge_atomic/variant_575/variant_575.json
19:48:41.708 INFO  StreamGobblerLogger - stderr.env: ‘interestingness_test’: No such file or directory
19:48:41.709 INFO  ExecHelper - Result: 127
19:48:41.709 INFO  CustomFileJudge - Custom file judge result: 127
19:48:41.709 INFO  ReductionDriver - Result from initial state is not interesting (attempt 4)
19:48:41.811 INFO  ExecHelper - interestingness_test /opt/reduce/rtx_4070/syn_memory_converge_atomic/variant_575.comp reduction_results/rtx_4070/syn_memory_converge_atomic/variant_575/variant_575.json
19:48:41.813 INFO  StreamGobblerLogger - stderr.env: ‘interestingness_test’: No such file or directory
19:48:41.813 INFO  ExecHelper - Result: 127
19:48:41.814 INFO  CustomFileJudge - Custom file judge result: 127
19:48:41.814 INFO  ReductionDriver - Result from initial state is not interesting (attempt 5)
19:48:41.814 INFO  ReductionDriver - Tried 5 times; stopping.
Reduction command: java -ea -cp /opt/graphicsfuzz/graphicsfuzz/target/graphicsfuzz/python/drivers/../../jar/tool-1.0.jar com.graphicsfuzz.reducer.tool.GlslReduce /opt/reduce/rtx_4070/syn_memory_converge_atomic/variant_575.json interestingness_test --output reduction_results/rtx_4070/syn_memory_converge_atomic/variant_575 /opt/reduce/rtx_4070/syn_memory_converge_atomic/variant_575.comp
