19:27:14.176 INFO  ExecHelper - /opt/graphicsfuzz/graphicsfuzz/target/graphicsfuzz/bin/Linux/glslangValidator -E --stdin -S comp
19:27:14.302 INFO  ExecHelper - Result: 0
19:27:15.041 INFO  ReductionDriver - Starting reduction for variant_078
19:27:15.056 INFO  ExecHelper - interestingness_test /opt/reduce/rtx_4070/syn_memory_converge/variant_078.comp reduction_results/rtx_4070/syn_memory_converge/variant_078/variant_078.json
19:27:15.058 INFO  StreamGobblerLogger - stderr.env: ‘interestingness_test’: No such file or directory
19:27:15.058 INFO  ExecHelper - Result: 127
19:27:15.059 INFO  CustomFileJudge - Custom file judge result: 127
19:27:15.059 INFO  ReductionDriver - Result from initial state is not interesting (attempt 1)
19:27:15.064 INFO  ExecHelper - interestingness_test /opt/reduce/rtx_4070/syn_memory_converge/variant_078.comp reduction_results/rtx_4070/syn_memory_converge/variant_078/variant_078.json
19:27:15.066 INFO  StreamGobblerLogger - stderr.env: ‘interestingness_test’: No such file or directory
19:27:15.066 INFO  ExecHelper - Result: 127
19:27:15.066 INFO  CustomFileJudge - Custom file judge result: 127
19:27:15.066 INFO  ReductionDriver - Result from initial state is not interesting (attempt 2)
19:27:15.072 INFO  ExecHelper - interestingness_test /opt/reduce/rtx_4070/syn_memory_converge/variant_078.comp reduction_results/rtx_4070/syn_memory_converge/variant_078/variant_078.json
19:27:15.074 INFO  StreamGobblerLogger - stderr.env: ‘interestingness_test’: No such file or directory
19:27:15.074 INFO  ExecHelper - Result: 127
19:27:15.074 INFO  CustomFileJudge - Custom file judge result: 127
19:27:15.074 INFO  ReductionDriver - Result from initial state is not interesting (attempt 3)
19:27:15.079 INFO  ExecHelper - interestingness_test /opt/reduce/rtx_4070/syn_memory_converge/variant_078.comp reduction_results/rtx_4070/syn_memory_converge/variant_078/variant_078.json
19:27:15.081 INFO  StreamGobblerLogger - stderr.env: ‘interestingness_test’: No such file or directory
19:27:15.081 INFO  ExecHelper - Result: 127
19:27:15.081 INFO  CustomFileJudge - Custom file judge result: 127
19:27:15.081 INFO  ReductionDriver - Result from initial state is not interesting (attempt 4)
19:27:15.087 INFO  ExecHelper - interestingness_test /opt/reduce/rtx_4070/syn_memory_converge/variant_078.comp reduction_results/rtx_4070/syn_memory_converge/variant_078/variant_078.json
19:27:15.088 INFO  StreamGobblerLogger - stderr.env: ‘interestingness_test’: No such file or directory
19:27:15.089 INFO  ExecHelper - Result: 127
19:27:15.089 INFO  CustomFileJudge - Custom file judge result: 127
19:27:15.089 INFO  ReductionDriver - Result from initial state is not interesting (attempt 5)
19:27:15.089 INFO  ReductionDriver - Tried 5 times; stopping.
Reduction command: java -ea -cp /opt/graphicsfuzz/graphicsfuzz/target/graphicsfuzz/python/drivers/../../jar/tool-1.0.jar com.graphicsfuzz.reducer.tool.GlslReduce /opt/reduce/rtx_4070/syn_memory_converge/variant_078.json interestingness_test --output reduction_results/rtx_4070/syn_memory_converge/variant_078 /opt/reduce/rtx_4070/syn_memory_converge/variant_078.comp
