19:14:31.249 INFO  ExecHelper - /opt/graphicsfuzz/graphicsfuzz/target/graphicsfuzz/bin/Linux/glslangValidator -E --stdin -S comp
19:14:31.314 INFO  ExecHelper - Result: 0
19:14:31.879 INFO  ReductionDriver - Starting reduction for variant_698
19:14:31.910 INFO  ExecHelper - interestingness_test /opt/reduce/intel_iris_xe_graphics/syn_memory_converge_atomic/variant_698.comp reduction_results/intel_iris_xe_graphics/syn_memory_converge_atomic/variant_698/variant_698.json
19:14:31.911 INFO  StreamGobblerLogger - stderr.env: ‘interestingness_test’: No such file or directory
19:14:31.912 INFO  ExecHelper - Result: 127
19:14:31.912 INFO  CustomFileJudge - Custom file judge result: 127
19:14:31.912 INFO  ReductionDriver - Result from initial state is not interesting (attempt 1)
19:14:31.931 INFO  ExecHelper - interestingness_test /opt/reduce/intel_iris_xe_graphics/syn_memory_converge_atomic/variant_698.comp reduction_results/intel_iris_xe_graphics/syn_memory_converge_atomic/variant_698/variant_698.json
19:14:31.932 INFO  StreamGobblerLogger - stderr.env: ‘interestingness_test’: No such file or directory
19:14:31.932 INFO  ExecHelper - Result: 127
19:14:31.932 INFO  CustomFileJudge - Custom file judge result: 127
19:14:31.932 INFO  ReductionDriver - Result from initial state is not interesting (attempt 2)
19:14:31.949 INFO  ExecHelper - interestingness_test /opt/reduce/intel_iris_xe_graphics/syn_memory_converge_atomic/variant_698.comp reduction_results/intel_iris_xe_graphics/syn_memory_converge_atomic/variant_698/variant_698.json
19:14:31.950 INFO  StreamGobblerLogger - stderr.env: ‘interestingness_test’: No such file or directory
19:14:31.950 INFO  ExecHelper - Result: 127
19:14:31.950 INFO  CustomFileJudge - Custom file judge result: 127
19:14:31.950 INFO  ReductionDriver - Result from initial state is not interesting (attempt 3)
19:14:31.966 INFO  ExecHelper - interestingness_test /opt/reduce/intel_iris_xe_graphics/syn_memory_converge_atomic/variant_698.comp reduction_results/intel_iris_xe_graphics/syn_memory_converge_atomic/variant_698/variant_698.json
19:14:31.967 INFO  StreamGobblerLogger - stderr.env: ‘interestingness_test’: No such file or directory
19:14:31.968 INFO  ExecHelper - Result: 127
19:14:31.968 INFO  CustomFileJudge - Custom file judge result: 127
19:14:31.968 INFO  ReductionDriver - Result from initial state is not interesting (attempt 4)
19:14:31.983 INFO  ExecHelper - interestingness_test /opt/reduce/intel_iris_xe_graphics/syn_memory_converge_atomic/variant_698.comp reduction_results/intel_iris_xe_graphics/syn_memory_converge_atomic/variant_698/variant_698.json
19:14:31.984 INFO  StreamGobblerLogger - stderr.env: ‘interestingness_test’: No such file or directory
19:14:31.984 INFO  ExecHelper - Result: 127
19:14:31.985 INFO  CustomFileJudge - Custom file judge result: 127
19:14:31.985 INFO  ReductionDriver - Result from initial state is not interesting (attempt 5)
19:14:31.985 INFO  ReductionDriver - Tried 5 times; stopping.
Reduction command: java -ea -cp /opt/graphicsfuzz/graphicsfuzz/target/graphicsfuzz/python/drivers/../../jar/tool-1.0.jar com.graphicsfuzz.reducer.tool.GlslReduce /opt/reduce/intel_iris_xe_graphics/syn_memory_converge_atomic/variant_698.json interestingness_test --output reduction_results/intel_iris_xe_graphics/syn_memory_converge_atomic/variant_698 /opt/reduce/intel_iris_xe_graphics/syn_memory_converge_atomic/variant_698.comp
