19:01:15.711 INFO  ExecHelper - /opt/graphicsfuzz/graphicsfuzz/target/graphicsfuzz/bin/Linux/glslangValidator -E --stdin -S comp
19:01:15.765 INFO  ExecHelper - Result: 0
19:01:15.848 INFO  ReductionDriver - Starting reduction for variant_790
19:01:15.856 INFO  ExecHelper - interestingness_test /opt/reduce/intel_iris_xe_graphics/syn_memory_converge/variant_790.comp reduction_results/intel_iris_xe_graphics/syn_memory_converge/variant_790/variant_790.json
19:01:15.858 INFO  StreamGobblerLogger - stderr.env: ‘interestingness_test’: No such file or directory
19:01:15.859 INFO  ExecHelper - Result: 127
19:01:15.859 INFO  CustomFileJudge - Custom file judge result: 127
19:01:15.859 INFO  ReductionDriver - Result from initial state is not interesting (attempt 1)
19:01:15.861 INFO  ExecHelper - interestingness_test /opt/reduce/intel_iris_xe_graphics/syn_memory_converge/variant_790.comp reduction_results/intel_iris_xe_graphics/syn_memory_converge/variant_790/variant_790.json
19:01:15.862 INFO  StreamGobblerLogger - stderr.env: ‘interestingness_test’: No such file or directory
19:01:15.863 INFO  ExecHelper - Result: 127
19:01:15.863 INFO  CustomFileJudge - Custom file judge result: 127
19:01:15.863 INFO  ReductionDriver - Result from initial state is not interesting (attempt 2)
19:01:15.864 INFO  ExecHelper - interestingness_test /opt/reduce/intel_iris_xe_graphics/syn_memory_converge/variant_790.comp reduction_results/intel_iris_xe_graphics/syn_memory_converge/variant_790/variant_790.json
19:01:15.865 INFO  StreamGobblerLogger - stderr.env: ‘interestingness_test’: No such file or directory
19:01:15.866 INFO  ExecHelper - Result: 127
19:01:15.866 INFO  CustomFileJudge - Custom file judge result: 127
19:01:15.866 INFO  ReductionDriver - Result from initial state is not interesting (attempt 3)
19:01:15.867 INFO  ExecHelper - interestingness_test /opt/reduce/intel_iris_xe_graphics/syn_memory_converge/variant_790.comp reduction_results/intel_iris_xe_graphics/syn_memory_converge/variant_790/variant_790.json
19:01:15.868 INFO  StreamGobblerLogger - stderr.env: ‘interestingness_test’: No such file or directory
19:01:15.869 INFO  ExecHelper - Result: 127
19:01:15.869 INFO  CustomFileJudge - Custom file judge result: 127
19:01:15.869 INFO  ReductionDriver - Result from initial state is not interesting (attempt 4)
19:01:15.871 INFO  ExecHelper - interestingness_test /opt/reduce/intel_iris_xe_graphics/syn_memory_converge/variant_790.comp reduction_results/intel_iris_xe_graphics/syn_memory_converge/variant_790/variant_790.json
19:01:15.871 INFO  StreamGobblerLogger - stderr.env: ‘interestingness_test’: No such file or directory
19:01:15.872 INFO  ExecHelper - Result: 127
19:01:15.872 INFO  CustomFileJudge - Custom file judge result: 127
19:01:15.872 INFO  ReductionDriver - Result from initial state is not interesting (attempt 5)
19:01:15.872 INFO  ReductionDriver - Tried 5 times; stopping.
Reduction command: java -ea -cp /opt/graphicsfuzz/graphicsfuzz/target/graphicsfuzz/python/drivers/../../jar/tool-1.0.jar com.graphicsfuzz.reducer.tool.GlslReduce /opt/reduce/intel_iris_xe_graphics/syn_memory_converge/variant_790.json interestingness_test --output reduction_results/intel_iris_xe_graphics/syn_memory_converge/variant_790 /opt/reduce/intel_iris_xe_graphics/syn_memory_converge/variant_790.comp
