18:16:20.863 INFO  ExecHelper - /opt/graphicsfuzz/graphicsfuzz/target/graphicsfuzz/bin/Linux/glslangValidator -E --stdin -S comp
18:16:20.911 INFO  ExecHelper - Result: 0
18:16:20.968 INFO  ReductionDriver - Starting reduction for variant_191
18:16:20.972 INFO  ExecHelper - interestingness_test /opt/reduce/cezanne_radeon_vega/syn_memory_converge/variant_191.comp reduction_results/cezanne_radeon_vega/syn_memory_converge/variant_191/variant_191.json
18:16:20.973 INFO  StreamGobblerLogger - stderr.env: ‘interestingness_test’: No such file or directory
18:16:20.974 INFO  ExecHelper - Result: 127
18:16:20.974 INFO  CustomFileJudge - Custom file judge result: 127
18:16:20.974 INFO  ReductionDriver - Result from initial state is not interesting (attempt 1)
18:16:20.975 INFO  ExecHelper - interestingness_test /opt/reduce/cezanne_radeon_vega/syn_memory_converge/variant_191.comp reduction_results/cezanne_radeon_vega/syn_memory_converge/variant_191/variant_191.json
18:16:20.976 INFO  StreamGobblerLogger - stderr.env: ‘interestingness_test’: No such file or directory
18:16:20.976 INFO  ExecHelper - Result: 127
18:16:20.976 INFO  CustomFileJudge - Custom file judge result: 127
18:16:20.976 INFO  ReductionDriver - Result from initial state is not interesting (attempt 2)
18:16:20.977 INFO  ExecHelper - interestingness_test /opt/reduce/cezanne_radeon_vega/syn_memory_converge/variant_191.comp reduction_results/cezanne_radeon_vega/syn_memory_converge/variant_191/variant_191.json
18:16:20.978 INFO  StreamGobblerLogger - stderr.env: ‘interestingness_test’: No such file or directory
18:16:20.979 INFO  ExecHelper - Result: 127
18:16:20.979 INFO  CustomFileJudge - Custom file judge result: 127
18:16:20.979 INFO  ReductionDriver - Result from initial state is not interesting (attempt 3)
18:16:20.979 INFO  ExecHelper - interestingness_test /opt/reduce/cezanne_radeon_vega/syn_memory_converge/variant_191.comp reduction_results/cezanne_radeon_vega/syn_memory_converge/variant_191/variant_191.json
18:16:20.980 INFO  StreamGobblerLogger - stderr.env: ‘interestingness_test’: No such file or directory
18:16:20.981 INFO  ExecHelper - Result: 127
18:16:20.981 INFO  CustomFileJudge - Custom file judge result: 127
18:16:20.981 INFO  ReductionDriver - Result from initial state is not interesting (attempt 4)
18:16:20.981 INFO  ExecHelper - interestingness_test /opt/reduce/cezanne_radeon_vega/syn_memory_converge/variant_191.comp reduction_results/cezanne_radeon_vega/syn_memory_converge/variant_191/variant_191.json
18:16:20.982 INFO  StreamGobblerLogger - stderr.env: ‘interestingness_test’: No such file or directory
18:16:20.983 INFO  ExecHelper - Result: 127
18:16:20.983 INFO  CustomFileJudge - Custom file judge result: 127
18:16:20.983 INFO  ReductionDriver - Result from initial state is not interesting (attempt 5)
18:16:20.983 INFO  ReductionDriver - Tried 5 times; stopping.
Reduction command: java -ea -cp /opt/graphicsfuzz/graphicsfuzz/target/graphicsfuzz/python/drivers/../../jar/tool-1.0.jar com.graphicsfuzz.reducer.tool.GlslReduce /opt/reduce/cezanne_radeon_vega/syn_memory_converge/variant_191.json interestingness_test --output reduction_results/cezanne_radeon_vega/syn_memory_converge/variant_191 /opt/reduce/cezanne_radeon_vega/syn_memory_converge/variant_191.comp
