19:51:42.613 INFO  ExecHelper - /opt/graphicsfuzz/graphicsfuzz/target/graphicsfuzz/bin/Linux/glslangValidator -E --stdin -S comp
19:51:42.671 INFO  ExecHelper - Result: 0
19:51:43.076 INFO  ReductionDriver - Starting reduction for variant_768
19:51:43.197 INFO  ExecHelper - interestingness_test /opt/reduce/rtx_4070/syn_memory_converge_atomic/variant_768.comp reduction_results/rtx_4070/syn_memory_converge_atomic/variant_768/variant_768.json
19:51:43.200 INFO  StreamGobblerLogger - stderr.env: ‘interestingness_test’: No such file or directory
19:51:43.200 INFO  ExecHelper - Result: 127
19:51:43.201 INFO  CustomFileJudge - Custom file judge result: 127
19:51:43.201 INFO  ReductionDriver - Result from initial state is not interesting (attempt 1)
19:51:43.306 INFO  ExecHelper - interestingness_test /opt/reduce/rtx_4070/syn_memory_converge_atomic/variant_768.comp reduction_results/rtx_4070/syn_memory_converge_atomic/variant_768/variant_768.json
19:51:43.307 INFO  StreamGobblerLogger - stderr.env: ‘interestingness_test’: No such file or directory
19:51:43.308 INFO  ExecHelper - Result: 127
19:51:43.308 INFO  CustomFileJudge - Custom file judge result: 127
19:51:43.308 INFO  ReductionDriver - Result from initial state is not interesting (attempt 2)
19:51:43.404 INFO  ExecHelper - interestingness_test /opt/reduce/rtx_4070/syn_memory_converge_atomic/variant_768.comp reduction_results/rtx_4070/syn_memory_converge_atomic/variant_768/variant_768.json
19:51:43.406 INFO  StreamGobblerLogger - stderr.env: ‘interestingness_test’: No such file or directory
19:51:43.407 INFO  ExecHelper - Result: 127
19:51:43.407 INFO  CustomFileJudge - Custom file judge result: 127
19:51:43.407 INFO  ReductionDriver - Result from initial state is not interesting (attempt 3)
19:51:43.499 INFO  ExecHelper - interestingness_test /opt/reduce/rtx_4070/syn_memory_converge_atomic/variant_768.comp reduction_results/rtx_4070/syn_memory_converge_atomic/variant_768/variant_768.json
19:51:43.501 INFO  StreamGobblerLogger - stderr.env: ‘interestingness_test’: No such file or directory
19:51:43.502 INFO  ExecHelper - Result: 127
19:51:43.502 INFO  CustomFileJudge - Custom file judge result: 127
19:51:43.502 INFO  ReductionDriver - Result from initial state is not interesting (attempt 4)
19:51:43.594 INFO  ExecHelper - interestingness_test /opt/reduce/rtx_4070/syn_memory_converge_atomic/variant_768.comp reduction_results/rtx_4070/syn_memory_converge_atomic/variant_768/variant_768.json
19:51:43.596 INFO  StreamGobblerLogger - stderr.env: ‘interestingness_test’: No such file or directory
19:51:43.596 INFO  ExecHelper - Result: 127
19:51:43.596 INFO  CustomFileJudge - Custom file judge result: 127
19:51:43.596 INFO  ReductionDriver - Result from initial state is not interesting (attempt 5)
19:51:43.596 INFO  ReductionDriver - Tried 5 times; stopping.
Reduction command: java -ea -cp /opt/graphicsfuzz/graphicsfuzz/target/graphicsfuzz/python/drivers/../../jar/tool-1.0.jar com.graphicsfuzz.reducer.tool.GlslReduce /opt/reduce/rtx_4070/syn_memory_converge_atomic/variant_768.json interestingness_test --output reduction_results/rtx_4070/syn_memory_converge_atomic/variant_768 /opt/reduce/rtx_4070/syn_memory_converge_atomic/variant_768.comp
