19:07:43.428 INFO  ExecHelper - /opt/graphicsfuzz/graphicsfuzz/target/graphicsfuzz/bin/Linux/glslangValidator -E --stdin -S comp
19:07:43.485 INFO  ExecHelper - Result: 0
19:07:43.762 INFO  ReductionDriver - Starting reduction for variant_249
19:07:43.835 INFO  ExecHelper - interestingness_test /opt/reduce/intel_iris_xe_graphics/syn_memory_converge_atomic/variant_249.comp reduction_results/intel_iris_xe_graphics/syn_memory_converge_atomic/variant_249/variant_249.json
19:07:43.837 INFO  StreamGobblerLogger - stderr.env: ‘interestingness_test’: No such file or directory
19:07:43.838 INFO  ExecHelper - Result: 127
19:07:43.838 INFO  CustomFileJudge - Custom file judge result: 127
19:07:43.838 INFO  ReductionDriver - Result from initial state is not interesting (attempt 1)
19:07:43.894 INFO  ExecHelper - interestingness_test /opt/reduce/intel_iris_xe_graphics/syn_memory_converge_atomic/variant_249.comp reduction_results/intel_iris_xe_graphics/syn_memory_converge_atomic/variant_249/variant_249.json
19:07:43.895 INFO  StreamGobblerLogger - stderr.env: ‘interestingness_test’: No such file or directory
19:07:43.896 INFO  ExecHelper - Result: 127
19:07:43.896 INFO  CustomFileJudge - Custom file judge result: 127
19:07:43.896 INFO  ReductionDriver - Result from initial state is not interesting (attempt 2)
19:07:43.949 INFO  ExecHelper - interestingness_test /opt/reduce/intel_iris_xe_graphics/syn_memory_converge_atomic/variant_249.comp reduction_results/intel_iris_xe_graphics/syn_memory_converge_atomic/variant_249/variant_249.json
19:07:43.950 INFO  StreamGobblerLogger - stderr.env: ‘interestingness_test’: No such file or directory
19:07:43.950 INFO  ExecHelper - Result: 127
19:07:43.950 INFO  CustomFileJudge - Custom file judge result: 127
19:07:43.950 INFO  ReductionDriver - Result from initial state is not interesting (attempt 3)
19:07:44.002 INFO  ExecHelper - interestingness_test /opt/reduce/intel_iris_xe_graphics/syn_memory_converge_atomic/variant_249.comp reduction_results/intel_iris_xe_graphics/syn_memory_converge_atomic/variant_249/variant_249.json
19:07:44.007 INFO  StreamGobblerLogger - stderr.env: ‘interestingness_test’: No such file or directory
19:07:44.007 INFO  ExecHelper - Result: 127
19:07:44.008 INFO  CustomFileJudge - Custom file judge result: 127
19:07:44.008 INFO  ReductionDriver - Result from initial state is not interesting (attempt 4)
19:07:44.062 INFO  ExecHelper - interestingness_test /opt/reduce/intel_iris_xe_graphics/syn_memory_converge_atomic/variant_249.comp reduction_results/intel_iris_xe_graphics/syn_memory_converge_atomic/variant_249/variant_249.json
19:07:44.063 INFO  StreamGobblerLogger - stderr.env: ‘interestingness_test’: No such file or directory
19:07:44.064 INFO  ExecHelper - Result: 127
19:07:44.064 INFO  CustomFileJudge - Custom file judge result: 127
19:07:44.064 INFO  ReductionDriver - Result from initial state is not interesting (attempt 5)
19:07:44.064 INFO  ReductionDriver - Tried 5 times; stopping.
Reduction command: java -ea -cp /opt/graphicsfuzz/graphicsfuzz/target/graphicsfuzz/python/drivers/../../jar/tool-1.0.jar com.graphicsfuzz.reducer.tool.GlslReduce /opt/reduce/intel_iris_xe_graphics/syn_memory_converge_atomic/variant_249.json interestingness_test --output reduction_results/intel_iris_xe_graphics/syn_memory_converge_atomic/variant_249 /opt/reduce/intel_iris_xe_graphics/syn_memory_converge_atomic/variant_249.comp
