18:25:54.448 INFO  ExecHelper - /opt/graphicsfuzz/graphicsfuzz/target/graphicsfuzz/bin/Linux/glslangValidator -E --stdin -S comp
18:25:54.500 INFO  ExecHelper - Result: 0
18:25:54.764 INFO  ReductionDriver - Starting reduction for variant_905
18:25:54.838 INFO  ExecHelper - interestingness_test /opt/reduce/cezanne_radeon_vega/syn_memory_converge/variant_905.comp reduction_results/cezanne_radeon_vega/syn_memory_converge/variant_905/variant_905.json
18:25:54.840 INFO  StreamGobblerLogger - stderr.env: ‘interestingness_test’: No such file or directory
18:25:54.840 INFO  ExecHelper - Result: 127
18:25:54.840 INFO  CustomFileJudge - Custom file judge result: 127
18:25:54.840 INFO  ReductionDriver - Result from initial state is not interesting (attempt 1)
18:25:54.897 INFO  ExecHelper - interestingness_test /opt/reduce/cezanne_radeon_vega/syn_memory_converge/variant_905.comp reduction_results/cezanne_radeon_vega/syn_memory_converge/variant_905/variant_905.json
18:25:54.899 INFO  StreamGobblerLogger - stderr.env: ‘interestingness_test’: No such file or directory
18:25:54.899 INFO  ExecHelper - Result: 127
18:25:54.899 INFO  CustomFileJudge - Custom file judge result: 127
18:25:54.899 INFO  ReductionDriver - Result from initial state is not interesting (attempt 2)
18:25:54.952 INFO  ExecHelper - interestingness_test /opt/reduce/cezanne_radeon_vega/syn_memory_converge/variant_905.comp reduction_results/cezanne_radeon_vega/syn_memory_converge/variant_905/variant_905.json
18:25:54.953 INFO  StreamGobblerLogger - stderr.env: ‘interestingness_test’: No such file or directory
18:25:54.954 INFO  ExecHelper - Result: 127
18:25:54.954 INFO  CustomFileJudge - Custom file judge result: 127
18:25:54.954 INFO  ReductionDriver - Result from initial state is not interesting (attempt 3)
18:25:55.006 INFO  ExecHelper - interestingness_test /opt/reduce/cezanne_radeon_vega/syn_memory_converge/variant_905.comp reduction_results/cezanne_radeon_vega/syn_memory_converge/variant_905/variant_905.json
18:25:55.008 INFO  StreamGobblerLogger - stderr.env: ‘interestingness_test’: No such file or directory
18:25:55.008 INFO  ExecHelper - Result: 127
18:25:55.008 INFO  CustomFileJudge - Custom file judge result: 127
18:25:55.008 INFO  ReductionDriver - Result from initial state is not interesting (attempt 4)
18:25:55.062 INFO  ExecHelper - interestingness_test /opt/reduce/cezanne_radeon_vega/syn_memory_converge/variant_905.comp reduction_results/cezanne_radeon_vega/syn_memory_converge/variant_905/variant_905.json
18:25:55.063 INFO  StreamGobblerLogger - stderr.env: ‘interestingness_test’: No such file or directory
18:25:55.064 INFO  ExecHelper - Result: 127
18:25:55.064 INFO  CustomFileJudge - Custom file judge result: 127
18:25:55.064 INFO  ReductionDriver - Result from initial state is not interesting (attempt 5)
18:25:55.064 INFO  ReductionDriver - Tried 5 times; stopping.
Reduction command: java -ea -cp /opt/graphicsfuzz/graphicsfuzz/target/graphicsfuzz/python/drivers/../../jar/tool-1.0.jar com.graphicsfuzz.reducer.tool.GlslReduce /opt/reduce/cezanne_radeon_vega/syn_memory_converge/variant_905.json interestingness_test --output reduction_results/cezanne_radeon_vega/syn_memory_converge/variant_905 /opt/reduce/cezanne_radeon_vega/syn_memory_converge/variant_905.comp
