19:24:45.383 INFO  ExecHelper - /opt/graphicsfuzz/graphicsfuzz/target/graphicsfuzz/bin/Linux/glslangValidator -E --stdin -S comp
19:24:45.523 INFO  ExecHelper - Result: 0
19:24:45.676 INFO  ReductionDriver - Starting reduction for variant_048
19:24:45.699 INFO  ExecHelper - interestingness_test /opt/reduce/rtx_4070/syn_lock_step/variant_048.comp reduction_results/rtx_4070/syn_lock_step/variant_048/variant_048.json
19:24:45.702 INFO  StreamGobblerLogger - stderr.env: ‘interestingness_test’: No such file or directory
19:24:45.702 INFO  ExecHelper - Result: 127
19:24:45.702 INFO  CustomFileJudge - Custom file judge result: 127
19:24:45.702 INFO  ReductionDriver - Result from initial state is not interesting (attempt 1)
19:24:45.708 INFO  ExecHelper - interestingness_test /opt/reduce/rtx_4070/syn_lock_step/variant_048.comp reduction_results/rtx_4070/syn_lock_step/variant_048/variant_048.json
19:24:45.709 INFO  StreamGobblerLogger - stderr.env: ‘interestingness_test’: No such file or directory
19:24:45.710 INFO  ExecHelper - Result: 127
19:24:45.710 INFO  CustomFileJudge - Custom file judge result: 127
19:24:45.710 INFO  ReductionDriver - Result from initial state is not interesting (attempt 2)
19:24:45.715 INFO  ExecHelper - interestingness_test /opt/reduce/rtx_4070/syn_lock_step/variant_048.comp reduction_results/rtx_4070/syn_lock_step/variant_048/variant_048.json
19:24:45.716 INFO  StreamGobblerLogger - stderr.env: ‘interestingness_test’: No such file or directory
19:24:45.716 INFO  ExecHelper - Result: 127
19:24:45.716 INFO  CustomFileJudge - Custom file judge result: 127
19:24:45.716 INFO  ReductionDriver - Result from initial state is not interesting (attempt 3)
19:24:45.721 INFO  ExecHelper - interestingness_test /opt/reduce/rtx_4070/syn_lock_step/variant_048.comp reduction_results/rtx_4070/syn_lock_step/variant_048/variant_048.json
19:24:45.723 INFO  StreamGobblerLogger - stderr.env: ‘interestingness_test’: No such file or directory
19:24:45.723 INFO  ExecHelper - Result: 127
19:24:45.723 INFO  CustomFileJudge - Custom file judge result: 127
19:24:45.723 INFO  ReductionDriver - Result from initial state is not interesting (attempt 4)
19:24:45.725 INFO  ExecHelper - interestingness_test /opt/reduce/rtx_4070/syn_lock_step/variant_048.comp reduction_results/rtx_4070/syn_lock_step/variant_048/variant_048.json
19:24:45.726 INFO  StreamGobblerLogger - stderr.env: ‘interestingness_test’: No such file or directory
19:24:45.727 INFO  ExecHelper - Result: 127
19:24:45.727 INFO  CustomFileJudge - Custom file judge result: 127
19:24:45.727 INFO  ReductionDriver - Result from initial state is not interesting (attempt 5)
19:24:45.727 INFO  ReductionDriver - Tried 5 times; stopping.
Reduction command: java -ea -cp /opt/graphicsfuzz/graphicsfuzz/target/graphicsfuzz/python/drivers/../../jar/tool-1.0.jar com.graphicsfuzz.reducer.tool.GlslReduce /opt/reduce/rtx_4070/syn_lock_step/variant_048.json interestingness_test --output reduction_results/rtx_4070/syn_lock_step/variant_048 /opt/reduce/rtx_4070/syn_lock_step/variant_048.comp
