18:27:38.529 INFO  ExecHelper - /opt/graphicsfuzz/graphicsfuzz/target/graphicsfuzz/bin/Linux/glslangValidator -E --stdin -S comp
18:27:38.583 INFO  ExecHelper - Result: 0
18:27:38.881 INFO  ReductionDriver - Starting reduction for variant_033
18:27:38.958 INFO  ExecHelper - interestingness_test /opt/reduce/cezanne_radeon_vega/syn_memory_converge_atomic/variant_033.comp reduction_results/cezanne_radeon_vega/syn_memory_converge_atomic/variant_033/variant_033.json
18:27:38.960 INFO  StreamGobblerLogger - stderr.env: ‘interestingness_test’: No such file or directory
18:27:38.960 INFO  ExecHelper - Result: 127
18:27:38.961 INFO  CustomFileJudge - Custom file judge result: 127
18:27:38.961 INFO  ReductionDriver - Result from initial state is not interesting (attempt 1)
18:27:39.023 INFO  ExecHelper - interestingness_test /opt/reduce/cezanne_radeon_vega/syn_memory_converge_atomic/variant_033.comp reduction_results/cezanne_radeon_vega/syn_memory_converge_atomic/variant_033/variant_033.json
18:27:39.025 INFO  StreamGobblerLogger - stderr.env: ‘interestingness_test’: No such file or directory
18:27:39.025 INFO  ExecHelper - Result: 127
18:27:39.025 INFO  CustomFileJudge - Custom file judge result: 127
18:27:39.025 INFO  ReductionDriver - Result from initial state is not interesting (attempt 2)
18:27:39.083 INFO  ExecHelper - interestingness_test /opt/reduce/cezanne_radeon_vega/syn_memory_converge_atomic/variant_033.comp reduction_results/cezanne_radeon_vega/syn_memory_converge_atomic/variant_033/variant_033.json
18:27:39.085 INFO  StreamGobblerLogger - stderr.env: ‘interestingness_test’: No such file or directory
18:27:39.085 INFO  ExecHelper - Result: 127
18:27:39.085 INFO  CustomFileJudge - Custom file judge result: 127
18:27:39.085 INFO  ReductionDriver - Result from initial state is not interesting (attempt 3)
18:27:39.144 INFO  ExecHelper - interestingness_test /opt/reduce/cezanne_radeon_vega/syn_memory_converge_atomic/variant_033.comp reduction_results/cezanne_radeon_vega/syn_memory_converge_atomic/variant_033/variant_033.json
18:27:39.145 INFO  StreamGobblerLogger - stderr.env: ‘interestingness_test’: No such file or directory
18:27:39.146 INFO  ExecHelper - Result: 127
18:27:39.146 INFO  CustomFileJudge - Custom file judge result: 127
18:27:39.146 INFO  ReductionDriver - Result from initial state is not interesting (attempt 4)
18:27:39.205 INFO  ExecHelper - interestingness_test /opt/reduce/cezanne_radeon_vega/syn_memory_converge_atomic/variant_033.comp reduction_results/cezanne_radeon_vega/syn_memory_converge_atomic/variant_033/variant_033.json
18:27:39.207 INFO  StreamGobblerLogger - stderr.env: ‘interestingness_test’: No such file or directory
18:27:39.207 INFO  ExecHelper - Result: 127
18:27:39.207 INFO  CustomFileJudge - Custom file judge result: 127
18:27:39.207 INFO  ReductionDriver - Result from initial state is not interesting (attempt 5)
18:27:39.207 INFO  ReductionDriver - Tried 5 times; stopping.
Reduction command: java -ea -cp /opt/graphicsfuzz/graphicsfuzz/target/graphicsfuzz/python/drivers/../../jar/tool-1.0.jar com.graphicsfuzz.reducer.tool.GlslReduce /opt/reduce/cezanne_radeon_vega/syn_memory_converge_atomic/variant_033.json interestingness_test --output reduction_results/cezanne_radeon_vega/syn_memory_converge_atomic/variant_033 /opt/reduce/cezanne_radeon_vega/syn_memory_converge_atomic/variant_033.comp
