19:37:05.066 INFO  ExecHelper - /opt/graphicsfuzz/graphicsfuzz/target/graphicsfuzz/bin/Linux/glslangValidator -E --stdin -S comp
19:37:05.355 INFO  ExecHelper - Result: 0
19:37:06.407 INFO  ReductionDriver - Starting reduction for variant_772
19:37:06.422 INFO  ExecHelper - interestingness_test /opt/reduce/rtx_4070/syn_memory_converge/variant_772.comp reduction_results/rtx_4070/syn_memory_converge/variant_772/variant_772.json
19:37:06.424 INFO  StreamGobblerLogger - stderr.env: ‘interestingness_test’: No such file or directory
19:37:06.424 INFO  ExecHelper - Result: 127
19:37:06.424 INFO  CustomFileJudge - Custom file judge result: 127
19:37:06.424 INFO  ReductionDriver - Result from initial state is not interesting (attempt 1)
19:37:06.432 INFO  ExecHelper - interestingness_test /opt/reduce/rtx_4070/syn_memory_converge/variant_772.comp reduction_results/rtx_4070/syn_memory_converge/variant_772/variant_772.json
19:37:06.433 INFO  StreamGobblerLogger - stderr.env: ‘interestingness_test’: No such file or directory
19:37:06.434 INFO  ExecHelper - Result: 127
19:37:06.434 INFO  CustomFileJudge - Custom file judge result: 127
19:37:06.434 INFO  ReductionDriver - Result from initial state is not interesting (attempt 2)
19:37:06.440 INFO  ExecHelper - interestingness_test /opt/reduce/rtx_4070/syn_memory_converge/variant_772.comp reduction_results/rtx_4070/syn_memory_converge/variant_772/variant_772.json
19:37:06.441 INFO  StreamGobblerLogger - stderr.env: ‘interestingness_test’: No such file or directory
19:37:06.441 INFO  ExecHelper - Result: 127
19:37:06.441 INFO  CustomFileJudge - Custom file judge result: 127
19:37:06.441 INFO  ReductionDriver - Result from initial state is not interesting (attempt 3)
19:37:06.452 INFO  ExecHelper - interestingness_test /opt/reduce/rtx_4070/syn_memory_converge/variant_772.comp reduction_results/rtx_4070/syn_memory_converge/variant_772/variant_772.json
19:37:06.454 INFO  StreamGobblerLogger - stderr.env: ‘interestingness_test’: No such file or directory
19:37:06.454 INFO  ExecHelper - Result: 127
19:37:06.454 INFO  CustomFileJudge - Custom file judge result: 127
19:37:06.455 INFO  ReductionDriver - Result from initial state is not interesting (attempt 4)
19:37:06.460 INFO  ExecHelper - interestingness_test /opt/reduce/rtx_4070/syn_memory_converge/variant_772.comp reduction_results/rtx_4070/syn_memory_converge/variant_772/variant_772.json
19:37:06.461 INFO  StreamGobblerLogger - stderr.env: ‘interestingness_test’: No such file or directory
19:37:06.461 INFO  ExecHelper - Result: 127
19:37:06.461 INFO  CustomFileJudge - Custom file judge result: 127
19:37:06.461 INFO  ReductionDriver - Result from initial state is not interesting (attempt 5)
19:37:06.461 INFO  ReductionDriver - Tried 5 times; stopping.
Reduction command: java -ea -cp /opt/graphicsfuzz/graphicsfuzz/target/graphicsfuzz/python/drivers/../../jar/tool-1.0.jar com.graphicsfuzz.reducer.tool.GlslReduce /opt/reduce/rtx_4070/syn_memory_converge/variant_772.json interestingness_test --output reduction_results/rtx_4070/syn_memory_converge/variant_772 /opt/reduce/rtx_4070/syn_memory_converge/variant_772.comp
