19:37:00.741 INFO  ExecHelper - /opt/graphicsfuzz/graphicsfuzz/target/graphicsfuzz/bin/Linux/glslangValidator -E --stdin -S comp
19:37:00.800 INFO  ExecHelper - Result: 0
19:37:00.904 INFO  ReductionDriver - Starting reduction for variant_767
19:37:00.922 INFO  ExecHelper - interestingness_test /opt/reduce/rtx_4070/syn_memory_converge/variant_767.comp reduction_results/rtx_4070/syn_memory_converge/variant_767/variant_767.json
19:37:00.923 INFO  StreamGobblerLogger - stderr.env: ‘interestingness_test’: No such file or directory
19:37:00.924 INFO  ExecHelper - Result: 127
19:37:00.924 INFO  CustomFileJudge - Custom file judge result: 127
19:37:00.924 INFO  ReductionDriver - Result from initial state is not interesting (attempt 1)
19:37:00.928 INFO  ExecHelper - interestingness_test /opt/reduce/rtx_4070/syn_memory_converge/variant_767.comp reduction_results/rtx_4070/syn_memory_converge/variant_767/variant_767.json
19:37:00.929 INFO  StreamGobblerLogger - stderr.env: ‘interestingness_test’: No such file or directory
19:37:00.930 INFO  ExecHelper - Result: 127
19:37:00.930 INFO  CustomFileJudge - Custom file judge result: 127
19:37:00.930 INFO  ReductionDriver - Result from initial state is not interesting (attempt 2)
19:37:00.935 INFO  ExecHelper - interestingness_test /opt/reduce/rtx_4070/syn_memory_converge/variant_767.comp reduction_results/rtx_4070/syn_memory_converge/variant_767/variant_767.json
19:37:00.936 INFO  StreamGobblerLogger - stderr.env: ‘interestingness_test’: No such file or directory
19:37:00.937 INFO  ExecHelper - Result: 127
19:37:00.937 INFO  CustomFileJudge - Custom file judge result: 127
19:37:00.937 INFO  ReductionDriver - Result from initial state is not interesting (attempt 3)
19:37:00.940 INFO  ExecHelper - interestingness_test /opt/reduce/rtx_4070/syn_memory_converge/variant_767.comp reduction_results/rtx_4070/syn_memory_converge/variant_767/variant_767.json
19:37:00.941 INFO  StreamGobblerLogger - stderr.env: ‘interestingness_test’: No such file or directory
19:37:00.941 INFO  ExecHelper - Result: 127
19:37:00.942 INFO  CustomFileJudge - Custom file judge result: 127
19:37:00.942 INFO  ReductionDriver - Result from initial state is not interesting (attempt 4)
19:37:00.945 INFO  ExecHelper - interestingness_test /opt/reduce/rtx_4070/syn_memory_converge/variant_767.comp reduction_results/rtx_4070/syn_memory_converge/variant_767/variant_767.json
19:37:00.946 INFO  StreamGobblerLogger - stderr.env: ‘interestingness_test’: No such file or directory
19:37:00.946 INFO  ExecHelper - Result: 127
19:37:00.946 INFO  CustomFileJudge - Custom file judge result: 127
19:37:00.946 INFO  ReductionDriver - Result from initial state is not interesting (attempt 5)
19:37:00.946 INFO  ReductionDriver - Tried 5 times; stopping.
Reduction command: java -ea -cp /opt/graphicsfuzz/graphicsfuzz/target/graphicsfuzz/python/drivers/../../jar/tool-1.0.jar com.graphicsfuzz.reducer.tool.GlslReduce /opt/reduce/rtx_4070/syn_memory_converge/variant_767.json interestingness_test --output reduction_results/rtx_4070/syn_memory_converge/variant_767 /opt/reduce/rtx_4070/syn_memory_converge/variant_767.comp
