18:54:17.343 INFO  ExecHelper - /opt/graphicsfuzz/graphicsfuzz/target/graphicsfuzz/bin/Linux/glslangValidator -E --stdin -S comp
18:54:17.400 INFO  ExecHelper - Result: 0
18:54:17.490 INFO  ReductionDriver - Starting reduction for variant_298
18:54:17.500 INFO  ExecHelper - interestingness_test /opt/reduce/intel_iris_xe_graphics/syn_memory_converge/variant_298.comp reduction_results/intel_iris_xe_graphics/syn_memory_converge/variant_298/variant_298.json
18:54:17.501 INFO  StreamGobblerLogger - stderr.env: ‘interestingness_test’: No such file or directory
18:54:17.502 INFO  ExecHelper - Result: 127
18:54:17.502 INFO  CustomFileJudge - Custom file judge result: 127
18:54:17.502 INFO  ReductionDriver - Result from initial state is not interesting (attempt 1)
18:54:17.505 INFO  ExecHelper - interestingness_test /opt/reduce/intel_iris_xe_graphics/syn_memory_converge/variant_298.comp reduction_results/intel_iris_xe_graphics/syn_memory_converge/variant_298/variant_298.json
18:54:17.507 INFO  StreamGobblerLogger - stderr.env: ‘interestingness_test’: No such file or directory
18:54:17.507 INFO  ExecHelper - Result: 127
18:54:17.507 INFO  CustomFileJudge - Custom file judge result: 127
18:54:17.507 INFO  ReductionDriver - Result from initial state is not interesting (attempt 2)
18:54:17.510 INFO  ExecHelper - interestingness_test /opt/reduce/intel_iris_xe_graphics/syn_memory_converge/variant_298.comp reduction_results/intel_iris_xe_graphics/syn_memory_converge/variant_298/variant_298.json
18:54:17.511 INFO  StreamGobblerLogger - stderr.env: ‘interestingness_test’: No such file or directory
18:54:17.512 INFO  ExecHelper - Result: 127
18:54:17.512 INFO  CustomFileJudge - Custom file judge result: 127
18:54:17.512 INFO  ReductionDriver - Result from initial state is not interesting (attempt 3)
18:54:17.516 INFO  ExecHelper - interestingness_test /opt/reduce/intel_iris_xe_graphics/syn_memory_converge/variant_298.comp reduction_results/intel_iris_xe_graphics/syn_memory_converge/variant_298/variant_298.json
18:54:17.518 INFO  StreamGobblerLogger - stderr.env: ‘interestingness_test’: No such file or directory
18:54:17.518 INFO  ExecHelper - Result: 127
18:54:17.518 INFO  CustomFileJudge - Custom file judge result: 127
18:54:17.518 INFO  ReductionDriver - Result from initial state is not interesting (attempt 4)
18:54:17.520 INFO  ExecHelper - interestingness_test /opt/reduce/intel_iris_xe_graphics/syn_memory_converge/variant_298.comp reduction_results/intel_iris_xe_graphics/syn_memory_converge/variant_298/variant_298.json
18:54:17.521 INFO  StreamGobblerLogger - stderr.env: ‘interestingness_test’: No such file or directory
18:54:17.522 INFO  ExecHelper - Result: 127
18:54:17.522 INFO  CustomFileJudge - Custom file judge result: 127
18:54:17.522 INFO  ReductionDriver - Result from initial state is not interesting (attempt 5)
18:54:17.522 INFO  ReductionDriver - Tried 5 times; stopping.
Reduction command: java -ea -cp /opt/graphicsfuzz/graphicsfuzz/target/graphicsfuzz/python/drivers/../../jar/tool-1.0.jar com.graphicsfuzz.reducer.tool.GlslReduce /opt/reduce/intel_iris_xe_graphics/syn_memory_converge/variant_298.json interestingness_test --output reduction_results/intel_iris_xe_graphics/syn_memory_converge/variant_298 /opt/reduce/intel_iris_xe_graphics/syn_memory_converge/variant_298.comp
