19:26:19.947 INFO  ExecHelper - /opt/graphicsfuzz/graphicsfuzz/target/graphicsfuzz/bin/Linux/glslangValidator -E --stdin -S comp
19:26:19.998 INFO  ExecHelper - Result: 0
19:26:20.252 INFO  ReductionDriver - Starting reduction for variant_012
19:26:20.301 INFO  ExecHelper - interestingness_test /opt/reduce/rtx_4070/syn_memory_converge/variant_012.comp reduction_results/rtx_4070/syn_memory_converge/variant_012/variant_012.json
19:26:20.302 INFO  StreamGobblerLogger - stderr.env: ‘interestingness_test’: No such file or directory
19:26:20.302 INFO  ExecHelper - Result: 127
19:26:20.302 INFO  CustomFileJudge - Custom file judge result: 127
19:26:20.303 INFO  ReductionDriver - Result from initial state is not interesting (attempt 1)
19:26:20.336 INFO  ExecHelper - interestingness_test /opt/reduce/rtx_4070/syn_memory_converge/variant_012.comp reduction_results/rtx_4070/syn_memory_converge/variant_012/variant_012.json
19:26:20.338 INFO  StreamGobblerLogger - stderr.env: ‘interestingness_test’: No such file or directory
19:26:20.338 INFO  ExecHelper - Result: 127
19:26:20.338 INFO  CustomFileJudge - Custom file judge result: 127
19:26:20.338 INFO  ReductionDriver - Result from initial state is not interesting (attempt 2)
19:26:20.370 INFO  ExecHelper - interestingness_test /opt/reduce/rtx_4070/syn_memory_converge/variant_012.comp reduction_results/rtx_4070/syn_memory_converge/variant_012/variant_012.json
19:26:20.371 INFO  StreamGobblerLogger - stderr.env: ‘interestingness_test’: No such file or directory
19:26:20.372 INFO  ExecHelper - Result: 127
19:26:20.372 INFO  CustomFileJudge - Custom file judge result: 127
19:26:20.372 INFO  ReductionDriver - Result from initial state is not interesting (attempt 3)
19:26:20.402 INFO  ExecHelper - interestingness_test /opt/reduce/rtx_4070/syn_memory_converge/variant_012.comp reduction_results/rtx_4070/syn_memory_converge/variant_012/variant_012.json
19:26:20.403 INFO  StreamGobblerLogger - stderr.env: ‘interestingness_test’: No such file or directory
19:26:20.404 INFO  ExecHelper - Result: 127
19:26:20.404 INFO  CustomFileJudge - Custom file judge result: 127
19:26:20.404 INFO  ReductionDriver - Result from initial state is not interesting (attempt 4)
19:26:20.434 INFO  ExecHelper - interestingness_test /opt/reduce/rtx_4070/syn_memory_converge/variant_012.comp reduction_results/rtx_4070/syn_memory_converge/variant_012/variant_012.json
19:26:20.436 INFO  StreamGobblerLogger - stderr.env: ‘interestingness_test’: No such file or directory
19:26:20.436 INFO  ExecHelper - Result: 127
19:26:20.436 INFO  CustomFileJudge - Custom file judge result: 127
19:26:20.436 INFO  ReductionDriver - Result from initial state is not interesting (attempt 5)
19:26:20.436 INFO  ReductionDriver - Tried 5 times; stopping.
Reduction command: java -ea -cp /opt/graphicsfuzz/graphicsfuzz/target/graphicsfuzz/python/drivers/../../jar/tool-1.0.jar com.graphicsfuzz.reducer.tool.GlslReduce /opt/reduce/rtx_4070/syn_memory_converge/variant_012.json interestingness_test --output reduction_results/rtx_4070/syn_memory_converge/variant_012 /opt/reduce/rtx_4070/syn_memory_converge/variant_012.comp
