18:47:22.174 INFO  ExecHelper - /opt/graphicsfuzz/graphicsfuzz/target/graphicsfuzz/bin/Linux/glslangValidator -E --stdin -S comp
18:47:22.277 INFO  ExecHelper - Result: 0
18:47:23.332 INFO  ReductionDriver - Starting reduction for variant_550
18:47:23.358 INFO  ExecHelper - interestingness_test /opt/reduce/intel_iris_xe_graphics/syn_lock_step/variant_550.comp reduction_results/intel_iris_xe_graphics/syn_lock_step/variant_550/variant_550.json
18:47:23.360 INFO  StreamGobblerLogger - stderr.env: ‘interestingness_test’: No such file or directory
18:47:23.360 INFO  ExecHelper - Result: 127
18:47:23.360 INFO  CustomFileJudge - Custom file judge result: 127
18:47:23.360 INFO  ReductionDriver - Result from initial state is not interesting (attempt 1)
18:47:23.375 INFO  ExecHelper - interestingness_test /opt/reduce/intel_iris_xe_graphics/syn_lock_step/variant_550.comp reduction_results/intel_iris_xe_graphics/syn_lock_step/variant_550/variant_550.json
18:47:23.376 INFO  StreamGobblerLogger - stderr.env: ‘interestingness_test’: No such file or directory
18:47:23.377 INFO  ExecHelper - Result: 127
18:47:23.377 INFO  CustomFileJudge - Custom file judge result: 127
18:47:23.377 INFO  ReductionDriver - Result from initial state is not interesting (attempt 2)
18:47:23.390 INFO  ExecHelper - interestingness_test /opt/reduce/intel_iris_xe_graphics/syn_lock_step/variant_550.comp reduction_results/intel_iris_xe_graphics/syn_lock_step/variant_550/variant_550.json
18:47:23.391 INFO  StreamGobblerLogger - stderr.env: ‘interestingness_test’: No such file or directory
18:47:23.392 INFO  ExecHelper - Result: 127
18:47:23.392 INFO  CustomFileJudge - Custom file judge result: 127
18:47:23.392 INFO  ReductionDriver - Result from initial state is not interesting (attempt 3)
18:47:23.405 INFO  ExecHelper - interestingness_test /opt/reduce/intel_iris_xe_graphics/syn_lock_step/variant_550.comp reduction_results/intel_iris_xe_graphics/syn_lock_step/variant_550/variant_550.json
18:47:23.406 INFO  StreamGobblerLogger - stderr.env: ‘interestingness_test’: No such file or directory
18:47:23.406 INFO  ExecHelper - Result: 127
18:47:23.406 INFO  CustomFileJudge - Custom file judge result: 127
18:47:23.406 INFO  ReductionDriver - Result from initial state is not interesting (attempt 4)
18:47:23.418 INFO  ExecHelper - interestingness_test /opt/reduce/intel_iris_xe_graphics/syn_lock_step/variant_550.comp reduction_results/intel_iris_xe_graphics/syn_lock_step/variant_550/variant_550.json
18:47:23.419 INFO  StreamGobblerLogger - stderr.env: ‘interestingness_test’: No such file or directory
18:47:23.420 INFO  ExecHelper - Result: 127
18:47:23.420 INFO  CustomFileJudge - Custom file judge result: 127
18:47:23.420 INFO  ReductionDriver - Result from initial state is not interesting (attempt 5)
18:47:23.420 INFO  ReductionDriver - Tried 5 times; stopping.
Reduction command: java -ea -cp /opt/graphicsfuzz/graphicsfuzz/target/graphicsfuzz/python/drivers/../../jar/tool-1.0.jar com.graphicsfuzz.reducer.tool.GlslReduce /opt/reduce/intel_iris_xe_graphics/syn_lock_step/variant_550.json interestingness_test --output reduction_results/intel_iris_xe_graphics/syn_lock_step/variant_550 /opt/reduce/intel_iris_xe_graphics/syn_lock_step/variant_550.comp
