18:27:44.814 INFO  ExecHelper - /opt/graphicsfuzz/graphicsfuzz/target/graphicsfuzz/bin/Linux/glslangValidator -E --stdin -S comp
18:27:44.870 INFO  ExecHelper - Result: 0
18:27:44.930 INFO  ReductionDriver - Starting reduction for variant_042
18:27:44.936 INFO  ExecHelper - interestingness_test /opt/reduce/cezanne_radeon_vega/syn_memory_converge_atomic/variant_042.comp reduction_results/cezanne_radeon_vega/syn_memory_converge_atomic/variant_042/variant_042.json
18:27:44.937 INFO  StreamGobblerLogger - stderr.env: ‘interestingness_test’: No such file or directory
18:27:44.938 INFO  ExecHelper - Result: 127
18:27:44.938 INFO  CustomFileJudge - Custom file judge result: 127
18:27:44.938 INFO  ReductionDriver - Result from initial state is not interesting (attempt 1)
18:27:44.939 INFO  ExecHelper - interestingness_test /opt/reduce/cezanne_radeon_vega/syn_memory_converge_atomic/variant_042.comp reduction_results/cezanne_radeon_vega/syn_memory_converge_atomic/variant_042/variant_042.json
18:27:44.940 INFO  StreamGobblerLogger - stderr.env: ‘interestingness_test’: No such file or directory
18:27:44.940 INFO  ExecHelper - Result: 127
18:27:44.940 INFO  CustomFileJudge - Custom file judge result: 127
18:27:44.940 INFO  ReductionDriver - Result from initial state is not interesting (attempt 2)
18:27:44.941 INFO  ExecHelper - interestingness_test /opt/reduce/cezanne_radeon_vega/syn_memory_converge_atomic/variant_042.comp reduction_results/cezanne_radeon_vega/syn_memory_converge_atomic/variant_042/variant_042.json
18:27:44.942 INFO  StreamGobblerLogger - stderr.env: ‘interestingness_test’: No such file or directory
18:27:44.943 INFO  ExecHelper - Result: 127
18:27:44.943 INFO  CustomFileJudge - Custom file judge result: 127
18:27:44.943 INFO  ReductionDriver - Result from initial state is not interesting (attempt 3)
18:27:44.944 INFO  ExecHelper - interestingness_test /opt/reduce/cezanne_radeon_vega/syn_memory_converge_atomic/variant_042.comp reduction_results/cezanne_radeon_vega/syn_memory_converge_atomic/variant_042/variant_042.json
18:27:44.945 INFO  StreamGobblerLogger - stderr.env: ‘interestingness_test’: No such file or directory
18:27:44.945 INFO  ExecHelper - Result: 127
18:27:44.945 INFO  CustomFileJudge - Custom file judge result: 127
18:27:44.945 INFO  ReductionDriver - Result from initial state is not interesting (attempt 4)
18:27:44.946 INFO  ExecHelper - interestingness_test /opt/reduce/cezanne_radeon_vega/syn_memory_converge_atomic/variant_042.comp reduction_results/cezanne_radeon_vega/syn_memory_converge_atomic/variant_042/variant_042.json
18:27:44.947 INFO  StreamGobblerLogger - stderr.env: ‘interestingness_test’: No such file or directory
18:27:44.947 INFO  ExecHelper - Result: 127
18:27:44.947 INFO  CustomFileJudge - Custom file judge result: 127
18:27:44.947 INFO  ReductionDriver - Result from initial state is not interesting (attempt 5)
18:27:44.947 INFO  ReductionDriver - Tried 5 times; stopping.
Reduction command: java -ea -cp /opt/graphicsfuzz/graphicsfuzz/target/graphicsfuzz/python/drivers/../../jar/tool-1.0.jar com.graphicsfuzz.reducer.tool.GlslReduce /opt/reduce/cezanne_radeon_vega/syn_memory_converge_atomic/variant_042.json interestingness_test --output reduction_results/cezanne_radeon_vega/syn_memory_converge_atomic/variant_042 /opt/reduce/cezanne_radeon_vega/syn_memory_converge_atomic/variant_042.comp
