19:46:07.733 INFO  ExecHelper - /opt/graphicsfuzz/graphicsfuzz/target/graphicsfuzz/bin/Linux/glslangValidator -E --stdin -S comp
19:46:07.926 INFO  ExecHelper - Result: 0
19:46:08.866 INFO  ReductionDriver - Starting reduction for variant_402
19:46:08.885 INFO  ExecHelper - interestingness_test /opt/reduce/rtx_4070/syn_memory_converge_atomic/variant_402.comp reduction_results/rtx_4070/syn_memory_converge_atomic/variant_402/variant_402.json
19:46:08.886 INFO  StreamGobblerLogger - stderr.env: ‘interestingness_test’: No such file or directory
19:46:08.887 INFO  ExecHelper - Result: 127
19:46:08.887 INFO  CustomFileJudge - Custom file judge result: 127
19:46:08.887 INFO  ReductionDriver - Result from initial state is not interesting (attempt 1)
19:46:08.897 INFO  ExecHelper - interestingness_test /opt/reduce/rtx_4070/syn_memory_converge_atomic/variant_402.comp reduction_results/rtx_4070/syn_memory_converge_atomic/variant_402/variant_402.json
19:46:08.898 INFO  StreamGobblerLogger - stderr.env: ‘interestingness_test’: No such file or directory
19:46:08.898 INFO  ExecHelper - Result: 127
19:46:08.899 INFO  CustomFileJudge - Custom file judge result: 127
19:46:08.899 INFO  ReductionDriver - Result from initial state is not interesting (attempt 2)
19:46:08.910 INFO  ExecHelper - interestingness_test /opt/reduce/rtx_4070/syn_memory_converge_atomic/variant_402.comp reduction_results/rtx_4070/syn_memory_converge_atomic/variant_402/variant_402.json
19:46:08.912 INFO  StreamGobblerLogger - stderr.env: ‘interestingness_test’: No such file or directory
19:46:08.912 INFO  ExecHelper - Result: 127
19:46:08.912 INFO  CustomFileJudge - Custom file judge result: 127
19:46:08.912 INFO  ReductionDriver - Result from initial state is not interesting (attempt 3)
19:46:08.921 INFO  ExecHelper - interestingness_test /opt/reduce/rtx_4070/syn_memory_converge_atomic/variant_402.comp reduction_results/rtx_4070/syn_memory_converge_atomic/variant_402/variant_402.json
19:46:08.922 INFO  StreamGobblerLogger - stderr.env: ‘interestingness_test’: No such file or directory
19:46:08.922 INFO  ExecHelper - Result: 127
19:46:08.922 INFO  CustomFileJudge - Custom file judge result: 127
19:46:08.922 INFO  ReductionDriver - Result from initial state is not interesting (attempt 4)
19:46:08.930 INFO  ExecHelper - interestingness_test /opt/reduce/rtx_4070/syn_memory_converge_atomic/variant_402.comp reduction_results/rtx_4070/syn_memory_converge_atomic/variant_402/variant_402.json
19:46:08.931 INFO  StreamGobblerLogger - stderr.env: ‘interestingness_test’: No such file or directory
19:46:08.931 INFO  ExecHelper - Result: 127
19:46:08.931 INFO  CustomFileJudge - Custom file judge result: 127
19:46:08.931 INFO  ReductionDriver - Result from initial state is not interesting (attempt 5)
19:46:08.931 INFO  ReductionDriver - Tried 5 times; stopping.
Reduction command: java -ea -cp /opt/graphicsfuzz/graphicsfuzz/target/graphicsfuzz/python/drivers/../../jar/tool-1.0.jar com.graphicsfuzz.reducer.tool.GlslReduce /opt/reduce/rtx_4070/syn_memory_converge_atomic/variant_402.json interestingness_test --output reduction_results/rtx_4070/syn_memory_converge_atomic/variant_402 /opt/reduce/rtx_4070/syn_memory_converge_atomic/variant_402.comp
