19:33:59.016 INFO  ExecHelper - /opt/graphicsfuzz/graphicsfuzz/target/graphicsfuzz/bin/Linux/glslangValidator -E --stdin -S comp
19:33:59.075 INFO  ExecHelper - Result: 0
19:34:00.520 INFO  ReductionDriver - Starting reduction for variant_542
19:34:00.668 INFO  ExecHelper - interestingness_test /opt/reduce/rtx_4070/syn_memory_converge/variant_542.comp reduction_results/rtx_4070/syn_memory_converge/variant_542/variant_542.json
19:34:00.670 INFO  StreamGobblerLogger - stderr.env: ‘interestingness_test’: No such file or directory
19:34:00.670 INFO  ExecHelper - Result: 127
19:34:00.670 INFO  CustomFileJudge - Custom file judge result: 127
19:34:00.670 INFO  ReductionDriver - Result from initial state is not interesting (attempt 1)
19:34:00.810 INFO  ExecHelper - interestingness_test /opt/reduce/rtx_4070/syn_memory_converge/variant_542.comp reduction_results/rtx_4070/syn_memory_converge/variant_542/variant_542.json
19:34:00.812 INFO  StreamGobblerLogger - stderr.env: ‘interestingness_test’: No such file or directory
19:34:00.813 INFO  ExecHelper - Result: 127
19:34:00.813 INFO  CustomFileJudge - Custom file judge result: 127
19:34:00.813 INFO  ReductionDriver - Result from initial state is not interesting (attempt 2)
19:34:00.945 INFO  ExecHelper - interestingness_test /opt/reduce/rtx_4070/syn_memory_converge/variant_542.comp reduction_results/rtx_4070/syn_memory_converge/variant_542/variant_542.json
19:34:00.947 INFO  StreamGobblerLogger - stderr.env: ‘interestingness_test’: No such file or directory
19:34:00.947 INFO  ExecHelper - Result: 127
19:34:00.948 INFO  CustomFileJudge - Custom file judge result: 127
19:34:00.948 INFO  ReductionDriver - Result from initial state is not interesting (attempt 3)
19:34:01.078 INFO  ExecHelper - interestingness_test /opt/reduce/rtx_4070/syn_memory_converge/variant_542.comp reduction_results/rtx_4070/syn_memory_converge/variant_542/variant_542.json
19:34:01.080 INFO  StreamGobblerLogger - stderr.env: ‘interestingness_test’: No such file or directory
19:34:01.080 INFO  ExecHelper - Result: 127
19:34:01.080 INFO  CustomFileJudge - Custom file judge result: 127
19:34:01.081 INFO  ReductionDriver - Result from initial state is not interesting (attempt 4)
19:34:01.210 INFO  ExecHelper - interestingness_test /opt/reduce/rtx_4070/syn_memory_converge/variant_542.comp reduction_results/rtx_4070/syn_memory_converge/variant_542/variant_542.json
19:34:01.213 INFO  StreamGobblerLogger - stderr.env: ‘interestingness_test’: No such file or directory
19:34:01.213 INFO  ExecHelper - Result: 127
19:34:01.213 INFO  CustomFileJudge - Custom file judge result: 127
19:34:01.213 INFO  ReductionDriver - Result from initial state is not interesting (attempt 5)
19:34:01.213 INFO  ReductionDriver - Tried 5 times; stopping.
Reduction command: java -ea -cp /opt/graphicsfuzz/graphicsfuzz/target/graphicsfuzz/python/drivers/../../jar/tool-1.0.jar com.graphicsfuzz.reducer.tool.GlslReduce /opt/reduce/rtx_4070/syn_memory_converge/variant_542.json interestingness_test --output reduction_results/rtx_4070/syn_memory_converge/variant_542 /opt/reduce/rtx_4070/syn_memory_converge/variant_542.comp
