18:30:36.405 INFO  ExecHelper - /opt/graphicsfuzz/graphicsfuzz/target/graphicsfuzz/bin/Linux/glslangValidator -E --stdin -S comp
18:30:36.630 INFO  ExecHelper - Result: 0
18:30:36.876 INFO  ReductionDriver - Starting reduction for variant_244
18:30:36.888 INFO  ExecHelper - interestingness_test /opt/reduce/cezanne_radeon_vega/syn_memory_converge_atomic/variant_244.comp reduction_results/cezanne_radeon_vega/syn_memory_converge_atomic/variant_244/variant_244.json
18:30:36.890 INFO  StreamGobblerLogger - stderr.env: ‘interestingness_test’: No such file or directory
18:30:36.890 INFO  ExecHelper - Result: 127
18:30:36.890 INFO  CustomFileJudge - Custom file judge result: 127
18:30:36.890 INFO  ReductionDriver - Result from initial state is not interesting (attempt 1)
18:30:36.898 INFO  ExecHelper - interestingness_test /opt/reduce/cezanne_radeon_vega/syn_memory_converge_atomic/variant_244.comp reduction_results/cezanne_radeon_vega/syn_memory_converge_atomic/variant_244/variant_244.json
18:30:36.899 INFO  StreamGobblerLogger - stderr.env: ‘interestingness_test’: No such file or directory
18:30:36.900 INFO  ExecHelper - Result: 127
18:30:36.900 INFO  CustomFileJudge - Custom file judge result: 127
18:30:36.900 INFO  ReductionDriver - Result from initial state is not interesting (attempt 2)
18:30:36.907 INFO  ExecHelper - interestingness_test /opt/reduce/cezanne_radeon_vega/syn_memory_converge_atomic/variant_244.comp reduction_results/cezanne_radeon_vega/syn_memory_converge_atomic/variant_244/variant_244.json
18:30:36.909 INFO  StreamGobblerLogger - stderr.env: ‘interestingness_test’: No such file or directory
18:30:36.909 INFO  ExecHelper - Result: 127
18:30:36.909 INFO  CustomFileJudge - Custom file judge result: 127
18:30:36.909 INFO  ReductionDriver - Result from initial state is not interesting (attempt 3)
18:30:36.913 INFO  ExecHelper - interestingness_test /opt/reduce/cezanne_radeon_vega/syn_memory_converge_atomic/variant_244.comp reduction_results/cezanne_radeon_vega/syn_memory_converge_atomic/variant_244/variant_244.json
18:30:36.914 INFO  StreamGobblerLogger - stderr.env: ‘interestingness_test’: No such file or directory
18:30:36.915 INFO  ExecHelper - Result: 127
18:30:36.915 INFO  CustomFileJudge - Custom file judge result: 127
18:30:36.915 INFO  ReductionDriver - Result from initial state is not interesting (attempt 4)
18:30:36.917 INFO  ExecHelper - interestingness_test /opt/reduce/cezanne_radeon_vega/syn_memory_converge_atomic/variant_244.comp reduction_results/cezanne_radeon_vega/syn_memory_converge_atomic/variant_244/variant_244.json
18:30:36.918 INFO  StreamGobblerLogger - stderr.env: ‘interestingness_test’: No such file or directory
18:30:36.918 INFO  ExecHelper - Result: 127
18:30:36.918 INFO  CustomFileJudge - Custom file judge result: 127
18:30:36.918 INFO  ReductionDriver - Result from initial state is not interesting (attempt 5)
18:30:36.919 INFO  ReductionDriver - Tried 5 times; stopping.
Reduction command: java -ea -cp /opt/graphicsfuzz/graphicsfuzz/target/graphicsfuzz/python/drivers/../../jar/tool-1.0.jar com.graphicsfuzz.reducer.tool.GlslReduce /opt/reduce/cezanne_radeon_vega/syn_memory_converge_atomic/variant_244.json interestingness_test --output reduction_results/cezanne_radeon_vega/syn_memory_converge_atomic/variant_244 /opt/reduce/cezanne_radeon_vega/syn_memory_converge_atomic/variant_244.comp
