19:11:27.038 INFO  ExecHelper - /opt/graphicsfuzz/graphicsfuzz/target/graphicsfuzz/bin/Linux/glslangValidator -E --stdin -S comp
19:11:27.116 INFO  ExecHelper - Result: 0
19:11:27.464 INFO  ReductionDriver - Starting reduction for variant_500
19:11:27.481 INFO  ExecHelper - interestingness_test /opt/reduce/intel_iris_xe_graphics/syn_memory_converge_atomic/variant_500.comp reduction_results/intel_iris_xe_graphics/syn_memory_converge_atomic/variant_500/variant_500.json
19:11:27.483 INFO  StreamGobblerLogger - stderr.env: ‘interestingness_test’: No such file or directory
19:11:27.483 INFO  ExecHelper - Result: 127
19:11:27.484 INFO  CustomFileJudge - Custom file judge result: 127
19:11:27.484 INFO  ReductionDriver - Result from initial state is not interesting (attempt 1)
19:11:27.498 INFO  ExecHelper - interestingness_test /opt/reduce/intel_iris_xe_graphics/syn_memory_converge_atomic/variant_500.comp reduction_results/intel_iris_xe_graphics/syn_memory_converge_atomic/variant_500/variant_500.json
19:11:27.499 INFO  StreamGobblerLogger - stderr.env: ‘interestingness_test’: No such file or directory
19:11:27.499 INFO  ExecHelper - Result: 127
19:11:27.499 INFO  CustomFileJudge - Custom file judge result: 127
19:11:27.499 INFO  ReductionDriver - Result from initial state is not interesting (attempt 2)
19:11:27.508 INFO  ExecHelper - interestingness_test /opt/reduce/intel_iris_xe_graphics/syn_memory_converge_atomic/variant_500.comp reduction_results/intel_iris_xe_graphics/syn_memory_converge_atomic/variant_500/variant_500.json
19:11:27.509 INFO  StreamGobblerLogger - stderr.env: ‘interestingness_test’: No such file or directory
19:11:27.509 INFO  ExecHelper - Result: 127
19:11:27.509 INFO  CustomFileJudge - Custom file judge result: 127
19:11:27.509 INFO  ReductionDriver - Result from initial state is not interesting (attempt 3)
19:11:27.512 INFO  ExecHelper - interestingness_test /opt/reduce/intel_iris_xe_graphics/syn_memory_converge_atomic/variant_500.comp reduction_results/intel_iris_xe_graphics/syn_memory_converge_atomic/variant_500/variant_500.json
19:11:27.513 INFO  StreamGobblerLogger - stderr.env: ‘interestingness_test’: No such file or directory
19:11:27.514 INFO  ExecHelper - Result: 127
19:11:27.514 INFO  CustomFileJudge - Custom file judge result: 127
19:11:27.514 INFO  ReductionDriver - Result from initial state is not interesting (attempt 4)
19:11:27.517 INFO  ExecHelper - interestingness_test /opt/reduce/intel_iris_xe_graphics/syn_memory_converge_atomic/variant_500.comp reduction_results/intel_iris_xe_graphics/syn_memory_converge_atomic/variant_500/variant_500.json
19:11:27.518 INFO  StreamGobblerLogger - stderr.env: ‘interestingness_test’: No such file or directory
19:11:27.518 INFO  ExecHelper - Result: 127
19:11:27.518 INFO  CustomFileJudge - Custom file judge result: 127
19:11:27.518 INFO  ReductionDriver - Result from initial state is not interesting (attempt 5)
19:11:27.518 INFO  ReductionDriver - Tried 5 times; stopping.
Reduction command: java -ea -cp /opt/graphicsfuzz/graphicsfuzz/target/graphicsfuzz/python/drivers/../../jar/tool-1.0.jar com.graphicsfuzz.reducer.tool.GlslReduce /opt/reduce/intel_iris_xe_graphics/syn_memory_converge_atomic/variant_500.json interestingness_test --output reduction_results/intel_iris_xe_graphics/syn_memory_converge_atomic/variant_500 /opt/reduce/intel_iris_xe_graphics/syn_memory_converge_atomic/variant_500.comp
