19:07:40.832 INFO  ExecHelper - /opt/graphicsfuzz/graphicsfuzz/target/graphicsfuzz/bin/Linux/glslangValidator -E --stdin -S comp
19:07:40.888 INFO  ExecHelper - Result: 0
19:07:40.946 INFO  ReductionDriver - Starting reduction for variant_246
19:07:40.950 INFO  ExecHelper - interestingness_test /opt/reduce/intel_iris_xe_graphics/syn_memory_converge_atomic/variant_246.comp reduction_results/intel_iris_xe_graphics/syn_memory_converge_atomic/variant_246/variant_246.json
19:07:40.952 INFO  StreamGobblerLogger - stderr.env: ‘interestingness_test’: No such file or directory
19:07:40.953 INFO  ExecHelper - Result: 127
19:07:40.953 INFO  CustomFileJudge - Custom file judge result: 127
19:07:40.953 INFO  ReductionDriver - Result from initial state is not interesting (attempt 1)
19:07:40.954 INFO  ExecHelper - interestingness_test /opt/reduce/intel_iris_xe_graphics/syn_memory_converge_atomic/variant_246.comp reduction_results/intel_iris_xe_graphics/syn_memory_converge_atomic/variant_246/variant_246.json
19:07:40.955 INFO  StreamGobblerLogger - stderr.env: ‘interestingness_test’: No such file or directory
19:07:40.955 INFO  ExecHelper - Result: 127
19:07:40.955 INFO  CustomFileJudge - Custom file judge result: 127
19:07:40.955 INFO  ReductionDriver - Result from initial state is not interesting (attempt 2)
19:07:40.956 INFO  ExecHelper - interestingness_test /opt/reduce/intel_iris_xe_graphics/syn_memory_converge_atomic/variant_246.comp reduction_results/intel_iris_xe_graphics/syn_memory_converge_atomic/variant_246/variant_246.json
19:07:40.958 INFO  StreamGobblerLogger - stderr.env: ‘interestingness_test’: No such file or directory
19:07:40.958 INFO  ExecHelper - Result: 127
19:07:40.958 INFO  CustomFileJudge - Custom file judge result: 127
19:07:40.958 INFO  ReductionDriver - Result from initial state is not interesting (attempt 3)
19:07:40.959 INFO  ExecHelper - interestingness_test /opt/reduce/intel_iris_xe_graphics/syn_memory_converge_atomic/variant_246.comp reduction_results/intel_iris_xe_graphics/syn_memory_converge_atomic/variant_246/variant_246.json
19:07:40.960 INFO  StreamGobblerLogger - stderr.env: ‘interestingness_test’: No such file or directory
19:07:40.961 INFO  ExecHelper - Result: 127
19:07:40.961 INFO  CustomFileJudge - Custom file judge result: 127
19:07:40.961 INFO  ReductionDriver - Result from initial state is not interesting (attempt 4)
19:07:40.961 INFO  ExecHelper - interestingness_test /opt/reduce/intel_iris_xe_graphics/syn_memory_converge_atomic/variant_246.comp reduction_results/intel_iris_xe_graphics/syn_memory_converge_atomic/variant_246/variant_246.json
19:07:40.962 INFO  StreamGobblerLogger - stderr.env: ‘interestingness_test’: No such file or directory
19:07:40.963 INFO  ExecHelper - Result: 127
19:07:40.963 INFO  CustomFileJudge - Custom file judge result: 127
19:07:40.963 INFO  ReductionDriver - Result from initial state is not interesting (attempt 5)
19:07:40.963 INFO  ReductionDriver - Tried 5 times; stopping.
Reduction command: java -ea -cp /opt/graphicsfuzz/graphicsfuzz/target/graphicsfuzz/python/drivers/../../jar/tool-1.0.jar com.graphicsfuzz.reducer.tool.GlslReduce /opt/reduce/intel_iris_xe_graphics/syn_memory_converge_atomic/variant_246.json interestingness_test --output reduction_results/intel_iris_xe_graphics/syn_memory_converge_atomic/variant_246 /opt/reduce/intel_iris_xe_graphics/syn_memory_converge_atomic/variant_246.comp
