19:02:15.338 INFO  ExecHelper - /opt/graphicsfuzz/graphicsfuzz/target/graphicsfuzz/bin/Linux/glslangValidator -E --stdin -S comp
19:02:15.401 INFO  ExecHelper - Result: 0
19:02:15.719 INFO  ReductionDriver - Starting reduction for variant_864
19:02:15.821 INFO  ExecHelper - interestingness_test /opt/reduce/intel_iris_xe_graphics/syn_memory_converge/variant_864.comp reduction_results/intel_iris_xe_graphics/syn_memory_converge/variant_864/variant_864.json
19:02:15.823 INFO  StreamGobblerLogger - stderr.env: ‘interestingness_test’: No such file or directory
19:02:15.823 INFO  ExecHelper - Result: 127
19:02:15.823 INFO  CustomFileJudge - Custom file judge result: 127
19:02:15.824 INFO  ReductionDriver - Result from initial state is not interesting (attempt 1)
19:02:15.909 INFO  ExecHelper - interestingness_test /opt/reduce/intel_iris_xe_graphics/syn_memory_converge/variant_864.comp reduction_results/intel_iris_xe_graphics/syn_memory_converge/variant_864/variant_864.json
19:02:15.911 INFO  StreamGobblerLogger - stderr.env: ‘interestingness_test’: No such file or directory
19:02:15.911 INFO  ExecHelper - Result: 127
19:02:15.911 INFO  CustomFileJudge - Custom file judge result: 127
19:02:15.911 INFO  ReductionDriver - Result from initial state is not interesting (attempt 2)
19:02:15.993 INFO  ExecHelper - interestingness_test /opt/reduce/intel_iris_xe_graphics/syn_memory_converge/variant_864.comp reduction_results/intel_iris_xe_graphics/syn_memory_converge/variant_864/variant_864.json
19:02:15.994 INFO  StreamGobblerLogger - stderr.env: ‘interestingness_test’: No such file or directory
19:02:15.995 INFO  ExecHelper - Result: 127
19:02:15.995 INFO  CustomFileJudge - Custom file judge result: 127
19:02:15.995 INFO  ReductionDriver - Result from initial state is not interesting (attempt 3)
19:02:16.075 INFO  ExecHelper - interestingness_test /opt/reduce/intel_iris_xe_graphics/syn_memory_converge/variant_864.comp reduction_results/intel_iris_xe_graphics/syn_memory_converge/variant_864/variant_864.json
19:02:16.076 INFO  StreamGobblerLogger - stderr.env: ‘interestingness_test’: No such file or directory
19:02:16.077 INFO  ExecHelper - Result: 127
19:02:16.077 INFO  CustomFileJudge - Custom file judge result: 127
19:02:16.077 INFO  ReductionDriver - Result from initial state is not interesting (attempt 4)
19:02:16.156 INFO  ExecHelper - interestingness_test /opt/reduce/intel_iris_xe_graphics/syn_memory_converge/variant_864.comp reduction_results/intel_iris_xe_graphics/syn_memory_converge/variant_864/variant_864.json
19:02:16.157 INFO  StreamGobblerLogger - stderr.env: ‘interestingness_test’: No such file or directory
19:02:16.158 INFO  ExecHelper - Result: 127
19:02:16.158 INFO  CustomFileJudge - Custom file judge result: 127
19:02:16.158 INFO  ReductionDriver - Result from initial state is not interesting (attempt 5)
19:02:16.158 INFO  ReductionDriver - Tried 5 times; stopping.
Reduction command: java -ea -cp /opt/graphicsfuzz/graphicsfuzz/target/graphicsfuzz/python/drivers/../../jar/tool-1.0.jar com.graphicsfuzz.reducer.tool.GlslReduce /opt/reduce/intel_iris_xe_graphics/syn_memory_converge/variant_864.json interestingness_test --output reduction_results/intel_iris_xe_graphics/syn_memory_converge/variant_864 /opt/reduce/intel_iris_xe_graphics/syn_memory_converge/variant_864.comp
