19:35:41.510 INFO  ExecHelper - /opt/graphicsfuzz/graphicsfuzz/target/graphicsfuzz/bin/Linux/glslangValidator -E --stdin -S comp
19:35:41.558 INFO  ExecHelper - Result: 0
19:35:41.647 INFO  ReductionDriver - Starting reduction for variant_664
19:35:41.656 INFO  ExecHelper - interestingness_test /opt/reduce/rtx_4070/syn_memory_converge/variant_664.comp reduction_results/rtx_4070/syn_memory_converge/variant_664/variant_664.json
19:35:41.658 INFO  StreamGobblerLogger - stderr.env: ‘interestingness_test’: No such file or directory
19:35:41.659 INFO  ExecHelper - Result: 127
19:35:41.659 INFO  CustomFileJudge - Custom file judge result: 127
19:35:41.659 INFO  ReductionDriver - Result from initial state is not interesting (attempt 1)
19:35:41.664 INFO  ExecHelper - interestingness_test /opt/reduce/rtx_4070/syn_memory_converge/variant_664.comp reduction_results/rtx_4070/syn_memory_converge/variant_664/variant_664.json
19:35:41.666 INFO  StreamGobblerLogger - stderr.env: ‘interestingness_test’: No such file or directory
19:35:41.666 INFO  ExecHelper - Result: 127
19:35:41.666 INFO  CustomFileJudge - Custom file judge result: 127
19:35:41.666 INFO  ReductionDriver - Result from initial state is not interesting (attempt 2)
19:35:41.671 INFO  ExecHelper - interestingness_test /opt/reduce/rtx_4070/syn_memory_converge/variant_664.comp reduction_results/rtx_4070/syn_memory_converge/variant_664/variant_664.json
19:35:41.672 INFO  StreamGobblerLogger - stderr.env: ‘interestingness_test’: No such file or directory
19:35:41.673 INFO  ExecHelper - Result: 127
19:35:41.673 INFO  CustomFileJudge - Custom file judge result: 127
19:35:41.673 INFO  ReductionDriver - Result from initial state is not interesting (attempt 3)
19:35:41.676 INFO  ExecHelper - interestingness_test /opt/reduce/rtx_4070/syn_memory_converge/variant_664.comp reduction_results/rtx_4070/syn_memory_converge/variant_664/variant_664.json
19:35:41.677 INFO  StreamGobblerLogger - stderr.env: ‘interestingness_test’: No such file or directory
19:35:41.677 INFO  ExecHelper - Result: 127
19:35:41.677 INFO  CustomFileJudge - Custom file judge result: 127
19:35:41.677 INFO  ReductionDriver - Result from initial state is not interesting (attempt 4)
19:35:41.679 INFO  ExecHelper - interestingness_test /opt/reduce/rtx_4070/syn_memory_converge/variant_664.comp reduction_results/rtx_4070/syn_memory_converge/variant_664/variant_664.json
19:35:41.680 INFO  StreamGobblerLogger - stderr.env: ‘interestingness_test’: No such file or directory
19:35:41.680 INFO  ExecHelper - Result: 127
19:35:41.680 INFO  CustomFileJudge - Custom file judge result: 127
19:35:41.681 INFO  ReductionDriver - Result from initial state is not interesting (attempt 5)
19:35:41.681 INFO  ReductionDriver - Tried 5 times; stopping.
Reduction command: java -ea -cp /opt/graphicsfuzz/graphicsfuzz/target/graphicsfuzz/python/drivers/../../jar/tool-1.0.jar com.graphicsfuzz.reducer.tool.GlslReduce /opt/reduce/rtx_4070/syn_memory_converge/variant_664.json interestingness_test --output reduction_results/rtx_4070/syn_memory_converge/variant_664 /opt/reduce/rtx_4070/syn_memory_converge/variant_664.comp
