19:41:32.019 INFO  ExecHelper - /opt/graphicsfuzz/graphicsfuzz/target/graphicsfuzz/bin/Linux/glslangValidator -E --stdin -S comp
19:41:32.078 INFO  ExecHelper - Result: 0
19:41:32.163 INFO  ReductionDriver - Starting reduction for variant_091
19:41:32.172 INFO  ExecHelper - interestingness_test /opt/reduce/rtx_4070/syn_memory_converge_atomic/variant_091.comp reduction_results/rtx_4070/syn_memory_converge_atomic/variant_091/variant_091.json
19:41:32.174 INFO  StreamGobblerLogger - stderr.env: ‘interestingness_test’: No such file or directory
19:41:32.175 INFO  ExecHelper - Result: 127
19:41:32.175 INFO  CustomFileJudge - Custom file judge result: 127
19:41:32.175 INFO  ReductionDriver - Result from initial state is not interesting (attempt 1)
19:41:32.180 INFO  ExecHelper - interestingness_test /opt/reduce/rtx_4070/syn_memory_converge_atomic/variant_091.comp reduction_results/rtx_4070/syn_memory_converge_atomic/variant_091/variant_091.json
19:41:32.181 INFO  StreamGobblerLogger - stderr.env: ‘interestingness_test’: No such file or directory
19:41:32.182 INFO  ExecHelper - Result: 127
19:41:32.182 INFO  CustomFileJudge - Custom file judge result: 127
19:41:32.182 INFO  ReductionDriver - Result from initial state is not interesting (attempt 2)
19:41:32.183 INFO  ExecHelper - interestingness_test /opt/reduce/rtx_4070/syn_memory_converge_atomic/variant_091.comp reduction_results/rtx_4070/syn_memory_converge_atomic/variant_091/variant_091.json
19:41:32.184 INFO  StreamGobblerLogger - stderr.env: ‘interestingness_test’: No such file or directory
19:41:32.185 INFO  ExecHelper - Result: 127
19:41:32.185 INFO  CustomFileJudge - Custom file judge result: 127
19:41:32.185 INFO  ReductionDriver - Result from initial state is not interesting (attempt 3)
19:41:32.187 INFO  ExecHelper - interestingness_test /opt/reduce/rtx_4070/syn_memory_converge_atomic/variant_091.comp reduction_results/rtx_4070/syn_memory_converge_atomic/variant_091/variant_091.json
19:41:32.188 INFO  StreamGobblerLogger - stderr.env: ‘interestingness_test’: No such file or directory
19:41:32.188 INFO  ExecHelper - Result: 127
19:41:32.188 INFO  CustomFileJudge - Custom file judge result: 127
19:41:32.188 INFO  ReductionDriver - Result from initial state is not interesting (attempt 4)
19:41:32.190 INFO  ExecHelper - interestingness_test /opt/reduce/rtx_4070/syn_memory_converge_atomic/variant_091.comp reduction_results/rtx_4070/syn_memory_converge_atomic/variant_091/variant_091.json
19:41:32.191 INFO  StreamGobblerLogger - stderr.env: ‘interestingness_test’: No such file or directory
19:41:32.191 INFO  ExecHelper - Result: 127
19:41:32.191 INFO  CustomFileJudge - Custom file judge result: 127
19:41:32.191 INFO  ReductionDriver - Result from initial state is not interesting (attempt 5)
19:41:32.191 INFO  ReductionDriver - Tried 5 times; stopping.
Reduction command: java -ea -cp /opt/graphicsfuzz/graphicsfuzz/target/graphicsfuzz/python/drivers/../../jar/tool-1.0.jar com.graphicsfuzz.reducer.tool.GlslReduce /opt/reduce/rtx_4070/syn_memory_converge_atomic/variant_091.json interestingness_test --output reduction_results/rtx_4070/syn_memory_converge_atomic/variant_091 /opt/reduce/rtx_4070/syn_memory_converge_atomic/variant_091.comp
