19:48:59.235 INFO  ExecHelper - /opt/graphicsfuzz/graphicsfuzz/target/graphicsfuzz/bin/Linux/glslangValidator -E --stdin -S comp
19:48:59.294 INFO  ExecHelper - Result: 0
19:48:59.722 INFO  ReductionDriver - Starting reduction for variant_597
19:48:59.844 INFO  ExecHelper - interestingness_test /opt/reduce/rtx_4070/syn_memory_converge_atomic/variant_597.comp reduction_results/rtx_4070/syn_memory_converge_atomic/variant_597/variant_597.json
19:48:59.846 INFO  StreamGobblerLogger - stderr.env: ‘interestingness_test’: No such file or directory
19:48:59.846 INFO  ExecHelper - Result: 127
19:48:59.846 INFO  CustomFileJudge - Custom file judge result: 127
19:48:59.846 INFO  ReductionDriver - Result from initial state is not interesting (attempt 1)
19:48:59.957 INFO  ExecHelper - interestingness_test /opt/reduce/rtx_4070/syn_memory_converge_atomic/variant_597.comp reduction_results/rtx_4070/syn_memory_converge_atomic/variant_597/variant_597.json
19:48:59.958 INFO  StreamGobblerLogger - stderr.env: ‘interestingness_test’: No such file or directory
19:48:59.959 INFO  ExecHelper - Result: 127
19:48:59.959 INFO  CustomFileJudge - Custom file judge result: 127
19:48:59.959 INFO  ReductionDriver - Result from initial state is not interesting (attempt 2)
19:49:00.062 INFO  ExecHelper - interestingness_test /opt/reduce/rtx_4070/syn_memory_converge_atomic/variant_597.comp reduction_results/rtx_4070/syn_memory_converge_atomic/variant_597/variant_597.json
19:49:00.063 INFO  StreamGobblerLogger - stderr.env: ‘interestingness_test’: No such file or directory
19:49:00.063 INFO  ExecHelper - Result: 127
19:49:00.063 INFO  CustomFileJudge - Custom file judge result: 127
19:49:00.063 INFO  ReductionDriver - Result from initial state is not interesting (attempt 3)
19:49:00.164 INFO  ExecHelper - interestingness_test /opt/reduce/rtx_4070/syn_memory_converge_atomic/variant_597.comp reduction_results/rtx_4070/syn_memory_converge_atomic/variant_597/variant_597.json
19:49:00.165 INFO  StreamGobblerLogger - stderr.env: ‘interestingness_test’: No such file or directory
19:49:00.166 INFO  ExecHelper - Result: 127
19:49:00.166 INFO  CustomFileJudge - Custom file judge result: 127
19:49:00.166 INFO  ReductionDriver - Result from initial state is not interesting (attempt 4)
19:49:00.264 INFO  ExecHelper - interestingness_test /opt/reduce/rtx_4070/syn_memory_converge_atomic/variant_597.comp reduction_results/rtx_4070/syn_memory_converge_atomic/variant_597/variant_597.json
19:49:00.266 INFO  StreamGobblerLogger - stderr.env: ‘interestingness_test’: No such file or directory
19:49:00.266 INFO  ExecHelper - Result: 127
19:49:00.266 INFO  CustomFileJudge - Custom file judge result: 127
19:49:00.266 INFO  ReductionDriver - Result from initial state is not interesting (attempt 5)
19:49:00.266 INFO  ReductionDriver - Tried 5 times; stopping.
Reduction command: java -ea -cp /opt/graphicsfuzz/graphicsfuzz/target/graphicsfuzz/python/drivers/../../jar/tool-1.0.jar com.graphicsfuzz.reducer.tool.GlslReduce /opt/reduce/rtx_4070/syn_memory_converge_atomic/variant_597.json interestingness_test --output reduction_results/rtx_4070/syn_memory_converge_atomic/variant_597 /opt/reduce/rtx_4070/syn_memory_converge_atomic/variant_597.comp
