19:04:31.133 INFO  ExecHelper - /opt/graphicsfuzz/graphicsfuzz/target/graphicsfuzz/bin/Linux/glslangValidator -E --stdin -S comp
19:04:31.318 INFO  ExecHelper - Result: 0
19:04:31.920 INFO  ReductionDriver - Starting reduction for variant_027
19:04:31.932 INFO  ExecHelper - interestingness_test /opt/reduce/intel_iris_xe_graphics/syn_memory_converge_atomic/variant_027.comp reduction_results/intel_iris_xe_graphics/syn_memory_converge_atomic/variant_027/variant_027.json
19:04:31.934 INFO  StreamGobblerLogger - stderr.env: ‘interestingness_test’: No such file or directory
19:04:31.934 INFO  ExecHelper - Result: 127
19:04:31.934 INFO  CustomFileJudge - Custom file judge result: 127
19:04:31.934 INFO  ReductionDriver - Result from initial state is not interesting (attempt 1)
19:04:31.938 INFO  ExecHelper - interestingness_test /opt/reduce/intel_iris_xe_graphics/syn_memory_converge_atomic/variant_027.comp reduction_results/intel_iris_xe_graphics/syn_memory_converge_atomic/variant_027/variant_027.json
19:04:31.939 INFO  StreamGobblerLogger - stderr.env: ‘interestingness_test’: No such file or directory
19:04:31.940 INFO  ExecHelper - Result: 127
19:04:31.940 INFO  CustomFileJudge - Custom file judge result: 127
19:04:31.940 INFO  ReductionDriver - Result from initial state is not interesting (attempt 2)
19:04:31.944 INFO  ExecHelper - interestingness_test /opt/reduce/intel_iris_xe_graphics/syn_memory_converge_atomic/variant_027.comp reduction_results/intel_iris_xe_graphics/syn_memory_converge_atomic/variant_027/variant_027.json
19:04:31.945 INFO  StreamGobblerLogger - stderr.env: ‘interestingness_test’: No such file or directory
19:04:31.945 INFO  ExecHelper - Result: 127
19:04:31.945 INFO  CustomFileJudge - Custom file judge result: 127
19:04:31.945 INFO  ReductionDriver - Result from initial state is not interesting (attempt 3)
19:04:31.949 INFO  ExecHelper - interestingness_test /opt/reduce/intel_iris_xe_graphics/syn_memory_converge_atomic/variant_027.comp reduction_results/intel_iris_xe_graphics/syn_memory_converge_atomic/variant_027/variant_027.json
19:04:31.950 INFO  StreamGobblerLogger - stderr.env: ‘interestingness_test’: No such file or directory
19:04:31.950 INFO  ExecHelper - Result: 127
19:04:31.950 INFO  CustomFileJudge - Custom file judge result: 127
19:04:31.950 INFO  ReductionDriver - Result from initial state is not interesting (attempt 4)
19:04:31.954 INFO  ExecHelper - interestingness_test /opt/reduce/intel_iris_xe_graphics/syn_memory_converge_atomic/variant_027.comp reduction_results/intel_iris_xe_graphics/syn_memory_converge_atomic/variant_027/variant_027.json
19:04:31.956 INFO  StreamGobblerLogger - stderr.env: ‘interestingness_test’: No such file or directory
19:04:31.957 INFO  ExecHelper - Result: 127
19:04:31.957 INFO  CustomFileJudge - Custom file judge result: 127
19:04:31.957 INFO  ReductionDriver - Result from initial state is not interesting (attempt 5)
19:04:31.957 INFO  ReductionDriver - Tried 5 times; stopping.
Reduction command: java -ea -cp /opt/graphicsfuzz/graphicsfuzz/target/graphicsfuzz/python/drivers/../../jar/tool-1.0.jar com.graphicsfuzz.reducer.tool.GlslReduce /opt/reduce/intel_iris_xe_graphics/syn_memory_converge_atomic/variant_027.json interestingness_test --output reduction_results/intel_iris_xe_graphics/syn_memory_converge_atomic/variant_027 /opt/reduce/intel_iris_xe_graphics/syn_memory_converge_atomic/variant_027.comp
