19:19:23.095 INFO  ExecHelper - /opt/graphicsfuzz/graphicsfuzz/target/graphicsfuzz/bin/Linux/glslangValidator -E --stdin -S comp
19:19:23.152 INFO  ExecHelper - Result: 0
19:19:23.851 INFO  ReductionDriver - Starting reduction for variant_266
19:19:23.945 INFO  ExecHelper - interestingness_test /opt/reduce/intel_iris_xe_graphics/syn_subgroup_op/variant_266.comp reduction_results/intel_iris_xe_graphics/syn_subgroup_op/variant_266/variant_266.json
19:19:23.947 INFO  StreamGobblerLogger - stderr.env: ‘interestingness_test’: No such file or directory
19:19:23.947 INFO  ExecHelper - Result: 127
19:19:23.947 INFO  CustomFileJudge - Custom file judge result: 127
19:19:23.947 INFO  ReductionDriver - Result from initial state is not interesting (attempt 1)
19:19:24.029 INFO  ExecHelper - interestingness_test /opt/reduce/intel_iris_xe_graphics/syn_subgroup_op/variant_266.comp reduction_results/intel_iris_xe_graphics/syn_subgroup_op/variant_266/variant_266.json
19:19:24.030 INFO  StreamGobblerLogger - stderr.env: ‘interestingness_test’: No such file or directory
19:19:24.031 INFO  ExecHelper - Result: 127
19:19:24.031 INFO  CustomFileJudge - Custom file judge result: 127
19:19:24.031 INFO  ReductionDriver - Result from initial state is not interesting (attempt 2)
19:19:24.107 INFO  ExecHelper - interestingness_test /opt/reduce/intel_iris_xe_graphics/syn_subgroup_op/variant_266.comp reduction_results/intel_iris_xe_graphics/syn_subgroup_op/variant_266/variant_266.json
19:19:24.109 INFO  StreamGobblerLogger - stderr.env: ‘interestingness_test’: No such file or directory
19:19:24.110 INFO  ExecHelper - Result: 127
19:19:24.110 INFO  CustomFileJudge - Custom file judge result: 127
19:19:24.110 INFO  ReductionDriver - Result from initial state is not interesting (attempt 3)
19:19:24.184 INFO  ExecHelper - interestingness_test /opt/reduce/intel_iris_xe_graphics/syn_subgroup_op/variant_266.comp reduction_results/intel_iris_xe_graphics/syn_subgroup_op/variant_266/variant_266.json
19:19:24.186 INFO  StreamGobblerLogger - stderr.env: ‘interestingness_test’: No such file or directory
19:19:24.186 INFO  ExecHelper - Result: 127
19:19:24.186 INFO  CustomFileJudge - Custom file judge result: 127
19:19:24.186 INFO  ReductionDriver - Result from initial state is not interesting (attempt 4)
19:19:24.261 INFO  ExecHelper - interestingness_test /opt/reduce/intel_iris_xe_graphics/syn_subgroup_op/variant_266.comp reduction_results/intel_iris_xe_graphics/syn_subgroup_op/variant_266/variant_266.json
19:19:24.262 INFO  StreamGobblerLogger - stderr.env: ‘interestingness_test’: No such file or directory
19:19:24.263 INFO  ExecHelper - Result: 127
19:19:24.264 INFO  CustomFileJudge - Custom file judge result: 127
19:19:24.264 INFO  ReductionDriver - Result from initial state is not interesting (attempt 5)
19:19:24.264 INFO  ReductionDriver - Tried 5 times; stopping.
Reduction command: java -ea -cp /opt/graphicsfuzz/graphicsfuzz/target/graphicsfuzz/python/drivers/../../jar/tool-1.0.jar com.graphicsfuzz.reducer.tool.GlslReduce /opt/reduce/intel_iris_xe_graphics/syn_subgroup_op/variant_266.json interestingness_test --output reduction_results/intel_iris_xe_graphics/syn_subgroup_op/variant_266 /opt/reduce/intel_iris_xe_graphics/syn_subgroup_op/variant_266.comp
