18:16:31.625 INFO  ExecHelper - /opt/graphicsfuzz/graphicsfuzz/target/graphicsfuzz/bin/Linux/glslangValidator -E --stdin -S comp
18:16:31.672 INFO  ExecHelper - Result: 0
18:16:31.757 INFO  ReductionDriver - Starting reduction for variant_206
18:16:31.769 INFO  ExecHelper - interestingness_test /opt/reduce/cezanne_radeon_vega/syn_memory_converge/variant_206.comp reduction_results/cezanne_radeon_vega/syn_memory_converge/variant_206/variant_206.json
18:16:31.770 INFO  StreamGobblerLogger - stderr.env: ‘interestingness_test’: No such file or directory
18:16:31.771 INFO  ExecHelper - Result: 127
18:16:31.771 INFO  CustomFileJudge - Custom file judge result: 127
18:16:31.771 INFO  ReductionDriver - Result from initial state is not interesting (attempt 1)
18:16:31.777 INFO  ExecHelper - interestingness_test /opt/reduce/cezanne_radeon_vega/syn_memory_converge/variant_206.comp reduction_results/cezanne_radeon_vega/syn_memory_converge/variant_206/variant_206.json
18:16:31.778 INFO  StreamGobblerLogger - stderr.env: ‘interestingness_test’: No such file or directory
18:16:31.779 INFO  ExecHelper - Result: 127
18:16:31.779 INFO  CustomFileJudge - Custom file judge result: 127
18:16:31.779 INFO  ReductionDriver - Result from initial state is not interesting (attempt 2)
18:16:31.783 INFO  ExecHelper - interestingness_test /opt/reduce/cezanne_radeon_vega/syn_memory_converge/variant_206.comp reduction_results/cezanne_radeon_vega/syn_memory_converge/variant_206/variant_206.json
18:16:31.785 INFO  StreamGobblerLogger - stderr.env: ‘interestingness_test’: No such file or directory
18:16:31.785 INFO  ExecHelper - Result: 127
18:16:31.785 INFO  CustomFileJudge - Custom file judge result: 127
18:16:31.785 INFO  ReductionDriver - Result from initial state is not interesting (attempt 3)
18:16:31.789 INFO  ExecHelper - interestingness_test /opt/reduce/cezanne_radeon_vega/syn_memory_converge/variant_206.comp reduction_results/cezanne_radeon_vega/syn_memory_converge/variant_206/variant_206.json
18:16:31.790 INFO  StreamGobblerLogger - stderr.env: ‘interestingness_test’: No such file or directory
18:16:31.791 INFO  ExecHelper - Result: 127
18:16:31.791 INFO  CustomFileJudge - Custom file judge result: 127
18:16:31.791 INFO  ReductionDriver - Result from initial state is not interesting (attempt 4)
18:16:31.794 INFO  ExecHelper - interestingness_test /opt/reduce/cezanne_radeon_vega/syn_memory_converge/variant_206.comp reduction_results/cezanne_radeon_vega/syn_memory_converge/variant_206/variant_206.json
18:16:31.795 INFO  StreamGobblerLogger - stderr.env: ‘interestingness_test’: No such file or directory
18:16:31.796 INFO  ExecHelper - Result: 127
18:16:31.796 INFO  CustomFileJudge - Custom file judge result: 127
18:16:31.796 INFO  ReductionDriver - Result from initial state is not interesting (attempt 5)
18:16:31.796 INFO  ReductionDriver - Tried 5 times; stopping.
Reduction command: java -ea -cp /opt/graphicsfuzz/graphicsfuzz/target/graphicsfuzz/python/drivers/../../jar/tool-1.0.jar com.graphicsfuzz.reducer.tool.GlslReduce /opt/reduce/cezanne_radeon_vega/syn_memory_converge/variant_206.json interestingness_test --output reduction_results/cezanne_radeon_vega/syn_memory_converge/variant_206 /opt/reduce/cezanne_radeon_vega/syn_memory_converge/variant_206.comp
