19:19:43.763 INFO  ExecHelper - /opt/graphicsfuzz/graphicsfuzz/target/graphicsfuzz/bin/Linux/glslangValidator -E --stdin -S comp
19:19:43.832 INFO  ExecHelper - Result: 0
19:19:44.747 INFO  ReductionDriver - Starting reduction for variant_518
19:19:44.776 INFO  ExecHelper - interestingness_test /opt/reduce/intel_iris_xe_graphics/syn_subgroup_op/variant_518.comp reduction_results/intel_iris_xe_graphics/syn_subgroup_op/variant_518/variant_518.json
19:19:44.777 INFO  StreamGobblerLogger - stderr.env: ‘interestingness_test’: No such file or directory
19:19:44.778 INFO  ExecHelper - Result: 127
19:19:44.778 INFO  CustomFileJudge - Custom file judge result: 127
19:19:44.778 INFO  ReductionDriver - Result from initial state is not interesting (attempt 1)
19:19:44.796 INFO  ExecHelper - interestingness_test /opt/reduce/intel_iris_xe_graphics/syn_subgroup_op/variant_518.comp reduction_results/intel_iris_xe_graphics/syn_subgroup_op/variant_518/variant_518.json
19:19:44.798 INFO  StreamGobblerLogger - stderr.env: ‘interestingness_test’: No such file or directory
19:19:44.798 INFO  ExecHelper - Result: 127
19:19:44.798 INFO  CustomFileJudge - Custom file judge result: 127
19:19:44.798 INFO  ReductionDriver - Result from initial state is not interesting (attempt 2)
19:19:44.814 INFO  ExecHelper - interestingness_test /opt/reduce/intel_iris_xe_graphics/syn_subgroup_op/variant_518.comp reduction_results/intel_iris_xe_graphics/syn_subgroup_op/variant_518/variant_518.json
19:19:44.816 INFO  StreamGobblerLogger - stderr.env: ‘interestingness_test’: No such file or directory
19:19:44.816 INFO  ExecHelper - Result: 127
19:19:44.816 INFO  CustomFileJudge - Custom file judge result: 127
19:19:44.816 INFO  ReductionDriver - Result from initial state is not interesting (attempt 3)
19:19:44.831 INFO  ExecHelper - interestingness_test /opt/reduce/intel_iris_xe_graphics/syn_subgroup_op/variant_518.comp reduction_results/intel_iris_xe_graphics/syn_subgroup_op/variant_518/variant_518.json
19:19:44.833 INFO  StreamGobblerLogger - stderr.env: ‘interestingness_test’: No such file or directory
19:19:44.833 INFO  ExecHelper - Result: 127
19:19:44.833 INFO  CustomFileJudge - Custom file judge result: 127
19:19:44.833 INFO  ReductionDriver - Result from initial state is not interesting (attempt 4)
19:19:44.848 INFO  ExecHelper - interestingness_test /opt/reduce/intel_iris_xe_graphics/syn_subgroup_op/variant_518.comp reduction_results/intel_iris_xe_graphics/syn_subgroup_op/variant_518/variant_518.json
19:19:44.849 INFO  StreamGobblerLogger - stderr.env: ‘interestingness_test’: No such file or directory
19:19:44.849 INFO  ExecHelper - Result: 127
19:19:44.850 INFO  CustomFileJudge - Custom file judge result: 127
19:19:44.850 INFO  ReductionDriver - Result from initial state is not interesting (attempt 5)
19:19:44.850 INFO  ReductionDriver - Tried 5 times; stopping.
Reduction command: java -ea -cp /opt/graphicsfuzz/graphicsfuzz/target/graphicsfuzz/python/drivers/../../jar/tool-1.0.jar com.graphicsfuzz.reducer.tool.GlslReduce /opt/reduce/intel_iris_xe_graphics/syn_subgroup_op/variant_518.json interestingness_test --output reduction_results/intel_iris_xe_graphics/syn_subgroup_op/variant_518 /opt/reduce/intel_iris_xe_graphics/syn_subgroup_op/variant_518.comp
