19:35:04.253 INFO  ExecHelper - /opt/graphicsfuzz/graphicsfuzz/target/graphicsfuzz/bin/Linux/glslangValidator -E --stdin -S comp
19:35:04.311 INFO  ExecHelper - Result: 0
19:35:04.708 INFO  ReductionDriver - Starting reduction for variant_616
19:35:04.847 INFO  ExecHelper - interestingness_test /opt/reduce/rtx_4070/syn_memory_converge/variant_616.comp reduction_results/rtx_4070/syn_memory_converge/variant_616/variant_616.json
19:35:04.849 INFO  StreamGobblerLogger - stderr.env: ‘interestingness_test’: No such file or directory
19:35:04.850 INFO  ExecHelper - Result: 127
19:35:04.850 INFO  CustomFileJudge - Custom file judge result: 127
19:35:04.850 INFO  ReductionDriver - Result from initial state is not interesting (attempt 1)
19:35:04.961 INFO  ExecHelper - interestingness_test /opt/reduce/rtx_4070/syn_memory_converge/variant_616.comp reduction_results/rtx_4070/syn_memory_converge/variant_616/variant_616.json
19:35:04.963 INFO  StreamGobblerLogger - stderr.env: ‘interestingness_test’: No such file or directory
19:35:04.963 INFO  ExecHelper - Result: 127
19:35:04.963 INFO  CustomFileJudge - Custom file judge result: 127
19:35:04.963 INFO  ReductionDriver - Result from initial state is not interesting (attempt 2)
19:35:05.061 INFO  ExecHelper - interestingness_test /opt/reduce/rtx_4070/syn_memory_converge/variant_616.comp reduction_results/rtx_4070/syn_memory_converge/variant_616/variant_616.json
19:35:05.062 INFO  StreamGobblerLogger - stderr.env: ‘interestingness_test’: No such file or directory
19:35:05.063 INFO  ExecHelper - Result: 127
19:35:05.063 INFO  CustomFileJudge - Custom file judge result: 127
19:35:05.063 INFO  ReductionDriver - Result from initial state is not interesting (attempt 3)
19:35:05.158 INFO  ExecHelper - interestingness_test /opt/reduce/rtx_4070/syn_memory_converge/variant_616.comp reduction_results/rtx_4070/syn_memory_converge/variant_616/variant_616.json
19:35:05.160 INFO  StreamGobblerLogger - stderr.env: ‘interestingness_test’: No such file or directory
19:35:05.161 INFO  ExecHelper - Result: 127
19:35:05.161 INFO  CustomFileJudge - Custom file judge result: 127
19:35:05.161 INFO  ReductionDriver - Result from initial state is not interesting (attempt 4)
19:35:05.256 INFO  ExecHelper - interestingness_test /opt/reduce/rtx_4070/syn_memory_converge/variant_616.comp reduction_results/rtx_4070/syn_memory_converge/variant_616/variant_616.json
19:35:05.257 INFO  StreamGobblerLogger - stderr.env: ‘interestingness_test’: No such file or directory
19:35:05.258 INFO  ExecHelper - Result: 127
19:35:05.258 INFO  CustomFileJudge - Custom file judge result: 127
19:35:05.258 INFO  ReductionDriver - Result from initial state is not interesting (attempt 5)
19:35:05.258 INFO  ReductionDriver - Tried 5 times; stopping.
Reduction command: java -ea -cp /opt/graphicsfuzz/graphicsfuzz/target/graphicsfuzz/python/drivers/../../jar/tool-1.0.jar com.graphicsfuzz.reducer.tool.GlslReduce /opt/reduce/rtx_4070/syn_memory_converge/variant_616.json interestingness_test --output reduction_results/rtx_4070/syn_memory_converge/variant_616 /opt/reduce/rtx_4070/syn_memory_converge/variant_616.comp
