18:34:20.609 INFO  ExecHelper - /opt/graphicsfuzz/graphicsfuzz/target/graphicsfuzz/bin/Linux/glslangValidator -E --stdin -S comp
18:34:20.656 INFO  ExecHelper - Result: 0
18:34:20.712 INFO  ReductionDriver - Starting reduction for variant_512
18:34:20.717 INFO  ExecHelper - interestingness_test /opt/reduce/cezanne_radeon_vega/syn_memory_converge_atomic/variant_512.comp reduction_results/cezanne_radeon_vega/syn_memory_converge_atomic/variant_512/variant_512.json
18:34:20.718 INFO  StreamGobblerLogger - stderr.env: ‘interestingness_test’: No such file or directory
18:34:20.719 INFO  ExecHelper - Result: 127
18:34:20.719 INFO  CustomFileJudge - Custom file judge result: 127
18:34:20.719 INFO  ReductionDriver - Result from initial state is not interesting (attempt 1)
18:34:20.720 INFO  ExecHelper - interestingness_test /opt/reduce/cezanne_radeon_vega/syn_memory_converge_atomic/variant_512.comp reduction_results/cezanne_radeon_vega/syn_memory_converge_atomic/variant_512/variant_512.json
18:34:20.720 INFO  StreamGobblerLogger - stderr.env: ‘interestingness_test’: No such file or directory
18:34:20.721 INFO  ExecHelper - Result: 127
18:34:20.721 INFO  CustomFileJudge - Custom file judge result: 127
18:34:20.721 INFO  ReductionDriver - Result from initial state is not interesting (attempt 2)
18:34:20.722 INFO  ExecHelper - interestingness_test /opt/reduce/cezanne_radeon_vega/syn_memory_converge_atomic/variant_512.comp reduction_results/cezanne_radeon_vega/syn_memory_converge_atomic/variant_512/variant_512.json
18:34:20.723 INFO  StreamGobblerLogger - stderr.env: ‘interestingness_test’: No such file or directory
18:34:20.723 INFO  ExecHelper - Result: 127
18:34:20.723 INFO  CustomFileJudge - Custom file judge result: 127
18:34:20.723 INFO  ReductionDriver - Result from initial state is not interesting (attempt 3)
18:34:20.725 INFO  ExecHelper - interestingness_test /opt/reduce/cezanne_radeon_vega/syn_memory_converge_atomic/variant_512.comp reduction_results/cezanne_radeon_vega/syn_memory_converge_atomic/variant_512/variant_512.json
18:34:20.726 INFO  StreamGobblerLogger - stderr.env: ‘interestingness_test’: No such file or directory
18:34:20.726 INFO  ExecHelper - Result: 127
18:34:20.726 INFO  CustomFileJudge - Custom file judge result: 127
18:34:20.726 INFO  ReductionDriver - Result from initial state is not interesting (attempt 4)
18:34:20.727 INFO  ExecHelper - interestingness_test /opt/reduce/cezanne_radeon_vega/syn_memory_converge_atomic/variant_512.comp reduction_results/cezanne_radeon_vega/syn_memory_converge_atomic/variant_512/variant_512.json
18:34:20.728 INFO  StreamGobblerLogger - stderr.env: ‘interestingness_test’: No such file or directory
18:34:20.728 INFO  ExecHelper - Result: 127
18:34:20.728 INFO  CustomFileJudge - Custom file judge result: 127
18:34:20.728 INFO  ReductionDriver - Result from initial state is not interesting (attempt 5)
18:34:20.729 INFO  ReductionDriver - Tried 5 times; stopping.
Reduction command: java -ea -cp /opt/graphicsfuzz/graphicsfuzz/target/graphicsfuzz/python/drivers/../../jar/tool-1.0.jar com.graphicsfuzz.reducer.tool.GlslReduce /opt/reduce/cezanne_radeon_vega/syn_memory_converge_atomic/variant_512.json interestingness_test --output reduction_results/cezanne_radeon_vega/syn_memory_converge_atomic/variant_512 /opt/reduce/cezanne_radeon_vega/syn_memory_converge_atomic/variant_512.comp
