18:54:44.185 INFO  ExecHelper - /opt/graphicsfuzz/graphicsfuzz/target/graphicsfuzz/bin/Linux/glslangValidator -E --stdin -S comp
18:54:44.261 INFO  ExecHelper - Result: 0
18:54:44.606 INFO  ReductionDriver - Starting reduction for variant_330
18:54:44.621 INFO  ExecHelper - interestingness_test /opt/reduce/intel_iris_xe_graphics/syn_memory_converge/variant_330.comp reduction_results/intel_iris_xe_graphics/syn_memory_converge/variant_330/variant_330.json
18:54:44.622 INFO  StreamGobblerLogger - stderr.env: ‘interestingness_test’: No such file or directory
18:54:44.622 INFO  ExecHelper - Result: 127
18:54:44.622 INFO  CustomFileJudge - Custom file judge result: 127
18:54:44.623 INFO  ReductionDriver - Result from initial state is not interesting (attempt 1)
18:54:44.627 INFO  ExecHelper - interestingness_test /opt/reduce/intel_iris_xe_graphics/syn_memory_converge/variant_330.comp reduction_results/intel_iris_xe_graphics/syn_memory_converge/variant_330/variant_330.json
18:54:44.628 INFO  StreamGobblerLogger - stderr.env: ‘interestingness_test’: No such file or directory
18:54:44.628 INFO  ExecHelper - Result: 127
18:54:44.628 INFO  CustomFileJudge - Custom file judge result: 127
18:54:44.628 INFO  ReductionDriver - Result from initial state is not interesting (attempt 2)
18:54:44.632 INFO  ExecHelper - interestingness_test /opt/reduce/intel_iris_xe_graphics/syn_memory_converge/variant_330.comp reduction_results/intel_iris_xe_graphics/syn_memory_converge/variant_330/variant_330.json
18:54:44.633 INFO  StreamGobblerLogger - stderr.env: ‘interestingness_test’: No such file or directory
18:54:44.634 INFO  ExecHelper - Result: 127
18:54:44.634 INFO  CustomFileJudge - Custom file judge result: 127
18:54:44.634 INFO  ReductionDriver - Result from initial state is not interesting (attempt 3)
18:54:44.638 INFO  ExecHelper - interestingness_test /opt/reduce/intel_iris_xe_graphics/syn_memory_converge/variant_330.comp reduction_results/intel_iris_xe_graphics/syn_memory_converge/variant_330/variant_330.json
18:54:44.639 INFO  StreamGobblerLogger - stderr.env: ‘interestingness_test’: No such file or directory
18:54:44.640 INFO  ExecHelper - Result: 127
18:54:44.640 INFO  CustomFileJudge - Custom file judge result: 127
18:54:44.640 INFO  ReductionDriver - Result from initial state is not interesting (attempt 4)
18:54:44.643 INFO  ExecHelper - interestingness_test /opt/reduce/intel_iris_xe_graphics/syn_memory_converge/variant_330.comp reduction_results/intel_iris_xe_graphics/syn_memory_converge/variant_330/variant_330.json
18:54:44.644 INFO  StreamGobblerLogger - stderr.env: ‘interestingness_test’: No such file or directory
18:54:44.644 INFO  ExecHelper - Result: 127
18:54:44.645 INFO  CustomFileJudge - Custom file judge result: 127
18:54:44.645 INFO  ReductionDriver - Result from initial state is not interesting (attempt 5)
18:54:44.645 INFO  ReductionDriver - Tried 5 times; stopping.
Reduction command: java -ea -cp /opt/graphicsfuzz/graphicsfuzz/target/graphicsfuzz/python/drivers/../../jar/tool-1.0.jar com.graphicsfuzz.reducer.tool.GlslReduce /opt/reduce/intel_iris_xe_graphics/syn_memory_converge/variant_330.json interestingness_test --output reduction_results/intel_iris_xe_graphics/syn_memory_converge/variant_330 /opt/reduce/intel_iris_xe_graphics/syn_memory_converge/variant_330.comp
