19:33:46.332 INFO  ExecHelper - /opt/graphicsfuzz/graphicsfuzz/target/graphicsfuzz/bin/Linux/glslangValidator -E --stdin -S comp
19:33:46.394 INFO  ExecHelper - Result: 0
19:33:46.835 INFO  ReductionDriver - Starting reduction for variant_526
19:33:46.990 INFO  ExecHelper - interestingness_test /opt/reduce/rtx_4070/syn_memory_converge/variant_526.comp reduction_results/rtx_4070/syn_memory_converge/variant_526/variant_526.json
19:33:46.993 INFO  StreamGobblerLogger - stderr.env: ‘interestingness_test’: No such file or directory
19:33:46.994 INFO  ExecHelper - Result: 127
19:33:46.994 INFO  CustomFileJudge - Custom file judge result: 127
19:33:46.994 INFO  ReductionDriver - Result from initial state is not interesting (attempt 1)
19:33:47.128 INFO  ExecHelper - interestingness_test /opt/reduce/rtx_4070/syn_memory_converge/variant_526.comp reduction_results/rtx_4070/syn_memory_converge/variant_526/variant_526.json
19:33:47.130 INFO  StreamGobblerLogger - stderr.env: ‘interestingness_test’: No such file or directory
19:33:47.131 INFO  ExecHelper - Result: 127
19:33:47.131 INFO  CustomFileJudge - Custom file judge result: 127
19:33:47.131 INFO  ReductionDriver - Result from initial state is not interesting (attempt 2)
19:33:47.256 INFO  ExecHelper - interestingness_test /opt/reduce/rtx_4070/syn_memory_converge/variant_526.comp reduction_results/rtx_4070/syn_memory_converge/variant_526/variant_526.json
19:33:47.258 INFO  StreamGobblerLogger - stderr.env: ‘interestingness_test’: No such file or directory
19:33:47.258 INFO  ExecHelper - Result: 127
19:33:47.258 INFO  CustomFileJudge - Custom file judge result: 127
19:33:47.258 INFO  ReductionDriver - Result from initial state is not interesting (attempt 3)
19:33:47.378 INFO  ExecHelper - interestingness_test /opt/reduce/rtx_4070/syn_memory_converge/variant_526.comp reduction_results/rtx_4070/syn_memory_converge/variant_526/variant_526.json
19:33:47.380 INFO  StreamGobblerLogger - stderr.env: ‘interestingness_test’: No such file or directory
19:33:47.380 INFO  ExecHelper - Result: 127
19:33:47.380 INFO  CustomFileJudge - Custom file judge result: 127
19:33:47.380 INFO  ReductionDriver - Result from initial state is not interesting (attempt 4)
19:33:47.499 INFO  ExecHelper - interestingness_test /opt/reduce/rtx_4070/syn_memory_converge/variant_526.comp reduction_results/rtx_4070/syn_memory_converge/variant_526/variant_526.json
19:33:47.501 INFO  StreamGobblerLogger - stderr.env: ‘interestingness_test’: No such file or directory
19:33:47.502 INFO  ExecHelper - Result: 127
19:33:47.502 INFO  CustomFileJudge - Custom file judge result: 127
19:33:47.502 INFO  ReductionDriver - Result from initial state is not interesting (attempt 5)
19:33:47.502 INFO  ReductionDriver - Tried 5 times; stopping.
Reduction command: java -ea -cp /opt/graphicsfuzz/graphicsfuzz/target/graphicsfuzz/python/drivers/../../jar/tool-1.0.jar com.graphicsfuzz.reducer.tool.GlslReduce /opt/reduce/rtx_4070/syn_memory_converge/variant_526.json interestingness_test --output reduction_results/rtx_4070/syn_memory_converge/variant_526 /opt/reduce/rtx_4070/syn_memory_converge/variant_526.comp
