19:29:08.306 INFO  ExecHelper - /opt/graphicsfuzz/graphicsfuzz/target/graphicsfuzz/bin/Linux/glslangValidator -E --stdin -S comp
19:29:08.356 INFO  ExecHelper - Result: 0
19:29:08.456 INFO  ReductionDriver - Starting reduction for variant_221
19:29:08.467 INFO  ExecHelper - interestingness_test /opt/reduce/rtx_4070/syn_memory_converge/variant_221.comp reduction_results/rtx_4070/syn_memory_converge/variant_221/variant_221.json
19:29:08.469 INFO  StreamGobblerLogger - stderr.env: ‘interestingness_test’: No such file or directory
19:29:08.470 INFO  ExecHelper - Result: 127
19:29:08.470 INFO  CustomFileJudge - Custom file judge result: 127
19:29:08.470 INFO  ReductionDriver - Result from initial state is not interesting (attempt 1)
19:29:08.476 INFO  ExecHelper - interestingness_test /opt/reduce/rtx_4070/syn_memory_converge/variant_221.comp reduction_results/rtx_4070/syn_memory_converge/variant_221/variant_221.json
19:29:08.477 INFO  StreamGobblerLogger - stderr.env: ‘interestingness_test’: No such file or directory
19:29:08.477 INFO  ExecHelper - Result: 127
19:29:08.478 INFO  CustomFileJudge - Custom file judge result: 127
19:29:08.478 INFO  ReductionDriver - Result from initial state is not interesting (attempt 2)
19:29:08.481 INFO  ExecHelper - interestingness_test /opt/reduce/rtx_4070/syn_memory_converge/variant_221.comp reduction_results/rtx_4070/syn_memory_converge/variant_221/variant_221.json
19:29:08.482 INFO  StreamGobblerLogger - stderr.env: ‘interestingness_test’: No such file or directory
19:29:08.483 INFO  ExecHelper - Result: 127
19:29:08.483 INFO  CustomFileJudge - Custom file judge result: 127
19:29:08.483 INFO  ReductionDriver - Result from initial state is not interesting (attempt 3)
19:29:08.485 INFO  ExecHelper - interestingness_test /opt/reduce/rtx_4070/syn_memory_converge/variant_221.comp reduction_results/rtx_4070/syn_memory_converge/variant_221/variant_221.json
19:29:08.486 INFO  StreamGobblerLogger - stderr.env: ‘interestingness_test’: No such file or directory
19:29:08.486 INFO  ExecHelper - Result: 127
19:29:08.486 INFO  CustomFileJudge - Custom file judge result: 127
19:29:08.486 INFO  ReductionDriver - Result from initial state is not interesting (attempt 4)
19:29:08.488 INFO  ExecHelper - interestingness_test /opt/reduce/rtx_4070/syn_memory_converge/variant_221.comp reduction_results/rtx_4070/syn_memory_converge/variant_221/variant_221.json
19:29:08.489 INFO  StreamGobblerLogger - stderr.env: ‘interestingness_test’: No such file or directory
19:29:08.489 INFO  ExecHelper - Result: 127
19:29:08.489 INFO  CustomFileJudge - Custom file judge result: 127
19:29:08.490 INFO  ReductionDriver - Result from initial state is not interesting (attempt 5)
19:29:08.490 INFO  ReductionDriver - Tried 5 times; stopping.
Reduction command: java -ea -cp /opt/graphicsfuzz/graphicsfuzz/target/graphicsfuzz/python/drivers/../../jar/tool-1.0.jar com.graphicsfuzz.reducer.tool.GlslReduce /opt/reduce/rtx_4070/syn_memory_converge/variant_221.json interestingness_test --output reduction_results/rtx_4070/syn_memory_converge/variant_221 /opt/reduce/rtx_4070/syn_memory_converge/variant_221.comp
