19:48:51.471 INFO  ExecHelper - /opt/graphicsfuzz/graphicsfuzz/target/graphicsfuzz/bin/Linux/glslangValidator -E --stdin -S comp
19:48:51.518 INFO  ExecHelper - Result: 0
19:48:51.602 INFO  ReductionDriver - Starting reduction for variant_587
19:48:51.612 INFO  ExecHelper - interestingness_test /opt/reduce/rtx_4070/syn_memory_converge_atomic/variant_587.comp reduction_results/rtx_4070/syn_memory_converge_atomic/variant_587/variant_587.json
19:48:51.614 INFO  StreamGobblerLogger - stderr.env: ‘interestingness_test’: No such file or directory
19:48:51.614 INFO  ExecHelper - Result: 127
19:48:51.614 INFO  CustomFileJudge - Custom file judge result: 127
19:48:51.615 INFO  ReductionDriver - Result from initial state is not interesting (attempt 1)
19:48:51.617 INFO  ExecHelper - interestingness_test /opt/reduce/rtx_4070/syn_memory_converge_atomic/variant_587.comp reduction_results/rtx_4070/syn_memory_converge_atomic/variant_587/variant_587.json
19:48:51.618 INFO  StreamGobblerLogger - stderr.env: ‘interestingness_test’: No such file or directory
19:48:51.619 INFO  ExecHelper - Result: 127
19:48:51.619 INFO  CustomFileJudge - Custom file judge result: 127
19:48:51.619 INFO  ReductionDriver - Result from initial state is not interesting (attempt 2)
19:48:51.621 INFO  ExecHelper - interestingness_test /opt/reduce/rtx_4070/syn_memory_converge_atomic/variant_587.comp reduction_results/rtx_4070/syn_memory_converge_atomic/variant_587/variant_587.json
19:48:51.622 INFO  StreamGobblerLogger - stderr.env: ‘interestingness_test’: No such file or directory
19:48:51.622 INFO  ExecHelper - Result: 127
19:48:51.622 INFO  CustomFileJudge - Custom file judge result: 127
19:48:51.622 INFO  ReductionDriver - Result from initial state is not interesting (attempt 3)
19:48:51.624 INFO  ExecHelper - interestingness_test /opt/reduce/rtx_4070/syn_memory_converge_atomic/variant_587.comp reduction_results/rtx_4070/syn_memory_converge_atomic/variant_587/variant_587.json
19:48:51.625 INFO  StreamGobblerLogger - stderr.env: ‘interestingness_test’: No such file or directory
19:48:51.626 INFO  ExecHelper - Result: 127
19:48:51.626 INFO  CustomFileJudge - Custom file judge result: 127
19:48:51.626 INFO  ReductionDriver - Result from initial state is not interesting (attempt 4)
19:48:51.627 INFO  ExecHelper - interestingness_test /opt/reduce/rtx_4070/syn_memory_converge_atomic/variant_587.comp reduction_results/rtx_4070/syn_memory_converge_atomic/variant_587/variant_587.json
19:48:51.629 INFO  StreamGobblerLogger - stderr.env: ‘interestingness_test’: No such file or directory
19:48:51.629 INFO  ExecHelper - Result: 127
19:48:51.629 INFO  CustomFileJudge - Custom file judge result: 127
19:48:51.629 INFO  ReductionDriver - Result from initial state is not interesting (attempt 5)
19:48:51.629 INFO  ReductionDriver - Tried 5 times; stopping.
Reduction command: java -ea -cp /opt/graphicsfuzz/graphicsfuzz/target/graphicsfuzz/python/drivers/../../jar/tool-1.0.jar com.graphicsfuzz.reducer.tool.GlslReduce /opt/reduce/rtx_4070/syn_memory_converge_atomic/variant_587.json interestingness_test --output reduction_results/rtx_4070/syn_memory_converge_atomic/variant_587 /opt/reduce/rtx_4070/syn_memory_converge_atomic/variant_587.comp
