18:41:55.734 INFO  ExecHelper - /opt/graphicsfuzz/graphicsfuzz/target/graphicsfuzz/bin/Linux/glslangValidator -E --stdin -S comp
18:41:55.806 INFO  ExecHelper - Result: 0
18:41:56.047 INFO  ReductionDriver - Starting reduction for variant_698
18:41:56.068 INFO  ExecHelper - interestingness_test /opt/reduce/cezanne_radeon_vega/syn_subgroup_op/variant_698.comp reduction_results/cezanne_radeon_vega/syn_subgroup_op/variant_698/variant_698.json
18:41:56.070 INFO  StreamGobblerLogger - stderr.env: ‘interestingness_test’: No such file or directory
18:41:56.071 INFO  ExecHelper - Result: 127
18:41:56.071 INFO  CustomFileJudge - Custom file judge result: 127
18:41:56.071 INFO  ReductionDriver - Result from initial state is not interesting (attempt 1)
18:41:56.077 INFO  ExecHelper - interestingness_test /opt/reduce/cezanne_radeon_vega/syn_subgroup_op/variant_698.comp reduction_results/cezanne_radeon_vega/syn_subgroup_op/variant_698/variant_698.json
18:41:56.078 INFO  StreamGobblerLogger - stderr.env: ‘interestingness_test’: No such file or directory
18:41:56.078 INFO  ExecHelper - Result: 127
18:41:56.079 INFO  CustomFileJudge - Custom file judge result: 127
18:41:56.079 INFO  ReductionDriver - Result from initial state is not interesting (attempt 2)
18:41:56.084 INFO  ExecHelper - interestingness_test /opt/reduce/cezanne_radeon_vega/syn_subgroup_op/variant_698.comp reduction_results/cezanne_radeon_vega/syn_subgroup_op/variant_698/variant_698.json
18:41:56.086 INFO  StreamGobblerLogger - stderr.env: ‘interestingness_test’: No such file or directory
18:41:56.086 INFO  ExecHelper - Result: 127
18:41:56.086 INFO  CustomFileJudge - Custom file judge result: 127
18:41:56.086 INFO  ReductionDriver - Result from initial state is not interesting (attempt 3)
18:41:56.092 INFO  ExecHelper - interestingness_test /opt/reduce/cezanne_radeon_vega/syn_subgroup_op/variant_698.comp reduction_results/cezanne_radeon_vega/syn_subgroup_op/variant_698/variant_698.json
18:41:56.093 INFO  StreamGobblerLogger - stderr.env: ‘interestingness_test’: No such file or directory
18:41:56.094 INFO  ExecHelper - Result: 127
18:41:56.094 INFO  CustomFileJudge - Custom file judge result: 127
18:41:56.094 INFO  ReductionDriver - Result from initial state is not interesting (attempt 4)
18:41:56.099 INFO  ExecHelper - interestingness_test /opt/reduce/cezanne_radeon_vega/syn_subgroup_op/variant_698.comp reduction_results/cezanne_radeon_vega/syn_subgroup_op/variant_698/variant_698.json
18:41:56.100 INFO  StreamGobblerLogger - stderr.env: ‘interestingness_test’: No such file or directory
18:41:56.101 INFO  ExecHelper - Result: 127
18:41:56.101 INFO  CustomFileJudge - Custom file judge result: 127
18:41:56.101 INFO  ReductionDriver - Result from initial state is not interesting (attempt 5)
18:41:56.101 INFO  ReductionDriver - Tried 5 times; stopping.
Reduction command: java -ea -cp /opt/graphicsfuzz/graphicsfuzz/target/graphicsfuzz/python/drivers/../../jar/tool-1.0.jar com.graphicsfuzz.reducer.tool.GlslReduce /opt/reduce/cezanne_radeon_vega/syn_subgroup_op/variant_698.json interestingness_test --output reduction_results/cezanne_radeon_vega/syn_subgroup_op/variant_698 /opt/reduce/cezanne_radeon_vega/syn_subgroup_op/variant_698.comp
