19:30:22.861 INFO  ExecHelper - /opt/graphicsfuzz/graphicsfuzz/target/graphicsfuzz/bin/Linux/glslangValidator -E --stdin -S comp
19:30:22.920 INFO  ExecHelper - Result: 0
19:30:23.292 INFO  ReductionDriver - Starting reduction for variant_299
19:30:23.449 INFO  ExecHelper - interestingness_test /opt/reduce/rtx_4070/syn_memory_converge/variant_299.comp reduction_results/rtx_4070/syn_memory_converge/variant_299/variant_299.json
19:30:23.451 INFO  StreamGobblerLogger - stderr.env: ‘interestingness_test’: No such file or directory
19:30:23.451 INFO  ExecHelper - Result: 127
19:30:23.452 INFO  CustomFileJudge - Custom file judge result: 127
19:30:23.452 INFO  ReductionDriver - Result from initial state is not interesting (attempt 1)
19:30:23.590 INFO  ExecHelper - interestingness_test /opt/reduce/rtx_4070/syn_memory_converge/variant_299.comp reduction_results/rtx_4070/syn_memory_converge/variant_299/variant_299.json
19:30:23.592 INFO  StreamGobblerLogger - stderr.env: ‘interestingness_test’: No such file or directory
19:30:23.592 INFO  ExecHelper - Result: 127
19:30:23.592 INFO  CustomFileJudge - Custom file judge result: 127
19:30:23.592 INFO  ReductionDriver - Result from initial state is not interesting (attempt 2)
19:30:23.720 INFO  ExecHelper - interestingness_test /opt/reduce/rtx_4070/syn_memory_converge/variant_299.comp reduction_results/rtx_4070/syn_memory_converge/variant_299/variant_299.json
19:30:23.721 INFO  StreamGobblerLogger - stderr.env: ‘interestingness_test’: No such file or directory
19:30:23.722 INFO  ExecHelper - Result: 127
19:30:23.722 INFO  CustomFileJudge - Custom file judge result: 127
19:30:23.722 INFO  ReductionDriver - Result from initial state is not interesting (attempt 3)
19:30:23.847 INFO  ExecHelper - interestingness_test /opt/reduce/rtx_4070/syn_memory_converge/variant_299.comp reduction_results/rtx_4070/syn_memory_converge/variant_299/variant_299.json
19:30:23.848 INFO  StreamGobblerLogger - stderr.env: ‘interestingness_test’: No such file or directory
19:30:23.848 INFO  ExecHelper - Result: 127
19:30:23.849 INFO  CustomFileJudge - Custom file judge result: 127
19:30:23.849 INFO  ReductionDriver - Result from initial state is not interesting (attempt 4)
19:30:23.973 INFO  ExecHelper - interestingness_test /opt/reduce/rtx_4070/syn_memory_converge/variant_299.comp reduction_results/rtx_4070/syn_memory_converge/variant_299/variant_299.json
19:30:23.975 INFO  StreamGobblerLogger - stderr.env: ‘interestingness_test’: No such file or directory
19:30:23.975 INFO  ExecHelper - Result: 127
19:30:23.975 INFO  CustomFileJudge - Custom file judge result: 127
19:30:23.975 INFO  ReductionDriver - Result from initial state is not interesting (attempt 5)
19:30:23.976 INFO  ReductionDriver - Tried 5 times; stopping.
Reduction command: java -ea -cp /opt/graphicsfuzz/graphicsfuzz/target/graphicsfuzz/python/drivers/../../jar/tool-1.0.jar com.graphicsfuzz.reducer.tool.GlslReduce /opt/reduce/rtx_4070/syn_memory_converge/variant_299.json interestingness_test --output reduction_results/rtx_4070/syn_memory_converge/variant_299 /opt/reduce/rtx_4070/syn_memory_converge/variant_299.comp
