19:25:07.867 INFO  ExecHelper - /opt/graphicsfuzz/graphicsfuzz/target/graphicsfuzz/bin/Linux/glslangValidator -E --stdin -S comp
19:25:08.012 INFO  ExecHelper - Result: 0
19:25:08.710 INFO  ReductionDriver - Starting reduction for variant_635
19:25:08.727 INFO  ExecHelper - interestingness_test /opt/reduce/rtx_4070/syn_lock_step/variant_635.comp reduction_results/rtx_4070/syn_lock_step/variant_635/variant_635.json
19:25:08.728 INFO  StreamGobblerLogger - stderr.env: ‘interestingness_test’: No such file or directory
19:25:08.728 INFO  ExecHelper - Result: 127
19:25:08.728 INFO  CustomFileJudge - Custom file judge result: 127
19:25:08.729 INFO  ReductionDriver - Result from initial state is not interesting (attempt 1)
19:25:08.735 INFO  ExecHelper - interestingness_test /opt/reduce/rtx_4070/syn_lock_step/variant_635.comp reduction_results/rtx_4070/syn_lock_step/variant_635/variant_635.json
19:25:08.736 INFO  StreamGobblerLogger - stderr.env: ‘interestingness_test’: No such file or directory
19:25:08.737 INFO  ExecHelper - Result: 127
19:25:08.737 INFO  CustomFileJudge - Custom file judge result: 127
19:25:08.737 INFO  ReductionDriver - Result from initial state is not interesting (attempt 2)
19:25:08.742 INFO  ExecHelper - interestingness_test /opt/reduce/rtx_4070/syn_lock_step/variant_635.comp reduction_results/rtx_4070/syn_lock_step/variant_635/variant_635.json
19:25:08.744 INFO  StreamGobblerLogger - stderr.env: ‘interestingness_test’: No such file or directory
19:25:08.744 INFO  ExecHelper - Result: 127
19:25:08.744 INFO  CustomFileJudge - Custom file judge result: 127
19:25:08.744 INFO  ReductionDriver - Result from initial state is not interesting (attempt 3)
19:25:08.749 INFO  ExecHelper - interestingness_test /opt/reduce/rtx_4070/syn_lock_step/variant_635.comp reduction_results/rtx_4070/syn_lock_step/variant_635/variant_635.json
19:25:08.750 INFO  StreamGobblerLogger - stderr.env: ‘interestingness_test’: No such file or directory
19:25:08.751 INFO  ExecHelper - Result: 127
19:25:08.751 INFO  CustomFileJudge - Custom file judge result: 127
19:25:08.751 INFO  ReductionDriver - Result from initial state is not interesting (attempt 4)
19:25:08.755 INFO  ExecHelper - interestingness_test /opt/reduce/rtx_4070/syn_lock_step/variant_635.comp reduction_results/rtx_4070/syn_lock_step/variant_635/variant_635.json
19:25:08.756 INFO  StreamGobblerLogger - stderr.env: ‘interestingness_test’: No such file or directory
19:25:08.757 INFO  ExecHelper - Result: 127
19:25:08.757 INFO  CustomFileJudge - Custom file judge result: 127
19:25:08.757 INFO  ReductionDriver - Result from initial state is not interesting (attempt 5)
19:25:08.757 INFO  ReductionDriver - Tried 5 times; stopping.
Reduction command: java -ea -cp /opt/graphicsfuzz/graphicsfuzz/target/graphicsfuzz/python/drivers/../../jar/tool-1.0.jar com.graphicsfuzz.reducer.tool.GlslReduce /opt/reduce/rtx_4070/syn_lock_step/variant_635.json interestingness_test --output reduction_results/rtx_4070/syn_lock_step/variant_635 /opt/reduce/rtx_4070/syn_lock_step/variant_635.comp
