19:02:52.605 INFO  ExecHelper - /opt/graphicsfuzz/graphicsfuzz/target/graphicsfuzz/bin/Linux/glslangValidator -E --stdin -S comp
19:02:52.661 INFO  ExecHelper - Result: 0
19:02:52.944 INFO  ReductionDriver - Starting reduction for variant_912
19:02:53.035 INFO  ExecHelper - interestingness_test /opt/reduce/intel_iris_xe_graphics/syn_memory_converge/variant_912.comp reduction_results/intel_iris_xe_graphics/syn_memory_converge/variant_912/variant_912.json
19:02:53.037 INFO  StreamGobblerLogger - stderr.env: ‘interestingness_test’: No such file or directory
19:02:53.038 INFO  ExecHelper - Result: 127
19:02:53.038 INFO  CustomFileJudge - Custom file judge result: 127
19:02:53.038 INFO  ReductionDriver - Result from initial state is not interesting (attempt 1)
19:02:53.119 INFO  ExecHelper - interestingness_test /opt/reduce/intel_iris_xe_graphics/syn_memory_converge/variant_912.comp reduction_results/intel_iris_xe_graphics/syn_memory_converge/variant_912/variant_912.json
19:02:53.120 INFO  StreamGobblerLogger - stderr.env: ‘interestingness_test’: No such file or directory
19:02:53.121 INFO  ExecHelper - Result: 127
19:02:53.121 INFO  CustomFileJudge - Custom file judge result: 127
19:02:53.121 INFO  ReductionDriver - Result from initial state is not interesting (attempt 2)
19:02:53.201 INFO  ExecHelper - interestingness_test /opt/reduce/intel_iris_xe_graphics/syn_memory_converge/variant_912.comp reduction_results/intel_iris_xe_graphics/syn_memory_converge/variant_912/variant_912.json
19:02:53.202 INFO  StreamGobblerLogger - stderr.env: ‘interestingness_test’: No such file or directory
19:02:53.203 INFO  ExecHelper - Result: 127
19:02:53.203 INFO  CustomFileJudge - Custom file judge result: 127
19:02:53.203 INFO  ReductionDriver - Result from initial state is not interesting (attempt 3)
19:02:53.278 INFO  ExecHelper - interestingness_test /opt/reduce/intel_iris_xe_graphics/syn_memory_converge/variant_912.comp reduction_results/intel_iris_xe_graphics/syn_memory_converge/variant_912/variant_912.json
19:02:53.279 INFO  StreamGobblerLogger - stderr.env: ‘interestingness_test’: No such file or directory
19:02:53.280 INFO  ExecHelper - Result: 127
19:02:53.280 INFO  CustomFileJudge - Custom file judge result: 127
19:02:53.280 INFO  ReductionDriver - Result from initial state is not interesting (attempt 4)
19:02:53.350 INFO  ExecHelper - interestingness_test /opt/reduce/intel_iris_xe_graphics/syn_memory_converge/variant_912.comp reduction_results/intel_iris_xe_graphics/syn_memory_converge/variant_912/variant_912.json
19:02:53.352 INFO  StreamGobblerLogger - stderr.env: ‘interestingness_test’: No such file or directory
19:02:53.353 INFO  ExecHelper - Result: 127
19:02:53.353 INFO  CustomFileJudge - Custom file judge result: 127
19:02:53.353 INFO  ReductionDriver - Result from initial state is not interesting (attempt 5)
19:02:53.353 INFO  ReductionDriver - Tried 5 times; stopping.
Reduction command: java -ea -cp /opt/graphicsfuzz/graphicsfuzz/target/graphicsfuzz/python/drivers/../../jar/tool-1.0.jar com.graphicsfuzz.reducer.tool.GlslReduce /opt/reduce/intel_iris_xe_graphics/syn_memory_converge/variant_912.json interestingness_test --output reduction_results/intel_iris_xe_graphics/syn_memory_converge/variant_912 /opt/reduce/intel_iris_xe_graphics/syn_memory_converge/variant_912.comp
