18:20:35.449 INFO  ExecHelper - /opt/graphicsfuzz/graphicsfuzz/target/graphicsfuzz/bin/Linux/glslangValidator -E --stdin -S comp
18:20:35.528 INFO  ExecHelper - Result: 0
18:20:36.420 INFO  ReductionDriver - Starting reduction for variant_496
18:20:36.459 INFO  ExecHelper - interestingness_test /opt/reduce/cezanne_radeon_vega/syn_memory_converge/variant_496.comp reduction_results/cezanne_radeon_vega/syn_memory_converge/variant_496/variant_496.json
18:20:36.460 INFO  StreamGobblerLogger - stderr.env: ‘interestingness_test’: No such file or directory
18:20:36.461 INFO  ExecHelper - Result: 127
18:20:36.461 INFO  CustomFileJudge - Custom file judge result: 127
18:20:36.461 INFO  ReductionDriver - Result from initial state is not interesting (attempt 1)
18:20:36.487 INFO  ExecHelper - interestingness_test /opt/reduce/cezanne_radeon_vega/syn_memory_converge/variant_496.comp reduction_results/cezanne_radeon_vega/syn_memory_converge/variant_496/variant_496.json
18:20:36.489 INFO  StreamGobblerLogger - stderr.env: ‘interestingness_test’: No such file or directory
18:20:36.489 INFO  ExecHelper - Result: 127
18:20:36.489 INFO  CustomFileJudge - Custom file judge result: 127
18:20:36.489 INFO  ReductionDriver - Result from initial state is not interesting (attempt 2)
18:20:36.512 INFO  ExecHelper - interestingness_test /opt/reduce/cezanne_radeon_vega/syn_memory_converge/variant_496.comp reduction_results/cezanne_radeon_vega/syn_memory_converge/variant_496/variant_496.json
18:20:36.514 INFO  StreamGobblerLogger - stderr.env: ‘interestingness_test’: No such file or directory
18:20:36.514 INFO  ExecHelper - Result: 127
18:20:36.514 INFO  CustomFileJudge - Custom file judge result: 127
18:20:36.514 INFO  ReductionDriver - Result from initial state is not interesting (attempt 3)
18:20:36.537 INFO  ExecHelper - interestingness_test /opt/reduce/cezanne_radeon_vega/syn_memory_converge/variant_496.comp reduction_results/cezanne_radeon_vega/syn_memory_converge/variant_496/variant_496.json
18:20:36.538 INFO  StreamGobblerLogger - stderr.env: ‘interestingness_test’: No such file or directory
18:20:36.539 INFO  ExecHelper - Result: 127
18:20:36.539 INFO  CustomFileJudge - Custom file judge result: 127
18:20:36.539 INFO  ReductionDriver - Result from initial state is not interesting (attempt 4)
18:20:36.562 INFO  ExecHelper - interestingness_test /opt/reduce/cezanne_radeon_vega/syn_memory_converge/variant_496.comp reduction_results/cezanne_radeon_vega/syn_memory_converge/variant_496/variant_496.json
18:20:36.563 INFO  StreamGobblerLogger - stderr.env: ‘interestingness_test’: No such file or directory
18:20:36.564 INFO  ExecHelper - Result: 127
18:20:36.564 INFO  CustomFileJudge - Custom file judge result: 127
18:20:36.564 INFO  ReductionDriver - Result from initial state is not interesting (attempt 5)
18:20:36.564 INFO  ReductionDriver - Tried 5 times; stopping.
Reduction command: java -ea -cp /opt/graphicsfuzz/graphicsfuzz/target/graphicsfuzz/python/drivers/../../jar/tool-1.0.jar com.graphicsfuzz.reducer.tool.GlslReduce /opt/reduce/cezanne_radeon_vega/syn_memory_converge/variant_496.json interestingness_test --output reduction_results/cezanne_radeon_vega/syn_memory_converge/variant_496 /opt/reduce/cezanne_radeon_vega/syn_memory_converge/variant_496.comp
