18:28:01.602 INFO  ExecHelper - /opt/graphicsfuzz/graphicsfuzz/target/graphicsfuzz/bin/Linux/glslangValidator -E --stdin -S comp
18:28:01.652 INFO  ExecHelper - Result: 0
18:28:01.741 INFO  ReductionDriver - Starting reduction for variant_063
18:28:01.751 INFO  ExecHelper - interestingness_test /opt/reduce/cezanne_radeon_vega/syn_memory_converge_atomic/variant_063.comp reduction_results/cezanne_radeon_vega/syn_memory_converge_atomic/variant_063/variant_063.json
18:28:01.753 INFO  StreamGobblerLogger - stderr.env: ‘interestingness_test’: No such file or directory
18:28:01.754 INFO  ExecHelper - Result: 127
18:28:01.754 INFO  CustomFileJudge - Custom file judge result: 127
18:28:01.754 INFO  ReductionDriver - Result from initial state is not interesting (attempt 1)
18:28:01.756 INFO  ExecHelper - interestingness_test /opt/reduce/cezanne_radeon_vega/syn_memory_converge_atomic/variant_063.comp reduction_results/cezanne_radeon_vega/syn_memory_converge_atomic/variant_063/variant_063.json
18:28:01.758 INFO  StreamGobblerLogger - stderr.env: ‘interestingness_test’: No such file or directory
18:28:01.758 INFO  ExecHelper - Result: 127
18:28:01.758 INFO  CustomFileJudge - Custom file judge result: 127
18:28:01.758 INFO  ReductionDriver - Result from initial state is not interesting (attempt 2)
18:28:01.760 INFO  ExecHelper - interestingness_test /opt/reduce/cezanne_radeon_vega/syn_memory_converge_atomic/variant_063.comp reduction_results/cezanne_radeon_vega/syn_memory_converge_atomic/variant_063/variant_063.json
18:28:01.761 INFO  StreamGobblerLogger - stderr.env: ‘interestingness_test’: No such file or directory
18:28:01.762 INFO  ExecHelper - Result: 127
18:28:01.762 INFO  CustomFileJudge - Custom file judge result: 127
18:28:01.762 INFO  ReductionDriver - Result from initial state is not interesting (attempt 3)
18:28:01.763 INFO  ExecHelper - interestingness_test /opt/reduce/cezanne_radeon_vega/syn_memory_converge_atomic/variant_063.comp reduction_results/cezanne_radeon_vega/syn_memory_converge_atomic/variant_063/variant_063.json
18:28:01.764 INFO  StreamGobblerLogger - stderr.env: ‘interestingness_test’: No such file or directory
18:28:01.765 INFO  ExecHelper - Result: 127
18:28:01.765 INFO  CustomFileJudge - Custom file judge result: 127
18:28:01.765 INFO  ReductionDriver - Result from initial state is not interesting (attempt 4)
18:28:01.767 INFO  ExecHelper - interestingness_test /opt/reduce/cezanne_radeon_vega/syn_memory_converge_atomic/variant_063.comp reduction_results/cezanne_radeon_vega/syn_memory_converge_atomic/variant_063/variant_063.json
18:28:01.768 INFO  StreamGobblerLogger - stderr.env: ‘interestingness_test’: No such file or directory
18:28:01.768 INFO  ExecHelper - Result: 127
18:28:01.768 INFO  CustomFileJudge - Custom file judge result: 127
18:28:01.768 INFO  ReductionDriver - Result from initial state is not interesting (attempt 5)
18:28:01.768 INFO  ReductionDriver - Tried 5 times; stopping.
Reduction command: java -ea -cp /opt/graphicsfuzz/graphicsfuzz/target/graphicsfuzz/python/drivers/../../jar/tool-1.0.jar com.graphicsfuzz.reducer.tool.GlslReduce /opt/reduce/cezanne_radeon_vega/syn_memory_converge_atomic/variant_063.json interestingness_test --output reduction_results/cezanne_radeon_vega/syn_memory_converge_atomic/variant_063 /opt/reduce/cezanne_radeon_vega/syn_memory_converge_atomic/variant_063.comp
