18:36:06.086 INFO  ExecHelper - /opt/graphicsfuzz/graphicsfuzz/target/graphicsfuzz/bin/Linux/glslangValidator -E --stdin -S comp
18:36:06.135 INFO  ExecHelper - Result: 0
18:36:06.195 INFO  ReductionDriver - Starting reduction for variant_644
18:36:06.202 INFO  ExecHelper - interestingness_test /opt/reduce/cezanne_radeon_vega/syn_memory_converge_atomic/variant_644.comp reduction_results/cezanne_radeon_vega/syn_memory_converge_atomic/variant_644/variant_644.json
18:36:06.203 INFO  StreamGobblerLogger - stderr.env: ‘interestingness_test’: No such file or directory
18:36:06.204 INFO  ExecHelper - Result: 127
18:36:06.204 INFO  CustomFileJudge - Custom file judge result: 127
18:36:06.204 INFO  ReductionDriver - Result from initial state is not interesting (attempt 1)
18:36:06.205 INFO  ExecHelper - interestingness_test /opt/reduce/cezanne_radeon_vega/syn_memory_converge_atomic/variant_644.comp reduction_results/cezanne_radeon_vega/syn_memory_converge_atomic/variant_644/variant_644.json
18:36:06.206 INFO  StreamGobblerLogger - stderr.env: ‘interestingness_test’: No such file or directory
18:36:06.206 INFO  ExecHelper - Result: 127
18:36:06.206 INFO  CustomFileJudge - Custom file judge result: 127
18:36:06.206 INFO  ReductionDriver - Result from initial state is not interesting (attempt 2)
18:36:06.207 INFO  ExecHelper - interestingness_test /opt/reduce/cezanne_radeon_vega/syn_memory_converge_atomic/variant_644.comp reduction_results/cezanne_radeon_vega/syn_memory_converge_atomic/variant_644/variant_644.json
18:36:06.208 INFO  StreamGobblerLogger - stderr.env: ‘interestingness_test’: No such file or directory
18:36:06.209 INFO  ExecHelper - Result: 127
18:36:06.209 INFO  CustomFileJudge - Custom file judge result: 127
18:36:06.209 INFO  ReductionDriver - Result from initial state is not interesting (attempt 3)
18:36:06.210 INFO  ExecHelper - interestingness_test /opt/reduce/cezanne_radeon_vega/syn_memory_converge_atomic/variant_644.comp reduction_results/cezanne_radeon_vega/syn_memory_converge_atomic/variant_644/variant_644.json
18:36:06.210 INFO  StreamGobblerLogger - stderr.env: ‘interestingness_test’: No such file or directory
18:36:06.211 INFO  ExecHelper - Result: 127
18:36:06.211 INFO  CustomFileJudge - Custom file judge result: 127
18:36:06.211 INFO  ReductionDriver - Result from initial state is not interesting (attempt 4)
18:36:06.212 INFO  ExecHelper - interestingness_test /opt/reduce/cezanne_radeon_vega/syn_memory_converge_atomic/variant_644.comp reduction_results/cezanne_radeon_vega/syn_memory_converge_atomic/variant_644/variant_644.json
18:36:06.213 INFO  StreamGobblerLogger - stderr.env: ‘interestingness_test’: No such file or directory
18:36:06.213 INFO  ExecHelper - Result: 127
18:36:06.213 INFO  CustomFileJudge - Custom file judge result: 127
18:36:06.213 INFO  ReductionDriver - Result from initial state is not interesting (attempt 5)
18:36:06.213 INFO  ReductionDriver - Tried 5 times; stopping.
Reduction command: java -ea -cp /opt/graphicsfuzz/graphicsfuzz/target/graphicsfuzz/python/drivers/../../jar/tool-1.0.jar com.graphicsfuzz.reducer.tool.GlslReduce /opt/reduce/cezanne_radeon_vega/syn_memory_converge_atomic/variant_644.json interestingness_test --output reduction_results/cezanne_radeon_vega/syn_memory_converge_atomic/variant_644 /opt/reduce/cezanne_radeon_vega/syn_memory_converge_atomic/variant_644.comp
