18:35:17.515 INFO  ExecHelper - /opt/graphicsfuzz/graphicsfuzz/target/graphicsfuzz/bin/Linux/glslangValidator -E --stdin -S comp
18:35:17.567 INFO  ExecHelper - Result: 0
18:35:17.923 INFO  ReductionDriver - Starting reduction for variant_583
18:35:17.993 INFO  ExecHelper - interestingness_test /opt/reduce/cezanne_radeon_vega/syn_memory_converge_atomic/variant_583.comp reduction_results/cezanne_radeon_vega/syn_memory_converge_atomic/variant_583/variant_583.json
18:35:17.994 INFO  StreamGobblerLogger - stderr.env: ‘interestingness_test’: No such file or directory
18:35:17.995 INFO  ExecHelper - Result: 127
18:35:17.995 INFO  CustomFileJudge - Custom file judge result: 127
18:35:17.995 INFO  ReductionDriver - Result from initial state is not interesting (attempt 1)
18:35:18.033 INFO  ExecHelper - interestingness_test /opt/reduce/cezanne_radeon_vega/syn_memory_converge_atomic/variant_583.comp reduction_results/cezanne_radeon_vega/syn_memory_converge_atomic/variant_583/variant_583.json
18:35:18.034 INFO  StreamGobblerLogger - stderr.env: ‘interestingness_test’: No such file or directory
18:35:18.034 INFO  ExecHelper - Result: 127
18:35:18.035 INFO  CustomFileJudge - Custom file judge result: 127
18:35:18.035 INFO  ReductionDriver - Result from initial state is not interesting (attempt 2)
18:35:18.070 INFO  ExecHelper - interestingness_test /opt/reduce/cezanne_radeon_vega/syn_memory_converge_atomic/variant_583.comp reduction_results/cezanne_radeon_vega/syn_memory_converge_atomic/variant_583/variant_583.json
18:35:18.072 INFO  StreamGobblerLogger - stderr.env: ‘interestingness_test’: No such file or directory
18:35:18.072 INFO  ExecHelper - Result: 127
18:35:18.073 INFO  CustomFileJudge - Custom file judge result: 127
18:35:18.073 INFO  ReductionDriver - Result from initial state is not interesting (attempt 3)
18:35:18.108 INFO  ExecHelper - interestingness_test /opt/reduce/cezanne_radeon_vega/syn_memory_converge_atomic/variant_583.comp reduction_results/cezanne_radeon_vega/syn_memory_converge_atomic/variant_583/variant_583.json
18:35:18.109 INFO  StreamGobblerLogger - stderr.env: ‘interestingness_test’: No such file or directory
18:35:18.110 INFO  ExecHelper - Result: 127
18:35:18.110 INFO  CustomFileJudge - Custom file judge result: 127
18:35:18.110 INFO  ReductionDriver - Result from initial state is not interesting (attempt 4)
18:35:18.148 INFO  ExecHelper - interestingness_test /opt/reduce/cezanne_radeon_vega/syn_memory_converge_atomic/variant_583.comp reduction_results/cezanne_radeon_vega/syn_memory_converge_atomic/variant_583/variant_583.json
18:35:18.150 INFO  StreamGobblerLogger - stderr.env: ‘interestingness_test’: No such file or directory
18:35:18.150 INFO  ExecHelper - Result: 127
18:35:18.150 INFO  CustomFileJudge - Custom file judge result: 127
18:35:18.150 INFO  ReductionDriver - Result from initial state is not interesting (attempt 5)
18:35:18.150 INFO  ReductionDriver - Tried 5 times; stopping.
Reduction command: java -ea -cp /opt/graphicsfuzz/graphicsfuzz/target/graphicsfuzz/python/drivers/../../jar/tool-1.0.jar com.graphicsfuzz.reducer.tool.GlslReduce /opt/reduce/cezanne_radeon_vega/syn_memory_converge_atomic/variant_583.json interestingness_test --output reduction_results/cezanne_radeon_vega/syn_memory_converge_atomic/variant_583 /opt/reduce/cezanne_radeon_vega/syn_memory_converge_atomic/variant_583.comp
