19:36:37.182 INFO  ExecHelper - /opt/graphicsfuzz/graphicsfuzz/target/graphicsfuzz/bin/Linux/glslangValidator -E --stdin -S comp
19:36:37.238 INFO  ExecHelper - Result: 0
19:36:37.324 INFO  ReductionDriver - Starting reduction for variant_740
19:36:37.333 INFO  ExecHelper - interestingness_test /opt/reduce/rtx_4070/syn_memory_converge/variant_740.comp reduction_results/rtx_4070/syn_memory_converge/variant_740/variant_740.json
19:36:37.336 INFO  StreamGobblerLogger - stderr.env: ‘interestingness_test’: No such file or directory
19:36:37.336 INFO  ExecHelper - Result: 127
19:36:37.336 INFO  CustomFileJudge - Custom file judge result: 127
19:36:37.336 INFO  ReductionDriver - Result from initial state is not interesting (attempt 1)
19:36:37.342 INFO  ExecHelper - interestingness_test /opt/reduce/rtx_4070/syn_memory_converge/variant_740.comp reduction_results/rtx_4070/syn_memory_converge/variant_740/variant_740.json
19:36:37.343 INFO  StreamGobblerLogger - stderr.env: ‘interestingness_test’: No such file or directory
19:36:37.344 INFO  ExecHelper - Result: 127
19:36:37.344 INFO  CustomFileJudge - Custom file judge result: 127
19:36:37.344 INFO  ReductionDriver - Result from initial state is not interesting (attempt 2)
19:36:37.347 INFO  ExecHelper - interestingness_test /opt/reduce/rtx_4070/syn_memory_converge/variant_740.comp reduction_results/rtx_4070/syn_memory_converge/variant_740/variant_740.json
19:36:37.348 INFO  StreamGobblerLogger - stderr.env: ‘interestingness_test’: No such file or directory
19:36:37.348 INFO  ExecHelper - Result: 127
19:36:37.348 INFO  CustomFileJudge - Custom file judge result: 127
19:36:37.348 INFO  ReductionDriver - Result from initial state is not interesting (attempt 3)
19:36:37.350 INFO  ExecHelper - interestingness_test /opt/reduce/rtx_4070/syn_memory_converge/variant_740.comp reduction_results/rtx_4070/syn_memory_converge/variant_740/variant_740.json
19:36:37.351 INFO  StreamGobblerLogger - stderr.env: ‘interestingness_test’: No such file or directory
19:36:37.352 INFO  ExecHelper - Result: 127
19:36:37.352 INFO  CustomFileJudge - Custom file judge result: 127
19:36:37.352 INFO  ReductionDriver - Result from initial state is not interesting (attempt 4)
19:36:37.353 INFO  ExecHelper - interestingness_test /opt/reduce/rtx_4070/syn_memory_converge/variant_740.comp reduction_results/rtx_4070/syn_memory_converge/variant_740/variant_740.json
19:36:37.354 INFO  StreamGobblerLogger - stderr.env: ‘interestingness_test’: No such file or directory
19:36:37.355 INFO  ExecHelper - Result: 127
19:36:37.355 INFO  CustomFileJudge - Custom file judge result: 127
19:36:37.355 INFO  ReductionDriver - Result from initial state is not interesting (attempt 5)
19:36:37.355 INFO  ReductionDriver - Tried 5 times; stopping.
Reduction command: java -ea -cp /opt/graphicsfuzz/graphicsfuzz/target/graphicsfuzz/python/drivers/../../jar/tool-1.0.jar com.graphicsfuzz.reducer.tool.GlslReduce /opt/reduce/rtx_4070/syn_memory_converge/variant_740.json interestingness_test --output reduction_results/rtx_4070/syn_memory_converge/variant_740 /opt/reduce/rtx_4070/syn_memory_converge/variant_740.comp
