18:46:57.566 INFO  ExecHelper - /opt/graphicsfuzz/graphicsfuzz/target/graphicsfuzz/bin/Linux/glslangValidator -E --stdin -S comp
18:46:57.616 INFO  ExecHelper - Result: 0
18:46:57.712 INFO  ReductionDriver - Starting reduction for variant_159
18:46:57.728 INFO  ExecHelper - interestingness_test /opt/reduce/intel_iris_xe_graphics/syn_lock_step/variant_159.comp reduction_results/intel_iris_xe_graphics/syn_lock_step/variant_159/variant_159.json
18:46:57.730 INFO  StreamGobblerLogger - stderr.env: ‘interestingness_test’: No such file or directory
18:46:57.730 INFO  ExecHelper - Result: 127
18:46:57.730 INFO  CustomFileJudge - Custom file judge result: 127
18:46:57.730 INFO  ReductionDriver - Result from initial state is not interesting (attempt 1)
18:46:57.735 INFO  ExecHelper - interestingness_test /opt/reduce/intel_iris_xe_graphics/syn_lock_step/variant_159.comp reduction_results/intel_iris_xe_graphics/syn_lock_step/variant_159/variant_159.json
18:46:57.736 INFO  StreamGobblerLogger - stderr.env: ‘interestingness_test’: No such file or directory
18:46:57.736 INFO  ExecHelper - Result: 127
18:46:57.736 INFO  CustomFileJudge - Custom file judge result: 127
18:46:57.736 INFO  ReductionDriver - Result from initial state is not interesting (attempt 2)
18:46:57.740 INFO  ExecHelper - interestingness_test /opt/reduce/intel_iris_xe_graphics/syn_lock_step/variant_159.comp reduction_results/intel_iris_xe_graphics/syn_lock_step/variant_159/variant_159.json
18:46:57.741 INFO  StreamGobblerLogger - stderr.env: ‘interestingness_test’: No such file or directory
18:46:57.741 INFO  ExecHelper - Result: 127
18:46:57.741 INFO  CustomFileJudge - Custom file judge result: 127
18:46:57.742 INFO  ReductionDriver - Result from initial state is not interesting (attempt 3)
18:46:57.745 INFO  ExecHelper - interestingness_test /opt/reduce/intel_iris_xe_graphics/syn_lock_step/variant_159.comp reduction_results/intel_iris_xe_graphics/syn_lock_step/variant_159/variant_159.json
18:46:57.747 INFO  StreamGobblerLogger - stderr.env: ‘interestingness_test’: No such file or directory
18:46:57.747 INFO  ExecHelper - Result: 127
18:46:57.747 INFO  CustomFileJudge - Custom file judge result: 127
18:46:57.747 INFO  ReductionDriver - Result from initial state is not interesting (attempt 4)
18:46:57.750 INFO  ExecHelper - interestingness_test /opt/reduce/intel_iris_xe_graphics/syn_lock_step/variant_159.comp reduction_results/intel_iris_xe_graphics/syn_lock_step/variant_159/variant_159.json
18:46:57.751 INFO  StreamGobblerLogger - stderr.env: ‘interestingness_test’: No such file or directory
18:46:57.752 INFO  ExecHelper - Result: 127
18:46:57.752 INFO  CustomFileJudge - Custom file judge result: 127
18:46:57.752 INFO  ReductionDriver - Result from initial state is not interesting (attempt 5)
18:46:57.752 INFO  ReductionDriver - Tried 5 times; stopping.
Reduction command: java -ea -cp /opt/graphicsfuzz/graphicsfuzz/target/graphicsfuzz/python/drivers/../../jar/tool-1.0.jar com.graphicsfuzz.reducer.tool.GlslReduce /opt/reduce/intel_iris_xe_graphics/syn_lock_step/variant_159.json interestingness_test --output reduction_results/intel_iris_xe_graphics/syn_lock_step/variant_159 /opt/reduce/intel_iris_xe_graphics/syn_lock_step/variant_159.comp
