18:43:30.889 INFO  ExecHelper - /opt/graphicsfuzz/graphicsfuzz/target/graphicsfuzz/bin/Linux/glslangValidator -E --stdin -S comp
18:43:30.978 INFO  ExecHelper - Result: 0
18:43:31.627 INFO  ReductionDriver - Starting reduction for variant_149
18:43:31.643 INFO  ExecHelper - interestingness_test /opt/reduce/intel_iris_xe_graphics/syn_branch_syn/variant_149.comp reduction_results/intel_iris_xe_graphics/syn_branch_syn/variant_149/variant_149.json
18:43:31.644 INFO  StreamGobblerLogger - stderr.env: ‘interestingness_test’: No such file or directory
18:43:31.644 INFO  ExecHelper - Result: 127
18:43:31.645 INFO  CustomFileJudge - Custom file judge result: 127
18:43:31.645 INFO  ReductionDriver - Result from initial state is not interesting (attempt 1)
18:43:31.652 INFO  ExecHelper - interestingness_test /opt/reduce/intel_iris_xe_graphics/syn_branch_syn/variant_149.comp reduction_results/intel_iris_xe_graphics/syn_branch_syn/variant_149/variant_149.json
18:43:31.653 INFO  StreamGobblerLogger - stderr.env: ‘interestingness_test’: No such file or directory
18:43:31.653 INFO  ExecHelper - Result: 127
18:43:31.653 INFO  CustomFileJudge - Custom file judge result: 127
18:43:31.653 INFO  ReductionDriver - Result from initial state is not interesting (attempt 2)
18:43:31.660 INFO  ExecHelper - interestingness_test /opt/reduce/intel_iris_xe_graphics/syn_branch_syn/variant_149.comp reduction_results/intel_iris_xe_graphics/syn_branch_syn/variant_149/variant_149.json
18:43:31.662 INFO  StreamGobblerLogger - stderr.env: ‘interestingness_test’: No such file or directory
18:43:31.663 INFO  ExecHelper - Result: 127
18:43:31.663 INFO  CustomFileJudge - Custom file judge result: 127
18:43:31.663 INFO  ReductionDriver - Result from initial state is not interesting (attempt 3)
18:43:31.670 INFO  ExecHelper - interestingness_test /opt/reduce/intel_iris_xe_graphics/syn_branch_syn/variant_149.comp reduction_results/intel_iris_xe_graphics/syn_branch_syn/variant_149/variant_149.json
18:43:31.672 INFO  StreamGobblerLogger - stderr.env: ‘interestingness_test’: No such file or directory
18:43:31.672 INFO  ExecHelper - Result: 127
18:43:31.672 INFO  CustomFileJudge - Custom file judge result: 127
18:43:31.672 INFO  ReductionDriver - Result from initial state is not interesting (attempt 4)
18:43:31.676 INFO  ExecHelper - interestingness_test /opt/reduce/intel_iris_xe_graphics/syn_branch_syn/variant_149.comp reduction_results/intel_iris_xe_graphics/syn_branch_syn/variant_149/variant_149.json
18:43:31.677 INFO  StreamGobblerLogger - stderr.env: ‘interestingness_test’: No such file or directory
18:43:31.678 INFO  ExecHelper - Result: 127
18:43:31.678 INFO  CustomFileJudge - Custom file judge result: 127
18:43:31.678 INFO  ReductionDriver - Result from initial state is not interesting (attempt 5)
18:43:31.678 INFO  ReductionDriver - Tried 5 times; stopping.
Reduction command: java -ea -cp /opt/graphicsfuzz/graphicsfuzz/target/graphicsfuzz/python/drivers/../../jar/tool-1.0.jar com.graphicsfuzz.reducer.tool.GlslReduce /opt/reduce/intel_iris_xe_graphics/syn_branch_syn/variant_149.json interestingness_test --output reduction_results/intel_iris_xe_graphics/syn_branch_syn/variant_149 /opt/reduce/intel_iris_xe_graphics/syn_branch_syn/variant_149.comp
