18:17:12.356 INFO  ExecHelper - /opt/graphicsfuzz/graphicsfuzz/target/graphicsfuzz/bin/Linux/glslangValidator -E --stdin -S comp
18:17:12.410 INFO  ExecHelper - Result: 0
18:17:12.769 INFO  ReductionDriver - Starting reduction for variant_261
18:17:12.854 INFO  ExecHelper - interestingness_test /opt/reduce/cezanne_radeon_vega/syn_memory_converge/variant_261.comp reduction_results/cezanne_radeon_vega/syn_memory_converge/variant_261/variant_261.json
18:17:12.856 INFO  StreamGobblerLogger - stderr.env: ‘interestingness_test’: No such file or directory
18:17:12.856 INFO  ExecHelper - Result: 127
18:17:12.856 INFO  CustomFileJudge - Custom file judge result: 127
18:17:12.856 INFO  ReductionDriver - Result from initial state is not interesting (attempt 1)
18:17:12.925 INFO  ExecHelper - interestingness_test /opt/reduce/cezanne_radeon_vega/syn_memory_converge/variant_261.comp reduction_results/cezanne_radeon_vega/syn_memory_converge/variant_261/variant_261.json
18:17:12.926 INFO  StreamGobblerLogger - stderr.env: ‘interestingness_test’: No such file or directory
18:17:12.927 INFO  ExecHelper - Result: 127
18:17:12.927 INFO  CustomFileJudge - Custom file judge result: 127
18:17:12.927 INFO  ReductionDriver - Result from initial state is not interesting (attempt 2)
18:17:12.990 INFO  ExecHelper - interestingness_test /opt/reduce/cezanne_radeon_vega/syn_memory_converge/variant_261.comp reduction_results/cezanne_radeon_vega/syn_memory_converge/variant_261/variant_261.json
18:17:12.991 INFO  StreamGobblerLogger - stderr.env: ‘interestingness_test’: No such file or directory
18:17:12.992 INFO  ExecHelper - Result: 127
18:17:12.992 INFO  CustomFileJudge - Custom file judge result: 127
18:17:12.992 INFO  ReductionDriver - Result from initial state is not interesting (attempt 3)
18:17:13.054 INFO  ExecHelper - interestingness_test /opt/reduce/cezanne_radeon_vega/syn_memory_converge/variant_261.comp reduction_results/cezanne_radeon_vega/syn_memory_converge/variant_261/variant_261.json
18:17:13.056 INFO  StreamGobblerLogger - stderr.env: ‘interestingness_test’: No such file or directory
18:17:13.056 INFO  ExecHelper - Result: 127
18:17:13.057 INFO  CustomFileJudge - Custom file judge result: 127
18:17:13.057 INFO  ReductionDriver - Result from initial state is not interesting (attempt 4)
18:17:13.116 INFO  ExecHelper - interestingness_test /opt/reduce/cezanne_radeon_vega/syn_memory_converge/variant_261.comp reduction_results/cezanne_radeon_vega/syn_memory_converge/variant_261/variant_261.json
18:17:13.118 INFO  StreamGobblerLogger - stderr.env: ‘interestingness_test’: No such file or directory
18:17:13.118 INFO  ExecHelper - Result: 127
18:17:13.118 INFO  CustomFileJudge - Custom file judge result: 127
18:17:13.119 INFO  ReductionDriver - Result from initial state is not interesting (attempt 5)
18:17:13.119 INFO  ReductionDriver - Tried 5 times; stopping.
Reduction command: java -ea -cp /opt/graphicsfuzz/graphicsfuzz/target/graphicsfuzz/python/drivers/../../jar/tool-1.0.jar com.graphicsfuzz.reducer.tool.GlslReduce /opt/reduce/cezanne_radeon_vega/syn_memory_converge/variant_261.json interestingness_test --output reduction_results/cezanne_radeon_vega/syn_memory_converge/variant_261 /opt/reduce/cezanne_radeon_vega/syn_memory_converge/variant_261.comp
