19:36:38.318 INFO  ExecHelper - /opt/graphicsfuzz/graphicsfuzz/target/graphicsfuzz/bin/Linux/glslangValidator -E --stdin -S comp
19:36:38.367 INFO  ExecHelper - Result: 0
19:36:38.450 INFO  ReductionDriver - Starting reduction for variant_742
19:36:38.461 INFO  ExecHelper - interestingness_test /opt/reduce/rtx_4070/syn_memory_converge/variant_742.comp reduction_results/rtx_4070/syn_memory_converge/variant_742/variant_742.json
19:36:38.462 INFO  StreamGobblerLogger - stderr.env: ‘interestingness_test’: No such file or directory
19:36:38.463 INFO  ExecHelper - Result: 127
19:36:38.463 INFO  CustomFileJudge - Custom file judge result: 127
19:36:38.463 INFO  ReductionDriver - Result from initial state is not interesting (attempt 1)
19:36:38.465 INFO  ExecHelper - interestingness_test /opt/reduce/rtx_4070/syn_memory_converge/variant_742.comp reduction_results/rtx_4070/syn_memory_converge/variant_742/variant_742.json
19:36:38.466 INFO  StreamGobblerLogger - stderr.env: ‘interestingness_test’: No such file or directory
19:36:38.467 INFO  ExecHelper - Result: 127
19:36:38.467 INFO  CustomFileJudge - Custom file judge result: 127
19:36:38.467 INFO  ReductionDriver - Result from initial state is not interesting (attempt 2)
19:36:38.471 INFO  ExecHelper - interestingness_test /opt/reduce/rtx_4070/syn_memory_converge/variant_742.comp reduction_results/rtx_4070/syn_memory_converge/variant_742/variant_742.json
19:36:38.473 INFO  StreamGobblerLogger - stderr.env: ‘interestingness_test’: No such file or directory
19:36:38.473 INFO  ExecHelper - Result: 127
19:36:38.473 INFO  CustomFileJudge - Custom file judge result: 127
19:36:38.473 INFO  ReductionDriver - Result from initial state is not interesting (attempt 3)
19:36:38.476 INFO  ExecHelper - interestingness_test /opt/reduce/rtx_4070/syn_memory_converge/variant_742.comp reduction_results/rtx_4070/syn_memory_converge/variant_742/variant_742.json
19:36:38.477 INFO  StreamGobblerLogger - stderr.env: ‘interestingness_test’: No such file or directory
19:36:38.477 INFO  ExecHelper - Result: 127
19:36:38.477 INFO  CustomFileJudge - Custom file judge result: 127
19:36:38.477 INFO  ReductionDriver - Result from initial state is not interesting (attempt 4)
19:36:38.479 INFO  ExecHelper - interestingness_test /opt/reduce/rtx_4070/syn_memory_converge/variant_742.comp reduction_results/rtx_4070/syn_memory_converge/variant_742/variant_742.json
19:36:38.480 INFO  StreamGobblerLogger - stderr.env: ‘interestingness_test’: No such file or directory
19:36:38.481 INFO  ExecHelper - Result: 127
19:36:38.481 INFO  CustomFileJudge - Custom file judge result: 127
19:36:38.481 INFO  ReductionDriver - Result from initial state is not interesting (attempt 5)
19:36:38.481 INFO  ReductionDriver - Tried 5 times; stopping.
Reduction command: java -ea -cp /opt/graphicsfuzz/graphicsfuzz/target/graphicsfuzz/python/drivers/../../jar/tool-1.0.jar com.graphicsfuzz.reducer.tool.GlslReduce /opt/reduce/rtx_4070/syn_memory_converge/variant_742.json interestingness_test --output reduction_results/rtx_4070/syn_memory_converge/variant_742 /opt/reduce/rtx_4070/syn_memory_converge/variant_742.comp
