19:19:31.753 INFO  ExecHelper - /opt/graphicsfuzz/graphicsfuzz/target/graphicsfuzz/bin/Linux/glslangValidator -E --stdin -S comp
19:19:31.900 INFO  ExecHelper - Result: 0
19:19:32.429 INFO  ReductionDriver - Starting reduction for variant_414
19:19:32.443 INFO  ExecHelper - interestingness_test /opt/reduce/intel_iris_xe_graphics/syn_subgroup_op/variant_414.comp reduction_results/intel_iris_xe_graphics/syn_subgroup_op/variant_414/variant_414.json
19:19:32.445 INFO  StreamGobblerLogger - stderr.env: ‘interestingness_test’: No such file or directory
19:19:32.445 INFO  ExecHelper - Result: 127
19:19:32.445 INFO  CustomFileJudge - Custom file judge result: 127
19:19:32.445 INFO  ReductionDriver - Result from initial state is not interesting (attempt 1)
19:19:32.450 INFO  ExecHelper - interestingness_test /opt/reduce/intel_iris_xe_graphics/syn_subgroup_op/variant_414.comp reduction_results/intel_iris_xe_graphics/syn_subgroup_op/variant_414/variant_414.json
19:19:32.451 INFO  StreamGobblerLogger - stderr.env: ‘interestingness_test’: No such file or directory
19:19:32.451 INFO  ExecHelper - Result: 127
19:19:32.451 INFO  CustomFileJudge - Custom file judge result: 127
19:19:32.452 INFO  ReductionDriver - Result from initial state is not interesting (attempt 2)
19:19:32.456 INFO  ExecHelper - interestingness_test /opt/reduce/intel_iris_xe_graphics/syn_subgroup_op/variant_414.comp reduction_results/intel_iris_xe_graphics/syn_subgroup_op/variant_414/variant_414.json
19:19:32.457 INFO  StreamGobblerLogger - stderr.env: ‘interestingness_test’: No such file or directory
19:19:32.458 INFO  ExecHelper - Result: 127
19:19:32.458 INFO  CustomFileJudge - Custom file judge result: 127
19:19:32.458 INFO  ReductionDriver - Result from initial state is not interesting (attempt 3)
19:19:32.462 INFO  ExecHelper - interestingness_test /opt/reduce/intel_iris_xe_graphics/syn_subgroup_op/variant_414.comp reduction_results/intel_iris_xe_graphics/syn_subgroup_op/variant_414/variant_414.json
19:19:32.462 INFO  StreamGobblerLogger - stderr.env: ‘interestingness_test’: No such file or directory
19:19:32.463 INFO  ExecHelper - Result: 127
19:19:32.463 INFO  CustomFileJudge - Custom file judge result: 127
19:19:32.463 INFO  ReductionDriver - Result from initial state is not interesting (attempt 4)
19:19:32.469 INFO  ExecHelper - interestingness_test /opt/reduce/intel_iris_xe_graphics/syn_subgroup_op/variant_414.comp reduction_results/intel_iris_xe_graphics/syn_subgroup_op/variant_414/variant_414.json
19:19:32.470 INFO  StreamGobblerLogger - stderr.env: ‘interestingness_test’: No such file or directory
19:19:32.470 INFO  ExecHelper - Result: 127
19:19:32.470 INFO  CustomFileJudge - Custom file judge result: 127
19:19:32.470 INFO  ReductionDriver - Result from initial state is not interesting (attempt 5)
19:19:32.470 INFO  ReductionDriver - Tried 5 times; stopping.
Reduction command: java -ea -cp /opt/graphicsfuzz/graphicsfuzz/target/graphicsfuzz/python/drivers/../../jar/tool-1.0.jar com.graphicsfuzz.reducer.tool.GlslReduce /opt/reduce/intel_iris_xe_graphics/syn_subgroup_op/variant_414.json interestingness_test --output reduction_results/intel_iris_xe_graphics/syn_subgroup_op/variant_414 /opt/reduce/intel_iris_xe_graphics/syn_subgroup_op/variant_414.comp
