18:24:19.743 INFO  ExecHelper - /opt/graphicsfuzz/graphicsfuzz/target/graphicsfuzz/bin/Linux/glslangValidator -E --stdin -S comp
18:24:19.798 INFO  ExecHelper - Result: 0
18:24:19.879 INFO  ReductionDriver - Starting reduction for variant_783
18:24:19.892 INFO  ExecHelper - interestingness_test /opt/reduce/cezanne_radeon_vega/syn_memory_converge/variant_783.comp reduction_results/cezanne_radeon_vega/syn_memory_converge/variant_783/variant_783.json
18:24:19.893 INFO  StreamGobblerLogger - stderr.env: ‘interestingness_test’: No such file or directory
18:24:19.894 INFO  ExecHelper - Result: 127
18:24:19.894 INFO  CustomFileJudge - Custom file judge result: 127
18:24:19.894 INFO  ReductionDriver - Result from initial state is not interesting (attempt 1)
18:24:19.897 INFO  ExecHelper - interestingness_test /opt/reduce/cezanne_radeon_vega/syn_memory_converge/variant_783.comp reduction_results/cezanne_radeon_vega/syn_memory_converge/variant_783/variant_783.json
18:24:19.898 INFO  StreamGobblerLogger - stderr.env: ‘interestingness_test’: No such file or directory
18:24:19.898 INFO  ExecHelper - Result: 127
18:24:19.898 INFO  CustomFileJudge - Custom file judge result: 127
18:24:19.898 INFO  ReductionDriver - Result from initial state is not interesting (attempt 2)
18:24:19.900 INFO  ExecHelper - interestingness_test /opt/reduce/cezanne_radeon_vega/syn_memory_converge/variant_783.comp reduction_results/cezanne_radeon_vega/syn_memory_converge/variant_783/variant_783.json
18:24:19.901 INFO  StreamGobblerLogger - stderr.env: ‘interestingness_test’: No such file or directory
18:24:19.901 INFO  ExecHelper - Result: 127
18:24:19.902 INFO  CustomFileJudge - Custom file judge result: 127
18:24:19.902 INFO  ReductionDriver - Result from initial state is not interesting (attempt 3)
18:24:19.906 INFO  ExecHelper - interestingness_test /opt/reduce/cezanne_radeon_vega/syn_memory_converge/variant_783.comp reduction_results/cezanne_radeon_vega/syn_memory_converge/variant_783/variant_783.json
18:24:19.907 INFO  StreamGobblerLogger - stderr.env: ‘interestingness_test’: No such file or directory
18:24:19.907 INFO  ExecHelper - Result: 127
18:24:19.907 INFO  CustomFileJudge - Custom file judge result: 127
18:24:19.907 INFO  ReductionDriver - Result from initial state is not interesting (attempt 4)
18:24:19.912 INFO  ExecHelper - interestingness_test /opt/reduce/cezanne_radeon_vega/syn_memory_converge/variant_783.comp reduction_results/cezanne_radeon_vega/syn_memory_converge/variant_783/variant_783.json
18:24:19.913 INFO  StreamGobblerLogger - stderr.env: ‘interestingness_test’: No such file or directory
18:24:19.914 INFO  ExecHelper - Result: 127
18:24:19.914 INFO  CustomFileJudge - Custom file judge result: 127
18:24:19.914 INFO  ReductionDriver - Result from initial state is not interesting (attempt 5)
18:24:19.914 INFO  ReductionDriver - Tried 5 times; stopping.
Reduction command: java -ea -cp /opt/graphicsfuzz/graphicsfuzz/target/graphicsfuzz/python/drivers/../../jar/tool-1.0.jar com.graphicsfuzz.reducer.tool.GlslReduce /opt/reduce/cezanne_radeon_vega/syn_memory_converge/variant_783.json interestingness_test --output reduction_results/cezanne_radeon_vega/syn_memory_converge/variant_783 /opt/reduce/cezanne_radeon_vega/syn_memory_converge/variant_783.comp
