19:12:12.528 INFO  ExecHelper - /opt/graphicsfuzz/graphicsfuzz/target/graphicsfuzz/bin/Linux/glslangValidator -E --stdin -S comp
19:12:12.580 INFO  ExecHelper - Result: 0
19:12:12.827 INFO  ReductionDriver - Starting reduction for variant_549
19:12:12.904 INFO  ExecHelper - interestingness_test /opt/reduce/intel_iris_xe_graphics/syn_memory_converge_atomic/variant_549.comp reduction_results/intel_iris_xe_graphics/syn_memory_converge_atomic/variant_549/variant_549.json
19:12:12.909 INFO  StreamGobblerLogger - stderr.env: ‘interestingness_test’: No such file or directory
19:12:12.910 INFO  ExecHelper - Result: 127
19:12:12.910 INFO  CustomFileJudge - Custom file judge result: 127
19:12:12.910 INFO  ReductionDriver - Result from initial state is not interesting (attempt 1)
19:12:12.953 INFO  ExecHelper - interestingness_test /opt/reduce/intel_iris_xe_graphics/syn_memory_converge_atomic/variant_549.comp reduction_results/intel_iris_xe_graphics/syn_memory_converge_atomic/variant_549/variant_549.json
19:12:12.955 INFO  StreamGobblerLogger - stderr.env: ‘interestingness_test’: No such file or directory
19:12:12.955 INFO  ExecHelper - Result: 127
19:12:12.955 INFO  CustomFileJudge - Custom file judge result: 127
19:12:12.955 INFO  ReductionDriver - Result from initial state is not interesting (attempt 2)
19:12:12.995 INFO  ExecHelper - interestingness_test /opt/reduce/intel_iris_xe_graphics/syn_memory_converge_atomic/variant_549.comp reduction_results/intel_iris_xe_graphics/syn_memory_converge_atomic/variant_549/variant_549.json
19:12:12.997 INFO  StreamGobblerLogger - stderr.env: ‘interestingness_test’: No such file or directory
19:12:12.998 INFO  ExecHelper - Result: 127
19:12:12.998 INFO  CustomFileJudge - Custom file judge result: 127
19:12:12.998 INFO  ReductionDriver - Result from initial state is not interesting (attempt 3)
19:12:13.036 INFO  ExecHelper - interestingness_test /opt/reduce/intel_iris_xe_graphics/syn_memory_converge_atomic/variant_549.comp reduction_results/intel_iris_xe_graphics/syn_memory_converge_atomic/variant_549/variant_549.json
19:12:13.038 INFO  StreamGobblerLogger - stderr.env: ‘interestingness_test’: No such file or directory
19:12:13.038 INFO  ExecHelper - Result: 127
19:12:13.038 INFO  CustomFileJudge - Custom file judge result: 127
19:12:13.038 INFO  ReductionDriver - Result from initial state is not interesting (attempt 4)
19:12:13.078 INFO  ExecHelper - interestingness_test /opt/reduce/intel_iris_xe_graphics/syn_memory_converge_atomic/variant_549.comp reduction_results/intel_iris_xe_graphics/syn_memory_converge_atomic/variant_549/variant_549.json
19:12:13.080 INFO  StreamGobblerLogger - stderr.env: ‘interestingness_test’: No such file or directory
19:12:13.080 INFO  ExecHelper - Result: 127
19:12:13.080 INFO  CustomFileJudge - Custom file judge result: 127
19:12:13.080 INFO  ReductionDriver - Result from initial state is not interesting (attempt 5)
19:12:13.080 INFO  ReductionDriver - Tried 5 times; stopping.
Reduction command: java -ea -cp /opt/graphicsfuzz/graphicsfuzz/target/graphicsfuzz/python/drivers/../../jar/tool-1.0.jar com.graphicsfuzz.reducer.tool.GlslReduce /opt/reduce/intel_iris_xe_graphics/syn_memory_converge_atomic/variant_549.json interestingness_test --output reduction_results/intel_iris_xe_graphics/syn_memory_converge_atomic/variant_549 /opt/reduce/intel_iris_xe_graphics/syn_memory_converge_atomic/variant_549.comp
