19:29:07.394 INFO  ExecHelper - /opt/graphicsfuzz/graphicsfuzz/target/graphicsfuzz/bin/Linux/glslangValidator -E --stdin -S comp
19:29:07.528 INFO  ExecHelper - Result: 0
19:29:07.888 INFO  ReductionDriver - Starting reduction for variant_220
19:29:07.900 INFO  ExecHelper - interestingness_test /opt/reduce/rtx_4070/syn_memory_converge/variant_220.comp reduction_results/rtx_4070/syn_memory_converge/variant_220/variant_220.json
19:29:07.902 INFO  StreamGobblerLogger - stderr.env: ‘interestingness_test’: No such file or directory
19:29:07.902 INFO  ExecHelper - Result: 127
19:29:07.902 INFO  CustomFileJudge - Custom file judge result: 127
19:29:07.902 INFO  ReductionDriver - Result from initial state is not interesting (attempt 1)
19:29:07.906 INFO  ExecHelper - interestingness_test /opt/reduce/rtx_4070/syn_memory_converge/variant_220.comp reduction_results/rtx_4070/syn_memory_converge/variant_220/variant_220.json
19:29:07.907 INFO  StreamGobblerLogger - stderr.env: ‘interestingness_test’: No such file or directory
19:29:07.908 INFO  ExecHelper - Result: 127
19:29:07.908 INFO  CustomFileJudge - Custom file judge result: 127
19:29:07.908 INFO  ReductionDriver - Result from initial state is not interesting (attempt 2)
19:29:07.911 INFO  ExecHelper - interestingness_test /opt/reduce/rtx_4070/syn_memory_converge/variant_220.comp reduction_results/rtx_4070/syn_memory_converge/variant_220/variant_220.json
19:29:07.912 INFO  StreamGobblerLogger - stderr.env: ‘interestingness_test’: No such file or directory
19:29:07.913 INFO  ExecHelper - Result: 127
19:29:07.913 INFO  CustomFileJudge - Custom file judge result: 127
19:29:07.913 INFO  ReductionDriver - Result from initial state is not interesting (attempt 3)
19:29:07.917 INFO  ExecHelper - interestingness_test /opt/reduce/rtx_4070/syn_memory_converge/variant_220.comp reduction_results/rtx_4070/syn_memory_converge/variant_220/variant_220.json
19:29:07.918 INFO  StreamGobblerLogger - stderr.env: ‘interestingness_test’: No such file or directory
19:29:07.918 INFO  ExecHelper - Result: 127
19:29:07.918 INFO  CustomFileJudge - Custom file judge result: 127
19:29:07.918 INFO  ReductionDriver - Result from initial state is not interesting (attempt 4)
19:29:07.922 INFO  ExecHelper - interestingness_test /opt/reduce/rtx_4070/syn_memory_converge/variant_220.comp reduction_results/rtx_4070/syn_memory_converge/variant_220/variant_220.json
19:29:07.923 INFO  StreamGobblerLogger - stderr.env: ‘interestingness_test’: No such file or directory
19:29:07.923 INFO  ExecHelper - Result: 127
19:29:07.923 INFO  CustomFileJudge - Custom file judge result: 127
19:29:07.923 INFO  ReductionDriver - Result from initial state is not interesting (attempt 5)
19:29:07.923 INFO  ReductionDriver - Tried 5 times; stopping.
Reduction command: java -ea -cp /opt/graphicsfuzz/graphicsfuzz/target/graphicsfuzz/python/drivers/../../jar/tool-1.0.jar com.graphicsfuzz.reducer.tool.GlslReduce /opt/reduce/rtx_4070/syn_memory_converge/variant_220.json interestingness_test --output reduction_results/rtx_4070/syn_memory_converge/variant_220 /opt/reduce/rtx_4070/syn_memory_converge/variant_220.comp
