18:44:28.321 INFO  ExecHelper - /opt/graphicsfuzz/graphicsfuzz/target/graphicsfuzz/bin/Linux/glslangValidator -E --stdin -S comp
18:44:28.434 INFO  ExecHelper - Result: 0
18:44:29.225 INFO  ReductionDriver - Starting reduction for variant_799
18:44:29.252 INFO  ExecHelper - interestingness_test /opt/reduce/intel_iris_xe_graphics/syn_branch_syn/variant_799.comp reduction_results/intel_iris_xe_graphics/syn_branch_syn/variant_799/variant_799.json
18:44:29.254 INFO  StreamGobblerLogger - stderr.env: ‘interestingness_test’: No such file or directory
18:44:29.254 INFO  ExecHelper - Result: 127
18:44:29.255 INFO  CustomFileJudge - Custom file judge result: 127
18:44:29.255 INFO  ReductionDriver - Result from initial state is not interesting (attempt 1)
18:44:29.270 INFO  ExecHelper - interestingness_test /opt/reduce/intel_iris_xe_graphics/syn_branch_syn/variant_799.comp reduction_results/intel_iris_xe_graphics/syn_branch_syn/variant_799/variant_799.json
18:44:29.271 INFO  StreamGobblerLogger - stderr.env: ‘interestingness_test’: No such file or directory
18:44:29.272 INFO  ExecHelper - Result: 127
18:44:29.272 INFO  CustomFileJudge - Custom file judge result: 127
18:44:29.272 INFO  ReductionDriver - Result from initial state is not interesting (attempt 2)
18:44:29.284 INFO  ExecHelper - interestingness_test /opt/reduce/intel_iris_xe_graphics/syn_branch_syn/variant_799.comp reduction_results/intel_iris_xe_graphics/syn_branch_syn/variant_799/variant_799.json
18:44:29.285 INFO  StreamGobblerLogger - stderr.env: ‘interestingness_test’: No such file or directory
18:44:29.286 INFO  ExecHelper - Result: 127
18:44:29.286 INFO  CustomFileJudge - Custom file judge result: 127
18:44:29.286 INFO  ReductionDriver - Result from initial state is not interesting (attempt 3)
18:44:29.298 INFO  ExecHelper - interestingness_test /opt/reduce/intel_iris_xe_graphics/syn_branch_syn/variant_799.comp reduction_results/intel_iris_xe_graphics/syn_branch_syn/variant_799/variant_799.json
18:44:29.299 INFO  StreamGobblerLogger - stderr.env: ‘interestingness_test’: No such file or directory
18:44:29.300 INFO  ExecHelper - Result: 127
18:44:29.300 INFO  CustomFileJudge - Custom file judge result: 127
18:44:29.300 INFO  ReductionDriver - Result from initial state is not interesting (attempt 4)
18:44:29.312 INFO  ExecHelper - interestingness_test /opt/reduce/intel_iris_xe_graphics/syn_branch_syn/variant_799.comp reduction_results/intel_iris_xe_graphics/syn_branch_syn/variant_799/variant_799.json
18:44:29.313 INFO  StreamGobblerLogger - stderr.env: ‘interestingness_test’: No such file or directory
18:44:29.313 INFO  ExecHelper - Result: 127
18:44:29.314 INFO  CustomFileJudge - Custom file judge result: 127
18:44:29.314 INFO  ReductionDriver - Result from initial state is not interesting (attempt 5)
18:44:29.314 INFO  ReductionDriver - Tried 5 times; stopping.
Reduction command: java -ea -cp /opt/graphicsfuzz/graphicsfuzz/target/graphicsfuzz/python/drivers/../../jar/tool-1.0.jar com.graphicsfuzz.reducer.tool.GlslReduce /opt/reduce/intel_iris_xe_graphics/syn_branch_syn/variant_799.json interestingness_test --output reduction_results/intel_iris_xe_graphics/syn_branch_syn/variant_799 /opt/reduce/intel_iris_xe_graphics/syn_branch_syn/variant_799.comp
