19:52:58.173 INFO  ExecHelper - /opt/graphicsfuzz/graphicsfuzz/target/graphicsfuzz/bin/Linux/glslangValidator -E --stdin -S comp
19:52:58.220 INFO  ExecHelper - Result: 0
19:52:58.314 INFO  ReductionDriver - Starting reduction for variant_856
19:52:58.326 INFO  ExecHelper - interestingness_test /opt/reduce/rtx_4070/syn_memory_converge_atomic/variant_856.comp reduction_results/rtx_4070/syn_memory_converge_atomic/variant_856/variant_856.json
19:52:58.327 INFO  StreamGobblerLogger - stderr.env: ‘interestingness_test’: No such file or directory
19:52:58.328 INFO  ExecHelper - Result: 127
19:52:58.328 INFO  CustomFileJudge - Custom file judge result: 127
19:52:58.328 INFO  ReductionDriver - Result from initial state is not interesting (attempt 1)
19:52:58.331 INFO  ExecHelper - interestingness_test /opt/reduce/rtx_4070/syn_memory_converge_atomic/variant_856.comp reduction_results/rtx_4070/syn_memory_converge_atomic/variant_856/variant_856.json
19:52:58.332 INFO  StreamGobblerLogger - stderr.env: ‘interestingness_test’: No such file or directory
19:52:58.333 INFO  ExecHelper - Result: 127
19:52:58.333 INFO  CustomFileJudge - Custom file judge result: 127
19:52:58.333 INFO  ReductionDriver - Result from initial state is not interesting (attempt 2)
19:52:58.335 INFO  ExecHelper - interestingness_test /opt/reduce/rtx_4070/syn_memory_converge_atomic/variant_856.comp reduction_results/rtx_4070/syn_memory_converge_atomic/variant_856/variant_856.json
19:52:58.337 INFO  StreamGobblerLogger - stderr.env: ‘interestingness_test’: No such file or directory
19:52:58.337 INFO  ExecHelper - Result: 127
19:52:58.337 INFO  CustomFileJudge - Custom file judge result: 127
19:52:58.337 INFO  ReductionDriver - Result from initial state is not interesting (attempt 3)
19:52:58.340 INFO  ExecHelper - interestingness_test /opt/reduce/rtx_4070/syn_memory_converge_atomic/variant_856.comp reduction_results/rtx_4070/syn_memory_converge_atomic/variant_856/variant_856.json
19:52:58.341 INFO  StreamGobblerLogger - stderr.env: ‘interestingness_test’: No such file or directory
19:52:58.341 INFO  ExecHelper - Result: 127
19:52:58.342 INFO  CustomFileJudge - Custom file judge result: 127
19:52:58.342 INFO  ReductionDriver - Result from initial state is not interesting (attempt 4)
19:52:58.345 INFO  ExecHelper - interestingness_test /opt/reduce/rtx_4070/syn_memory_converge_atomic/variant_856.comp reduction_results/rtx_4070/syn_memory_converge_atomic/variant_856/variant_856.json
19:52:58.346 INFO  StreamGobblerLogger - stderr.env: ‘interestingness_test’: No such file or directory
19:52:58.347 INFO  ExecHelper - Result: 127
19:52:58.347 INFO  CustomFileJudge - Custom file judge result: 127
19:52:58.347 INFO  ReductionDriver - Result from initial state is not interesting (attempt 5)
19:52:58.347 INFO  ReductionDriver - Tried 5 times; stopping.
Reduction command: java -ea -cp /opt/graphicsfuzz/graphicsfuzz/target/graphicsfuzz/python/drivers/../../jar/tool-1.0.jar com.graphicsfuzz.reducer.tool.GlslReduce /opt/reduce/rtx_4070/syn_memory_converge_atomic/variant_856.json interestingness_test --output reduction_results/rtx_4070/syn_memory_converge_atomic/variant_856 /opt/reduce/rtx_4070/syn_memory_converge_atomic/variant_856.comp
