18:55:24.965 INFO  ExecHelper - /opt/graphicsfuzz/graphicsfuzz/target/graphicsfuzz/bin/Linux/glslangValidator -E --stdin -S comp
18:55:25.024 INFO  ExecHelper - Result: 0
18:55:25.752 INFO  ReductionDriver - Starting reduction for variant_380
18:55:25.795 INFO  ExecHelper - interestingness_test /opt/reduce/intel_iris_xe_graphics/syn_memory_converge/variant_380.comp reduction_results/intel_iris_xe_graphics/syn_memory_converge/variant_380/variant_380.json
18:55:25.796 INFO  StreamGobblerLogger - stderr.env: ‘interestingness_test’: No such file or directory
18:55:25.796 INFO  ExecHelper - Result: 127
18:55:25.797 INFO  CustomFileJudge - Custom file judge result: 127
18:55:25.797 INFO  ReductionDriver - Result from initial state is not interesting (attempt 1)
18:55:25.826 INFO  ExecHelper - interestingness_test /opt/reduce/intel_iris_xe_graphics/syn_memory_converge/variant_380.comp reduction_results/intel_iris_xe_graphics/syn_memory_converge/variant_380/variant_380.json
18:55:25.827 INFO  StreamGobblerLogger - stderr.env: ‘interestingness_test’: No such file or directory
18:55:25.828 INFO  ExecHelper - Result: 127
18:55:25.828 INFO  CustomFileJudge - Custom file judge result: 127
18:55:25.828 INFO  ReductionDriver - Result from initial state is not interesting (attempt 2)
18:55:25.857 INFO  ExecHelper - interestingness_test /opt/reduce/intel_iris_xe_graphics/syn_memory_converge/variant_380.comp reduction_results/intel_iris_xe_graphics/syn_memory_converge/variant_380/variant_380.json
18:55:25.858 INFO  StreamGobblerLogger - stderr.env: ‘interestingness_test’: No such file or directory
18:55:25.859 INFO  ExecHelper - Result: 127
18:55:25.859 INFO  CustomFileJudge - Custom file judge result: 127
18:55:25.859 INFO  ReductionDriver - Result from initial state is not interesting (attempt 3)
18:55:25.885 INFO  ExecHelper - interestingness_test /opt/reduce/intel_iris_xe_graphics/syn_memory_converge/variant_380.comp reduction_results/intel_iris_xe_graphics/syn_memory_converge/variant_380/variant_380.json
18:55:25.886 INFO  StreamGobblerLogger - stderr.env: ‘interestingness_test’: No such file or directory
18:55:25.887 INFO  ExecHelper - Result: 127
18:55:25.887 INFO  CustomFileJudge - Custom file judge result: 127
18:55:25.887 INFO  ReductionDriver - Result from initial state is not interesting (attempt 4)
18:55:25.912 INFO  ExecHelper - interestingness_test /opt/reduce/intel_iris_xe_graphics/syn_memory_converge/variant_380.comp reduction_results/intel_iris_xe_graphics/syn_memory_converge/variant_380/variant_380.json
18:55:25.914 INFO  StreamGobblerLogger - stderr.env: ‘interestingness_test’: No such file or directory
18:55:25.914 INFO  ExecHelper - Result: 127
18:55:25.914 INFO  CustomFileJudge - Custom file judge result: 127
18:55:25.914 INFO  ReductionDriver - Result from initial state is not interesting (attempt 5)
18:55:25.915 INFO  ReductionDriver - Tried 5 times; stopping.
Reduction command: java -ea -cp /opt/graphicsfuzz/graphicsfuzz/target/graphicsfuzz/python/drivers/../../jar/tool-1.0.jar com.graphicsfuzz.reducer.tool.GlslReduce /opt/reduce/intel_iris_xe_graphics/syn_memory_converge/variant_380.json interestingness_test --output reduction_results/intel_iris_xe_graphics/syn_memory_converge/variant_380 /opt/reduce/intel_iris_xe_graphics/syn_memory_converge/variant_380.comp
