19:45:01.821 INFO  ExecHelper - /opt/graphicsfuzz/graphicsfuzz/target/graphicsfuzz/bin/Linux/glslangValidator -E --stdin -S comp
19:45:01.878 INFO  ExecHelper - Result: 0
19:45:02.245 INFO  ReductionDriver - Starting reduction for variant_325
19:45:02.343 INFO  ExecHelper - interestingness_test /opt/reduce/rtx_4070/syn_memory_converge_atomic/variant_325.comp reduction_results/rtx_4070/syn_memory_converge_atomic/variant_325/variant_325.json
19:45:02.345 INFO  StreamGobblerLogger - stderr.env: ‘interestingness_test’: No such file or directory
19:45:02.346 INFO  ExecHelper - Result: 127
19:45:02.346 INFO  CustomFileJudge - Custom file judge result: 127
19:45:02.346 INFO  ReductionDriver - Result from initial state is not interesting (attempt 1)
19:45:02.433 INFO  ExecHelper - interestingness_test /opt/reduce/rtx_4070/syn_memory_converge_atomic/variant_325.comp reduction_results/rtx_4070/syn_memory_converge_atomic/variant_325/variant_325.json
19:45:02.434 INFO  StreamGobblerLogger - stderr.env: ‘interestingness_test’: No such file or directory
19:45:02.435 INFO  ExecHelper - Result: 127
19:45:02.435 INFO  CustomFileJudge - Custom file judge result: 127
19:45:02.435 INFO  ReductionDriver - Result from initial state is not interesting (attempt 2)
19:45:02.522 INFO  ExecHelper - interestingness_test /opt/reduce/rtx_4070/syn_memory_converge_atomic/variant_325.comp reduction_results/rtx_4070/syn_memory_converge_atomic/variant_325/variant_325.json
19:45:02.524 INFO  StreamGobblerLogger - stderr.env: ‘interestingness_test’: No such file or directory
19:45:02.525 INFO  ExecHelper - Result: 127
19:45:02.525 INFO  CustomFileJudge - Custom file judge result: 127
19:45:02.525 INFO  ReductionDriver - Result from initial state is not interesting (attempt 3)
19:45:02.602 INFO  ExecHelper - interestingness_test /opt/reduce/rtx_4070/syn_memory_converge_atomic/variant_325.comp reduction_results/rtx_4070/syn_memory_converge_atomic/variant_325/variant_325.json
19:45:02.604 INFO  StreamGobblerLogger - stderr.env: ‘interestingness_test’: No such file or directory
19:45:02.604 INFO  ExecHelper - Result: 127
19:45:02.604 INFO  CustomFileJudge - Custom file judge result: 127
19:45:02.604 INFO  ReductionDriver - Result from initial state is not interesting (attempt 4)
19:45:02.682 INFO  ExecHelper - interestingness_test /opt/reduce/rtx_4070/syn_memory_converge_atomic/variant_325.comp reduction_results/rtx_4070/syn_memory_converge_atomic/variant_325/variant_325.json
19:45:02.684 INFO  StreamGobblerLogger - stderr.env: ‘interestingness_test’: No such file or directory
19:45:02.685 INFO  ExecHelper - Result: 127
19:45:02.685 INFO  CustomFileJudge - Custom file judge result: 127
19:45:02.685 INFO  ReductionDriver - Result from initial state is not interesting (attempt 5)
19:45:02.685 INFO  ReductionDriver - Tried 5 times; stopping.
Reduction command: java -ea -cp /opt/graphicsfuzz/graphicsfuzz/target/graphicsfuzz/python/drivers/../../jar/tool-1.0.jar com.graphicsfuzz.reducer.tool.GlslReduce /opt/reduce/rtx_4070/syn_memory_converge_atomic/variant_325.json interestingness_test --output reduction_results/rtx_4070/syn_memory_converge_atomic/variant_325 /opt/reduce/rtx_4070/syn_memory_converge_atomic/variant_325.comp
