19:00:13.932 INFO  ExecHelper - /opt/graphicsfuzz/graphicsfuzz/target/graphicsfuzz/bin/Linux/glslangValidator -E --stdin -S comp
19:00:14.079 INFO  ExecHelper - Result: 0
19:00:15.061 INFO  ReductionDriver - Starting reduction for variant_720
19:00:15.078 INFO  ExecHelper - interestingness_test /opt/reduce/intel_iris_xe_graphics/syn_memory_converge/variant_720.comp reduction_results/intel_iris_xe_graphics/syn_memory_converge/variant_720/variant_720.json
19:00:15.079 INFO  StreamGobblerLogger - stderr.env: ‘interestingness_test’: No such file or directory
19:00:15.080 INFO  ExecHelper - Result: 127
19:00:15.080 INFO  CustomFileJudge - Custom file judge result: 127
19:00:15.080 INFO  ReductionDriver - Result from initial state is not interesting (attempt 1)
19:00:15.088 INFO  ExecHelper - interestingness_test /opt/reduce/intel_iris_xe_graphics/syn_memory_converge/variant_720.comp reduction_results/intel_iris_xe_graphics/syn_memory_converge/variant_720/variant_720.json
19:00:15.089 INFO  StreamGobblerLogger - stderr.env: ‘interestingness_test’: No such file or directory
19:00:15.090 INFO  ExecHelper - Result: 127
19:00:15.090 INFO  CustomFileJudge - Custom file judge result: 127
19:00:15.090 INFO  ReductionDriver - Result from initial state is not interesting (attempt 2)
19:00:15.099 INFO  ExecHelper - interestingness_test /opt/reduce/intel_iris_xe_graphics/syn_memory_converge/variant_720.comp reduction_results/intel_iris_xe_graphics/syn_memory_converge/variant_720/variant_720.json
19:00:15.100 INFO  StreamGobblerLogger - stderr.env: ‘interestingness_test’: No such file or directory
19:00:15.100 INFO  ExecHelper - Result: 127
19:00:15.100 INFO  CustomFileJudge - Custom file judge result: 127
19:00:15.100 INFO  ReductionDriver - Result from initial state is not interesting (attempt 3)
19:00:15.106 INFO  ExecHelper - interestingness_test /opt/reduce/intel_iris_xe_graphics/syn_memory_converge/variant_720.comp reduction_results/intel_iris_xe_graphics/syn_memory_converge/variant_720/variant_720.json
19:00:15.107 INFO  StreamGobblerLogger - stderr.env: ‘interestingness_test’: No such file or directory
19:00:15.108 INFO  ExecHelper - Result: 127
19:00:15.108 INFO  CustomFileJudge - Custom file judge result: 127
19:00:15.108 INFO  ReductionDriver - Result from initial state is not interesting (attempt 4)
19:00:15.114 INFO  ExecHelper - interestingness_test /opt/reduce/intel_iris_xe_graphics/syn_memory_converge/variant_720.comp reduction_results/intel_iris_xe_graphics/syn_memory_converge/variant_720/variant_720.json
19:00:15.115 INFO  StreamGobblerLogger - stderr.env: ‘interestingness_test’: No such file or directory
19:00:15.115 INFO  ExecHelper - Result: 127
19:00:15.115 INFO  CustomFileJudge - Custom file judge result: 127
19:00:15.115 INFO  ReductionDriver - Result from initial state is not interesting (attempt 5)
19:00:15.115 INFO  ReductionDriver - Tried 5 times; stopping.
Reduction command: java -ea -cp /opt/graphicsfuzz/graphicsfuzz/target/graphicsfuzz/python/drivers/../../jar/tool-1.0.jar com.graphicsfuzz.reducer.tool.GlslReduce /opt/reduce/intel_iris_xe_graphics/syn_memory_converge/variant_720.json interestingness_test --output reduction_results/intel_iris_xe_graphics/syn_memory_converge/variant_720 /opt/reduce/intel_iris_xe_graphics/syn_memory_converge/variant_720.comp
