18:12:45.850 INFO  ExecHelper - /opt/graphicsfuzz/graphicsfuzz/target/graphicsfuzz/bin/Linux/glslangValidator -E --stdin -S comp
18:12:45.927 INFO  ExecHelper - Result: 0
18:12:47.173 INFO  ReductionDriver - Starting reduction for variant_562
18:12:47.252 INFO  ExecHelper - interestingness_test /opt/reduce/cezanne_radeon_vega/syn_lock_step/variant_562.comp reduction_results/cezanne_radeon_vega/syn_lock_step/variant_562/variant_562.json
18:12:47.254 INFO  StreamGobblerLogger - stderr.env: ‘interestingness_test’: No such file or directory
18:12:47.254 INFO  ExecHelper - Result: 127
18:12:47.255 INFO  CustomFileJudge - Custom file judge result: 127
18:12:47.255 INFO  ReductionDriver - Result from initial state is not interesting (attempt 1)
18:12:47.321 INFO  ExecHelper - interestingness_test /opt/reduce/cezanne_radeon_vega/syn_lock_step/variant_562.comp reduction_results/cezanne_radeon_vega/syn_lock_step/variant_562/variant_562.json
18:12:47.323 INFO  StreamGobblerLogger - stderr.env: ‘interestingness_test’: No such file or directory
18:12:47.323 INFO  ExecHelper - Result: 127
18:12:47.323 INFO  CustomFileJudge - Custom file judge result: 127
18:12:47.323 INFO  ReductionDriver - Result from initial state is not interesting (attempt 2)
18:12:47.386 INFO  ExecHelper - interestingness_test /opt/reduce/cezanne_radeon_vega/syn_lock_step/variant_562.comp reduction_results/cezanne_radeon_vega/syn_lock_step/variant_562/variant_562.json
18:12:47.388 INFO  StreamGobblerLogger - stderr.env: ‘interestingness_test’: No such file or directory
18:12:47.388 INFO  ExecHelper - Result: 127
18:12:47.388 INFO  CustomFileJudge - Custom file judge result: 127
18:12:47.388 INFO  ReductionDriver - Result from initial state is not interesting (attempt 3)
18:12:47.451 INFO  ExecHelper - interestingness_test /opt/reduce/cezanne_radeon_vega/syn_lock_step/variant_562.comp reduction_results/cezanne_radeon_vega/syn_lock_step/variant_562/variant_562.json
18:12:47.452 INFO  StreamGobblerLogger - stderr.env: ‘interestingness_test’: No such file or directory
18:12:47.452 INFO  ExecHelper - Result: 127
18:12:47.453 INFO  CustomFileJudge - Custom file judge result: 127
18:12:47.453 INFO  ReductionDriver - Result from initial state is not interesting (attempt 4)
18:12:47.515 INFO  ExecHelper - interestingness_test /opt/reduce/cezanne_radeon_vega/syn_lock_step/variant_562.comp reduction_results/cezanne_radeon_vega/syn_lock_step/variant_562/variant_562.json
18:12:47.516 INFO  StreamGobblerLogger - stderr.env: ‘interestingness_test’: No such file or directory
18:12:47.517 INFO  ExecHelper - Result: 127
18:12:47.517 INFO  CustomFileJudge - Custom file judge result: 127
18:12:47.517 INFO  ReductionDriver - Result from initial state is not interesting (attempt 5)
18:12:47.517 INFO  ReductionDriver - Tried 5 times; stopping.
Reduction command: java -ea -cp /opt/graphicsfuzz/graphicsfuzz/target/graphicsfuzz/python/drivers/../../jar/tool-1.0.jar com.graphicsfuzz.reducer.tool.GlslReduce /opt/reduce/cezanne_radeon_vega/syn_lock_step/variant_562.json interestingness_test --output reduction_results/cezanne_radeon_vega/syn_lock_step/variant_562 /opt/reduce/cezanne_radeon_vega/syn_lock_step/variant_562.comp
