19:09:03.369 INFO  ExecHelper - /opt/graphicsfuzz/graphicsfuzz/target/graphicsfuzz/bin/Linux/glslangValidator -E --stdin -S comp
19:09:03.423 INFO  ExecHelper - Result: 0
19:09:03.694 INFO  ReductionDriver - Starting reduction for variant_334
19:09:03.750 INFO  ExecHelper - interestingness_test /opt/reduce/intel_iris_xe_graphics/syn_memory_converge_atomic/variant_334.comp reduction_results/intel_iris_xe_graphics/syn_memory_converge_atomic/variant_334/variant_334.json
19:09:03.751 INFO  StreamGobblerLogger - stderr.env: ‘interestingness_test’: No such file or directory
19:09:03.752 INFO  ExecHelper - Result: 127
19:09:03.752 INFO  CustomFileJudge - Custom file judge result: 127
19:09:03.752 INFO  ReductionDriver - Result from initial state is not interesting (attempt 1)
19:09:03.793 INFO  ExecHelper - interestingness_test /opt/reduce/intel_iris_xe_graphics/syn_memory_converge_atomic/variant_334.comp reduction_results/intel_iris_xe_graphics/syn_memory_converge_atomic/variant_334/variant_334.json
19:09:03.794 INFO  StreamGobblerLogger - stderr.env: ‘interestingness_test’: No such file or directory
19:09:03.795 INFO  ExecHelper - Result: 127
19:09:03.795 INFO  CustomFileJudge - Custom file judge result: 127
19:09:03.795 INFO  ReductionDriver - Result from initial state is not interesting (attempt 2)
19:09:03.832 INFO  ExecHelper - interestingness_test /opt/reduce/intel_iris_xe_graphics/syn_memory_converge_atomic/variant_334.comp reduction_results/intel_iris_xe_graphics/syn_memory_converge_atomic/variant_334/variant_334.json
19:09:03.834 INFO  StreamGobblerLogger - stderr.env: ‘interestingness_test’: No such file or directory
19:09:03.834 INFO  ExecHelper - Result: 127
19:09:03.835 INFO  CustomFileJudge - Custom file judge result: 127
19:09:03.835 INFO  ReductionDriver - Result from initial state is not interesting (attempt 3)
19:09:03.872 INFO  ExecHelper - interestingness_test /opt/reduce/intel_iris_xe_graphics/syn_memory_converge_atomic/variant_334.comp reduction_results/intel_iris_xe_graphics/syn_memory_converge_atomic/variant_334/variant_334.json
19:09:03.873 INFO  StreamGobblerLogger - stderr.env: ‘interestingness_test’: No such file or directory
19:09:03.874 INFO  ExecHelper - Result: 127
19:09:03.874 INFO  CustomFileJudge - Custom file judge result: 127
19:09:03.874 INFO  ReductionDriver - Result from initial state is not interesting (attempt 4)
19:09:03.911 INFO  ExecHelper - interestingness_test /opt/reduce/intel_iris_xe_graphics/syn_memory_converge_atomic/variant_334.comp reduction_results/intel_iris_xe_graphics/syn_memory_converge_atomic/variant_334/variant_334.json
19:09:03.913 INFO  StreamGobblerLogger - stderr.env: ‘interestingness_test’: No such file or directory
19:09:03.913 INFO  ExecHelper - Result: 127
19:09:03.913 INFO  CustomFileJudge - Custom file judge result: 127
19:09:03.913 INFO  ReductionDriver - Result from initial state is not interesting (attempt 5)
19:09:03.913 INFO  ReductionDriver - Tried 5 times; stopping.
Reduction command: java -ea -cp /opt/graphicsfuzz/graphicsfuzz/target/graphicsfuzz/python/drivers/../../jar/tool-1.0.jar com.graphicsfuzz.reducer.tool.GlslReduce /opt/reduce/intel_iris_xe_graphics/syn_memory_converge_atomic/variant_334.json interestingness_test --output reduction_results/intel_iris_xe_graphics/syn_memory_converge_atomic/variant_334 /opt/reduce/intel_iris_xe_graphics/syn_memory_converge_atomic/variant_334.comp
