18:33:49.681 INFO  ExecHelper - /opt/graphicsfuzz/graphicsfuzz/target/graphicsfuzz/bin/Linux/glslangValidator -E --stdin -S comp
18:33:49.735 INFO  ExecHelper - Result: 0
18:33:50.116 INFO  ReductionDriver - Starting reduction for variant_481
18:33:50.184 INFO  ExecHelper - interestingness_test /opt/reduce/cezanne_radeon_vega/syn_memory_converge_atomic/variant_481.comp reduction_results/cezanne_radeon_vega/syn_memory_converge_atomic/variant_481/variant_481.json
18:33:50.186 INFO  StreamGobblerLogger - stderr.env: ‘interestingness_test’: No such file or directory
18:33:50.187 INFO  ExecHelper - Result: 127
18:33:50.187 INFO  CustomFileJudge - Custom file judge result: 127
18:33:50.187 INFO  ReductionDriver - Result from initial state is not interesting (attempt 1)
18:33:50.243 INFO  ExecHelper - interestingness_test /opt/reduce/cezanne_radeon_vega/syn_memory_converge_atomic/variant_481.comp reduction_results/cezanne_radeon_vega/syn_memory_converge_atomic/variant_481/variant_481.json
18:33:50.244 INFO  StreamGobblerLogger - stderr.env: ‘interestingness_test’: No such file or directory
18:33:50.245 INFO  ExecHelper - Result: 127
18:33:50.245 INFO  CustomFileJudge - Custom file judge result: 127
18:33:50.245 INFO  ReductionDriver - Result from initial state is not interesting (attempt 2)
18:33:50.300 INFO  ExecHelper - interestingness_test /opt/reduce/cezanne_radeon_vega/syn_memory_converge_atomic/variant_481.comp reduction_results/cezanne_radeon_vega/syn_memory_converge_atomic/variant_481/variant_481.json
18:33:50.301 INFO  StreamGobblerLogger - stderr.env: ‘interestingness_test’: No such file or directory
18:33:50.303 INFO  ExecHelper - Result: 127
18:33:50.303 INFO  CustomFileJudge - Custom file judge result: 127
18:33:50.303 INFO  ReductionDriver - Result from initial state is not interesting (attempt 3)
18:33:50.353 INFO  ExecHelper - interestingness_test /opt/reduce/cezanne_radeon_vega/syn_memory_converge_atomic/variant_481.comp reduction_results/cezanne_radeon_vega/syn_memory_converge_atomic/variant_481/variant_481.json
18:33:50.354 INFO  StreamGobblerLogger - stderr.env: ‘interestingness_test’: No such file or directory
18:33:50.355 INFO  ExecHelper - Result: 127
18:33:50.355 INFO  CustomFileJudge - Custom file judge result: 127
18:33:50.355 INFO  ReductionDriver - Result from initial state is not interesting (attempt 4)
18:33:50.404 INFO  ExecHelper - interestingness_test /opt/reduce/cezanne_radeon_vega/syn_memory_converge_atomic/variant_481.comp reduction_results/cezanne_radeon_vega/syn_memory_converge_atomic/variant_481/variant_481.json
18:33:50.405 INFO  StreamGobblerLogger - stderr.env: ‘interestingness_test’: No such file or directory
18:33:50.405 INFO  ExecHelper - Result: 127
18:33:50.405 INFO  CustomFileJudge - Custom file judge result: 127
18:33:50.405 INFO  ReductionDriver - Result from initial state is not interesting (attempt 5)
18:33:50.405 INFO  ReductionDriver - Tried 5 times; stopping.
Reduction command: java -ea -cp /opt/graphicsfuzz/graphicsfuzz/target/graphicsfuzz/python/drivers/../../jar/tool-1.0.jar com.graphicsfuzz.reducer.tool.GlslReduce /opt/reduce/cezanne_radeon_vega/syn_memory_converge_atomic/variant_481.json interestingness_test --output reduction_results/cezanne_radeon_vega/syn_memory_converge_atomic/variant_481 /opt/reduce/cezanne_radeon_vega/syn_memory_converge_atomic/variant_481.comp
