18:37:19.692 INFO  ExecHelper - /opt/graphicsfuzz/graphicsfuzz/target/graphicsfuzz/bin/Linux/glslangValidator -E --stdin -S comp
18:37:19.783 INFO  ExecHelper - Result: 0
18:37:20.872 INFO  ReductionDriver - Starting reduction for variant_713
18:37:20.897 INFO  ExecHelper - interestingness_test /opt/reduce/cezanne_radeon_vega/syn_memory_converge_atomic/variant_713.comp reduction_results/cezanne_radeon_vega/syn_memory_converge_atomic/variant_713/variant_713.json
18:37:20.914 INFO  StreamGobblerLogger - stderr.env: ‘interestingness_test’: No such file or directory
18:37:20.914 INFO  ExecHelper - Result: 127
18:37:20.914 INFO  CustomFileJudge - Custom file judge result: 127
18:37:20.914 INFO  ReductionDriver - Result from initial state is not interesting (attempt 1)
18:37:20.930 INFO  ExecHelper - interestingness_test /opt/reduce/cezanne_radeon_vega/syn_memory_converge_atomic/variant_713.comp reduction_results/cezanne_radeon_vega/syn_memory_converge_atomic/variant_713/variant_713.json
18:37:20.931 INFO  StreamGobblerLogger - stderr.env: ‘interestingness_test’: No such file or directory
18:37:20.932 INFO  ExecHelper - Result: 127
18:37:20.932 INFO  CustomFileJudge - Custom file judge result: 127
18:37:20.932 INFO  ReductionDriver - Result from initial state is not interesting (attempt 2)
18:37:20.945 INFO  ExecHelper - interestingness_test /opt/reduce/cezanne_radeon_vega/syn_memory_converge_atomic/variant_713.comp reduction_results/cezanne_radeon_vega/syn_memory_converge_atomic/variant_713/variant_713.json
18:37:20.947 INFO  StreamGobblerLogger - stderr.env: ‘interestingness_test’: No such file or directory
18:37:20.947 INFO  ExecHelper - Result: 127
18:37:20.947 INFO  CustomFileJudge - Custom file judge result: 127
18:37:20.947 INFO  ReductionDriver - Result from initial state is not interesting (attempt 3)
18:37:20.958 INFO  ExecHelper - interestingness_test /opt/reduce/cezanne_radeon_vega/syn_memory_converge_atomic/variant_713.comp reduction_results/cezanne_radeon_vega/syn_memory_converge_atomic/variant_713/variant_713.json
18:37:20.960 INFO  StreamGobblerLogger - stderr.env: ‘interestingness_test’: No such file or directory
18:37:20.961 INFO  ExecHelper - Result: 127
18:37:20.961 INFO  CustomFileJudge - Custom file judge result: 127
18:37:20.961 INFO  ReductionDriver - Result from initial state is not interesting (attempt 4)
18:37:20.972 INFO  ExecHelper - interestingness_test /opt/reduce/cezanne_radeon_vega/syn_memory_converge_atomic/variant_713.comp reduction_results/cezanne_radeon_vega/syn_memory_converge_atomic/variant_713/variant_713.json
18:37:20.973 INFO  StreamGobblerLogger - stderr.env: ‘interestingness_test’: No such file or directory
18:37:20.974 INFO  ExecHelper - Result: 127
18:37:20.974 INFO  CustomFileJudge - Custom file judge result: 127
18:37:20.974 INFO  ReductionDriver - Result from initial state is not interesting (attempt 5)
18:37:20.974 INFO  ReductionDriver - Tried 5 times; stopping.
Reduction command: java -ea -cp /opt/graphicsfuzz/graphicsfuzz/target/graphicsfuzz/python/drivers/../../jar/tool-1.0.jar com.graphicsfuzz.reducer.tool.GlslReduce /opt/reduce/cezanne_radeon_vega/syn_memory_converge_atomic/variant_713.json interestingness_test --output reduction_results/cezanne_radeon_vega/syn_memory_converge_atomic/variant_713 /opt/reduce/cezanne_radeon_vega/syn_memory_converge_atomic/variant_713.comp
