18:45:48.220 INFO  ExecHelper - /opt/graphicsfuzz/graphicsfuzz/target/graphicsfuzz/bin/Linux/glslangValidator -E --stdin -S comp
18:45:48.382 INFO  ExecHelper - Result: 0
18:45:49.097 INFO  ReductionDriver - Starting reduction for variant_965
18:45:49.117 INFO  ExecHelper - interestingness_test /opt/reduce/intel_iris_xe_graphics/syn_branch_syn_relax/variant_965.comp reduction_results/intel_iris_xe_graphics/syn_branch_syn_relax/variant_965/variant_965.json
18:45:49.119 INFO  StreamGobblerLogger - stderr.env: ‘interestingness_test’: No such file or directory
18:45:49.119 INFO  ExecHelper - Result: 127
18:45:49.119 INFO  CustomFileJudge - Custom file judge result: 127
18:45:49.119 INFO  ReductionDriver - Result from initial state is not interesting (attempt 1)
18:45:49.131 INFO  ExecHelper - interestingness_test /opt/reduce/intel_iris_xe_graphics/syn_branch_syn_relax/variant_965.comp reduction_results/intel_iris_xe_graphics/syn_branch_syn_relax/variant_965/variant_965.json
18:45:49.132 INFO  StreamGobblerLogger - stderr.env: ‘interestingness_test’: No such file or directory
18:45:49.133 INFO  ExecHelper - Result: 127
18:45:49.133 INFO  CustomFileJudge - Custom file judge result: 127
18:45:49.133 INFO  ReductionDriver - Result from initial state is not interesting (attempt 2)
18:45:49.142 INFO  ExecHelper - interestingness_test /opt/reduce/intel_iris_xe_graphics/syn_branch_syn_relax/variant_965.comp reduction_results/intel_iris_xe_graphics/syn_branch_syn_relax/variant_965/variant_965.json
18:45:49.143 INFO  StreamGobblerLogger - stderr.env: ‘interestingness_test’: No such file or directory
18:45:49.144 INFO  ExecHelper - Result: 127
18:45:49.144 INFO  CustomFileJudge - Custom file judge result: 127
18:45:49.144 INFO  ReductionDriver - Result from initial state is not interesting (attempt 3)
18:45:49.152 INFO  ExecHelper - interestingness_test /opt/reduce/intel_iris_xe_graphics/syn_branch_syn_relax/variant_965.comp reduction_results/intel_iris_xe_graphics/syn_branch_syn_relax/variant_965/variant_965.json
18:45:49.153 INFO  StreamGobblerLogger - stderr.env: ‘interestingness_test’: No such file or directory
18:45:49.154 INFO  ExecHelper - Result: 127
18:45:49.154 INFO  CustomFileJudge - Custom file judge result: 127
18:45:49.154 INFO  ReductionDriver - Result from initial state is not interesting (attempt 4)
18:45:49.162 INFO  ExecHelper - interestingness_test /opt/reduce/intel_iris_xe_graphics/syn_branch_syn_relax/variant_965.comp reduction_results/intel_iris_xe_graphics/syn_branch_syn_relax/variant_965/variant_965.json
18:45:49.163 INFO  StreamGobblerLogger - stderr.env: ‘interestingness_test’: No such file or directory
18:45:49.163 INFO  ExecHelper - Result: 127
18:45:49.163 INFO  CustomFileJudge - Custom file judge result: 127
18:45:49.163 INFO  ReductionDriver - Result from initial state is not interesting (attempt 5)
18:45:49.163 INFO  ReductionDriver - Tried 5 times; stopping.
Reduction command: java -ea -cp /opt/graphicsfuzz/graphicsfuzz/target/graphicsfuzz/python/drivers/../../jar/tool-1.0.jar com.graphicsfuzz.reducer.tool.GlslReduce /opt/reduce/intel_iris_xe_graphics/syn_branch_syn_relax/variant_965.json interestingness_test --output reduction_results/intel_iris_xe_graphics/syn_branch_syn_relax/variant_965 /opt/reduce/intel_iris_xe_graphics/syn_branch_syn_relax/variant_965.comp
