19:22:30.403 INFO  ExecHelper - /opt/graphicsfuzz/graphicsfuzz/target/graphicsfuzz/bin/Linux/glslangValidator -E --stdin -S comp
19:22:30.458 INFO  ExecHelper - Result: 0
19:22:31.030 INFO  ReductionDriver - Starting reduction for variant_811
19:22:31.080 INFO  ExecHelper - interestingness_test /opt/reduce/intel_iris_xe_graphics/syn_subgroup_op_release/variant_811.comp reduction_results/intel_iris_xe_graphics/syn_subgroup_op_release/variant_811/variant_811.json
19:22:31.082 INFO  StreamGobblerLogger - stderr.env: ‘interestingness_test’: No such file or directory
19:22:31.083 INFO  ExecHelper - Result: 127
19:22:31.083 INFO  CustomFileJudge - Custom file judge result: 127
19:22:31.083 INFO  ReductionDriver - Result from initial state is not interesting (attempt 1)
19:22:31.119 INFO  ExecHelper - interestingness_test /opt/reduce/intel_iris_xe_graphics/syn_subgroup_op_release/variant_811.comp reduction_results/intel_iris_xe_graphics/syn_subgroup_op_release/variant_811/variant_811.json
19:22:31.120 INFO  StreamGobblerLogger - stderr.env: ‘interestingness_test’: No such file or directory
19:22:31.121 INFO  ExecHelper - Result: 127
19:22:31.121 INFO  CustomFileJudge - Custom file judge result: 127
19:22:31.121 INFO  ReductionDriver - Result from initial state is not interesting (attempt 2)
19:22:31.154 INFO  ExecHelper - interestingness_test /opt/reduce/intel_iris_xe_graphics/syn_subgroup_op_release/variant_811.comp reduction_results/intel_iris_xe_graphics/syn_subgroup_op_release/variant_811/variant_811.json
19:22:31.155 INFO  StreamGobblerLogger - stderr.env: ‘interestingness_test’: No such file or directory
19:22:31.156 INFO  ExecHelper - Result: 127
19:22:31.156 INFO  CustomFileJudge - Custom file judge result: 127
19:22:31.156 INFO  ReductionDriver - Result from initial state is not interesting (attempt 3)
19:22:31.188 INFO  ExecHelper - interestingness_test /opt/reduce/intel_iris_xe_graphics/syn_subgroup_op_release/variant_811.comp reduction_results/intel_iris_xe_graphics/syn_subgroup_op_release/variant_811/variant_811.json
19:22:31.189 INFO  StreamGobblerLogger - stderr.env: ‘interestingness_test’: No such file or directory
19:22:31.190 INFO  ExecHelper - Result: 127
19:22:31.190 INFO  CustomFileJudge - Custom file judge result: 127
19:22:31.190 INFO  ReductionDriver - Result from initial state is not interesting (attempt 4)
19:22:31.221 INFO  ExecHelper - interestingness_test /opt/reduce/intel_iris_xe_graphics/syn_subgroup_op_release/variant_811.comp reduction_results/intel_iris_xe_graphics/syn_subgroup_op_release/variant_811/variant_811.json
19:22:31.223 INFO  StreamGobblerLogger - stderr.env: ‘interestingness_test’: No such file or directory
19:22:31.223 INFO  ExecHelper - Result: 127
19:22:31.224 INFO  CustomFileJudge - Custom file judge result: 127
19:22:31.224 INFO  ReductionDriver - Result from initial state is not interesting (attempt 5)
19:22:31.224 INFO  ReductionDriver - Tried 5 times; stopping.
Reduction command: java -ea -cp /opt/graphicsfuzz/graphicsfuzz/target/graphicsfuzz/python/drivers/../../jar/tool-1.0.jar com.graphicsfuzz.reducer.tool.GlslReduce /opt/reduce/intel_iris_xe_graphics/syn_subgroup_op_release/variant_811.json interestingness_test --output reduction_results/intel_iris_xe_graphics/syn_subgroup_op_release/variant_811 /opt/reduce/intel_iris_xe_graphics/syn_subgroup_op_release/variant_811.comp
