18:19:50.500 INFO  ExecHelper - /opt/graphicsfuzz/graphicsfuzz/target/graphicsfuzz/bin/Linux/glslangValidator -E --stdin -S comp
18:19:50.562 INFO  ExecHelper - Result: 0
18:19:59.153 INFO  ReductionDriver - Starting reduction for variant_453
18:19:59.701 INFO  ExecHelper - interestingness_test /opt/reduce/cezanne_radeon_vega/syn_memory_converge/variant_453.comp reduction_results/cezanne_radeon_vega/syn_memory_converge/variant_453/variant_453.json
18:19:59.704 INFO  StreamGobblerLogger - stderr.env: ‘interestingness_test’: No such file or directory
18:19:59.704 INFO  ExecHelper - Result: 127
18:19:59.704 INFO  CustomFileJudge - Custom file judge result: 127
18:19:59.704 INFO  ReductionDriver - Result from initial state is not interesting (attempt 1)
18:20:00.250 INFO  ExecHelper - interestingness_test /opt/reduce/cezanne_radeon_vega/syn_memory_converge/variant_453.comp reduction_results/cezanne_radeon_vega/syn_memory_converge/variant_453/variant_453.json
18:20:00.252 INFO  StreamGobblerLogger - stderr.env: ‘interestingness_test’: No such file or directory
18:20:00.253 INFO  ExecHelper - Result: 127
18:20:00.253 INFO  CustomFileJudge - Custom file judge result: 127
18:20:00.253 INFO  ReductionDriver - Result from initial state is not interesting (attempt 2)
18:20:00.782 INFO  ExecHelper - interestingness_test /opt/reduce/cezanne_radeon_vega/syn_memory_converge/variant_453.comp reduction_results/cezanne_radeon_vega/syn_memory_converge/variant_453/variant_453.json
18:20:00.784 INFO  StreamGobblerLogger - stderr.env: ‘interestingness_test’: No such file or directory
18:20:00.784 INFO  ExecHelper - Result: 127
18:20:00.784 INFO  CustomFileJudge - Custom file judge result: 127
18:20:00.784 INFO  ReductionDriver - Result from initial state is not interesting (attempt 3)
18:20:01.328 INFO  ExecHelper - interestingness_test /opt/reduce/cezanne_radeon_vega/syn_memory_converge/variant_453.comp reduction_results/cezanne_radeon_vega/syn_memory_converge/variant_453/variant_453.json
18:20:01.330 INFO  StreamGobblerLogger - stderr.env: ‘interestingness_test’: No such file or directory
18:20:01.330 INFO  ExecHelper - Result: 127
18:20:01.330 INFO  CustomFileJudge - Custom file judge result: 127
18:20:01.330 INFO  ReductionDriver - Result from initial state is not interesting (attempt 4)
18:20:01.857 INFO  ExecHelper - interestingness_test /opt/reduce/cezanne_radeon_vega/syn_memory_converge/variant_453.comp reduction_results/cezanne_radeon_vega/syn_memory_converge/variant_453/variant_453.json
18:20:01.859 INFO  StreamGobblerLogger - stderr.env: ‘interestingness_test’: No such file or directory
18:20:01.859 INFO  ExecHelper - Result: 127
18:20:01.859 INFO  CustomFileJudge - Custom file judge result: 127
18:20:01.860 INFO  ReductionDriver - Result from initial state is not interesting (attempt 5)
18:20:01.860 INFO  ReductionDriver - Tried 5 times; stopping.
Reduction command: java -ea -cp /opt/graphicsfuzz/graphicsfuzz/target/graphicsfuzz/python/drivers/../../jar/tool-1.0.jar com.graphicsfuzz.reducer.tool.GlslReduce /opt/reduce/cezanne_radeon_vega/syn_memory_converge/variant_453.json interestingness_test --output reduction_results/cezanne_radeon_vega/syn_memory_converge/variant_453 /opt/reduce/cezanne_radeon_vega/syn_memory_converge/variant_453.comp
