19:45:53.923 INFO  ExecHelper - /opt/graphicsfuzz/graphicsfuzz/target/graphicsfuzz/bin/Linux/glslangValidator -E --stdin -S comp
19:45:53.972 INFO  ExecHelper - Result: 0
19:45:54.060 INFO  ReductionDriver - Starting reduction for variant_385
19:45:54.070 INFO  ExecHelper - interestingness_test /opt/reduce/rtx_4070/syn_memory_converge_atomic/variant_385.comp reduction_results/rtx_4070/syn_memory_converge_atomic/variant_385/variant_385.json
19:45:54.072 INFO  StreamGobblerLogger - stderr.env: ‘interestingness_test’: No such file or directory
19:45:54.072 INFO  ExecHelper - Result: 127
19:45:54.072 INFO  CustomFileJudge - Custom file judge result: 127
19:45:54.072 INFO  ReductionDriver - Result from initial state is not interesting (attempt 1)
19:45:54.075 INFO  ExecHelper - interestingness_test /opt/reduce/rtx_4070/syn_memory_converge_atomic/variant_385.comp reduction_results/rtx_4070/syn_memory_converge_atomic/variant_385/variant_385.json
19:45:54.076 INFO  StreamGobblerLogger - stderr.env: ‘interestingness_test’: No such file or directory
19:45:54.076 INFO  ExecHelper - Result: 127
19:45:54.076 INFO  CustomFileJudge - Custom file judge result: 127
19:45:54.077 INFO  ReductionDriver - Result from initial state is not interesting (attempt 2)
19:45:54.079 INFO  ExecHelper - interestingness_test /opt/reduce/rtx_4070/syn_memory_converge_atomic/variant_385.comp reduction_results/rtx_4070/syn_memory_converge_atomic/variant_385/variant_385.json
19:45:54.080 INFO  StreamGobblerLogger - stderr.env: ‘interestingness_test’: No such file or directory
19:45:54.080 INFO  ExecHelper - Result: 127
19:45:54.080 INFO  CustomFileJudge - Custom file judge result: 127
19:45:54.080 INFO  ReductionDriver - Result from initial state is not interesting (attempt 3)
19:45:54.082 INFO  ExecHelper - interestingness_test /opt/reduce/rtx_4070/syn_memory_converge_atomic/variant_385.comp reduction_results/rtx_4070/syn_memory_converge_atomic/variant_385/variant_385.json
19:45:54.083 INFO  StreamGobblerLogger - stderr.env: ‘interestingness_test’: No such file or directory
19:45:54.084 INFO  ExecHelper - Result: 127
19:45:54.084 INFO  CustomFileJudge - Custom file judge result: 127
19:45:54.084 INFO  ReductionDriver - Result from initial state is not interesting (attempt 4)
19:45:54.086 INFO  ExecHelper - interestingness_test /opt/reduce/rtx_4070/syn_memory_converge_atomic/variant_385.comp reduction_results/rtx_4070/syn_memory_converge_atomic/variant_385/variant_385.json
19:45:54.087 INFO  StreamGobblerLogger - stderr.env: ‘interestingness_test’: No such file or directory
19:45:54.087 INFO  ExecHelper - Result: 127
19:45:54.087 INFO  CustomFileJudge - Custom file judge result: 127
19:45:54.087 INFO  ReductionDriver - Result from initial state is not interesting (attempt 5)
19:45:54.087 INFO  ReductionDriver - Tried 5 times; stopping.
Reduction command: java -ea -cp /opt/graphicsfuzz/graphicsfuzz/target/graphicsfuzz/python/drivers/../../jar/tool-1.0.jar com.graphicsfuzz.reducer.tool.GlslReduce /opt/reduce/rtx_4070/syn_memory_converge_atomic/variant_385.json interestingness_test --output reduction_results/rtx_4070/syn_memory_converge_atomic/variant_385 /opt/reduce/rtx_4070/syn_memory_converge_atomic/variant_385.comp
