18:40:30.362 INFO  ExecHelper - /opt/graphicsfuzz/graphicsfuzz/target/graphicsfuzz/bin/Linux/glslangValidator -E --stdin -S comp
18:40:30.414 INFO  ExecHelper - Result: 0
18:40:30.652 INFO  ReductionDriver - Starting reduction for variant_939
18:40:30.735 INFO  ExecHelper - interestingness_test /opt/reduce/cezanne_radeon_vega/syn_memory_converge_atomic/variant_939.comp reduction_results/cezanne_radeon_vega/syn_memory_converge_atomic/variant_939/variant_939.json
18:40:30.737 INFO  StreamGobblerLogger - stderr.env: ‘interestingness_test’: No such file or directory
18:40:30.737 INFO  ExecHelper - Result: 127
18:40:30.738 INFO  CustomFileJudge - Custom file judge result: 127
18:40:30.738 INFO  ReductionDriver - Result from initial state is not interesting (attempt 1)
18:40:30.778 INFO  ExecHelper - interestingness_test /opt/reduce/cezanne_radeon_vega/syn_memory_converge_atomic/variant_939.comp reduction_results/cezanne_radeon_vega/syn_memory_converge_atomic/variant_939/variant_939.json
18:40:30.779 INFO  StreamGobblerLogger - stderr.env: ‘interestingness_test’: No such file or directory
18:40:30.780 INFO  ExecHelper - Result: 127
18:40:30.780 INFO  CustomFileJudge - Custom file judge result: 127
18:40:30.780 INFO  ReductionDriver - Result from initial state is not interesting (attempt 2)
18:40:30.814 INFO  ExecHelper - interestingness_test /opt/reduce/cezanne_radeon_vega/syn_memory_converge_atomic/variant_939.comp reduction_results/cezanne_radeon_vega/syn_memory_converge_atomic/variant_939/variant_939.json
18:40:30.815 INFO  StreamGobblerLogger - stderr.env: ‘interestingness_test’: No such file or directory
18:40:30.815 INFO  ExecHelper - Result: 127
18:40:30.815 INFO  CustomFileJudge - Custom file judge result: 127
18:40:30.815 INFO  ReductionDriver - Result from initial state is not interesting (attempt 3)
18:40:30.848 INFO  ExecHelper - interestingness_test /opt/reduce/cezanne_radeon_vega/syn_memory_converge_atomic/variant_939.comp reduction_results/cezanne_radeon_vega/syn_memory_converge_atomic/variant_939/variant_939.json
18:40:30.849 INFO  StreamGobblerLogger - stderr.env: ‘interestingness_test’: No such file or directory
18:40:30.849 INFO  ExecHelper - Result: 127
18:40:30.849 INFO  CustomFileJudge - Custom file judge result: 127
18:40:30.850 INFO  ReductionDriver - Result from initial state is not interesting (attempt 4)
18:40:30.882 INFO  ExecHelper - interestingness_test /opt/reduce/cezanne_radeon_vega/syn_memory_converge_atomic/variant_939.comp reduction_results/cezanne_radeon_vega/syn_memory_converge_atomic/variant_939/variant_939.json
18:40:30.884 INFO  StreamGobblerLogger - stderr.env: ‘interestingness_test’: No such file or directory
18:40:30.884 INFO  ExecHelper - Result: 127
18:40:30.884 INFO  CustomFileJudge - Custom file judge result: 127
18:40:30.884 INFO  ReductionDriver - Result from initial state is not interesting (attempt 5)
18:40:30.884 INFO  ReductionDriver - Tried 5 times; stopping.
Reduction command: java -ea -cp /opt/graphicsfuzz/graphicsfuzz/target/graphicsfuzz/python/drivers/../../jar/tool-1.0.jar com.graphicsfuzz.reducer.tool.GlslReduce /opt/reduce/cezanne_radeon_vega/syn_memory_converge_atomic/variant_939.json interestingness_test --output reduction_results/cezanne_radeon_vega/syn_memory_converge_atomic/variant_939 /opt/reduce/cezanne_radeon_vega/syn_memory_converge_atomic/variant_939.comp
