19:26:01.921 INFO  ExecHelper - /opt/graphicsfuzz/graphicsfuzz/target/graphicsfuzz/bin/Linux/glslangValidator -E --stdin -S comp
19:26:02.080 INFO  ExecHelper - Result: 0
19:26:02.733 INFO  ReductionDriver - Starting reduction for variant_748
19:26:02.749 INFO  ExecHelper - interestingness_test /opt/reduce/rtx_4070/syn_lock_step_release/variant_748.comp reduction_results/rtx_4070/syn_lock_step_release/variant_748/variant_748.json
19:26:02.750 INFO  StreamGobblerLogger - stderr.env: ‘interestingness_test’: No such file or directory
19:26:02.751 INFO  ExecHelper - Result: 127
19:26:02.751 INFO  CustomFileJudge - Custom file judge result: 127
19:26:02.751 INFO  ReductionDriver - Result from initial state is not interesting (attempt 1)
19:26:02.761 INFO  ExecHelper - interestingness_test /opt/reduce/rtx_4070/syn_lock_step_release/variant_748.comp reduction_results/rtx_4070/syn_lock_step_release/variant_748/variant_748.json
19:26:02.762 INFO  StreamGobblerLogger - stderr.env: ‘interestingness_test’: No such file or directory
19:26:02.763 INFO  ExecHelper - Result: 127
19:26:02.763 INFO  CustomFileJudge - Custom file judge result: 127
19:26:02.763 INFO  ReductionDriver - Result from initial state is not interesting (attempt 2)
19:26:02.768 INFO  ExecHelper - interestingness_test /opt/reduce/rtx_4070/syn_lock_step_release/variant_748.comp reduction_results/rtx_4070/syn_lock_step_release/variant_748/variant_748.json
19:26:02.769 INFO  StreamGobblerLogger - stderr.env: ‘interestingness_test’: No such file or directory
19:26:02.770 INFO  ExecHelper - Result: 127
19:26:02.770 INFO  CustomFileJudge - Custom file judge result: 127
19:26:02.770 INFO  ReductionDriver - Result from initial state is not interesting (attempt 3)
19:26:02.774 INFO  ExecHelper - interestingness_test /opt/reduce/rtx_4070/syn_lock_step_release/variant_748.comp reduction_results/rtx_4070/syn_lock_step_release/variant_748/variant_748.json
19:26:02.775 INFO  StreamGobblerLogger - stderr.env: ‘interestingness_test’: No such file or directory
19:26:02.776 INFO  ExecHelper - Result: 127
19:26:02.776 INFO  CustomFileJudge - Custom file judge result: 127
19:26:02.776 INFO  ReductionDriver - Result from initial state is not interesting (attempt 4)
19:26:02.782 INFO  ExecHelper - interestingness_test /opt/reduce/rtx_4070/syn_lock_step_release/variant_748.comp reduction_results/rtx_4070/syn_lock_step_release/variant_748/variant_748.json
19:26:02.783 INFO  StreamGobblerLogger - stderr.env: ‘interestingness_test’: No such file or directory
19:26:02.784 INFO  ExecHelper - Result: 127
19:26:02.784 INFO  CustomFileJudge - Custom file judge result: 127
19:26:02.784 INFO  ReductionDriver - Result from initial state is not interesting (attempt 5)
19:26:02.784 INFO  ReductionDriver - Tried 5 times; stopping.
Reduction command: java -ea -cp /opt/graphicsfuzz/graphicsfuzz/target/graphicsfuzz/python/drivers/../../jar/tool-1.0.jar com.graphicsfuzz.reducer.tool.GlslReduce /opt/reduce/rtx_4070/syn_lock_step_release/variant_748.json interestingness_test --output reduction_results/rtx_4070/syn_lock_step_release/variant_748 /opt/reduce/rtx_4070/syn_lock_step_release/variant_748.comp
