19:52:09.402 INFO  ExecHelper - /opt/graphicsfuzz/graphicsfuzz/target/graphicsfuzz/bin/Linux/glslangValidator -E --stdin -S comp
19:52:09.459 INFO  ExecHelper - Result: 0
19:52:09.836 INFO  ReductionDriver - Starting reduction for variant_800
19:52:09.939 INFO  ExecHelper - interestingness_test /opt/reduce/rtx_4070/syn_memory_converge_atomic/variant_800.comp reduction_results/rtx_4070/syn_memory_converge_atomic/variant_800/variant_800.json
19:52:09.942 INFO  StreamGobblerLogger - stderr.env: ‘interestingness_test’: No such file or directory
19:52:09.942 INFO  ExecHelper - Result: 127
19:52:09.942 INFO  CustomFileJudge - Custom file judge result: 127
19:52:09.942 INFO  ReductionDriver - Result from initial state is not interesting (attempt 1)
19:52:10.032 INFO  ExecHelper - interestingness_test /opt/reduce/rtx_4070/syn_memory_converge_atomic/variant_800.comp reduction_results/rtx_4070/syn_memory_converge_atomic/variant_800/variant_800.json
19:52:10.041 INFO  StreamGobblerLogger - stderr.env: ‘interestingness_test’: No such file or directory
19:52:10.041 INFO  ExecHelper - Result: 127
19:52:10.041 INFO  CustomFileJudge - Custom file judge result: 127
19:52:10.041 INFO  ReductionDriver - Result from initial state is not interesting (attempt 2)
19:52:10.126 INFO  ExecHelper - interestingness_test /opt/reduce/rtx_4070/syn_memory_converge_atomic/variant_800.comp reduction_results/rtx_4070/syn_memory_converge_atomic/variant_800/variant_800.json
19:52:10.129 INFO  StreamGobblerLogger - stderr.env: ‘interestingness_test’: No such file or directory
19:52:10.129 INFO  ExecHelper - Result: 127
19:52:10.129 INFO  CustomFileJudge - Custom file judge result: 127
19:52:10.129 INFO  ReductionDriver - Result from initial state is not interesting (attempt 3)
19:52:10.212 INFO  ExecHelper - interestingness_test /opt/reduce/rtx_4070/syn_memory_converge_atomic/variant_800.comp reduction_results/rtx_4070/syn_memory_converge_atomic/variant_800/variant_800.json
19:52:10.213 INFO  StreamGobblerLogger - stderr.env: ‘interestingness_test’: No such file or directory
19:52:10.214 INFO  ExecHelper - Result: 127
19:52:10.214 INFO  CustomFileJudge - Custom file judge result: 127
19:52:10.214 INFO  ReductionDriver - Result from initial state is not interesting (attempt 4)
19:52:10.295 INFO  ExecHelper - interestingness_test /opt/reduce/rtx_4070/syn_memory_converge_atomic/variant_800.comp reduction_results/rtx_4070/syn_memory_converge_atomic/variant_800/variant_800.json
19:52:10.296 INFO  StreamGobblerLogger - stderr.env: ‘interestingness_test’: No such file or directory
19:52:10.297 INFO  ExecHelper - Result: 127
19:52:10.297 INFO  CustomFileJudge - Custom file judge result: 127
19:52:10.297 INFO  ReductionDriver - Result from initial state is not interesting (attempt 5)
19:52:10.297 INFO  ReductionDriver - Tried 5 times; stopping.
Reduction command: java -ea -cp /opt/graphicsfuzz/graphicsfuzz/target/graphicsfuzz/python/drivers/../../jar/tool-1.0.jar com.graphicsfuzz.reducer.tool.GlslReduce /opt/reduce/rtx_4070/syn_memory_converge_atomic/variant_800.json interestingness_test --output reduction_results/rtx_4070/syn_memory_converge_atomic/variant_800 /opt/reduce/rtx_4070/syn_memory_converge_atomic/variant_800.comp
