18:48:23.280 INFO  ExecHelper - /opt/graphicsfuzz/graphicsfuzz/target/graphicsfuzz/bin/Linux/glslangValidator -E --stdin -S comp
18:48:23.396 INFO  ExecHelper - Result: 0
18:48:24.257 INFO  ReductionDriver - Starting reduction for variant_392
18:48:24.274 INFO  ExecHelper - interestingness_test /opt/reduce/intel_iris_xe_graphics/syn_lock_step_relax/variant_392.comp reduction_results/intel_iris_xe_graphics/syn_lock_step_relax/variant_392/variant_392.json
18:48:24.276 INFO  StreamGobblerLogger - stderr.env: ‘interestingness_test’: No such file or directory
18:48:24.277 INFO  ExecHelper - Result: 127
18:48:24.277 INFO  CustomFileJudge - Custom file judge result: 127
18:48:24.277 INFO  ReductionDriver - Result from initial state is not interesting (attempt 1)
18:48:24.285 INFO  ExecHelper - interestingness_test /opt/reduce/intel_iris_xe_graphics/syn_lock_step_relax/variant_392.comp reduction_results/intel_iris_xe_graphics/syn_lock_step_relax/variant_392/variant_392.json
18:48:24.286 INFO  StreamGobblerLogger - stderr.env: ‘interestingness_test’: No such file or directory
18:48:24.287 INFO  ExecHelper - Result: 127
18:48:24.287 INFO  CustomFileJudge - Custom file judge result: 127
18:48:24.287 INFO  ReductionDriver - Result from initial state is not interesting (attempt 2)
18:48:24.295 INFO  ExecHelper - interestingness_test /opt/reduce/intel_iris_xe_graphics/syn_lock_step_relax/variant_392.comp reduction_results/intel_iris_xe_graphics/syn_lock_step_relax/variant_392/variant_392.json
18:48:24.296 INFO  StreamGobblerLogger - stderr.env: ‘interestingness_test’: No such file or directory
18:48:24.296 INFO  ExecHelper - Result: 127
18:48:24.296 INFO  CustomFileJudge - Custom file judge result: 127
18:48:24.297 INFO  ReductionDriver - Result from initial state is not interesting (attempt 3)
18:48:24.304 INFO  ExecHelper - interestingness_test /opt/reduce/intel_iris_xe_graphics/syn_lock_step_relax/variant_392.comp reduction_results/intel_iris_xe_graphics/syn_lock_step_relax/variant_392/variant_392.json
18:48:24.305 INFO  StreamGobblerLogger - stderr.env: ‘interestingness_test’: No such file or directory
18:48:24.306 INFO  ExecHelper - Result: 127
18:48:24.306 INFO  CustomFileJudge - Custom file judge result: 127
18:48:24.306 INFO  ReductionDriver - Result from initial state is not interesting (attempt 4)
18:48:24.312 INFO  ExecHelper - interestingness_test /opt/reduce/intel_iris_xe_graphics/syn_lock_step_relax/variant_392.comp reduction_results/intel_iris_xe_graphics/syn_lock_step_relax/variant_392/variant_392.json
18:48:24.313 INFO  StreamGobblerLogger - stderr.env: ‘interestingness_test’: No such file or directory
18:48:24.314 INFO  ExecHelper - Result: 127
18:48:24.314 INFO  CustomFileJudge - Custom file judge result: 127
18:48:24.314 INFO  ReductionDriver - Result from initial state is not interesting (attempt 5)
18:48:24.314 INFO  ReductionDriver - Tried 5 times; stopping.
Reduction command: java -ea -cp /opt/graphicsfuzz/graphicsfuzz/target/graphicsfuzz/python/drivers/../../jar/tool-1.0.jar com.graphicsfuzz.reducer.tool.GlslReduce /opt/reduce/intel_iris_xe_graphics/syn_lock_step_relax/variant_392.json interestingness_test --output reduction_results/intel_iris_xe_graphics/syn_lock_step_relax/variant_392 /opt/reduce/intel_iris_xe_graphics/syn_lock_step_relax/variant_392.comp
