19:54:38.614 INFO  ExecHelper - /opt/graphicsfuzz/graphicsfuzz/target/graphicsfuzz/bin/Linux/glslangValidator -E --stdin -S comp
19:54:38.662 INFO  ExecHelper - Result: 0
19:54:38.722 INFO  ReductionDriver - Starting reduction for variant_969
19:54:38.727 INFO  ExecHelper - interestingness_test /opt/reduce/rtx_4070/syn_memory_converge_atomic/variant_969.comp reduction_results/rtx_4070/syn_memory_converge_atomic/variant_969/variant_969.json
19:54:38.729 INFO  StreamGobblerLogger - stderr.env: ‘interestingness_test’: No such file or directory
19:54:38.729 INFO  ExecHelper - Result: 127
19:54:38.730 INFO  CustomFileJudge - Custom file judge result: 127
19:54:38.730 INFO  ReductionDriver - Result from initial state is not interesting (attempt 1)
19:54:38.731 INFO  ExecHelper - interestingness_test /opt/reduce/rtx_4070/syn_memory_converge_atomic/variant_969.comp reduction_results/rtx_4070/syn_memory_converge_atomic/variant_969/variant_969.json
19:54:38.732 INFO  StreamGobblerLogger - stderr.env: ‘interestingness_test’: No such file or directory
19:54:38.733 INFO  ExecHelper - Result: 127
19:54:38.733 INFO  CustomFileJudge - Custom file judge result: 127
19:54:38.733 INFO  ReductionDriver - Result from initial state is not interesting (attempt 2)
19:54:38.734 INFO  ExecHelper - interestingness_test /opt/reduce/rtx_4070/syn_memory_converge_atomic/variant_969.comp reduction_results/rtx_4070/syn_memory_converge_atomic/variant_969/variant_969.json
19:54:38.736 INFO  StreamGobblerLogger - stderr.env: ‘interestingness_test’: No such file or directory
19:54:38.736 INFO  ExecHelper - Result: 127
19:54:38.736 INFO  CustomFileJudge - Custom file judge result: 127
19:54:38.736 INFO  ReductionDriver - Result from initial state is not interesting (attempt 3)
19:54:38.737 INFO  ExecHelper - interestingness_test /opt/reduce/rtx_4070/syn_memory_converge_atomic/variant_969.comp reduction_results/rtx_4070/syn_memory_converge_atomic/variant_969/variant_969.json
19:54:38.738 INFO  StreamGobblerLogger - stderr.env: ‘interestingness_test’: No such file or directory
19:54:38.739 INFO  ExecHelper - Result: 127
19:54:38.739 INFO  CustomFileJudge - Custom file judge result: 127
19:54:38.739 INFO  ReductionDriver - Result from initial state is not interesting (attempt 4)
19:54:38.740 INFO  ExecHelper - interestingness_test /opt/reduce/rtx_4070/syn_memory_converge_atomic/variant_969.comp reduction_results/rtx_4070/syn_memory_converge_atomic/variant_969/variant_969.json
19:54:38.741 INFO  StreamGobblerLogger - stderr.env: ‘interestingness_test’: No such file or directory
19:54:38.742 INFO  ExecHelper - Result: 127
19:54:38.742 INFO  CustomFileJudge - Custom file judge result: 127
19:54:38.742 INFO  ReductionDriver - Result from initial state is not interesting (attempt 5)
19:54:38.742 INFO  ReductionDriver - Tried 5 times; stopping.
Reduction command: java -ea -cp /opt/graphicsfuzz/graphicsfuzz/target/graphicsfuzz/python/drivers/../../jar/tool-1.0.jar com.graphicsfuzz.reducer.tool.GlslReduce /opt/reduce/rtx_4070/syn_memory_converge_atomic/variant_969.json interestingness_test --output reduction_results/rtx_4070/syn_memory_converge_atomic/variant_969 /opt/reduce/rtx_4070/syn_memory_converge_atomic/variant_969.comp
