19:33:21.376 INFO  ExecHelper - /opt/graphicsfuzz/graphicsfuzz/target/graphicsfuzz/bin/Linux/glslangValidator -E --stdin -S comp
19:33:21.444 INFO  ExecHelper - Result: 0
19:33:21.844 INFO  ReductionDriver - Starting reduction for variant_498
19:33:22.053 INFO  ExecHelper - interestingness_test /opt/reduce/rtx_4070/syn_memory_converge/variant_498.comp reduction_results/rtx_4070/syn_memory_converge/variant_498/variant_498.json
19:33:22.056 INFO  StreamGobblerLogger - stderr.env: ‘interestingness_test’: No such file or directory
19:33:22.056 INFO  ExecHelper - Result: 127
19:33:22.056 INFO  CustomFileJudge - Custom file judge result: 127
19:33:22.056 INFO  ReductionDriver - Result from initial state is not interesting (attempt 1)
19:33:22.242 INFO  ExecHelper - interestingness_test /opt/reduce/rtx_4070/syn_memory_converge/variant_498.comp reduction_results/rtx_4070/syn_memory_converge/variant_498/variant_498.json
19:33:22.244 INFO  StreamGobblerLogger - stderr.env: ‘interestingness_test’: No such file or directory
19:33:22.245 INFO  ExecHelper - Result: 127
19:33:22.245 INFO  CustomFileJudge - Custom file judge result: 127
19:33:22.245 INFO  ReductionDriver - Result from initial state is not interesting (attempt 2)
19:33:22.429 INFO  ExecHelper - interestingness_test /opt/reduce/rtx_4070/syn_memory_converge/variant_498.comp reduction_results/rtx_4070/syn_memory_converge/variant_498/variant_498.json
19:33:22.431 INFO  StreamGobblerLogger - stderr.env: ‘interestingness_test’: No such file or directory
19:33:22.432 INFO  ExecHelper - Result: 127
19:33:22.432 INFO  CustomFileJudge - Custom file judge result: 127
19:33:22.432 INFO  ReductionDriver - Result from initial state is not interesting (attempt 3)
19:33:22.596 INFO  ExecHelper - interestingness_test /opt/reduce/rtx_4070/syn_memory_converge/variant_498.comp reduction_results/rtx_4070/syn_memory_converge/variant_498/variant_498.json
19:33:22.598 INFO  StreamGobblerLogger - stderr.env: ‘interestingness_test’: No such file or directory
19:33:22.599 INFO  ExecHelper - Result: 127
19:33:22.599 INFO  CustomFileJudge - Custom file judge result: 127
19:33:22.599 INFO  ReductionDriver - Result from initial state is not interesting (attempt 4)
19:33:22.765 INFO  ExecHelper - interestingness_test /opt/reduce/rtx_4070/syn_memory_converge/variant_498.comp reduction_results/rtx_4070/syn_memory_converge/variant_498/variant_498.json
19:33:22.766 INFO  StreamGobblerLogger - stderr.env: ‘interestingness_test’: No such file or directory
19:33:22.767 INFO  ExecHelper - Result: 127
19:33:22.767 INFO  CustomFileJudge - Custom file judge result: 127
19:33:22.767 INFO  ReductionDriver - Result from initial state is not interesting (attempt 5)
19:33:22.767 INFO  ReductionDriver - Tried 5 times; stopping.
Reduction command: java -ea -cp /opt/graphicsfuzz/graphicsfuzz/target/graphicsfuzz/python/drivers/../../jar/tool-1.0.jar com.graphicsfuzz.reducer.tool.GlslReduce /opt/reduce/rtx_4070/syn_memory_converge/variant_498.json interestingness_test --output reduction_results/rtx_4070/syn_memory_converge/variant_498 /opt/reduce/rtx_4070/syn_memory_converge/variant_498.comp
