19:40:50.354 INFO  ExecHelper - /opt/graphicsfuzz/graphicsfuzz/target/graphicsfuzz/bin/Linux/glslangValidator -E --stdin -S comp
19:40:50.401 INFO  ExecHelper - Result: 0
19:40:50.480 INFO  ReductionDriver - Starting reduction for variant_044
19:40:50.489 INFO  ExecHelper - interestingness_test /opt/reduce/rtx_4070/syn_memory_converge_atomic/variant_044.comp reduction_results/rtx_4070/syn_memory_converge_atomic/variant_044/variant_044.json
19:40:50.491 INFO  StreamGobblerLogger - stderr.env: ‘interestingness_test’: No such file or directory
19:40:50.491 INFO  ExecHelper - Result: 127
19:40:50.492 INFO  CustomFileJudge - Custom file judge result: 127
19:40:50.492 INFO  ReductionDriver - Result from initial state is not interesting (attempt 1)
19:40:50.497 INFO  ExecHelper - interestingness_test /opt/reduce/rtx_4070/syn_memory_converge_atomic/variant_044.comp reduction_results/rtx_4070/syn_memory_converge_atomic/variant_044/variant_044.json
19:40:50.498 INFO  StreamGobblerLogger - stderr.env: ‘interestingness_test’: No such file or directory
19:40:50.499 INFO  ExecHelper - Result: 127
19:40:50.499 INFO  CustomFileJudge - Custom file judge result: 127
19:40:50.499 INFO  ReductionDriver - Result from initial state is not interesting (attempt 2)
19:40:50.500 INFO  ExecHelper - interestingness_test /opt/reduce/rtx_4070/syn_memory_converge_atomic/variant_044.comp reduction_results/rtx_4070/syn_memory_converge_atomic/variant_044/variant_044.json
19:40:50.502 INFO  StreamGobblerLogger - stderr.env: ‘interestingness_test’: No such file or directory
19:40:50.502 INFO  ExecHelper - Result: 127
19:40:50.502 INFO  CustomFileJudge - Custom file judge result: 127
19:40:50.502 INFO  ReductionDriver - Result from initial state is not interesting (attempt 3)
19:40:50.503 INFO  ExecHelper - interestingness_test /opt/reduce/rtx_4070/syn_memory_converge_atomic/variant_044.comp reduction_results/rtx_4070/syn_memory_converge_atomic/variant_044/variant_044.json
19:40:50.504 INFO  StreamGobblerLogger - stderr.env: ‘interestingness_test’: No such file or directory
19:40:50.505 INFO  ExecHelper - Result: 127
19:40:50.505 INFO  CustomFileJudge - Custom file judge result: 127
19:40:50.505 INFO  ReductionDriver - Result from initial state is not interesting (attempt 4)
19:40:50.507 INFO  ExecHelper - interestingness_test /opt/reduce/rtx_4070/syn_memory_converge_atomic/variant_044.comp reduction_results/rtx_4070/syn_memory_converge_atomic/variant_044/variant_044.json
19:40:50.508 INFO  StreamGobblerLogger - stderr.env: ‘interestingness_test’: No such file or directory
19:40:50.508 INFO  ExecHelper - Result: 127
19:40:50.508 INFO  CustomFileJudge - Custom file judge result: 127
19:40:50.508 INFO  ReductionDriver - Result from initial state is not interesting (attempt 5)
19:40:50.508 INFO  ReductionDriver - Tried 5 times; stopping.
Reduction command: java -ea -cp /opt/graphicsfuzz/graphicsfuzz/target/graphicsfuzz/python/drivers/../../jar/tool-1.0.jar com.graphicsfuzz.reducer.tool.GlslReduce /opt/reduce/rtx_4070/syn_memory_converge_atomic/variant_044.json interestingness_test --output reduction_results/rtx_4070/syn_memory_converge_atomic/variant_044 /opt/reduce/rtx_4070/syn_memory_converge_atomic/variant_044.comp
