18:57:18.208 INFO  ExecHelper - /opt/graphicsfuzz/graphicsfuzz/target/graphicsfuzz/bin/Linux/glslangValidator -E --stdin -S comp
18:57:18.262 INFO  ExecHelper - Result: 0
18:57:18.621 INFO  ReductionDriver - Starting reduction for variant_500
18:57:18.724 INFO  ExecHelper - interestingness_test /opt/reduce/intel_iris_xe_graphics/syn_memory_converge/variant_500.comp reduction_results/intel_iris_xe_graphics/syn_memory_converge/variant_500/variant_500.json
18:57:18.725 INFO  StreamGobblerLogger - stderr.env: ‘interestingness_test’: No such file or directory
18:57:18.726 INFO  ExecHelper - Result: 127
18:57:18.726 INFO  CustomFileJudge - Custom file judge result: 127
18:57:18.726 INFO  ReductionDriver - Result from initial state is not interesting (attempt 1)
18:57:18.804 INFO  ExecHelper - interestingness_test /opt/reduce/intel_iris_xe_graphics/syn_memory_converge/variant_500.comp reduction_results/intel_iris_xe_graphics/syn_memory_converge/variant_500/variant_500.json
18:57:18.806 INFO  StreamGobblerLogger - stderr.env: ‘interestingness_test’: No such file or directory
18:57:18.807 INFO  ExecHelper - Result: 127
18:57:18.807 INFO  CustomFileJudge - Custom file judge result: 127
18:57:18.807 INFO  ReductionDriver - Result from initial state is not interesting (attempt 2)
18:57:18.881 INFO  ExecHelper - interestingness_test /opt/reduce/intel_iris_xe_graphics/syn_memory_converge/variant_500.comp reduction_results/intel_iris_xe_graphics/syn_memory_converge/variant_500/variant_500.json
18:57:18.882 INFO  StreamGobblerLogger - stderr.env: ‘interestingness_test’: No such file or directory
18:57:18.883 INFO  ExecHelper - Result: 127
18:57:18.884 INFO  CustomFileJudge - Custom file judge result: 127
18:57:18.884 INFO  ReductionDriver - Result from initial state is not interesting (attempt 3)
18:57:18.957 INFO  ExecHelper - interestingness_test /opt/reduce/intel_iris_xe_graphics/syn_memory_converge/variant_500.comp reduction_results/intel_iris_xe_graphics/syn_memory_converge/variant_500/variant_500.json
18:57:18.958 INFO  StreamGobblerLogger - stderr.env: ‘interestingness_test’: No such file or directory
18:57:18.959 INFO  ExecHelper - Result: 127
18:57:18.959 INFO  CustomFileJudge - Custom file judge result: 127
18:57:18.959 INFO  ReductionDriver - Result from initial state is not interesting (attempt 4)
18:57:19.032 INFO  ExecHelper - interestingness_test /opt/reduce/intel_iris_xe_graphics/syn_memory_converge/variant_500.comp reduction_results/intel_iris_xe_graphics/syn_memory_converge/variant_500/variant_500.json
18:57:19.034 INFO  StreamGobblerLogger - stderr.env: ‘interestingness_test’: No such file or directory
18:57:19.034 INFO  ExecHelper - Result: 127
18:57:19.034 INFO  CustomFileJudge - Custom file judge result: 127
18:57:19.034 INFO  ReductionDriver - Result from initial state is not interesting (attempt 5)
18:57:19.034 INFO  ReductionDriver - Tried 5 times; stopping.
Reduction command: java -ea -cp /opt/graphicsfuzz/graphicsfuzz/target/graphicsfuzz/python/drivers/../../jar/tool-1.0.jar com.graphicsfuzz.reducer.tool.GlslReduce /opt/reduce/intel_iris_xe_graphics/syn_memory_converge/variant_500.json interestingness_test --output reduction_results/intel_iris_xe_graphics/syn_memory_converge/variant_500 /opt/reduce/intel_iris_xe_graphics/syn_memory_converge/variant_500.comp
