19:37:08.817 INFO  ExecHelper - /opt/graphicsfuzz/graphicsfuzz/target/graphicsfuzz/bin/Linux/glslangValidator -E --stdin -S comp
19:37:08.868 INFO  ExecHelper - Result: 0
19:37:08.962 INFO  ReductionDriver - Starting reduction for variant_775
19:37:08.972 INFO  ExecHelper - interestingness_test /opt/reduce/rtx_4070/syn_memory_converge/variant_775.comp reduction_results/rtx_4070/syn_memory_converge/variant_775/variant_775.json
19:37:08.973 INFO  StreamGobblerLogger - stderr.env: ‘interestingness_test’: No such file or directory
19:37:08.974 INFO  ExecHelper - Result: 127
19:37:08.974 INFO  CustomFileJudge - Custom file judge result: 127
19:37:08.974 INFO  ReductionDriver - Result from initial state is not interesting (attempt 1)
19:37:08.977 INFO  ExecHelper - interestingness_test /opt/reduce/rtx_4070/syn_memory_converge/variant_775.comp reduction_results/rtx_4070/syn_memory_converge/variant_775/variant_775.json
19:37:08.978 INFO  StreamGobblerLogger - stderr.env: ‘interestingness_test’: No such file or directory
19:37:08.978 INFO  ExecHelper - Result: 127
19:37:08.979 INFO  CustomFileJudge - Custom file judge result: 127
19:37:08.979 INFO  ReductionDriver - Result from initial state is not interesting (attempt 2)
19:37:08.981 INFO  ExecHelper - interestingness_test /opt/reduce/rtx_4070/syn_memory_converge/variant_775.comp reduction_results/rtx_4070/syn_memory_converge/variant_775/variant_775.json
19:37:08.982 INFO  StreamGobblerLogger - stderr.env: ‘interestingness_test’: No such file or directory
19:37:08.982 INFO  ExecHelper - Result: 127
19:37:08.982 INFO  CustomFileJudge - Custom file judge result: 127
19:37:08.982 INFO  ReductionDriver - Result from initial state is not interesting (attempt 3)
19:37:08.984 INFO  ExecHelper - interestingness_test /opt/reduce/rtx_4070/syn_memory_converge/variant_775.comp reduction_results/rtx_4070/syn_memory_converge/variant_775/variant_775.json
19:37:08.985 INFO  StreamGobblerLogger - stderr.env: ‘interestingness_test’: No such file or directory
19:37:08.986 INFO  ExecHelper - Result: 127
19:37:08.986 INFO  CustomFileJudge - Custom file judge result: 127
19:37:08.986 INFO  ReductionDriver - Result from initial state is not interesting (attempt 4)
19:37:08.988 INFO  ExecHelper - interestingness_test /opt/reduce/rtx_4070/syn_memory_converge/variant_775.comp reduction_results/rtx_4070/syn_memory_converge/variant_775/variant_775.json
19:37:08.989 INFO  StreamGobblerLogger - stderr.env: ‘interestingness_test’: No such file or directory
19:37:08.989 INFO  ExecHelper - Result: 127
19:37:08.990 INFO  CustomFileJudge - Custom file judge result: 127
19:37:08.990 INFO  ReductionDriver - Result from initial state is not interesting (attempt 5)
19:37:08.990 INFO  ReductionDriver - Tried 5 times; stopping.
Reduction command: java -ea -cp /opt/graphicsfuzz/graphicsfuzz/target/graphicsfuzz/python/drivers/../../jar/tool-1.0.jar com.graphicsfuzz.reducer.tool.GlslReduce /opt/reduce/rtx_4070/syn_memory_converge/variant_775.json interestingness_test --output reduction_results/rtx_4070/syn_memory_converge/variant_775 /opt/reduce/rtx_4070/syn_memory_converge/variant_775.comp
