18:56:27.512 INFO  ExecHelper - /opt/graphicsfuzz/graphicsfuzz/target/graphicsfuzz/bin/Linux/glslangValidator -E --stdin -S comp
18:56:27.562 INFO  ExecHelper - Result: 0
18:56:27.621 INFO  ReductionDriver - Starting reduction for variant_452
18:56:27.626 INFO  ExecHelper - interestingness_test /opt/reduce/intel_iris_xe_graphics/syn_memory_converge/variant_452.comp reduction_results/intel_iris_xe_graphics/syn_memory_converge/variant_452/variant_452.json
18:56:27.628 INFO  StreamGobblerLogger - stderr.env: ‘interestingness_test’: No such file or directory
18:56:27.628 INFO  ExecHelper - Result: 127
18:56:27.629 INFO  CustomFileJudge - Custom file judge result: 127
18:56:27.629 INFO  ReductionDriver - Result from initial state is not interesting (attempt 1)
18:56:27.630 INFO  ExecHelper - interestingness_test /opt/reduce/intel_iris_xe_graphics/syn_memory_converge/variant_452.comp reduction_results/intel_iris_xe_graphics/syn_memory_converge/variant_452/variant_452.json
18:56:27.631 INFO  StreamGobblerLogger - stderr.env: ‘interestingness_test’: No such file or directory
18:56:27.631 INFO  ExecHelper - Result: 127
18:56:27.631 INFO  CustomFileJudge - Custom file judge result: 127
18:56:27.631 INFO  ReductionDriver - Result from initial state is not interesting (attempt 2)
18:56:27.632 INFO  ExecHelper - interestingness_test /opt/reduce/intel_iris_xe_graphics/syn_memory_converge/variant_452.comp reduction_results/intel_iris_xe_graphics/syn_memory_converge/variant_452/variant_452.json
18:56:27.633 INFO  StreamGobblerLogger - stderr.env: ‘interestingness_test’: No such file or directory
18:56:27.633 INFO  ExecHelper - Result: 127
18:56:27.633 INFO  CustomFileJudge - Custom file judge result: 127
18:56:27.634 INFO  ReductionDriver - Result from initial state is not interesting (attempt 3)
18:56:27.635 INFO  ExecHelper - interestingness_test /opt/reduce/intel_iris_xe_graphics/syn_memory_converge/variant_452.comp reduction_results/intel_iris_xe_graphics/syn_memory_converge/variant_452/variant_452.json
18:56:27.636 INFO  StreamGobblerLogger - stderr.env: ‘interestingness_test’: No such file or directory
18:56:27.636 INFO  ExecHelper - Result: 127
18:56:27.636 INFO  CustomFileJudge - Custom file judge result: 127
18:56:27.636 INFO  ReductionDriver - Result from initial state is not interesting (attempt 4)
18:56:27.638 INFO  ExecHelper - interestingness_test /opt/reduce/intel_iris_xe_graphics/syn_memory_converge/variant_452.comp reduction_results/intel_iris_xe_graphics/syn_memory_converge/variant_452/variant_452.json
18:56:27.640 INFO  StreamGobblerLogger - stderr.env: ‘interestingness_test’: No such file or directory
18:56:27.640 INFO  ExecHelper - Result: 127
18:56:27.640 INFO  CustomFileJudge - Custom file judge result: 127
18:56:27.640 INFO  ReductionDriver - Result from initial state is not interesting (attempt 5)
18:56:27.640 INFO  ReductionDriver - Tried 5 times; stopping.
Reduction command: java -ea -cp /opt/graphicsfuzz/graphicsfuzz/target/graphicsfuzz/python/drivers/../../jar/tool-1.0.jar com.graphicsfuzz.reducer.tool.GlslReduce /opt/reduce/intel_iris_xe_graphics/syn_memory_converge/variant_452.json interestingness_test --output reduction_results/intel_iris_xe_graphics/syn_memory_converge/variant_452 /opt/reduce/intel_iris_xe_graphics/syn_memory_converge/variant_452.comp
