18:33:19.550 INFO  ExecHelper - /opt/graphicsfuzz/graphicsfuzz/target/graphicsfuzz/bin/Linux/glslangValidator -E --stdin -S comp
18:33:19.604 INFO  ExecHelper - Result: 0
18:33:19.878 INFO  ReductionDriver - Starting reduction for variant_442
18:33:19.962 INFO  ExecHelper - interestingness_test /opt/reduce/cezanne_radeon_vega/syn_memory_converge_atomic/variant_442.comp reduction_results/cezanne_radeon_vega/syn_memory_converge_atomic/variant_442/variant_442.json
18:33:19.964 INFO  StreamGobblerLogger - stderr.env: ‘interestingness_test’: No such file or directory
18:33:19.965 INFO  ExecHelper - Result: 127
18:33:19.965 INFO  CustomFileJudge - Custom file judge result: 127
18:33:19.965 INFO  ReductionDriver - Result from initial state is not interesting (attempt 1)
18:33:20.032 INFO  ExecHelper - interestingness_test /opt/reduce/cezanne_radeon_vega/syn_memory_converge_atomic/variant_442.comp reduction_results/cezanne_radeon_vega/syn_memory_converge_atomic/variant_442/variant_442.json
18:33:20.033 INFO  StreamGobblerLogger - stderr.env: ‘interestingness_test’: No such file or directory
18:33:20.034 INFO  ExecHelper - Result: 127
18:33:20.034 INFO  CustomFileJudge - Custom file judge result: 127
18:33:20.034 INFO  ReductionDriver - Result from initial state is not interesting (attempt 2)
18:33:20.085 INFO  ExecHelper - interestingness_test /opt/reduce/cezanne_radeon_vega/syn_memory_converge_atomic/variant_442.comp reduction_results/cezanne_radeon_vega/syn_memory_converge_atomic/variant_442/variant_442.json
18:33:20.087 INFO  StreamGobblerLogger - stderr.env: ‘interestingness_test’: No such file or directory
18:33:20.088 INFO  ExecHelper - Result: 127
18:33:20.088 INFO  CustomFileJudge - Custom file judge result: 127
18:33:20.088 INFO  ReductionDriver - Result from initial state is not interesting (attempt 3)
18:33:20.139 INFO  ExecHelper - interestingness_test /opt/reduce/cezanne_radeon_vega/syn_memory_converge_atomic/variant_442.comp reduction_results/cezanne_radeon_vega/syn_memory_converge_atomic/variant_442/variant_442.json
18:33:20.141 INFO  StreamGobblerLogger - stderr.env: ‘interestingness_test’: No such file or directory
18:33:20.142 INFO  ExecHelper - Result: 127
18:33:20.142 INFO  CustomFileJudge - Custom file judge result: 127
18:33:20.142 INFO  ReductionDriver - Result from initial state is not interesting (attempt 4)
18:33:20.193 INFO  ExecHelper - interestingness_test /opt/reduce/cezanne_radeon_vega/syn_memory_converge_atomic/variant_442.comp reduction_results/cezanne_radeon_vega/syn_memory_converge_atomic/variant_442/variant_442.json
18:33:20.194 INFO  StreamGobblerLogger - stderr.env: ‘interestingness_test’: No such file or directory
18:33:20.194 INFO  ExecHelper - Result: 127
18:33:20.195 INFO  CustomFileJudge - Custom file judge result: 127
18:33:20.195 INFO  ReductionDriver - Result from initial state is not interesting (attempt 5)
18:33:20.195 INFO  ReductionDriver - Tried 5 times; stopping.
Reduction command: java -ea -cp /opt/graphicsfuzz/graphicsfuzz/target/graphicsfuzz/python/drivers/../../jar/tool-1.0.jar com.graphicsfuzz.reducer.tool.GlslReduce /opt/reduce/cezanne_radeon_vega/syn_memory_converge_atomic/variant_442.json interestingness_test --output reduction_results/cezanne_radeon_vega/syn_memory_converge_atomic/variant_442 /opt/reduce/cezanne_radeon_vega/syn_memory_converge_atomic/variant_442.comp
