19:32:19.693 INFO  ExecHelper - /opt/graphicsfuzz/graphicsfuzz/target/graphicsfuzz/bin/Linux/glslangValidator -E --stdin -S comp
19:32:19.745 INFO  ExecHelper - Result: 0
19:32:19.825 INFO  ReductionDriver - Starting reduction for variant_439
19:32:19.834 INFO  ExecHelper - interestingness_test /opt/reduce/rtx_4070/syn_memory_converge/variant_439.comp reduction_results/rtx_4070/syn_memory_converge/variant_439/variant_439.json
19:32:19.836 INFO  StreamGobblerLogger - stderr.env: ‘interestingness_test’: No such file or directory
19:32:19.836 INFO  ExecHelper - Result: 127
19:32:19.837 INFO  CustomFileJudge - Custom file judge result: 127
19:32:19.837 INFO  ReductionDriver - Result from initial state is not interesting (attempt 1)
19:32:19.839 INFO  ExecHelper - interestingness_test /opt/reduce/rtx_4070/syn_memory_converge/variant_439.comp reduction_results/rtx_4070/syn_memory_converge/variant_439/variant_439.json
19:32:19.840 INFO  StreamGobblerLogger - stderr.env: ‘interestingness_test’: No such file or directory
19:32:19.841 INFO  ExecHelper - Result: 127
19:32:19.841 INFO  CustomFileJudge - Custom file judge result: 127
19:32:19.841 INFO  ReductionDriver - Result from initial state is not interesting (attempt 2)
19:32:19.843 INFO  ExecHelper - interestingness_test /opt/reduce/rtx_4070/syn_memory_converge/variant_439.comp reduction_results/rtx_4070/syn_memory_converge/variant_439/variant_439.json
19:32:19.844 INFO  StreamGobblerLogger - stderr.env: ‘interestingness_test’: No such file or directory
19:32:19.844 INFO  ExecHelper - Result: 127
19:32:19.844 INFO  CustomFileJudge - Custom file judge result: 127
19:32:19.844 INFO  ReductionDriver - Result from initial state is not interesting (attempt 3)
19:32:19.848 INFO  ExecHelper - interestingness_test /opt/reduce/rtx_4070/syn_memory_converge/variant_439.comp reduction_results/rtx_4070/syn_memory_converge/variant_439/variant_439.json
19:32:19.849 INFO  StreamGobblerLogger - stderr.env: ‘interestingness_test’: No such file or directory
19:32:19.850 INFO  ExecHelper - Result: 127
19:32:19.850 INFO  CustomFileJudge - Custom file judge result: 127
19:32:19.850 INFO  ReductionDriver - Result from initial state is not interesting (attempt 4)
19:32:19.854 INFO  ExecHelper - interestingness_test /opt/reduce/rtx_4070/syn_memory_converge/variant_439.comp reduction_results/rtx_4070/syn_memory_converge/variant_439/variant_439.json
19:32:19.855 INFO  StreamGobblerLogger - stderr.env: ‘interestingness_test’: No such file or directory
19:32:19.855 INFO  ExecHelper - Result: 127
19:32:19.855 INFO  CustomFileJudge - Custom file judge result: 127
19:32:19.856 INFO  ReductionDriver - Result from initial state is not interesting (attempt 5)
19:32:19.856 INFO  ReductionDriver - Tried 5 times; stopping.
Reduction command: java -ea -cp /opt/graphicsfuzz/graphicsfuzz/target/graphicsfuzz/python/drivers/../../jar/tool-1.0.jar com.graphicsfuzz.reducer.tool.GlslReduce /opt/reduce/rtx_4070/syn_memory_converge/variant_439.json interestingness_test --output reduction_results/rtx_4070/syn_memory_converge/variant_439 /opt/reduce/rtx_4070/syn_memory_converge/variant_439.comp
