18:29:49.087 INFO  ExecHelper - /opt/graphicsfuzz/graphicsfuzz/target/graphicsfuzz/bin/Linux/glslangValidator -E --stdin -S comp
18:29:49.134 INFO  ExecHelper - Result: 0
18:29:49.223 INFO  ReductionDriver - Starting reduction for variant_188
18:29:49.233 INFO  ExecHelper - interestingness_test /opt/reduce/cezanne_radeon_vega/syn_memory_converge_atomic/variant_188.comp reduction_results/cezanne_radeon_vega/syn_memory_converge_atomic/variant_188/variant_188.json
18:29:49.235 INFO  StreamGobblerLogger - stderr.env: ‘interestingness_test’: No such file or directory
18:29:49.235 INFO  ExecHelper - Result: 127
18:29:49.235 INFO  CustomFileJudge - Custom file judge result: 127
18:29:49.235 INFO  ReductionDriver - Result from initial state is not interesting (attempt 1)
18:29:49.241 INFO  ExecHelper - interestingness_test /opt/reduce/cezanne_radeon_vega/syn_memory_converge_atomic/variant_188.comp reduction_results/cezanne_radeon_vega/syn_memory_converge_atomic/variant_188/variant_188.json
18:29:49.242 INFO  StreamGobblerLogger - stderr.env: ‘interestingness_test’: No such file or directory
18:29:49.243 INFO  ExecHelper - Result: 127
18:29:49.243 INFO  CustomFileJudge - Custom file judge result: 127
18:29:49.243 INFO  ReductionDriver - Result from initial state is not interesting (attempt 2)
18:29:49.247 INFO  ExecHelper - interestingness_test /opt/reduce/cezanne_radeon_vega/syn_memory_converge_atomic/variant_188.comp reduction_results/cezanne_radeon_vega/syn_memory_converge_atomic/variant_188/variant_188.json
18:29:49.248 INFO  StreamGobblerLogger - stderr.env: ‘interestingness_test’: No such file or directory
18:29:49.249 INFO  ExecHelper - Result: 127
18:29:49.249 INFO  CustomFileJudge - Custom file judge result: 127
18:29:49.249 INFO  ReductionDriver - Result from initial state is not interesting (attempt 3)
18:29:49.253 INFO  ExecHelper - interestingness_test /opt/reduce/cezanne_radeon_vega/syn_memory_converge_atomic/variant_188.comp reduction_results/cezanne_radeon_vega/syn_memory_converge_atomic/variant_188/variant_188.json
18:29:49.254 INFO  StreamGobblerLogger - stderr.env: ‘interestingness_test’: No such file or directory
18:29:49.255 INFO  ExecHelper - Result: 127
18:29:49.255 INFO  CustomFileJudge - Custom file judge result: 127
18:29:49.255 INFO  ReductionDriver - Result from initial state is not interesting (attempt 4)
18:29:49.259 INFO  ExecHelper - interestingness_test /opt/reduce/cezanne_radeon_vega/syn_memory_converge_atomic/variant_188.comp reduction_results/cezanne_radeon_vega/syn_memory_converge_atomic/variant_188/variant_188.json
18:29:49.260 INFO  StreamGobblerLogger - stderr.env: ‘interestingness_test’: No such file or directory
18:29:49.260 INFO  ExecHelper - Result: 127
18:29:49.261 INFO  CustomFileJudge - Custom file judge result: 127
18:29:49.261 INFO  ReductionDriver - Result from initial state is not interesting (attempt 5)
18:29:49.261 INFO  ReductionDriver - Tried 5 times; stopping.
Reduction command: java -ea -cp /opt/graphicsfuzz/graphicsfuzz/target/graphicsfuzz/python/drivers/../../jar/tool-1.0.jar com.graphicsfuzz.reducer.tool.GlslReduce /opt/reduce/cezanne_radeon_vega/syn_memory_converge_atomic/variant_188.json interestingness_test --output reduction_results/cezanne_radeon_vega/syn_memory_converge_atomic/variant_188 /opt/reduce/cezanne_radeon_vega/syn_memory_converge_atomic/variant_188.comp
