19:08:54.755 INFO  ExecHelper - /opt/graphicsfuzz/graphicsfuzz/target/graphicsfuzz/bin/Linux/glslangValidator -E --stdin -S comp
19:08:54.804 INFO  ExecHelper - Result: 0
19:08:54.947 INFO  ReductionDriver - Starting reduction for variant_323
19:08:54.969 INFO  ExecHelper - interestingness_test /opt/reduce/intel_iris_xe_graphics/syn_memory_converge_atomic/variant_323.comp reduction_results/intel_iris_xe_graphics/syn_memory_converge_atomic/variant_323/variant_323.json
19:08:54.975 INFO  StreamGobblerLogger - stderr.env: ‘interestingness_test’: No such file or directory
19:08:54.976 INFO  ExecHelper - Result: 127
19:08:54.976 INFO  CustomFileJudge - Custom file judge result: 127
19:08:54.976 INFO  ReductionDriver - Result from initial state is not interesting (attempt 1)
19:08:54.979 INFO  ExecHelper - interestingness_test /opt/reduce/intel_iris_xe_graphics/syn_memory_converge_atomic/variant_323.comp reduction_results/intel_iris_xe_graphics/syn_memory_converge_atomic/variant_323/variant_323.json
19:08:54.981 INFO  StreamGobblerLogger - stderr.env: ‘interestingness_test’: No such file or directory
19:08:54.981 INFO  ExecHelper - Result: 127
19:08:54.981 INFO  CustomFileJudge - Custom file judge result: 127
19:08:54.981 INFO  ReductionDriver - Result from initial state is not interesting (attempt 2)
19:08:54.987 INFO  ExecHelper - interestingness_test /opt/reduce/intel_iris_xe_graphics/syn_memory_converge_atomic/variant_323.comp reduction_results/intel_iris_xe_graphics/syn_memory_converge_atomic/variant_323/variant_323.json
19:08:54.989 INFO  StreamGobblerLogger - stderr.env: ‘interestingness_test’: No such file or directory
19:08:54.989 INFO  ExecHelper - Result: 127
19:08:54.989 INFO  CustomFileJudge - Custom file judge result: 127
19:08:54.989 INFO  ReductionDriver - Result from initial state is not interesting (attempt 3)
19:08:54.994 INFO  ExecHelper - interestingness_test /opt/reduce/intel_iris_xe_graphics/syn_memory_converge_atomic/variant_323.comp reduction_results/intel_iris_xe_graphics/syn_memory_converge_atomic/variant_323/variant_323.json
19:08:54.995 INFO  StreamGobblerLogger - stderr.env: ‘interestingness_test’: No such file or directory
19:08:54.995 INFO  ExecHelper - Result: 127
19:08:54.996 INFO  CustomFileJudge - Custom file judge result: 127
19:08:54.996 INFO  ReductionDriver - Result from initial state is not interesting (attempt 4)
19:08:54.998 INFO  ExecHelper - interestingness_test /opt/reduce/intel_iris_xe_graphics/syn_memory_converge_atomic/variant_323.comp reduction_results/intel_iris_xe_graphics/syn_memory_converge_atomic/variant_323/variant_323.json
19:08:54.999 INFO  StreamGobblerLogger - stderr.env: ‘interestingness_test’: No such file or directory
19:08:54.999 INFO  ExecHelper - Result: 127
19:08:54.999 INFO  CustomFileJudge - Custom file judge result: 127
19:08:54.999 INFO  ReductionDriver - Result from initial state is not interesting (attempt 5)
19:08:54.999 INFO  ReductionDriver - Tried 5 times; stopping.
Reduction command: java -ea -cp /opt/graphicsfuzz/graphicsfuzz/target/graphicsfuzz/python/drivers/../../jar/tool-1.0.jar com.graphicsfuzz.reducer.tool.GlslReduce /opt/reduce/intel_iris_xe_graphics/syn_memory_converge_atomic/variant_323.json interestingness_test --output reduction_results/intel_iris_xe_graphics/syn_memory_converge_atomic/variant_323 /opt/reduce/intel_iris_xe_graphics/syn_memory_converge_atomic/variant_323.comp
