18:52:59.285 INFO  ExecHelper - /opt/graphicsfuzz/graphicsfuzz/target/graphicsfuzz/bin/Linux/glslangValidator -E --stdin -S comp
18:52:59.347 INFO  ExecHelper - Result: 0
18:53:00.082 INFO  ReductionDriver - Starting reduction for variant_218
18:53:00.160 INFO  ExecHelper - interestingness_test /opt/reduce/intel_iris_xe_graphics/syn_memory_converge/variant_218.comp reduction_results/intel_iris_xe_graphics/syn_memory_converge/variant_218/variant_218.json
18:53:00.161 INFO  StreamGobblerLogger - stderr.env: ‘interestingness_test’: No such file or directory
18:53:00.162 INFO  ExecHelper - Result: 127
18:53:00.162 INFO  CustomFileJudge - Custom file judge result: 127
18:53:00.162 INFO  ReductionDriver - Result from initial state is not interesting (attempt 1)
18:53:00.236 INFO  ExecHelper - interestingness_test /opt/reduce/intel_iris_xe_graphics/syn_memory_converge/variant_218.comp reduction_results/intel_iris_xe_graphics/syn_memory_converge/variant_218/variant_218.json
18:53:00.237 INFO  StreamGobblerLogger - stderr.env: ‘interestingness_test’: No such file or directory
18:53:00.237 INFO  ExecHelper - Result: 127
18:53:00.237 INFO  CustomFileJudge - Custom file judge result: 127
18:53:00.237 INFO  ReductionDriver - Result from initial state is not interesting (attempt 2)
18:53:00.298 INFO  ExecHelper - interestingness_test /opt/reduce/intel_iris_xe_graphics/syn_memory_converge/variant_218.comp reduction_results/intel_iris_xe_graphics/syn_memory_converge/variant_218/variant_218.json
18:53:00.299 INFO  StreamGobblerLogger - stderr.env: ‘interestingness_test’: No such file or directory
18:53:00.300 INFO  ExecHelper - Result: 127
18:53:00.300 INFO  CustomFileJudge - Custom file judge result: 127
18:53:00.300 INFO  ReductionDriver - Result from initial state is not interesting (attempt 3)
18:53:00.360 INFO  ExecHelper - interestingness_test /opt/reduce/intel_iris_xe_graphics/syn_memory_converge/variant_218.comp reduction_results/intel_iris_xe_graphics/syn_memory_converge/variant_218/variant_218.json
18:53:00.362 INFO  StreamGobblerLogger - stderr.env: ‘interestingness_test’: No such file or directory
18:53:00.363 INFO  ExecHelper - Result: 127
18:53:00.363 INFO  CustomFileJudge - Custom file judge result: 127
18:53:00.363 INFO  ReductionDriver - Result from initial state is not interesting (attempt 4)
18:53:00.421 INFO  ExecHelper - interestingness_test /opt/reduce/intel_iris_xe_graphics/syn_memory_converge/variant_218.comp reduction_results/intel_iris_xe_graphics/syn_memory_converge/variant_218/variant_218.json
18:53:00.423 INFO  StreamGobblerLogger - stderr.env: ‘interestingness_test’: No such file or directory
18:53:00.424 INFO  ExecHelper - Result: 127
18:53:00.424 INFO  CustomFileJudge - Custom file judge result: 127
18:53:00.424 INFO  ReductionDriver - Result from initial state is not interesting (attempt 5)
18:53:00.424 INFO  ReductionDriver - Tried 5 times; stopping.
Reduction command: java -ea -cp /opt/graphicsfuzz/graphicsfuzz/target/graphicsfuzz/python/drivers/../../jar/tool-1.0.jar com.graphicsfuzz.reducer.tool.GlslReduce /opt/reduce/intel_iris_xe_graphics/syn_memory_converge/variant_218.json interestingness_test --output reduction_results/intel_iris_xe_graphics/syn_memory_converge/variant_218 /opt/reduce/intel_iris_xe_graphics/syn_memory_converge/variant_218.comp
