19:35:32.746 INFO  ExecHelper - /opt/graphicsfuzz/graphicsfuzz/target/graphicsfuzz/bin/Linux/glslangValidator -E --stdin -S comp
19:35:32.804 INFO  ExecHelper - Result: 0
19:35:32.885 INFO  ReductionDriver - Starting reduction for variant_651
19:35:32.895 INFO  ExecHelper - interestingness_test /opt/reduce/rtx_4070/syn_memory_converge/variant_651.comp reduction_results/rtx_4070/syn_memory_converge/variant_651/variant_651.json
19:35:32.897 INFO  StreamGobblerLogger - stderr.env: ‘interestingness_test’: No such file or directory
19:35:32.897 INFO  ExecHelper - Result: 127
19:35:32.897 INFO  CustomFileJudge - Custom file judge result: 127
19:35:32.897 INFO  ReductionDriver - Result from initial state is not interesting (attempt 1)
19:35:32.899 INFO  ExecHelper - interestingness_test /opt/reduce/rtx_4070/syn_memory_converge/variant_651.comp reduction_results/rtx_4070/syn_memory_converge/variant_651/variant_651.json
19:35:32.900 INFO  StreamGobblerLogger - stderr.env: ‘interestingness_test’: No such file or directory
19:35:32.900 INFO  ExecHelper - Result: 127
19:35:32.901 INFO  CustomFileJudge - Custom file judge result: 127
19:35:32.901 INFO  ReductionDriver - Result from initial state is not interesting (attempt 2)
19:35:32.902 INFO  ExecHelper - interestingness_test /opt/reduce/rtx_4070/syn_memory_converge/variant_651.comp reduction_results/rtx_4070/syn_memory_converge/variant_651/variant_651.json
19:35:32.903 INFO  StreamGobblerLogger - stderr.env: ‘interestingness_test’: No such file or directory
19:35:32.904 INFO  ExecHelper - Result: 127
19:35:32.904 INFO  CustomFileJudge - Custom file judge result: 127
19:35:32.904 INFO  ReductionDriver - Result from initial state is not interesting (attempt 3)
19:35:32.905 INFO  ExecHelper - interestingness_test /opt/reduce/rtx_4070/syn_memory_converge/variant_651.comp reduction_results/rtx_4070/syn_memory_converge/variant_651/variant_651.json
19:35:32.907 INFO  StreamGobblerLogger - stderr.env: ‘interestingness_test’: No such file or directory
19:35:32.907 INFO  ExecHelper - Result: 127
19:35:32.907 INFO  CustomFileJudge - Custom file judge result: 127
19:35:32.907 INFO  ReductionDriver - Result from initial state is not interesting (attempt 4)
19:35:32.909 INFO  ExecHelper - interestingness_test /opt/reduce/rtx_4070/syn_memory_converge/variant_651.comp reduction_results/rtx_4070/syn_memory_converge/variant_651/variant_651.json
19:35:32.910 INFO  StreamGobblerLogger - stderr.env: ‘interestingness_test’: No such file or directory
19:35:32.910 INFO  ExecHelper - Result: 127
19:35:32.910 INFO  CustomFileJudge - Custom file judge result: 127
19:35:32.910 INFO  ReductionDriver - Result from initial state is not interesting (attempt 5)
19:35:32.910 INFO  ReductionDriver - Tried 5 times; stopping.
Reduction command: java -ea -cp /opt/graphicsfuzz/graphicsfuzz/target/graphicsfuzz/python/drivers/../../jar/tool-1.0.jar com.graphicsfuzz.reducer.tool.GlslReduce /opt/reduce/rtx_4070/syn_memory_converge/variant_651.json interestingness_test --output reduction_results/rtx_4070/syn_memory_converge/variant_651 /opt/reduce/rtx_4070/syn_memory_converge/variant_651.comp
