19:29:52.257 INFO  ExecHelper - /opt/graphicsfuzz/graphicsfuzz/target/graphicsfuzz/bin/Linux/glslangValidator -E --stdin -S comp
19:29:52.305 INFO  ExecHelper - Result: 0
19:29:52.402 INFO  ReductionDriver - Starting reduction for variant_264
19:29:52.414 INFO  ExecHelper - interestingness_test /opt/reduce/rtx_4070/syn_memory_converge/variant_264.comp reduction_results/rtx_4070/syn_memory_converge/variant_264/variant_264.json
19:29:52.415 INFO  StreamGobblerLogger - stderr.env: ‘interestingness_test’: No such file or directory
19:29:52.416 INFO  ExecHelper - Result: 127
19:29:52.416 INFO  CustomFileJudge - Custom file judge result: 127
19:29:52.416 INFO  ReductionDriver - Result from initial state is not interesting (attempt 1)
19:29:52.419 INFO  ExecHelper - interestingness_test /opt/reduce/rtx_4070/syn_memory_converge/variant_264.comp reduction_results/rtx_4070/syn_memory_converge/variant_264/variant_264.json
19:29:52.420 INFO  StreamGobblerLogger - stderr.env: ‘interestingness_test’: No such file or directory
19:29:52.420 INFO  ExecHelper - Result: 127
19:29:52.420 INFO  CustomFileJudge - Custom file judge result: 127
19:29:52.421 INFO  ReductionDriver - Result from initial state is not interesting (attempt 2)
19:29:52.425 INFO  ExecHelper - interestingness_test /opt/reduce/rtx_4070/syn_memory_converge/variant_264.comp reduction_results/rtx_4070/syn_memory_converge/variant_264/variant_264.json
19:29:52.426 INFO  StreamGobblerLogger - stderr.env: ‘interestingness_test’: No such file or directory
19:29:52.427 INFO  ExecHelper - Result: 127
19:29:52.427 INFO  CustomFileJudge - Custom file judge result: 127
19:29:52.427 INFO  ReductionDriver - Result from initial state is not interesting (attempt 3)
19:29:52.429 INFO  ExecHelper - interestingness_test /opt/reduce/rtx_4070/syn_memory_converge/variant_264.comp reduction_results/rtx_4070/syn_memory_converge/variant_264/variant_264.json
19:29:52.430 INFO  StreamGobblerLogger - stderr.env: ‘interestingness_test’: No such file or directory
19:29:52.431 INFO  ExecHelper - Result: 127
19:29:52.431 INFO  CustomFileJudge - Custom file judge result: 127
19:29:52.431 INFO  ReductionDriver - Result from initial state is not interesting (attempt 4)
19:29:52.433 INFO  ExecHelper - interestingness_test /opt/reduce/rtx_4070/syn_memory_converge/variant_264.comp reduction_results/rtx_4070/syn_memory_converge/variant_264/variant_264.json
19:29:52.435 INFO  StreamGobblerLogger - stderr.env: ‘interestingness_test’: No such file or directory
19:29:52.435 INFO  ExecHelper - Result: 127
19:29:52.435 INFO  CustomFileJudge - Custom file judge result: 127
19:29:52.435 INFO  ReductionDriver - Result from initial state is not interesting (attempt 5)
19:29:52.435 INFO  ReductionDriver - Tried 5 times; stopping.
Reduction command: java -ea -cp /opt/graphicsfuzz/graphicsfuzz/target/graphicsfuzz/python/drivers/../../jar/tool-1.0.jar com.graphicsfuzz.reducer.tool.GlslReduce /opt/reduce/rtx_4070/syn_memory_converge/variant_264.json interestingness_test --output reduction_results/rtx_4070/syn_memory_converge/variant_264 /opt/reduce/rtx_4070/syn_memory_converge/variant_264.comp
