18:36:14.335 INFO  ExecHelper - /opt/graphicsfuzz/graphicsfuzz/target/graphicsfuzz/bin/Linux/glslangValidator -E --stdin -S comp
18:36:14.391 INFO  ExecHelper - Result: 0
18:36:14.694 INFO  ReductionDriver - Starting reduction for variant_653
18:36:14.788 INFO  ExecHelper - interestingness_test /opt/reduce/cezanne_radeon_vega/syn_memory_converge_atomic/variant_653.comp reduction_results/cezanne_radeon_vega/syn_memory_converge_atomic/variant_653/variant_653.json
18:36:14.790 INFO  StreamGobblerLogger - stderr.env: ‘interestingness_test’: No such file or directory
18:36:14.790 INFO  ExecHelper - Result: 127
18:36:14.790 INFO  CustomFileJudge - Custom file judge result: 127
18:36:14.790 INFO  ReductionDriver - Result from initial state is not interesting (attempt 1)
18:36:14.850 INFO  ExecHelper - interestingness_test /opt/reduce/cezanne_radeon_vega/syn_memory_converge_atomic/variant_653.comp reduction_results/cezanne_radeon_vega/syn_memory_converge_atomic/variant_653/variant_653.json
18:36:14.852 INFO  StreamGobblerLogger - stderr.env: ‘interestingness_test’: No such file or directory
18:36:14.852 INFO  ExecHelper - Result: 127
18:36:14.852 INFO  CustomFileJudge - Custom file judge result: 127
18:36:14.852 INFO  ReductionDriver - Result from initial state is not interesting (attempt 2)
18:36:14.907 INFO  ExecHelper - interestingness_test /opt/reduce/cezanne_radeon_vega/syn_memory_converge_atomic/variant_653.comp reduction_results/cezanne_radeon_vega/syn_memory_converge_atomic/variant_653/variant_653.json
18:36:14.908 INFO  StreamGobblerLogger - stderr.env: ‘interestingness_test’: No such file or directory
18:36:14.909 INFO  ExecHelper - Result: 127
18:36:14.909 INFO  CustomFileJudge - Custom file judge result: 127
18:36:14.909 INFO  ReductionDriver - Result from initial state is not interesting (attempt 3)
18:36:14.966 INFO  ExecHelper - interestingness_test /opt/reduce/cezanne_radeon_vega/syn_memory_converge_atomic/variant_653.comp reduction_results/cezanne_radeon_vega/syn_memory_converge_atomic/variant_653/variant_653.json
18:36:14.967 INFO  StreamGobblerLogger - stderr.env: ‘interestingness_test’: No such file or directory
18:36:14.968 INFO  ExecHelper - Result: 127
18:36:14.968 INFO  CustomFileJudge - Custom file judge result: 127
18:36:14.968 INFO  ReductionDriver - Result from initial state is not interesting (attempt 4)
18:36:15.026 INFO  ExecHelper - interestingness_test /opt/reduce/cezanne_radeon_vega/syn_memory_converge_atomic/variant_653.comp reduction_results/cezanne_radeon_vega/syn_memory_converge_atomic/variant_653/variant_653.json
18:36:15.027 INFO  StreamGobblerLogger - stderr.env: ‘interestingness_test’: No such file or directory
18:36:15.027 INFO  ExecHelper - Result: 127
18:36:15.027 INFO  CustomFileJudge - Custom file judge result: 127
18:36:15.028 INFO  ReductionDriver - Result from initial state is not interesting (attempt 5)
18:36:15.028 INFO  ReductionDriver - Tried 5 times; stopping.
Reduction command: java -ea -cp /opt/graphicsfuzz/graphicsfuzz/target/graphicsfuzz/python/drivers/../../jar/tool-1.0.jar com.graphicsfuzz.reducer.tool.GlslReduce /opt/reduce/cezanne_radeon_vega/syn_memory_converge_atomic/variant_653.json interestingness_test --output reduction_results/cezanne_radeon_vega/syn_memory_converge_atomic/variant_653 /opt/reduce/cezanne_radeon_vega/syn_memory_converge_atomic/variant_653.comp
