18:57:58.644 INFO  ExecHelper - /opt/graphicsfuzz/graphicsfuzz/target/graphicsfuzz/bin/Linux/glslangValidator -E --stdin -S comp
18:57:58.712 INFO  ExecHelper - Result: 0
18:57:59.254 INFO  ReductionDriver - Starting reduction for variant_546
18:57:59.273 INFO  ExecHelper - interestingness_test /opt/reduce/intel_iris_xe_graphics/syn_memory_converge/variant_546.comp reduction_results/intel_iris_xe_graphics/syn_memory_converge/variant_546/variant_546.json
18:57:59.275 INFO  StreamGobblerLogger - stderr.env: ‘interestingness_test’: No such file or directory
18:57:59.275 INFO  ExecHelper - Result: 127
18:57:59.275 INFO  CustomFileJudge - Custom file judge result: 127
18:57:59.275 INFO  ReductionDriver - Result from initial state is not interesting (attempt 1)
18:57:59.284 INFO  ExecHelper - interestingness_test /opt/reduce/intel_iris_xe_graphics/syn_memory_converge/variant_546.comp reduction_results/intel_iris_xe_graphics/syn_memory_converge/variant_546/variant_546.json
18:57:59.285 INFO  StreamGobblerLogger - stderr.env: ‘interestingness_test’: No such file or directory
18:57:59.285 INFO  ExecHelper - Result: 127
18:57:59.286 INFO  CustomFileJudge - Custom file judge result: 127
18:57:59.286 INFO  ReductionDriver - Result from initial state is not interesting (attempt 2)
18:57:59.293 INFO  ExecHelper - interestingness_test /opt/reduce/intel_iris_xe_graphics/syn_memory_converge/variant_546.comp reduction_results/intel_iris_xe_graphics/syn_memory_converge/variant_546/variant_546.json
18:57:59.294 INFO  StreamGobblerLogger - stderr.env: ‘interestingness_test’: No such file or directory
18:57:59.295 INFO  ExecHelper - Result: 127
18:57:59.295 INFO  CustomFileJudge - Custom file judge result: 127
18:57:59.295 INFO  ReductionDriver - Result from initial state is not interesting (attempt 3)
18:57:59.302 INFO  ExecHelper - interestingness_test /opt/reduce/intel_iris_xe_graphics/syn_memory_converge/variant_546.comp reduction_results/intel_iris_xe_graphics/syn_memory_converge/variant_546/variant_546.json
18:57:59.303 INFO  StreamGobblerLogger - stderr.env: ‘interestingness_test’: No such file or directory
18:57:59.304 INFO  ExecHelper - Result: 127
18:57:59.304 INFO  CustomFileJudge - Custom file judge result: 127
18:57:59.304 INFO  ReductionDriver - Result from initial state is not interesting (attempt 4)
18:57:59.310 INFO  ExecHelper - interestingness_test /opt/reduce/intel_iris_xe_graphics/syn_memory_converge/variant_546.comp reduction_results/intel_iris_xe_graphics/syn_memory_converge/variant_546/variant_546.json
18:57:59.311 INFO  StreamGobblerLogger - stderr.env: ‘interestingness_test’: No such file or directory
18:57:59.312 INFO  ExecHelper - Result: 127
18:57:59.312 INFO  CustomFileJudge - Custom file judge result: 127
18:57:59.312 INFO  ReductionDriver - Result from initial state is not interesting (attempt 5)
18:57:59.312 INFO  ReductionDriver - Tried 5 times; stopping.
Reduction command: java -ea -cp /opt/graphicsfuzz/graphicsfuzz/target/graphicsfuzz/python/drivers/../../jar/tool-1.0.jar com.graphicsfuzz.reducer.tool.GlslReduce /opt/reduce/intel_iris_xe_graphics/syn_memory_converge/variant_546.json interestingness_test --output reduction_results/intel_iris_xe_graphics/syn_memory_converge/variant_546 /opt/reduce/intel_iris_xe_graphics/syn_memory_converge/variant_546.comp
