19:35:59.634 INFO  ExecHelper - /opt/graphicsfuzz/graphicsfuzz/target/graphicsfuzz/bin/Linux/glslangValidator -E --stdin -S comp
19:35:59.684 INFO  ExecHelper - Result: 0
19:35:59.774 INFO  ReductionDriver - Starting reduction for variant_691
19:35:59.784 INFO  ExecHelper - interestingness_test /opt/reduce/rtx_4070/syn_memory_converge/variant_691.comp reduction_results/rtx_4070/syn_memory_converge/variant_691/variant_691.json
19:35:59.785 INFO  StreamGobblerLogger - stderr.env: ‘interestingness_test’: No such file or directory
19:35:59.786 INFO  ExecHelper - Result: 127
19:35:59.786 INFO  CustomFileJudge - Custom file judge result: 127
19:35:59.786 INFO  ReductionDriver - Result from initial state is not interesting (attempt 1)
19:35:59.788 INFO  ExecHelper - interestingness_test /opt/reduce/rtx_4070/syn_memory_converge/variant_691.comp reduction_results/rtx_4070/syn_memory_converge/variant_691/variant_691.json
19:35:59.789 INFO  StreamGobblerLogger - stderr.env: ‘interestingness_test’: No such file or directory
19:35:59.790 INFO  ExecHelper - Result: 127
19:35:59.790 INFO  CustomFileJudge - Custom file judge result: 127
19:35:59.790 INFO  ReductionDriver - Result from initial state is not interesting (attempt 2)
19:35:59.794 INFO  ExecHelper - interestingness_test /opt/reduce/rtx_4070/syn_memory_converge/variant_691.comp reduction_results/rtx_4070/syn_memory_converge/variant_691/variant_691.json
19:35:59.796 INFO  StreamGobblerLogger - stderr.env: ‘interestingness_test’: No such file or directory
19:35:59.796 INFO  ExecHelper - Result: 127
19:35:59.796 INFO  CustomFileJudge - Custom file judge result: 127
19:35:59.796 INFO  ReductionDriver - Result from initial state is not interesting (attempt 3)
19:35:59.799 INFO  ExecHelper - interestingness_test /opt/reduce/rtx_4070/syn_memory_converge/variant_691.comp reduction_results/rtx_4070/syn_memory_converge/variant_691/variant_691.json
19:35:59.800 INFO  StreamGobblerLogger - stderr.env: ‘interestingness_test’: No such file or directory
19:35:59.800 INFO  ExecHelper - Result: 127
19:35:59.800 INFO  CustomFileJudge - Custom file judge result: 127
19:35:59.800 INFO  ReductionDriver - Result from initial state is not interesting (attempt 4)
19:35:59.802 INFO  ExecHelper - interestingness_test /opt/reduce/rtx_4070/syn_memory_converge/variant_691.comp reduction_results/rtx_4070/syn_memory_converge/variant_691/variant_691.json
19:35:59.803 INFO  StreamGobblerLogger - stderr.env: ‘interestingness_test’: No such file or directory
19:35:59.803 INFO  ExecHelper - Result: 127
19:35:59.803 INFO  CustomFileJudge - Custom file judge result: 127
19:35:59.803 INFO  ReductionDriver - Result from initial state is not interesting (attempt 5)
19:35:59.803 INFO  ReductionDriver - Tried 5 times; stopping.
Reduction command: java -ea -cp /opt/graphicsfuzz/graphicsfuzz/target/graphicsfuzz/python/drivers/../../jar/tool-1.0.jar com.graphicsfuzz.reducer.tool.GlslReduce /opt/reduce/rtx_4070/syn_memory_converge/variant_691.json interestingness_test --output reduction_results/rtx_4070/syn_memory_converge/variant_691 /opt/reduce/rtx_4070/syn_memory_converge/variant_691.comp
