19:38:14.306 INFO  ExecHelper - /opt/graphicsfuzz/graphicsfuzz/target/graphicsfuzz/bin/Linux/glslangValidator -E --stdin -S comp
19:38:14.370 INFO  ExecHelper - Result: 0
19:38:14.814 INFO  ReductionDriver - Starting reduction for variant_856
19:38:14.961 INFO  ExecHelper - interestingness_test /opt/reduce/rtx_4070/syn_memory_converge/variant_856.comp reduction_results/rtx_4070/syn_memory_converge/variant_856/variant_856.json
19:38:14.963 INFO  StreamGobblerLogger - stderr.env: ‘interestingness_test’: No such file or directory
19:38:14.963 INFO  ExecHelper - Result: 127
19:38:14.963 INFO  CustomFileJudge - Custom file judge result: 127
19:38:14.963 INFO  ReductionDriver - Result from initial state is not interesting (attempt 1)
19:38:15.091 INFO  ExecHelper - interestingness_test /opt/reduce/rtx_4070/syn_memory_converge/variant_856.comp reduction_results/rtx_4070/syn_memory_converge/variant_856/variant_856.json
19:38:15.092 INFO  StreamGobblerLogger - stderr.env: ‘interestingness_test’: No such file or directory
19:38:15.093 INFO  ExecHelper - Result: 127
19:38:15.093 INFO  CustomFileJudge - Custom file judge result: 127
19:38:15.093 INFO  ReductionDriver - Result from initial state is not interesting (attempt 2)
19:38:15.219 INFO  ExecHelper - interestingness_test /opt/reduce/rtx_4070/syn_memory_converge/variant_856.comp reduction_results/rtx_4070/syn_memory_converge/variant_856/variant_856.json
19:38:15.220 INFO  StreamGobblerLogger - stderr.env: ‘interestingness_test’: No such file or directory
19:38:15.221 INFO  ExecHelper - Result: 127
19:38:15.221 INFO  CustomFileJudge - Custom file judge result: 127
19:38:15.221 INFO  ReductionDriver - Result from initial state is not interesting (attempt 3)
19:38:15.345 INFO  ExecHelper - interestingness_test /opt/reduce/rtx_4070/syn_memory_converge/variant_856.comp reduction_results/rtx_4070/syn_memory_converge/variant_856/variant_856.json
19:38:15.347 INFO  StreamGobblerLogger - stderr.env: ‘interestingness_test’: No such file or directory
19:38:15.347 INFO  ExecHelper - Result: 127
19:38:15.347 INFO  CustomFileJudge - Custom file judge result: 127
19:38:15.347 INFO  ReductionDriver - Result from initial state is not interesting (attempt 4)
19:38:15.471 INFO  ExecHelper - interestingness_test /opt/reduce/rtx_4070/syn_memory_converge/variant_856.comp reduction_results/rtx_4070/syn_memory_converge/variant_856/variant_856.json
19:38:15.473 INFO  StreamGobblerLogger - stderr.env: ‘interestingness_test’: No such file or directory
19:38:15.474 INFO  ExecHelper - Result: 127
19:38:15.474 INFO  CustomFileJudge - Custom file judge result: 127
19:38:15.474 INFO  ReductionDriver - Result from initial state is not interesting (attempt 5)
19:38:15.474 INFO  ReductionDriver - Tried 5 times; stopping.
Reduction command: java -ea -cp /opt/graphicsfuzz/graphicsfuzz/target/graphicsfuzz/python/drivers/../../jar/tool-1.0.jar com.graphicsfuzz.reducer.tool.GlslReduce /opt/reduce/rtx_4070/syn_memory_converge/variant_856.json interestingness_test --output reduction_results/rtx_4070/syn_memory_converge/variant_856 /opt/reduce/rtx_4070/syn_memory_converge/variant_856.comp
