18:23:29.221 INFO  ExecHelper - /opt/graphicsfuzz/graphicsfuzz/target/graphicsfuzz/bin/Linux/glslangValidator -E --stdin -S comp
18:23:29.333 INFO  ExecHelper - Result: 0
18:23:29.945 INFO  ReductionDriver - Starting reduction for variant_719
18:23:29.961 INFO  ExecHelper - interestingness_test /opt/reduce/cezanne_radeon_vega/syn_memory_converge/variant_719.comp reduction_results/cezanne_radeon_vega/syn_memory_converge/variant_719/variant_719.json
18:23:29.962 INFO  StreamGobblerLogger - stderr.env: ‘interestingness_test’: No such file or directory
18:23:29.963 INFO  ExecHelper - Result: 127
18:23:29.963 INFO  CustomFileJudge - Custom file judge result: 127
18:23:29.963 INFO  ReductionDriver - Result from initial state is not interesting (attempt 1)
18:23:29.969 INFO  ExecHelper - interestingness_test /opt/reduce/cezanne_radeon_vega/syn_memory_converge/variant_719.comp reduction_results/cezanne_radeon_vega/syn_memory_converge/variant_719/variant_719.json
18:23:29.970 INFO  StreamGobblerLogger - stderr.env: ‘interestingness_test’: No such file or directory
18:23:29.971 INFO  ExecHelper - Result: 127
18:23:29.971 INFO  CustomFileJudge - Custom file judge result: 127
18:23:29.971 INFO  ReductionDriver - Result from initial state is not interesting (attempt 2)
18:23:29.977 INFO  ExecHelper - interestingness_test /opt/reduce/cezanne_radeon_vega/syn_memory_converge/variant_719.comp reduction_results/cezanne_radeon_vega/syn_memory_converge/variant_719/variant_719.json
18:23:29.979 INFO  StreamGobblerLogger - stderr.env: ‘interestingness_test’: No such file or directory
18:23:29.979 INFO  ExecHelper - Result: 127
18:23:29.979 INFO  CustomFileJudge - Custom file judge result: 127
18:23:29.979 INFO  ReductionDriver - Result from initial state is not interesting (attempt 3)
18:23:29.984 INFO  ExecHelper - interestingness_test /opt/reduce/cezanne_radeon_vega/syn_memory_converge/variant_719.comp reduction_results/cezanne_radeon_vega/syn_memory_converge/variant_719/variant_719.json
18:23:29.986 INFO  StreamGobblerLogger - stderr.env: ‘interestingness_test’: No such file or directory
18:23:29.986 INFO  ExecHelper - Result: 127
18:23:29.986 INFO  CustomFileJudge - Custom file judge result: 127
18:23:29.986 INFO  ReductionDriver - Result from initial state is not interesting (attempt 4)
18:23:29.997 INFO  ExecHelper - interestingness_test /opt/reduce/cezanne_radeon_vega/syn_memory_converge/variant_719.comp reduction_results/cezanne_radeon_vega/syn_memory_converge/variant_719/variant_719.json
18:23:29.998 INFO  StreamGobblerLogger - stderr.env: ‘interestingness_test’: No such file or directory
18:23:29.999 INFO  ExecHelper - Result: 127
18:23:29.999 INFO  CustomFileJudge - Custom file judge result: 127
18:23:29.999 INFO  ReductionDriver - Result from initial state is not interesting (attempt 5)
18:23:29.999 INFO  ReductionDriver - Tried 5 times; stopping.
Reduction command: java -ea -cp /opt/graphicsfuzz/graphicsfuzz/target/graphicsfuzz/python/drivers/../../jar/tool-1.0.jar com.graphicsfuzz.reducer.tool.GlslReduce /opt/reduce/cezanne_radeon_vega/syn_memory_converge/variant_719.json interestingness_test --output reduction_results/cezanne_radeon_vega/syn_memory_converge/variant_719 /opt/reduce/cezanne_radeon_vega/syn_memory_converge/variant_719.comp
