19:04:04.045 INFO  ExecHelper - /opt/graphicsfuzz/graphicsfuzz/target/graphicsfuzz/bin/Linux/glslangValidator -E --stdin -S comp
19:04:04.104 INFO  ExecHelper - Result: 0
19:04:04.515 INFO  ReductionDriver - Starting reduction for variant_991
19:04:04.626 INFO  ExecHelper - interestingness_test /opt/reduce/intel_iris_xe_graphics/syn_memory_converge/variant_991.comp reduction_results/intel_iris_xe_graphics/syn_memory_converge/variant_991/variant_991.json
19:04:04.628 INFO  StreamGobblerLogger - stderr.env: ‘interestingness_test’: No such file or directory
19:04:04.628 INFO  ExecHelper - Result: 127
19:04:04.629 INFO  CustomFileJudge - Custom file judge result: 127
19:04:04.629 INFO  ReductionDriver - Result from initial state is not interesting (attempt 1)
19:04:04.738 INFO  ExecHelper - interestingness_test /opt/reduce/intel_iris_xe_graphics/syn_memory_converge/variant_991.comp reduction_results/intel_iris_xe_graphics/syn_memory_converge/variant_991/variant_991.json
19:04:04.740 INFO  StreamGobblerLogger - stderr.env: ‘interestingness_test’: No such file or directory
19:04:04.740 INFO  ExecHelper - Result: 127
19:04:04.740 INFO  CustomFileJudge - Custom file judge result: 127
19:04:04.740 INFO  ReductionDriver - Result from initial state is not interesting (attempt 2)
19:04:04.840 INFO  ExecHelper - interestingness_test /opt/reduce/intel_iris_xe_graphics/syn_memory_converge/variant_991.comp reduction_results/intel_iris_xe_graphics/syn_memory_converge/variant_991/variant_991.json
19:04:04.841 INFO  StreamGobblerLogger - stderr.env: ‘interestingness_test’: No such file or directory
19:04:04.842 INFO  ExecHelper - Result: 127
19:04:04.842 INFO  CustomFileJudge - Custom file judge result: 127
19:04:04.842 INFO  ReductionDriver - Result from initial state is not interesting (attempt 3)
19:04:04.937 INFO  ExecHelper - interestingness_test /opt/reduce/intel_iris_xe_graphics/syn_memory_converge/variant_991.comp reduction_results/intel_iris_xe_graphics/syn_memory_converge/variant_991/variant_991.json
19:04:04.939 INFO  StreamGobblerLogger - stderr.env: ‘interestingness_test’: No such file or directory
19:04:04.939 INFO  ExecHelper - Result: 127
19:04:04.939 INFO  CustomFileJudge - Custom file judge result: 127
19:04:04.939 INFO  ReductionDriver - Result from initial state is not interesting (attempt 4)
19:04:05.031 INFO  ExecHelper - interestingness_test /opt/reduce/intel_iris_xe_graphics/syn_memory_converge/variant_991.comp reduction_results/intel_iris_xe_graphics/syn_memory_converge/variant_991/variant_991.json
19:04:05.033 INFO  StreamGobblerLogger - stderr.env: ‘interestingness_test’: No such file or directory
19:04:05.033 INFO  ExecHelper - Result: 127
19:04:05.033 INFO  CustomFileJudge - Custom file judge result: 127
19:04:05.033 INFO  ReductionDriver - Result from initial state is not interesting (attempt 5)
19:04:05.033 INFO  ReductionDriver - Tried 5 times; stopping.
Reduction command: java -ea -cp /opt/graphicsfuzz/graphicsfuzz/target/graphicsfuzz/python/drivers/../../jar/tool-1.0.jar com.graphicsfuzz.reducer.tool.GlslReduce /opt/reduce/intel_iris_xe_graphics/syn_memory_converge/variant_991.json interestingness_test --output reduction_results/intel_iris_xe_graphics/syn_memory_converge/variant_991 /opt/reduce/intel_iris_xe_graphics/syn_memory_converge/variant_991.comp
