18:49:02.092 INFO  ExecHelper - /opt/graphicsfuzz/graphicsfuzz/target/graphicsfuzz/bin/Linux/glslangValidator -E --stdin -S comp
18:49:02.218 INFO  ExecHelper - Result: 0
18:49:03.158 INFO  ReductionDriver - Starting reduction for variant_036
18:49:03.181 INFO  ExecHelper - interestingness_test /opt/reduce/intel_iris_xe_graphics/syn_lock_step_release/variant_036.comp reduction_results/intel_iris_xe_graphics/syn_lock_step_release/variant_036/variant_036.json
18:49:03.183 INFO  StreamGobblerLogger - stderr.env: ‘interestingness_test’: No such file or directory
18:49:03.183 INFO  ExecHelper - Result: 127
18:49:03.183 INFO  CustomFileJudge - Custom file judge result: 127
18:49:03.183 INFO  ReductionDriver - Result from initial state is not interesting (attempt 1)
18:49:03.197 INFO  ExecHelper - interestingness_test /opt/reduce/intel_iris_xe_graphics/syn_lock_step_release/variant_036.comp reduction_results/intel_iris_xe_graphics/syn_lock_step_release/variant_036/variant_036.json
18:49:03.200 INFO  StreamGobblerLogger - stderr.env: ‘interestingness_test’: No such file or directory
18:49:03.200 INFO  ExecHelper - Result: 127
18:49:03.200 INFO  CustomFileJudge - Custom file judge result: 127
18:49:03.201 INFO  ReductionDriver - Result from initial state is not interesting (attempt 2)
18:49:03.215 INFO  ExecHelper - interestingness_test /opt/reduce/intel_iris_xe_graphics/syn_lock_step_release/variant_036.comp reduction_results/intel_iris_xe_graphics/syn_lock_step_release/variant_036/variant_036.json
18:49:03.217 INFO  StreamGobblerLogger - stderr.env: ‘interestingness_test’: No such file or directory
18:49:03.217 INFO  ExecHelper - Result: 127
18:49:03.217 INFO  CustomFileJudge - Custom file judge result: 127
18:49:03.217 INFO  ReductionDriver - Result from initial state is not interesting (attempt 3)
18:49:03.226 INFO  ExecHelper - interestingness_test /opt/reduce/intel_iris_xe_graphics/syn_lock_step_release/variant_036.comp reduction_results/intel_iris_xe_graphics/syn_lock_step_release/variant_036/variant_036.json
18:49:03.228 INFO  StreamGobblerLogger - stderr.env: ‘interestingness_test’: No such file or directory
18:49:03.228 INFO  ExecHelper - Result: 127
18:49:03.228 INFO  CustomFileJudge - Custom file judge result: 127
18:49:03.228 INFO  ReductionDriver - Result from initial state is not interesting (attempt 4)
18:49:03.235 INFO  ExecHelper - interestingness_test /opt/reduce/intel_iris_xe_graphics/syn_lock_step_release/variant_036.comp reduction_results/intel_iris_xe_graphics/syn_lock_step_release/variant_036/variant_036.json
18:49:03.236 INFO  StreamGobblerLogger - stderr.env: ‘interestingness_test’: No such file or directory
18:49:03.237 INFO  ExecHelper - Result: 127
18:49:03.237 INFO  CustomFileJudge - Custom file judge result: 127
18:49:03.237 INFO  ReductionDriver - Result from initial state is not interesting (attempt 5)
18:49:03.237 INFO  ReductionDriver - Tried 5 times; stopping.
Reduction command: java -ea -cp /opt/graphicsfuzz/graphicsfuzz/target/graphicsfuzz/python/drivers/../../jar/tool-1.0.jar com.graphicsfuzz.reducer.tool.GlslReduce /opt/reduce/intel_iris_xe_graphics/syn_lock_step_release/variant_036.json interestingness_test --output reduction_results/intel_iris_xe_graphics/syn_lock_step_release/variant_036 /opt/reduce/intel_iris_xe_graphics/syn_lock_step_release/variant_036.comp
