19:01:15.227 INFO  ExecHelper - /opt/graphicsfuzz/graphicsfuzz/target/graphicsfuzz/bin/Linux/glslangValidator -E --stdin -S comp
19:01:15.276 INFO  ExecHelper - Result: 0
19:01:15.336 INFO  ReductionDriver - Starting reduction for variant_789
19:01:15.341 INFO  ExecHelper - interestingness_test /opt/reduce/intel_iris_xe_graphics/syn_memory_converge/variant_789.comp reduction_results/intel_iris_xe_graphics/syn_memory_converge/variant_789/variant_789.json
19:01:15.342 INFO  StreamGobblerLogger - stderr.env: ‘interestingness_test’: No such file or directory
19:01:15.343 INFO  ExecHelper - Result: 127
19:01:15.343 INFO  CustomFileJudge - Custom file judge result: 127
19:01:15.343 INFO  ReductionDriver - Result from initial state is not interesting (attempt 1)
19:01:15.344 INFO  ExecHelper - interestingness_test /opt/reduce/intel_iris_xe_graphics/syn_memory_converge/variant_789.comp reduction_results/intel_iris_xe_graphics/syn_memory_converge/variant_789/variant_789.json
19:01:15.345 INFO  StreamGobblerLogger - stderr.env: ‘interestingness_test’: No such file or directory
19:01:15.346 INFO  ExecHelper - Result: 127
19:01:15.346 INFO  CustomFileJudge - Custom file judge result: 127
19:01:15.346 INFO  ReductionDriver - Result from initial state is not interesting (attempt 2)
19:01:15.347 INFO  ExecHelper - interestingness_test /opt/reduce/intel_iris_xe_graphics/syn_memory_converge/variant_789.comp reduction_results/intel_iris_xe_graphics/syn_memory_converge/variant_789/variant_789.json
19:01:15.348 INFO  StreamGobblerLogger - stderr.env: ‘interestingness_test’: No such file or directory
19:01:15.348 INFO  ExecHelper - Result: 127
19:01:15.348 INFO  CustomFileJudge - Custom file judge result: 127
19:01:15.348 INFO  ReductionDriver - Result from initial state is not interesting (attempt 3)
19:01:15.349 INFO  ExecHelper - interestingness_test /opt/reduce/intel_iris_xe_graphics/syn_memory_converge/variant_789.comp reduction_results/intel_iris_xe_graphics/syn_memory_converge/variant_789/variant_789.json
19:01:15.350 INFO  StreamGobblerLogger - stderr.env: ‘interestingness_test’: No such file or directory
19:01:15.350 INFO  ExecHelper - Result: 127
19:01:15.350 INFO  CustomFileJudge - Custom file judge result: 127
19:01:15.350 INFO  ReductionDriver - Result from initial state is not interesting (attempt 4)
19:01:15.351 INFO  ExecHelper - interestingness_test /opt/reduce/intel_iris_xe_graphics/syn_memory_converge/variant_789.comp reduction_results/intel_iris_xe_graphics/syn_memory_converge/variant_789/variant_789.json
19:01:15.352 INFO  StreamGobblerLogger - stderr.env: ‘interestingness_test’: No such file or directory
19:01:15.352 INFO  ExecHelper - Result: 127
19:01:15.352 INFO  CustomFileJudge - Custom file judge result: 127
19:01:15.352 INFO  ReductionDriver - Result from initial state is not interesting (attempt 5)
19:01:15.352 INFO  ReductionDriver - Tried 5 times; stopping.
Reduction command: java -ea -cp /opt/graphicsfuzz/graphicsfuzz/target/graphicsfuzz/python/drivers/../../jar/tool-1.0.jar com.graphicsfuzz.reducer.tool.GlslReduce /opt/reduce/intel_iris_xe_graphics/syn_memory_converge/variant_789.json interestingness_test --output reduction_results/intel_iris_xe_graphics/syn_memory_converge/variant_789 /opt/reduce/intel_iris_xe_graphics/syn_memory_converge/variant_789.comp
