19:41:56.023 INFO  ExecHelper - /opt/graphicsfuzz/graphicsfuzz/target/graphicsfuzz/bin/Linux/glslangValidator -E --stdin -S comp
19:41:56.073 INFO  ExecHelper - Result: 0
19:41:56.652 INFO  ReductionDriver - Starting reduction for variant_119
19:41:56.723 INFO  ExecHelper - interestingness_test /opt/reduce/rtx_4070/syn_memory_converge_atomic/variant_119.comp reduction_results/rtx_4070/syn_memory_converge_atomic/variant_119/variant_119.json
19:41:56.724 INFO  StreamGobblerLogger - stderr.env: ‘interestingness_test’: No such file or directory
19:41:56.725 INFO  ExecHelper - Result: 127
19:41:56.725 INFO  CustomFileJudge - Custom file judge result: 127
19:41:56.725 INFO  ReductionDriver - Result from initial state is not interesting (attempt 1)
19:41:56.782 INFO  ExecHelper - interestingness_test /opt/reduce/rtx_4070/syn_memory_converge_atomic/variant_119.comp reduction_results/rtx_4070/syn_memory_converge_atomic/variant_119/variant_119.json
19:41:56.784 INFO  StreamGobblerLogger - stderr.env: ‘interestingness_test’: No such file or directory
19:41:56.785 INFO  ExecHelper - Result: 127
19:41:56.785 INFO  CustomFileJudge - Custom file judge result: 127
19:41:56.785 INFO  ReductionDriver - Result from initial state is not interesting (attempt 2)
19:41:56.839 INFO  ExecHelper - interestingness_test /opt/reduce/rtx_4070/syn_memory_converge_atomic/variant_119.comp reduction_results/rtx_4070/syn_memory_converge_atomic/variant_119/variant_119.json
19:41:56.840 INFO  StreamGobblerLogger - stderr.env: ‘interestingness_test’: No such file or directory
19:41:56.841 INFO  ExecHelper - Result: 127
19:41:56.841 INFO  CustomFileJudge - Custom file judge result: 127
19:41:56.841 INFO  ReductionDriver - Result from initial state is not interesting (attempt 3)
19:41:56.893 INFO  ExecHelper - interestingness_test /opt/reduce/rtx_4070/syn_memory_converge_atomic/variant_119.comp reduction_results/rtx_4070/syn_memory_converge_atomic/variant_119/variant_119.json
19:41:56.894 INFO  StreamGobblerLogger - stderr.env: ‘interestingness_test’: No such file or directory
19:41:56.895 INFO  ExecHelper - Result: 127
19:41:56.895 INFO  CustomFileJudge - Custom file judge result: 127
19:41:56.895 INFO  ReductionDriver - Result from initial state is not interesting (attempt 4)
19:41:56.945 INFO  ExecHelper - interestingness_test /opt/reduce/rtx_4070/syn_memory_converge_atomic/variant_119.comp reduction_results/rtx_4070/syn_memory_converge_atomic/variant_119/variant_119.json
19:41:56.947 INFO  StreamGobblerLogger - stderr.env: ‘interestingness_test’: No such file or directory
19:41:56.948 INFO  ExecHelper - Result: 127
19:41:56.948 INFO  CustomFileJudge - Custom file judge result: 127
19:41:56.948 INFO  ReductionDriver - Result from initial state is not interesting (attempt 5)
19:41:56.948 INFO  ReductionDriver - Tried 5 times; stopping.
Reduction command: java -ea -cp /opt/graphicsfuzz/graphicsfuzz/target/graphicsfuzz/python/drivers/../../jar/tool-1.0.jar com.graphicsfuzz.reducer.tool.GlslReduce /opt/reduce/rtx_4070/syn_memory_converge_atomic/variant_119.json interestingness_test --output reduction_results/rtx_4070/syn_memory_converge_atomic/variant_119 /opt/reduce/rtx_4070/syn_memory_converge_atomic/variant_119.comp
