18:45:37.523 INFO  ExecHelper - /opt/graphicsfuzz/graphicsfuzz/target/graphicsfuzz/bin/Linux/glslangValidator -E --stdin -S comp
18:45:37.554 INFO  ExecHelper - Result: 0
18:45:37.914 INFO  ReductionDriver - Starting reduction for variant_871
18:45:38.014 INFO  ExecHelper - interestingness_test /opt/reduce/intel_iris_xe_graphics/syn_branch_syn_relax/variant_871.comp reduction_results/intel_iris_xe_graphics/syn_branch_syn_relax/variant_871/variant_871.json
18:45:38.016 INFO  StreamGobblerLogger - stderr.env: ‘interestingness_test’: No such file or directory
18:45:38.017 INFO  ExecHelper - Result: 127
18:45:38.017 INFO  CustomFileJudge - Custom file judge result: 127
18:45:38.017 INFO  ReductionDriver - Result from initial state is not interesting (attempt 1)
18:45:38.107 INFO  ExecHelper - interestingness_test /opt/reduce/intel_iris_xe_graphics/syn_branch_syn_relax/variant_871.comp reduction_results/intel_iris_xe_graphics/syn_branch_syn_relax/variant_871/variant_871.json
18:45:38.109 INFO  StreamGobblerLogger - stderr.env: ‘interestingness_test’: No such file or directory
18:45:38.109 INFO  ExecHelper - Result: 127
18:45:38.109 INFO  CustomFileJudge - Custom file judge result: 127
18:45:38.109 INFO  ReductionDriver - Result from initial state is not interesting (attempt 2)
18:45:38.194 INFO  ExecHelper - interestingness_test /opt/reduce/intel_iris_xe_graphics/syn_branch_syn_relax/variant_871.comp reduction_results/intel_iris_xe_graphics/syn_branch_syn_relax/variant_871/variant_871.json
18:45:38.196 INFO  StreamGobblerLogger - stderr.env: ‘interestingness_test’: No such file or directory
18:45:38.196 INFO  ExecHelper - Result: 127
18:45:38.196 INFO  CustomFileJudge - Custom file judge result: 127
18:45:38.196 INFO  ReductionDriver - Result from initial state is not interesting (attempt 3)
18:45:38.277 INFO  ExecHelper - interestingness_test /opt/reduce/intel_iris_xe_graphics/syn_branch_syn_relax/variant_871.comp reduction_results/intel_iris_xe_graphics/syn_branch_syn_relax/variant_871/variant_871.json
18:45:38.279 INFO  StreamGobblerLogger - stderr.env: ‘interestingness_test’: No such file or directory
18:45:38.279 INFO  ExecHelper - Result: 127
18:45:38.279 INFO  CustomFileJudge - Custom file judge result: 127
18:45:38.279 INFO  ReductionDriver - Result from initial state is not interesting (attempt 4)
18:45:38.360 INFO  ExecHelper - interestingness_test /opt/reduce/intel_iris_xe_graphics/syn_branch_syn_relax/variant_871.comp reduction_results/intel_iris_xe_graphics/syn_branch_syn_relax/variant_871/variant_871.json
18:45:38.361 INFO  StreamGobblerLogger - stderr.env: ‘interestingness_test’: No such file or directory
18:45:38.361 INFO  ExecHelper - Result: 127
18:45:38.361 INFO  CustomFileJudge - Custom file judge result: 127
18:45:38.362 INFO  ReductionDriver - Result from initial state is not interesting (attempt 5)
18:45:38.362 INFO  ReductionDriver - Tried 5 times; stopping.
Reduction command: java -ea -cp /opt/graphicsfuzz/graphicsfuzz/target/graphicsfuzz/python/drivers/../../jar/tool-1.0.jar com.graphicsfuzz.reducer.tool.GlslReduce /opt/reduce/intel_iris_xe_graphics/syn_branch_syn_relax/variant_871.json interestingness_test --output reduction_results/intel_iris_xe_graphics/syn_branch_syn_relax/variant_871 /opt/reduce/intel_iris_xe_graphics/syn_branch_syn_relax/variant_871.comp
