18:59:52.972 INFO  ExecHelper - /opt/graphicsfuzz/graphicsfuzz/target/graphicsfuzz/bin/Linux/glslangValidator -E --stdin -S comp
18:59:53.225 INFO  ExecHelper - Result: 0
18:59:53.792 INFO  ReductionDriver - Starting reduction for variant_690
18:59:53.819 INFO  ExecHelper - interestingness_test /opt/reduce/intel_iris_xe_graphics/syn_memory_converge/variant_690.comp reduction_results/intel_iris_xe_graphics/syn_memory_converge/variant_690/variant_690.json
18:59:53.820 INFO  StreamGobblerLogger - stderr.env: ‘interestingness_test’: No such file or directory
18:59:53.821 INFO  ExecHelper - Result: 127
18:59:53.821 INFO  CustomFileJudge - Custom file judge result: 127
18:59:53.821 INFO  ReductionDriver - Result from initial state is not interesting (attempt 1)
18:59:53.837 INFO  ExecHelper - interestingness_test /opt/reduce/intel_iris_xe_graphics/syn_memory_converge/variant_690.comp reduction_results/intel_iris_xe_graphics/syn_memory_converge/variant_690/variant_690.json
18:59:53.838 INFO  StreamGobblerLogger - stderr.env: ‘interestingness_test’: No such file or directory
18:59:53.839 INFO  ExecHelper - Result: 127
18:59:53.839 INFO  CustomFileJudge - Custom file judge result: 127
18:59:53.839 INFO  ReductionDriver - Result from initial state is not interesting (attempt 2)
18:59:53.855 INFO  ExecHelper - interestingness_test /opt/reduce/intel_iris_xe_graphics/syn_memory_converge/variant_690.comp reduction_results/intel_iris_xe_graphics/syn_memory_converge/variant_690/variant_690.json
18:59:53.857 INFO  StreamGobblerLogger - stderr.env: ‘interestingness_test’: No such file or directory
18:59:53.857 INFO  ExecHelper - Result: 127
18:59:53.857 INFO  CustomFileJudge - Custom file judge result: 127
18:59:53.857 INFO  ReductionDriver - Result from initial state is not interesting (attempt 3)
18:59:53.875 INFO  ExecHelper - interestingness_test /opt/reduce/intel_iris_xe_graphics/syn_memory_converge/variant_690.comp reduction_results/intel_iris_xe_graphics/syn_memory_converge/variant_690/variant_690.json
18:59:53.886 INFO  StreamGobblerLogger - stderr.env: ‘interestingness_test’: No such file or directory
18:59:53.887 INFO  ExecHelper - Result: 127
18:59:53.887 INFO  CustomFileJudge - Custom file judge result: 127
18:59:53.887 INFO  ReductionDriver - Result from initial state is not interesting (attempt 4)
18:59:53.902 INFO  ExecHelper - interestingness_test /opt/reduce/intel_iris_xe_graphics/syn_memory_converge/variant_690.comp reduction_results/intel_iris_xe_graphics/syn_memory_converge/variant_690/variant_690.json
18:59:53.903 INFO  StreamGobblerLogger - stderr.env: ‘interestingness_test’: No such file or directory
18:59:53.903 INFO  ExecHelper - Result: 127
18:59:53.903 INFO  CustomFileJudge - Custom file judge result: 127
18:59:53.903 INFO  ReductionDriver - Result from initial state is not interesting (attempt 5)
18:59:53.904 INFO  ReductionDriver - Tried 5 times; stopping.
Reduction command: java -ea -cp /opt/graphicsfuzz/graphicsfuzz/target/graphicsfuzz/python/drivers/../../jar/tool-1.0.jar com.graphicsfuzz.reducer.tool.GlslReduce /opt/reduce/intel_iris_xe_graphics/syn_memory_converge/variant_690.json interestingness_test --output reduction_results/intel_iris_xe_graphics/syn_memory_converge/variant_690 /opt/reduce/intel_iris_xe_graphics/syn_memory_converge/variant_690.comp
