19:14:13.507 INFO  ExecHelper - /opt/graphicsfuzz/graphicsfuzz/target/graphicsfuzz/bin/Linux/glslangValidator -E --stdin -S comp
19:14:13.555 INFO  ExecHelper - Result: 0
19:14:13.613 INFO  ReductionDriver - Starting reduction for variant_678
19:14:13.618 INFO  ExecHelper - interestingness_test /opt/reduce/intel_iris_xe_graphics/syn_memory_converge_atomic/variant_678.comp reduction_results/intel_iris_xe_graphics/syn_memory_converge_atomic/variant_678/variant_678.json
19:14:13.619 INFO  StreamGobblerLogger - stderr.env: ‘interestingness_test’: No such file or directory
19:14:13.620 INFO  ExecHelper - Result: 127
19:14:13.620 INFO  CustomFileJudge - Custom file judge result: 127
19:14:13.620 INFO  ReductionDriver - Result from initial state is not interesting (attempt 1)
19:14:13.621 INFO  ExecHelper - interestingness_test /opt/reduce/intel_iris_xe_graphics/syn_memory_converge_atomic/variant_678.comp reduction_results/intel_iris_xe_graphics/syn_memory_converge_atomic/variant_678/variant_678.json
19:14:13.622 INFO  StreamGobblerLogger - stderr.env: ‘interestingness_test’: No such file or directory
19:14:13.622 INFO  ExecHelper - Result: 127
19:14:13.622 INFO  CustomFileJudge - Custom file judge result: 127
19:14:13.622 INFO  ReductionDriver - Result from initial state is not interesting (attempt 2)
19:14:13.623 INFO  ExecHelper - interestingness_test /opt/reduce/intel_iris_xe_graphics/syn_memory_converge_atomic/variant_678.comp reduction_results/intel_iris_xe_graphics/syn_memory_converge_atomic/variant_678/variant_678.json
19:14:13.624 INFO  StreamGobblerLogger - stderr.env: ‘interestingness_test’: No such file or directory
19:14:13.625 INFO  ExecHelper - Result: 127
19:14:13.625 INFO  CustomFileJudge - Custom file judge result: 127
19:14:13.625 INFO  ReductionDriver - Result from initial state is not interesting (attempt 3)
19:14:13.626 INFO  ExecHelper - interestingness_test /opt/reduce/intel_iris_xe_graphics/syn_memory_converge_atomic/variant_678.comp reduction_results/intel_iris_xe_graphics/syn_memory_converge_atomic/variant_678/variant_678.json
19:14:13.626 INFO  StreamGobblerLogger - stderr.env: ‘interestingness_test’: No such file or directory
19:14:13.627 INFO  ExecHelper - Result: 127
19:14:13.627 INFO  CustomFileJudge - Custom file judge result: 127
19:14:13.627 INFO  ReductionDriver - Result from initial state is not interesting (attempt 4)
19:14:13.628 INFO  ExecHelper - interestingness_test /opt/reduce/intel_iris_xe_graphics/syn_memory_converge_atomic/variant_678.comp reduction_results/intel_iris_xe_graphics/syn_memory_converge_atomic/variant_678/variant_678.json
19:14:13.629 INFO  StreamGobblerLogger - stderr.env: ‘interestingness_test’: No such file or directory
19:14:13.629 INFO  ExecHelper - Result: 127
19:14:13.629 INFO  CustomFileJudge - Custom file judge result: 127
19:14:13.629 INFO  ReductionDriver - Result from initial state is not interesting (attempt 5)
19:14:13.629 INFO  ReductionDriver - Tried 5 times; stopping.
Reduction command: java -ea -cp /opt/graphicsfuzz/graphicsfuzz/target/graphicsfuzz/python/drivers/../../jar/tool-1.0.jar com.graphicsfuzz.reducer.tool.GlslReduce /opt/reduce/intel_iris_xe_graphics/syn_memory_converge_atomic/variant_678.json interestingness_test --output reduction_results/intel_iris_xe_graphics/syn_memory_converge_atomic/variant_678 /opt/reduce/intel_iris_xe_graphics/syn_memory_converge_atomic/variant_678.comp
