18:39:11.772 INFO  ExecHelper - /opt/graphicsfuzz/graphicsfuzz/target/graphicsfuzz/bin/Linux/glslangValidator -E --stdin -S comp
18:39:11.907 INFO  ExecHelper - Result: 0
18:39:12.148 INFO  ReductionDriver - Starting reduction for variant_847
18:39:12.160 INFO  ExecHelper - interestingness_test /opt/reduce/cezanne_radeon_vega/syn_memory_converge_atomic/variant_847.comp reduction_results/cezanne_radeon_vega/syn_memory_converge_atomic/variant_847/variant_847.json
18:39:12.162 INFO  StreamGobblerLogger - stderr.env: ‘interestingness_test’: No such file or directory
18:39:12.162 INFO  ExecHelper - Result: 127
18:39:12.162 INFO  CustomFileJudge - Custom file judge result: 127
18:39:12.162 INFO  ReductionDriver - Result from initial state is not interesting (attempt 1)
18:39:12.169 INFO  ExecHelper - interestingness_test /opt/reduce/cezanne_radeon_vega/syn_memory_converge_atomic/variant_847.comp reduction_results/cezanne_radeon_vega/syn_memory_converge_atomic/variant_847/variant_847.json
18:39:12.171 INFO  StreamGobblerLogger - stderr.env: ‘interestingness_test’: No such file or directory
18:39:12.171 INFO  ExecHelper - Result: 127
18:39:12.171 INFO  CustomFileJudge - Custom file judge result: 127
18:39:12.171 INFO  ReductionDriver - Result from initial state is not interesting (attempt 2)
18:39:12.178 INFO  ExecHelper - interestingness_test /opt/reduce/cezanne_radeon_vega/syn_memory_converge_atomic/variant_847.comp reduction_results/cezanne_radeon_vega/syn_memory_converge_atomic/variant_847/variant_847.json
18:39:12.180 INFO  StreamGobblerLogger - stderr.env: ‘interestingness_test’: No such file or directory
18:39:12.180 INFO  ExecHelper - Result: 127
18:39:12.180 INFO  CustomFileJudge - Custom file judge result: 127
18:39:12.181 INFO  ReductionDriver - Result from initial state is not interesting (attempt 3)
18:39:12.186 INFO  ExecHelper - interestingness_test /opt/reduce/cezanne_radeon_vega/syn_memory_converge_atomic/variant_847.comp reduction_results/cezanne_radeon_vega/syn_memory_converge_atomic/variant_847/variant_847.json
18:39:12.187 INFO  StreamGobblerLogger - stderr.env: ‘interestingness_test’: No such file or directory
18:39:12.188 INFO  ExecHelper - Result: 127
18:39:12.188 INFO  CustomFileJudge - Custom file judge result: 127
18:39:12.188 INFO  ReductionDriver - Result from initial state is not interesting (attempt 4)
18:39:12.194 INFO  ExecHelper - interestingness_test /opt/reduce/cezanne_radeon_vega/syn_memory_converge_atomic/variant_847.comp reduction_results/cezanne_radeon_vega/syn_memory_converge_atomic/variant_847/variant_847.json
18:39:12.195 INFO  StreamGobblerLogger - stderr.env: ‘interestingness_test’: No such file or directory
18:39:12.195 INFO  ExecHelper - Result: 127
18:39:12.195 INFO  CustomFileJudge - Custom file judge result: 127
18:39:12.195 INFO  ReductionDriver - Result from initial state is not interesting (attempt 5)
18:39:12.195 INFO  ReductionDriver - Tried 5 times; stopping.
Reduction command: java -ea -cp /opt/graphicsfuzz/graphicsfuzz/target/graphicsfuzz/python/drivers/../../jar/tool-1.0.jar com.graphicsfuzz.reducer.tool.GlslReduce /opt/reduce/cezanne_radeon_vega/syn_memory_converge_atomic/variant_847.json interestingness_test --output reduction_results/cezanne_radeon_vega/syn_memory_converge_atomic/variant_847 /opt/reduce/cezanne_radeon_vega/syn_memory_converge_atomic/variant_847.comp
