19:13:47.476 INFO  ExecHelper - /opt/graphicsfuzz/graphicsfuzz/target/graphicsfuzz/bin/Linux/glslangValidator -E --stdin -S comp
19:13:47.573 INFO  ExecHelper - Result: 0
19:13:48.375 INFO  ReductionDriver - Starting reduction for variant_660
19:13:48.395 INFO  ExecHelper - interestingness_test /opt/reduce/intel_iris_xe_graphics/syn_memory_converge_atomic/variant_660.comp reduction_results/intel_iris_xe_graphics/syn_memory_converge_atomic/variant_660/variant_660.json
19:13:48.397 INFO  StreamGobblerLogger - stderr.env: ‘interestingness_test’: No such file or directory
19:13:48.397 INFO  ExecHelper - Result: 127
19:13:48.397 INFO  CustomFileJudge - Custom file judge result: 127
19:13:48.398 INFO  ReductionDriver - Result from initial state is not interesting (attempt 1)
19:13:48.409 INFO  ExecHelper - interestingness_test /opt/reduce/intel_iris_xe_graphics/syn_memory_converge_atomic/variant_660.comp reduction_results/intel_iris_xe_graphics/syn_memory_converge_atomic/variant_660/variant_660.json
19:13:48.410 INFO  StreamGobblerLogger - stderr.env: ‘interestingness_test’: No such file or directory
19:13:48.411 INFO  ExecHelper - Result: 127
19:13:48.411 INFO  CustomFileJudge - Custom file judge result: 127
19:13:48.411 INFO  ReductionDriver - Result from initial state is not interesting (attempt 2)
19:13:48.420 INFO  ExecHelper - interestingness_test /opt/reduce/intel_iris_xe_graphics/syn_memory_converge_atomic/variant_660.comp reduction_results/intel_iris_xe_graphics/syn_memory_converge_atomic/variant_660/variant_660.json
19:13:48.421 INFO  StreamGobblerLogger - stderr.env: ‘interestingness_test’: No such file or directory
19:13:48.422 INFO  ExecHelper - Result: 127
19:13:48.422 INFO  CustomFileJudge - Custom file judge result: 127
19:13:48.422 INFO  ReductionDriver - Result from initial state is not interesting (attempt 3)
19:13:48.435 INFO  ExecHelper - interestingness_test /opt/reduce/intel_iris_xe_graphics/syn_memory_converge_atomic/variant_660.comp reduction_results/intel_iris_xe_graphics/syn_memory_converge_atomic/variant_660/variant_660.json
19:13:48.436 INFO  StreamGobblerLogger - stderr.env: ‘interestingness_test’: No such file or directory
19:13:48.436 INFO  ExecHelper - Result: 127
19:13:48.436 INFO  CustomFileJudge - Custom file judge result: 127
19:13:48.436 INFO  ReductionDriver - Result from initial state is not interesting (attempt 4)
19:13:48.450 INFO  ExecHelper - interestingness_test /opt/reduce/intel_iris_xe_graphics/syn_memory_converge_atomic/variant_660.comp reduction_results/intel_iris_xe_graphics/syn_memory_converge_atomic/variant_660/variant_660.json
19:13:48.451 INFO  StreamGobblerLogger - stderr.env: ‘interestingness_test’: No such file or directory
19:13:48.452 INFO  ExecHelper - Result: 127
19:13:48.452 INFO  CustomFileJudge - Custom file judge result: 127
19:13:48.452 INFO  ReductionDriver - Result from initial state is not interesting (attempt 5)
19:13:48.452 INFO  ReductionDriver - Tried 5 times; stopping.
Reduction command: java -ea -cp /opt/graphicsfuzz/graphicsfuzz/target/graphicsfuzz/python/drivers/../../jar/tool-1.0.jar com.graphicsfuzz.reducer.tool.GlslReduce /opt/reduce/intel_iris_xe_graphics/syn_memory_converge_atomic/variant_660.json interestingness_test --output reduction_results/intel_iris_xe_graphics/syn_memory_converge_atomic/variant_660 /opt/reduce/intel_iris_xe_graphics/syn_memory_converge_atomic/variant_660.comp
