18:30:56.479 INFO  ExecHelper - /opt/graphicsfuzz/graphicsfuzz/target/graphicsfuzz/bin/Linux/glslangValidator -E --stdin -S comp
18:30:56.549 INFO  ExecHelper - Result: 0
18:30:56.997 INFO  ReductionDriver - Starting reduction for variant_267
18:30:57.021 INFO  ExecHelper - interestingness_test /opt/reduce/cezanne_radeon_vega/syn_memory_converge_atomic/variant_267.comp reduction_results/cezanne_radeon_vega/syn_memory_converge_atomic/variant_267/variant_267.json
18:30:57.023 INFO  StreamGobblerLogger - stderr.env: ‘interestingness_test’: No such file or directory
18:30:57.024 INFO  ExecHelper - Result: 127
18:30:57.024 INFO  CustomFileJudge - Custom file judge result: 127
18:30:57.024 INFO  ReductionDriver - Result from initial state is not interesting (attempt 1)
18:30:57.038 INFO  ExecHelper - interestingness_test /opt/reduce/cezanne_radeon_vega/syn_memory_converge_atomic/variant_267.comp reduction_results/cezanne_radeon_vega/syn_memory_converge_atomic/variant_267/variant_267.json
18:30:57.040 INFO  StreamGobblerLogger - stderr.env: ‘interestingness_test’: No such file or directory
18:30:57.040 INFO  ExecHelper - Result: 127
18:30:57.040 INFO  CustomFileJudge - Custom file judge result: 127
18:30:57.040 INFO  ReductionDriver - Result from initial state is not interesting (attempt 2)
18:30:57.053 INFO  ExecHelper - interestingness_test /opt/reduce/cezanne_radeon_vega/syn_memory_converge_atomic/variant_267.comp reduction_results/cezanne_radeon_vega/syn_memory_converge_atomic/variant_267/variant_267.json
18:30:57.054 INFO  StreamGobblerLogger - stderr.env: ‘interestingness_test’: No such file or directory
18:30:57.055 INFO  ExecHelper - Result: 127
18:30:57.055 INFO  CustomFileJudge - Custom file judge result: 127
18:30:57.055 INFO  ReductionDriver - Result from initial state is not interesting (attempt 3)
18:30:57.066 INFO  ExecHelper - interestingness_test /opt/reduce/cezanne_radeon_vega/syn_memory_converge_atomic/variant_267.comp reduction_results/cezanne_radeon_vega/syn_memory_converge_atomic/variant_267/variant_267.json
18:30:57.067 INFO  StreamGobblerLogger - stderr.env: ‘interestingness_test’: No such file or directory
18:30:57.067 INFO  ExecHelper - Result: 127
18:30:57.068 INFO  CustomFileJudge - Custom file judge result: 127
18:30:57.068 INFO  ReductionDriver - Result from initial state is not interesting (attempt 4)
18:30:57.078 INFO  ExecHelper - interestingness_test /opt/reduce/cezanne_radeon_vega/syn_memory_converge_atomic/variant_267.comp reduction_results/cezanne_radeon_vega/syn_memory_converge_atomic/variant_267/variant_267.json
18:30:57.080 INFO  StreamGobblerLogger - stderr.env: ‘interestingness_test’: No such file or directory
18:30:57.080 INFO  ExecHelper - Result: 127
18:30:57.080 INFO  CustomFileJudge - Custom file judge result: 127
18:30:57.080 INFO  ReductionDriver - Result from initial state is not interesting (attempt 5)
18:30:57.080 INFO  ReductionDriver - Tried 5 times; stopping.
Reduction command: java -ea -cp /opt/graphicsfuzz/graphicsfuzz/target/graphicsfuzz/python/drivers/../../jar/tool-1.0.jar com.graphicsfuzz.reducer.tool.GlslReduce /opt/reduce/cezanne_radeon_vega/syn_memory_converge_atomic/variant_267.json interestingness_test --output reduction_results/cezanne_radeon_vega/syn_memory_converge_atomic/variant_267 /opt/reduce/cezanne_radeon_vega/syn_memory_converge_atomic/variant_267.comp
