18:14:25.653 INFO  ExecHelper - /opt/graphicsfuzz/graphicsfuzz/target/graphicsfuzz/bin/Linux/glslangValidator -E --stdin -S comp
18:14:25.704 INFO  ExecHelper - Result: 0
18:14:25.786 INFO  ReductionDriver - Starting reduction for variant_046
18:14:25.795 INFO  ExecHelper - interestingness_test /opt/reduce/cezanne_radeon_vega/syn_memory_converge/variant_046.comp reduction_results/cezanne_radeon_vega/syn_memory_converge/variant_046/variant_046.json
18:14:25.796 INFO  StreamGobblerLogger - stderr.env: ‘interestingness_test’: No such file or directory
18:14:25.797 INFO  ExecHelper - Result: 127
18:14:25.797 INFO  CustomFileJudge - Custom file judge result: 127
18:14:25.797 INFO  ReductionDriver - Result from initial state is not interesting (attempt 1)
18:14:25.799 INFO  ExecHelper - interestingness_test /opt/reduce/cezanne_radeon_vega/syn_memory_converge/variant_046.comp reduction_results/cezanne_radeon_vega/syn_memory_converge/variant_046/variant_046.json
18:14:25.800 INFO  StreamGobblerLogger - stderr.env: ‘interestingness_test’: No such file or directory
18:14:25.801 INFO  ExecHelper - Result: 127
18:14:25.801 INFO  CustomFileJudge - Custom file judge result: 127
18:14:25.801 INFO  ReductionDriver - Result from initial state is not interesting (attempt 2)
18:14:25.802 INFO  ExecHelper - interestingness_test /opt/reduce/cezanne_radeon_vega/syn_memory_converge/variant_046.comp reduction_results/cezanne_radeon_vega/syn_memory_converge/variant_046/variant_046.json
18:14:25.803 INFO  StreamGobblerLogger - stderr.env: ‘interestingness_test’: No such file or directory
18:14:25.804 INFO  ExecHelper - Result: 127
18:14:25.804 INFO  CustomFileJudge - Custom file judge result: 127
18:14:25.804 INFO  ReductionDriver - Result from initial state is not interesting (attempt 3)
18:14:25.805 INFO  ExecHelper - interestingness_test /opt/reduce/cezanne_radeon_vega/syn_memory_converge/variant_046.comp reduction_results/cezanne_radeon_vega/syn_memory_converge/variant_046/variant_046.json
18:14:25.806 INFO  StreamGobblerLogger - stderr.env: ‘interestingness_test’: No such file or directory
18:14:25.807 INFO  ExecHelper - Result: 127
18:14:25.807 INFO  CustomFileJudge - Custom file judge result: 127
18:14:25.807 INFO  ReductionDriver - Result from initial state is not interesting (attempt 4)
18:14:25.811 INFO  ExecHelper - interestingness_test /opt/reduce/cezanne_radeon_vega/syn_memory_converge/variant_046.comp reduction_results/cezanne_radeon_vega/syn_memory_converge/variant_046/variant_046.json
18:14:25.812 INFO  StreamGobblerLogger - stderr.env: ‘interestingness_test’: No such file or directory
18:14:25.812 INFO  ExecHelper - Result: 127
18:14:25.812 INFO  CustomFileJudge - Custom file judge result: 127
18:14:25.812 INFO  ReductionDriver - Result from initial state is not interesting (attempt 5)
18:14:25.813 INFO  ReductionDriver - Tried 5 times; stopping.
Reduction command: java -ea -cp /opt/graphicsfuzz/graphicsfuzz/target/graphicsfuzz/python/drivers/../../jar/tool-1.0.jar com.graphicsfuzz.reducer.tool.GlslReduce /opt/reduce/cezanne_radeon_vega/syn_memory_converge/variant_046.json interestingness_test --output reduction_results/cezanne_radeon_vega/syn_memory_converge/variant_046 /opt/reduce/cezanne_radeon_vega/syn_memory_converge/variant_046.comp
