19:08:43.833 INFO  ExecHelper - /opt/graphicsfuzz/graphicsfuzz/target/graphicsfuzz/bin/Linux/glslangValidator -E --stdin -S comp
19:08:43.880 INFO  ExecHelper - Result: 0
19:08:43.937 INFO  ReductionDriver - Starting reduction for variant_311
19:08:43.942 INFO  ExecHelper - interestingness_test /opt/reduce/intel_iris_xe_graphics/syn_memory_converge_atomic/variant_311.comp reduction_results/intel_iris_xe_graphics/syn_memory_converge_atomic/variant_311/variant_311.json
19:08:43.944 INFO  StreamGobblerLogger - stderr.env: ‘interestingness_test’: No such file or directory
19:08:43.944 INFO  ExecHelper - Result: 127
19:08:43.945 INFO  CustomFileJudge - Custom file judge result: 127
19:08:43.945 INFO  ReductionDriver - Result from initial state is not interesting (attempt 1)
19:08:43.945 INFO  ExecHelper - interestingness_test /opt/reduce/intel_iris_xe_graphics/syn_memory_converge_atomic/variant_311.comp reduction_results/intel_iris_xe_graphics/syn_memory_converge_atomic/variant_311/variant_311.json
19:08:43.946 INFO  StreamGobblerLogger - stderr.env: ‘interestingness_test’: No such file or directory
19:08:43.947 INFO  ExecHelper - Result: 127
19:08:43.947 INFO  CustomFileJudge - Custom file judge result: 127
19:08:43.947 INFO  ReductionDriver - Result from initial state is not interesting (attempt 2)
19:08:43.947 INFO  ExecHelper - interestingness_test /opt/reduce/intel_iris_xe_graphics/syn_memory_converge_atomic/variant_311.comp reduction_results/intel_iris_xe_graphics/syn_memory_converge_atomic/variant_311/variant_311.json
19:08:43.948 INFO  StreamGobblerLogger - stderr.env: ‘interestingness_test’: No such file or directory
19:08:43.949 INFO  ExecHelper - Result: 127
19:08:43.949 INFO  CustomFileJudge - Custom file judge result: 127
19:08:43.949 INFO  ReductionDriver - Result from initial state is not interesting (attempt 3)
19:08:43.950 INFO  ExecHelper - interestingness_test /opt/reduce/intel_iris_xe_graphics/syn_memory_converge_atomic/variant_311.comp reduction_results/intel_iris_xe_graphics/syn_memory_converge_atomic/variant_311/variant_311.json
19:08:43.950 INFO  StreamGobblerLogger - stderr.env: ‘interestingness_test’: No such file or directory
19:08:43.951 INFO  ExecHelper - Result: 127
19:08:43.951 INFO  CustomFileJudge - Custom file judge result: 127
19:08:43.951 INFO  ReductionDriver - Result from initial state is not interesting (attempt 4)
19:08:43.952 INFO  ExecHelper - interestingness_test /opt/reduce/intel_iris_xe_graphics/syn_memory_converge_atomic/variant_311.comp reduction_results/intel_iris_xe_graphics/syn_memory_converge_atomic/variant_311/variant_311.json
19:08:43.953 INFO  StreamGobblerLogger - stderr.env: ‘interestingness_test’: No such file or directory
19:08:43.954 INFO  ExecHelper - Result: 127
19:08:43.954 INFO  CustomFileJudge - Custom file judge result: 127
19:08:43.954 INFO  ReductionDriver - Result from initial state is not interesting (attempt 5)
19:08:43.954 INFO  ReductionDriver - Tried 5 times; stopping.
Reduction command: java -ea -cp /opt/graphicsfuzz/graphicsfuzz/target/graphicsfuzz/python/drivers/../../jar/tool-1.0.jar com.graphicsfuzz.reducer.tool.GlslReduce /opt/reduce/intel_iris_xe_graphics/syn_memory_converge_atomic/variant_311.json interestingness_test --output reduction_results/intel_iris_xe_graphics/syn_memory_converge_atomic/variant_311 /opt/reduce/intel_iris_xe_graphics/syn_memory_converge_atomic/variant_311.comp
