18:29:16.872 INFO  ExecHelper - /opt/graphicsfuzz/graphicsfuzz/target/graphicsfuzz/bin/Linux/glslangValidator -E --stdin -S comp
18:29:16.928 INFO  ExecHelper - Result: 0
18:29:17.309 INFO  ReductionDriver - Starting reduction for variant_151
18:29:17.391 INFO  ExecHelper - interestingness_test /opt/reduce/cezanne_radeon_vega/syn_memory_converge_atomic/variant_151.comp reduction_results/cezanne_radeon_vega/syn_memory_converge_atomic/variant_151/variant_151.json
18:29:17.393 INFO  StreamGobblerLogger - stderr.env: ‘interestingness_test’: No such file or directory
18:29:17.393 INFO  ExecHelper - Result: 127
18:29:17.393 INFO  CustomFileJudge - Custom file judge result: 127
18:29:17.394 INFO  ReductionDriver - Result from initial state is not interesting (attempt 1)
18:29:17.465 INFO  ExecHelper - interestingness_test /opt/reduce/cezanne_radeon_vega/syn_memory_converge_atomic/variant_151.comp reduction_results/cezanne_radeon_vega/syn_memory_converge_atomic/variant_151/variant_151.json
18:29:17.473 INFO  StreamGobblerLogger - stderr.env: ‘interestingness_test’: No such file or directory
18:29:17.474 INFO  ExecHelper - Result: 127
18:29:17.474 INFO  CustomFileJudge - Custom file judge result: 127
18:29:17.474 INFO  ReductionDriver - Result from initial state is not interesting (attempt 2)
18:29:17.537 INFO  ExecHelper - interestingness_test /opt/reduce/cezanne_radeon_vega/syn_memory_converge_atomic/variant_151.comp reduction_results/cezanne_radeon_vega/syn_memory_converge_atomic/variant_151/variant_151.json
18:29:17.538 INFO  StreamGobblerLogger - stderr.env: ‘interestingness_test’: No such file or directory
18:29:17.539 INFO  ExecHelper - Result: 127
18:29:17.539 INFO  CustomFileJudge - Custom file judge result: 127
18:29:17.539 INFO  ReductionDriver - Result from initial state is not interesting (attempt 3)
18:29:17.596 INFO  ExecHelper - interestingness_test /opt/reduce/cezanne_radeon_vega/syn_memory_converge_atomic/variant_151.comp reduction_results/cezanne_radeon_vega/syn_memory_converge_atomic/variant_151/variant_151.json
18:29:17.598 INFO  StreamGobblerLogger - stderr.env: ‘interestingness_test’: No such file or directory
18:29:17.598 INFO  ExecHelper - Result: 127
18:29:17.598 INFO  CustomFileJudge - Custom file judge result: 127
18:29:17.598 INFO  ReductionDriver - Result from initial state is not interesting (attempt 4)
18:29:17.655 INFO  ExecHelper - interestingness_test /opt/reduce/cezanne_radeon_vega/syn_memory_converge_atomic/variant_151.comp reduction_results/cezanne_radeon_vega/syn_memory_converge_atomic/variant_151/variant_151.json
18:29:17.656 INFO  StreamGobblerLogger - stderr.env: ‘interestingness_test’: No such file or directory
18:29:17.657 INFO  ExecHelper - Result: 127
18:29:17.657 INFO  CustomFileJudge - Custom file judge result: 127
18:29:17.657 INFO  ReductionDriver - Result from initial state is not interesting (attempt 5)
18:29:17.657 INFO  ReductionDriver - Tried 5 times; stopping.
Reduction command: java -ea -cp /opt/graphicsfuzz/graphicsfuzz/target/graphicsfuzz/python/drivers/../../jar/tool-1.0.jar com.graphicsfuzz.reducer.tool.GlslReduce /opt/reduce/cezanne_radeon_vega/syn_memory_converge_atomic/variant_151.json interestingness_test --output reduction_results/cezanne_radeon_vega/syn_memory_converge_atomic/variant_151 /opt/reduce/cezanne_radeon_vega/syn_memory_converge_atomic/variant_151.comp
