18:54:27.809 INFO  ExecHelper - /opt/graphicsfuzz/graphicsfuzz/target/graphicsfuzz/bin/Linux/glslangValidator -E --stdin -S comp
18:54:27.859 INFO  ExecHelper - Result: 0
18:54:27.938 INFO  ReductionDriver - Starting reduction for variant_309
18:54:27.946 INFO  ExecHelper - interestingness_test /opt/reduce/intel_iris_xe_graphics/syn_memory_converge/variant_309.comp reduction_results/intel_iris_xe_graphics/syn_memory_converge/variant_309/variant_309.json
18:54:27.948 INFO  StreamGobblerLogger - stderr.env: ‘interestingness_test’: No such file or directory
18:54:27.948 INFO  ExecHelper - Result: 127
18:54:27.948 INFO  CustomFileJudge - Custom file judge result: 127
18:54:27.948 INFO  ReductionDriver - Result from initial state is not interesting (attempt 1)
18:54:27.950 INFO  ExecHelper - interestingness_test /opt/reduce/intel_iris_xe_graphics/syn_memory_converge/variant_309.comp reduction_results/intel_iris_xe_graphics/syn_memory_converge/variant_309/variant_309.json
18:54:27.952 INFO  StreamGobblerLogger - stderr.env: ‘interestingness_test’: No such file or directory
18:54:27.952 INFO  ExecHelper - Result: 127
18:54:27.952 INFO  CustomFileJudge - Custom file judge result: 127
18:54:27.952 INFO  ReductionDriver - Result from initial state is not interesting (attempt 2)
18:54:27.956 INFO  ExecHelper - interestingness_test /opt/reduce/intel_iris_xe_graphics/syn_memory_converge/variant_309.comp reduction_results/intel_iris_xe_graphics/syn_memory_converge/variant_309/variant_309.json
18:54:27.957 INFO  StreamGobblerLogger - stderr.env: ‘interestingness_test’: No such file or directory
18:54:27.957 INFO  ExecHelper - Result: 127
18:54:27.957 INFO  CustomFileJudge - Custom file judge result: 127
18:54:27.957 INFO  ReductionDriver - Result from initial state is not interesting (attempt 3)
18:54:27.961 INFO  ExecHelper - interestingness_test /opt/reduce/intel_iris_xe_graphics/syn_memory_converge/variant_309.comp reduction_results/intel_iris_xe_graphics/syn_memory_converge/variant_309/variant_309.json
18:54:27.962 INFO  StreamGobblerLogger - stderr.env: ‘interestingness_test’: No such file or directory
18:54:27.963 INFO  ExecHelper - Result: 127
18:54:27.963 INFO  CustomFileJudge - Custom file judge result: 127
18:54:27.963 INFO  ReductionDriver - Result from initial state is not interesting (attempt 4)
18:54:27.966 INFO  ExecHelper - interestingness_test /opt/reduce/intel_iris_xe_graphics/syn_memory_converge/variant_309.comp reduction_results/intel_iris_xe_graphics/syn_memory_converge/variant_309/variant_309.json
18:54:27.967 INFO  StreamGobblerLogger - stderr.env: ‘interestingness_test’: No such file or directory
18:54:27.968 INFO  ExecHelper - Result: 127
18:54:27.968 INFO  CustomFileJudge - Custom file judge result: 127
18:54:27.968 INFO  ReductionDriver - Result from initial state is not interesting (attempt 5)
18:54:27.968 INFO  ReductionDriver - Tried 5 times; stopping.
Reduction command: java -ea -cp /opt/graphicsfuzz/graphicsfuzz/target/graphicsfuzz/python/drivers/../../jar/tool-1.0.jar com.graphicsfuzz.reducer.tool.GlslReduce /opt/reduce/intel_iris_xe_graphics/syn_memory_converge/variant_309.json interestingness_test --output reduction_results/intel_iris_xe_graphics/syn_memory_converge/variant_309 /opt/reduce/intel_iris_xe_graphics/syn_memory_converge/variant_309.comp
