18:39:48.688 INFO  ExecHelper - /opt/graphicsfuzz/graphicsfuzz/target/graphicsfuzz/bin/Linux/glslangValidator -E --stdin -S comp
18:39:48.750 INFO  ExecHelper - Result: 0
18:39:49.196 INFO  ReductionDriver - Starting reduction for variant_892
18:39:49.338 INFO  ExecHelper - interestingness_test /opt/reduce/cezanne_radeon_vega/syn_memory_converge_atomic/variant_892.comp reduction_results/cezanne_radeon_vega/syn_memory_converge_atomic/variant_892/variant_892.json
18:39:49.340 INFO  StreamGobblerLogger - stderr.env: ‘interestingness_test’: No such file or directory
18:39:49.341 INFO  ExecHelper - Result: 127
18:39:49.341 INFO  CustomFileJudge - Custom file judge result: 127
18:39:49.341 INFO  ReductionDriver - Result from initial state is not interesting (attempt 1)
18:39:49.483 INFO  ExecHelper - interestingness_test /opt/reduce/cezanne_radeon_vega/syn_memory_converge_atomic/variant_892.comp reduction_results/cezanne_radeon_vega/syn_memory_converge_atomic/variant_892/variant_892.json
18:39:49.484 INFO  StreamGobblerLogger - stderr.env: ‘interestingness_test’: No such file or directory
18:39:49.485 INFO  ExecHelper - Result: 127
18:39:49.485 INFO  CustomFileJudge - Custom file judge result: 127
18:39:49.485 INFO  ReductionDriver - Result from initial state is not interesting (attempt 2)
18:39:49.599 INFO  ExecHelper - interestingness_test /opt/reduce/cezanne_radeon_vega/syn_memory_converge_atomic/variant_892.comp reduction_results/cezanne_radeon_vega/syn_memory_converge_atomic/variant_892/variant_892.json
18:39:49.600 INFO  StreamGobblerLogger - stderr.env: ‘interestingness_test’: No such file or directory
18:39:49.601 INFO  ExecHelper - Result: 127
18:39:49.601 INFO  CustomFileJudge - Custom file judge result: 127
18:39:49.601 INFO  ReductionDriver - Result from initial state is not interesting (attempt 3)
18:39:49.713 INFO  ExecHelper - interestingness_test /opt/reduce/cezanne_radeon_vega/syn_memory_converge_atomic/variant_892.comp reduction_results/cezanne_radeon_vega/syn_memory_converge_atomic/variant_892/variant_892.json
18:39:49.715 INFO  StreamGobblerLogger - stderr.env: ‘interestingness_test’: No such file or directory
18:39:49.716 INFO  ExecHelper - Result: 127
18:39:49.716 INFO  CustomFileJudge - Custom file judge result: 127
18:39:49.716 INFO  ReductionDriver - Result from initial state is not interesting (attempt 4)
18:39:49.826 INFO  ExecHelper - interestingness_test /opt/reduce/cezanne_radeon_vega/syn_memory_converge_atomic/variant_892.comp reduction_results/cezanne_radeon_vega/syn_memory_converge_atomic/variant_892/variant_892.json
18:39:49.827 INFO  StreamGobblerLogger - stderr.env: ‘interestingness_test’: No such file or directory
18:39:49.828 INFO  ExecHelper - Result: 127
18:39:49.828 INFO  CustomFileJudge - Custom file judge result: 127
18:39:49.828 INFO  ReductionDriver - Result from initial state is not interesting (attempt 5)
18:39:49.828 INFO  ReductionDriver - Tried 5 times; stopping.
Reduction command: java -ea -cp /opt/graphicsfuzz/graphicsfuzz/target/graphicsfuzz/python/drivers/../../jar/tool-1.0.jar com.graphicsfuzz.reducer.tool.GlslReduce /opt/reduce/cezanne_radeon_vega/syn_memory_converge_atomic/variant_892.json interestingness_test --output reduction_results/cezanne_radeon_vega/syn_memory_converge_atomic/variant_892 /opt/reduce/cezanne_radeon_vega/syn_memory_converge_atomic/variant_892.comp
