19:38:19.613 INFO  ExecHelper - /opt/graphicsfuzz/graphicsfuzz/target/graphicsfuzz/bin/Linux/glslangValidator -E --stdin -S comp
19:38:19.674 INFO  ExecHelper - Result: 0
19:38:20.018 INFO  ReductionDriver - Starting reduction for variant_863
19:38:20.126 INFO  ExecHelper - interestingness_test /opt/reduce/rtx_4070/syn_memory_converge/variant_863.comp reduction_results/rtx_4070/syn_memory_converge/variant_863/variant_863.json
19:38:20.128 INFO  StreamGobblerLogger - stderr.env: ‘interestingness_test’: No such file or directory
19:38:20.129 INFO  ExecHelper - Result: 127
19:38:20.129 INFO  CustomFileJudge - Custom file judge result: 127
19:38:20.129 INFO  ReductionDriver - Result from initial state is not interesting (attempt 1)
19:38:20.230 INFO  ExecHelper - interestingness_test /opt/reduce/rtx_4070/syn_memory_converge/variant_863.comp reduction_results/rtx_4070/syn_memory_converge/variant_863/variant_863.json
19:38:20.231 INFO  StreamGobblerLogger - stderr.env: ‘interestingness_test’: No such file or directory
19:38:20.232 INFO  ExecHelper - Result: 127
19:38:20.232 INFO  CustomFileJudge - Custom file judge result: 127
19:38:20.232 INFO  ReductionDriver - Result from initial state is not interesting (attempt 2)
19:38:20.326 INFO  ExecHelper - interestingness_test /opt/reduce/rtx_4070/syn_memory_converge/variant_863.comp reduction_results/rtx_4070/syn_memory_converge/variant_863/variant_863.json
19:38:20.328 INFO  StreamGobblerLogger - stderr.env: ‘interestingness_test’: No such file or directory
19:38:20.328 INFO  ExecHelper - Result: 127
19:38:20.328 INFO  CustomFileJudge - Custom file judge result: 127
19:38:20.328 INFO  ReductionDriver - Result from initial state is not interesting (attempt 3)
19:38:20.415 INFO  ExecHelper - interestingness_test /opt/reduce/rtx_4070/syn_memory_converge/variant_863.comp reduction_results/rtx_4070/syn_memory_converge/variant_863/variant_863.json
19:38:20.417 INFO  StreamGobblerLogger - stderr.env: ‘interestingness_test’: No such file or directory
19:38:20.417 INFO  ExecHelper - Result: 127
19:38:20.418 INFO  CustomFileJudge - Custom file judge result: 127
19:38:20.418 INFO  ReductionDriver - Result from initial state is not interesting (attempt 4)
19:38:20.504 INFO  ExecHelper - interestingness_test /opt/reduce/rtx_4070/syn_memory_converge/variant_863.comp reduction_results/rtx_4070/syn_memory_converge/variant_863/variant_863.json
19:38:20.506 INFO  StreamGobblerLogger - stderr.env: ‘interestingness_test’: No such file or directory
19:38:20.507 INFO  ExecHelper - Result: 127
19:38:20.507 INFO  CustomFileJudge - Custom file judge result: 127
19:38:20.507 INFO  ReductionDriver - Result from initial state is not interesting (attempt 5)
19:38:20.507 INFO  ReductionDriver - Tried 5 times; stopping.
Reduction command: java -ea -cp /opt/graphicsfuzz/graphicsfuzz/target/graphicsfuzz/python/drivers/../../jar/tool-1.0.jar com.graphicsfuzz.reducer.tool.GlslReduce /opt/reduce/rtx_4070/syn_memory_converge/variant_863.json interestingness_test --output reduction_results/rtx_4070/syn_memory_converge/variant_863 /opt/reduce/rtx_4070/syn_memory_converge/variant_863.comp
