18:52:12.806 INFO  ExecHelper - /opt/graphicsfuzz/graphicsfuzz/target/graphicsfuzz/bin/Linux/glslangValidator -E --stdin -S comp
18:52:12.854 INFO  ExecHelper - Result: 0
18:52:12.910 INFO  ReductionDriver - Starting reduction for variant_154
18:52:12.915 INFO  ExecHelper - interestingness_test /opt/reduce/intel_iris_xe_graphics/syn_memory_converge/variant_154.comp reduction_results/intel_iris_xe_graphics/syn_memory_converge/variant_154/variant_154.json
18:52:12.917 INFO  StreamGobblerLogger - stderr.env: ‘interestingness_test’: No such file or directory
18:52:12.918 INFO  ExecHelper - Result: 127
18:52:12.918 INFO  CustomFileJudge - Custom file judge result: 127
18:52:12.918 INFO  ReductionDriver - Result from initial state is not interesting (attempt 1)
18:52:12.918 INFO  ExecHelper - interestingness_test /opt/reduce/intel_iris_xe_graphics/syn_memory_converge/variant_154.comp reduction_results/intel_iris_xe_graphics/syn_memory_converge/variant_154/variant_154.json
18:52:12.919 INFO  StreamGobblerLogger - stderr.env: ‘interestingness_test’: No such file or directory
18:52:12.920 INFO  ExecHelper - Result: 127
18:52:12.920 INFO  CustomFileJudge - Custom file judge result: 127
18:52:12.920 INFO  ReductionDriver - Result from initial state is not interesting (attempt 2)
18:52:12.921 INFO  ExecHelper - interestingness_test /opt/reduce/intel_iris_xe_graphics/syn_memory_converge/variant_154.comp reduction_results/intel_iris_xe_graphics/syn_memory_converge/variant_154/variant_154.json
18:52:12.922 INFO  StreamGobblerLogger - stderr.env: ‘interestingness_test’: No such file or directory
18:52:12.922 INFO  ExecHelper - Result: 127
18:52:12.922 INFO  CustomFileJudge - Custom file judge result: 127
18:52:12.922 INFO  ReductionDriver - Result from initial state is not interesting (attempt 3)
18:52:12.923 INFO  ExecHelper - interestingness_test /opt/reduce/intel_iris_xe_graphics/syn_memory_converge/variant_154.comp reduction_results/intel_iris_xe_graphics/syn_memory_converge/variant_154/variant_154.json
18:52:12.924 INFO  StreamGobblerLogger - stderr.env: ‘interestingness_test’: No such file or directory
18:52:12.924 INFO  ExecHelper - Result: 127
18:52:12.924 INFO  CustomFileJudge - Custom file judge result: 127
18:52:12.924 INFO  ReductionDriver - Result from initial state is not interesting (attempt 4)
18:52:12.925 INFO  ExecHelper - interestingness_test /opt/reduce/intel_iris_xe_graphics/syn_memory_converge/variant_154.comp reduction_results/intel_iris_xe_graphics/syn_memory_converge/variant_154/variant_154.json
18:52:12.926 INFO  StreamGobblerLogger - stderr.env: ‘interestingness_test’: No such file or directory
18:52:12.927 INFO  ExecHelper - Result: 127
18:52:12.927 INFO  CustomFileJudge - Custom file judge result: 127
18:52:12.927 INFO  ReductionDriver - Result from initial state is not interesting (attempt 5)
18:52:12.927 INFO  ReductionDriver - Tried 5 times; stopping.
Reduction command: java -ea -cp /opt/graphicsfuzz/graphicsfuzz/target/graphicsfuzz/python/drivers/../../jar/tool-1.0.jar com.graphicsfuzz.reducer.tool.GlslReduce /opt/reduce/intel_iris_xe_graphics/syn_memory_converge/variant_154.json interestingness_test --output reduction_results/intel_iris_xe_graphics/syn_memory_converge/variant_154 /opt/reduce/intel_iris_xe_graphics/syn_memory_converge/variant_154.comp
