18:11:54.666 INFO  ExecHelper - /opt/graphicsfuzz/graphicsfuzz/target/graphicsfuzz/bin/Linux/glslangValidator -E --stdin -S comp
18:11:54.857 INFO  ExecHelper - Result: 0
18:11:55.513 INFO  ReductionDriver - Starting reduction for variant_907
18:11:55.528 INFO  ExecHelper - interestingness_test /opt/reduce/cezanne_radeon_vega/syn_branch_syn_relax/variant_907.comp reduction_results/cezanne_radeon_vega/syn_branch_syn_relax/variant_907/variant_907.json
18:11:55.529 INFO  StreamGobblerLogger - stderr.env: ‘interestingness_test’: No such file or directory
18:11:55.530 INFO  ExecHelper - Result: 127
18:11:55.530 INFO  CustomFileJudge - Custom file judge result: 127
18:11:55.530 INFO  ReductionDriver - Result from initial state is not interesting (attempt 1)
18:11:55.534 INFO  ExecHelper - interestingness_test /opt/reduce/cezanne_radeon_vega/syn_branch_syn_relax/variant_907.comp reduction_results/cezanne_radeon_vega/syn_branch_syn_relax/variant_907/variant_907.json
18:11:55.535 INFO  StreamGobblerLogger - stderr.env: ‘interestingness_test’: No such file or directory
18:11:55.535 INFO  ExecHelper - Result: 127
18:11:55.535 INFO  CustomFileJudge - Custom file judge result: 127
18:11:55.536 INFO  ReductionDriver - Result from initial state is not interesting (attempt 2)
18:11:55.539 INFO  ExecHelper - interestingness_test /opt/reduce/cezanne_radeon_vega/syn_branch_syn_relax/variant_907.comp reduction_results/cezanne_radeon_vega/syn_branch_syn_relax/variant_907/variant_907.json
18:11:55.540 INFO  StreamGobblerLogger - stderr.env: ‘interestingness_test’: No such file or directory
18:11:55.541 INFO  ExecHelper - Result: 127
18:11:55.541 INFO  CustomFileJudge - Custom file judge result: 127
18:11:55.541 INFO  ReductionDriver - Result from initial state is not interesting (attempt 3)
18:11:55.545 INFO  ExecHelper - interestingness_test /opt/reduce/cezanne_radeon_vega/syn_branch_syn_relax/variant_907.comp reduction_results/cezanne_radeon_vega/syn_branch_syn_relax/variant_907/variant_907.json
18:11:55.546 INFO  StreamGobblerLogger - stderr.env: ‘interestingness_test’: No such file or directory
18:11:55.546 INFO  ExecHelper - Result: 127
18:11:55.546 INFO  CustomFileJudge - Custom file judge result: 127
18:11:55.547 INFO  ReductionDriver - Result from initial state is not interesting (attempt 4)
18:11:55.551 INFO  ExecHelper - interestingness_test /opt/reduce/cezanne_radeon_vega/syn_branch_syn_relax/variant_907.comp reduction_results/cezanne_radeon_vega/syn_branch_syn_relax/variant_907/variant_907.json
18:11:55.559 INFO  StreamGobblerLogger - stderr.env: ‘interestingness_test’: No such file or directory
18:11:55.560 INFO  ExecHelper - Result: 127
18:11:55.560 INFO  CustomFileJudge - Custom file judge result: 127
18:11:55.560 INFO  ReductionDriver - Result from initial state is not interesting (attempt 5)
18:11:55.560 INFO  ReductionDriver - Tried 5 times; stopping.
Reduction command: java -ea -cp /opt/graphicsfuzz/graphicsfuzz/target/graphicsfuzz/python/drivers/../../jar/tool-1.0.jar com.graphicsfuzz.reducer.tool.GlslReduce /opt/reduce/cezanne_radeon_vega/syn_branch_syn_relax/variant_907.json interestingness_test --output reduction_results/cezanne_radeon_vega/syn_branch_syn_relax/variant_907 /opt/reduce/cezanne_radeon_vega/syn_branch_syn_relax/variant_907.comp
