19:35:48.798 INFO  ExecHelper - /opt/graphicsfuzz/graphicsfuzz/target/graphicsfuzz/bin/Linux/glslangValidator -E --stdin -S comp
19:35:48.849 INFO  ExecHelper - Result: 0
19:35:48.912 INFO  ReductionDriver - Starting reduction for variant_674
19:35:48.917 INFO  ExecHelper - interestingness_test /opt/reduce/rtx_4070/syn_memory_converge/variant_674.comp reduction_results/rtx_4070/syn_memory_converge/variant_674/variant_674.json
19:35:48.918 INFO  StreamGobblerLogger - stderr.env: ‘interestingness_test’: No such file or directory
19:35:48.919 INFO  ExecHelper - Result: 127
19:35:48.919 INFO  CustomFileJudge - Custom file judge result: 127
19:35:48.919 INFO  ReductionDriver - Result from initial state is not interesting (attempt 1)
19:35:48.920 INFO  ExecHelper - interestingness_test /opt/reduce/rtx_4070/syn_memory_converge/variant_674.comp reduction_results/rtx_4070/syn_memory_converge/variant_674/variant_674.json
19:35:48.921 INFO  StreamGobblerLogger - stderr.env: ‘interestingness_test’: No such file or directory
19:35:48.922 INFO  ExecHelper - Result: 127
19:35:48.922 INFO  CustomFileJudge - Custom file judge result: 127
19:35:48.922 INFO  ReductionDriver - Result from initial state is not interesting (attempt 2)
19:35:48.922 INFO  ExecHelper - interestingness_test /opt/reduce/rtx_4070/syn_memory_converge/variant_674.comp reduction_results/rtx_4070/syn_memory_converge/variant_674/variant_674.json
19:35:48.924 INFO  StreamGobblerLogger - stderr.env: ‘interestingness_test’: No such file or directory
19:35:48.924 INFO  ExecHelper - Result: 127
19:35:48.924 INFO  CustomFileJudge - Custom file judge result: 127
19:35:48.924 INFO  ReductionDriver - Result from initial state is not interesting (attempt 3)
19:35:48.925 INFO  ExecHelper - interestingness_test /opt/reduce/rtx_4070/syn_memory_converge/variant_674.comp reduction_results/rtx_4070/syn_memory_converge/variant_674/variant_674.json
19:35:48.926 INFO  StreamGobblerLogger - stderr.env: ‘interestingness_test’: No such file or directory
19:35:48.926 INFO  ExecHelper - Result: 127
19:35:48.926 INFO  CustomFileJudge - Custom file judge result: 127
19:35:48.926 INFO  ReductionDriver - Result from initial state is not interesting (attempt 4)
19:35:48.927 INFO  ExecHelper - interestingness_test /opt/reduce/rtx_4070/syn_memory_converge/variant_674.comp reduction_results/rtx_4070/syn_memory_converge/variant_674/variant_674.json
19:35:48.928 INFO  StreamGobblerLogger - stderr.env: ‘interestingness_test’: No such file or directory
19:35:48.929 INFO  ExecHelper - Result: 127
19:35:48.929 INFO  CustomFileJudge - Custom file judge result: 127
19:35:48.929 INFO  ReductionDriver - Result from initial state is not interesting (attempt 5)
19:35:48.929 INFO  ReductionDriver - Tried 5 times; stopping.
Reduction command: java -ea -cp /opt/graphicsfuzz/graphicsfuzz/target/graphicsfuzz/python/drivers/../../jar/tool-1.0.jar com.graphicsfuzz.reducer.tool.GlslReduce /opt/reduce/rtx_4070/syn_memory_converge/variant_674.json interestingness_test --output reduction_results/rtx_4070/syn_memory_converge/variant_674 /opt/reduce/rtx_4070/syn_memory_converge/variant_674.comp
