19:30:37.593 INFO  ExecHelper - /opt/graphicsfuzz/graphicsfuzz/target/graphicsfuzz/bin/Linux/glslangValidator -E --stdin -S comp
19:30:37.653 INFO  ExecHelper - Result: 0
19:30:38.084 INFO  ReductionDriver - Starting reduction for variant_315
19:30:38.224 INFO  ExecHelper - interestingness_test /opt/reduce/rtx_4070/syn_memory_converge/variant_315.comp reduction_results/rtx_4070/syn_memory_converge/variant_315/variant_315.json
19:30:38.226 INFO  StreamGobblerLogger - stderr.env: ‘interestingness_test’: No such file or directory
19:30:38.227 INFO  ExecHelper - Result: 127
19:30:38.227 INFO  CustomFileJudge - Custom file judge result: 127
19:30:38.227 INFO  ReductionDriver - Result from initial state is not interesting (attempt 1)
19:30:38.347 INFO  ExecHelper - interestingness_test /opt/reduce/rtx_4070/syn_memory_converge/variant_315.comp reduction_results/rtx_4070/syn_memory_converge/variant_315/variant_315.json
19:30:38.348 INFO  StreamGobblerLogger - stderr.env: ‘interestingness_test’: No such file or directory
19:30:38.349 INFO  ExecHelper - Result: 127
19:30:38.349 INFO  CustomFileJudge - Custom file judge result: 127
19:30:38.349 INFO  ReductionDriver - Result from initial state is not interesting (attempt 2)
19:30:38.462 INFO  ExecHelper - interestingness_test /opt/reduce/rtx_4070/syn_memory_converge/variant_315.comp reduction_results/rtx_4070/syn_memory_converge/variant_315/variant_315.json
19:30:38.464 INFO  StreamGobblerLogger - stderr.env: ‘interestingness_test’: No such file or directory
19:30:38.465 INFO  ExecHelper - Result: 127
19:30:38.465 INFO  CustomFileJudge - Custom file judge result: 127
19:30:38.465 INFO  ReductionDriver - Result from initial state is not interesting (attempt 3)
19:30:38.582 INFO  ExecHelper - interestingness_test /opt/reduce/rtx_4070/syn_memory_converge/variant_315.comp reduction_results/rtx_4070/syn_memory_converge/variant_315/variant_315.json
19:30:38.584 INFO  StreamGobblerLogger - stderr.env: ‘interestingness_test’: No such file or directory
19:30:38.584 INFO  ExecHelper - Result: 127
19:30:38.584 INFO  CustomFileJudge - Custom file judge result: 127
19:30:38.584 INFO  ReductionDriver - Result from initial state is not interesting (attempt 4)
19:30:38.697 INFO  ExecHelper - interestingness_test /opt/reduce/rtx_4070/syn_memory_converge/variant_315.comp reduction_results/rtx_4070/syn_memory_converge/variant_315/variant_315.json
19:30:38.698 INFO  StreamGobblerLogger - stderr.env: ‘interestingness_test’: No such file or directory
19:30:38.699 INFO  ExecHelper - Result: 127
19:30:38.699 INFO  CustomFileJudge - Custom file judge result: 127
19:30:38.699 INFO  ReductionDriver - Result from initial state is not interesting (attempt 5)
19:30:38.699 INFO  ReductionDriver - Tried 5 times; stopping.
Reduction command: java -ea -cp /opt/graphicsfuzz/graphicsfuzz/target/graphicsfuzz/python/drivers/../../jar/tool-1.0.jar com.graphicsfuzz.reducer.tool.GlslReduce /opt/reduce/rtx_4070/syn_memory_converge/variant_315.json interestingness_test --output reduction_results/rtx_4070/syn_memory_converge/variant_315 /opt/reduce/rtx_4070/syn_memory_converge/variant_315.comp
