19:01:10.920 INFO  ExecHelper - /opt/graphicsfuzz/graphicsfuzz/target/graphicsfuzz/bin/Linux/glslangValidator -E --stdin -S comp
19:01:10.967 INFO  ExecHelper - Result: 0
19:01:11.050 INFO  ReductionDriver - Starting reduction for variant_783
19:01:11.060 INFO  ExecHelper - interestingness_test /opt/reduce/intel_iris_xe_graphics/syn_memory_converge/variant_783.comp reduction_results/intel_iris_xe_graphics/syn_memory_converge/variant_783/variant_783.json
19:01:11.062 INFO  StreamGobblerLogger - stderr.env: ‘interestingness_test’: No such file or directory
19:01:11.063 INFO  ExecHelper - Result: 127
19:01:11.063 INFO  CustomFileJudge - Custom file judge result: 127
19:01:11.063 INFO  ReductionDriver - Result from initial state is not interesting (attempt 1)
19:01:11.065 INFO  ExecHelper - interestingness_test /opt/reduce/intel_iris_xe_graphics/syn_memory_converge/variant_783.comp reduction_results/intel_iris_xe_graphics/syn_memory_converge/variant_783/variant_783.json
19:01:11.066 INFO  StreamGobblerLogger - stderr.env: ‘interestingness_test’: No such file or directory
19:01:11.067 INFO  ExecHelper - Result: 127
19:01:11.067 INFO  CustomFileJudge - Custom file judge result: 127
19:01:11.067 INFO  ReductionDriver - Result from initial state is not interesting (attempt 2)
19:01:11.069 INFO  ExecHelper - interestingness_test /opt/reduce/intel_iris_xe_graphics/syn_memory_converge/variant_783.comp reduction_results/intel_iris_xe_graphics/syn_memory_converge/variant_783/variant_783.json
19:01:11.070 INFO  StreamGobblerLogger - stderr.env: ‘interestingness_test’: No such file or directory
19:01:11.071 INFO  ExecHelper - Result: 127
19:01:11.071 INFO  CustomFileJudge - Custom file judge result: 127
19:01:11.071 INFO  ReductionDriver - Result from initial state is not interesting (attempt 3)
19:01:11.073 INFO  ExecHelper - interestingness_test /opt/reduce/intel_iris_xe_graphics/syn_memory_converge/variant_783.comp reduction_results/intel_iris_xe_graphics/syn_memory_converge/variant_783/variant_783.json
19:01:11.074 INFO  StreamGobblerLogger - stderr.env: ‘interestingness_test’: No such file or directory
19:01:11.074 INFO  ExecHelper - Result: 127
19:01:11.075 INFO  CustomFileJudge - Custom file judge result: 127
19:01:11.075 INFO  ReductionDriver - Result from initial state is not interesting (attempt 4)
19:01:11.076 INFO  ExecHelper - interestingness_test /opt/reduce/intel_iris_xe_graphics/syn_memory_converge/variant_783.comp reduction_results/intel_iris_xe_graphics/syn_memory_converge/variant_783/variant_783.json
19:01:11.077 INFO  StreamGobblerLogger - stderr.env: ‘interestingness_test’: No such file or directory
19:01:11.077 INFO  ExecHelper - Result: 127
19:01:11.077 INFO  CustomFileJudge - Custom file judge result: 127
19:01:11.077 INFO  ReductionDriver - Result from initial state is not interesting (attempt 5)
19:01:11.078 INFO  ReductionDriver - Tried 5 times; stopping.
Reduction command: java -ea -cp /opt/graphicsfuzz/graphicsfuzz/target/graphicsfuzz/python/drivers/../../jar/tool-1.0.jar com.graphicsfuzz.reducer.tool.GlslReduce /opt/reduce/intel_iris_xe_graphics/syn_memory_converge/variant_783.json interestingness_test --output reduction_results/intel_iris_xe_graphics/syn_memory_converge/variant_783 /opt/reduce/intel_iris_xe_graphics/syn_memory_converge/variant_783.comp
