19:13:25.458 INFO  ExecHelper - /opt/graphicsfuzz/graphicsfuzz/target/graphicsfuzz/bin/Linux/glslangValidator -E --stdin -S comp
19:13:25.512 INFO  ExecHelper - Result: 0
19:13:25.849 INFO  ReductionDriver - Starting reduction for variant_636
19:13:25.917 INFO  ExecHelper - interestingness_test /opt/reduce/intel_iris_xe_graphics/syn_memory_converge_atomic/variant_636.comp reduction_results/intel_iris_xe_graphics/syn_memory_converge_atomic/variant_636/variant_636.json
19:13:25.919 INFO  StreamGobblerLogger - stderr.env: ‘interestingness_test’: No such file or directory
19:13:25.920 INFO  ExecHelper - Result: 127
19:13:25.920 INFO  CustomFileJudge - Custom file judge result: 127
19:13:25.920 INFO  ReductionDriver - Result from initial state is not interesting (attempt 1)
19:13:25.973 INFO  ExecHelper - interestingness_test /opt/reduce/intel_iris_xe_graphics/syn_memory_converge_atomic/variant_636.comp reduction_results/intel_iris_xe_graphics/syn_memory_converge_atomic/variant_636/variant_636.json
19:13:25.975 INFO  StreamGobblerLogger - stderr.env: ‘interestingness_test’: No such file or directory
19:13:25.975 INFO  ExecHelper - Result: 127
19:13:25.975 INFO  CustomFileJudge - Custom file judge result: 127
19:13:25.975 INFO  ReductionDriver - Result from initial state is not interesting (attempt 2)
19:13:26.026 INFO  ExecHelper - interestingness_test /opt/reduce/intel_iris_xe_graphics/syn_memory_converge_atomic/variant_636.comp reduction_results/intel_iris_xe_graphics/syn_memory_converge_atomic/variant_636/variant_636.json
19:13:26.027 INFO  StreamGobblerLogger - stderr.env: ‘interestingness_test’: No such file or directory
19:13:26.028 INFO  ExecHelper - Result: 127
19:13:26.028 INFO  CustomFileJudge - Custom file judge result: 127
19:13:26.028 INFO  ReductionDriver - Result from initial state is not interesting (attempt 3)
19:13:26.078 INFO  ExecHelper - interestingness_test /opt/reduce/intel_iris_xe_graphics/syn_memory_converge_atomic/variant_636.comp reduction_results/intel_iris_xe_graphics/syn_memory_converge_atomic/variant_636/variant_636.json
19:13:26.079 INFO  StreamGobblerLogger - stderr.env: ‘interestingness_test’: No such file or directory
19:13:26.080 INFO  ExecHelper - Result: 127
19:13:26.080 INFO  CustomFileJudge - Custom file judge result: 127
19:13:26.080 INFO  ReductionDriver - Result from initial state is not interesting (attempt 4)
19:13:26.138 INFO  ExecHelper - interestingness_test /opt/reduce/intel_iris_xe_graphics/syn_memory_converge_atomic/variant_636.comp reduction_results/intel_iris_xe_graphics/syn_memory_converge_atomic/variant_636/variant_636.json
19:13:26.139 INFO  StreamGobblerLogger - stderr.env: ‘interestingness_test’: No such file or directory
19:13:26.140 INFO  ExecHelper - Result: 127
19:13:26.140 INFO  CustomFileJudge - Custom file judge result: 127
19:13:26.140 INFO  ReductionDriver - Result from initial state is not interesting (attempt 5)
19:13:26.140 INFO  ReductionDriver - Tried 5 times; stopping.
Reduction command: java -ea -cp /opt/graphicsfuzz/graphicsfuzz/target/graphicsfuzz/python/drivers/../../jar/tool-1.0.jar com.graphicsfuzz.reducer.tool.GlslReduce /opt/reduce/intel_iris_xe_graphics/syn_memory_converge_atomic/variant_636.json interestingness_test --output reduction_results/intel_iris_xe_graphics/syn_memory_converge_atomic/variant_636 /opt/reduce/intel_iris_xe_graphics/syn_memory_converge_atomic/variant_636.comp
