18:24:58.722 INFO  ExecHelper - /opt/graphicsfuzz/graphicsfuzz/target/graphicsfuzz/bin/Linux/glslangValidator -E --stdin -S comp
18:24:58.781 INFO  ExecHelper - Result: 0
18:25:00.001 INFO  ReductionDriver - Starting reduction for variant_833
18:25:00.181 INFO  ExecHelper - interestingness_test /opt/reduce/cezanne_radeon_vega/syn_memory_converge/variant_833.comp reduction_results/cezanne_radeon_vega/syn_memory_converge/variant_833/variant_833.json
18:25:00.184 INFO  StreamGobblerLogger - stderr.env: ‘interestingness_test’: No such file or directory
18:25:00.184 INFO  ExecHelper - Result: 127
18:25:00.184 INFO  CustomFileJudge - Custom file judge result: 127
18:25:00.185 INFO  ReductionDriver - Result from initial state is not interesting (attempt 1)
18:25:00.350 INFO  ExecHelper - interestingness_test /opt/reduce/cezanne_radeon_vega/syn_memory_converge/variant_833.comp reduction_results/cezanne_radeon_vega/syn_memory_converge/variant_833/variant_833.json
18:25:00.352 INFO  StreamGobblerLogger - stderr.env: ‘interestingness_test’: No such file or directory
18:25:00.352 INFO  ExecHelper - Result: 127
18:25:00.352 INFO  CustomFileJudge - Custom file judge result: 127
18:25:00.352 INFO  ReductionDriver - Result from initial state is not interesting (attempt 2)
18:25:00.499 INFO  ExecHelper - interestingness_test /opt/reduce/cezanne_radeon_vega/syn_memory_converge/variant_833.comp reduction_results/cezanne_radeon_vega/syn_memory_converge/variant_833/variant_833.json
18:25:00.501 INFO  StreamGobblerLogger - stderr.env: ‘interestingness_test’: No such file or directory
18:25:00.502 INFO  ExecHelper - Result: 127
18:25:00.502 INFO  CustomFileJudge - Custom file judge result: 127
18:25:00.502 INFO  ReductionDriver - Result from initial state is not interesting (attempt 3)
18:25:00.646 INFO  ExecHelper - interestingness_test /opt/reduce/cezanne_radeon_vega/syn_memory_converge/variant_833.comp reduction_results/cezanne_radeon_vega/syn_memory_converge/variant_833/variant_833.json
18:25:00.648 INFO  StreamGobblerLogger - stderr.env: ‘interestingness_test’: No such file or directory
18:25:00.648 INFO  ExecHelper - Result: 127
18:25:00.648 INFO  CustomFileJudge - Custom file judge result: 127
18:25:00.648 INFO  ReductionDriver - Result from initial state is not interesting (attempt 4)
18:25:00.789 INFO  ExecHelper - interestingness_test /opt/reduce/cezanne_radeon_vega/syn_memory_converge/variant_833.comp reduction_results/cezanne_radeon_vega/syn_memory_converge/variant_833/variant_833.json
18:25:00.791 INFO  StreamGobblerLogger - stderr.env: ‘interestingness_test’: No such file or directory
18:25:00.792 INFO  ExecHelper - Result: 127
18:25:00.792 INFO  CustomFileJudge - Custom file judge result: 127
18:25:00.792 INFO  ReductionDriver - Result from initial state is not interesting (attempt 5)
18:25:00.792 INFO  ReductionDriver - Tried 5 times; stopping.
Reduction command: java -ea -cp /opt/graphicsfuzz/graphicsfuzz/target/graphicsfuzz/python/drivers/../../jar/tool-1.0.jar com.graphicsfuzz.reducer.tool.GlslReduce /opt/reduce/cezanne_radeon_vega/syn_memory_converge/variant_833.json interestingness_test --output reduction_results/cezanne_radeon_vega/syn_memory_converge/variant_833 /opt/reduce/cezanne_radeon_vega/syn_memory_converge/variant_833.comp
