18:47:41.766 INFO  ExecHelper - /opt/graphicsfuzz/graphicsfuzz/target/graphicsfuzz/bin/Linux/glslangValidator -E --stdin -S comp
18:47:41.967 INFO  ExecHelper - Result: 0
18:47:42.197 INFO  ReductionDriver - Starting reduction for variant_748
18:47:42.218 INFO  ExecHelper - interestingness_test /opt/reduce/intel_iris_xe_graphics/syn_lock_step/variant_748.comp reduction_results/intel_iris_xe_graphics/syn_lock_step/variant_748/variant_748.json
18:47:42.220 INFO  StreamGobblerLogger - stderr.env: ‘interestingness_test’: No such file or directory
18:47:42.221 INFO  ExecHelper - Result: 127
18:47:42.221 INFO  CustomFileJudge - Custom file judge result: 127
18:47:42.221 INFO  ReductionDriver - Result from initial state is not interesting (attempt 1)
18:47:42.227 INFO  ExecHelper - interestingness_test /opt/reduce/intel_iris_xe_graphics/syn_lock_step/variant_748.comp reduction_results/intel_iris_xe_graphics/syn_lock_step/variant_748/variant_748.json
18:47:42.228 INFO  StreamGobblerLogger - stderr.env: ‘interestingness_test’: No such file or directory
18:47:42.229 INFO  ExecHelper - Result: 127
18:47:42.229 INFO  CustomFileJudge - Custom file judge result: 127
18:47:42.229 INFO  ReductionDriver - Result from initial state is not interesting (attempt 2)
18:47:42.238 INFO  ExecHelper - interestingness_test /opt/reduce/intel_iris_xe_graphics/syn_lock_step/variant_748.comp reduction_results/intel_iris_xe_graphics/syn_lock_step/variant_748/variant_748.json
18:47:42.239 INFO  StreamGobblerLogger - stderr.env: ‘interestingness_test’: No such file or directory
18:47:42.240 INFO  ExecHelper - Result: 127
18:47:42.240 INFO  CustomFileJudge - Custom file judge result: 127
18:47:42.240 INFO  ReductionDriver - Result from initial state is not interesting (attempt 3)
18:47:42.246 INFO  ExecHelper - interestingness_test /opt/reduce/intel_iris_xe_graphics/syn_lock_step/variant_748.comp reduction_results/intel_iris_xe_graphics/syn_lock_step/variant_748/variant_748.json
18:47:42.248 INFO  StreamGobblerLogger - stderr.env: ‘interestingness_test’: No such file or directory
18:47:42.248 INFO  ExecHelper - Result: 127
18:47:42.248 INFO  CustomFileJudge - Custom file judge result: 127
18:47:42.248 INFO  ReductionDriver - Result from initial state is not interesting (attempt 4)
18:47:42.251 INFO  ExecHelper - interestingness_test /opt/reduce/intel_iris_xe_graphics/syn_lock_step/variant_748.comp reduction_results/intel_iris_xe_graphics/syn_lock_step/variant_748/variant_748.json
18:47:42.252 INFO  StreamGobblerLogger - stderr.env: ‘interestingness_test’: No such file or directory
18:47:42.253 INFO  ExecHelper - Result: 127
18:47:42.253 INFO  CustomFileJudge - Custom file judge result: 127
18:47:42.253 INFO  ReductionDriver - Result from initial state is not interesting (attempt 5)
18:47:42.253 INFO  ReductionDriver - Tried 5 times; stopping.
Reduction command: java -ea -cp /opt/graphicsfuzz/graphicsfuzz/target/graphicsfuzz/python/drivers/../../jar/tool-1.0.jar com.graphicsfuzz.reducer.tool.GlslReduce /opt/reduce/intel_iris_xe_graphics/syn_lock_step/variant_748.json interestingness_test --output reduction_results/intel_iris_xe_graphics/syn_lock_step/variant_748 /opt/reduce/intel_iris_xe_graphics/syn_lock_step/variant_748.comp
