18:59:11.977 INFO  ExecHelper - /opt/graphicsfuzz/graphicsfuzz/target/graphicsfuzz/bin/Linux/glslangValidator -E --stdin -S comp
18:59:12.025 INFO  ExecHelper - Result: 0
18:59:12.108 INFO  ReductionDriver - Starting reduction for variant_634
18:59:12.117 INFO  ExecHelper - interestingness_test /opt/reduce/intel_iris_xe_graphics/syn_memory_converge/variant_634.comp reduction_results/intel_iris_xe_graphics/syn_memory_converge/variant_634/variant_634.json
18:59:12.119 INFO  StreamGobblerLogger - stderr.env: ‘interestingness_test’: No such file or directory
18:59:12.120 INFO  ExecHelper - Result: 127
18:59:12.120 INFO  CustomFileJudge - Custom file judge result: 127
18:59:12.120 INFO  ReductionDriver - Result from initial state is not interesting (attempt 1)
18:59:12.124 INFO  ExecHelper - interestingness_test /opt/reduce/intel_iris_xe_graphics/syn_memory_converge/variant_634.comp reduction_results/intel_iris_xe_graphics/syn_memory_converge/variant_634/variant_634.json
18:59:12.125 INFO  StreamGobblerLogger - stderr.env: ‘interestingness_test’: No such file or directory
18:59:12.126 INFO  ExecHelper - Result: 127
18:59:12.126 INFO  CustomFileJudge - Custom file judge result: 127
18:59:12.126 INFO  ReductionDriver - Result from initial state is not interesting (attempt 2)
18:59:12.130 INFO  ExecHelper - interestingness_test /opt/reduce/intel_iris_xe_graphics/syn_memory_converge/variant_634.comp reduction_results/intel_iris_xe_graphics/syn_memory_converge/variant_634/variant_634.json
18:59:12.131 INFO  StreamGobblerLogger - stderr.env: ‘interestingness_test’: No such file or directory
18:59:12.131 INFO  ExecHelper - Result: 127
18:59:12.131 INFO  CustomFileJudge - Custom file judge result: 127
18:59:12.131 INFO  ReductionDriver - Result from initial state is not interesting (attempt 3)
18:59:12.135 INFO  ExecHelper - interestingness_test /opt/reduce/intel_iris_xe_graphics/syn_memory_converge/variant_634.comp reduction_results/intel_iris_xe_graphics/syn_memory_converge/variant_634/variant_634.json
18:59:12.136 INFO  StreamGobblerLogger - stderr.env: ‘interestingness_test’: No such file or directory
18:59:12.137 INFO  ExecHelper - Result: 127
18:59:12.137 INFO  CustomFileJudge - Custom file judge result: 127
18:59:12.137 INFO  ReductionDriver - Result from initial state is not interesting (attempt 4)
18:59:12.139 INFO  ExecHelper - interestingness_test /opt/reduce/intel_iris_xe_graphics/syn_memory_converge/variant_634.comp reduction_results/intel_iris_xe_graphics/syn_memory_converge/variant_634/variant_634.json
18:59:12.140 INFO  StreamGobblerLogger - stderr.env: ‘interestingness_test’: No such file or directory
18:59:12.140 INFO  ExecHelper - Result: 127
18:59:12.141 INFO  CustomFileJudge - Custom file judge result: 127
18:59:12.141 INFO  ReductionDriver - Result from initial state is not interesting (attempt 5)
18:59:12.141 INFO  ReductionDriver - Tried 5 times; stopping.
Reduction command: java -ea -cp /opt/graphicsfuzz/graphicsfuzz/target/graphicsfuzz/python/drivers/../../jar/tool-1.0.jar com.graphicsfuzz.reducer.tool.GlslReduce /opt/reduce/intel_iris_xe_graphics/syn_memory_converge/variant_634.json interestingness_test --output reduction_results/intel_iris_xe_graphics/syn_memory_converge/variant_634 /opt/reduce/intel_iris_xe_graphics/syn_memory_converge/variant_634.comp
