19:36:11.274 INFO  ExecHelper - /opt/graphicsfuzz/graphicsfuzz/target/graphicsfuzz/bin/Linux/glslangValidator -E --stdin -S comp
19:36:11.367 INFO  ExecHelper - Result: 0
19:36:11.702 INFO  ReductionDriver - Starting reduction for variant_707
19:36:11.725 INFO  ExecHelper - interestingness_test /opt/reduce/rtx_4070/syn_memory_converge/variant_707.comp reduction_results/rtx_4070/syn_memory_converge/variant_707/variant_707.json
19:36:11.727 INFO  StreamGobblerLogger - stderr.env: ‘interestingness_test’: No such file or directory
19:36:11.727 INFO  ExecHelper - Result: 127
19:36:11.727 INFO  CustomFileJudge - Custom file judge result: 127
19:36:11.727 INFO  ReductionDriver - Result from initial state is not interesting (attempt 1)
19:36:11.733 INFO  ExecHelper - interestingness_test /opt/reduce/rtx_4070/syn_memory_converge/variant_707.comp reduction_results/rtx_4070/syn_memory_converge/variant_707/variant_707.json
19:36:11.734 INFO  StreamGobblerLogger - stderr.env: ‘interestingness_test’: No such file or directory
19:36:11.735 INFO  ExecHelper - Result: 127
19:36:11.735 INFO  CustomFileJudge - Custom file judge result: 127
19:36:11.735 INFO  ReductionDriver - Result from initial state is not interesting (attempt 2)
19:36:11.747 INFO  ExecHelper - interestingness_test /opt/reduce/rtx_4070/syn_memory_converge/variant_707.comp reduction_results/rtx_4070/syn_memory_converge/variant_707/variant_707.json
19:36:11.748 INFO  StreamGobblerLogger - stderr.env: ‘interestingness_test’: No such file or directory
19:36:11.749 INFO  ExecHelper - Result: 127
19:36:11.749 INFO  CustomFileJudge - Custom file judge result: 127
19:36:11.749 INFO  ReductionDriver - Result from initial state is not interesting (attempt 3)
19:36:11.761 INFO  ExecHelper - interestingness_test /opt/reduce/rtx_4070/syn_memory_converge/variant_707.comp reduction_results/rtx_4070/syn_memory_converge/variant_707/variant_707.json
19:36:11.762 INFO  StreamGobblerLogger - stderr.env: ‘interestingness_test’: No such file or directory
19:36:11.763 INFO  ExecHelper - Result: 127
19:36:11.763 INFO  CustomFileJudge - Custom file judge result: 127
19:36:11.763 INFO  ReductionDriver - Result from initial state is not interesting (attempt 4)
19:36:11.769 INFO  ExecHelper - interestingness_test /opt/reduce/rtx_4070/syn_memory_converge/variant_707.comp reduction_results/rtx_4070/syn_memory_converge/variant_707/variant_707.json
19:36:11.770 INFO  StreamGobblerLogger - stderr.env: ‘interestingness_test’: No such file or directory
19:36:11.770 INFO  ExecHelper - Result: 127
19:36:11.771 INFO  CustomFileJudge - Custom file judge result: 127
19:36:11.771 INFO  ReductionDriver - Result from initial state is not interesting (attempt 5)
19:36:11.771 INFO  ReductionDriver - Tried 5 times; stopping.
Reduction command: java -ea -cp /opt/graphicsfuzz/graphicsfuzz/target/graphicsfuzz/python/drivers/../../jar/tool-1.0.jar com.graphicsfuzz.reducer.tool.GlslReduce /opt/reduce/rtx_4070/syn_memory_converge/variant_707.json interestingness_test --output reduction_results/rtx_4070/syn_memory_converge/variant_707 /opt/reduce/rtx_4070/syn_memory_converge/variant_707.comp
