19:12:31.504 INFO  ExecHelper - /opt/graphicsfuzz/graphicsfuzz/target/graphicsfuzz/bin/Linux/glslangValidator -E --stdin -S comp
19:12:31.563 INFO  ExecHelper - Result: 0
19:12:32.837 INFO  ReductionDriver - Starting reduction for variant_571
19:12:33.003 INFO  ExecHelper - interestingness_test /opt/reduce/intel_iris_xe_graphics/syn_memory_converge_atomic/variant_571.comp reduction_results/intel_iris_xe_graphics/syn_memory_converge_atomic/variant_571/variant_571.json
19:12:33.005 INFO  StreamGobblerLogger - stderr.env: ‘interestingness_test’: No such file or directory
19:12:33.005 INFO  ExecHelper - Result: 127
19:12:33.006 INFO  CustomFileJudge - Custom file judge result: 127
19:12:33.006 INFO  ReductionDriver - Result from initial state is not interesting (attempt 1)
19:12:33.151 INFO  ExecHelper - interestingness_test /opt/reduce/intel_iris_xe_graphics/syn_memory_converge_atomic/variant_571.comp reduction_results/intel_iris_xe_graphics/syn_memory_converge_atomic/variant_571/variant_571.json
19:12:33.153 INFO  StreamGobblerLogger - stderr.env: ‘interestingness_test’: No such file or directory
19:12:33.153 INFO  ExecHelper - Result: 127
19:12:33.153 INFO  CustomFileJudge - Custom file judge result: 127
19:12:33.153 INFO  ReductionDriver - Result from initial state is not interesting (attempt 2)
19:12:33.291 INFO  ExecHelper - interestingness_test /opt/reduce/intel_iris_xe_graphics/syn_memory_converge_atomic/variant_571.comp reduction_results/intel_iris_xe_graphics/syn_memory_converge_atomic/variant_571/variant_571.json
19:12:33.293 INFO  StreamGobblerLogger - stderr.env: ‘interestingness_test’: No such file or directory
19:12:33.294 INFO  ExecHelper - Result: 127
19:12:33.294 INFO  CustomFileJudge - Custom file judge result: 127
19:12:33.294 INFO  ReductionDriver - Result from initial state is not interesting (attempt 3)
19:12:33.431 INFO  ExecHelper - interestingness_test /opt/reduce/intel_iris_xe_graphics/syn_memory_converge_atomic/variant_571.comp reduction_results/intel_iris_xe_graphics/syn_memory_converge_atomic/variant_571/variant_571.json
19:12:33.433 INFO  StreamGobblerLogger - stderr.env: ‘interestingness_test’: No such file or directory
19:12:33.434 INFO  ExecHelper - Result: 127
19:12:33.434 INFO  CustomFileJudge - Custom file judge result: 127
19:12:33.434 INFO  ReductionDriver - Result from initial state is not interesting (attempt 4)
19:12:33.570 INFO  ExecHelper - interestingness_test /opt/reduce/intel_iris_xe_graphics/syn_memory_converge_atomic/variant_571.comp reduction_results/intel_iris_xe_graphics/syn_memory_converge_atomic/variant_571/variant_571.json
19:12:33.571 INFO  StreamGobblerLogger - stderr.env: ‘interestingness_test’: No such file or directory
19:12:33.572 INFO  ExecHelper - Result: 127
19:12:33.572 INFO  CustomFileJudge - Custom file judge result: 127
19:12:33.572 INFO  ReductionDriver - Result from initial state is not interesting (attempt 5)
19:12:33.572 INFO  ReductionDriver - Tried 5 times; stopping.
Reduction command: java -ea -cp /opt/graphicsfuzz/graphicsfuzz/target/graphicsfuzz/python/drivers/../../jar/tool-1.0.jar com.graphicsfuzz.reducer.tool.GlslReduce /opt/reduce/intel_iris_xe_graphics/syn_memory_converge_atomic/variant_571.json interestingness_test --output reduction_results/intel_iris_xe_graphics/syn_memory_converge_atomic/variant_571 /opt/reduce/intel_iris_xe_graphics/syn_memory_converge_atomic/variant_571.comp
