18:13:34.748 INFO  ExecHelper - /opt/graphicsfuzz/graphicsfuzz/target/graphicsfuzz/bin/Linux/glslangValidator -E --stdin -S comp
18:13:34.829 INFO  ExecHelper - Result: 0
18:13:35.242 INFO  ReductionDriver - Starting reduction for variant_501
18:13:35.257 INFO  ExecHelper - interestingness_test /opt/reduce/cezanne_radeon_vega/syn_lock_step_release/variant_501.comp reduction_results/cezanne_radeon_vega/syn_lock_step_release/variant_501/variant_501.json
18:13:35.260 INFO  StreamGobblerLogger - stderr.env: ‘interestingness_test’: No such file or directory
18:13:35.260 INFO  ExecHelper - Result: 127
18:13:35.260 INFO  CustomFileJudge - Custom file judge result: 127
18:13:35.260 INFO  ReductionDriver - Result from initial state is not interesting (attempt 1)
18:13:35.268 INFO  ExecHelper - interestingness_test /opt/reduce/cezanne_radeon_vega/syn_lock_step_release/variant_501.comp reduction_results/cezanne_radeon_vega/syn_lock_step_release/variant_501/variant_501.json
18:13:35.269 INFO  StreamGobblerLogger - stderr.env: ‘interestingness_test’: No such file or directory
18:13:35.270 INFO  ExecHelper - Result: 127
18:13:35.270 INFO  CustomFileJudge - Custom file judge result: 127
18:13:35.270 INFO  ReductionDriver - Result from initial state is not interesting (attempt 2)
18:13:35.273 INFO  ExecHelper - interestingness_test /opt/reduce/cezanne_radeon_vega/syn_lock_step_release/variant_501.comp reduction_results/cezanne_radeon_vega/syn_lock_step_release/variant_501/variant_501.json
18:13:35.274 INFO  StreamGobblerLogger - stderr.env: ‘interestingness_test’: No such file or directory
18:13:35.275 INFO  ExecHelper - Result: 127
18:13:35.275 INFO  CustomFileJudge - Custom file judge result: 127
18:13:35.275 INFO  ReductionDriver - Result from initial state is not interesting (attempt 3)
18:13:35.277 INFO  ExecHelper - interestingness_test /opt/reduce/cezanne_radeon_vega/syn_lock_step_release/variant_501.comp reduction_results/cezanne_radeon_vega/syn_lock_step_release/variant_501/variant_501.json
18:13:35.279 INFO  StreamGobblerLogger - stderr.env: ‘interestingness_test’: No such file or directory
18:13:35.279 INFO  ExecHelper - Result: 127
18:13:35.279 INFO  CustomFileJudge - Custom file judge result: 127
18:13:35.279 INFO  ReductionDriver - Result from initial state is not interesting (attempt 4)
18:13:35.282 INFO  ExecHelper - interestingness_test /opt/reduce/cezanne_radeon_vega/syn_lock_step_release/variant_501.comp reduction_results/cezanne_radeon_vega/syn_lock_step_release/variant_501/variant_501.json
18:13:35.283 INFO  StreamGobblerLogger - stderr.env: ‘interestingness_test’: No such file or directory
18:13:35.283 INFO  ExecHelper - Result: 127
18:13:35.283 INFO  CustomFileJudge - Custom file judge result: 127
18:13:35.284 INFO  ReductionDriver - Result from initial state is not interesting (attempt 5)
18:13:35.284 INFO  ReductionDriver - Tried 5 times; stopping.
Reduction command: java -ea -cp /opt/graphicsfuzz/graphicsfuzz/target/graphicsfuzz/python/drivers/../../jar/tool-1.0.jar com.graphicsfuzz.reducer.tool.GlslReduce /opt/reduce/cezanne_radeon_vega/syn_lock_step_release/variant_501.json interestingness_test --output reduction_results/cezanne_radeon_vega/syn_lock_step_release/variant_501 /opt/reduce/cezanne_radeon_vega/syn_lock_step_release/variant_501.comp
