19:52:28.694 INFO  ExecHelper - /opt/graphicsfuzz/graphicsfuzz/target/graphicsfuzz/bin/Linux/glslangValidator -E --stdin -S comp
19:52:28.942 INFO  ExecHelper - Result: 0
19:52:29.802 INFO  ReductionDriver - Starting reduction for variant_821
19:52:29.822 INFO  ExecHelper - interestingness_test /opt/reduce/rtx_4070/syn_memory_converge_atomic/variant_821.comp reduction_results/rtx_4070/syn_memory_converge_atomic/variant_821/variant_821.json
19:52:29.824 INFO  StreamGobblerLogger - stderr.env: ‘interestingness_test’: No such file or directory
19:52:29.824 INFO  ExecHelper - Result: 127
19:52:29.824 INFO  CustomFileJudge - Custom file judge result: 127
19:52:29.824 INFO  ReductionDriver - Result from initial state is not interesting (attempt 1)
19:52:29.835 INFO  ExecHelper - interestingness_test /opt/reduce/rtx_4070/syn_memory_converge_atomic/variant_821.comp reduction_results/rtx_4070/syn_memory_converge_atomic/variant_821/variant_821.json
19:52:29.836 INFO  StreamGobblerLogger - stderr.env: ‘interestingness_test’: No such file or directory
19:52:29.837 INFO  ExecHelper - Result: 127
19:52:29.837 INFO  CustomFileJudge - Custom file judge result: 127
19:52:29.837 INFO  ReductionDriver - Result from initial state is not interesting (attempt 2)
19:52:29.846 INFO  ExecHelper - interestingness_test /opt/reduce/rtx_4070/syn_memory_converge_atomic/variant_821.comp reduction_results/rtx_4070/syn_memory_converge_atomic/variant_821/variant_821.json
19:52:29.847 INFO  StreamGobblerLogger - stderr.env: ‘interestingness_test’: No such file or directory
19:52:29.848 INFO  ExecHelper - Result: 127
19:52:29.848 INFO  CustomFileJudge - Custom file judge result: 127
19:52:29.848 INFO  ReductionDriver - Result from initial state is not interesting (attempt 3)
19:52:29.857 INFO  ExecHelper - interestingness_test /opt/reduce/rtx_4070/syn_memory_converge_atomic/variant_821.comp reduction_results/rtx_4070/syn_memory_converge_atomic/variant_821/variant_821.json
19:52:29.857 INFO  StreamGobblerLogger - stderr.env: ‘interestingness_test’: No such file or directory
19:52:29.858 INFO  ExecHelper - Result: 127
19:52:29.858 INFO  CustomFileJudge - Custom file judge result: 127
19:52:29.858 INFO  ReductionDriver - Result from initial state is not interesting (attempt 4)
19:52:29.866 INFO  ExecHelper - interestingness_test /opt/reduce/rtx_4070/syn_memory_converge_atomic/variant_821.comp reduction_results/rtx_4070/syn_memory_converge_atomic/variant_821/variant_821.json
19:52:29.867 INFO  StreamGobblerLogger - stderr.env: ‘interestingness_test’: No such file or directory
19:52:29.867 INFO  ExecHelper - Result: 127
19:52:29.867 INFO  CustomFileJudge - Custom file judge result: 127
19:52:29.867 INFO  ReductionDriver - Result from initial state is not interesting (attempt 5)
19:52:29.867 INFO  ReductionDriver - Tried 5 times; stopping.
Reduction command: java -ea -cp /opt/graphicsfuzz/graphicsfuzz/target/graphicsfuzz/python/drivers/../../jar/tool-1.0.jar com.graphicsfuzz.reducer.tool.GlslReduce /opt/reduce/rtx_4070/syn_memory_converge_atomic/variant_821.json interestingness_test --output reduction_results/rtx_4070/syn_memory_converge_atomic/variant_821 /opt/reduce/rtx_4070/syn_memory_converge_atomic/variant_821.comp
