18:50:31.486 INFO  ExecHelper - /opt/graphicsfuzz/graphicsfuzz/target/graphicsfuzz/bin/Linux/glslangValidator -E --stdin -S comp
18:50:31.534 INFO  ExecHelper - Result: 0
18:50:31.635 INFO  ReductionDriver - Starting reduction for variant_036
18:50:31.647 INFO  ExecHelper - interestingness_test /opt/reduce/intel_iris_xe_graphics/syn_memory_converge/variant_036.comp reduction_results/intel_iris_xe_graphics/syn_memory_converge/variant_036/variant_036.json
18:50:31.648 INFO  StreamGobblerLogger - stderr.env: ‘interestingness_test’: No such file or directory
18:50:31.649 INFO  ExecHelper - Result: 127
18:50:31.649 INFO  CustomFileJudge - Custom file judge result: 127
18:50:31.649 INFO  ReductionDriver - Result from initial state is not interesting (attempt 1)
18:50:31.651 INFO  ExecHelper - interestingness_test /opt/reduce/intel_iris_xe_graphics/syn_memory_converge/variant_036.comp reduction_results/intel_iris_xe_graphics/syn_memory_converge/variant_036/variant_036.json
18:50:31.652 INFO  StreamGobblerLogger - stderr.env: ‘interestingness_test’: No such file or directory
18:50:31.653 INFO  ExecHelper - Result: 127
18:50:31.653 INFO  CustomFileJudge - Custom file judge result: 127
18:50:31.653 INFO  ReductionDriver - Result from initial state is not interesting (attempt 2)
18:50:31.655 INFO  ExecHelper - interestingness_test /opt/reduce/intel_iris_xe_graphics/syn_memory_converge/variant_036.comp reduction_results/intel_iris_xe_graphics/syn_memory_converge/variant_036/variant_036.json
18:50:31.656 INFO  StreamGobblerLogger - stderr.env: ‘interestingness_test’: No such file or directory
18:50:31.656 INFO  ExecHelper - Result: 127
18:50:31.656 INFO  CustomFileJudge - Custom file judge result: 127
18:50:31.656 INFO  ReductionDriver - Result from initial state is not interesting (attempt 3)
18:50:31.658 INFO  ExecHelper - interestingness_test /opt/reduce/intel_iris_xe_graphics/syn_memory_converge/variant_036.comp reduction_results/intel_iris_xe_graphics/syn_memory_converge/variant_036/variant_036.json
18:50:31.659 INFO  StreamGobblerLogger - stderr.env: ‘interestingness_test’: No such file or directory
18:50:31.660 INFO  ExecHelper - Result: 127
18:50:31.660 INFO  CustomFileJudge - Custom file judge result: 127
18:50:31.660 INFO  ReductionDriver - Result from initial state is not interesting (attempt 4)
18:50:31.662 INFO  ExecHelper - interestingness_test /opt/reduce/intel_iris_xe_graphics/syn_memory_converge/variant_036.comp reduction_results/intel_iris_xe_graphics/syn_memory_converge/variant_036/variant_036.json
18:50:31.663 INFO  StreamGobblerLogger - stderr.env: ‘interestingness_test’: No such file or directory
18:50:31.663 INFO  ExecHelper - Result: 127
18:50:31.663 INFO  CustomFileJudge - Custom file judge result: 127
18:50:31.663 INFO  ReductionDriver - Result from initial state is not interesting (attempt 5)
18:50:31.663 INFO  ReductionDriver - Tried 5 times; stopping.
Reduction command: java -ea -cp /opt/graphicsfuzz/graphicsfuzz/target/graphicsfuzz/python/drivers/../../jar/tool-1.0.jar com.graphicsfuzz.reducer.tool.GlslReduce /opt/reduce/intel_iris_xe_graphics/syn_memory_converge/variant_036.json interestingness_test --output reduction_results/intel_iris_xe_graphics/syn_memory_converge/variant_036 /opt/reduce/intel_iris_xe_graphics/syn_memory_converge/variant_036.comp
