18:42:30.211 INFO  ExecHelper - /opt/graphicsfuzz/graphicsfuzz/target/graphicsfuzz/bin/Linux/glslangValidator -E --stdin -S comp
18:42:30.268 INFO  ExecHelper - Result: 0
18:42:32.280 INFO  ReductionDriver - Starting reduction for variant_965
18:42:32.418 INFO  ExecHelper - interestingness_test /opt/reduce/cezanne_radeon_vega/syn_subgroup_op_relax/variant_965.comp reduction_results/cezanne_radeon_vega/syn_subgroup_op_relax/variant_965/variant_965.json
18:42:32.420 INFO  StreamGobblerLogger - stderr.env: ‘interestingness_test’: No such file or directory
18:42:32.420 INFO  ExecHelper - Result: 127
18:42:32.420 INFO  CustomFileJudge - Custom file judge result: 127
18:42:32.420 INFO  ReductionDriver - Result from initial state is not interesting (attempt 1)
18:42:32.602 INFO  ExecHelper - interestingness_test /opt/reduce/cezanne_radeon_vega/syn_subgroup_op_relax/variant_965.comp reduction_results/cezanne_radeon_vega/syn_subgroup_op_relax/variant_965/variant_965.json
18:42:32.604 INFO  StreamGobblerLogger - stderr.env: ‘interestingness_test’: No such file or directory
18:42:32.604 INFO  ExecHelper - Result: 127
18:42:32.605 INFO  CustomFileJudge - Custom file judge result: 127
18:42:32.605 INFO  ReductionDriver - Result from initial state is not interesting (attempt 2)
18:42:32.726 INFO  ExecHelper - interestingness_test /opt/reduce/cezanne_radeon_vega/syn_subgroup_op_relax/variant_965.comp reduction_results/cezanne_radeon_vega/syn_subgroup_op_relax/variant_965/variant_965.json
18:42:32.728 INFO  StreamGobblerLogger - stderr.env: ‘interestingness_test’: No such file or directory
18:42:32.728 INFO  ExecHelper - Result: 127
18:42:32.729 INFO  CustomFileJudge - Custom file judge result: 127
18:42:32.729 INFO  ReductionDriver - Result from initial state is not interesting (attempt 3)
18:42:32.848 INFO  ExecHelper - interestingness_test /opt/reduce/cezanne_radeon_vega/syn_subgroup_op_relax/variant_965.comp reduction_results/cezanne_radeon_vega/syn_subgroup_op_relax/variant_965/variant_965.json
18:42:32.850 INFO  StreamGobblerLogger - stderr.env: ‘interestingness_test’: No such file or directory
18:42:32.851 INFO  ExecHelper - Result: 127
18:42:32.851 INFO  CustomFileJudge - Custom file judge result: 127
18:42:32.851 INFO  ReductionDriver - Result from initial state is not interesting (attempt 4)
18:42:32.970 INFO  ExecHelper - interestingness_test /opt/reduce/cezanne_radeon_vega/syn_subgroup_op_relax/variant_965.comp reduction_results/cezanne_radeon_vega/syn_subgroup_op_relax/variant_965/variant_965.json
18:42:32.972 INFO  StreamGobblerLogger - stderr.env: ‘interestingness_test’: No such file or directory
18:42:32.972 INFO  ExecHelper - Result: 127
18:42:32.972 INFO  CustomFileJudge - Custom file judge result: 127
18:42:32.973 INFO  ReductionDriver - Result from initial state is not interesting (attempt 5)
18:42:32.973 INFO  ReductionDriver - Tried 5 times; stopping.
Reduction command: java -ea -cp /opt/graphicsfuzz/graphicsfuzz/target/graphicsfuzz/python/drivers/../../jar/tool-1.0.jar com.graphicsfuzz.reducer.tool.GlslReduce /opt/reduce/cezanne_radeon_vega/syn_subgroup_op_relax/variant_965.json interestingness_test --output reduction_results/cezanne_radeon_vega/syn_subgroup_op_relax/variant_965 /opt/reduce/cezanne_radeon_vega/syn_subgroup_op_relax/variant_965.comp
