19:42:10.575 INFO  ExecHelper - /opt/graphicsfuzz/graphicsfuzz/target/graphicsfuzz/bin/Linux/glslangValidator -E --stdin -S comp
19:42:10.627 INFO  ExecHelper - Result: 0
19:42:10.709 INFO  ReductionDriver - Starting reduction for variant_139
19:42:10.719 INFO  ExecHelper - interestingness_test /opt/reduce/rtx_4070/syn_memory_converge_atomic/variant_139.comp reduction_results/rtx_4070/syn_memory_converge_atomic/variant_139/variant_139.json
19:42:10.720 INFO  StreamGobblerLogger - stderr.env: ‘interestingness_test’: No such file or directory
19:42:10.720 INFO  ExecHelper - Result: 127
19:42:10.720 INFO  CustomFileJudge - Custom file judge result: 127
19:42:10.721 INFO  ReductionDriver - Result from initial state is not interesting (attempt 1)
19:42:10.725 INFO  ExecHelper - interestingness_test /opt/reduce/rtx_4070/syn_memory_converge_atomic/variant_139.comp reduction_results/rtx_4070/syn_memory_converge_atomic/variant_139/variant_139.json
19:42:10.727 INFO  StreamGobblerLogger - stderr.env: ‘interestingness_test’: No such file or directory
19:42:10.727 INFO  ExecHelper - Result: 127
19:42:10.727 INFO  CustomFileJudge - Custom file judge result: 127
19:42:10.727 INFO  ReductionDriver - Result from initial state is not interesting (attempt 2)
19:42:10.731 INFO  ExecHelper - interestingness_test /opt/reduce/rtx_4070/syn_memory_converge_atomic/variant_139.comp reduction_results/rtx_4070/syn_memory_converge_atomic/variant_139/variant_139.json
19:42:10.732 INFO  StreamGobblerLogger - stderr.env: ‘interestingness_test’: No such file or directory
19:42:10.733 INFO  ExecHelper - Result: 127
19:42:10.733 INFO  CustomFileJudge - Custom file judge result: 127
19:42:10.733 INFO  ReductionDriver - Result from initial state is not interesting (attempt 3)
19:42:10.737 INFO  ExecHelper - interestingness_test /opt/reduce/rtx_4070/syn_memory_converge_atomic/variant_139.comp reduction_results/rtx_4070/syn_memory_converge_atomic/variant_139/variant_139.json
19:42:10.738 INFO  StreamGobblerLogger - stderr.env: ‘interestingness_test’: No such file or directory
19:42:10.739 INFO  ExecHelper - Result: 127
19:42:10.739 INFO  CustomFileJudge - Custom file judge result: 127
19:42:10.739 INFO  ReductionDriver - Result from initial state is not interesting (attempt 4)
19:42:10.742 INFO  ExecHelper - interestingness_test /opt/reduce/rtx_4070/syn_memory_converge_atomic/variant_139.comp reduction_results/rtx_4070/syn_memory_converge_atomic/variant_139/variant_139.json
19:42:10.743 INFO  StreamGobblerLogger - stderr.env: ‘interestingness_test’: No such file or directory
19:42:10.743 INFO  ExecHelper - Result: 127
19:42:10.743 INFO  CustomFileJudge - Custom file judge result: 127
19:42:10.743 INFO  ReductionDriver - Result from initial state is not interesting (attempt 5)
19:42:10.743 INFO  ReductionDriver - Tried 5 times; stopping.
Reduction command: java -ea -cp /opt/graphicsfuzz/graphicsfuzz/target/graphicsfuzz/python/drivers/../../jar/tool-1.0.jar com.graphicsfuzz.reducer.tool.GlslReduce /opt/reduce/rtx_4070/syn_memory_converge_atomic/variant_139.json interestingness_test --output reduction_results/rtx_4070/syn_memory_converge_atomic/variant_139 /opt/reduce/rtx_4070/syn_memory_converge_atomic/variant_139.comp
