19:14:48.925 INFO  ExecHelper - /opt/graphicsfuzz/graphicsfuzz/target/graphicsfuzz/bin/Linux/glslangValidator -E --stdin -S comp
19:14:48.982 INFO  ExecHelper - Result: 0
19:14:49.284 INFO  ReductionDriver - Starting reduction for variant_716
19:14:49.387 INFO  ExecHelper - interestingness_test /opt/reduce/intel_iris_xe_graphics/syn_memory_converge_atomic/variant_716.comp reduction_results/intel_iris_xe_graphics/syn_memory_converge_atomic/variant_716/variant_716.json
19:14:49.389 INFO  StreamGobblerLogger - stderr.env: ‘interestingness_test’: No such file or directory
19:14:49.390 INFO  ExecHelper - Result: 127
19:14:49.390 INFO  CustomFileJudge - Custom file judge result: 127
19:14:49.390 INFO  ReductionDriver - Result from initial state is not interesting (attempt 1)
19:14:49.476 INFO  ExecHelper - interestingness_test /opt/reduce/intel_iris_xe_graphics/syn_memory_converge_atomic/variant_716.comp reduction_results/intel_iris_xe_graphics/syn_memory_converge_atomic/variant_716/variant_716.json
19:14:49.477 INFO  StreamGobblerLogger - stderr.env: ‘interestingness_test’: No such file or directory
19:14:49.478 INFO  ExecHelper - Result: 127
19:14:49.478 INFO  CustomFileJudge - Custom file judge result: 127
19:14:49.478 INFO  ReductionDriver - Result from initial state is not interesting (attempt 2)
19:14:49.559 INFO  ExecHelper - interestingness_test /opt/reduce/intel_iris_xe_graphics/syn_memory_converge_atomic/variant_716.comp reduction_results/intel_iris_xe_graphics/syn_memory_converge_atomic/variant_716/variant_716.json
19:14:49.560 INFO  StreamGobblerLogger - stderr.env: ‘interestingness_test’: No such file or directory
19:14:49.561 INFO  ExecHelper - Result: 127
19:14:49.561 INFO  CustomFileJudge - Custom file judge result: 127
19:14:49.561 INFO  ReductionDriver - Result from initial state is not interesting (attempt 3)
19:14:49.640 INFO  ExecHelper - interestingness_test /opt/reduce/intel_iris_xe_graphics/syn_memory_converge_atomic/variant_716.comp reduction_results/intel_iris_xe_graphics/syn_memory_converge_atomic/variant_716/variant_716.json
19:14:49.641 INFO  StreamGobblerLogger - stderr.env: ‘interestingness_test’: No such file or directory
19:14:49.642 INFO  ExecHelper - Result: 127
19:14:49.642 INFO  CustomFileJudge - Custom file judge result: 127
19:14:49.642 INFO  ReductionDriver - Result from initial state is not interesting (attempt 4)
19:14:49.721 INFO  ExecHelper - interestingness_test /opt/reduce/intel_iris_xe_graphics/syn_memory_converge_atomic/variant_716.comp reduction_results/intel_iris_xe_graphics/syn_memory_converge_atomic/variant_716/variant_716.json
19:14:49.722 INFO  StreamGobblerLogger - stderr.env: ‘interestingness_test’: No such file or directory
19:14:49.723 INFO  ExecHelper - Result: 127
19:14:49.723 INFO  CustomFileJudge - Custom file judge result: 127
19:14:49.723 INFO  ReductionDriver - Result from initial state is not interesting (attempt 5)
19:14:49.723 INFO  ReductionDriver - Tried 5 times; stopping.
Reduction command: java -ea -cp /opt/graphicsfuzz/graphicsfuzz/target/graphicsfuzz/python/drivers/../../jar/tool-1.0.jar com.graphicsfuzz.reducer.tool.GlslReduce /opt/reduce/intel_iris_xe_graphics/syn_memory_converge_atomic/variant_716.json interestingness_test --output reduction_results/intel_iris_xe_graphics/syn_memory_converge_atomic/variant_716 /opt/reduce/intel_iris_xe_graphics/syn_memory_converge_atomic/variant_716.comp
