18:40:20.802 INFO  ExecHelper - /opt/graphicsfuzz/graphicsfuzz/target/graphicsfuzz/bin/Linux/glslangValidator -E --stdin -S comp
18:40:20.857 INFO  ExecHelper - Result: 0
18:40:21.127 INFO  ReductionDriver - Starting reduction for variant_928
18:40:21.202 INFO  ExecHelper - interestingness_test /opt/reduce/cezanne_radeon_vega/syn_memory_converge_atomic/variant_928.comp reduction_results/cezanne_radeon_vega/syn_memory_converge_atomic/variant_928/variant_928.json
18:40:21.204 INFO  StreamGobblerLogger - stderr.env: ‘interestingness_test’: No such file or directory
18:40:21.204 INFO  ExecHelper - Result: 127
18:40:21.204 INFO  CustomFileJudge - Custom file judge result: 127
18:40:21.204 INFO  ReductionDriver - Result from initial state is not interesting (attempt 1)
18:40:21.259 INFO  ExecHelper - interestingness_test /opt/reduce/cezanne_radeon_vega/syn_memory_converge_atomic/variant_928.comp reduction_results/cezanne_radeon_vega/syn_memory_converge_atomic/variant_928/variant_928.json
18:40:21.261 INFO  StreamGobblerLogger - stderr.env: ‘interestingness_test’: No such file or directory
18:40:21.261 INFO  ExecHelper - Result: 127
18:40:21.262 INFO  CustomFileJudge - Custom file judge result: 127
18:40:21.262 INFO  ReductionDriver - Result from initial state is not interesting (attempt 2)
18:40:21.313 INFO  ExecHelper - interestingness_test /opt/reduce/cezanne_radeon_vega/syn_memory_converge_atomic/variant_928.comp reduction_results/cezanne_radeon_vega/syn_memory_converge_atomic/variant_928/variant_928.json
18:40:21.314 INFO  StreamGobblerLogger - stderr.env: ‘interestingness_test’: No such file or directory
18:40:21.314 INFO  ExecHelper - Result: 127
18:40:21.315 INFO  CustomFileJudge - Custom file judge result: 127
18:40:21.315 INFO  ReductionDriver - Result from initial state is not interesting (attempt 3)
18:40:21.375 INFO  ExecHelper - interestingness_test /opt/reduce/cezanne_radeon_vega/syn_memory_converge_atomic/variant_928.comp reduction_results/cezanne_radeon_vega/syn_memory_converge_atomic/variant_928/variant_928.json
18:40:21.376 INFO  StreamGobblerLogger - stderr.env: ‘interestingness_test’: No such file or directory
18:40:21.377 INFO  ExecHelper - Result: 127
18:40:21.377 INFO  CustomFileJudge - Custom file judge result: 127
18:40:21.377 INFO  ReductionDriver - Result from initial state is not interesting (attempt 4)
18:40:21.430 INFO  ExecHelper - interestingness_test /opt/reduce/cezanne_radeon_vega/syn_memory_converge_atomic/variant_928.comp reduction_results/cezanne_radeon_vega/syn_memory_converge_atomic/variant_928/variant_928.json
18:40:21.431 INFO  StreamGobblerLogger - stderr.env: ‘interestingness_test’: No such file or directory
18:40:21.432 INFO  ExecHelper - Result: 127
18:40:21.432 INFO  CustomFileJudge - Custom file judge result: 127
18:40:21.432 INFO  ReductionDriver - Result from initial state is not interesting (attempt 5)
18:40:21.432 INFO  ReductionDriver - Tried 5 times; stopping.
Reduction command: java -ea -cp /opt/graphicsfuzz/graphicsfuzz/target/graphicsfuzz/python/drivers/../../jar/tool-1.0.jar com.graphicsfuzz.reducer.tool.GlslReduce /opt/reduce/cezanne_radeon_vega/syn_memory_converge_atomic/variant_928.json interestingness_test --output reduction_results/cezanne_radeon_vega/syn_memory_converge_atomic/variant_928 /opt/reduce/cezanne_radeon_vega/syn_memory_converge_atomic/variant_928.comp
