18:50:30.427 INFO  ExecHelper - /opt/graphicsfuzz/graphicsfuzz/target/graphicsfuzz/bin/Linux/glslangValidator -E --stdin -S comp
18:50:30.476 INFO  ExecHelper - Result: 0
18:50:30.570 INFO  ReductionDriver - Starting reduction for variant_034
18:50:30.588 INFO  ExecHelper - interestingness_test /opt/reduce/intel_iris_xe_graphics/syn_memory_converge/variant_034.comp reduction_results/intel_iris_xe_graphics/syn_memory_converge/variant_034/variant_034.json
18:50:30.590 INFO  StreamGobblerLogger - stderr.env: ‘interestingness_test’: No such file or directory
18:50:30.590 INFO  ExecHelper - Result: 127
18:50:30.590 INFO  CustomFileJudge - Custom file judge result: 127
18:50:30.590 INFO  ReductionDriver - Result from initial state is not interesting (attempt 1)
18:50:30.593 INFO  ExecHelper - interestingness_test /opt/reduce/intel_iris_xe_graphics/syn_memory_converge/variant_034.comp reduction_results/intel_iris_xe_graphics/syn_memory_converge/variant_034/variant_034.json
18:50:30.594 INFO  StreamGobblerLogger - stderr.env: ‘interestingness_test’: No such file or directory
18:50:30.594 INFO  ExecHelper - Result: 127
18:50:30.594 INFO  CustomFileJudge - Custom file judge result: 127
18:50:30.594 INFO  ReductionDriver - Result from initial state is not interesting (attempt 2)
18:50:30.596 INFO  ExecHelper - interestingness_test /opt/reduce/intel_iris_xe_graphics/syn_memory_converge/variant_034.comp reduction_results/intel_iris_xe_graphics/syn_memory_converge/variant_034/variant_034.json
18:50:30.597 INFO  StreamGobblerLogger - stderr.env: ‘interestingness_test’: No such file or directory
18:50:30.598 INFO  ExecHelper - Result: 127
18:50:30.598 INFO  CustomFileJudge - Custom file judge result: 127
18:50:30.598 INFO  ReductionDriver - Result from initial state is not interesting (attempt 3)
18:50:30.599 INFO  ExecHelper - interestingness_test /opt/reduce/intel_iris_xe_graphics/syn_memory_converge/variant_034.comp reduction_results/intel_iris_xe_graphics/syn_memory_converge/variant_034/variant_034.json
18:50:30.601 INFO  StreamGobblerLogger - stderr.env: ‘interestingness_test’: No such file or directory
18:50:30.601 INFO  ExecHelper - Result: 127
18:50:30.601 INFO  CustomFileJudge - Custom file judge result: 127
18:50:30.601 INFO  ReductionDriver - Result from initial state is not interesting (attempt 4)
18:50:30.603 INFO  ExecHelper - interestingness_test /opt/reduce/intel_iris_xe_graphics/syn_memory_converge/variant_034.comp reduction_results/intel_iris_xe_graphics/syn_memory_converge/variant_034/variant_034.json
18:50:30.604 INFO  StreamGobblerLogger - stderr.env: ‘interestingness_test’: No such file or directory
18:50:30.604 INFO  ExecHelper - Result: 127
18:50:30.605 INFO  CustomFileJudge - Custom file judge result: 127
18:50:30.605 INFO  ReductionDriver - Result from initial state is not interesting (attempt 5)
18:50:30.605 INFO  ReductionDriver - Tried 5 times; stopping.
Reduction command: java -ea -cp /opt/graphicsfuzz/graphicsfuzz/target/graphicsfuzz/python/drivers/../../jar/tool-1.0.jar com.graphicsfuzz.reducer.tool.GlslReduce /opt/reduce/intel_iris_xe_graphics/syn_memory_converge/variant_034.json interestingness_test --output reduction_results/intel_iris_xe_graphics/syn_memory_converge/variant_034 /opt/reduce/intel_iris_xe_graphics/syn_memory_converge/variant_034.comp
