18:42:06.708 INFO  ExecHelper - /opt/graphicsfuzz/graphicsfuzz/target/graphicsfuzz/bin/Linux/glslangValidator -E --stdin -S comp
18:42:06.781 INFO  ExecHelper - Result: 0
18:42:07.638 INFO  ReductionDriver - Starting reduction for variant_140
18:42:07.694 INFO  ExecHelper - interestingness_test /opt/reduce/cezanne_radeon_vega/syn_subgroup_op_relax/variant_140.comp reduction_results/cezanne_radeon_vega/syn_subgroup_op_relax/variant_140/variant_140.json
18:42:07.696 INFO  StreamGobblerLogger - stderr.env: ‘interestingness_test’: No such file or directory
18:42:07.696 INFO  ExecHelper - Result: 127
18:42:07.696 INFO  CustomFileJudge - Custom file judge result: 127
18:42:07.696 INFO  ReductionDriver - Result from initial state is not interesting (attempt 1)
18:42:07.739 INFO  ExecHelper - interestingness_test /opt/reduce/cezanne_radeon_vega/syn_subgroup_op_relax/variant_140.comp reduction_results/cezanne_radeon_vega/syn_subgroup_op_relax/variant_140/variant_140.json
18:42:07.741 INFO  StreamGobblerLogger - stderr.env: ‘interestingness_test’: No such file or directory
18:42:07.742 INFO  ExecHelper - Result: 127
18:42:07.742 INFO  CustomFileJudge - Custom file judge result: 127
18:42:07.742 INFO  ReductionDriver - Result from initial state is not interesting (attempt 2)
18:42:07.781 INFO  ExecHelper - interestingness_test /opt/reduce/cezanne_radeon_vega/syn_subgroup_op_relax/variant_140.comp reduction_results/cezanne_radeon_vega/syn_subgroup_op_relax/variant_140/variant_140.json
18:42:07.783 INFO  StreamGobblerLogger - stderr.env: ‘interestingness_test’: No such file or directory
18:42:07.783 INFO  ExecHelper - Result: 127
18:42:07.784 INFO  CustomFileJudge - Custom file judge result: 127
18:42:07.784 INFO  ReductionDriver - Result from initial state is not interesting (attempt 3)
18:42:07.820 INFO  ExecHelper - interestingness_test /opt/reduce/cezanne_radeon_vega/syn_subgroup_op_relax/variant_140.comp reduction_results/cezanne_radeon_vega/syn_subgroup_op_relax/variant_140/variant_140.json
18:42:07.822 INFO  StreamGobblerLogger - stderr.env: ‘interestingness_test’: No such file or directory
18:42:07.822 INFO  ExecHelper - Result: 127
18:42:07.823 INFO  CustomFileJudge - Custom file judge result: 127
18:42:07.823 INFO  ReductionDriver - Result from initial state is not interesting (attempt 4)
18:42:07.859 INFO  ExecHelper - interestingness_test /opt/reduce/cezanne_radeon_vega/syn_subgroup_op_relax/variant_140.comp reduction_results/cezanne_radeon_vega/syn_subgroup_op_relax/variant_140/variant_140.json
18:42:07.861 INFO  StreamGobblerLogger - stderr.env: ‘interestingness_test’: No such file or directory
18:42:07.861 INFO  ExecHelper - Result: 127
18:42:07.861 INFO  CustomFileJudge - Custom file judge result: 127
18:42:07.861 INFO  ReductionDriver - Result from initial state is not interesting (attempt 5)
18:42:07.861 INFO  ReductionDriver - Tried 5 times; stopping.
Reduction command: java -ea -cp /opt/graphicsfuzz/graphicsfuzz/target/graphicsfuzz/python/drivers/../../jar/tool-1.0.jar com.graphicsfuzz.reducer.tool.GlslReduce /opt/reduce/cezanne_radeon_vega/syn_subgroup_op_relax/variant_140.json interestingness_test --output reduction_results/cezanne_radeon_vega/syn_subgroup_op_relax/variant_140 /opt/reduce/cezanne_radeon_vega/syn_subgroup_op_relax/variant_140.comp
