19:50:47.047 INFO  ExecHelper - /opt/graphicsfuzz/graphicsfuzz/target/graphicsfuzz/bin/Linux/glslangValidator -E --stdin -S comp
19:50:47.098 INFO  ExecHelper - Result: 0
19:50:47.372 INFO  ReductionDriver - Starting reduction for variant_710
19:50:47.440 INFO  ExecHelper - interestingness_test /opt/reduce/rtx_4070/syn_memory_converge_atomic/variant_710.comp reduction_results/rtx_4070/syn_memory_converge_atomic/variant_710/variant_710.json
19:50:47.442 INFO  StreamGobblerLogger - stderr.env: ‘interestingness_test’: No such file or directory
19:50:47.442 INFO  ExecHelper - Result: 127
19:50:47.442 INFO  CustomFileJudge - Custom file judge result: 127
19:50:47.442 INFO  ReductionDriver - Result from initial state is not interesting (attempt 1)
19:50:47.489 INFO  ExecHelper - interestingness_test /opt/reduce/rtx_4070/syn_memory_converge_atomic/variant_710.comp reduction_results/rtx_4070/syn_memory_converge_atomic/variant_710/variant_710.json
19:50:47.490 INFO  StreamGobblerLogger - stderr.env: ‘interestingness_test’: No such file or directory
19:50:47.491 INFO  ExecHelper - Result: 127
19:50:47.491 INFO  CustomFileJudge - Custom file judge result: 127
19:50:47.491 INFO  ReductionDriver - Result from initial state is not interesting (attempt 2)
19:50:47.533 INFO  ExecHelper - interestingness_test /opt/reduce/rtx_4070/syn_memory_converge_atomic/variant_710.comp reduction_results/rtx_4070/syn_memory_converge_atomic/variant_710/variant_710.json
19:50:47.535 INFO  StreamGobblerLogger - stderr.env: ‘interestingness_test’: No such file or directory
19:50:47.536 INFO  ExecHelper - Result: 127
19:50:47.536 INFO  CustomFileJudge - Custom file judge result: 127
19:50:47.536 INFO  ReductionDriver - Result from initial state is not interesting (attempt 3)
19:50:47.577 INFO  ExecHelper - interestingness_test /opt/reduce/rtx_4070/syn_memory_converge_atomic/variant_710.comp reduction_results/rtx_4070/syn_memory_converge_atomic/variant_710/variant_710.json
19:50:47.578 INFO  StreamGobblerLogger - stderr.env: ‘interestingness_test’: No such file or directory
19:50:47.579 INFO  ExecHelper - Result: 127
19:50:47.579 INFO  CustomFileJudge - Custom file judge result: 127
19:50:47.579 INFO  ReductionDriver - Result from initial state is not interesting (attempt 4)
19:50:47.630 INFO  ExecHelper - interestingness_test /opt/reduce/rtx_4070/syn_memory_converge_atomic/variant_710.comp reduction_results/rtx_4070/syn_memory_converge_atomic/variant_710/variant_710.json
19:50:47.631 INFO  StreamGobblerLogger - stderr.env: ‘interestingness_test’: No such file or directory
19:50:47.632 INFO  ExecHelper - Result: 127
19:50:47.632 INFO  CustomFileJudge - Custom file judge result: 127
19:50:47.632 INFO  ReductionDriver - Result from initial state is not interesting (attempt 5)
19:50:47.632 INFO  ReductionDriver - Tried 5 times; stopping.
Reduction command: java -ea -cp /opt/graphicsfuzz/graphicsfuzz/target/graphicsfuzz/python/drivers/../../jar/tool-1.0.jar com.graphicsfuzz.reducer.tool.GlslReduce /opt/reduce/rtx_4070/syn_memory_converge_atomic/variant_710.json interestingness_test --output reduction_results/rtx_4070/syn_memory_converge_atomic/variant_710 /opt/reduce/rtx_4070/syn_memory_converge_atomic/variant_710.comp
