18:28:36.731 INFO  ExecHelper - /opt/graphicsfuzz/graphicsfuzz/target/graphicsfuzz/bin/Linux/glslangValidator -E --stdin -S comp
18:28:36.790 INFO  ExecHelper - Result: 0
18:28:37.088 INFO  ReductionDriver - Starting reduction for variant_102
18:28:37.198 INFO  ExecHelper - interestingness_test /opt/reduce/cezanne_radeon_vega/syn_memory_converge_atomic/variant_102.comp reduction_results/cezanne_radeon_vega/syn_memory_converge_atomic/variant_102/variant_102.json
18:28:37.200 INFO  StreamGobblerLogger - stderr.env: ‘interestingness_test’: No such file or directory
18:28:37.201 INFO  ExecHelper - Result: 127
18:28:37.201 INFO  CustomFileJudge - Custom file judge result: 127
18:28:37.201 INFO  ReductionDriver - Result from initial state is not interesting (attempt 1)
18:28:37.296 INFO  ExecHelper - interestingness_test /opt/reduce/cezanne_radeon_vega/syn_memory_converge_atomic/variant_102.comp reduction_results/cezanne_radeon_vega/syn_memory_converge_atomic/variant_102/variant_102.json
18:28:37.298 INFO  StreamGobblerLogger - stderr.env: ‘interestingness_test’: No such file or directory
18:28:37.298 INFO  ExecHelper - Result: 127
18:28:37.299 INFO  CustomFileJudge - Custom file judge result: 127
18:28:37.299 INFO  ReductionDriver - Result from initial state is not interesting (attempt 2)
18:28:37.390 INFO  ExecHelper - interestingness_test /opt/reduce/cezanne_radeon_vega/syn_memory_converge_atomic/variant_102.comp reduction_results/cezanne_radeon_vega/syn_memory_converge_atomic/variant_102/variant_102.json
18:28:37.392 INFO  StreamGobblerLogger - stderr.env: ‘interestingness_test’: No such file or directory
18:28:37.392 INFO  ExecHelper - Result: 127
18:28:37.392 INFO  CustomFileJudge - Custom file judge result: 127
18:28:37.392 INFO  ReductionDriver - Result from initial state is not interesting (attempt 3)
18:28:37.481 INFO  ExecHelper - interestingness_test /opt/reduce/cezanne_radeon_vega/syn_memory_converge_atomic/variant_102.comp reduction_results/cezanne_radeon_vega/syn_memory_converge_atomic/variant_102/variant_102.json
18:28:37.482 INFO  StreamGobblerLogger - stderr.env: ‘interestingness_test’: No such file or directory
18:28:37.483 INFO  ExecHelper - Result: 127
18:28:37.483 INFO  CustomFileJudge - Custom file judge result: 127
18:28:37.483 INFO  ReductionDriver - Result from initial state is not interesting (attempt 4)
18:28:37.571 INFO  ExecHelper - interestingness_test /opt/reduce/cezanne_radeon_vega/syn_memory_converge_atomic/variant_102.comp reduction_results/cezanne_radeon_vega/syn_memory_converge_atomic/variant_102/variant_102.json
18:28:37.572 INFO  StreamGobblerLogger - stderr.env: ‘interestingness_test’: No such file or directory
18:28:37.573 INFO  ExecHelper - Result: 127
18:28:37.573 INFO  CustomFileJudge - Custom file judge result: 127
18:28:37.573 INFO  ReductionDriver - Result from initial state is not interesting (attempt 5)
18:28:37.573 INFO  ReductionDriver - Tried 5 times; stopping.
Reduction command: java -ea -cp /opt/graphicsfuzz/graphicsfuzz/target/graphicsfuzz/python/drivers/../../jar/tool-1.0.jar com.graphicsfuzz.reducer.tool.GlslReduce /opt/reduce/cezanne_radeon_vega/syn_memory_converge_atomic/variant_102.json interestingness_test --output reduction_results/cezanne_radeon_vega/syn_memory_converge_atomic/variant_102 /opt/reduce/cezanne_radeon_vega/syn_memory_converge_atomic/variant_102.comp
