19:17:39.382 INFO  ExecHelper - /opt/graphicsfuzz/graphicsfuzz/target/graphicsfuzz/bin/Linux/glslangValidator -E --stdin -S comp
19:17:39.429 INFO  ExecHelper - Result: 0
19:17:39.529 INFO  ReductionDriver - Starting reduction for variant_907
19:17:39.540 INFO  ExecHelper - interestingness_test /opt/reduce/intel_iris_xe_graphics/syn_memory_converge_atomic/variant_907.comp reduction_results/intel_iris_xe_graphics/syn_memory_converge_atomic/variant_907/variant_907.json
19:17:39.541 INFO  StreamGobblerLogger - stderr.env: ‘interestingness_test’: No such file or directory
19:17:39.542 INFO  ExecHelper - Result: 127
19:17:39.542 INFO  CustomFileJudge - Custom file judge result: 127
19:17:39.542 INFO  ReductionDriver - Result from initial state is not interesting (attempt 1)
19:17:39.547 INFO  ExecHelper - interestingness_test /opt/reduce/intel_iris_xe_graphics/syn_memory_converge_atomic/variant_907.comp reduction_results/intel_iris_xe_graphics/syn_memory_converge_atomic/variant_907/variant_907.json
19:17:39.548 INFO  StreamGobblerLogger - stderr.env: ‘interestingness_test’: No such file or directory
19:17:39.549 INFO  ExecHelper - Result: 127
19:17:39.549 INFO  CustomFileJudge - Custom file judge result: 127
19:17:39.549 INFO  ReductionDriver - Result from initial state is not interesting (attempt 2)
19:17:39.554 INFO  ExecHelper - interestingness_test /opt/reduce/intel_iris_xe_graphics/syn_memory_converge_atomic/variant_907.comp reduction_results/intel_iris_xe_graphics/syn_memory_converge_atomic/variant_907/variant_907.json
19:17:39.555 INFO  StreamGobblerLogger - stderr.env: ‘interestingness_test’: No such file or directory
19:17:39.556 INFO  ExecHelper - Result: 127
19:17:39.556 INFO  CustomFileJudge - Custom file judge result: 127
19:17:39.556 INFO  ReductionDriver - Result from initial state is not interesting (attempt 3)
19:17:39.558 INFO  ExecHelper - interestingness_test /opt/reduce/intel_iris_xe_graphics/syn_memory_converge_atomic/variant_907.comp reduction_results/intel_iris_xe_graphics/syn_memory_converge_atomic/variant_907/variant_907.json
19:17:39.559 INFO  StreamGobblerLogger - stderr.env: ‘interestingness_test’: No such file or directory
19:17:39.560 INFO  ExecHelper - Result: 127
19:17:39.560 INFO  CustomFileJudge - Custom file judge result: 127
19:17:39.560 INFO  ReductionDriver - Result from initial state is not interesting (attempt 4)
19:17:39.563 INFO  ExecHelper - interestingness_test /opt/reduce/intel_iris_xe_graphics/syn_memory_converge_atomic/variant_907.comp reduction_results/intel_iris_xe_graphics/syn_memory_converge_atomic/variant_907/variant_907.json
19:17:39.564 INFO  StreamGobblerLogger - stderr.env: ‘interestingness_test’: No such file or directory
19:17:39.565 INFO  ExecHelper - Result: 127
19:17:39.565 INFO  CustomFileJudge - Custom file judge result: 127
19:17:39.565 INFO  ReductionDriver - Result from initial state is not interesting (attempt 5)
19:17:39.565 INFO  ReductionDriver - Tried 5 times; stopping.
Reduction command: java -ea -cp /opt/graphicsfuzz/graphicsfuzz/target/graphicsfuzz/python/drivers/../../jar/tool-1.0.jar com.graphicsfuzz.reducer.tool.GlslReduce /opt/reduce/intel_iris_xe_graphics/syn_memory_converge_atomic/variant_907.json interestingness_test --output reduction_results/intel_iris_xe_graphics/syn_memory_converge_atomic/variant_907 /opt/reduce/intel_iris_xe_graphics/syn_memory_converge_atomic/variant_907.comp
