19:03:21.780 INFO  ExecHelper - /opt/graphicsfuzz/graphicsfuzz/target/graphicsfuzz/bin/Linux/glslangValidator -E --stdin -S comp
19:03:21.834 INFO  ExecHelper - Result: 0
19:03:22.088 INFO  ReductionDriver - Starting reduction for variant_941
19:03:22.146 INFO  ExecHelper - interestingness_test /opt/reduce/intel_iris_xe_graphics/syn_memory_converge/variant_941.comp reduction_results/intel_iris_xe_graphics/syn_memory_converge/variant_941/variant_941.json
19:03:22.147 INFO  StreamGobblerLogger - stderr.env: ‘interestingness_test’: No such file or directory
19:03:22.147 INFO  ExecHelper - Result: 127
19:03:22.147 INFO  CustomFileJudge - Custom file judge result: 127
19:03:22.148 INFO  ReductionDriver - Result from initial state is not interesting (attempt 1)
19:03:22.191 INFO  ExecHelper - interestingness_test /opt/reduce/intel_iris_xe_graphics/syn_memory_converge/variant_941.comp reduction_results/intel_iris_xe_graphics/syn_memory_converge/variant_941/variant_941.json
19:03:22.193 INFO  StreamGobblerLogger - stderr.env: ‘interestingness_test’: No such file or directory
19:03:22.193 INFO  ExecHelper - Result: 127
19:03:22.193 INFO  CustomFileJudge - Custom file judge result: 127
19:03:22.193 INFO  ReductionDriver - Result from initial state is not interesting (attempt 2)
19:03:22.238 INFO  ExecHelper - interestingness_test /opt/reduce/intel_iris_xe_graphics/syn_memory_converge/variant_941.comp reduction_results/intel_iris_xe_graphics/syn_memory_converge/variant_941/variant_941.json
19:03:22.239 INFO  StreamGobblerLogger - stderr.env: ‘interestingness_test’: No such file or directory
19:03:22.240 INFO  ExecHelper - Result: 127
19:03:22.240 INFO  CustomFileJudge - Custom file judge result: 127
19:03:22.240 INFO  ReductionDriver - Result from initial state is not interesting (attempt 3)
19:03:22.290 INFO  ExecHelper - interestingness_test /opt/reduce/intel_iris_xe_graphics/syn_memory_converge/variant_941.comp reduction_results/intel_iris_xe_graphics/syn_memory_converge/variant_941/variant_941.json
19:03:22.291 INFO  StreamGobblerLogger - stderr.env: ‘interestingness_test’: No such file or directory
19:03:22.291 INFO  ExecHelper - Result: 127
19:03:22.292 INFO  CustomFileJudge - Custom file judge result: 127
19:03:22.292 INFO  ReductionDriver - Result from initial state is not interesting (attempt 4)
19:03:22.332 INFO  ExecHelper - interestingness_test /opt/reduce/intel_iris_xe_graphics/syn_memory_converge/variant_941.comp reduction_results/intel_iris_xe_graphics/syn_memory_converge/variant_941/variant_941.json
19:03:22.334 INFO  StreamGobblerLogger - stderr.env: ‘interestingness_test’: No such file or directory
19:03:22.334 INFO  ExecHelper - Result: 127
19:03:22.334 INFO  CustomFileJudge - Custom file judge result: 127
19:03:22.334 INFO  ReductionDriver - Result from initial state is not interesting (attempt 5)
19:03:22.335 INFO  ReductionDriver - Tried 5 times; stopping.
Reduction command: java -ea -cp /opt/graphicsfuzz/graphicsfuzz/target/graphicsfuzz/python/drivers/../../jar/tool-1.0.jar com.graphicsfuzz.reducer.tool.GlslReduce /opt/reduce/intel_iris_xe_graphics/syn_memory_converge/variant_941.json interestingness_test --output reduction_results/intel_iris_xe_graphics/syn_memory_converge/variant_941 /opt/reduce/intel_iris_xe_graphics/syn_memory_converge/variant_941.comp
