19:30:05.097 INFO  ExecHelper - /opt/graphicsfuzz/graphicsfuzz/target/graphicsfuzz/bin/Linux/glslangValidator -E --stdin -S comp
19:30:05.159 INFO  ExecHelper - Result: 0
19:30:05.469 INFO  ReductionDriver - Starting reduction for variant_278
19:30:05.595 INFO  ExecHelper - interestingness_test /opt/reduce/rtx_4070/syn_memory_converge/variant_278.comp reduction_results/rtx_4070/syn_memory_converge/variant_278/variant_278.json
19:30:05.598 INFO  StreamGobblerLogger - stderr.env: ‘interestingness_test’: No such file or directory
19:30:05.598 INFO  ExecHelper - Result: 127
19:30:05.598 INFO  CustomFileJudge - Custom file judge result: 127
19:30:05.598 INFO  ReductionDriver - Result from initial state is not interesting (attempt 1)
19:30:05.694 INFO  ExecHelper - interestingness_test /opt/reduce/rtx_4070/syn_memory_converge/variant_278.comp reduction_results/rtx_4070/syn_memory_converge/variant_278/variant_278.json
19:30:05.696 INFO  StreamGobblerLogger - stderr.env: ‘interestingness_test’: No such file or directory
19:30:05.697 INFO  ExecHelper - Result: 127
19:30:05.697 INFO  CustomFileJudge - Custom file judge result: 127
19:30:05.697 INFO  ReductionDriver - Result from initial state is not interesting (attempt 2)
19:30:05.788 INFO  ExecHelper - interestingness_test /opt/reduce/rtx_4070/syn_memory_converge/variant_278.comp reduction_results/rtx_4070/syn_memory_converge/variant_278/variant_278.json
19:30:05.790 INFO  StreamGobblerLogger - stderr.env: ‘interestingness_test’: No such file or directory
19:30:05.791 INFO  ExecHelper - Result: 127
19:30:05.791 INFO  CustomFileJudge - Custom file judge result: 127
19:30:05.791 INFO  ReductionDriver - Result from initial state is not interesting (attempt 3)
19:30:05.880 INFO  ExecHelper - interestingness_test /opt/reduce/rtx_4070/syn_memory_converge/variant_278.comp reduction_results/rtx_4070/syn_memory_converge/variant_278/variant_278.json
19:30:05.881 INFO  StreamGobblerLogger - stderr.env: ‘interestingness_test’: No such file or directory
19:30:05.882 INFO  ExecHelper - Result: 127
19:30:05.882 INFO  CustomFileJudge - Custom file judge result: 127
19:30:05.882 INFO  ReductionDriver - Result from initial state is not interesting (attempt 4)
19:30:05.971 INFO  ExecHelper - interestingness_test /opt/reduce/rtx_4070/syn_memory_converge/variant_278.comp reduction_results/rtx_4070/syn_memory_converge/variant_278/variant_278.json
19:30:05.973 INFO  StreamGobblerLogger - stderr.env: ‘interestingness_test’: No such file or directory
19:30:05.973 INFO  ExecHelper - Result: 127
19:30:05.973 INFO  CustomFileJudge - Custom file judge result: 127
19:30:05.973 INFO  ReductionDriver - Result from initial state is not interesting (attempt 5)
19:30:05.973 INFO  ReductionDriver - Tried 5 times; stopping.
Reduction command: java -ea -cp /opt/graphicsfuzz/graphicsfuzz/target/graphicsfuzz/python/drivers/../../jar/tool-1.0.jar com.graphicsfuzz.reducer.tool.GlslReduce /opt/reduce/rtx_4070/syn_memory_converge/variant_278.json interestingness_test --output reduction_results/rtx_4070/syn_memory_converge/variant_278 /opt/reduce/rtx_4070/syn_memory_converge/variant_278.comp
