18:37:58.650 INFO  ExecHelper - /opt/graphicsfuzz/graphicsfuzz/target/graphicsfuzz/bin/Linux/glslangValidator -E --stdin -S comp
18:37:58.706 INFO  ExecHelper - Result: 0
18:37:59.087 INFO  ReductionDriver - Starting reduction for variant_756
18:37:59.183 INFO  ExecHelper - interestingness_test /opt/reduce/cezanne_radeon_vega/syn_memory_converge_atomic/variant_756.comp reduction_results/cezanne_radeon_vega/syn_memory_converge_atomic/variant_756/variant_756.json
18:37:59.184 INFO  StreamGobblerLogger - stderr.env: ‘interestingness_test’: No such file or directory
18:37:59.185 INFO  ExecHelper - Result: 127
18:37:59.185 INFO  CustomFileJudge - Custom file judge result: 127
18:37:59.185 INFO  ReductionDriver - Result from initial state is not interesting (attempt 1)
18:37:59.271 INFO  ExecHelper - interestingness_test /opt/reduce/cezanne_radeon_vega/syn_memory_converge_atomic/variant_756.comp reduction_results/cezanne_radeon_vega/syn_memory_converge_atomic/variant_756/variant_756.json
18:37:59.278 INFO  StreamGobblerLogger - stderr.env: ‘interestingness_test’: No such file or directory
18:37:59.279 INFO  ExecHelper - Result: 127
18:37:59.279 INFO  CustomFileJudge - Custom file judge result: 127
18:37:59.279 INFO  ReductionDriver - Result from initial state is not interesting (attempt 2)
18:37:59.360 INFO  ExecHelper - interestingness_test /opt/reduce/cezanne_radeon_vega/syn_memory_converge_atomic/variant_756.comp reduction_results/cezanne_radeon_vega/syn_memory_converge_atomic/variant_756/variant_756.json
18:37:59.361 INFO  StreamGobblerLogger - stderr.env: ‘interestingness_test’: No such file or directory
18:37:59.362 INFO  ExecHelper - Result: 127
18:37:59.362 INFO  CustomFileJudge - Custom file judge result: 127
18:37:59.362 INFO  ReductionDriver - Result from initial state is not interesting (attempt 3)
18:37:59.447 INFO  ExecHelper - interestingness_test /opt/reduce/cezanne_radeon_vega/syn_memory_converge_atomic/variant_756.comp reduction_results/cezanne_radeon_vega/syn_memory_converge_atomic/variant_756/variant_756.json
18:37:59.448 INFO  StreamGobblerLogger - stderr.env: ‘interestingness_test’: No such file or directory
18:37:59.449 INFO  ExecHelper - Result: 127
18:37:59.449 INFO  CustomFileJudge - Custom file judge result: 127
18:37:59.449 INFO  ReductionDriver - Result from initial state is not interesting (attempt 4)
18:37:59.525 INFO  ExecHelper - interestingness_test /opt/reduce/cezanne_radeon_vega/syn_memory_converge_atomic/variant_756.comp reduction_results/cezanne_radeon_vega/syn_memory_converge_atomic/variant_756/variant_756.json
18:37:59.526 INFO  StreamGobblerLogger - stderr.env: ‘interestingness_test’: No such file or directory
18:37:59.526 INFO  ExecHelper - Result: 127
18:37:59.526 INFO  CustomFileJudge - Custom file judge result: 127
18:37:59.526 INFO  ReductionDriver - Result from initial state is not interesting (attempt 5)
18:37:59.526 INFO  ReductionDriver - Tried 5 times; stopping.
Reduction command: java -ea -cp /opt/graphicsfuzz/graphicsfuzz/target/graphicsfuzz/python/drivers/../../jar/tool-1.0.jar com.graphicsfuzz.reducer.tool.GlslReduce /opt/reduce/cezanne_radeon_vega/syn_memory_converge_atomic/variant_756.json interestingness_test --output reduction_results/cezanne_radeon_vega/syn_memory_converge_atomic/variant_756 /opt/reduce/cezanne_radeon_vega/syn_memory_converge_atomic/variant_756.comp
