19:13:45.801 INFO  ExecHelper - /opt/graphicsfuzz/graphicsfuzz/target/graphicsfuzz/bin/Linux/glslangValidator -E --stdin -S comp
19:13:45.864 INFO  ExecHelper - Result: 0
19:13:46.362 INFO  ReductionDriver - Starting reduction for variant_659
19:13:46.533 INFO  ExecHelper - interestingness_test /opt/reduce/intel_iris_xe_graphics/syn_memory_converge_atomic/variant_659.comp reduction_results/intel_iris_xe_graphics/syn_memory_converge_atomic/variant_659/variant_659.json
19:13:46.535 INFO  StreamGobblerLogger - stderr.env: ‘interestingness_test’: No such file or directory
19:13:46.536 INFO  ExecHelper - Result: 127
19:13:46.536 INFO  CustomFileJudge - Custom file judge result: 127
19:13:46.536 INFO  ReductionDriver - Result from initial state is not interesting (attempt 1)
19:13:46.684 INFO  ExecHelper - interestingness_test /opt/reduce/intel_iris_xe_graphics/syn_memory_converge_atomic/variant_659.comp reduction_results/intel_iris_xe_graphics/syn_memory_converge_atomic/variant_659/variant_659.json
19:13:46.686 INFO  StreamGobblerLogger - stderr.env: ‘interestingness_test’: No such file or directory
19:13:46.687 INFO  ExecHelper - Result: 127
19:13:46.687 INFO  CustomFileJudge - Custom file judge result: 127
19:13:46.687 INFO  ReductionDriver - Result from initial state is not interesting (attempt 2)
19:13:46.818 INFO  ExecHelper - interestingness_test /opt/reduce/intel_iris_xe_graphics/syn_memory_converge_atomic/variant_659.comp reduction_results/intel_iris_xe_graphics/syn_memory_converge_atomic/variant_659/variant_659.json
19:13:46.821 INFO  StreamGobblerLogger - stderr.env: ‘interestingness_test’: No such file or directory
19:13:46.821 INFO  ExecHelper - Result: 127
19:13:46.821 INFO  CustomFileJudge - Custom file judge result: 127
19:13:46.821 INFO  ReductionDriver - Result from initial state is not interesting (attempt 3)
19:13:46.949 INFO  ExecHelper - interestingness_test /opt/reduce/intel_iris_xe_graphics/syn_memory_converge_atomic/variant_659.comp reduction_results/intel_iris_xe_graphics/syn_memory_converge_atomic/variant_659/variant_659.json
19:13:46.951 INFO  StreamGobblerLogger - stderr.env: ‘interestingness_test’: No such file or directory
19:13:46.952 INFO  ExecHelper - Result: 127
19:13:46.952 INFO  CustomFileJudge - Custom file judge result: 127
19:13:46.952 INFO  ReductionDriver - Result from initial state is not interesting (attempt 4)
19:13:47.081 INFO  ExecHelper - interestingness_test /opt/reduce/intel_iris_xe_graphics/syn_memory_converge_atomic/variant_659.comp reduction_results/intel_iris_xe_graphics/syn_memory_converge_atomic/variant_659/variant_659.json
19:13:47.083 INFO  StreamGobblerLogger - stderr.env: ‘interestingness_test’: No such file or directory
19:13:47.083 INFO  ExecHelper - Result: 127
19:13:47.083 INFO  CustomFileJudge - Custom file judge result: 127
19:13:47.083 INFO  ReductionDriver - Result from initial state is not interesting (attempt 5)
19:13:47.083 INFO  ReductionDriver - Tried 5 times; stopping.
Reduction command: java -ea -cp /opt/graphicsfuzz/graphicsfuzz/target/graphicsfuzz/python/drivers/../../jar/tool-1.0.jar com.graphicsfuzz.reducer.tool.GlslReduce /opt/reduce/intel_iris_xe_graphics/syn_memory_converge_atomic/variant_659.json interestingness_test --output reduction_results/intel_iris_xe_graphics/syn_memory_converge_atomic/variant_659 /opt/reduce/intel_iris_xe_graphics/syn_memory_converge_atomic/variant_659.comp
