19:05:30.850 INFO  ExecHelper - /opt/graphicsfuzz/graphicsfuzz/target/graphicsfuzz/bin/Linux/glslangValidator -E --stdin -S comp
19:05:30.899 INFO  ExecHelper - Result: 0
19:05:30.992 INFO  ReductionDriver - Starting reduction for variant_097
19:05:31.002 INFO  ExecHelper - interestingness_test /opt/reduce/intel_iris_xe_graphics/syn_memory_converge_atomic/variant_097.comp reduction_results/intel_iris_xe_graphics/syn_memory_converge_atomic/variant_097/variant_097.json
19:05:31.003 INFO  StreamGobblerLogger - stderr.env: ‘interestingness_test’: No such file or directory
19:05:31.004 INFO  ExecHelper - Result: 127
19:05:31.004 INFO  CustomFileJudge - Custom file judge result: 127
19:05:31.004 INFO  ReductionDriver - Result from initial state is not interesting (attempt 1)
19:05:31.006 INFO  ExecHelper - interestingness_test /opt/reduce/intel_iris_xe_graphics/syn_memory_converge_atomic/variant_097.comp reduction_results/intel_iris_xe_graphics/syn_memory_converge_atomic/variant_097/variant_097.json
19:05:31.008 INFO  StreamGobblerLogger - stderr.env: ‘interestingness_test’: No such file or directory
19:05:31.008 INFO  ExecHelper - Result: 127
19:05:31.008 INFO  CustomFileJudge - Custom file judge result: 127
19:05:31.008 INFO  ReductionDriver - Result from initial state is not interesting (attempt 2)
19:05:31.011 INFO  ExecHelper - interestingness_test /opt/reduce/intel_iris_xe_graphics/syn_memory_converge_atomic/variant_097.comp reduction_results/intel_iris_xe_graphics/syn_memory_converge_atomic/variant_097/variant_097.json
19:05:31.012 INFO  StreamGobblerLogger - stderr.env: ‘interestingness_test’: No such file or directory
19:05:31.012 INFO  ExecHelper - Result: 127
19:05:31.012 INFO  CustomFileJudge - Custom file judge result: 127
19:05:31.012 INFO  ReductionDriver - Result from initial state is not interesting (attempt 3)
19:05:31.014 INFO  ExecHelper - interestingness_test /opt/reduce/intel_iris_xe_graphics/syn_memory_converge_atomic/variant_097.comp reduction_results/intel_iris_xe_graphics/syn_memory_converge_atomic/variant_097/variant_097.json
19:05:31.016 INFO  StreamGobblerLogger - stderr.env: ‘interestingness_test’: No such file or directory
19:05:31.016 INFO  ExecHelper - Result: 127
19:05:31.016 INFO  CustomFileJudge - Custom file judge result: 127
19:05:31.016 INFO  ReductionDriver - Result from initial state is not interesting (attempt 4)
19:05:31.018 INFO  ExecHelper - interestingness_test /opt/reduce/intel_iris_xe_graphics/syn_memory_converge_atomic/variant_097.comp reduction_results/intel_iris_xe_graphics/syn_memory_converge_atomic/variant_097/variant_097.json
19:05:31.019 INFO  StreamGobblerLogger - stderr.env: ‘interestingness_test’: No such file or directory
19:05:31.020 INFO  ExecHelper - Result: 127
19:05:31.020 INFO  CustomFileJudge - Custom file judge result: 127
19:05:31.020 INFO  ReductionDriver - Result from initial state is not interesting (attempt 5)
19:05:31.020 INFO  ReductionDriver - Tried 5 times; stopping.
Reduction command: java -ea -cp /opt/graphicsfuzz/graphicsfuzz/target/graphicsfuzz/python/drivers/../../jar/tool-1.0.jar com.graphicsfuzz.reducer.tool.GlslReduce /opt/reduce/intel_iris_xe_graphics/syn_memory_converge_atomic/variant_097.json interestingness_test --output reduction_results/intel_iris_xe_graphics/syn_memory_converge_atomic/variant_097 /opt/reduce/intel_iris_xe_graphics/syn_memory_converge_atomic/variant_097.comp
