19:04:46.497 INFO  ExecHelper - /opt/graphicsfuzz/graphicsfuzz/target/graphicsfuzz/bin/Linux/glslangValidator -E --stdin -S comp
19:04:46.544 INFO  ExecHelper - Result: 0
19:04:46.604 INFO  ReductionDriver - Starting reduction for variant_046
19:04:46.608 INFO  ExecHelper - interestingness_test /opt/reduce/intel_iris_xe_graphics/syn_memory_converge_atomic/variant_046.comp reduction_results/intel_iris_xe_graphics/syn_memory_converge_atomic/variant_046/variant_046.json
19:04:46.610 INFO  StreamGobblerLogger - stderr.env: ‘interestingness_test’: No such file or directory
19:04:46.610 INFO  ExecHelper - Result: 127
19:04:46.610 INFO  CustomFileJudge - Custom file judge result: 127
19:04:46.610 INFO  ReductionDriver - Result from initial state is not interesting (attempt 1)
19:04:46.611 INFO  ExecHelper - interestingness_test /opt/reduce/intel_iris_xe_graphics/syn_memory_converge_atomic/variant_046.comp reduction_results/intel_iris_xe_graphics/syn_memory_converge_atomic/variant_046/variant_046.json
19:04:46.612 INFO  StreamGobblerLogger - stderr.env: ‘interestingness_test’: No such file or directory
19:04:46.612 INFO  ExecHelper - Result: 127
19:04:46.613 INFO  CustomFileJudge - Custom file judge result: 127
19:04:46.613 INFO  ReductionDriver - Result from initial state is not interesting (attempt 2)
19:04:46.614 INFO  ExecHelper - interestingness_test /opt/reduce/intel_iris_xe_graphics/syn_memory_converge_atomic/variant_046.comp reduction_results/intel_iris_xe_graphics/syn_memory_converge_atomic/variant_046/variant_046.json
19:04:46.614 INFO  StreamGobblerLogger - stderr.env: ‘interestingness_test’: No such file or directory
19:04:46.615 INFO  ExecHelper - Result: 127
19:04:46.615 INFO  CustomFileJudge - Custom file judge result: 127
19:04:46.615 INFO  ReductionDriver - Result from initial state is not interesting (attempt 3)
19:04:46.616 INFO  ExecHelper - interestingness_test /opt/reduce/intel_iris_xe_graphics/syn_memory_converge_atomic/variant_046.comp reduction_results/intel_iris_xe_graphics/syn_memory_converge_atomic/variant_046/variant_046.json
19:04:46.617 INFO  StreamGobblerLogger - stderr.env: ‘interestingness_test’: No such file or directory
19:04:46.618 INFO  ExecHelper - Result: 127
19:04:46.618 INFO  CustomFileJudge - Custom file judge result: 127
19:04:46.618 INFO  ReductionDriver - Result from initial state is not interesting (attempt 4)
19:04:46.619 INFO  ExecHelper - interestingness_test /opt/reduce/intel_iris_xe_graphics/syn_memory_converge_atomic/variant_046.comp reduction_results/intel_iris_xe_graphics/syn_memory_converge_atomic/variant_046/variant_046.json
19:04:46.620 INFO  StreamGobblerLogger - stderr.env: ‘interestingness_test’: No such file or directory
19:04:46.620 INFO  ExecHelper - Result: 127
19:04:46.620 INFO  CustomFileJudge - Custom file judge result: 127
19:04:46.620 INFO  ReductionDriver - Result from initial state is not interesting (attempt 5)
19:04:46.621 INFO  ReductionDriver - Tried 5 times; stopping.
Reduction command: java -ea -cp /opt/graphicsfuzz/graphicsfuzz/target/graphicsfuzz/python/drivers/../../jar/tool-1.0.jar com.graphicsfuzz.reducer.tool.GlslReduce /opt/reduce/intel_iris_xe_graphics/syn_memory_converge_atomic/variant_046.json interestingness_test --output reduction_results/intel_iris_xe_graphics/syn_memory_converge_atomic/variant_046 /opt/reduce/intel_iris_xe_graphics/syn_memory_converge_atomic/variant_046.comp
