18:54:51.624 INFO  ExecHelper - /opt/graphicsfuzz/graphicsfuzz/target/graphicsfuzz/bin/Linux/glslangValidator -E --stdin -S comp
18:54:51.675 INFO  ExecHelper - Result: 0
18:54:51.732 INFO  ReductionDriver - Starting reduction for variant_338
18:54:51.736 INFO  ExecHelper - interestingness_test /opt/reduce/intel_iris_xe_graphics/syn_memory_converge/variant_338.comp reduction_results/intel_iris_xe_graphics/syn_memory_converge/variant_338/variant_338.json
18:54:51.738 INFO  StreamGobblerLogger - stderr.env: ‘interestingness_test’: No such file or directory
18:54:51.739 INFO  ExecHelper - Result: 127
18:54:51.739 INFO  CustomFileJudge - Custom file judge result: 127
18:54:51.739 INFO  ReductionDriver - Result from initial state is not interesting (attempt 1)
18:54:51.740 INFO  ExecHelper - interestingness_test /opt/reduce/intel_iris_xe_graphics/syn_memory_converge/variant_338.comp reduction_results/intel_iris_xe_graphics/syn_memory_converge/variant_338/variant_338.json
18:54:51.741 INFO  StreamGobblerLogger - stderr.env: ‘interestingness_test’: No such file or directory
18:54:51.741 INFO  ExecHelper - Result: 127
18:54:51.741 INFO  CustomFileJudge - Custom file judge result: 127
18:54:51.741 INFO  ReductionDriver - Result from initial state is not interesting (attempt 2)
18:54:51.742 INFO  ExecHelper - interestingness_test /opt/reduce/intel_iris_xe_graphics/syn_memory_converge/variant_338.comp reduction_results/intel_iris_xe_graphics/syn_memory_converge/variant_338/variant_338.json
18:54:51.743 INFO  StreamGobblerLogger - stderr.env: ‘interestingness_test’: No such file or directory
18:54:51.744 INFO  ExecHelper - Result: 127
18:54:51.744 INFO  CustomFileJudge - Custom file judge result: 127
18:54:51.744 INFO  ReductionDriver - Result from initial state is not interesting (attempt 3)
18:54:51.745 INFO  ExecHelper - interestingness_test /opt/reduce/intel_iris_xe_graphics/syn_memory_converge/variant_338.comp reduction_results/intel_iris_xe_graphics/syn_memory_converge/variant_338/variant_338.json
18:54:51.746 INFO  StreamGobblerLogger - stderr.env: ‘interestingness_test’: No such file or directory
18:54:51.747 INFO  ExecHelper - Result: 127
18:54:51.747 INFO  CustomFileJudge - Custom file judge result: 127
18:54:51.747 INFO  ReductionDriver - Result from initial state is not interesting (attempt 4)
18:54:51.747 INFO  ExecHelper - interestingness_test /opt/reduce/intel_iris_xe_graphics/syn_memory_converge/variant_338.comp reduction_results/intel_iris_xe_graphics/syn_memory_converge/variant_338/variant_338.json
18:54:51.748 INFO  StreamGobblerLogger - stderr.env: ‘interestingness_test’: No such file or directory
18:54:51.749 INFO  ExecHelper - Result: 127
18:54:51.749 INFO  CustomFileJudge - Custom file judge result: 127
18:54:51.749 INFO  ReductionDriver - Result from initial state is not interesting (attempt 5)
18:54:51.749 INFO  ReductionDriver - Tried 5 times; stopping.
Reduction command: java -ea -cp /opt/graphicsfuzz/graphicsfuzz/target/graphicsfuzz/python/drivers/../../jar/tool-1.0.jar com.graphicsfuzz.reducer.tool.GlslReduce /opt/reduce/intel_iris_xe_graphics/syn_memory_converge/variant_338.json interestingness_test --output reduction_results/intel_iris_xe_graphics/syn_memory_converge/variant_338 /opt/reduce/intel_iris_xe_graphics/syn_memory_converge/variant_338.comp
