19:12:04.019 INFO  ExecHelper - /opt/graphicsfuzz/graphicsfuzz/target/graphicsfuzz/bin/Linux/glslangValidator -E --stdin -S comp
19:12:04.065 INFO  ExecHelper - Result: 0
19:12:04.163 INFO  ReductionDriver - Starting reduction for variant_538
19:12:04.175 INFO  ExecHelper - interestingness_test /opt/reduce/intel_iris_xe_graphics/syn_memory_converge_atomic/variant_538.comp reduction_results/intel_iris_xe_graphics/syn_memory_converge_atomic/variant_538/variant_538.json
19:12:04.177 INFO  StreamGobblerLogger - stderr.env: ‘interestingness_test’: No such file or directory
19:12:04.177 INFO  ExecHelper - Result: 127
19:12:04.177 INFO  CustomFileJudge - Custom file judge result: 127
19:12:04.178 INFO  ReductionDriver - Result from initial state is not interesting (attempt 1)
19:12:04.186 INFO  ExecHelper - interestingness_test /opt/reduce/intel_iris_xe_graphics/syn_memory_converge_atomic/variant_538.comp reduction_results/intel_iris_xe_graphics/syn_memory_converge_atomic/variant_538/variant_538.json
19:12:04.187 INFO  StreamGobblerLogger - stderr.env: ‘interestingness_test’: No such file or directory
19:12:04.187 INFO  ExecHelper - Result: 127
19:12:04.187 INFO  CustomFileJudge - Custom file judge result: 127
19:12:04.188 INFO  ReductionDriver - Result from initial state is not interesting (attempt 2)
19:12:04.192 INFO  ExecHelper - interestingness_test /opt/reduce/intel_iris_xe_graphics/syn_memory_converge_atomic/variant_538.comp reduction_results/intel_iris_xe_graphics/syn_memory_converge_atomic/variant_538/variant_538.json
19:12:04.193 INFO  StreamGobblerLogger - stderr.env: ‘interestingness_test’: No such file or directory
19:12:04.193 INFO  ExecHelper - Result: 127
19:12:04.193 INFO  CustomFileJudge - Custom file judge result: 127
19:12:04.193 INFO  ReductionDriver - Result from initial state is not interesting (attempt 3)
19:12:04.197 INFO  ExecHelper - interestingness_test /opt/reduce/intel_iris_xe_graphics/syn_memory_converge_atomic/variant_538.comp reduction_results/intel_iris_xe_graphics/syn_memory_converge_atomic/variant_538/variant_538.json
19:12:04.198 INFO  StreamGobblerLogger - stderr.env: ‘interestingness_test’: No such file or directory
19:12:04.198 INFO  ExecHelper - Result: 127
19:12:04.198 INFO  CustomFileJudge - Custom file judge result: 127
19:12:04.198 INFO  ReductionDriver - Result from initial state is not interesting (attempt 4)
19:12:04.202 INFO  ExecHelper - interestingness_test /opt/reduce/intel_iris_xe_graphics/syn_memory_converge_atomic/variant_538.comp reduction_results/intel_iris_xe_graphics/syn_memory_converge_atomic/variant_538/variant_538.json
19:12:04.203 INFO  StreamGobblerLogger - stderr.env: ‘interestingness_test’: No such file or directory
19:12:04.203 INFO  ExecHelper - Result: 127
19:12:04.203 INFO  CustomFileJudge - Custom file judge result: 127
19:12:04.203 INFO  ReductionDriver - Result from initial state is not interesting (attempt 5)
19:12:04.203 INFO  ReductionDriver - Tried 5 times; stopping.
Reduction command: java -ea -cp /opt/graphicsfuzz/graphicsfuzz/target/graphicsfuzz/python/drivers/../../jar/tool-1.0.jar com.graphicsfuzz.reducer.tool.GlslReduce /opt/reduce/intel_iris_xe_graphics/syn_memory_converge_atomic/variant_538.json interestingness_test --output reduction_results/intel_iris_xe_graphics/syn_memory_converge_atomic/variant_538 /opt/reduce/intel_iris_xe_graphics/syn_memory_converge_atomic/variant_538.comp
