19:45:39.336 INFO  ExecHelper - /opt/graphicsfuzz/graphicsfuzz/target/graphicsfuzz/bin/Linux/glslangValidator -E --stdin -S comp
19:45:39.400 INFO  ExecHelper - Result: 0
19:45:39.775 INFO  ReductionDriver - Starting reduction for variant_369
19:45:39.929 INFO  ExecHelper - interestingness_test /opt/reduce/rtx_4070/syn_memory_converge_atomic/variant_369.comp reduction_results/rtx_4070/syn_memory_converge_atomic/variant_369/variant_369.json
19:45:39.930 INFO  StreamGobblerLogger - stderr.env: ‘interestingness_test’: No such file or directory
19:45:39.931 INFO  ExecHelper - Result: 127
19:45:39.931 INFO  CustomFileJudge - Custom file judge result: 127
19:45:39.931 INFO  ReductionDriver - Result from initial state is not interesting (attempt 1)
19:45:40.078 INFO  ExecHelper - interestingness_test /opt/reduce/rtx_4070/syn_memory_converge_atomic/variant_369.comp reduction_results/rtx_4070/syn_memory_converge_atomic/variant_369/variant_369.json
19:45:40.080 INFO  StreamGobblerLogger - stderr.env: ‘interestingness_test’: No such file or directory
19:45:40.080 INFO  ExecHelper - Result: 127
19:45:40.080 INFO  CustomFileJudge - Custom file judge result: 127
19:45:40.080 INFO  ReductionDriver - Result from initial state is not interesting (attempt 2)
19:45:40.234 INFO  ExecHelper - interestingness_test /opt/reduce/rtx_4070/syn_memory_converge_atomic/variant_369.comp reduction_results/rtx_4070/syn_memory_converge_atomic/variant_369/variant_369.json
19:45:40.236 INFO  StreamGobblerLogger - stderr.env: ‘interestingness_test’: No such file or directory
19:45:40.237 INFO  ExecHelper - Result: 127
19:45:40.237 INFO  CustomFileJudge - Custom file judge result: 127
19:45:40.237 INFO  ReductionDriver - Result from initial state is not interesting (attempt 3)
19:45:40.364 INFO  ExecHelper - interestingness_test /opt/reduce/rtx_4070/syn_memory_converge_atomic/variant_369.comp reduction_results/rtx_4070/syn_memory_converge_atomic/variant_369/variant_369.json
19:45:40.366 INFO  StreamGobblerLogger - stderr.env: ‘interestingness_test’: No such file or directory
19:45:40.366 INFO  ExecHelper - Result: 127
19:45:40.366 INFO  CustomFileJudge - Custom file judge result: 127
19:45:40.366 INFO  ReductionDriver - Result from initial state is not interesting (attempt 4)
19:45:40.494 INFO  ExecHelper - interestingness_test /opt/reduce/rtx_4070/syn_memory_converge_atomic/variant_369.comp reduction_results/rtx_4070/syn_memory_converge_atomic/variant_369/variant_369.json
19:45:40.495 INFO  StreamGobblerLogger - stderr.env: ‘interestingness_test’: No such file or directory
19:45:40.495 INFO  ExecHelper - Result: 127
19:45:40.495 INFO  CustomFileJudge - Custom file judge result: 127
19:45:40.495 INFO  ReductionDriver - Result from initial state is not interesting (attempt 5)
19:45:40.496 INFO  ReductionDriver - Tried 5 times; stopping.
Reduction command: java -ea -cp /opt/graphicsfuzz/graphicsfuzz/target/graphicsfuzz/python/drivers/../../jar/tool-1.0.jar com.graphicsfuzz.reducer.tool.GlslReduce /opt/reduce/rtx_4070/syn_memory_converge_atomic/variant_369.json interestingness_test --output reduction_results/rtx_4070/syn_memory_converge_atomic/variant_369 /opt/reduce/rtx_4070/syn_memory_converge_atomic/variant_369.comp
