19:54:29.210 INFO  ExecHelper - /opt/graphicsfuzz/graphicsfuzz/target/graphicsfuzz/bin/Linux/glslangValidator -E --stdin -S comp
19:54:29.371 INFO  ExecHelper - Result: 0
19:54:30.280 INFO  ReductionDriver - Starting reduction for variant_955
19:54:30.299 INFO  ExecHelper - interestingness_test /opt/reduce/rtx_4070/syn_memory_converge_atomic/variant_955.comp reduction_results/rtx_4070/syn_memory_converge_atomic/variant_955/variant_955.json
19:54:30.300 INFO  StreamGobblerLogger - stderr.env: ‘interestingness_test’: No such file or directory
19:54:30.301 INFO  ExecHelper - Result: 127
19:54:30.301 INFO  CustomFileJudge - Custom file judge result: 127
19:54:30.301 INFO  ReductionDriver - Result from initial state is not interesting (attempt 1)
19:54:30.310 INFO  ExecHelper - interestingness_test /opt/reduce/rtx_4070/syn_memory_converge_atomic/variant_955.comp reduction_results/rtx_4070/syn_memory_converge_atomic/variant_955/variant_955.json
19:54:30.312 INFO  StreamGobblerLogger - stderr.env: ‘interestingness_test’: No such file or directory
19:54:30.312 INFO  ExecHelper - Result: 127
19:54:30.312 INFO  CustomFileJudge - Custom file judge result: 127
19:54:30.312 INFO  ReductionDriver - Result from initial state is not interesting (attempt 2)
19:54:30.321 INFO  ExecHelper - interestingness_test /opt/reduce/rtx_4070/syn_memory_converge_atomic/variant_955.comp reduction_results/rtx_4070/syn_memory_converge_atomic/variant_955/variant_955.json
19:54:30.322 INFO  StreamGobblerLogger - stderr.env: ‘interestingness_test’: No such file or directory
19:54:30.322 INFO  ExecHelper - Result: 127
19:54:30.322 INFO  CustomFileJudge - Custom file judge result: 127
19:54:30.322 INFO  ReductionDriver - Result from initial state is not interesting (attempt 3)
19:54:30.330 INFO  ExecHelper - interestingness_test /opt/reduce/rtx_4070/syn_memory_converge_atomic/variant_955.comp reduction_results/rtx_4070/syn_memory_converge_atomic/variant_955/variant_955.json
19:54:30.331 INFO  StreamGobblerLogger - stderr.env: ‘interestingness_test’: No such file or directory
19:54:30.331 INFO  ExecHelper - Result: 127
19:54:30.331 INFO  CustomFileJudge - Custom file judge result: 127
19:54:30.331 INFO  ReductionDriver - Result from initial state is not interesting (attempt 4)
19:54:30.338 INFO  ExecHelper - interestingness_test /opt/reduce/rtx_4070/syn_memory_converge_atomic/variant_955.comp reduction_results/rtx_4070/syn_memory_converge_atomic/variant_955/variant_955.json
19:54:30.339 INFO  StreamGobblerLogger - stderr.env: ‘interestingness_test’: No such file or directory
19:54:30.339 INFO  ExecHelper - Result: 127
19:54:30.340 INFO  CustomFileJudge - Custom file judge result: 127
19:54:30.340 INFO  ReductionDriver - Result from initial state is not interesting (attempt 5)
19:54:30.340 INFO  ReductionDriver - Tried 5 times; stopping.
Reduction command: java -ea -cp /opt/graphicsfuzz/graphicsfuzz/target/graphicsfuzz/python/drivers/../../jar/tool-1.0.jar com.graphicsfuzz.reducer.tool.GlslReduce /opt/reduce/rtx_4070/syn_memory_converge_atomic/variant_955.json interestingness_test --output reduction_results/rtx_4070/syn_memory_converge_atomic/variant_955 /opt/reduce/rtx_4070/syn_memory_converge_atomic/variant_955.comp
