18:36:57.185 INFO  ExecHelper - /opt/graphicsfuzz/graphicsfuzz/target/graphicsfuzz/bin/Linux/glslangValidator -E --stdin -S comp
18:36:57.370 INFO  ExecHelper - Result: 0
18:36:59.013 INFO  ReductionDriver - Starting reduction for variant_693
18:36:59.036 INFO  ExecHelper - interestingness_test /opt/reduce/cezanne_radeon_vega/syn_memory_converge_atomic/variant_693.comp reduction_results/cezanne_radeon_vega/syn_memory_converge_atomic/variant_693/variant_693.json
18:36:59.038 INFO  StreamGobblerLogger - stderr.env: ‘interestingness_test’: No such file or directory
18:36:59.039 INFO  ExecHelper - Result: 127
18:36:59.039 INFO  CustomFileJudge - Custom file judge result: 127
18:36:59.039 INFO  ReductionDriver - Result from initial state is not interesting (attempt 1)
18:36:59.052 INFO  ExecHelper - interestingness_test /opt/reduce/cezanne_radeon_vega/syn_memory_converge_atomic/variant_693.comp reduction_results/cezanne_radeon_vega/syn_memory_converge_atomic/variant_693/variant_693.json
18:36:59.053 INFO  StreamGobblerLogger - stderr.env: ‘interestingness_test’: No such file or directory
18:36:59.053 INFO  ExecHelper - Result: 127
18:36:59.053 INFO  CustomFileJudge - Custom file judge result: 127
18:36:59.054 INFO  ReductionDriver - Result from initial state is not interesting (attempt 2)
18:36:59.065 INFO  ExecHelper - interestingness_test /opt/reduce/cezanne_radeon_vega/syn_memory_converge_atomic/variant_693.comp reduction_results/cezanne_radeon_vega/syn_memory_converge_atomic/variant_693/variant_693.json
18:36:59.066 INFO  StreamGobblerLogger - stderr.env: ‘interestingness_test’: No such file or directory
18:36:59.066 INFO  ExecHelper - Result: 127
18:36:59.066 INFO  CustomFileJudge - Custom file judge result: 127
18:36:59.066 INFO  ReductionDriver - Result from initial state is not interesting (attempt 3)
18:36:59.077 INFO  ExecHelper - interestingness_test /opt/reduce/cezanne_radeon_vega/syn_memory_converge_atomic/variant_693.comp reduction_results/cezanne_radeon_vega/syn_memory_converge_atomic/variant_693/variant_693.json
18:36:59.078 INFO  StreamGobblerLogger - stderr.env: ‘interestingness_test’: No such file or directory
18:36:59.078 INFO  ExecHelper - Result: 127
18:36:59.078 INFO  CustomFileJudge - Custom file judge result: 127
18:36:59.078 INFO  ReductionDriver - Result from initial state is not interesting (attempt 4)
18:36:59.088 INFO  ExecHelper - interestingness_test /opt/reduce/cezanne_radeon_vega/syn_memory_converge_atomic/variant_693.comp reduction_results/cezanne_radeon_vega/syn_memory_converge_atomic/variant_693/variant_693.json
18:36:59.089 INFO  StreamGobblerLogger - stderr.env: ‘interestingness_test’: No such file or directory
18:36:59.090 INFO  ExecHelper - Result: 127
18:36:59.090 INFO  CustomFileJudge - Custom file judge result: 127
18:36:59.090 INFO  ReductionDriver - Result from initial state is not interesting (attempt 5)
18:36:59.090 INFO  ReductionDriver - Tried 5 times; stopping.
Reduction command: java -ea -cp /opt/graphicsfuzz/graphicsfuzz/target/graphicsfuzz/python/drivers/../../jar/tool-1.0.jar com.graphicsfuzz.reducer.tool.GlslReduce /opt/reduce/cezanne_radeon_vega/syn_memory_converge_atomic/variant_693.json interestingness_test --output reduction_results/cezanne_radeon_vega/syn_memory_converge_atomic/variant_693 /opt/reduce/cezanne_radeon_vega/syn_memory_converge_atomic/variant_693.comp
