19:48:57.690 INFO  ExecHelper - /opt/graphicsfuzz/graphicsfuzz/target/graphicsfuzz/bin/Linux/glslangValidator -E --stdin -S comp
19:48:57.738 INFO  ExecHelper - Result: 0
19:48:57.828 INFO  ReductionDriver - Starting reduction for variant_594
19:48:57.838 INFO  ExecHelper - interestingness_test /opt/reduce/rtx_4070/syn_memory_converge_atomic/variant_594.comp reduction_results/rtx_4070/syn_memory_converge_atomic/variant_594/variant_594.json
19:48:57.840 INFO  StreamGobblerLogger - stderr.env: ‘interestingness_test’: No such file or directory
19:48:57.840 INFO  ExecHelper - Result: 127
19:48:57.840 INFO  CustomFileJudge - Custom file judge result: 127
19:48:57.840 INFO  ReductionDriver - Result from initial state is not interesting (attempt 1)
19:48:57.843 INFO  ExecHelper - interestingness_test /opt/reduce/rtx_4070/syn_memory_converge_atomic/variant_594.comp reduction_results/rtx_4070/syn_memory_converge_atomic/variant_594/variant_594.json
19:48:57.844 INFO  StreamGobblerLogger - stderr.env: ‘interestingness_test’: No such file or directory
19:48:57.845 INFO  ExecHelper - Result: 127
19:48:57.845 INFO  CustomFileJudge - Custom file judge result: 127
19:48:57.845 INFO  ReductionDriver - Result from initial state is not interesting (attempt 2)
19:48:57.846 INFO  ExecHelper - interestingness_test /opt/reduce/rtx_4070/syn_memory_converge_atomic/variant_594.comp reduction_results/rtx_4070/syn_memory_converge_atomic/variant_594/variant_594.json
19:48:57.847 INFO  StreamGobblerLogger - stderr.env: ‘interestingness_test’: No such file or directory
19:48:57.848 INFO  ExecHelper - Result: 127
19:48:57.848 INFO  CustomFileJudge - Custom file judge result: 127
19:48:57.848 INFO  ReductionDriver - Result from initial state is not interesting (attempt 3)
19:48:57.851 INFO  ExecHelper - interestingness_test /opt/reduce/rtx_4070/syn_memory_converge_atomic/variant_594.comp reduction_results/rtx_4070/syn_memory_converge_atomic/variant_594/variant_594.json
19:48:57.852 INFO  StreamGobblerLogger - stderr.env: ‘interestingness_test’: No such file or directory
19:48:57.853 INFO  ExecHelper - Result: 127
19:48:57.853 INFO  CustomFileJudge - Custom file judge result: 127
19:48:57.853 INFO  ReductionDriver - Result from initial state is not interesting (attempt 4)
19:48:57.857 INFO  ExecHelper - interestingness_test /opt/reduce/rtx_4070/syn_memory_converge_atomic/variant_594.comp reduction_results/rtx_4070/syn_memory_converge_atomic/variant_594/variant_594.json
19:48:57.858 INFO  StreamGobblerLogger - stderr.env: ‘interestingness_test’: No such file or directory
19:48:57.858 INFO  ExecHelper - Result: 127
19:48:57.858 INFO  CustomFileJudge - Custom file judge result: 127
19:48:57.858 INFO  ReductionDriver - Result from initial state is not interesting (attempt 5)
19:48:57.858 INFO  ReductionDriver - Tried 5 times; stopping.
Reduction command: java -ea -cp /opt/graphicsfuzz/graphicsfuzz/target/graphicsfuzz/python/drivers/../../jar/tool-1.0.jar com.graphicsfuzz.reducer.tool.GlslReduce /opt/reduce/rtx_4070/syn_memory_converge_atomic/variant_594.json interestingness_test --output reduction_results/rtx_4070/syn_memory_converge_atomic/variant_594 /opt/reduce/rtx_4070/syn_memory_converge_atomic/variant_594.comp
