19:14:40.497 INFO  ExecHelper - /opt/graphicsfuzz/graphicsfuzz/target/graphicsfuzz/bin/Linux/glslangValidator -E --stdin -S comp
19:14:40.553 INFO  ExecHelper - Result: 0
19:14:40.902 INFO  ReductionDriver - Starting reduction for variant_707
19:14:40.994 INFO  ExecHelper - interestingness_test /opt/reduce/intel_iris_xe_graphics/syn_memory_converge_atomic/variant_707.comp reduction_results/intel_iris_xe_graphics/syn_memory_converge_atomic/variant_707/variant_707.json
19:14:40.996 INFO  StreamGobblerLogger - stderr.env: ‘interestingness_test’: No such file or directory
19:14:40.996 INFO  ExecHelper - Result: 127
19:14:40.996 INFO  CustomFileJudge - Custom file judge result: 127
19:14:40.996 INFO  ReductionDriver - Result from initial state is not interesting (attempt 1)
19:14:41.079 INFO  ExecHelper - interestingness_test /opt/reduce/intel_iris_xe_graphics/syn_memory_converge_atomic/variant_707.comp reduction_results/intel_iris_xe_graphics/syn_memory_converge_atomic/variant_707/variant_707.json
19:14:41.080 INFO  StreamGobblerLogger - stderr.env: ‘interestingness_test’: No such file or directory
19:14:41.081 INFO  ExecHelper - Result: 127
19:14:41.081 INFO  CustomFileJudge - Custom file judge result: 127
19:14:41.081 INFO  ReductionDriver - Result from initial state is not interesting (attempt 2)
19:14:41.157 INFO  ExecHelper - interestingness_test /opt/reduce/intel_iris_xe_graphics/syn_memory_converge_atomic/variant_707.comp reduction_results/intel_iris_xe_graphics/syn_memory_converge_atomic/variant_707/variant_707.json
19:14:41.158 INFO  StreamGobblerLogger - stderr.env: ‘interestingness_test’: No such file or directory
19:14:41.158 INFO  ExecHelper - Result: 127
19:14:41.159 INFO  CustomFileJudge - Custom file judge result: 127
19:14:41.159 INFO  ReductionDriver - Result from initial state is not interesting (attempt 3)
19:14:41.232 INFO  ExecHelper - interestingness_test /opt/reduce/intel_iris_xe_graphics/syn_memory_converge_atomic/variant_707.comp reduction_results/intel_iris_xe_graphics/syn_memory_converge_atomic/variant_707/variant_707.json
19:14:41.233 INFO  StreamGobblerLogger - stderr.env: ‘interestingness_test’: No such file or directory
19:14:41.234 INFO  ExecHelper - Result: 127
19:14:41.234 INFO  CustomFileJudge - Custom file judge result: 127
19:14:41.234 INFO  ReductionDriver - Result from initial state is not interesting (attempt 4)
19:14:41.305 INFO  ExecHelper - interestingness_test /opt/reduce/intel_iris_xe_graphics/syn_memory_converge_atomic/variant_707.comp reduction_results/intel_iris_xe_graphics/syn_memory_converge_atomic/variant_707/variant_707.json
19:14:41.307 INFO  StreamGobblerLogger - stderr.env: ‘interestingness_test’: No such file or directory
19:14:41.308 INFO  ExecHelper - Result: 127
19:14:41.308 INFO  CustomFileJudge - Custom file judge result: 127
19:14:41.308 INFO  ReductionDriver - Result from initial state is not interesting (attempt 5)
19:14:41.308 INFO  ReductionDriver - Tried 5 times; stopping.
Reduction command: java -ea -cp /opt/graphicsfuzz/graphicsfuzz/target/graphicsfuzz/python/drivers/../../jar/tool-1.0.jar com.graphicsfuzz.reducer.tool.GlslReduce /opt/reduce/intel_iris_xe_graphics/syn_memory_converge_atomic/variant_707.json interestingness_test --output reduction_results/intel_iris_xe_graphics/syn_memory_converge_atomic/variant_707 /opt/reduce/intel_iris_xe_graphics/syn_memory_converge_atomic/variant_707.comp
