18:22:11.890 INFO  ExecHelper - /opt/graphicsfuzz/graphicsfuzz/target/graphicsfuzz/bin/Linux/glslangValidator -E --stdin -S comp
18:22:11.938 INFO  ExecHelper - Result: 0
18:22:12.041 INFO  ReductionDriver - Starting reduction for variant_609
18:22:12.053 INFO  ExecHelper - interestingness_test /opt/reduce/cezanne_radeon_vega/syn_memory_converge/variant_609.comp reduction_results/cezanne_radeon_vega/syn_memory_converge/variant_609/variant_609.json
18:22:12.055 INFO  StreamGobblerLogger - stderr.env: ‘interestingness_test’: No such file or directory
18:22:12.055 INFO  ExecHelper - Result: 127
18:22:12.055 INFO  CustomFileJudge - Custom file judge result: 127
18:22:12.055 INFO  ReductionDriver - Result from initial state is not interesting (attempt 1)
18:22:12.064 INFO  ExecHelper - interestingness_test /opt/reduce/cezanne_radeon_vega/syn_memory_converge/variant_609.comp reduction_results/cezanne_radeon_vega/syn_memory_converge/variant_609/variant_609.json
18:22:12.065 INFO  StreamGobblerLogger - stderr.env: ‘interestingness_test’: No such file or directory
18:22:12.066 INFO  ExecHelper - Result: 127
18:22:12.066 INFO  CustomFileJudge - Custom file judge result: 127
18:22:12.066 INFO  ReductionDriver - Result from initial state is not interesting (attempt 2)
18:22:12.070 INFO  ExecHelper - interestingness_test /opt/reduce/cezanne_radeon_vega/syn_memory_converge/variant_609.comp reduction_results/cezanne_radeon_vega/syn_memory_converge/variant_609/variant_609.json
18:22:12.071 INFO  StreamGobblerLogger - stderr.env: ‘interestingness_test’: No such file or directory
18:22:12.072 INFO  ExecHelper - Result: 127
18:22:12.072 INFO  CustomFileJudge - Custom file judge result: 127
18:22:12.072 INFO  ReductionDriver - Result from initial state is not interesting (attempt 3)
18:22:12.075 INFO  ExecHelper - interestingness_test /opt/reduce/cezanne_radeon_vega/syn_memory_converge/variant_609.comp reduction_results/cezanne_radeon_vega/syn_memory_converge/variant_609/variant_609.json
18:22:12.076 INFO  StreamGobblerLogger - stderr.env: ‘interestingness_test’: No such file or directory
18:22:12.076 INFO  ExecHelper - Result: 127
18:22:12.076 INFO  CustomFileJudge - Custom file judge result: 127
18:22:12.076 INFO  ReductionDriver - Result from initial state is not interesting (attempt 4)
18:22:12.079 INFO  ExecHelper - interestingness_test /opt/reduce/cezanne_radeon_vega/syn_memory_converge/variant_609.comp reduction_results/cezanne_radeon_vega/syn_memory_converge/variant_609/variant_609.json
18:22:12.080 INFO  StreamGobblerLogger - stderr.env: ‘interestingness_test’: No such file or directory
18:22:12.080 INFO  ExecHelper - Result: 127
18:22:12.081 INFO  CustomFileJudge - Custom file judge result: 127
18:22:12.081 INFO  ReductionDriver - Result from initial state is not interesting (attempt 5)
18:22:12.081 INFO  ReductionDriver - Tried 5 times; stopping.
Reduction command: java -ea -cp /opt/graphicsfuzz/graphicsfuzz/target/graphicsfuzz/python/drivers/../../jar/tool-1.0.jar com.graphicsfuzz.reducer.tool.GlslReduce /opt/reduce/cezanne_radeon_vega/syn_memory_converge/variant_609.json interestingness_test --output reduction_results/cezanne_radeon_vega/syn_memory_converge/variant_609 /opt/reduce/cezanne_radeon_vega/syn_memory_converge/variant_609.comp
