18:42:44.791 INFO  ExecHelper - /opt/graphicsfuzz/graphicsfuzz/target/graphicsfuzz/bin/Linux/glslangValidator -E --stdin -S comp
18:42:44.898 INFO  ExecHelper - Result: 0
18:42:45.478 INFO  ReductionDriver - Starting reduction for variant_236
18:42:45.499 INFO  ExecHelper - interestingness_test /opt/reduce/cezanne_radeon_vega/syn_subgroup_op_release/variant_236.comp reduction_results/cezanne_radeon_vega/syn_subgroup_op_release/variant_236/variant_236.json
18:42:45.501 INFO  StreamGobblerLogger - stderr.env: ‘interestingness_test’: No such file or directory
18:42:45.502 INFO  ExecHelper - Result: 127
18:42:45.502 INFO  CustomFileJudge - Custom file judge result: 127
18:42:45.502 INFO  ReductionDriver - Result from initial state is not interesting (attempt 1)
18:42:45.513 INFO  ExecHelper - interestingness_test /opt/reduce/cezanne_radeon_vega/syn_subgroup_op_release/variant_236.comp reduction_results/cezanne_radeon_vega/syn_subgroup_op_release/variant_236/variant_236.json
18:42:45.514 INFO  StreamGobblerLogger - stderr.env: ‘interestingness_test’: No such file or directory
18:42:45.514 INFO  ExecHelper - Result: 127
18:42:45.515 INFO  CustomFileJudge - Custom file judge result: 127
18:42:45.515 INFO  ReductionDriver - Result from initial state is not interesting (attempt 2)
18:42:45.524 INFO  ExecHelper - interestingness_test /opt/reduce/cezanne_radeon_vega/syn_subgroup_op_release/variant_236.comp reduction_results/cezanne_radeon_vega/syn_subgroup_op_release/variant_236/variant_236.json
18:42:45.525 INFO  StreamGobblerLogger - stderr.env: ‘interestingness_test’: No such file or directory
18:42:45.525 INFO  ExecHelper - Result: 127
18:42:45.525 INFO  CustomFileJudge - Custom file judge result: 127
18:42:45.525 INFO  ReductionDriver - Result from initial state is not interesting (attempt 3)
18:42:45.534 INFO  ExecHelper - interestingness_test /opt/reduce/cezanne_radeon_vega/syn_subgroup_op_release/variant_236.comp reduction_results/cezanne_radeon_vega/syn_subgroup_op_release/variant_236/variant_236.json
18:42:45.535 INFO  StreamGobblerLogger - stderr.env: ‘interestingness_test’: No such file or directory
18:42:45.535 INFO  ExecHelper - Result: 127
18:42:45.535 INFO  CustomFileJudge - Custom file judge result: 127
18:42:45.535 INFO  ReductionDriver - Result from initial state is not interesting (attempt 4)
18:42:45.556 INFO  ExecHelper - interestingness_test /opt/reduce/cezanne_radeon_vega/syn_subgroup_op_release/variant_236.comp reduction_results/cezanne_radeon_vega/syn_subgroup_op_release/variant_236/variant_236.json
18:42:45.557 INFO  StreamGobblerLogger - stderr.env: ‘interestingness_test’: No such file or directory
18:42:45.558 INFO  ExecHelper - Result: 127
18:42:45.558 INFO  CustomFileJudge - Custom file judge result: 127
18:42:45.558 INFO  ReductionDriver - Result from initial state is not interesting (attempt 5)
18:42:45.558 INFO  ReductionDriver - Tried 5 times; stopping.
Reduction command: java -ea -cp /opt/graphicsfuzz/graphicsfuzz/target/graphicsfuzz/python/drivers/../../jar/tool-1.0.jar com.graphicsfuzz.reducer.tool.GlslReduce /opt/reduce/cezanne_radeon_vega/syn_subgroup_op_release/variant_236.json interestingness_test --output reduction_results/cezanne_radeon_vega/syn_subgroup_op_release/variant_236 /opt/reduce/cezanne_radeon_vega/syn_subgroup_op_release/variant_236.comp
