18:34:33.495 INFO  ExecHelper - /opt/graphicsfuzz/graphicsfuzz/target/graphicsfuzz/bin/Linux/glslangValidator -E --stdin -S comp
18:34:33.553 INFO  ExecHelper - Result: 0
18:34:33.930 INFO  ReductionDriver - Starting reduction for variant_524
18:34:34.024 INFO  ExecHelper - interestingness_test /opt/reduce/cezanne_radeon_vega/syn_memory_converge_atomic/variant_524.comp reduction_results/cezanne_radeon_vega/syn_memory_converge_atomic/variant_524/variant_524.json
18:34:34.026 INFO  StreamGobblerLogger - stderr.env: ‘interestingness_test’: No such file or directory
18:34:34.026 INFO  ExecHelper - Result: 127
18:34:34.026 INFO  CustomFileJudge - Custom file judge result: 127
18:34:34.026 INFO  ReductionDriver - Result from initial state is not interesting (attempt 1)
18:34:34.098 INFO  ExecHelper - interestingness_test /opt/reduce/cezanne_radeon_vega/syn_memory_converge_atomic/variant_524.comp reduction_results/cezanne_radeon_vega/syn_memory_converge_atomic/variant_524/variant_524.json
18:34:34.100 INFO  StreamGobblerLogger - stderr.env: ‘interestingness_test’: No such file or directory
18:34:34.100 INFO  ExecHelper - Result: 127
18:34:34.100 INFO  CustomFileJudge - Custom file judge result: 127
18:34:34.100 INFO  ReductionDriver - Result from initial state is not interesting (attempt 2)
18:34:34.160 INFO  ExecHelper - interestingness_test /opt/reduce/cezanne_radeon_vega/syn_memory_converge_atomic/variant_524.comp reduction_results/cezanne_radeon_vega/syn_memory_converge_atomic/variant_524/variant_524.json
18:34:34.161 INFO  StreamGobblerLogger - stderr.env: ‘interestingness_test’: No such file or directory
18:34:34.162 INFO  ExecHelper - Result: 127
18:34:34.162 INFO  CustomFileJudge - Custom file judge result: 127
18:34:34.162 INFO  ReductionDriver - Result from initial state is not interesting (attempt 3)
18:34:34.223 INFO  ExecHelper - interestingness_test /opt/reduce/cezanne_radeon_vega/syn_memory_converge_atomic/variant_524.comp reduction_results/cezanne_radeon_vega/syn_memory_converge_atomic/variant_524/variant_524.json
18:34:34.225 INFO  StreamGobblerLogger - stderr.env: ‘interestingness_test’: No such file or directory
18:34:34.226 INFO  ExecHelper - Result: 127
18:34:34.226 INFO  CustomFileJudge - Custom file judge result: 127
18:34:34.226 INFO  ReductionDriver - Result from initial state is not interesting (attempt 4)
18:34:34.285 INFO  ExecHelper - interestingness_test /opt/reduce/cezanne_radeon_vega/syn_memory_converge_atomic/variant_524.comp reduction_results/cezanne_radeon_vega/syn_memory_converge_atomic/variant_524/variant_524.json
18:34:34.287 INFO  StreamGobblerLogger - stderr.env: ‘interestingness_test’: No such file or directory
18:34:34.287 INFO  ExecHelper - Result: 127
18:34:34.287 INFO  CustomFileJudge - Custom file judge result: 127
18:34:34.287 INFO  ReductionDriver - Result from initial state is not interesting (attempt 5)
18:34:34.287 INFO  ReductionDriver - Tried 5 times; stopping.
Reduction command: java -ea -cp /opt/graphicsfuzz/graphicsfuzz/target/graphicsfuzz/python/drivers/../../jar/tool-1.0.jar com.graphicsfuzz.reducer.tool.GlslReduce /opt/reduce/cezanne_radeon_vega/syn_memory_converge_atomic/variant_524.json interestingness_test --output reduction_results/cezanne_radeon_vega/syn_memory_converge_atomic/variant_524 /opt/reduce/cezanne_radeon_vega/syn_memory_converge_atomic/variant_524.comp
