18:43:28.773 INFO  ExecHelper - /opt/graphicsfuzz/graphicsfuzz/target/graphicsfuzz/bin/Linux/glslangValidator -E --stdin -S comp
18:43:28.830 INFO  ExecHelper - Result: 0
18:43:29.071 INFO  ReductionDriver - Starting reduction for variant_124
18:43:29.137 INFO  ExecHelper - interestingness_test /opt/reduce/intel_iris_xe_graphics/syn_branch_syn/variant_124.comp reduction_results/intel_iris_xe_graphics/syn_branch_syn/variant_124/variant_124.json
18:43:29.139 INFO  StreamGobblerLogger - stderr.env: ‘interestingness_test’: No such file or directory
18:43:29.139 INFO  ExecHelper - Result: 127
18:43:29.139 INFO  CustomFileJudge - Custom file judge result: 127
18:43:29.139 INFO  ReductionDriver - Result from initial state is not interesting (attempt 1)
18:43:29.189 INFO  ExecHelper - interestingness_test /opt/reduce/intel_iris_xe_graphics/syn_branch_syn/variant_124.comp reduction_results/intel_iris_xe_graphics/syn_branch_syn/variant_124/variant_124.json
18:43:29.190 INFO  StreamGobblerLogger - stderr.env: ‘interestingness_test’: No such file or directory
18:43:29.191 INFO  ExecHelper - Result: 127
18:43:29.191 INFO  CustomFileJudge - Custom file judge result: 127
18:43:29.191 INFO  ReductionDriver - Result from initial state is not interesting (attempt 2)
18:43:29.248 INFO  ExecHelper - interestingness_test /opt/reduce/intel_iris_xe_graphics/syn_branch_syn/variant_124.comp reduction_results/intel_iris_xe_graphics/syn_branch_syn/variant_124/variant_124.json
18:43:29.250 INFO  StreamGobblerLogger - stderr.env: ‘interestingness_test’: No such file or directory
18:43:29.251 INFO  ExecHelper - Result: 127
18:43:29.251 INFO  CustomFileJudge - Custom file judge result: 127
18:43:29.251 INFO  ReductionDriver - Result from initial state is not interesting (attempt 3)
18:43:29.294 INFO  ExecHelper - interestingness_test /opt/reduce/intel_iris_xe_graphics/syn_branch_syn/variant_124.comp reduction_results/intel_iris_xe_graphics/syn_branch_syn/variant_124/variant_124.json
18:43:29.296 INFO  StreamGobblerLogger - stderr.env: ‘interestingness_test’: No such file or directory
18:43:29.296 INFO  ExecHelper - Result: 127
18:43:29.296 INFO  CustomFileJudge - Custom file judge result: 127
18:43:29.296 INFO  ReductionDriver - Result from initial state is not interesting (attempt 4)
18:43:29.342 INFO  ExecHelper - interestingness_test /opt/reduce/intel_iris_xe_graphics/syn_branch_syn/variant_124.comp reduction_results/intel_iris_xe_graphics/syn_branch_syn/variant_124/variant_124.json
18:43:29.343 INFO  StreamGobblerLogger - stderr.env: ‘interestingness_test’: No such file or directory
18:43:29.343 INFO  ExecHelper - Result: 127
18:43:29.343 INFO  CustomFileJudge - Custom file judge result: 127
18:43:29.343 INFO  ReductionDriver - Result from initial state is not interesting (attempt 5)
18:43:29.343 INFO  ReductionDriver - Tried 5 times; stopping.
Reduction command: java -ea -cp /opt/graphicsfuzz/graphicsfuzz/target/graphicsfuzz/python/drivers/../../jar/tool-1.0.jar com.graphicsfuzz.reducer.tool.GlslReduce /opt/reduce/intel_iris_xe_graphics/syn_branch_syn/variant_124.json interestingness_test --output reduction_results/intel_iris_xe_graphics/syn_branch_syn/variant_124 /opt/reduce/intel_iris_xe_graphics/syn_branch_syn/variant_124.comp
