19:04:53.508 INFO  ExecHelper - /opt/graphicsfuzz/graphicsfuzz/target/graphicsfuzz/bin/Linux/glslangValidator -E --stdin -S comp
19:04:53.622 INFO  ExecHelper - Result: 0
19:04:54.521 INFO  ReductionDriver - Starting reduction for variant_055
19:04:54.543 INFO  ExecHelper - interestingness_test /opt/reduce/intel_iris_xe_graphics/syn_memory_converge_atomic/variant_055.comp reduction_results/intel_iris_xe_graphics/syn_memory_converge_atomic/variant_055/variant_055.json
19:04:54.545 INFO  StreamGobblerLogger - stderr.env: ‘interestingness_test’: No such file or directory
19:04:54.545 INFO  ExecHelper - Result: 127
19:04:54.545 INFO  CustomFileJudge - Custom file judge result: 127
19:04:54.545 INFO  ReductionDriver - Result from initial state is not interesting (attempt 1)
19:04:54.558 INFO  ExecHelper - interestingness_test /opt/reduce/intel_iris_xe_graphics/syn_memory_converge_atomic/variant_055.comp reduction_results/intel_iris_xe_graphics/syn_memory_converge_atomic/variant_055/variant_055.json
19:04:54.559 INFO  StreamGobblerLogger - stderr.env: ‘interestingness_test’: No such file or directory
19:04:54.559 INFO  ExecHelper - Result: 127
19:04:54.559 INFO  CustomFileJudge - Custom file judge result: 127
19:04:54.559 INFO  ReductionDriver - Result from initial state is not interesting (attempt 2)
19:04:54.572 INFO  ExecHelper - interestingness_test /opt/reduce/intel_iris_xe_graphics/syn_memory_converge_atomic/variant_055.comp reduction_results/intel_iris_xe_graphics/syn_memory_converge_atomic/variant_055/variant_055.json
19:04:54.573 INFO  StreamGobblerLogger - stderr.env: ‘interestingness_test’: No such file or directory
19:04:54.574 INFO  ExecHelper - Result: 127
19:04:54.574 INFO  CustomFileJudge - Custom file judge result: 127
19:04:54.574 INFO  ReductionDriver - Result from initial state is not interesting (attempt 3)
19:04:54.584 INFO  ExecHelper - interestingness_test /opt/reduce/intel_iris_xe_graphics/syn_memory_converge_atomic/variant_055.comp reduction_results/intel_iris_xe_graphics/syn_memory_converge_atomic/variant_055/variant_055.json
19:04:54.585 INFO  StreamGobblerLogger - stderr.env: ‘interestingness_test’: No such file or directory
19:04:54.586 INFO  ExecHelper - Result: 127
19:04:54.586 INFO  CustomFileJudge - Custom file judge result: 127
19:04:54.586 INFO  ReductionDriver - Result from initial state is not interesting (attempt 4)
19:04:54.594 INFO  ExecHelper - interestingness_test /opt/reduce/intel_iris_xe_graphics/syn_memory_converge_atomic/variant_055.comp reduction_results/intel_iris_xe_graphics/syn_memory_converge_atomic/variant_055/variant_055.json
19:04:54.595 INFO  StreamGobblerLogger - stderr.env: ‘interestingness_test’: No such file or directory
19:04:54.595 INFO  ExecHelper - Result: 127
19:04:54.595 INFO  CustomFileJudge - Custom file judge result: 127
19:04:54.595 INFO  ReductionDriver - Result from initial state is not interesting (attempt 5)
19:04:54.596 INFO  ReductionDriver - Tried 5 times; stopping.
Reduction command: java -ea -cp /opt/graphicsfuzz/graphicsfuzz/target/graphicsfuzz/python/drivers/../../jar/tool-1.0.jar com.graphicsfuzz.reducer.tool.GlslReduce /opt/reduce/intel_iris_xe_graphics/syn_memory_converge_atomic/variant_055.json interestingness_test --output reduction_results/intel_iris_xe_graphics/syn_memory_converge_atomic/variant_055 /opt/reduce/intel_iris_xe_graphics/syn_memory_converge_atomic/variant_055.comp
