18:32:55.193 INFO  ExecHelper - /opt/graphicsfuzz/graphicsfuzz/target/graphicsfuzz/bin/Linux/glslangValidator -E --stdin -S comp
18:32:55.240 INFO  ExecHelper - Result: 0
18:32:55.298 INFO  ReductionDriver - Starting reduction for variant_409
18:32:55.303 INFO  ExecHelper - interestingness_test /opt/reduce/cezanne_radeon_vega/syn_memory_converge_atomic/variant_409.comp reduction_results/cezanne_radeon_vega/syn_memory_converge_atomic/variant_409/variant_409.json
18:32:55.305 INFO  StreamGobblerLogger - stderr.env: ‘interestingness_test’: No such file or directory
18:32:55.306 INFO  ExecHelper - Result: 127
18:32:55.306 INFO  CustomFileJudge - Custom file judge result: 127
18:32:55.306 INFO  ReductionDriver - Result from initial state is not interesting (attempt 1)
18:32:55.307 INFO  ExecHelper - interestingness_test /opt/reduce/cezanne_radeon_vega/syn_memory_converge_atomic/variant_409.comp reduction_results/cezanne_radeon_vega/syn_memory_converge_atomic/variant_409/variant_409.json
18:32:55.308 INFO  StreamGobblerLogger - stderr.env: ‘interestingness_test’: No such file or directory
18:32:55.308 INFO  ExecHelper - Result: 127
18:32:55.308 INFO  CustomFileJudge - Custom file judge result: 127
18:32:55.308 INFO  ReductionDriver - Result from initial state is not interesting (attempt 2)
18:32:55.309 INFO  ExecHelper - interestingness_test /opt/reduce/cezanne_radeon_vega/syn_memory_converge_atomic/variant_409.comp reduction_results/cezanne_radeon_vega/syn_memory_converge_atomic/variant_409/variant_409.json
18:32:55.310 INFO  StreamGobblerLogger - stderr.env: ‘interestingness_test’: No such file or directory
18:32:55.310 INFO  ExecHelper - Result: 127
18:32:55.310 INFO  CustomFileJudge - Custom file judge result: 127
18:32:55.311 INFO  ReductionDriver - Result from initial state is not interesting (attempt 3)
18:32:55.311 INFO  ExecHelper - interestingness_test /opt/reduce/cezanne_radeon_vega/syn_memory_converge_atomic/variant_409.comp reduction_results/cezanne_radeon_vega/syn_memory_converge_atomic/variant_409/variant_409.json
18:32:55.312 INFO  StreamGobblerLogger - stderr.env: ‘interestingness_test’: No such file or directory
18:32:55.313 INFO  ExecHelper - Result: 127
18:32:55.313 INFO  CustomFileJudge - Custom file judge result: 127
18:32:55.313 INFO  ReductionDriver - Result from initial state is not interesting (attempt 4)
18:32:55.313 INFO  ExecHelper - interestingness_test /opt/reduce/cezanne_radeon_vega/syn_memory_converge_atomic/variant_409.comp reduction_results/cezanne_radeon_vega/syn_memory_converge_atomic/variant_409/variant_409.json
18:32:55.314 INFO  StreamGobblerLogger - stderr.env: ‘interestingness_test’: No such file or directory
18:32:55.315 INFO  ExecHelper - Result: 127
18:32:55.315 INFO  CustomFileJudge - Custom file judge result: 127
18:32:55.315 INFO  ReductionDriver - Result from initial state is not interesting (attempt 5)
18:32:55.315 INFO  ReductionDriver - Tried 5 times; stopping.
Reduction command: java -ea -cp /opt/graphicsfuzz/graphicsfuzz/target/graphicsfuzz/python/drivers/../../jar/tool-1.0.jar com.graphicsfuzz.reducer.tool.GlslReduce /opt/reduce/cezanne_radeon_vega/syn_memory_converge_atomic/variant_409.json interestingness_test --output reduction_results/cezanne_radeon_vega/syn_memory_converge_atomic/variant_409 /opt/reduce/cezanne_radeon_vega/syn_memory_converge_atomic/variant_409.comp
