19:38:34.108 INFO  ExecHelper - /opt/graphicsfuzz/graphicsfuzz/target/graphicsfuzz/bin/Linux/glslangValidator -E --stdin -S comp
19:38:34.178 INFO  ExecHelper - Result: 0
19:38:34.527 INFO  ReductionDriver - Starting reduction for variant_880
19:38:34.555 INFO  ExecHelper - interestingness_test /opt/reduce/rtx_4070/syn_memory_converge/variant_880.comp reduction_results/rtx_4070/syn_memory_converge/variant_880/variant_880.json
19:38:34.557 INFO  StreamGobblerLogger - stderr.env: ‘interestingness_test’: No such file or directory
19:38:34.557 INFO  ExecHelper - Result: 127
19:38:34.558 INFO  CustomFileJudge - Custom file judge result: 127
19:38:34.558 INFO  ReductionDriver - Result from initial state is not interesting (attempt 1)
19:38:34.567 INFO  ExecHelper - interestingness_test /opt/reduce/rtx_4070/syn_memory_converge/variant_880.comp reduction_results/rtx_4070/syn_memory_converge/variant_880/variant_880.json
19:38:34.569 INFO  StreamGobblerLogger - stderr.env: ‘interestingness_test’: No such file or directory
19:38:34.569 INFO  ExecHelper - Result: 127
19:38:34.569 INFO  CustomFileJudge - Custom file judge result: 127
19:38:34.569 INFO  ReductionDriver - Result from initial state is not interesting (attempt 2)
19:38:34.577 INFO  ExecHelper - interestingness_test /opt/reduce/rtx_4070/syn_memory_converge/variant_880.comp reduction_results/rtx_4070/syn_memory_converge/variant_880/variant_880.json
19:38:34.578 INFO  StreamGobblerLogger - stderr.env: ‘interestingness_test’: No such file or directory
19:38:34.579 INFO  ExecHelper - Result: 127
19:38:34.579 INFO  CustomFileJudge - Custom file judge result: 127
19:38:34.579 INFO  ReductionDriver - Result from initial state is not interesting (attempt 3)
19:38:34.586 INFO  ExecHelper - interestingness_test /opt/reduce/rtx_4070/syn_memory_converge/variant_880.comp reduction_results/rtx_4070/syn_memory_converge/variant_880/variant_880.json
19:38:34.587 INFO  StreamGobblerLogger - stderr.env: ‘interestingness_test’: No such file or directory
19:38:34.588 INFO  ExecHelper - Result: 127
19:38:34.588 INFO  CustomFileJudge - Custom file judge result: 127
19:38:34.588 INFO  ReductionDriver - Result from initial state is not interesting (attempt 4)
19:38:34.596 INFO  ExecHelper - interestingness_test /opt/reduce/rtx_4070/syn_memory_converge/variant_880.comp reduction_results/rtx_4070/syn_memory_converge/variant_880/variant_880.json
19:38:34.597 INFO  StreamGobblerLogger - stderr.env: ‘interestingness_test’: No such file or directory
19:38:34.597 INFO  ExecHelper - Result: 127
19:38:34.597 INFO  CustomFileJudge - Custom file judge result: 127
19:38:34.597 INFO  ReductionDriver - Result from initial state is not interesting (attempt 5)
19:38:34.597 INFO  ReductionDriver - Tried 5 times; stopping.
Reduction command: java -ea -cp /opt/graphicsfuzz/graphicsfuzz/target/graphicsfuzz/python/drivers/../../jar/tool-1.0.jar com.graphicsfuzz.reducer.tool.GlslReduce /opt/reduce/rtx_4070/syn_memory_converge/variant_880.json interestingness_test --output reduction_results/rtx_4070/syn_memory_converge/variant_880 /opt/reduce/rtx_4070/syn_memory_converge/variant_880.comp
