18:11:13.341 INFO  ExecHelper - /opt/graphicsfuzz/graphicsfuzz/target/graphicsfuzz/bin/Linux/glslangValidator -E --stdin -S comp
18:11:13.450 INFO  ExecHelper - Result: 0
18:11:14.266 INFO  ReductionDriver - Starting reduction for variant_820
18:11:14.287 INFO  ExecHelper - interestingness_test /opt/reduce/cezanne_radeon_vega/syn_branch_syn/variant_820.comp reduction_results/cezanne_radeon_vega/syn_branch_syn/variant_820/variant_820.json
18:11:14.289 INFO  StreamGobblerLogger - stderr.env: ‘interestingness_test’: No such file or directory
18:11:14.289 INFO  ExecHelper - Result: 127
18:11:14.289 INFO  CustomFileJudge - Custom file judge result: 127
18:11:14.289 INFO  ReductionDriver - Result from initial state is not interesting (attempt 1)
18:11:14.300 INFO  ExecHelper - interestingness_test /opt/reduce/cezanne_radeon_vega/syn_branch_syn/variant_820.comp reduction_results/cezanne_radeon_vega/syn_branch_syn/variant_820/variant_820.json
18:11:14.301 INFO  StreamGobblerLogger - stderr.env: ‘interestingness_test’: No such file or directory
18:11:14.301 INFO  ExecHelper - Result: 127
18:11:14.301 INFO  CustomFileJudge - Custom file judge result: 127
18:11:14.301 INFO  ReductionDriver - Result from initial state is not interesting (attempt 2)
18:11:14.320 INFO  ExecHelper - interestingness_test /opt/reduce/cezanne_radeon_vega/syn_branch_syn/variant_820.comp reduction_results/cezanne_radeon_vega/syn_branch_syn/variant_820/variant_820.json
18:11:14.321 INFO  StreamGobblerLogger - stderr.env: ‘interestingness_test’: No such file or directory
18:11:14.322 INFO  ExecHelper - Result: 127
18:11:14.322 INFO  CustomFileJudge - Custom file judge result: 127
18:11:14.322 INFO  ReductionDriver - Result from initial state is not interesting (attempt 3)
18:11:14.330 INFO  ExecHelper - interestingness_test /opt/reduce/cezanne_radeon_vega/syn_branch_syn/variant_820.comp reduction_results/cezanne_radeon_vega/syn_branch_syn/variant_820/variant_820.json
18:11:14.331 INFO  StreamGobblerLogger - stderr.env: ‘interestingness_test’: No such file or directory
18:11:14.331 INFO  ExecHelper - Result: 127
18:11:14.331 INFO  CustomFileJudge - Custom file judge result: 127
18:11:14.331 INFO  ReductionDriver - Result from initial state is not interesting (attempt 4)
18:11:14.339 INFO  ExecHelper - interestingness_test /opt/reduce/cezanne_radeon_vega/syn_branch_syn/variant_820.comp reduction_results/cezanne_radeon_vega/syn_branch_syn/variant_820/variant_820.json
18:11:14.340 INFO  StreamGobblerLogger - stderr.env: ‘interestingness_test’: No such file or directory
18:11:14.341 INFO  ExecHelper - Result: 127
18:11:14.341 INFO  CustomFileJudge - Custom file judge result: 127
18:11:14.341 INFO  ReductionDriver - Result from initial state is not interesting (attempt 5)
18:11:14.341 INFO  ReductionDriver - Tried 5 times; stopping.
Reduction command: java -ea -cp /opt/graphicsfuzz/graphicsfuzz/target/graphicsfuzz/python/drivers/../../jar/tool-1.0.jar com.graphicsfuzz.reducer.tool.GlslReduce /opt/reduce/cezanne_radeon_vega/syn_branch_syn/variant_820.json interestingness_test --output reduction_results/cezanne_radeon_vega/syn_branch_syn/variant_820 /opt/reduce/cezanne_radeon_vega/syn_branch_syn/variant_820.comp
