18:15:06.080 INFO  ExecHelper - /opt/graphicsfuzz/graphicsfuzz/target/graphicsfuzz/bin/Linux/glslangValidator -E --stdin -S comp
18:15:06.133 INFO  ExecHelper - Result: 0
18:15:06.583 INFO  ReductionDriver - Starting reduction for variant_096
18:15:06.678 INFO  ExecHelper - interestingness_test /opt/reduce/cezanne_radeon_vega/syn_memory_converge/variant_096.comp reduction_results/cezanne_radeon_vega/syn_memory_converge/variant_096/variant_096.json
18:15:06.680 INFO  StreamGobblerLogger - stderr.env: ‘interestingness_test’: No such file or directory
18:15:06.680 INFO  ExecHelper - Result: 127
18:15:06.681 INFO  CustomFileJudge - Custom file judge result: 127
18:15:06.681 INFO  ReductionDriver - Result from initial state is not interesting (attempt 1)
18:15:06.745 INFO  ExecHelper - interestingness_test /opt/reduce/cezanne_radeon_vega/syn_memory_converge/variant_096.comp reduction_results/cezanne_radeon_vega/syn_memory_converge/variant_096/variant_096.json
18:15:06.746 INFO  StreamGobblerLogger - stderr.env: ‘interestingness_test’: No such file or directory
18:15:06.747 INFO  ExecHelper - Result: 127
18:15:06.747 INFO  CustomFileJudge - Custom file judge result: 127
18:15:06.747 INFO  ReductionDriver - Result from initial state is not interesting (attempt 2)
18:15:06.807 INFO  ExecHelper - interestingness_test /opt/reduce/cezanne_radeon_vega/syn_memory_converge/variant_096.comp reduction_results/cezanne_radeon_vega/syn_memory_converge/variant_096/variant_096.json
18:15:06.809 INFO  StreamGobblerLogger - stderr.env: ‘interestingness_test’: No such file or directory
18:15:06.809 INFO  ExecHelper - Result: 127
18:15:06.809 INFO  CustomFileJudge - Custom file judge result: 127
18:15:06.809 INFO  ReductionDriver - Result from initial state is not interesting (attempt 3)
18:15:06.875 INFO  ExecHelper - interestingness_test /opt/reduce/cezanne_radeon_vega/syn_memory_converge/variant_096.comp reduction_results/cezanne_radeon_vega/syn_memory_converge/variant_096/variant_096.json
18:15:06.876 INFO  StreamGobblerLogger - stderr.env: ‘interestingness_test’: No such file or directory
18:15:06.877 INFO  ExecHelper - Result: 127
18:15:06.878 INFO  CustomFileJudge - Custom file judge result: 127
18:15:06.878 INFO  ReductionDriver - Result from initial state is not interesting (attempt 4)
18:15:06.936 INFO  ExecHelper - interestingness_test /opt/reduce/cezanne_radeon_vega/syn_memory_converge/variant_096.comp reduction_results/cezanne_radeon_vega/syn_memory_converge/variant_096/variant_096.json
18:15:06.938 INFO  StreamGobblerLogger - stderr.env: ‘interestingness_test’: No such file or directory
18:15:06.938 INFO  ExecHelper - Result: 127
18:15:06.938 INFO  CustomFileJudge - Custom file judge result: 127
18:15:06.938 INFO  ReductionDriver - Result from initial state is not interesting (attempt 5)
18:15:06.938 INFO  ReductionDriver - Tried 5 times; stopping.
Reduction command: java -ea -cp /opt/graphicsfuzz/graphicsfuzz/target/graphicsfuzz/python/drivers/../../jar/tool-1.0.jar com.graphicsfuzz.reducer.tool.GlslReduce /opt/reduce/cezanne_radeon_vega/syn_memory_converge/variant_096.json interestingness_test --output reduction_results/cezanne_radeon_vega/syn_memory_converge/variant_096 /opt/reduce/cezanne_radeon_vega/syn_memory_converge/variant_096.comp
