18:49:45.752 INFO  ExecHelper - /opt/graphicsfuzz/graphicsfuzz/target/graphicsfuzz/bin/Linux/glslangValidator -E --stdin -S comp
18:49:45.811 INFO  ExecHelper - Result: 0
18:49:46.144 INFO  ReductionDriver - Starting reduction for variant_783
18:49:46.247 INFO  ExecHelper - interestingness_test /opt/reduce/intel_iris_xe_graphics/syn_lock_step_release/variant_783.comp reduction_results/intel_iris_xe_graphics/syn_lock_step_release/variant_783/variant_783.json
18:49:46.249 INFO  StreamGobblerLogger - stderr.env: ‘interestingness_test’: No such file or directory
18:49:46.249 INFO  ExecHelper - Result: 127
18:49:46.249 INFO  CustomFileJudge - Custom file judge result: 127
18:49:46.249 INFO  ReductionDriver - Result from initial state is not interesting (attempt 1)
18:49:46.339 INFO  ExecHelper - interestingness_test /opt/reduce/intel_iris_xe_graphics/syn_lock_step_release/variant_783.comp reduction_results/intel_iris_xe_graphics/syn_lock_step_release/variant_783/variant_783.json
18:49:46.340 INFO  StreamGobblerLogger - stderr.env: ‘interestingness_test’: No such file or directory
18:49:46.341 INFO  ExecHelper - Result: 127
18:49:46.341 INFO  CustomFileJudge - Custom file judge result: 127
18:49:46.341 INFO  ReductionDriver - Result from initial state is not interesting (attempt 2)
18:49:46.423 INFO  ExecHelper - interestingness_test /opt/reduce/intel_iris_xe_graphics/syn_lock_step_release/variant_783.comp reduction_results/intel_iris_xe_graphics/syn_lock_step_release/variant_783/variant_783.json
18:49:46.425 INFO  StreamGobblerLogger - stderr.env: ‘interestingness_test’: No such file or directory
18:49:46.426 INFO  ExecHelper - Result: 127
18:49:46.426 INFO  CustomFileJudge - Custom file judge result: 127
18:49:46.426 INFO  ReductionDriver - Result from initial state is not interesting (attempt 3)
18:49:46.506 INFO  ExecHelper - interestingness_test /opt/reduce/intel_iris_xe_graphics/syn_lock_step_release/variant_783.comp reduction_results/intel_iris_xe_graphics/syn_lock_step_release/variant_783/variant_783.json
18:49:46.507 INFO  StreamGobblerLogger - stderr.env: ‘interestingness_test’: No such file or directory
18:49:46.508 INFO  ExecHelper - Result: 127
18:49:46.508 INFO  CustomFileJudge - Custom file judge result: 127
18:49:46.508 INFO  ReductionDriver - Result from initial state is not interesting (attempt 4)
18:49:46.593 INFO  ExecHelper - interestingness_test /opt/reduce/intel_iris_xe_graphics/syn_lock_step_release/variant_783.comp reduction_results/intel_iris_xe_graphics/syn_lock_step_release/variant_783/variant_783.json
18:49:46.595 INFO  StreamGobblerLogger - stderr.env: ‘interestingness_test’: No such file or directory
18:49:46.596 INFO  ExecHelper - Result: 127
18:49:46.596 INFO  CustomFileJudge - Custom file judge result: 127
18:49:46.596 INFO  ReductionDriver - Result from initial state is not interesting (attempt 5)
18:49:46.596 INFO  ReductionDriver - Tried 5 times; stopping.
Reduction command: java -ea -cp /opt/graphicsfuzz/graphicsfuzz/target/graphicsfuzz/python/drivers/../../jar/tool-1.0.jar com.graphicsfuzz.reducer.tool.GlslReduce /opt/reduce/intel_iris_xe_graphics/syn_lock_step_release/variant_783.json interestingness_test --output reduction_results/intel_iris_xe_graphics/syn_lock_step_release/variant_783 /opt/reduce/intel_iris_xe_graphics/syn_lock_step_release/variant_783.comp
