19:20:14.427 INFO  ExecHelper - /opt/graphicsfuzz/graphicsfuzz/target/graphicsfuzz/bin/Linux/glslangValidator -E --stdin -S comp
19:20:14.549 INFO  ExecHelper - Result: 0
19:20:15.104 INFO  ReductionDriver - Starting reduction for variant_903
19:20:15.122 INFO  ExecHelper - interestingness_test /opt/reduce/intel_iris_xe_graphics/syn_subgroup_op/variant_903.comp reduction_results/intel_iris_xe_graphics/syn_subgroup_op/variant_903/variant_903.json
19:20:15.124 INFO  StreamGobblerLogger - stderr.env: ‘interestingness_test’: No such file or directory
19:20:15.125 INFO  ExecHelper - Result: 127
19:20:15.125 INFO  CustomFileJudge - Custom file judge result: 127
19:20:15.125 INFO  ReductionDriver - Result from initial state is not interesting (attempt 1)
19:20:15.132 INFO  ExecHelper - interestingness_test /opt/reduce/intel_iris_xe_graphics/syn_subgroup_op/variant_903.comp reduction_results/intel_iris_xe_graphics/syn_subgroup_op/variant_903/variant_903.json
19:20:15.133 INFO  StreamGobblerLogger - stderr.env: ‘interestingness_test’: No such file or directory
19:20:15.134 INFO  ExecHelper - Result: 127
19:20:15.134 INFO  CustomFileJudge - Custom file judge result: 127
19:20:15.134 INFO  ReductionDriver - Result from initial state is not interesting (attempt 2)
19:20:15.140 INFO  ExecHelper - interestingness_test /opt/reduce/intel_iris_xe_graphics/syn_subgroup_op/variant_903.comp reduction_results/intel_iris_xe_graphics/syn_subgroup_op/variant_903/variant_903.json
19:20:15.141 INFO  StreamGobblerLogger - stderr.env: ‘interestingness_test’: No such file or directory
19:20:15.142 INFO  ExecHelper - Result: 127
19:20:15.142 INFO  CustomFileJudge - Custom file judge result: 127
19:20:15.142 INFO  ReductionDriver - Result from initial state is not interesting (attempt 3)
19:20:15.149 INFO  ExecHelper - interestingness_test /opt/reduce/intel_iris_xe_graphics/syn_subgroup_op/variant_903.comp reduction_results/intel_iris_xe_graphics/syn_subgroup_op/variant_903/variant_903.json
19:20:15.150 INFO  StreamGobblerLogger - stderr.env: ‘interestingness_test’: No such file or directory
19:20:15.150 INFO  ExecHelper - Result: 127
19:20:15.150 INFO  CustomFileJudge - Custom file judge result: 127
19:20:15.150 INFO  ReductionDriver - Result from initial state is not interesting (attempt 4)
19:20:15.156 INFO  ExecHelper - interestingness_test /opt/reduce/intel_iris_xe_graphics/syn_subgroup_op/variant_903.comp reduction_results/intel_iris_xe_graphics/syn_subgroup_op/variant_903/variant_903.json
19:20:15.157 INFO  StreamGobblerLogger - stderr.env: ‘interestingness_test’: No such file or directory
19:20:15.157 INFO  ExecHelper - Result: 127
19:20:15.157 INFO  CustomFileJudge - Custom file judge result: 127
19:20:15.157 INFO  ReductionDriver - Result from initial state is not interesting (attempt 5)
19:20:15.157 INFO  ReductionDriver - Tried 5 times; stopping.
Reduction command: java -ea -cp /opt/graphicsfuzz/graphicsfuzz/target/graphicsfuzz/python/drivers/../../jar/tool-1.0.jar com.graphicsfuzz.reducer.tool.GlslReduce /opt/reduce/intel_iris_xe_graphics/syn_subgroup_op/variant_903.json interestingness_test --output reduction_results/intel_iris_xe_graphics/syn_subgroup_op/variant_903 /opt/reduce/intel_iris_xe_graphics/syn_subgroup_op/variant_903.comp
