18:32:52.326 INFO  ExecHelper - /opt/graphicsfuzz/graphicsfuzz/target/graphicsfuzz/bin/Linux/glslangValidator -E --stdin -S comp
18:32:52.376 INFO  ExecHelper - Result: 0
18:32:52.470 INFO  ReductionDriver - Starting reduction for variant_405
18:32:52.479 INFO  ExecHelper - interestingness_test /opt/reduce/cezanne_radeon_vega/syn_memory_converge_atomic/variant_405.comp reduction_results/cezanne_radeon_vega/syn_memory_converge_atomic/variant_405/variant_405.json
18:32:52.480 INFO  StreamGobblerLogger - stderr.env: ‘interestingness_test’: No such file or directory
18:32:52.481 INFO  ExecHelper - Result: 127
18:32:52.481 INFO  CustomFileJudge - Custom file judge result: 127
18:32:52.481 INFO  ReductionDriver - Result from initial state is not interesting (attempt 1)
18:32:52.484 INFO  ExecHelper - interestingness_test /opt/reduce/cezanne_radeon_vega/syn_memory_converge_atomic/variant_405.comp reduction_results/cezanne_radeon_vega/syn_memory_converge_atomic/variant_405/variant_405.json
18:32:52.485 INFO  StreamGobblerLogger - stderr.env: ‘interestingness_test’: No such file or directory
18:32:52.485 INFO  ExecHelper - Result: 127
18:32:52.485 INFO  CustomFileJudge - Custom file judge result: 127
18:32:52.485 INFO  ReductionDriver - Result from initial state is not interesting (attempt 2)
18:32:52.487 INFO  ExecHelper - interestingness_test /opt/reduce/cezanne_radeon_vega/syn_memory_converge_atomic/variant_405.comp reduction_results/cezanne_radeon_vega/syn_memory_converge_atomic/variant_405/variant_405.json
18:32:52.488 INFO  StreamGobblerLogger - stderr.env: ‘interestingness_test’: No such file or directory
18:32:52.489 INFO  ExecHelper - Result: 127
18:32:52.489 INFO  CustomFileJudge - Custom file judge result: 127
18:32:52.489 INFO  ReductionDriver - Result from initial state is not interesting (attempt 3)
18:32:52.490 INFO  ExecHelper - interestingness_test /opt/reduce/cezanne_radeon_vega/syn_memory_converge_atomic/variant_405.comp reduction_results/cezanne_radeon_vega/syn_memory_converge_atomic/variant_405/variant_405.json
18:32:52.492 INFO  StreamGobblerLogger - stderr.env: ‘interestingness_test’: No such file or directory
18:32:52.492 INFO  ExecHelper - Result: 127
18:32:52.492 INFO  CustomFileJudge - Custom file judge result: 127
18:32:52.492 INFO  ReductionDriver - Result from initial state is not interesting (attempt 4)
18:32:52.494 INFO  ExecHelper - interestingness_test /opt/reduce/cezanne_radeon_vega/syn_memory_converge_atomic/variant_405.comp reduction_results/cezanne_radeon_vega/syn_memory_converge_atomic/variant_405/variant_405.json
18:32:52.495 INFO  StreamGobblerLogger - stderr.env: ‘interestingness_test’: No such file or directory
18:32:52.496 INFO  ExecHelper - Result: 127
18:32:52.496 INFO  CustomFileJudge - Custom file judge result: 127
18:32:52.496 INFO  ReductionDriver - Result from initial state is not interesting (attempt 5)
18:32:52.496 INFO  ReductionDriver - Tried 5 times; stopping.
Reduction command: java -ea -cp /opt/graphicsfuzz/graphicsfuzz/target/graphicsfuzz/python/drivers/../../jar/tool-1.0.jar com.graphicsfuzz.reducer.tool.GlslReduce /opt/reduce/cezanne_radeon_vega/syn_memory_converge_atomic/variant_405.json interestingness_test --output reduction_results/cezanne_radeon_vega/syn_memory_converge_atomic/variant_405 /opt/reduce/cezanne_radeon_vega/syn_memory_converge_atomic/variant_405.comp
