18:34:54.411 INFO  ExecHelper - /opt/graphicsfuzz/graphicsfuzz/target/graphicsfuzz/bin/Linux/glslangValidator -E --stdin -S comp
18:34:54.466 INFO  ExecHelper - Result: 0
18:34:54.789 INFO  ReductionDriver - Starting reduction for variant_552
18:34:54.867 INFO  ExecHelper - interestingness_test /opt/reduce/cezanne_radeon_vega/syn_memory_converge_atomic/variant_552.comp reduction_results/cezanne_radeon_vega/syn_memory_converge_atomic/variant_552/variant_552.json
18:34:54.868 INFO  StreamGobblerLogger - stderr.env: ‘interestingness_test’: No such file or directory
18:34:54.868 INFO  ExecHelper - Result: 127
18:34:54.868 INFO  CustomFileJudge - Custom file judge result: 127
18:34:54.869 INFO  ReductionDriver - Result from initial state is not interesting (attempt 1)
18:34:54.932 INFO  ExecHelper - interestingness_test /opt/reduce/cezanne_radeon_vega/syn_memory_converge_atomic/variant_552.comp reduction_results/cezanne_radeon_vega/syn_memory_converge_atomic/variant_552/variant_552.json
18:34:54.934 INFO  StreamGobblerLogger - stderr.env: ‘interestingness_test’: No such file or directory
18:34:54.934 INFO  ExecHelper - Result: 127
18:34:54.934 INFO  CustomFileJudge - Custom file judge result: 127
18:34:54.934 INFO  ReductionDriver - Result from initial state is not interesting (attempt 2)
18:34:54.996 INFO  ExecHelper - interestingness_test /opt/reduce/cezanne_radeon_vega/syn_memory_converge_atomic/variant_552.comp reduction_results/cezanne_radeon_vega/syn_memory_converge_atomic/variant_552/variant_552.json
18:34:54.997 INFO  StreamGobblerLogger - stderr.env: ‘interestingness_test’: No such file or directory
18:34:54.998 INFO  ExecHelper - Result: 127
18:34:54.998 INFO  CustomFileJudge - Custom file judge result: 127
18:34:54.998 INFO  ReductionDriver - Result from initial state is not interesting (attempt 3)
18:34:55.056 INFO  ExecHelper - interestingness_test /opt/reduce/cezanne_radeon_vega/syn_memory_converge_atomic/variant_552.comp reduction_results/cezanne_radeon_vega/syn_memory_converge_atomic/variant_552/variant_552.json
18:34:55.058 INFO  StreamGobblerLogger - stderr.env: ‘interestingness_test’: No such file or directory
18:34:55.059 INFO  ExecHelper - Result: 127
18:34:55.059 INFO  CustomFileJudge - Custom file judge result: 127
18:34:55.059 INFO  ReductionDriver - Result from initial state is not interesting (attempt 4)
18:34:55.116 INFO  ExecHelper - interestingness_test /opt/reduce/cezanne_radeon_vega/syn_memory_converge_atomic/variant_552.comp reduction_results/cezanne_radeon_vega/syn_memory_converge_atomic/variant_552/variant_552.json
18:34:55.117 INFO  StreamGobblerLogger - stderr.env: ‘interestingness_test’: No such file or directory
18:34:55.118 INFO  ExecHelper - Result: 127
18:34:55.118 INFO  CustomFileJudge - Custom file judge result: 127
18:34:55.118 INFO  ReductionDriver - Result from initial state is not interesting (attempt 5)
18:34:55.118 INFO  ReductionDriver - Tried 5 times; stopping.
Reduction command: java -ea -cp /opt/graphicsfuzz/graphicsfuzz/target/graphicsfuzz/python/drivers/../../jar/tool-1.0.jar com.graphicsfuzz.reducer.tool.GlslReduce /opt/reduce/cezanne_radeon_vega/syn_memory_converge_atomic/variant_552.json interestingness_test --output reduction_results/cezanne_radeon_vega/syn_memory_converge_atomic/variant_552 /opt/reduce/cezanne_radeon_vega/syn_memory_converge_atomic/variant_552.comp
