18:27:15.084 INFO  ExecHelper - /opt/graphicsfuzz/graphicsfuzz/target/graphicsfuzz/bin/Linux/glslangValidator -E --stdin -S comp
18:27:15.202 INFO  ExecHelper - Result: 0
18:27:16.601 INFO  ReductionDriver - Starting reduction for variant_003
18:27:16.620 INFO  ExecHelper - interestingness_test /opt/reduce/cezanne_radeon_vega/syn_memory_converge_atomic/variant_003.comp reduction_results/cezanne_radeon_vega/syn_memory_converge_atomic/variant_003/variant_003.json
18:27:16.621 INFO  StreamGobblerLogger - stderr.env: ‘interestingness_test’: No such file or directory
18:27:16.622 INFO  ExecHelper - Result: 127
18:27:16.622 INFO  CustomFileJudge - Custom file judge result: 127
18:27:16.622 INFO  ReductionDriver - Result from initial state is not interesting (attempt 1)
18:27:16.630 INFO  ExecHelper - interestingness_test /opt/reduce/cezanne_radeon_vega/syn_memory_converge_atomic/variant_003.comp reduction_results/cezanne_radeon_vega/syn_memory_converge_atomic/variant_003/variant_003.json
18:27:16.631 INFO  StreamGobblerLogger - stderr.env: ‘interestingness_test’: No such file or directory
18:27:16.632 INFO  ExecHelper - Result: 127
18:27:16.632 INFO  CustomFileJudge - Custom file judge result: 127
18:27:16.632 INFO  ReductionDriver - Result from initial state is not interesting (attempt 2)
18:27:16.667 INFO  ExecHelper - interestingness_test /opt/reduce/cezanne_radeon_vega/syn_memory_converge_atomic/variant_003.comp reduction_results/cezanne_radeon_vega/syn_memory_converge_atomic/variant_003/variant_003.json
18:27:16.668 INFO  StreamGobblerLogger - stderr.env: ‘interestingness_test’: No such file or directory
18:27:16.670 INFO  ExecHelper - Result: 127
18:27:16.670 INFO  CustomFileJudge - Custom file judge result: 127
18:27:16.670 INFO  ReductionDriver - Result from initial state is not interesting (attempt 3)
18:27:16.678 INFO  ExecHelper - interestingness_test /opt/reduce/cezanne_radeon_vega/syn_memory_converge_atomic/variant_003.comp reduction_results/cezanne_radeon_vega/syn_memory_converge_atomic/variant_003/variant_003.json
18:27:16.679 INFO  StreamGobblerLogger - stderr.env: ‘interestingness_test’: No such file or directory
18:27:16.679 INFO  ExecHelper - Result: 127
18:27:16.679 INFO  CustomFileJudge - Custom file judge result: 127
18:27:16.679 INFO  ReductionDriver - Result from initial state is not interesting (attempt 4)
18:27:16.686 INFO  ExecHelper - interestingness_test /opt/reduce/cezanne_radeon_vega/syn_memory_converge_atomic/variant_003.comp reduction_results/cezanne_radeon_vega/syn_memory_converge_atomic/variant_003/variant_003.json
18:27:16.687 INFO  StreamGobblerLogger - stderr.env: ‘interestingness_test’: No such file or directory
18:27:16.687 INFO  ExecHelper - Result: 127
18:27:16.687 INFO  CustomFileJudge - Custom file judge result: 127
18:27:16.687 INFO  ReductionDriver - Result from initial state is not interesting (attempt 5)
18:27:16.687 INFO  ReductionDriver - Tried 5 times; stopping.
Reduction command: java -ea -cp /opt/graphicsfuzz/graphicsfuzz/target/graphicsfuzz/python/drivers/../../jar/tool-1.0.jar com.graphicsfuzz.reducer.tool.GlslReduce /opt/reduce/cezanne_radeon_vega/syn_memory_converge_atomic/variant_003.json interestingness_test --output reduction_results/cezanne_radeon_vega/syn_memory_converge_atomic/variant_003 /opt/reduce/cezanne_radeon_vega/syn_memory_converge_atomic/variant_003.comp
