19:10:00.705 INFO  ExecHelper - /opt/graphicsfuzz/graphicsfuzz/target/graphicsfuzz/bin/Linux/glslangValidator -E --stdin -S comp
19:10:00.777 INFO  ExecHelper - Result: 0
19:10:01.105 INFO  ReductionDriver - Starting reduction for variant_400
19:10:01.124 INFO  ExecHelper - interestingness_test /opt/reduce/intel_iris_xe_graphics/syn_memory_converge_atomic/variant_400.comp reduction_results/intel_iris_xe_graphics/syn_memory_converge_atomic/variant_400/variant_400.json
19:10:01.125 INFO  StreamGobblerLogger - stderr.env: ‘interestingness_test’: No such file or directory
19:10:01.126 INFO  ExecHelper - Result: 127
19:10:01.126 INFO  CustomFileJudge - Custom file judge result: 127
19:10:01.126 INFO  ReductionDriver - Result from initial state is not interesting (attempt 1)
19:10:01.129 INFO  ExecHelper - interestingness_test /opt/reduce/intel_iris_xe_graphics/syn_memory_converge_atomic/variant_400.comp reduction_results/intel_iris_xe_graphics/syn_memory_converge_atomic/variant_400/variant_400.json
19:10:01.130 INFO  StreamGobblerLogger - stderr.env: ‘interestingness_test’: No such file or directory
19:10:01.130 INFO  ExecHelper - Result: 127
19:10:01.130 INFO  CustomFileJudge - Custom file judge result: 127
19:10:01.130 INFO  ReductionDriver - Result from initial state is not interesting (attempt 2)
19:10:01.133 INFO  ExecHelper - interestingness_test /opt/reduce/intel_iris_xe_graphics/syn_memory_converge_atomic/variant_400.comp reduction_results/intel_iris_xe_graphics/syn_memory_converge_atomic/variant_400/variant_400.json
19:10:01.134 INFO  StreamGobblerLogger - stderr.env: ‘interestingness_test’: No such file or directory
19:10:01.134 INFO  ExecHelper - Result: 127
19:10:01.134 INFO  CustomFileJudge - Custom file judge result: 127
19:10:01.135 INFO  ReductionDriver - Result from initial state is not interesting (attempt 3)
19:10:01.137 INFO  ExecHelper - interestingness_test /opt/reduce/intel_iris_xe_graphics/syn_memory_converge_atomic/variant_400.comp reduction_results/intel_iris_xe_graphics/syn_memory_converge_atomic/variant_400/variant_400.json
19:10:01.138 INFO  StreamGobblerLogger - stderr.env: ‘interestingness_test’: No such file or directory
19:10:01.138 INFO  ExecHelper - Result: 127
19:10:01.139 INFO  CustomFileJudge - Custom file judge result: 127
19:10:01.139 INFO  ReductionDriver - Result from initial state is not interesting (attempt 4)
19:10:01.141 INFO  ExecHelper - interestingness_test /opt/reduce/intel_iris_xe_graphics/syn_memory_converge_atomic/variant_400.comp reduction_results/intel_iris_xe_graphics/syn_memory_converge_atomic/variant_400/variant_400.json
19:10:01.142 INFO  StreamGobblerLogger - stderr.env: ‘interestingness_test’: No such file or directory
19:10:01.142 INFO  ExecHelper - Result: 127
19:10:01.142 INFO  CustomFileJudge - Custom file judge result: 127
19:10:01.142 INFO  ReductionDriver - Result from initial state is not interesting (attempt 5)
19:10:01.142 INFO  ReductionDriver - Tried 5 times; stopping.
Reduction command: java -ea -cp /opt/graphicsfuzz/graphicsfuzz/target/graphicsfuzz/python/drivers/../../jar/tool-1.0.jar com.graphicsfuzz.reducer.tool.GlslReduce /opt/reduce/intel_iris_xe_graphics/syn_memory_converge_atomic/variant_400.json interestingness_test --output reduction_results/intel_iris_xe_graphics/syn_memory_converge_atomic/variant_400 /opt/reduce/intel_iris_xe_graphics/syn_memory_converge_atomic/variant_400.comp
