19:26:18.400 INFO  ExecHelper - /opt/graphicsfuzz/graphicsfuzz/target/graphicsfuzz/bin/Linux/glslangValidator -E --stdin -S comp
19:26:18.454 INFO  ExecHelper - Result: 0
19:26:18.542 INFO  ReductionDriver - Starting reduction for variant_010
19:26:18.552 INFO  ExecHelper - interestingness_test /opt/reduce/rtx_4070/syn_memory_converge/variant_010.comp reduction_results/rtx_4070/syn_memory_converge/variant_010/variant_010.json
19:26:18.553 INFO  StreamGobblerLogger - stderr.env: ‘interestingness_test’: No such file or directory
19:26:18.554 INFO  ExecHelper - Result: 127
19:26:18.554 INFO  CustomFileJudge - Custom file judge result: 127
19:26:18.554 INFO  ReductionDriver - Result from initial state is not interesting (attempt 1)
19:26:18.560 INFO  ExecHelper - interestingness_test /opt/reduce/rtx_4070/syn_memory_converge/variant_010.comp reduction_results/rtx_4070/syn_memory_converge/variant_010/variant_010.json
19:26:18.561 INFO  StreamGobblerLogger - stderr.env: ‘interestingness_test’: No such file or directory
19:26:18.562 INFO  ExecHelper - Result: 127
19:26:18.562 INFO  CustomFileJudge - Custom file judge result: 127
19:26:18.562 INFO  ReductionDriver - Result from initial state is not interesting (attempt 2)
19:26:18.566 INFO  ExecHelper - interestingness_test /opt/reduce/rtx_4070/syn_memory_converge/variant_010.comp reduction_results/rtx_4070/syn_memory_converge/variant_010/variant_010.json
19:26:18.568 INFO  StreamGobblerLogger - stderr.env: ‘interestingness_test’: No such file or directory
19:26:18.568 INFO  ExecHelper - Result: 127
19:26:18.568 INFO  CustomFileJudge - Custom file judge result: 127
19:26:18.568 INFO  ReductionDriver - Result from initial state is not interesting (attempt 3)
19:26:18.572 INFO  ExecHelper - interestingness_test /opt/reduce/rtx_4070/syn_memory_converge/variant_010.comp reduction_results/rtx_4070/syn_memory_converge/variant_010/variant_010.json
19:26:18.574 INFO  StreamGobblerLogger - stderr.env: ‘interestingness_test’: No such file or directory
19:26:18.574 INFO  ExecHelper - Result: 127
19:26:18.574 INFO  CustomFileJudge - Custom file judge result: 127
19:26:18.574 INFO  ReductionDriver - Result from initial state is not interesting (attempt 4)
19:26:18.578 INFO  ExecHelper - interestingness_test /opt/reduce/rtx_4070/syn_memory_converge/variant_010.comp reduction_results/rtx_4070/syn_memory_converge/variant_010/variant_010.json
19:26:18.579 INFO  StreamGobblerLogger - stderr.env: ‘interestingness_test’: No such file or directory
19:26:18.580 INFO  ExecHelper - Result: 127
19:26:18.580 INFO  CustomFileJudge - Custom file judge result: 127
19:26:18.580 INFO  ReductionDriver - Result from initial state is not interesting (attempt 5)
19:26:18.580 INFO  ReductionDriver - Tried 5 times; stopping.
Reduction command: java -ea -cp /opt/graphicsfuzz/graphicsfuzz/target/graphicsfuzz/python/drivers/../../jar/tool-1.0.jar com.graphicsfuzz.reducer.tool.GlslReduce /opt/reduce/rtx_4070/syn_memory_converge/variant_010.json interestingness_test --output reduction_results/rtx_4070/syn_memory_converge/variant_010 /opt/reduce/rtx_4070/syn_memory_converge/variant_010.comp
