19:09:55.940 INFO  ExecHelper - /opt/graphicsfuzz/graphicsfuzz/target/graphicsfuzz/bin/Linux/glslangValidator -E --stdin -S comp
19:09:56.034 INFO  ExecHelper - Result: 0
19:09:56.674 INFO  ReductionDriver - Starting reduction for variant_394
19:09:56.689 INFO  ExecHelper - interestingness_test /opt/reduce/intel_iris_xe_graphics/syn_memory_converge_atomic/variant_394.comp reduction_results/intel_iris_xe_graphics/syn_memory_converge_atomic/variant_394/variant_394.json
19:09:56.690 INFO  StreamGobblerLogger - stderr.env: ‘interestingness_test’: No such file or directory
19:09:56.691 INFO  ExecHelper - Result: 127
19:09:56.691 INFO  CustomFileJudge - Custom file judge result: 127
19:09:56.691 INFO  ReductionDriver - Result from initial state is not interesting (attempt 1)
19:09:56.696 INFO  ExecHelper - interestingness_test /opt/reduce/intel_iris_xe_graphics/syn_memory_converge_atomic/variant_394.comp reduction_results/intel_iris_xe_graphics/syn_memory_converge_atomic/variant_394/variant_394.json
19:09:56.697 INFO  StreamGobblerLogger - stderr.env: ‘interestingness_test’: No such file or directory
19:09:56.698 INFO  ExecHelper - Result: 127
19:09:56.698 INFO  CustomFileJudge - Custom file judge result: 127
19:09:56.698 INFO  ReductionDriver - Result from initial state is not interesting (attempt 2)
19:09:56.702 INFO  ExecHelper - interestingness_test /opt/reduce/intel_iris_xe_graphics/syn_memory_converge_atomic/variant_394.comp reduction_results/intel_iris_xe_graphics/syn_memory_converge_atomic/variant_394/variant_394.json
19:09:56.703 INFO  StreamGobblerLogger - stderr.env: ‘interestingness_test’: No such file or directory
19:09:56.704 INFO  ExecHelper - Result: 127
19:09:56.704 INFO  CustomFileJudge - Custom file judge result: 127
19:09:56.704 INFO  ReductionDriver - Result from initial state is not interesting (attempt 3)
19:09:56.708 INFO  ExecHelper - interestingness_test /opt/reduce/intel_iris_xe_graphics/syn_memory_converge_atomic/variant_394.comp reduction_results/intel_iris_xe_graphics/syn_memory_converge_atomic/variant_394/variant_394.json
19:09:56.709 INFO  StreamGobblerLogger - stderr.env: ‘interestingness_test’: No such file or directory
19:09:56.710 INFO  ExecHelper - Result: 127
19:09:56.710 INFO  CustomFileJudge - Custom file judge result: 127
19:09:56.710 INFO  ReductionDriver - Result from initial state is not interesting (attempt 4)
19:09:56.714 INFO  ExecHelper - interestingness_test /opt/reduce/intel_iris_xe_graphics/syn_memory_converge_atomic/variant_394.comp reduction_results/intel_iris_xe_graphics/syn_memory_converge_atomic/variant_394/variant_394.json
19:09:56.715 INFO  StreamGobblerLogger - stderr.env: ‘interestingness_test’: No such file or directory
19:09:56.716 INFO  ExecHelper - Result: 127
19:09:56.716 INFO  CustomFileJudge - Custom file judge result: 127
19:09:56.716 INFO  ReductionDriver - Result from initial state is not interesting (attempt 5)
19:09:56.716 INFO  ReductionDriver - Tried 5 times; stopping.
Reduction command: java -ea -cp /opt/graphicsfuzz/graphicsfuzz/target/graphicsfuzz/python/drivers/../../jar/tool-1.0.jar com.graphicsfuzz.reducer.tool.GlslReduce /opt/reduce/intel_iris_xe_graphics/syn_memory_converge_atomic/variant_394.json interestingness_test --output reduction_results/intel_iris_xe_graphics/syn_memory_converge_atomic/variant_394 /opt/reduce/intel_iris_xe_graphics/syn_memory_converge_atomic/variant_394.comp
