19:12:18.090 INFO  ExecHelper - /opt/graphicsfuzz/graphicsfuzz/target/graphicsfuzz/bin/Linux/glslangValidator -E --stdin -S comp
19:12:18.153 INFO  ExecHelper - Result: 0
19:12:18.488 INFO  ReductionDriver - Starting reduction for variant_556
19:12:18.609 INFO  ExecHelper - interestingness_test /opt/reduce/intel_iris_xe_graphics/syn_memory_converge_atomic/variant_556.comp reduction_results/intel_iris_xe_graphics/syn_memory_converge_atomic/variant_556/variant_556.json
19:12:18.611 INFO  StreamGobblerLogger - stderr.env: ‘interestingness_test’: No such file or directory
19:12:18.611 INFO  ExecHelper - Result: 127
19:12:18.611 INFO  CustomFileJudge - Custom file judge result: 127
19:12:18.611 INFO  ReductionDriver - Result from initial state is not interesting (attempt 1)
19:12:18.711 INFO  ExecHelper - interestingness_test /opt/reduce/intel_iris_xe_graphics/syn_memory_converge_atomic/variant_556.comp reduction_results/intel_iris_xe_graphics/syn_memory_converge_atomic/variant_556/variant_556.json
19:12:18.712 INFO  StreamGobblerLogger - stderr.env: ‘interestingness_test’: No such file or directory
19:12:18.713 INFO  ExecHelper - Result: 127
19:12:18.713 INFO  CustomFileJudge - Custom file judge result: 127
19:12:18.713 INFO  ReductionDriver - Result from initial state is not interesting (attempt 2)
19:12:18.797 INFO  ExecHelper - interestingness_test /opt/reduce/intel_iris_xe_graphics/syn_memory_converge_atomic/variant_556.comp reduction_results/intel_iris_xe_graphics/syn_memory_converge_atomic/variant_556/variant_556.json
19:12:18.798 INFO  StreamGobblerLogger - stderr.env: ‘interestingness_test’: No such file or directory
19:12:18.799 INFO  ExecHelper - Result: 127
19:12:18.799 INFO  CustomFileJudge - Custom file judge result: 127
19:12:18.799 INFO  ReductionDriver - Result from initial state is not interesting (attempt 3)
19:12:18.880 INFO  ExecHelper - interestingness_test /opt/reduce/intel_iris_xe_graphics/syn_memory_converge_atomic/variant_556.comp reduction_results/intel_iris_xe_graphics/syn_memory_converge_atomic/variant_556/variant_556.json
19:12:18.882 INFO  StreamGobblerLogger - stderr.env: ‘interestingness_test’: No such file or directory
19:12:18.882 INFO  ExecHelper - Result: 127
19:12:18.882 INFO  CustomFileJudge - Custom file judge result: 127
19:12:18.882 INFO  ReductionDriver - Result from initial state is not interesting (attempt 4)
19:12:18.963 INFO  ExecHelper - interestingness_test /opt/reduce/intel_iris_xe_graphics/syn_memory_converge_atomic/variant_556.comp reduction_results/intel_iris_xe_graphics/syn_memory_converge_atomic/variant_556/variant_556.json
19:12:18.964 INFO  StreamGobblerLogger - stderr.env: ‘interestingness_test’: No such file or directory
19:12:18.964 INFO  ExecHelper - Result: 127
19:12:18.965 INFO  CustomFileJudge - Custom file judge result: 127
19:12:18.965 INFO  ReductionDriver - Result from initial state is not interesting (attempt 5)
19:12:18.965 INFO  ReductionDriver - Tried 5 times; stopping.
Reduction command: java -ea -cp /opt/graphicsfuzz/graphicsfuzz/target/graphicsfuzz/python/drivers/../../jar/tool-1.0.jar com.graphicsfuzz.reducer.tool.GlslReduce /opt/reduce/intel_iris_xe_graphics/syn_memory_converge_atomic/variant_556.json interestingness_test --output reduction_results/intel_iris_xe_graphics/syn_memory_converge_atomic/variant_556 /opt/reduce/intel_iris_xe_graphics/syn_memory_converge_atomic/variant_556.comp
