19:22:03.912 INFO  ExecHelper - /opt/graphicsfuzz/graphicsfuzz/target/graphicsfuzz/bin/Linux/glslangValidator -E --stdin -S comp
19:22:03.959 INFO  ExecHelper - Result: 0
19:22:04.056 INFO  ReductionDriver - Starting reduction for variant_438
19:22:04.068 INFO  ExecHelper - interestingness_test /opt/reduce/intel_iris_xe_graphics/syn_subgroup_op_release/variant_438.comp reduction_results/intel_iris_xe_graphics/syn_subgroup_op_release/variant_438/variant_438.json
19:22:04.069 INFO  StreamGobblerLogger - stderr.env: ‘interestingness_test’: No such file or directory
19:22:04.070 INFO  ExecHelper - Result: 127
19:22:04.070 INFO  CustomFileJudge - Custom file judge result: 127
19:22:04.070 INFO  ReductionDriver - Result from initial state is not interesting (attempt 1)
19:22:04.073 INFO  ExecHelper - interestingness_test /opt/reduce/intel_iris_xe_graphics/syn_subgroup_op_release/variant_438.comp reduction_results/intel_iris_xe_graphics/syn_subgroup_op_release/variant_438/variant_438.json
19:22:04.075 INFO  StreamGobblerLogger - stderr.env: ‘interestingness_test’: No such file or directory
19:22:04.075 INFO  ExecHelper - Result: 127
19:22:04.075 INFO  CustomFileJudge - Custom file judge result: 127
19:22:04.075 INFO  ReductionDriver - Result from initial state is not interesting (attempt 2)
19:22:04.078 INFO  ExecHelper - interestingness_test /opt/reduce/intel_iris_xe_graphics/syn_subgroup_op_release/variant_438.comp reduction_results/intel_iris_xe_graphics/syn_subgroup_op_release/variant_438/variant_438.json
19:22:04.079 INFO  StreamGobblerLogger - stderr.env: ‘interestingness_test’: No such file or directory
19:22:04.080 INFO  ExecHelper - Result: 127
19:22:04.080 INFO  CustomFileJudge - Custom file judge result: 127
19:22:04.080 INFO  ReductionDriver - Result from initial state is not interesting (attempt 3)
19:22:04.082 INFO  ExecHelper - interestingness_test /opt/reduce/intel_iris_xe_graphics/syn_subgroup_op_release/variant_438.comp reduction_results/intel_iris_xe_graphics/syn_subgroup_op_release/variant_438/variant_438.json
19:22:04.084 INFO  StreamGobblerLogger - stderr.env: ‘interestingness_test’: No such file or directory
19:22:04.084 INFO  ExecHelper - Result: 127
19:22:04.084 INFO  CustomFileJudge - Custom file judge result: 127
19:22:04.084 INFO  ReductionDriver - Result from initial state is not interesting (attempt 4)
19:22:04.086 INFO  ExecHelper - interestingness_test /opt/reduce/intel_iris_xe_graphics/syn_subgroup_op_release/variant_438.comp reduction_results/intel_iris_xe_graphics/syn_subgroup_op_release/variant_438/variant_438.json
19:22:04.088 INFO  StreamGobblerLogger - stderr.env: ‘interestingness_test’: No such file or directory
19:22:04.088 INFO  ExecHelper - Result: 127
19:22:04.088 INFO  CustomFileJudge - Custom file judge result: 127
19:22:04.088 INFO  ReductionDriver - Result from initial state is not interesting (attempt 5)
19:22:04.088 INFO  ReductionDriver - Tried 5 times; stopping.
Reduction command: java -ea -cp /opt/graphicsfuzz/graphicsfuzz/target/graphicsfuzz/python/drivers/../../jar/tool-1.0.jar com.graphicsfuzz.reducer.tool.GlslReduce /opt/reduce/intel_iris_xe_graphics/syn_subgroup_op_release/variant_438.json interestingness_test --output reduction_results/intel_iris_xe_graphics/syn_subgroup_op_release/variant_438 /opt/reduce/intel_iris_xe_graphics/syn_subgroup_op_release/variant_438.comp
