18:14:50.894 INFO  ExecHelper - /opt/graphicsfuzz/graphicsfuzz/target/graphicsfuzz/bin/Linux/glslangValidator -E --stdin -S comp
18:14:50.980 INFO  ExecHelper - Result: 0
18:14:51.780 INFO  ReductionDriver - Starting reduction for variant_074
18:14:51.817 INFO  ExecHelper - interestingness_test /opt/reduce/cezanne_radeon_vega/syn_memory_converge/variant_074.comp reduction_results/cezanne_radeon_vega/syn_memory_converge/variant_074/variant_074.json
18:14:51.819 INFO  StreamGobblerLogger - stderr.env: ‘interestingness_test’: No such file or directory
18:14:51.820 INFO  ExecHelper - Result: 127
18:14:51.820 INFO  CustomFileJudge - Custom file judge result: 127
18:14:51.820 INFO  ReductionDriver - Result from initial state is not interesting (attempt 1)
18:14:51.846 INFO  ExecHelper - interestingness_test /opt/reduce/cezanne_radeon_vega/syn_memory_converge/variant_074.comp reduction_results/cezanne_radeon_vega/syn_memory_converge/variant_074/variant_074.json
18:14:51.847 INFO  StreamGobblerLogger - stderr.env: ‘interestingness_test’: No such file or directory
18:14:51.847 INFO  ExecHelper - Result: 127
18:14:51.848 INFO  CustomFileJudge - Custom file judge result: 127
18:14:51.848 INFO  ReductionDriver - Result from initial state is not interesting (attempt 2)
18:14:51.871 INFO  ExecHelper - interestingness_test /opt/reduce/cezanne_radeon_vega/syn_memory_converge/variant_074.comp reduction_results/cezanne_radeon_vega/syn_memory_converge/variant_074/variant_074.json
18:14:51.872 INFO  StreamGobblerLogger - stderr.env: ‘interestingness_test’: No such file or directory
18:14:51.872 INFO  ExecHelper - Result: 127
18:14:51.872 INFO  CustomFileJudge - Custom file judge result: 127
18:14:51.873 INFO  ReductionDriver - Result from initial state is not interesting (attempt 3)
18:14:51.896 INFO  ExecHelper - interestingness_test /opt/reduce/cezanne_radeon_vega/syn_memory_converge/variant_074.comp reduction_results/cezanne_radeon_vega/syn_memory_converge/variant_074/variant_074.json
18:14:51.897 INFO  StreamGobblerLogger - stderr.env: ‘interestingness_test’: No such file or directory
18:14:51.897 INFO  ExecHelper - Result: 127
18:14:51.897 INFO  CustomFileJudge - Custom file judge result: 127
18:14:51.897 INFO  ReductionDriver - Result from initial state is not interesting (attempt 4)
18:14:51.920 INFO  ExecHelper - interestingness_test /opt/reduce/cezanne_radeon_vega/syn_memory_converge/variant_074.comp reduction_results/cezanne_radeon_vega/syn_memory_converge/variant_074/variant_074.json
18:14:51.921 INFO  StreamGobblerLogger - stderr.env: ‘interestingness_test’: No such file or directory
18:14:51.922 INFO  ExecHelper - Result: 127
18:14:51.922 INFO  CustomFileJudge - Custom file judge result: 127
18:14:51.922 INFO  ReductionDriver - Result from initial state is not interesting (attempt 5)
18:14:51.922 INFO  ReductionDriver - Tried 5 times; stopping.
Reduction command: java -ea -cp /opt/graphicsfuzz/graphicsfuzz/target/graphicsfuzz/python/drivers/../../jar/tool-1.0.jar com.graphicsfuzz.reducer.tool.GlslReduce /opt/reduce/cezanne_radeon_vega/syn_memory_converge/variant_074.json interestingness_test --output reduction_results/cezanne_radeon_vega/syn_memory_converge/variant_074 /opt/reduce/cezanne_radeon_vega/syn_memory_converge/variant_074.comp
