19:47:34.892 INFO  ExecHelper - /opt/graphicsfuzz/graphicsfuzz/target/graphicsfuzz/bin/Linux/glslangValidator -E --stdin -S comp
19:47:34.944 INFO  ExecHelper - Result: 0
19:47:35.323 INFO  ReductionDriver - Starting reduction for variant_504
19:47:35.386 INFO  ExecHelper - interestingness_test /opt/reduce/rtx_4070/syn_memory_converge_atomic/variant_504.comp reduction_results/rtx_4070/syn_memory_converge_atomic/variant_504/variant_504.json
19:47:35.388 INFO  StreamGobblerLogger - stderr.env: ‘interestingness_test’: No such file or directory
19:47:35.388 INFO  ExecHelper - Result: 127
19:47:35.389 INFO  CustomFileJudge - Custom file judge result: 127
19:47:35.389 INFO  ReductionDriver - Result from initial state is not interesting (attempt 1)
19:47:35.438 INFO  ExecHelper - interestingness_test /opt/reduce/rtx_4070/syn_memory_converge_atomic/variant_504.comp reduction_results/rtx_4070/syn_memory_converge_atomic/variant_504/variant_504.json
19:47:35.439 INFO  StreamGobblerLogger - stderr.env: ‘interestingness_test’: No such file or directory
19:47:35.440 INFO  ExecHelper - Result: 127
19:47:35.440 INFO  CustomFileJudge - Custom file judge result: 127
19:47:35.440 INFO  ReductionDriver - Result from initial state is not interesting (attempt 2)
19:47:35.485 INFO  ExecHelper - interestingness_test /opt/reduce/rtx_4070/syn_memory_converge_atomic/variant_504.comp reduction_results/rtx_4070/syn_memory_converge_atomic/variant_504/variant_504.json
19:47:35.486 INFO  StreamGobblerLogger - stderr.env: ‘interestingness_test’: No such file or directory
19:47:35.487 INFO  ExecHelper - Result: 127
19:47:35.487 INFO  CustomFileJudge - Custom file judge result: 127
19:47:35.487 INFO  ReductionDriver - Result from initial state is not interesting (attempt 3)
19:47:35.530 INFO  ExecHelper - interestingness_test /opt/reduce/rtx_4070/syn_memory_converge_atomic/variant_504.comp reduction_results/rtx_4070/syn_memory_converge_atomic/variant_504/variant_504.json
19:47:35.532 INFO  StreamGobblerLogger - stderr.env: ‘interestingness_test’: No such file or directory
19:47:35.532 INFO  ExecHelper - Result: 127
19:47:35.532 INFO  CustomFileJudge - Custom file judge result: 127
19:47:35.532 INFO  ReductionDriver - Result from initial state is not interesting (attempt 4)
19:47:35.576 INFO  ExecHelper - interestingness_test /opt/reduce/rtx_4070/syn_memory_converge_atomic/variant_504.comp reduction_results/rtx_4070/syn_memory_converge_atomic/variant_504/variant_504.json
19:47:35.577 INFO  StreamGobblerLogger - stderr.env: ‘interestingness_test’: No such file or directory
19:47:35.578 INFO  ExecHelper - Result: 127
19:47:35.578 INFO  CustomFileJudge - Custom file judge result: 127
19:47:35.578 INFO  ReductionDriver - Result from initial state is not interesting (attempt 5)
19:47:35.578 INFO  ReductionDriver - Tried 5 times; stopping.
Reduction command: java -ea -cp /opt/graphicsfuzz/graphicsfuzz/target/graphicsfuzz/python/drivers/../../jar/tool-1.0.jar com.graphicsfuzz.reducer.tool.GlslReduce /opt/reduce/rtx_4070/syn_memory_converge_atomic/variant_504.json interestingness_test --output reduction_results/rtx_4070/syn_memory_converge_atomic/variant_504 /opt/reduce/rtx_4070/syn_memory_converge_atomic/variant_504.comp
