19:49:09.054 INFO  ExecHelper - /opt/graphicsfuzz/graphicsfuzz/target/graphicsfuzz/bin/Linux/glslangValidator -E --stdin -S comp
19:49:09.101 INFO  ExecHelper - Result: 0
19:49:09.164 INFO  ReductionDriver - Starting reduction for variant_610
19:49:09.169 INFO  ExecHelper - interestingness_test /opt/reduce/rtx_4070/syn_memory_converge_atomic/variant_610.comp reduction_results/rtx_4070/syn_memory_converge_atomic/variant_610/variant_610.json
19:49:09.170 INFO  StreamGobblerLogger - stderr.env: ‘interestingness_test’: No such file or directory
19:49:09.171 INFO  ExecHelper - Result: 127
19:49:09.171 INFO  CustomFileJudge - Custom file judge result: 127
19:49:09.171 INFO  ReductionDriver - Result from initial state is not interesting (attempt 1)
19:49:09.172 INFO  ExecHelper - interestingness_test /opt/reduce/rtx_4070/syn_memory_converge_atomic/variant_610.comp reduction_results/rtx_4070/syn_memory_converge_atomic/variant_610/variant_610.json
19:49:09.173 INFO  StreamGobblerLogger - stderr.env: ‘interestingness_test’: No such file or directory
19:49:09.173 INFO  ExecHelper - Result: 127
19:49:09.173 INFO  CustomFileJudge - Custom file judge result: 127
19:49:09.173 INFO  ReductionDriver - Result from initial state is not interesting (attempt 2)
19:49:09.174 INFO  ExecHelper - interestingness_test /opt/reduce/rtx_4070/syn_memory_converge_atomic/variant_610.comp reduction_results/rtx_4070/syn_memory_converge_atomic/variant_610/variant_610.json
19:49:09.175 INFO  StreamGobblerLogger - stderr.env: ‘interestingness_test’: No such file or directory
19:49:09.175 INFO  ExecHelper - Result: 127
19:49:09.175 INFO  CustomFileJudge - Custom file judge result: 127
19:49:09.175 INFO  ReductionDriver - Result from initial state is not interesting (attempt 3)
19:49:09.176 INFO  ExecHelper - interestingness_test /opt/reduce/rtx_4070/syn_memory_converge_atomic/variant_610.comp reduction_results/rtx_4070/syn_memory_converge_atomic/variant_610/variant_610.json
19:49:09.177 INFO  StreamGobblerLogger - stderr.env: ‘interestingness_test’: No such file or directory
19:49:09.177 INFO  ExecHelper - Result: 127
19:49:09.178 INFO  CustomFileJudge - Custom file judge result: 127
19:49:09.178 INFO  ReductionDriver - Result from initial state is not interesting (attempt 4)
19:49:09.178 INFO  ExecHelper - interestingness_test /opt/reduce/rtx_4070/syn_memory_converge_atomic/variant_610.comp reduction_results/rtx_4070/syn_memory_converge_atomic/variant_610/variant_610.json
19:49:09.179 INFO  StreamGobblerLogger - stderr.env: ‘interestingness_test’: No such file or directory
19:49:09.179 INFO  ExecHelper - Result: 127
19:49:09.179 INFO  CustomFileJudge - Custom file judge result: 127
19:49:09.180 INFO  ReductionDriver - Result from initial state is not interesting (attempt 5)
19:49:09.180 INFO  ReductionDriver - Tried 5 times; stopping.
Reduction command: java -ea -cp /opt/graphicsfuzz/graphicsfuzz/target/graphicsfuzz/python/drivers/../../jar/tool-1.0.jar com.graphicsfuzz.reducer.tool.GlslReduce /opt/reduce/rtx_4070/syn_memory_converge_atomic/variant_610.json interestingness_test --output reduction_results/rtx_4070/syn_memory_converge_atomic/variant_610 /opt/reduce/rtx_4070/syn_memory_converge_atomic/variant_610.comp
