19:40:00.127 INFO  ExecHelper - /opt/graphicsfuzz/graphicsfuzz/target/graphicsfuzz/bin/Linux/glslangValidator -E --stdin -S comp
19:40:00.184 INFO  ExecHelper - Result: 0
19:40:00.909 INFO  ReductionDriver - Starting reduction for variant_977
19:40:00.975 INFO  ExecHelper - interestingness_test /opt/reduce/rtx_4070/syn_memory_converge/variant_977.comp reduction_results/rtx_4070/syn_memory_converge/variant_977/variant_977.json
19:40:00.977 INFO  StreamGobblerLogger - stderr.env: ‘interestingness_test’: No such file or directory
19:40:00.978 INFO  ExecHelper - Result: 127
19:40:00.978 INFO  CustomFileJudge - Custom file judge result: 127
19:40:00.978 INFO  ReductionDriver - Result from initial state is not interesting (attempt 1)
19:40:01.021 INFO  ExecHelper - interestingness_test /opt/reduce/rtx_4070/syn_memory_converge/variant_977.comp reduction_results/rtx_4070/syn_memory_converge/variant_977/variant_977.json
19:40:01.022 INFO  StreamGobblerLogger - stderr.env: ‘interestingness_test’: No such file or directory
19:40:01.023 INFO  ExecHelper - Result: 127
19:40:01.023 INFO  CustomFileJudge - Custom file judge result: 127
19:40:01.023 INFO  ReductionDriver - Result from initial state is not interesting (attempt 2)
19:40:01.064 INFO  ExecHelper - interestingness_test /opt/reduce/rtx_4070/syn_memory_converge/variant_977.comp reduction_results/rtx_4070/syn_memory_converge/variant_977/variant_977.json
19:40:01.065 INFO  StreamGobblerLogger - stderr.env: ‘interestingness_test’: No such file or directory
19:40:01.066 INFO  ExecHelper - Result: 127
19:40:01.066 INFO  CustomFileJudge - Custom file judge result: 127
19:40:01.066 INFO  ReductionDriver - Result from initial state is not interesting (attempt 3)
19:40:01.106 INFO  ExecHelper - interestingness_test /opt/reduce/rtx_4070/syn_memory_converge/variant_977.comp reduction_results/rtx_4070/syn_memory_converge/variant_977/variant_977.json
19:40:01.107 INFO  StreamGobblerLogger - stderr.env: ‘interestingness_test’: No such file or directory
19:40:01.107 INFO  ExecHelper - Result: 127
19:40:01.107 INFO  CustomFileJudge - Custom file judge result: 127
19:40:01.107 INFO  ReductionDriver - Result from initial state is not interesting (attempt 4)
19:40:01.147 INFO  ExecHelper - interestingness_test /opt/reduce/rtx_4070/syn_memory_converge/variant_977.comp reduction_results/rtx_4070/syn_memory_converge/variant_977/variant_977.json
19:40:01.148 INFO  StreamGobblerLogger - stderr.env: ‘interestingness_test’: No such file or directory
19:40:01.149 INFO  ExecHelper - Result: 127
19:40:01.149 INFO  CustomFileJudge - Custom file judge result: 127
19:40:01.149 INFO  ReductionDriver - Result from initial state is not interesting (attempt 5)
19:40:01.149 INFO  ReductionDriver - Tried 5 times; stopping.
Reduction command: java -ea -cp /opt/graphicsfuzz/graphicsfuzz/target/graphicsfuzz/python/drivers/../../jar/tool-1.0.jar com.graphicsfuzz.reducer.tool.GlslReduce /opt/reduce/rtx_4070/syn_memory_converge/variant_977.json interestingness_test --output reduction_results/rtx_4070/syn_memory_converge/variant_977 /opt/reduce/rtx_4070/syn_memory_converge/variant_977.comp
