19:50:35.006 INFO  ExecHelper - /opt/graphicsfuzz/graphicsfuzz/target/graphicsfuzz/bin/Linux/glslangValidator -E --stdin -S comp
19:50:35.072 INFO  ExecHelper - Result: 0
19:50:35.623 INFO  ReductionDriver - Starting reduction for variant_698
19:50:35.654 INFO  ExecHelper - interestingness_test /opt/reduce/rtx_4070/syn_memory_converge_atomic/variant_698.comp reduction_results/rtx_4070/syn_memory_converge_atomic/variant_698/variant_698.json
19:50:35.655 INFO  StreamGobblerLogger - stderr.env: ‘interestingness_test’: No such file or directory
19:50:35.656 INFO  ExecHelper - Result: 127
19:50:35.656 INFO  CustomFileJudge - Custom file judge result: 127
19:50:35.656 INFO  ReductionDriver - Result from initial state is not interesting (attempt 1)
19:50:35.675 INFO  ExecHelper - interestingness_test /opt/reduce/rtx_4070/syn_memory_converge_atomic/variant_698.comp reduction_results/rtx_4070/syn_memory_converge_atomic/variant_698/variant_698.json
19:50:35.677 INFO  StreamGobblerLogger - stderr.env: ‘interestingness_test’: No such file or directory
19:50:35.677 INFO  ExecHelper - Result: 127
19:50:35.677 INFO  CustomFileJudge - Custom file judge result: 127
19:50:35.677 INFO  ReductionDriver - Result from initial state is not interesting (attempt 2)
19:50:35.693 INFO  ExecHelper - interestingness_test /opt/reduce/rtx_4070/syn_memory_converge_atomic/variant_698.comp reduction_results/rtx_4070/syn_memory_converge_atomic/variant_698/variant_698.json
19:50:35.694 INFO  StreamGobblerLogger - stderr.env: ‘interestingness_test’: No such file or directory
19:50:35.695 INFO  ExecHelper - Result: 127
19:50:35.695 INFO  CustomFileJudge - Custom file judge result: 127
19:50:35.695 INFO  ReductionDriver - Result from initial state is not interesting (attempt 3)
19:50:35.710 INFO  ExecHelper - interestingness_test /opt/reduce/rtx_4070/syn_memory_converge_atomic/variant_698.comp reduction_results/rtx_4070/syn_memory_converge_atomic/variant_698/variant_698.json
19:50:35.711 INFO  StreamGobblerLogger - stderr.env: ‘interestingness_test’: No such file or directory
19:50:35.712 INFO  ExecHelper - Result: 127
19:50:35.712 INFO  CustomFileJudge - Custom file judge result: 127
19:50:35.712 INFO  ReductionDriver - Result from initial state is not interesting (attempt 4)
19:50:35.727 INFO  ExecHelper - interestingness_test /opt/reduce/rtx_4070/syn_memory_converge_atomic/variant_698.comp reduction_results/rtx_4070/syn_memory_converge_atomic/variant_698/variant_698.json
19:50:35.728 INFO  StreamGobblerLogger - stderr.env: ‘interestingness_test’: No such file or directory
19:50:35.728 INFO  ExecHelper - Result: 127
19:50:35.729 INFO  CustomFileJudge - Custom file judge result: 127
19:50:35.729 INFO  ReductionDriver - Result from initial state is not interesting (attempt 5)
19:50:35.729 INFO  ReductionDriver - Tried 5 times; stopping.
Reduction command: java -ea -cp /opt/graphicsfuzz/graphicsfuzz/target/graphicsfuzz/python/drivers/../../jar/tool-1.0.jar com.graphicsfuzz.reducer.tool.GlslReduce /opt/reduce/rtx_4070/syn_memory_converge_atomic/variant_698.json interestingness_test --output reduction_results/rtx_4070/syn_memory_converge_atomic/variant_698 /opt/reduce/rtx_4070/syn_memory_converge_atomic/variant_698.comp
