19:35:42.587 INFO  ExecHelper - /opt/graphicsfuzz/graphicsfuzz/target/graphicsfuzz/bin/Linux/glslangValidator -E --stdin -S comp
19:35:42.640 INFO  ExecHelper - Result: 0
19:35:42.908 INFO  ReductionDriver - Starting reduction for variant_666
19:35:42.987 INFO  ExecHelper - interestingness_test /opt/reduce/rtx_4070/syn_memory_converge/variant_666.comp reduction_results/rtx_4070/syn_memory_converge/variant_666/variant_666.json
19:35:42.989 INFO  StreamGobblerLogger - stderr.env: ‘interestingness_test’: No such file or directory
19:35:42.989 INFO  ExecHelper - Result: 127
19:35:42.989 INFO  CustomFileJudge - Custom file judge result: 127
19:35:42.989 INFO  ReductionDriver - Result from initial state is not interesting (attempt 1)
19:35:43.036 INFO  ExecHelper - interestingness_test /opt/reduce/rtx_4070/syn_memory_converge/variant_666.comp reduction_results/rtx_4070/syn_memory_converge/variant_666/variant_666.json
19:35:43.038 INFO  StreamGobblerLogger - stderr.env: ‘interestingness_test’: No such file or directory
19:35:43.038 INFO  ExecHelper - Result: 127
19:35:43.038 INFO  CustomFileJudge - Custom file judge result: 127
19:35:43.039 INFO  ReductionDriver - Result from initial state is not interesting (attempt 2)
19:35:43.079 INFO  ExecHelper - interestingness_test /opt/reduce/rtx_4070/syn_memory_converge/variant_666.comp reduction_results/rtx_4070/syn_memory_converge/variant_666/variant_666.json
19:35:43.080 INFO  StreamGobblerLogger - stderr.env: ‘interestingness_test’: No such file or directory
19:35:43.081 INFO  ExecHelper - Result: 127
19:35:43.081 INFO  CustomFileJudge - Custom file judge result: 127
19:35:43.081 INFO  ReductionDriver - Result from initial state is not interesting (attempt 3)
19:35:43.130 INFO  ExecHelper - interestingness_test /opt/reduce/rtx_4070/syn_memory_converge/variant_666.comp reduction_results/rtx_4070/syn_memory_converge/variant_666/variant_666.json
19:35:43.132 INFO  StreamGobblerLogger - stderr.env: ‘interestingness_test’: No such file or directory
19:35:43.132 INFO  ExecHelper - Result: 127
19:35:43.132 INFO  CustomFileJudge - Custom file judge result: 127
19:35:43.132 INFO  ReductionDriver - Result from initial state is not interesting (attempt 4)
19:35:43.172 INFO  ExecHelper - interestingness_test /opt/reduce/rtx_4070/syn_memory_converge/variant_666.comp reduction_results/rtx_4070/syn_memory_converge/variant_666/variant_666.json
19:35:43.178 INFO  StreamGobblerLogger - stderr.env: ‘interestingness_test’: No such file or directory
19:35:43.178 INFO  ExecHelper - Result: 127
19:35:43.178 INFO  CustomFileJudge - Custom file judge result: 127
19:35:43.178 INFO  ReductionDriver - Result from initial state is not interesting (attempt 5)
19:35:43.178 INFO  ReductionDriver - Tried 5 times; stopping.
Reduction command: java -ea -cp /opt/graphicsfuzz/graphicsfuzz/target/graphicsfuzz/python/drivers/../../jar/tool-1.0.jar com.graphicsfuzz.reducer.tool.GlslReduce /opt/reduce/rtx_4070/syn_memory_converge/variant_666.json interestingness_test --output reduction_results/rtx_4070/syn_memory_converge/variant_666 /opt/reduce/rtx_4070/syn_memory_converge/variant_666.comp
