18:22:32.049 INFO  ExecHelper - /opt/graphicsfuzz/graphicsfuzz/target/graphicsfuzz/bin/Linux/glslangValidator -E --stdin -S comp
18:22:32.108 INFO  ExecHelper - Result: 0
18:22:32.494 INFO  ReductionDriver - Starting reduction for variant_640
18:22:32.650 INFO  ExecHelper - interestingness_test /opt/reduce/cezanne_radeon_vega/syn_memory_converge/variant_640.comp reduction_results/cezanne_radeon_vega/syn_memory_converge/variant_640/variant_640.json
18:22:32.652 INFO  StreamGobblerLogger - stderr.env: ‘interestingness_test’: No such file or directory
18:22:32.652 INFO  ExecHelper - Result: 127
18:22:32.653 INFO  CustomFileJudge - Custom file judge result: 127
18:22:32.653 INFO  ReductionDriver - Result from initial state is not interesting (attempt 1)
18:22:32.795 INFO  ExecHelper - interestingness_test /opt/reduce/cezanne_radeon_vega/syn_memory_converge/variant_640.comp reduction_results/cezanne_radeon_vega/syn_memory_converge/variant_640/variant_640.json
18:22:32.797 INFO  StreamGobblerLogger - stderr.env: ‘interestingness_test’: No such file or directory
18:22:32.797 INFO  ExecHelper - Result: 127
18:22:32.797 INFO  CustomFileJudge - Custom file judge result: 127
18:22:32.797 INFO  ReductionDriver - Result from initial state is not interesting (attempt 2)
18:22:32.913 INFO  ExecHelper - interestingness_test /opt/reduce/cezanne_radeon_vega/syn_memory_converge/variant_640.comp reduction_results/cezanne_radeon_vega/syn_memory_converge/variant_640/variant_640.json
18:22:32.915 INFO  StreamGobblerLogger - stderr.env: ‘interestingness_test’: No such file or directory
18:22:32.915 INFO  ExecHelper - Result: 127
18:22:32.915 INFO  CustomFileJudge - Custom file judge result: 127
18:22:32.915 INFO  ReductionDriver - Result from initial state is not interesting (attempt 3)
18:22:33.025 INFO  ExecHelper - interestingness_test /opt/reduce/cezanne_radeon_vega/syn_memory_converge/variant_640.comp reduction_results/cezanne_radeon_vega/syn_memory_converge/variant_640/variant_640.json
18:22:33.026 INFO  StreamGobblerLogger - stderr.env: ‘interestingness_test’: No such file or directory
18:22:33.027 INFO  ExecHelper - Result: 127
18:22:33.027 INFO  CustomFileJudge - Custom file judge result: 127
18:22:33.027 INFO  ReductionDriver - Result from initial state is not interesting (attempt 4)
18:22:33.137 INFO  ExecHelper - interestingness_test /opt/reduce/cezanne_radeon_vega/syn_memory_converge/variant_640.comp reduction_results/cezanne_radeon_vega/syn_memory_converge/variant_640/variant_640.json
18:22:33.138 INFO  StreamGobblerLogger - stderr.env: ‘interestingness_test’: No such file or directory
18:22:33.138 INFO  ExecHelper - Result: 127
18:22:33.138 INFO  CustomFileJudge - Custom file judge result: 127
18:22:33.138 INFO  ReductionDriver - Result from initial state is not interesting (attempt 5)
18:22:33.138 INFO  ReductionDriver - Tried 5 times; stopping.
Reduction command: java -ea -cp /opt/graphicsfuzz/graphicsfuzz/target/graphicsfuzz/python/drivers/../../jar/tool-1.0.jar com.graphicsfuzz.reducer.tool.GlslReduce /opt/reduce/cezanne_radeon_vega/syn_memory_converge/variant_640.json interestingness_test --output reduction_results/cezanne_radeon_vega/syn_memory_converge/variant_640 /opt/reduce/cezanne_radeon_vega/syn_memory_converge/variant_640.comp
