18:32:19.467 INFO  ExecHelper - /opt/graphicsfuzz/graphicsfuzz/target/graphicsfuzz/bin/Linux/glslangValidator -E --stdin -S comp
18:32:19.530 INFO  ExecHelper - Result: 0
18:32:19.614 INFO  ReductionDriver - Starting reduction for variant_367
18:32:19.623 INFO  ExecHelper - interestingness_test /opt/reduce/cezanne_radeon_vega/syn_memory_converge_atomic/variant_367.comp reduction_results/cezanne_radeon_vega/syn_memory_converge_atomic/variant_367/variant_367.json
18:32:19.624 INFO  StreamGobblerLogger - stderr.env: ‘interestingness_test’: No such file or directory
18:32:19.624 INFO  ExecHelper - Result: 127
18:32:19.625 INFO  CustomFileJudge - Custom file judge result: 127
18:32:19.625 INFO  ReductionDriver - Result from initial state is not interesting (attempt 1)
18:32:19.627 INFO  ExecHelper - interestingness_test /opt/reduce/cezanne_radeon_vega/syn_memory_converge_atomic/variant_367.comp reduction_results/cezanne_radeon_vega/syn_memory_converge_atomic/variant_367/variant_367.json
18:32:19.628 INFO  StreamGobblerLogger - stderr.env: ‘interestingness_test’: No such file or directory
18:32:19.629 INFO  ExecHelper - Result: 127
18:32:19.629 INFO  CustomFileJudge - Custom file judge result: 127
18:32:19.629 INFO  ReductionDriver - Result from initial state is not interesting (attempt 2)
18:32:19.630 INFO  ExecHelper - interestingness_test /opt/reduce/cezanne_radeon_vega/syn_memory_converge_atomic/variant_367.comp reduction_results/cezanne_radeon_vega/syn_memory_converge_atomic/variant_367/variant_367.json
18:32:19.631 INFO  StreamGobblerLogger - stderr.env: ‘interestingness_test’: No such file or directory
18:32:19.632 INFO  ExecHelper - Result: 127
18:32:19.632 INFO  CustomFileJudge - Custom file judge result: 127
18:32:19.632 INFO  ReductionDriver - Result from initial state is not interesting (attempt 3)
18:32:19.634 INFO  ExecHelper - interestingness_test /opt/reduce/cezanne_radeon_vega/syn_memory_converge_atomic/variant_367.comp reduction_results/cezanne_radeon_vega/syn_memory_converge_atomic/variant_367/variant_367.json
18:32:19.635 INFO  StreamGobblerLogger - stderr.env: ‘interestingness_test’: No such file or directory
18:32:19.635 INFO  ExecHelper - Result: 127
18:32:19.635 INFO  CustomFileJudge - Custom file judge result: 127
18:32:19.635 INFO  ReductionDriver - Result from initial state is not interesting (attempt 4)
18:32:19.637 INFO  ExecHelper - interestingness_test /opt/reduce/cezanne_radeon_vega/syn_memory_converge_atomic/variant_367.comp reduction_results/cezanne_radeon_vega/syn_memory_converge_atomic/variant_367/variant_367.json
18:32:19.638 INFO  StreamGobblerLogger - stderr.env: ‘interestingness_test’: No such file or directory
18:32:19.638 INFO  ExecHelper - Result: 127
18:32:19.638 INFO  CustomFileJudge - Custom file judge result: 127
18:32:19.638 INFO  ReductionDriver - Result from initial state is not interesting (attempt 5)
18:32:19.638 INFO  ReductionDriver - Tried 5 times; stopping.
Reduction command: java -ea -cp /opt/graphicsfuzz/graphicsfuzz/target/graphicsfuzz/python/drivers/../../jar/tool-1.0.jar com.graphicsfuzz.reducer.tool.GlslReduce /opt/reduce/cezanne_radeon_vega/syn_memory_converge_atomic/variant_367.json interestingness_test --output reduction_results/cezanne_radeon_vega/syn_memory_converge_atomic/variant_367 /opt/reduce/cezanne_radeon_vega/syn_memory_converge_atomic/variant_367.comp
