18:53:01.414 INFO  ExecHelper - /opt/graphicsfuzz/graphicsfuzz/target/graphicsfuzz/bin/Linux/glslangValidator -E --stdin -S comp
18:53:01.551 INFO  ExecHelper - Result: 0
18:53:02.002 INFO  ReductionDriver - Starting reduction for variant_220
18:53:02.015 INFO  ExecHelper - interestingness_test /opt/reduce/intel_iris_xe_graphics/syn_memory_converge/variant_220.comp reduction_results/intel_iris_xe_graphics/syn_memory_converge/variant_220/variant_220.json
18:53:02.016 INFO  StreamGobblerLogger - stderr.env: ‘interestingness_test’: No such file or directory
18:53:02.017 INFO  ExecHelper - Result: 127
18:53:02.017 INFO  CustomFileJudge - Custom file judge result: 127
18:53:02.017 INFO  ReductionDriver - Result from initial state is not interesting (attempt 1)
18:53:02.020 INFO  ExecHelper - interestingness_test /opt/reduce/intel_iris_xe_graphics/syn_memory_converge/variant_220.comp reduction_results/intel_iris_xe_graphics/syn_memory_converge/variant_220/variant_220.json
18:53:02.022 INFO  StreamGobblerLogger - stderr.env: ‘interestingness_test’: No such file or directory
18:53:02.022 INFO  ExecHelper - Result: 127
18:53:02.022 INFO  CustomFileJudge - Custom file judge result: 127
18:53:02.022 INFO  ReductionDriver - Result from initial state is not interesting (attempt 2)
18:53:02.025 INFO  ExecHelper - interestingness_test /opt/reduce/intel_iris_xe_graphics/syn_memory_converge/variant_220.comp reduction_results/intel_iris_xe_graphics/syn_memory_converge/variant_220/variant_220.json
18:53:02.026 INFO  StreamGobblerLogger - stderr.env: ‘interestingness_test’: No such file or directory
18:53:02.026 INFO  ExecHelper - Result: 127
18:53:02.026 INFO  CustomFileJudge - Custom file judge result: 127
18:53:02.027 INFO  ReductionDriver - Result from initial state is not interesting (attempt 3)
18:53:02.029 INFO  ExecHelper - interestingness_test /opt/reduce/intel_iris_xe_graphics/syn_memory_converge/variant_220.comp reduction_results/intel_iris_xe_graphics/syn_memory_converge/variant_220/variant_220.json
18:53:02.030 INFO  StreamGobblerLogger - stderr.env: ‘interestingness_test’: No such file or directory
18:53:02.031 INFO  ExecHelper - Result: 127
18:53:02.031 INFO  CustomFileJudge - Custom file judge result: 127
18:53:02.031 INFO  ReductionDriver - Result from initial state is not interesting (attempt 4)
18:53:02.034 INFO  ExecHelper - interestingness_test /opt/reduce/intel_iris_xe_graphics/syn_memory_converge/variant_220.comp reduction_results/intel_iris_xe_graphics/syn_memory_converge/variant_220/variant_220.json
18:53:02.035 INFO  StreamGobblerLogger - stderr.env: ‘interestingness_test’: No such file or directory
18:53:02.035 INFO  ExecHelper - Result: 127
18:53:02.035 INFO  CustomFileJudge - Custom file judge result: 127
18:53:02.035 INFO  ReductionDriver - Result from initial state is not interesting (attempt 5)
18:53:02.035 INFO  ReductionDriver - Tried 5 times; stopping.
Reduction command: java -ea -cp /opt/graphicsfuzz/graphicsfuzz/target/graphicsfuzz/python/drivers/../../jar/tool-1.0.jar com.graphicsfuzz.reducer.tool.GlslReduce /opt/reduce/intel_iris_xe_graphics/syn_memory_converge/variant_220.json interestingness_test --output reduction_results/intel_iris_xe_graphics/syn_memory_converge/variant_220 /opt/reduce/intel_iris_xe_graphics/syn_memory_converge/variant_220.comp
