18:14:42.115 INFO  ExecHelper - /opt/graphicsfuzz/graphicsfuzz/target/graphicsfuzz/bin/Linux/glslangValidator -E --stdin -S comp
18:14:42.364 INFO  ExecHelper - Result: 0
18:14:43.279 INFO  ReductionDriver - Starting reduction for variant_064
18:14:43.303 INFO  ExecHelper - interestingness_test /opt/reduce/cezanne_radeon_vega/syn_memory_converge/variant_064.comp reduction_results/cezanne_radeon_vega/syn_memory_converge/variant_064/variant_064.json
18:14:43.305 INFO  StreamGobblerLogger - stderr.env: ‘interestingness_test’: No such file or directory
18:14:43.306 INFO  ExecHelper - Result: 127
18:14:43.306 INFO  CustomFileJudge - Custom file judge result: 127
18:14:43.306 INFO  ReductionDriver - Result from initial state is not interesting (attempt 1)
18:14:43.320 INFO  ExecHelper - interestingness_test /opt/reduce/cezanne_radeon_vega/syn_memory_converge/variant_064.comp reduction_results/cezanne_radeon_vega/syn_memory_converge/variant_064/variant_064.json
18:14:43.322 INFO  StreamGobblerLogger - stderr.env: ‘interestingness_test’: No such file or directory
18:14:43.322 INFO  ExecHelper - Result: 127
18:14:43.322 INFO  CustomFileJudge - Custom file judge result: 127
18:14:43.322 INFO  ReductionDriver - Result from initial state is not interesting (attempt 2)
18:14:43.335 INFO  ExecHelper - interestingness_test /opt/reduce/cezanne_radeon_vega/syn_memory_converge/variant_064.comp reduction_results/cezanne_radeon_vega/syn_memory_converge/variant_064/variant_064.json
18:14:43.337 INFO  StreamGobblerLogger - stderr.env: ‘interestingness_test’: No such file or directory
18:14:43.337 INFO  ExecHelper - Result: 127
18:14:43.337 INFO  CustomFileJudge - Custom file judge result: 127
18:14:43.337 INFO  ReductionDriver - Result from initial state is not interesting (attempt 3)
18:14:43.349 INFO  ExecHelper - interestingness_test /opt/reduce/cezanne_radeon_vega/syn_memory_converge/variant_064.comp reduction_results/cezanne_radeon_vega/syn_memory_converge/variant_064/variant_064.json
18:14:43.350 INFO  StreamGobblerLogger - stderr.env: ‘interestingness_test’: No such file or directory
18:14:43.351 INFO  ExecHelper - Result: 127
18:14:43.351 INFO  CustomFileJudge - Custom file judge result: 127
18:14:43.351 INFO  ReductionDriver - Result from initial state is not interesting (attempt 4)
18:14:43.363 INFO  ExecHelper - interestingness_test /opt/reduce/cezanne_radeon_vega/syn_memory_converge/variant_064.comp reduction_results/cezanne_radeon_vega/syn_memory_converge/variant_064/variant_064.json
18:14:43.364 INFO  StreamGobblerLogger - stderr.env: ‘interestingness_test’: No such file or directory
18:14:43.365 INFO  ExecHelper - Result: 127
18:14:43.365 INFO  CustomFileJudge - Custom file judge result: 127
18:14:43.365 INFO  ReductionDriver - Result from initial state is not interesting (attempt 5)
18:14:43.365 INFO  ReductionDriver - Tried 5 times; stopping.
Reduction command: java -ea -cp /opt/graphicsfuzz/graphicsfuzz/target/graphicsfuzz/python/drivers/../../jar/tool-1.0.jar com.graphicsfuzz.reducer.tool.GlslReduce /opt/reduce/cezanne_radeon_vega/syn_memory_converge/variant_064.json interestingness_test --output reduction_results/cezanne_radeon_vega/syn_memory_converge/variant_064 /opt/reduce/cezanne_radeon_vega/syn_memory_converge/variant_064.comp
