19:03:34.285 INFO  ExecHelper - /opt/graphicsfuzz/graphicsfuzz/target/graphicsfuzz/bin/Linux/glslangValidator -E --stdin -S comp
19:03:34.333 INFO  ExecHelper - Result: 0
19:03:34.395 INFO  ReductionDriver - Starting reduction for variant_958
19:03:34.400 INFO  ExecHelper - interestingness_test /opt/reduce/intel_iris_xe_graphics/syn_memory_converge/variant_958.comp reduction_results/intel_iris_xe_graphics/syn_memory_converge/variant_958/variant_958.json
19:03:34.402 INFO  StreamGobblerLogger - stderr.env: ‘interestingness_test’: No such file or directory
19:03:34.402 INFO  ExecHelper - Result: 127
19:03:34.402 INFO  CustomFileJudge - Custom file judge result: 127
19:03:34.402 INFO  ReductionDriver - Result from initial state is not interesting (attempt 1)
19:03:34.403 INFO  ExecHelper - interestingness_test /opt/reduce/intel_iris_xe_graphics/syn_memory_converge/variant_958.comp reduction_results/intel_iris_xe_graphics/syn_memory_converge/variant_958/variant_958.json
19:03:34.404 INFO  StreamGobblerLogger - stderr.env: ‘interestingness_test’: No such file or directory
19:03:34.405 INFO  ExecHelper - Result: 127
19:03:34.405 INFO  CustomFileJudge - Custom file judge result: 127
19:03:34.405 INFO  ReductionDriver - Result from initial state is not interesting (attempt 2)
19:03:34.405 INFO  ExecHelper - interestingness_test /opt/reduce/intel_iris_xe_graphics/syn_memory_converge/variant_958.comp reduction_results/intel_iris_xe_graphics/syn_memory_converge/variant_958/variant_958.json
19:03:34.406 INFO  StreamGobblerLogger - stderr.env: ‘interestingness_test’: No such file or directory
19:03:34.407 INFO  ExecHelper - Result: 127
19:03:34.407 INFO  CustomFileJudge - Custom file judge result: 127
19:03:34.407 INFO  ReductionDriver - Result from initial state is not interesting (attempt 3)
19:03:34.407 INFO  ExecHelper - interestingness_test /opt/reduce/intel_iris_xe_graphics/syn_memory_converge/variant_958.comp reduction_results/intel_iris_xe_graphics/syn_memory_converge/variant_958/variant_958.json
19:03:34.408 INFO  StreamGobblerLogger - stderr.env: ‘interestingness_test’: No such file or directory
19:03:34.408 INFO  ExecHelper - Result: 127
19:03:34.408 INFO  CustomFileJudge - Custom file judge result: 127
19:03:34.409 INFO  ReductionDriver - Result from initial state is not interesting (attempt 4)
19:03:34.410 INFO  ExecHelper - interestingness_test /opt/reduce/intel_iris_xe_graphics/syn_memory_converge/variant_958.comp reduction_results/intel_iris_xe_graphics/syn_memory_converge/variant_958/variant_958.json
19:03:34.411 INFO  StreamGobblerLogger - stderr.env: ‘interestingness_test’: No such file or directory
19:03:34.411 INFO  ExecHelper - Result: 127
19:03:34.411 INFO  CustomFileJudge - Custom file judge result: 127
19:03:34.412 INFO  ReductionDriver - Result from initial state is not interesting (attempt 5)
19:03:34.412 INFO  ReductionDriver - Tried 5 times; stopping.
Reduction command: java -ea -cp /opt/graphicsfuzz/graphicsfuzz/target/graphicsfuzz/python/drivers/../../jar/tool-1.0.jar com.graphicsfuzz.reducer.tool.GlslReduce /opt/reduce/intel_iris_xe_graphics/syn_memory_converge/variant_958.json interestingness_test --output reduction_results/intel_iris_xe_graphics/syn_memory_converge/variant_958 /opt/reduce/intel_iris_xe_graphics/syn_memory_converge/variant_958.comp
