18:41:41.044 INFO  ExecHelper - /opt/graphicsfuzz/graphicsfuzz/target/graphicsfuzz/bin/Linux/glslangValidator -E --stdin -S comp
18:41:41.199 INFO  ExecHelper - Result: 0
18:41:42.186 INFO  ReductionDriver - Starting reduction for variant_465
18:41:42.218 INFO  ExecHelper - interestingness_test /opt/reduce/cezanne_radeon_vega/syn_subgroup_op/variant_465.comp reduction_results/cezanne_radeon_vega/syn_subgroup_op/variant_465/variant_465.json
18:41:42.219 INFO  StreamGobblerLogger - stderr.env: ‘interestingness_test’: No such file or directory
18:41:42.220 INFO  ExecHelper - Result: 127
18:41:42.220 INFO  CustomFileJudge - Custom file judge result: 127
18:41:42.220 INFO  ReductionDriver - Result from initial state is not interesting (attempt 1)
18:41:42.251 INFO  ExecHelper - interestingness_test /opt/reduce/cezanne_radeon_vega/syn_subgroup_op/variant_465.comp reduction_results/cezanne_radeon_vega/syn_subgroup_op/variant_465/variant_465.json
18:41:42.267 INFO  StreamGobblerLogger - stderr.env: ‘interestingness_test’: No such file or directory
18:41:42.268 INFO  ExecHelper - Result: 127
18:41:42.268 INFO  CustomFileJudge - Custom file judge result: 127
18:41:42.268 INFO  ReductionDriver - Result from initial state is not interesting (attempt 2)
18:41:42.291 INFO  ExecHelper - interestingness_test /opt/reduce/cezanne_radeon_vega/syn_subgroup_op/variant_465.comp reduction_results/cezanne_radeon_vega/syn_subgroup_op/variant_465/variant_465.json
18:41:42.293 INFO  StreamGobblerLogger - stderr.env: ‘interestingness_test’: No such file or directory
18:41:42.293 INFO  ExecHelper - Result: 127
18:41:42.293 INFO  CustomFileJudge - Custom file judge result: 127
18:41:42.294 INFO  ReductionDriver - Result from initial state is not interesting (attempt 3)
18:41:42.311 INFO  ExecHelper - interestingness_test /opt/reduce/cezanne_radeon_vega/syn_subgroup_op/variant_465.comp reduction_results/cezanne_radeon_vega/syn_subgroup_op/variant_465/variant_465.json
18:41:42.312 INFO  StreamGobblerLogger - stderr.env: ‘interestingness_test’: No such file or directory
18:41:42.313 INFO  ExecHelper - Result: 127
18:41:42.313 INFO  CustomFileJudge - Custom file judge result: 127
18:41:42.313 INFO  ReductionDriver - Result from initial state is not interesting (attempt 4)
18:41:42.329 INFO  ExecHelper - interestingness_test /opt/reduce/cezanne_radeon_vega/syn_subgroup_op/variant_465.comp reduction_results/cezanne_radeon_vega/syn_subgroup_op/variant_465/variant_465.json
18:41:42.331 INFO  StreamGobblerLogger - stderr.env: ‘interestingness_test’: No such file or directory
18:41:42.332 INFO  ExecHelper - Result: 127
18:41:42.332 INFO  CustomFileJudge - Custom file judge result: 127
18:41:42.332 INFO  ReductionDriver - Result from initial state is not interesting (attempt 5)
18:41:42.332 INFO  ReductionDriver - Tried 5 times; stopping.
Reduction command: java -ea -cp /opt/graphicsfuzz/graphicsfuzz/target/graphicsfuzz/python/drivers/../../jar/tool-1.0.jar com.graphicsfuzz.reducer.tool.GlslReduce /opt/reduce/cezanne_radeon_vega/syn_subgroup_op/variant_465.json interestingness_test --output reduction_results/cezanne_radeon_vega/syn_subgroup_op/variant_465 /opt/reduce/cezanne_radeon_vega/syn_subgroup_op/variant_465.comp
