18:24:31.020 INFO  ExecHelper - /opt/graphicsfuzz/graphicsfuzz/target/graphicsfuzz/bin/Linux/glslangValidator -E --stdin -S comp
18:24:31.067 INFO  ExecHelper - Result: 0
18:24:31.146 INFO  ReductionDriver - Starting reduction for variant_798
18:24:31.155 INFO  ExecHelper - interestingness_test /opt/reduce/cezanne_radeon_vega/syn_memory_converge/variant_798.comp reduction_results/cezanne_radeon_vega/syn_memory_converge/variant_798/variant_798.json
18:24:31.157 INFO  StreamGobblerLogger - stderr.env: ‘interestingness_test’: No such file or directory
18:24:31.157 INFO  ExecHelper - Result: 127
18:24:31.157 INFO  CustomFileJudge - Custom file judge result: 127
18:24:31.157 INFO  ReductionDriver - Result from initial state is not interesting (attempt 1)
18:24:31.160 INFO  ExecHelper - interestingness_test /opt/reduce/cezanne_radeon_vega/syn_memory_converge/variant_798.comp reduction_results/cezanne_radeon_vega/syn_memory_converge/variant_798/variant_798.json
18:24:31.161 INFO  StreamGobblerLogger - stderr.env: ‘interestingness_test’: No such file or directory
18:24:31.161 INFO  ExecHelper - Result: 127
18:24:31.161 INFO  CustomFileJudge - Custom file judge result: 127
18:24:31.161 INFO  ReductionDriver - Result from initial state is not interesting (attempt 2)
18:24:31.163 INFO  ExecHelper - interestingness_test /opt/reduce/cezanne_radeon_vega/syn_memory_converge/variant_798.comp reduction_results/cezanne_radeon_vega/syn_memory_converge/variant_798/variant_798.json
18:24:31.164 INFO  StreamGobblerLogger - stderr.env: ‘interestingness_test’: No such file or directory
18:24:31.165 INFO  ExecHelper - Result: 127
18:24:31.165 INFO  CustomFileJudge - Custom file judge result: 127
18:24:31.165 INFO  ReductionDriver - Result from initial state is not interesting (attempt 3)
18:24:31.166 INFO  ExecHelper - interestingness_test /opt/reduce/cezanne_radeon_vega/syn_memory_converge/variant_798.comp reduction_results/cezanne_radeon_vega/syn_memory_converge/variant_798/variant_798.json
18:24:31.167 INFO  StreamGobblerLogger - stderr.env: ‘interestingness_test’: No such file or directory
18:24:31.168 INFO  ExecHelper - Result: 127
18:24:31.168 INFO  CustomFileJudge - Custom file judge result: 127
18:24:31.168 INFO  ReductionDriver - Result from initial state is not interesting (attempt 4)
18:24:31.170 INFO  ExecHelper - interestingness_test /opt/reduce/cezanne_radeon_vega/syn_memory_converge/variant_798.comp reduction_results/cezanne_radeon_vega/syn_memory_converge/variant_798/variant_798.json
18:24:31.171 INFO  StreamGobblerLogger - stderr.env: ‘interestingness_test’: No such file or directory
18:24:31.172 INFO  ExecHelper - Result: 127
18:24:31.172 INFO  CustomFileJudge - Custom file judge result: 127
18:24:31.172 INFO  ReductionDriver - Result from initial state is not interesting (attempt 5)
18:24:31.172 INFO  ReductionDriver - Tried 5 times; stopping.
Reduction command: java -ea -cp /opt/graphicsfuzz/graphicsfuzz/target/graphicsfuzz/python/drivers/../../jar/tool-1.0.jar com.graphicsfuzz.reducer.tool.GlslReduce /opt/reduce/cezanne_radeon_vega/syn_memory_converge/variant_798.json interestingness_test --output reduction_results/cezanne_radeon_vega/syn_memory_converge/variant_798 /opt/reduce/cezanne_radeon_vega/syn_memory_converge/variant_798.comp
