19:41:59.823 INFO  ExecHelper - /opt/graphicsfuzz/graphicsfuzz/target/graphicsfuzz/bin/Linux/glslangValidator -E --stdin -S comp
19:41:59.875 INFO  ExecHelper - Result: 0
19:42:00.099 INFO  ReductionDriver - Starting reduction for variant_124
19:42:00.167 INFO  ExecHelper - interestingness_test /opt/reduce/rtx_4070/syn_memory_converge_atomic/variant_124.comp reduction_results/rtx_4070/syn_memory_converge_atomic/variant_124/variant_124.json
19:42:00.169 INFO  StreamGobblerLogger - stderr.env: ‘interestingness_test’: No such file or directory
19:42:00.169 INFO  ExecHelper - Result: 127
19:42:00.169 INFO  CustomFileJudge - Custom file judge result: 127
19:42:00.169 INFO  ReductionDriver - Result from initial state is not interesting (attempt 1)
19:42:00.210 INFO  ExecHelper - interestingness_test /opt/reduce/rtx_4070/syn_memory_converge_atomic/variant_124.comp reduction_results/rtx_4070/syn_memory_converge_atomic/variant_124/variant_124.json
19:42:00.211 INFO  StreamGobblerLogger - stderr.env: ‘interestingness_test’: No such file or directory
19:42:00.212 INFO  ExecHelper - Result: 127
19:42:00.212 INFO  CustomFileJudge - Custom file judge result: 127
19:42:00.212 INFO  ReductionDriver - Result from initial state is not interesting (attempt 2)
19:42:00.248 INFO  ExecHelper - interestingness_test /opt/reduce/rtx_4070/syn_memory_converge_atomic/variant_124.comp reduction_results/rtx_4070/syn_memory_converge_atomic/variant_124/variant_124.json
19:42:00.249 INFO  StreamGobblerLogger - stderr.env: ‘interestingness_test’: No such file or directory
19:42:00.250 INFO  ExecHelper - Result: 127
19:42:00.250 INFO  CustomFileJudge - Custom file judge result: 127
19:42:00.250 INFO  ReductionDriver - Result from initial state is not interesting (attempt 3)
19:42:00.285 INFO  ExecHelper - interestingness_test /opt/reduce/rtx_4070/syn_memory_converge_atomic/variant_124.comp reduction_results/rtx_4070/syn_memory_converge_atomic/variant_124/variant_124.json
19:42:00.286 INFO  StreamGobblerLogger - stderr.env: ‘interestingness_test’: No such file or directory
19:42:00.287 INFO  ExecHelper - Result: 127
19:42:00.287 INFO  CustomFileJudge - Custom file judge result: 127
19:42:00.287 INFO  ReductionDriver - Result from initial state is not interesting (attempt 4)
19:42:00.322 INFO  ExecHelper - interestingness_test /opt/reduce/rtx_4070/syn_memory_converge_atomic/variant_124.comp reduction_results/rtx_4070/syn_memory_converge_atomic/variant_124/variant_124.json
19:42:00.324 INFO  StreamGobblerLogger - stderr.env: ‘interestingness_test’: No such file or directory
19:42:00.324 INFO  ExecHelper - Result: 127
19:42:00.324 INFO  CustomFileJudge - Custom file judge result: 127
19:42:00.324 INFO  ReductionDriver - Result from initial state is not interesting (attempt 5)
19:42:00.325 INFO  ReductionDriver - Tried 5 times; stopping.
Reduction command: java -ea -cp /opt/graphicsfuzz/graphicsfuzz/target/graphicsfuzz/python/drivers/../../jar/tool-1.0.jar com.graphicsfuzz.reducer.tool.GlslReduce /opt/reduce/rtx_4070/syn_memory_converge_atomic/variant_124.json interestingness_test --output reduction_results/rtx_4070/syn_memory_converge_atomic/variant_124 /opt/reduce/rtx_4070/syn_memory_converge_atomic/variant_124.comp
