18:11:35.652 INFO  ExecHelper - /opt/graphicsfuzz/graphicsfuzz/target/graphicsfuzz/bin/Linux/glslangValidator -E --stdin -S comp
18:11:35.782 INFO  ExecHelper - Result: 0
18:11:36.255 INFO  ReductionDriver - Starting reduction for variant_419
18:11:36.269 INFO  ExecHelper - interestingness_test /opt/reduce/cezanne_radeon_vega/syn_branch_syn_relax/variant_419.comp reduction_results/cezanne_radeon_vega/syn_branch_syn_relax/variant_419/variant_419.json
18:11:36.270 INFO  StreamGobblerLogger - stderr.env: ‘interestingness_test’: No such file or directory
18:11:36.271 INFO  ExecHelper - Result: 127
18:11:36.271 INFO  CustomFileJudge - Custom file judge result: 127
18:11:36.271 INFO  ReductionDriver - Result from initial state is not interesting (attempt 1)
18:11:36.276 INFO  ExecHelper - interestingness_test /opt/reduce/cezanne_radeon_vega/syn_branch_syn_relax/variant_419.comp reduction_results/cezanne_radeon_vega/syn_branch_syn_relax/variant_419/variant_419.json
18:11:36.277 INFO  StreamGobblerLogger - stderr.env: ‘interestingness_test’: No such file or directory
18:11:36.278 INFO  ExecHelper - Result: 127
18:11:36.278 INFO  CustomFileJudge - Custom file judge result: 127
18:11:36.278 INFO  ReductionDriver - Result from initial state is not interesting (attempt 2)
18:11:36.282 INFO  ExecHelper - interestingness_test /opt/reduce/cezanne_radeon_vega/syn_branch_syn_relax/variant_419.comp reduction_results/cezanne_radeon_vega/syn_branch_syn_relax/variant_419/variant_419.json
18:11:36.283 INFO  StreamGobblerLogger - stderr.env: ‘interestingness_test’: No such file or directory
18:11:36.284 INFO  ExecHelper - Result: 127
18:11:36.284 INFO  CustomFileJudge - Custom file judge result: 127
18:11:36.284 INFO  ReductionDriver - Result from initial state is not interesting (attempt 3)
18:11:36.287 INFO  ExecHelper - interestingness_test /opt/reduce/cezanne_radeon_vega/syn_branch_syn_relax/variant_419.comp reduction_results/cezanne_radeon_vega/syn_branch_syn_relax/variant_419/variant_419.json
18:11:36.288 INFO  StreamGobblerLogger - stderr.env: ‘interestingness_test’: No such file or directory
18:11:36.289 INFO  ExecHelper - Result: 127
18:11:36.289 INFO  CustomFileJudge - Custom file judge result: 127
18:11:36.289 INFO  ReductionDriver - Result from initial state is not interesting (attempt 4)
18:11:36.293 INFO  ExecHelper - interestingness_test /opt/reduce/cezanne_radeon_vega/syn_branch_syn_relax/variant_419.comp reduction_results/cezanne_radeon_vega/syn_branch_syn_relax/variant_419/variant_419.json
18:11:36.294 INFO  StreamGobblerLogger - stderr.env: ‘interestingness_test’: No such file or directory
18:11:36.294 INFO  ExecHelper - Result: 127
18:11:36.294 INFO  CustomFileJudge - Custom file judge result: 127
18:11:36.295 INFO  ReductionDriver - Result from initial state is not interesting (attempt 5)
18:11:36.295 INFO  ReductionDriver - Tried 5 times; stopping.
Reduction command: java -ea -cp /opt/graphicsfuzz/graphicsfuzz/target/graphicsfuzz/python/drivers/../../jar/tool-1.0.jar com.graphicsfuzz.reducer.tool.GlslReduce /opt/reduce/cezanne_radeon_vega/syn_branch_syn_relax/variant_419.json interestingness_test --output reduction_results/cezanne_radeon_vega/syn_branch_syn_relax/variant_419 /opt/reduce/cezanne_radeon_vega/syn_branch_syn_relax/variant_419.comp
