18:34:46.160 INFO  ExecHelper - /opt/graphicsfuzz/graphicsfuzz/target/graphicsfuzz/bin/Linux/glslangValidator -E --stdin -S comp
18:34:46.217 INFO  ExecHelper - Result: 0
18:34:46.305 INFO  ReductionDriver - Starting reduction for variant_541
18:34:46.316 INFO  ExecHelper - interestingness_test /opt/reduce/cezanne_radeon_vega/syn_memory_converge_atomic/variant_541.comp reduction_results/cezanne_radeon_vega/syn_memory_converge_atomic/variant_541/variant_541.json
18:34:46.317 INFO  StreamGobblerLogger - stderr.env: ‘interestingness_test’: No such file or directory
18:34:46.318 INFO  ExecHelper - Result: 127
18:34:46.318 INFO  CustomFileJudge - Custom file judge result: 127
18:34:46.318 INFO  ReductionDriver - Result from initial state is not interesting (attempt 1)
18:34:46.320 INFO  ExecHelper - interestingness_test /opt/reduce/cezanne_radeon_vega/syn_memory_converge_atomic/variant_541.comp reduction_results/cezanne_radeon_vega/syn_memory_converge_atomic/variant_541/variant_541.json
18:34:46.321 INFO  StreamGobblerLogger - stderr.env: ‘interestingness_test’: No such file or directory
18:34:46.322 INFO  ExecHelper - Result: 127
18:34:46.322 INFO  CustomFileJudge - Custom file judge result: 127
18:34:46.322 INFO  ReductionDriver - Result from initial state is not interesting (attempt 2)
18:34:46.324 INFO  ExecHelper - interestingness_test /opt/reduce/cezanne_radeon_vega/syn_memory_converge_atomic/variant_541.comp reduction_results/cezanne_radeon_vega/syn_memory_converge_atomic/variant_541/variant_541.json
18:34:46.325 INFO  StreamGobblerLogger - stderr.env: ‘interestingness_test’: No such file or directory
18:34:46.325 INFO  ExecHelper - Result: 127
18:34:46.325 INFO  CustomFileJudge - Custom file judge result: 127
18:34:46.325 INFO  ReductionDriver - Result from initial state is not interesting (attempt 3)
18:34:46.328 INFO  ExecHelper - interestingness_test /opt/reduce/cezanne_radeon_vega/syn_memory_converge_atomic/variant_541.comp reduction_results/cezanne_radeon_vega/syn_memory_converge_atomic/variant_541/variant_541.json
18:34:46.328 INFO  StreamGobblerLogger - stderr.env: ‘interestingness_test’: No such file or directory
18:34:46.329 INFO  ExecHelper - Result: 127
18:34:46.329 INFO  CustomFileJudge - Custom file judge result: 127
18:34:46.329 INFO  ReductionDriver - Result from initial state is not interesting (attempt 4)
18:34:46.331 INFO  ExecHelper - interestingness_test /opt/reduce/cezanne_radeon_vega/syn_memory_converge_atomic/variant_541.comp reduction_results/cezanne_radeon_vega/syn_memory_converge_atomic/variant_541/variant_541.json
18:34:46.331 INFO  StreamGobblerLogger - stderr.env: ‘interestingness_test’: No such file or directory
18:34:46.332 INFO  ExecHelper - Result: 127
18:34:46.332 INFO  CustomFileJudge - Custom file judge result: 127
18:34:46.332 INFO  ReductionDriver - Result from initial state is not interesting (attempt 5)
18:34:46.332 INFO  ReductionDriver - Tried 5 times; stopping.
Reduction command: java -ea -cp /opt/graphicsfuzz/graphicsfuzz/target/graphicsfuzz/python/drivers/../../jar/tool-1.0.jar com.graphicsfuzz.reducer.tool.GlslReduce /opt/reduce/cezanne_radeon_vega/syn_memory_converge_atomic/variant_541.json interestingness_test --output reduction_results/cezanne_radeon_vega/syn_memory_converge_atomic/variant_541 /opt/reduce/cezanne_radeon_vega/syn_memory_converge_atomic/variant_541.comp
