19:40:40.407 INFO  ExecHelper - /opt/graphicsfuzz/graphicsfuzz/target/graphicsfuzz/bin/Linux/glslangValidator -E --stdin -S comp
19:40:40.546 INFO  ExecHelper - Result: 0
19:40:40.933 INFO  ReductionDriver - Starting reduction for variant_030
19:40:40.946 INFO  ExecHelper - interestingness_test /opt/reduce/rtx_4070/syn_memory_converge_atomic/variant_030.comp reduction_results/rtx_4070/syn_memory_converge_atomic/variant_030/variant_030.json
19:40:40.948 INFO  StreamGobblerLogger - stderr.env: ‘interestingness_test’: No such file or directory
19:40:40.948 INFO  ExecHelper - Result: 127
19:40:40.948 INFO  CustomFileJudge - Custom file judge result: 127
19:40:40.948 INFO  ReductionDriver - Result from initial state is not interesting (attempt 1)
19:40:40.952 INFO  ExecHelper - interestingness_test /opt/reduce/rtx_4070/syn_memory_converge_atomic/variant_030.comp reduction_results/rtx_4070/syn_memory_converge_atomic/variant_030/variant_030.json
19:40:40.953 INFO  StreamGobblerLogger - stderr.env: ‘interestingness_test’: No such file or directory
19:40:40.954 INFO  ExecHelper - Result: 127
19:40:40.954 INFO  CustomFileJudge - Custom file judge result: 127
19:40:40.954 INFO  ReductionDriver - Result from initial state is not interesting (attempt 2)
19:40:40.958 INFO  ExecHelper - interestingness_test /opt/reduce/rtx_4070/syn_memory_converge_atomic/variant_030.comp reduction_results/rtx_4070/syn_memory_converge_atomic/variant_030/variant_030.json
19:40:40.959 INFO  StreamGobblerLogger - stderr.env: ‘interestingness_test’: No such file or directory
19:40:40.959 INFO  ExecHelper - Result: 127
19:40:40.960 INFO  CustomFileJudge - Custom file judge result: 127
19:40:40.960 INFO  ReductionDriver - Result from initial state is not interesting (attempt 3)
19:40:40.963 INFO  ExecHelper - interestingness_test /opt/reduce/rtx_4070/syn_memory_converge_atomic/variant_030.comp reduction_results/rtx_4070/syn_memory_converge_atomic/variant_030/variant_030.json
19:40:40.964 INFO  StreamGobblerLogger - stderr.env: ‘interestingness_test’: No such file or directory
19:40:40.964 INFO  ExecHelper - Result: 127
19:40:40.964 INFO  CustomFileJudge - Custom file judge result: 127
19:40:40.964 INFO  ReductionDriver - Result from initial state is not interesting (attempt 4)
19:40:40.967 INFO  ExecHelper - interestingness_test /opt/reduce/rtx_4070/syn_memory_converge_atomic/variant_030.comp reduction_results/rtx_4070/syn_memory_converge_atomic/variant_030/variant_030.json
19:40:40.968 INFO  StreamGobblerLogger - stderr.env: ‘interestingness_test’: No such file or directory
19:40:40.969 INFO  ExecHelper - Result: 127
19:40:40.969 INFO  CustomFileJudge - Custom file judge result: 127
19:40:40.969 INFO  ReductionDriver - Result from initial state is not interesting (attempt 5)
19:40:40.969 INFO  ReductionDriver - Tried 5 times; stopping.
Reduction command: java -ea -cp /opt/graphicsfuzz/graphicsfuzz/target/graphicsfuzz/python/drivers/../../jar/tool-1.0.jar com.graphicsfuzz.reducer.tool.GlslReduce /opt/reduce/rtx_4070/syn_memory_converge_atomic/variant_030.json interestingness_test --output reduction_results/rtx_4070/syn_memory_converge_atomic/variant_030 /opt/reduce/rtx_4070/syn_memory_converge_atomic/variant_030.comp
