19:18:15.218 INFO  ExecHelper - /opt/graphicsfuzz/graphicsfuzz/target/graphicsfuzz/bin/Linux/glslangValidator -E --stdin -S comp
19:18:15.271 INFO  ExecHelper - Result: 0
19:18:15.540 INFO  ReductionDriver - Starting reduction for variant_945
19:18:15.621 INFO  ExecHelper - interestingness_test /opt/reduce/intel_iris_xe_graphics/syn_memory_converge_atomic/variant_945.comp reduction_results/intel_iris_xe_graphics/syn_memory_converge_atomic/variant_945/variant_945.json
19:18:15.623 INFO  StreamGobblerLogger - stderr.env: ‘interestingness_test’: No such file or directory
19:18:15.623 INFO  ExecHelper - Result: 127
19:18:15.623 INFO  CustomFileJudge - Custom file judge result: 127
19:18:15.623 INFO  ReductionDriver - Result from initial state is not interesting (attempt 1)
19:18:15.690 INFO  ExecHelper - interestingness_test /opt/reduce/intel_iris_xe_graphics/syn_memory_converge_atomic/variant_945.comp reduction_results/intel_iris_xe_graphics/syn_memory_converge_atomic/variant_945/variant_945.json
19:18:15.692 INFO  StreamGobblerLogger - stderr.env: ‘interestingness_test’: No such file or directory
19:18:15.692 INFO  ExecHelper - Result: 127
19:18:15.692 INFO  CustomFileJudge - Custom file judge result: 127
19:18:15.692 INFO  ReductionDriver - Result from initial state is not interesting (attempt 2)
19:18:15.755 INFO  ExecHelper - interestingness_test /opt/reduce/intel_iris_xe_graphics/syn_memory_converge_atomic/variant_945.comp reduction_results/intel_iris_xe_graphics/syn_memory_converge_atomic/variant_945/variant_945.json
19:18:15.757 INFO  StreamGobblerLogger - stderr.env: ‘interestingness_test’: No such file or directory
19:18:15.757 INFO  ExecHelper - Result: 127
19:18:15.757 INFO  CustomFileJudge - Custom file judge result: 127
19:18:15.757 INFO  ReductionDriver - Result from initial state is not interesting (attempt 3)
19:18:15.819 INFO  ExecHelper - interestingness_test /opt/reduce/intel_iris_xe_graphics/syn_memory_converge_atomic/variant_945.comp reduction_results/intel_iris_xe_graphics/syn_memory_converge_atomic/variant_945/variant_945.json
19:18:15.820 INFO  StreamGobblerLogger - stderr.env: ‘interestingness_test’: No such file or directory
19:18:15.820 INFO  ExecHelper - Result: 127
19:18:15.820 INFO  CustomFileJudge - Custom file judge result: 127
19:18:15.821 INFO  ReductionDriver - Result from initial state is not interesting (attempt 4)
19:18:15.882 INFO  ExecHelper - interestingness_test /opt/reduce/intel_iris_xe_graphics/syn_memory_converge_atomic/variant_945.comp reduction_results/intel_iris_xe_graphics/syn_memory_converge_atomic/variant_945/variant_945.json
19:18:15.883 INFO  StreamGobblerLogger - stderr.env: ‘interestingness_test’: No such file or directory
19:18:15.884 INFO  ExecHelper - Result: 127
19:18:15.884 INFO  CustomFileJudge - Custom file judge result: 127
19:18:15.884 INFO  ReductionDriver - Result from initial state is not interesting (attempt 5)
19:18:15.884 INFO  ReductionDriver - Tried 5 times; stopping.
Reduction command: java -ea -cp /opt/graphicsfuzz/graphicsfuzz/target/graphicsfuzz/python/drivers/../../jar/tool-1.0.jar com.graphicsfuzz.reducer.tool.GlslReduce /opt/reduce/intel_iris_xe_graphics/syn_memory_converge_atomic/variant_945.json interestingness_test --output reduction_results/intel_iris_xe_graphics/syn_memory_converge_atomic/variant_945 /opt/reduce/intel_iris_xe_graphics/syn_memory_converge_atomic/variant_945.comp
