18:56:13.997 INFO  ExecHelper - /opt/graphicsfuzz/graphicsfuzz/target/graphicsfuzz/bin/Linux/glslangValidator -E --stdin -S comp
18:56:14.054 INFO  ExecHelper - Result: 0
18:56:14.141 INFO  ReductionDriver - Starting reduction for variant_439
18:56:14.150 INFO  ExecHelper - interestingness_test /opt/reduce/intel_iris_xe_graphics/syn_memory_converge/variant_439.comp reduction_results/intel_iris_xe_graphics/syn_memory_converge/variant_439/variant_439.json
18:56:14.151 INFO  StreamGobblerLogger - stderr.env: ‘interestingness_test’: No such file or directory
18:56:14.152 INFO  ExecHelper - Result: 127
18:56:14.152 INFO  CustomFileJudge - Custom file judge result: 127
18:56:14.152 INFO  ReductionDriver - Result from initial state is not interesting (attempt 1)
18:56:14.154 INFO  ExecHelper - interestingness_test /opt/reduce/intel_iris_xe_graphics/syn_memory_converge/variant_439.comp reduction_results/intel_iris_xe_graphics/syn_memory_converge/variant_439/variant_439.json
18:56:14.155 INFO  StreamGobblerLogger - stderr.env: ‘interestingness_test’: No such file or directory
18:56:14.156 INFO  ExecHelper - Result: 127
18:56:14.156 INFO  CustomFileJudge - Custom file judge result: 127
18:56:14.156 INFO  ReductionDriver - Result from initial state is not interesting (attempt 2)
18:56:14.158 INFO  ExecHelper - interestingness_test /opt/reduce/intel_iris_xe_graphics/syn_memory_converge/variant_439.comp reduction_results/intel_iris_xe_graphics/syn_memory_converge/variant_439/variant_439.json
18:56:14.159 INFO  StreamGobblerLogger - stderr.env: ‘interestingness_test’: No such file or directory
18:56:14.159 INFO  ExecHelper - Result: 127
18:56:14.160 INFO  CustomFileJudge - Custom file judge result: 127
18:56:14.160 INFO  ReductionDriver - Result from initial state is not interesting (attempt 3)
18:56:14.161 INFO  ExecHelper - interestingness_test /opt/reduce/intel_iris_xe_graphics/syn_memory_converge/variant_439.comp reduction_results/intel_iris_xe_graphics/syn_memory_converge/variant_439/variant_439.json
18:56:14.162 INFO  StreamGobblerLogger - stderr.env: ‘interestingness_test’: No such file or directory
18:56:14.163 INFO  ExecHelper - Result: 127
18:56:14.163 INFO  CustomFileJudge - Custom file judge result: 127
18:56:14.163 INFO  ReductionDriver - Result from initial state is not interesting (attempt 4)
18:56:14.164 INFO  ExecHelper - interestingness_test /opt/reduce/intel_iris_xe_graphics/syn_memory_converge/variant_439.comp reduction_results/intel_iris_xe_graphics/syn_memory_converge/variant_439/variant_439.json
18:56:14.165 INFO  StreamGobblerLogger - stderr.env: ‘interestingness_test’: No such file or directory
18:56:14.165 INFO  ExecHelper - Result: 127
18:56:14.165 INFO  CustomFileJudge - Custom file judge result: 127
18:56:14.165 INFO  ReductionDriver - Result from initial state is not interesting (attempt 5)
18:56:14.166 INFO  ReductionDriver - Tried 5 times; stopping.
Reduction command: java -ea -cp /opt/graphicsfuzz/graphicsfuzz/target/graphicsfuzz/python/drivers/../../jar/tool-1.0.jar com.graphicsfuzz.reducer.tool.GlslReduce /opt/reduce/intel_iris_xe_graphics/syn_memory_converge/variant_439.json interestingness_test --output reduction_results/intel_iris_xe_graphics/syn_memory_converge/variant_439 /opt/reduce/intel_iris_xe_graphics/syn_memory_converge/variant_439.comp
