18:23:36.630 INFO  ExecHelper - /opt/graphicsfuzz/graphicsfuzz/target/graphicsfuzz/bin/Linux/glslangValidator -E --stdin -S comp
18:23:36.678 INFO  ExecHelper - Result: 0
18:23:36.766 INFO  ReductionDriver - Starting reduction for variant_728
18:23:36.777 INFO  ExecHelper - interestingness_test /opt/reduce/cezanne_radeon_vega/syn_memory_converge/variant_728.comp reduction_results/cezanne_radeon_vega/syn_memory_converge/variant_728/variant_728.json
18:23:36.778 INFO  StreamGobblerLogger - stderr.env: ‘interestingness_test’: No such file or directory
18:23:36.778 INFO  ExecHelper - Result: 127
18:23:36.778 INFO  CustomFileJudge - Custom file judge result: 127
18:23:36.778 INFO  ReductionDriver - Result from initial state is not interesting (attempt 1)
18:23:36.780 INFO  ExecHelper - interestingness_test /opt/reduce/cezanne_radeon_vega/syn_memory_converge/variant_728.comp reduction_results/cezanne_radeon_vega/syn_memory_converge/variant_728/variant_728.json
18:23:36.781 INFO  StreamGobblerLogger - stderr.env: ‘interestingness_test’: No such file or directory
18:23:36.782 INFO  ExecHelper - Result: 127
18:23:36.782 INFO  CustomFileJudge - Custom file judge result: 127
18:23:36.782 INFO  ReductionDriver - Result from initial state is not interesting (attempt 2)
18:23:36.784 INFO  ExecHelper - interestingness_test /opt/reduce/cezanne_radeon_vega/syn_memory_converge/variant_728.comp reduction_results/cezanne_radeon_vega/syn_memory_converge/variant_728/variant_728.json
18:23:36.785 INFO  StreamGobblerLogger - stderr.env: ‘interestingness_test’: No such file or directory
18:23:36.785 INFO  ExecHelper - Result: 127
18:23:36.785 INFO  CustomFileJudge - Custom file judge result: 127
18:23:36.785 INFO  ReductionDriver - Result from initial state is not interesting (attempt 3)
18:23:36.787 INFO  ExecHelper - interestingness_test /opt/reduce/cezanne_radeon_vega/syn_memory_converge/variant_728.comp reduction_results/cezanne_radeon_vega/syn_memory_converge/variant_728/variant_728.json
18:23:36.788 INFO  StreamGobblerLogger - stderr.env: ‘interestingness_test’: No such file or directory
18:23:36.788 INFO  ExecHelper - Result: 127
18:23:36.788 INFO  CustomFileJudge - Custom file judge result: 127
18:23:36.788 INFO  ReductionDriver - Result from initial state is not interesting (attempt 4)
18:23:36.790 INFO  ExecHelper - interestingness_test /opt/reduce/cezanne_radeon_vega/syn_memory_converge/variant_728.comp reduction_results/cezanne_radeon_vega/syn_memory_converge/variant_728/variant_728.json
18:23:36.791 INFO  StreamGobblerLogger - stderr.env: ‘interestingness_test’: No such file or directory
18:23:36.792 INFO  ExecHelper - Result: 127
18:23:36.792 INFO  CustomFileJudge - Custom file judge result: 127
18:23:36.792 INFO  ReductionDriver - Result from initial state is not interesting (attempt 5)
18:23:36.792 INFO  ReductionDriver - Tried 5 times; stopping.
Reduction command: java -ea -cp /opt/graphicsfuzz/graphicsfuzz/target/graphicsfuzz/python/drivers/../../jar/tool-1.0.jar com.graphicsfuzz.reducer.tool.GlslReduce /opt/reduce/cezanne_radeon_vega/syn_memory_converge/variant_728.json interestingness_test --output reduction_results/cezanne_radeon_vega/syn_memory_converge/variant_728 /opt/reduce/cezanne_radeon_vega/syn_memory_converge/variant_728.comp
