18:22:08.539 INFO  ExecHelper - /opt/graphicsfuzz/graphicsfuzz/target/graphicsfuzz/bin/Linux/glslangValidator -E --stdin -S comp
18:22:08.598 INFO  ExecHelper - Result: 0
18:22:08.916 INFO  ReductionDriver - Starting reduction for variant_604
18:22:09.017 INFO  ExecHelper - interestingness_test /opt/reduce/cezanne_radeon_vega/syn_memory_converge/variant_604.comp reduction_results/cezanne_radeon_vega/syn_memory_converge/variant_604/variant_604.json
18:22:09.019 INFO  StreamGobblerLogger - stderr.env: ‘interestingness_test’: No such file or directory
18:22:09.020 INFO  ExecHelper - Result: 127
18:22:09.020 INFO  CustomFileJudge - Custom file judge result: 127
18:22:09.020 INFO  ReductionDriver - Result from initial state is not interesting (attempt 1)
18:22:09.067 INFO  ExecHelper - interestingness_test /opt/reduce/cezanne_radeon_vega/syn_memory_converge/variant_604.comp reduction_results/cezanne_radeon_vega/syn_memory_converge/variant_604/variant_604.json
18:22:09.068 INFO  StreamGobblerLogger - stderr.env: ‘interestingness_test’: No such file or directory
18:22:09.069 INFO  ExecHelper - Result: 127
18:22:09.069 INFO  CustomFileJudge - Custom file judge result: 127
18:22:09.069 INFO  ReductionDriver - Result from initial state is not interesting (attempt 2)
18:22:09.113 INFO  ExecHelper - interestingness_test /opt/reduce/cezanne_radeon_vega/syn_memory_converge/variant_604.comp reduction_results/cezanne_radeon_vega/syn_memory_converge/variant_604/variant_604.json
18:22:09.114 INFO  StreamGobblerLogger - stderr.env: ‘interestingness_test’: No such file or directory
18:22:09.115 INFO  ExecHelper - Result: 127
18:22:09.115 INFO  CustomFileJudge - Custom file judge result: 127
18:22:09.115 INFO  ReductionDriver - Result from initial state is not interesting (attempt 3)
18:22:09.158 INFO  ExecHelper - interestingness_test /opt/reduce/cezanne_radeon_vega/syn_memory_converge/variant_604.comp reduction_results/cezanne_radeon_vega/syn_memory_converge/variant_604/variant_604.json
18:22:09.159 INFO  StreamGobblerLogger - stderr.env: ‘interestingness_test’: No such file or directory
18:22:09.160 INFO  ExecHelper - Result: 127
18:22:09.160 INFO  CustomFileJudge - Custom file judge result: 127
18:22:09.160 INFO  ReductionDriver - Result from initial state is not interesting (attempt 4)
18:22:09.202 INFO  ExecHelper - interestingness_test /opt/reduce/cezanne_radeon_vega/syn_memory_converge/variant_604.comp reduction_results/cezanne_radeon_vega/syn_memory_converge/variant_604/variant_604.json
18:22:09.204 INFO  StreamGobblerLogger - stderr.env: ‘interestingness_test’: No such file or directory
18:22:09.204 INFO  ExecHelper - Result: 127
18:22:09.204 INFO  CustomFileJudge - Custom file judge result: 127
18:22:09.204 INFO  ReductionDriver - Result from initial state is not interesting (attempt 5)
18:22:09.205 INFO  ReductionDriver - Tried 5 times; stopping.
Reduction command: java -ea -cp /opt/graphicsfuzz/graphicsfuzz/target/graphicsfuzz/python/drivers/../../jar/tool-1.0.jar com.graphicsfuzz.reducer.tool.GlslReduce /opt/reduce/cezanne_radeon_vega/syn_memory_converge/variant_604.json interestingness_test --output reduction_results/cezanne_radeon_vega/syn_memory_converge/variant_604 /opt/reduce/cezanne_radeon_vega/syn_memory_converge/variant_604.comp
