18:43:59.751 INFO  ExecHelper - /opt/graphicsfuzz/graphicsfuzz/target/graphicsfuzz/bin/Linux/glslangValidator -E --stdin -S comp
18:43:59.992 INFO  ExecHelper - Result: 0
18:44:01.066 INFO  ReductionDriver - Starting reduction for variant_544
18:44:01.090 INFO  ExecHelper - interestingness_test /opt/reduce/intel_iris_xe_graphics/syn_branch_syn/variant_544.comp reduction_results/intel_iris_xe_graphics/syn_branch_syn/variant_544/variant_544.json
18:44:01.092 INFO  StreamGobblerLogger - stderr.env: ‘interestingness_test’: No such file or directory
18:44:01.092 INFO  ExecHelper - Result: 127
18:44:01.092 INFO  CustomFileJudge - Custom file judge result: 127
18:44:01.092 INFO  ReductionDriver - Result from initial state is not interesting (attempt 1)
18:44:01.107 INFO  ExecHelper - interestingness_test /opt/reduce/intel_iris_xe_graphics/syn_branch_syn/variant_544.comp reduction_results/intel_iris_xe_graphics/syn_branch_syn/variant_544/variant_544.json
18:44:01.108 INFO  StreamGobblerLogger - stderr.env: ‘interestingness_test’: No such file or directory
18:44:01.108 INFO  ExecHelper - Result: 127
18:44:01.108 INFO  CustomFileJudge - Custom file judge result: 127
18:44:01.108 INFO  ReductionDriver - Result from initial state is not interesting (attempt 2)
18:44:01.120 INFO  ExecHelper - interestingness_test /opt/reduce/intel_iris_xe_graphics/syn_branch_syn/variant_544.comp reduction_results/intel_iris_xe_graphics/syn_branch_syn/variant_544/variant_544.json
18:44:01.121 INFO  StreamGobblerLogger - stderr.env: ‘interestingness_test’: No such file or directory
18:44:01.122 INFO  ExecHelper - Result: 127
18:44:01.122 INFO  CustomFileJudge - Custom file judge result: 127
18:44:01.122 INFO  ReductionDriver - Result from initial state is not interesting (attempt 3)
18:44:01.133 INFO  ExecHelper - interestingness_test /opt/reduce/intel_iris_xe_graphics/syn_branch_syn/variant_544.comp reduction_results/intel_iris_xe_graphics/syn_branch_syn/variant_544/variant_544.json
18:44:01.146 INFO  StreamGobblerLogger - stderr.env: ‘interestingness_test’: No such file or directory
18:44:01.147 INFO  ExecHelper - Result: 127
18:44:01.147 INFO  CustomFileJudge - Custom file judge result: 127
18:44:01.147 INFO  ReductionDriver - Result from initial state is not interesting (attempt 4)
18:44:01.161 INFO  ExecHelper - interestingness_test /opt/reduce/intel_iris_xe_graphics/syn_branch_syn/variant_544.comp reduction_results/intel_iris_xe_graphics/syn_branch_syn/variant_544/variant_544.json
18:44:01.162 INFO  StreamGobblerLogger - stderr.env: ‘interestingness_test’: No such file or directory
18:44:01.163 INFO  ExecHelper - Result: 127
18:44:01.163 INFO  CustomFileJudge - Custom file judge result: 127
18:44:01.163 INFO  ReductionDriver - Result from initial state is not interesting (attempt 5)
18:44:01.163 INFO  ReductionDriver - Tried 5 times; stopping.
Reduction command: java -ea -cp /opt/graphicsfuzz/graphicsfuzz/target/graphicsfuzz/python/drivers/../../jar/tool-1.0.jar com.graphicsfuzz.reducer.tool.GlslReduce /opt/reduce/intel_iris_xe_graphics/syn_branch_syn/variant_544.json interestingness_test --output reduction_results/intel_iris_xe_graphics/syn_branch_syn/variant_544 /opt/reduce/intel_iris_xe_graphics/syn_branch_syn/variant_544.comp
