18:26:24.848 INFO  ExecHelper - /opt/graphicsfuzz/graphicsfuzz/target/graphicsfuzz/bin/Linux/glslangValidator -E --stdin -S comp
18:26:24.904 INFO  ExecHelper - Result: 0
18:26:25.266 INFO  ReductionDriver - Starting reduction for variant_938
18:26:25.361 INFO  ExecHelper - interestingness_test /opt/reduce/cezanne_radeon_vega/syn_memory_converge/variant_938.comp reduction_results/cezanne_radeon_vega/syn_memory_converge/variant_938/variant_938.json
18:26:25.363 INFO  StreamGobblerLogger - stderr.env: ‘interestingness_test’: No such file or directory
18:26:25.363 INFO  ExecHelper - Result: 127
18:26:25.363 INFO  CustomFileJudge - Custom file judge result: 127
18:26:25.363 INFO  ReductionDriver - Result from initial state is not interesting (attempt 1)
18:26:25.447 INFO  ExecHelper - interestingness_test /opt/reduce/cezanne_radeon_vega/syn_memory_converge/variant_938.comp reduction_results/cezanne_radeon_vega/syn_memory_converge/variant_938/variant_938.json
18:26:25.448 INFO  StreamGobblerLogger - stderr.env: ‘interestingness_test’: No such file or directory
18:26:25.449 INFO  ExecHelper - Result: 127
18:26:25.449 INFO  CustomFileJudge - Custom file judge result: 127
18:26:25.449 INFO  ReductionDriver - Result from initial state is not interesting (attempt 2)
18:26:25.532 INFO  ExecHelper - interestingness_test /opt/reduce/cezanne_radeon_vega/syn_memory_converge/variant_938.comp reduction_results/cezanne_radeon_vega/syn_memory_converge/variant_938/variant_938.json
18:26:25.533 INFO  StreamGobblerLogger - stderr.env: ‘interestingness_test’: No such file or directory
18:26:25.534 INFO  ExecHelper - Result: 127
18:26:25.534 INFO  CustomFileJudge - Custom file judge result: 127
18:26:25.534 INFO  ReductionDriver - Result from initial state is not interesting (attempt 3)
18:26:25.608 INFO  ExecHelper - interestingness_test /opt/reduce/cezanne_radeon_vega/syn_memory_converge/variant_938.comp reduction_results/cezanne_radeon_vega/syn_memory_converge/variant_938/variant_938.json
18:26:25.610 INFO  StreamGobblerLogger - stderr.env: ‘interestingness_test’: No such file or directory
18:26:25.611 INFO  ExecHelper - Result: 127
18:26:25.611 INFO  CustomFileJudge - Custom file judge result: 127
18:26:25.611 INFO  ReductionDriver - Result from initial state is not interesting (attempt 4)
18:26:25.684 INFO  ExecHelper - interestingness_test /opt/reduce/cezanne_radeon_vega/syn_memory_converge/variant_938.comp reduction_results/cezanne_radeon_vega/syn_memory_converge/variant_938/variant_938.json
18:26:25.685 INFO  StreamGobblerLogger - stderr.env: ‘interestingness_test’: No such file or directory
18:26:25.685 INFO  ExecHelper - Result: 127
18:26:25.685 INFO  CustomFileJudge - Custom file judge result: 127
18:26:25.686 INFO  ReductionDriver - Result from initial state is not interesting (attempt 5)
18:26:25.686 INFO  ReductionDriver - Tried 5 times; stopping.
Reduction command: java -ea -cp /opt/graphicsfuzz/graphicsfuzz/target/graphicsfuzz/python/drivers/../../jar/tool-1.0.jar com.graphicsfuzz.reducer.tool.GlslReduce /opt/reduce/cezanne_radeon_vega/syn_memory_converge/variant_938.json interestingness_test --output reduction_results/cezanne_radeon_vega/syn_memory_converge/variant_938 /opt/reduce/cezanne_radeon_vega/syn_memory_converge/variant_938.comp
