19:33:13.691 INFO  ExecHelper - /opt/graphicsfuzz/graphicsfuzz/target/graphicsfuzz/bin/Linux/glslangValidator -E --stdin -S comp
19:33:13.741 INFO  ExecHelper - Result: 0
19:33:13.800 INFO  ReductionDriver - Starting reduction for variant_490
19:33:13.805 INFO  ExecHelper - interestingness_test /opt/reduce/rtx_4070/syn_memory_converge/variant_490.comp reduction_results/rtx_4070/syn_memory_converge/variant_490/variant_490.json
19:33:13.806 INFO  StreamGobblerLogger - stderr.env: ‘interestingness_test’: No such file or directory
19:33:13.807 INFO  ExecHelper - Result: 127
19:33:13.807 INFO  CustomFileJudge - Custom file judge result: 127
19:33:13.807 INFO  ReductionDriver - Result from initial state is not interesting (attempt 1)
19:33:13.808 INFO  ExecHelper - interestingness_test /opt/reduce/rtx_4070/syn_memory_converge/variant_490.comp reduction_results/rtx_4070/syn_memory_converge/variant_490/variant_490.json
19:33:13.809 INFO  StreamGobblerLogger - stderr.env: ‘interestingness_test’: No such file or directory
19:33:13.809 INFO  ExecHelper - Result: 127
19:33:13.809 INFO  CustomFileJudge - Custom file judge result: 127
19:33:13.809 INFO  ReductionDriver - Result from initial state is not interesting (attempt 2)
19:33:13.810 INFO  ExecHelper - interestingness_test /opt/reduce/rtx_4070/syn_memory_converge/variant_490.comp reduction_results/rtx_4070/syn_memory_converge/variant_490/variant_490.json
19:33:13.811 INFO  StreamGobblerLogger - stderr.env: ‘interestingness_test’: No such file or directory
19:33:13.811 INFO  ExecHelper - Result: 127
19:33:13.811 INFO  CustomFileJudge - Custom file judge result: 127
19:33:13.812 INFO  ReductionDriver - Result from initial state is not interesting (attempt 3)
19:33:13.812 INFO  ExecHelper - interestingness_test /opt/reduce/rtx_4070/syn_memory_converge/variant_490.comp reduction_results/rtx_4070/syn_memory_converge/variant_490/variant_490.json
19:33:13.813 INFO  StreamGobblerLogger - stderr.env: ‘interestingness_test’: No such file or directory
19:33:13.813 INFO  ExecHelper - Result: 127
19:33:13.813 INFO  CustomFileJudge - Custom file judge result: 127
19:33:13.813 INFO  ReductionDriver - Result from initial state is not interesting (attempt 4)
19:33:13.814 INFO  ExecHelper - interestingness_test /opt/reduce/rtx_4070/syn_memory_converge/variant_490.comp reduction_results/rtx_4070/syn_memory_converge/variant_490/variant_490.json
19:33:13.815 INFO  StreamGobblerLogger - stderr.env: ‘interestingness_test’: No such file or directory
19:33:13.815 INFO  ExecHelper - Result: 127
19:33:13.816 INFO  CustomFileJudge - Custom file judge result: 127
19:33:13.816 INFO  ReductionDriver - Result from initial state is not interesting (attempt 5)
19:33:13.816 INFO  ReductionDriver - Tried 5 times; stopping.
Reduction command: java -ea -cp /opt/graphicsfuzz/graphicsfuzz/target/graphicsfuzz/python/drivers/../../jar/tool-1.0.jar com.graphicsfuzz.reducer.tool.GlslReduce /opt/reduce/rtx_4070/syn_memory_converge/variant_490.json interestingness_test --output reduction_results/rtx_4070/syn_memory_converge/variant_490 /opt/reduce/rtx_4070/syn_memory_converge/variant_490.comp
