19:33:05.907 INFO  ExecHelper - /opt/graphicsfuzz/graphicsfuzz/target/graphicsfuzz/bin/Linux/glslangValidator -E --stdin -S comp
19:33:05.971 INFO  ExecHelper - Result: 0
19:33:06.668 INFO  ReductionDriver - Starting reduction for variant_480
19:33:06.688 INFO  ExecHelper - interestingness_test /opt/reduce/rtx_4070/syn_memory_converge/variant_480.comp reduction_results/rtx_4070/syn_memory_converge/variant_480/variant_480.json
19:33:06.689 INFO  StreamGobblerLogger - stderr.env: ‘interestingness_test’: No such file or directory
19:33:06.689 INFO  ExecHelper - Result: 127
19:33:06.689 INFO  CustomFileJudge - Custom file judge result: 127
19:33:06.690 INFO  ReductionDriver - Result from initial state is not interesting (attempt 1)
19:33:06.700 INFO  ExecHelper - interestingness_test /opt/reduce/rtx_4070/syn_memory_converge/variant_480.comp reduction_results/rtx_4070/syn_memory_converge/variant_480/variant_480.json
19:33:06.701 INFO  StreamGobblerLogger - stderr.env: ‘interestingness_test’: No such file or directory
19:33:06.701 INFO  ExecHelper - Result: 127
19:33:06.701 INFO  CustomFileJudge - Custom file judge result: 127
19:33:06.701 INFO  ReductionDriver - Result from initial state is not interesting (attempt 2)
19:33:06.710 INFO  ExecHelper - interestingness_test /opt/reduce/rtx_4070/syn_memory_converge/variant_480.comp reduction_results/rtx_4070/syn_memory_converge/variant_480/variant_480.json
19:33:06.711 INFO  StreamGobblerLogger - stderr.env: ‘interestingness_test’: No such file or directory
19:33:06.711 INFO  ExecHelper - Result: 127
19:33:06.711 INFO  CustomFileJudge - Custom file judge result: 127
19:33:06.712 INFO  ReductionDriver - Result from initial state is not interesting (attempt 3)
19:33:06.719 INFO  ExecHelper - interestingness_test /opt/reduce/rtx_4070/syn_memory_converge/variant_480.comp reduction_results/rtx_4070/syn_memory_converge/variant_480/variant_480.json
19:33:06.720 INFO  StreamGobblerLogger - stderr.env: ‘interestingness_test’: No such file or directory
19:33:06.721 INFO  ExecHelper - Result: 127
19:33:06.721 INFO  CustomFileJudge - Custom file judge result: 127
19:33:06.721 INFO  ReductionDriver - Result from initial state is not interesting (attempt 4)
19:33:06.729 INFO  ExecHelper - interestingness_test /opt/reduce/rtx_4070/syn_memory_converge/variant_480.comp reduction_results/rtx_4070/syn_memory_converge/variant_480/variant_480.json
19:33:06.730 INFO  StreamGobblerLogger - stderr.env: ‘interestingness_test’: No such file or directory
19:33:06.730 INFO  ExecHelper - Result: 127
19:33:06.730 INFO  CustomFileJudge - Custom file judge result: 127
19:33:06.730 INFO  ReductionDriver - Result from initial state is not interesting (attempt 5)
19:33:06.730 INFO  ReductionDriver - Tried 5 times; stopping.
Reduction command: java -ea -cp /opt/graphicsfuzz/graphicsfuzz/target/graphicsfuzz/python/drivers/../../jar/tool-1.0.jar com.graphicsfuzz.reducer.tool.GlslReduce /opt/reduce/rtx_4070/syn_memory_converge/variant_480.json interestingness_test --output reduction_results/rtx_4070/syn_memory_converge/variant_480 /opt/reduce/rtx_4070/syn_memory_converge/variant_480.comp
