19:09:09.530 INFO  ExecHelper - /opt/graphicsfuzz/graphicsfuzz/target/graphicsfuzz/bin/Linux/glslangValidator -E --stdin -S comp
19:09:09.578 INFO  ExecHelper - Result: 0
19:09:09.636 INFO  ReductionDriver - Starting reduction for variant_340
19:09:09.641 INFO  ExecHelper - interestingness_test /opt/reduce/intel_iris_xe_graphics/syn_memory_converge_atomic/variant_340.comp reduction_results/intel_iris_xe_graphics/syn_memory_converge_atomic/variant_340/variant_340.json
19:09:09.643 INFO  StreamGobblerLogger - stderr.env: ‘interestingness_test’: No such file or directory
19:09:09.643 INFO  ExecHelper - Result: 127
19:09:09.644 INFO  CustomFileJudge - Custom file judge result: 127
19:09:09.644 INFO  ReductionDriver - Result from initial state is not interesting (attempt 1)
19:09:09.644 INFO  ExecHelper - interestingness_test /opt/reduce/intel_iris_xe_graphics/syn_memory_converge_atomic/variant_340.comp reduction_results/intel_iris_xe_graphics/syn_memory_converge_atomic/variant_340/variant_340.json
19:09:09.645 INFO  StreamGobblerLogger - stderr.env: ‘interestingness_test’: No such file or directory
19:09:09.646 INFO  ExecHelper - Result: 127
19:09:09.646 INFO  CustomFileJudge - Custom file judge result: 127
19:09:09.646 INFO  ReductionDriver - Result from initial state is not interesting (attempt 2)
19:09:09.647 INFO  ExecHelper - interestingness_test /opt/reduce/intel_iris_xe_graphics/syn_memory_converge_atomic/variant_340.comp reduction_results/intel_iris_xe_graphics/syn_memory_converge_atomic/variant_340/variant_340.json
19:09:09.649 INFO  StreamGobblerLogger - stderr.env: ‘interestingness_test’: No such file or directory
19:09:09.649 INFO  ExecHelper - Result: 127
19:09:09.649 INFO  CustomFileJudge - Custom file judge result: 127
19:09:09.649 INFO  ReductionDriver - Result from initial state is not interesting (attempt 3)
19:09:09.650 INFO  ExecHelper - interestingness_test /opt/reduce/intel_iris_xe_graphics/syn_memory_converge_atomic/variant_340.comp reduction_results/intel_iris_xe_graphics/syn_memory_converge_atomic/variant_340/variant_340.json
19:09:09.651 INFO  StreamGobblerLogger - stderr.env: ‘interestingness_test’: No such file or directory
19:09:09.652 INFO  ExecHelper - Result: 127
19:09:09.652 INFO  CustomFileJudge - Custom file judge result: 127
19:09:09.652 INFO  ReductionDriver - Result from initial state is not interesting (attempt 4)
19:09:09.653 INFO  ExecHelper - interestingness_test /opt/reduce/intel_iris_xe_graphics/syn_memory_converge_atomic/variant_340.comp reduction_results/intel_iris_xe_graphics/syn_memory_converge_atomic/variant_340/variant_340.json
19:09:09.654 INFO  StreamGobblerLogger - stderr.env: ‘interestingness_test’: No such file or directory
19:09:09.654 INFO  ExecHelper - Result: 127
19:09:09.654 INFO  CustomFileJudge - Custom file judge result: 127
19:09:09.654 INFO  ReductionDriver - Result from initial state is not interesting (attempt 5)
19:09:09.655 INFO  ReductionDriver - Tried 5 times; stopping.
Reduction command: java -ea -cp /opt/graphicsfuzz/graphicsfuzz/target/graphicsfuzz/python/drivers/../../jar/tool-1.0.jar com.graphicsfuzz.reducer.tool.GlslReduce /opt/reduce/intel_iris_xe_graphics/syn_memory_converge_atomic/variant_340.json interestingness_test --output reduction_results/intel_iris_xe_graphics/syn_memory_converge_atomic/variant_340 /opt/reduce/intel_iris_xe_graphics/syn_memory_converge_atomic/variant_340.comp
