19:27:33.927 INFO  ExecHelper - /opt/graphicsfuzz/graphicsfuzz/target/graphicsfuzz/bin/Linux/glslangValidator -E --stdin -S comp
19:27:33.974 INFO  ExecHelper - Result: 0
19:27:34.053 INFO  ReductionDriver - Starting reduction for variant_103
19:27:34.062 INFO  ExecHelper - interestingness_test /opt/reduce/rtx_4070/syn_memory_converge/variant_103.comp reduction_results/rtx_4070/syn_memory_converge/variant_103/variant_103.json
19:27:34.064 INFO  StreamGobblerLogger - stderr.env: ‘interestingness_test’: No such file or directory
19:27:34.064 INFO  ExecHelper - Result: 127
19:27:34.064 INFO  CustomFileJudge - Custom file judge result: 127
19:27:34.064 INFO  ReductionDriver - Result from initial state is not interesting (attempt 1)
19:27:34.066 INFO  ExecHelper - interestingness_test /opt/reduce/rtx_4070/syn_memory_converge/variant_103.comp reduction_results/rtx_4070/syn_memory_converge/variant_103/variant_103.json
19:27:34.067 INFO  StreamGobblerLogger - stderr.env: ‘interestingness_test’: No such file or directory
19:27:34.068 INFO  ExecHelper - Result: 127
19:27:34.068 INFO  CustomFileJudge - Custom file judge result: 127
19:27:34.068 INFO  ReductionDriver - Result from initial state is not interesting (attempt 2)
19:27:34.070 INFO  ExecHelper - interestingness_test /opt/reduce/rtx_4070/syn_memory_converge/variant_103.comp reduction_results/rtx_4070/syn_memory_converge/variant_103/variant_103.json
19:27:34.070 INFO  StreamGobblerLogger - stderr.env: ‘interestingness_test’: No such file or directory
19:27:34.071 INFO  ExecHelper - Result: 127
19:27:34.071 INFO  CustomFileJudge - Custom file judge result: 127
19:27:34.071 INFO  ReductionDriver - Result from initial state is not interesting (attempt 3)
19:27:34.072 INFO  ExecHelper - interestingness_test /opt/reduce/rtx_4070/syn_memory_converge/variant_103.comp reduction_results/rtx_4070/syn_memory_converge/variant_103/variant_103.json
19:27:34.073 INFO  StreamGobblerLogger - stderr.env: ‘interestingness_test’: No such file or directory
19:27:34.074 INFO  ExecHelper - Result: 127
19:27:34.074 INFO  CustomFileJudge - Custom file judge result: 127
19:27:34.074 INFO  ReductionDriver - Result from initial state is not interesting (attempt 4)
19:27:34.075 INFO  ExecHelper - interestingness_test /opt/reduce/rtx_4070/syn_memory_converge/variant_103.comp reduction_results/rtx_4070/syn_memory_converge/variant_103/variant_103.json
19:27:34.077 INFO  StreamGobblerLogger - stderr.env: ‘interestingness_test’: No such file or directory
19:27:34.077 INFO  ExecHelper - Result: 127
19:27:34.077 INFO  CustomFileJudge - Custom file judge result: 127
19:27:34.077 INFO  ReductionDriver - Result from initial state is not interesting (attempt 5)
19:27:34.077 INFO  ReductionDriver - Tried 5 times; stopping.
Reduction command: java -ea -cp /opt/graphicsfuzz/graphicsfuzz/target/graphicsfuzz/python/drivers/../../jar/tool-1.0.jar com.graphicsfuzz.reducer.tool.GlslReduce /opt/reduce/rtx_4070/syn_memory_converge/variant_103.json interestingness_test --output reduction_results/rtx_4070/syn_memory_converge/variant_103 /opt/reduce/rtx_4070/syn_memory_converge/variant_103.comp
