19:02:47.838 INFO  ExecHelper - /opt/graphicsfuzz/graphicsfuzz/target/graphicsfuzz/bin/Linux/glslangValidator -E --stdin -S comp
19:02:47.887 INFO  ExecHelper - Result: 0
19:02:47.945 INFO  ReductionDriver - Starting reduction for variant_904
19:02:47.950 INFO  ExecHelper - interestingness_test /opt/reduce/intel_iris_xe_graphics/syn_memory_converge/variant_904.comp reduction_results/intel_iris_xe_graphics/syn_memory_converge/variant_904/variant_904.json
19:02:47.951 INFO  StreamGobblerLogger - stderr.env: ‘interestingness_test’: No such file or directory
19:02:47.951 INFO  ExecHelper - Result: 127
19:02:47.952 INFO  CustomFileJudge - Custom file judge result: 127
19:02:47.952 INFO  ReductionDriver - Result from initial state is not interesting (attempt 1)
19:02:47.954 INFO  ExecHelper - interestingness_test /opt/reduce/intel_iris_xe_graphics/syn_memory_converge/variant_904.comp reduction_results/intel_iris_xe_graphics/syn_memory_converge/variant_904/variant_904.json
19:02:47.955 INFO  StreamGobblerLogger - stderr.env: ‘interestingness_test’: No such file or directory
19:02:47.955 INFO  ExecHelper - Result: 127
19:02:47.955 INFO  CustomFileJudge - Custom file judge result: 127
19:02:47.955 INFO  ReductionDriver - Result from initial state is not interesting (attempt 2)
19:02:47.957 INFO  ExecHelper - interestingness_test /opt/reduce/intel_iris_xe_graphics/syn_memory_converge/variant_904.comp reduction_results/intel_iris_xe_graphics/syn_memory_converge/variant_904/variant_904.json
19:02:47.958 INFO  StreamGobblerLogger - stderr.env: ‘interestingness_test’: No such file or directory
19:02:47.959 INFO  ExecHelper - Result: 127
19:02:47.959 INFO  CustomFileJudge - Custom file judge result: 127
19:02:47.959 INFO  ReductionDriver - Result from initial state is not interesting (attempt 3)
19:02:47.961 INFO  ExecHelper - interestingness_test /opt/reduce/intel_iris_xe_graphics/syn_memory_converge/variant_904.comp reduction_results/intel_iris_xe_graphics/syn_memory_converge/variant_904/variant_904.json
19:02:47.962 INFO  StreamGobblerLogger - stderr.env: ‘interestingness_test’: No such file or directory
19:02:47.962 INFO  ExecHelper - Result: 127
19:02:47.962 INFO  CustomFileJudge - Custom file judge result: 127
19:02:47.962 INFO  ReductionDriver - Result from initial state is not interesting (attempt 4)
19:02:47.964 INFO  ExecHelper - interestingness_test /opt/reduce/intel_iris_xe_graphics/syn_memory_converge/variant_904.comp reduction_results/intel_iris_xe_graphics/syn_memory_converge/variant_904/variant_904.json
19:02:47.965 INFO  StreamGobblerLogger - stderr.env: ‘interestingness_test’: No such file or directory
19:02:47.965 INFO  ExecHelper - Result: 127
19:02:47.965 INFO  CustomFileJudge - Custom file judge result: 127
19:02:47.965 INFO  ReductionDriver - Result from initial state is not interesting (attempt 5)
19:02:47.965 INFO  ReductionDriver - Tried 5 times; stopping.
Reduction command: java -ea -cp /opt/graphicsfuzz/graphicsfuzz/target/graphicsfuzz/python/drivers/../../jar/tool-1.0.jar com.graphicsfuzz.reducer.tool.GlslReduce /opt/reduce/intel_iris_xe_graphics/syn_memory_converge/variant_904.json interestingness_test --output reduction_results/intel_iris_xe_graphics/syn_memory_converge/variant_904 /opt/reduce/intel_iris_xe_graphics/syn_memory_converge/variant_904.comp
