19:13:30.143 INFO  ExecHelper - /opt/graphicsfuzz/graphicsfuzz/target/graphicsfuzz/bin/Linux/glslangValidator -E --stdin -S comp
19:13:30.198 INFO  ExecHelper - Result: 0
19:13:30.938 INFO  ReductionDriver - Starting reduction for variant_642
19:13:31.028 INFO  ExecHelper - interestingness_test /opt/reduce/intel_iris_xe_graphics/syn_memory_converge_atomic/variant_642.comp reduction_results/intel_iris_xe_graphics/syn_memory_converge_atomic/variant_642/variant_642.json
19:13:31.030 INFO  StreamGobblerLogger - stderr.env: ‘interestingness_test’: No such file or directory
19:13:31.030 INFO  ExecHelper - Result: 127
19:13:31.030 INFO  CustomFileJudge - Custom file judge result: 127
19:13:31.030 INFO  ReductionDriver - Result from initial state is not interesting (attempt 1)
19:13:31.107 INFO  ExecHelper - interestingness_test /opt/reduce/intel_iris_xe_graphics/syn_memory_converge_atomic/variant_642.comp reduction_results/intel_iris_xe_graphics/syn_memory_converge_atomic/variant_642/variant_642.json
19:13:31.109 INFO  StreamGobblerLogger - stderr.env: ‘interestingness_test’: No such file or directory
19:13:31.109 INFO  ExecHelper - Result: 127
19:13:31.109 INFO  CustomFileJudge - Custom file judge result: 127
19:13:31.110 INFO  ReductionDriver - Result from initial state is not interesting (attempt 2)
19:13:31.182 INFO  ExecHelper - interestingness_test /opt/reduce/intel_iris_xe_graphics/syn_memory_converge_atomic/variant_642.comp reduction_results/intel_iris_xe_graphics/syn_memory_converge_atomic/variant_642/variant_642.json
19:13:31.184 INFO  StreamGobblerLogger - stderr.env: ‘interestingness_test’: No such file or directory
19:13:31.184 INFO  ExecHelper - Result: 127
19:13:31.184 INFO  CustomFileJudge - Custom file judge result: 127
19:13:31.184 INFO  ReductionDriver - Result from initial state is not interesting (attempt 3)
19:13:31.257 INFO  ExecHelper - interestingness_test /opt/reduce/intel_iris_xe_graphics/syn_memory_converge_atomic/variant_642.comp reduction_results/intel_iris_xe_graphics/syn_memory_converge_atomic/variant_642/variant_642.json
19:13:31.259 INFO  StreamGobblerLogger - stderr.env: ‘interestingness_test’: No such file or directory
19:13:31.260 INFO  ExecHelper - Result: 127
19:13:31.260 INFO  CustomFileJudge - Custom file judge result: 127
19:13:31.260 INFO  ReductionDriver - Result from initial state is not interesting (attempt 4)
19:13:31.330 INFO  ExecHelper - interestingness_test /opt/reduce/intel_iris_xe_graphics/syn_memory_converge_atomic/variant_642.comp reduction_results/intel_iris_xe_graphics/syn_memory_converge_atomic/variant_642/variant_642.json
19:13:31.332 INFO  StreamGobblerLogger - stderr.env: ‘interestingness_test’: No such file or directory
19:13:31.332 INFO  ExecHelper - Result: 127
19:13:31.333 INFO  CustomFileJudge - Custom file judge result: 127
19:13:31.333 INFO  ReductionDriver - Result from initial state is not interesting (attempt 5)
19:13:31.333 INFO  ReductionDriver - Tried 5 times; stopping.
Reduction command: java -ea -cp /opt/graphicsfuzz/graphicsfuzz/target/graphicsfuzz/python/drivers/../../jar/tool-1.0.jar com.graphicsfuzz.reducer.tool.GlslReduce /opt/reduce/intel_iris_xe_graphics/syn_memory_converge_atomic/variant_642.json interestingness_test --output reduction_results/intel_iris_xe_graphics/syn_memory_converge_atomic/variant_642 /opt/reduce/intel_iris_xe_graphics/syn_memory_converge_atomic/variant_642.comp
