18:53:05.476 INFO  ExecHelper - /opt/graphicsfuzz/graphicsfuzz/target/graphicsfuzz/bin/Linux/glslangValidator -E --stdin -S comp
18:53:05.533 INFO  ExecHelper - Result: 0
18:53:05.856 INFO  ReductionDriver - Starting reduction for variant_227
18:53:05.915 INFO  ExecHelper - interestingness_test /opt/reduce/intel_iris_xe_graphics/syn_memory_converge/variant_227.comp reduction_results/intel_iris_xe_graphics/syn_memory_converge/variant_227/variant_227.json
18:53:05.916 INFO  StreamGobblerLogger - stderr.env: ‘interestingness_test’: No such file or directory
18:53:05.916 INFO  ExecHelper - Result: 127
18:53:05.917 INFO  CustomFileJudge - Custom file judge result: 127
18:53:05.917 INFO  ReductionDriver - Result from initial state is not interesting (attempt 1)
18:53:05.971 INFO  ExecHelper - interestingness_test /opt/reduce/intel_iris_xe_graphics/syn_memory_converge/variant_227.comp reduction_results/intel_iris_xe_graphics/syn_memory_converge/variant_227/variant_227.json
18:53:05.973 INFO  StreamGobblerLogger - stderr.env: ‘interestingness_test’: No such file or directory
18:53:05.973 INFO  ExecHelper - Result: 127
18:53:05.973 INFO  CustomFileJudge - Custom file judge result: 127
18:53:05.973 INFO  ReductionDriver - Result from initial state is not interesting (attempt 2)
18:53:06.016 INFO  ExecHelper - interestingness_test /opt/reduce/intel_iris_xe_graphics/syn_memory_converge/variant_227.comp reduction_results/intel_iris_xe_graphics/syn_memory_converge/variant_227/variant_227.json
18:53:06.017 INFO  StreamGobblerLogger - stderr.env: ‘interestingness_test’: No such file or directory
18:53:06.018 INFO  ExecHelper - Result: 127
18:53:06.018 INFO  CustomFileJudge - Custom file judge result: 127
18:53:06.018 INFO  ReductionDriver - Result from initial state is not interesting (attempt 3)
18:53:06.067 INFO  ExecHelper - interestingness_test /opt/reduce/intel_iris_xe_graphics/syn_memory_converge/variant_227.comp reduction_results/intel_iris_xe_graphics/syn_memory_converge/variant_227/variant_227.json
18:53:06.068 INFO  StreamGobblerLogger - stderr.env: ‘interestingness_test’: No such file or directory
18:53:06.069 INFO  ExecHelper - Result: 127
18:53:06.069 INFO  CustomFileJudge - Custom file judge result: 127
18:53:06.069 INFO  ReductionDriver - Result from initial state is not interesting (attempt 4)
18:53:06.107 INFO  ExecHelper - interestingness_test /opt/reduce/intel_iris_xe_graphics/syn_memory_converge/variant_227.comp reduction_results/intel_iris_xe_graphics/syn_memory_converge/variant_227/variant_227.json
18:53:06.108 INFO  StreamGobblerLogger - stderr.env: ‘interestingness_test’: No such file or directory
18:53:06.109 INFO  ExecHelper - Result: 127
18:53:06.109 INFO  CustomFileJudge - Custom file judge result: 127
18:53:06.109 INFO  ReductionDriver - Result from initial state is not interesting (attempt 5)
18:53:06.109 INFO  ReductionDriver - Tried 5 times; stopping.
Reduction command: java -ea -cp /opt/graphicsfuzz/graphicsfuzz/target/graphicsfuzz/python/drivers/../../jar/tool-1.0.jar com.graphicsfuzz.reducer.tool.GlslReduce /opt/reduce/intel_iris_xe_graphics/syn_memory_converge/variant_227.json interestingness_test --output reduction_results/intel_iris_xe_graphics/syn_memory_converge/variant_227 /opt/reduce/intel_iris_xe_graphics/syn_memory_converge/variant_227.comp
