19:28:03.152 INFO  ExecHelper - /opt/graphicsfuzz/graphicsfuzz/target/graphicsfuzz/bin/Linux/glslangValidator -E --stdin -S comp
19:28:03.251 INFO  ExecHelper - Result: 0
19:28:04.037 INFO  ReductionDriver - Starting reduction for variant_136
19:28:04.075 INFO  ExecHelper - interestingness_test /opt/reduce/rtx_4070/syn_memory_converge/variant_136.comp reduction_results/rtx_4070/syn_memory_converge/variant_136/variant_136.json
19:28:04.076 INFO  StreamGobblerLogger - stderr.env: ‘interestingness_test’: No such file or directory
19:28:04.077 INFO  ExecHelper - Result: 127
19:28:04.077 INFO  CustomFileJudge - Custom file judge result: 127
19:28:04.077 INFO  ReductionDriver - Result from initial state is not interesting (attempt 1)
19:28:04.103 INFO  ExecHelper - interestingness_test /opt/reduce/rtx_4070/syn_memory_converge/variant_136.comp reduction_results/rtx_4070/syn_memory_converge/variant_136/variant_136.json
19:28:04.104 INFO  StreamGobblerLogger - stderr.env: ‘interestingness_test’: No such file or directory
19:28:04.105 INFO  ExecHelper - Result: 127
19:28:04.105 INFO  CustomFileJudge - Custom file judge result: 127
19:28:04.105 INFO  ReductionDriver - Result from initial state is not interesting (attempt 2)
19:28:04.128 INFO  ExecHelper - interestingness_test /opt/reduce/rtx_4070/syn_memory_converge/variant_136.comp reduction_results/rtx_4070/syn_memory_converge/variant_136/variant_136.json
19:28:04.129 INFO  StreamGobblerLogger - stderr.env: ‘interestingness_test’: No such file or directory
19:28:04.129 INFO  ExecHelper - Result: 127
19:28:04.130 INFO  CustomFileJudge - Custom file judge result: 127
19:28:04.130 INFO  ReductionDriver - Result from initial state is not interesting (attempt 3)
19:28:04.150 INFO  ExecHelper - interestingness_test /opt/reduce/rtx_4070/syn_memory_converge/variant_136.comp reduction_results/rtx_4070/syn_memory_converge/variant_136/variant_136.json
19:28:04.151 INFO  StreamGobblerLogger - stderr.env: ‘interestingness_test’: No such file or directory
19:28:04.152 INFO  ExecHelper - Result: 127
19:28:04.152 INFO  CustomFileJudge - Custom file judge result: 127
19:28:04.152 INFO  ReductionDriver - Result from initial state is not interesting (attempt 4)
19:28:04.173 INFO  ExecHelper - interestingness_test /opt/reduce/rtx_4070/syn_memory_converge/variant_136.comp reduction_results/rtx_4070/syn_memory_converge/variant_136/variant_136.json
19:28:04.174 INFO  StreamGobblerLogger - stderr.env: ‘interestingness_test’: No such file or directory
19:28:04.174 INFO  ExecHelper - Result: 127
19:28:04.174 INFO  CustomFileJudge - Custom file judge result: 127
19:28:04.174 INFO  ReductionDriver - Result from initial state is not interesting (attempt 5)
19:28:04.174 INFO  ReductionDriver - Tried 5 times; stopping.
Reduction command: java -ea -cp /opt/graphicsfuzz/graphicsfuzz/target/graphicsfuzz/python/drivers/../../jar/tool-1.0.jar com.graphicsfuzz.reducer.tool.GlslReduce /opt/reduce/rtx_4070/syn_memory_converge/variant_136.json interestingness_test --output reduction_results/rtx_4070/syn_memory_converge/variant_136 /opt/reduce/rtx_4070/syn_memory_converge/variant_136.comp
