18:29:53.088 INFO  ExecHelper - /opt/graphicsfuzz/graphicsfuzz/target/graphicsfuzz/bin/Linux/glslangValidator -E --stdin -S comp
18:29:53.137 INFO  ExecHelper - Result: 0
18:29:53.247 INFO  ReductionDriver - Starting reduction for variant_194
18:29:53.266 INFO  ExecHelper - interestingness_test /opt/reduce/cezanne_radeon_vega/syn_memory_converge_atomic/variant_194.comp reduction_results/cezanne_radeon_vega/syn_memory_converge_atomic/variant_194/variant_194.json
18:29:53.269 INFO  StreamGobblerLogger - stderr.env: ‘interestingness_test’: No such file or directory
18:29:53.269 INFO  ExecHelper - Result: 127
18:29:53.269 INFO  CustomFileJudge - Custom file judge result: 127
18:29:53.269 INFO  ReductionDriver - Result from initial state is not interesting (attempt 1)
18:29:53.279 INFO  ExecHelper - interestingness_test /opt/reduce/cezanne_radeon_vega/syn_memory_converge_atomic/variant_194.comp reduction_results/cezanne_radeon_vega/syn_memory_converge_atomic/variant_194/variant_194.json
18:29:53.280 INFO  StreamGobblerLogger - stderr.env: ‘interestingness_test’: No such file or directory
18:29:53.281 INFO  ExecHelper - Result: 127
18:29:53.281 INFO  CustomFileJudge - Custom file judge result: 127
18:29:53.281 INFO  ReductionDriver - Result from initial state is not interesting (attempt 2)
18:29:53.285 INFO  ExecHelper - interestingness_test /opt/reduce/cezanne_radeon_vega/syn_memory_converge_atomic/variant_194.comp reduction_results/cezanne_radeon_vega/syn_memory_converge_atomic/variant_194/variant_194.json
18:29:53.287 INFO  StreamGobblerLogger - stderr.env: ‘interestingness_test’: No such file or directory
18:29:53.287 INFO  ExecHelper - Result: 127
18:29:53.287 INFO  CustomFileJudge - Custom file judge result: 127
18:29:53.287 INFO  ReductionDriver - Result from initial state is not interesting (attempt 3)
18:29:53.297 INFO  ExecHelper - interestingness_test /opt/reduce/cezanne_radeon_vega/syn_memory_converge_atomic/variant_194.comp reduction_results/cezanne_radeon_vega/syn_memory_converge_atomic/variant_194/variant_194.json
18:29:53.298 INFO  StreamGobblerLogger - stderr.env: ‘interestingness_test’: No such file or directory
18:29:53.298 INFO  ExecHelper - Result: 127
18:29:53.299 INFO  CustomFileJudge - Custom file judge result: 127
18:29:53.299 INFO  ReductionDriver - Result from initial state is not interesting (attempt 4)
18:29:53.303 INFO  ExecHelper - interestingness_test /opt/reduce/cezanne_radeon_vega/syn_memory_converge_atomic/variant_194.comp reduction_results/cezanne_radeon_vega/syn_memory_converge_atomic/variant_194/variant_194.json
18:29:53.305 INFO  StreamGobblerLogger - stderr.env: ‘interestingness_test’: No such file or directory
18:29:53.305 INFO  ExecHelper - Result: 127
18:29:53.305 INFO  CustomFileJudge - Custom file judge result: 127
18:29:53.305 INFO  ReductionDriver - Result from initial state is not interesting (attempt 5)
18:29:53.305 INFO  ReductionDriver - Tried 5 times; stopping.
Reduction command: java -ea -cp /opt/graphicsfuzz/graphicsfuzz/target/graphicsfuzz/python/drivers/../../jar/tool-1.0.jar com.graphicsfuzz.reducer.tool.GlslReduce /opt/reduce/cezanne_radeon_vega/syn_memory_converge_atomic/variant_194.json interestingness_test --output reduction_results/cezanne_radeon_vega/syn_memory_converge_atomic/variant_194 /opt/reduce/cezanne_radeon_vega/syn_memory_converge_atomic/variant_194.comp
