19:39:38.947 INFO  ExecHelper - /opt/graphicsfuzz/graphicsfuzz/target/graphicsfuzz/bin/Linux/glslangValidator -E --stdin -S comp
19:39:39.004 INFO  ExecHelper - Result: 0
19:39:39.098 INFO  ReductionDriver - Starting reduction for variant_956
19:39:39.107 INFO  ExecHelper - interestingness_test /opt/reduce/rtx_4070/syn_memory_converge/variant_956.comp reduction_results/rtx_4070/syn_memory_converge/variant_956/variant_956.json
19:39:39.108 INFO  StreamGobblerLogger - stderr.env: ‘interestingness_test’: No such file or directory
19:39:39.109 INFO  ExecHelper - Result: 127
19:39:39.109 INFO  CustomFileJudge - Custom file judge result: 127
19:39:39.109 INFO  ReductionDriver - Result from initial state is not interesting (attempt 1)
19:39:39.112 INFO  ExecHelper - interestingness_test /opt/reduce/rtx_4070/syn_memory_converge/variant_956.comp reduction_results/rtx_4070/syn_memory_converge/variant_956/variant_956.json
19:39:39.113 INFO  StreamGobblerLogger - stderr.env: ‘interestingness_test’: No such file or directory
19:39:39.114 INFO  ExecHelper - Result: 127
19:39:39.114 INFO  CustomFileJudge - Custom file judge result: 127
19:39:39.114 INFO  ReductionDriver - Result from initial state is not interesting (attempt 2)
19:39:39.116 INFO  ExecHelper - interestingness_test /opt/reduce/rtx_4070/syn_memory_converge/variant_956.comp reduction_results/rtx_4070/syn_memory_converge/variant_956/variant_956.json
19:39:39.117 INFO  StreamGobblerLogger - stderr.env: ‘interestingness_test’: No such file or directory
19:39:39.118 INFO  ExecHelper - Result: 127
19:39:39.118 INFO  CustomFileJudge - Custom file judge result: 127
19:39:39.118 INFO  ReductionDriver - Result from initial state is not interesting (attempt 3)
19:39:39.120 INFO  ExecHelper - interestingness_test /opt/reduce/rtx_4070/syn_memory_converge/variant_956.comp reduction_results/rtx_4070/syn_memory_converge/variant_956/variant_956.json
19:39:39.121 INFO  StreamGobblerLogger - stderr.env: ‘interestingness_test’: No such file or directory
19:39:39.121 INFO  ExecHelper - Result: 127
19:39:39.122 INFO  CustomFileJudge - Custom file judge result: 127
19:39:39.122 INFO  ReductionDriver - Result from initial state is not interesting (attempt 4)
19:39:39.123 INFO  ExecHelper - interestingness_test /opt/reduce/rtx_4070/syn_memory_converge/variant_956.comp reduction_results/rtx_4070/syn_memory_converge/variant_956/variant_956.json
19:39:39.124 INFO  StreamGobblerLogger - stderr.env: ‘interestingness_test’: No such file or directory
19:39:39.125 INFO  ExecHelper - Result: 127
19:39:39.125 INFO  CustomFileJudge - Custom file judge result: 127
19:39:39.125 INFO  ReductionDriver - Result from initial state is not interesting (attempt 5)
19:39:39.125 INFO  ReductionDriver - Tried 5 times; stopping.
Reduction command: java -ea -cp /opt/graphicsfuzz/graphicsfuzz/target/graphicsfuzz/python/drivers/../../jar/tool-1.0.jar com.graphicsfuzz.reducer.tool.GlslReduce /opt/reduce/rtx_4070/syn_memory_converge/variant_956.json interestingness_test --output reduction_results/rtx_4070/syn_memory_converge/variant_956 /opt/reduce/rtx_4070/syn_memory_converge/variant_956.comp
