19:33:42.096 INFO  ExecHelper - /opt/graphicsfuzz/graphicsfuzz/target/graphicsfuzz/bin/Linux/glslangValidator -E --stdin -S comp
19:33:42.152 INFO  ExecHelper - Result: 0
19:33:42.488 INFO  ReductionDriver - Starting reduction for variant_520
19:33:42.590 INFO  ExecHelper - interestingness_test /opt/reduce/rtx_4070/syn_memory_converge/variant_520.comp reduction_results/rtx_4070/syn_memory_converge/variant_520/variant_520.json
19:33:42.592 INFO  StreamGobblerLogger - stderr.env: ‘interestingness_test’: No such file or directory
19:33:42.593 INFO  ExecHelper - Result: 127
19:33:42.593 INFO  CustomFileJudge - Custom file judge result: 127
19:33:42.593 INFO  ReductionDriver - Result from initial state is not interesting (attempt 1)
19:33:42.682 INFO  ExecHelper - interestingness_test /opt/reduce/rtx_4070/syn_memory_converge/variant_520.comp reduction_results/rtx_4070/syn_memory_converge/variant_520/variant_520.json
19:33:42.683 INFO  StreamGobblerLogger - stderr.env: ‘interestingness_test’: No such file or directory
19:33:42.684 INFO  ExecHelper - Result: 127
19:33:42.684 INFO  CustomFileJudge - Custom file judge result: 127
19:33:42.684 INFO  ReductionDriver - Result from initial state is not interesting (attempt 2)
19:33:42.767 INFO  ExecHelper - interestingness_test /opt/reduce/rtx_4070/syn_memory_converge/variant_520.comp reduction_results/rtx_4070/syn_memory_converge/variant_520/variant_520.json
19:33:42.768 INFO  StreamGobblerLogger - stderr.env: ‘interestingness_test’: No such file or directory
19:33:42.769 INFO  ExecHelper - Result: 127
19:33:42.769 INFO  CustomFileJudge - Custom file judge result: 127
19:33:42.769 INFO  ReductionDriver - Result from initial state is not interesting (attempt 3)
19:33:42.850 INFO  ExecHelper - interestingness_test /opt/reduce/rtx_4070/syn_memory_converge/variant_520.comp reduction_results/rtx_4070/syn_memory_converge/variant_520/variant_520.json
19:33:42.852 INFO  StreamGobblerLogger - stderr.env: ‘interestingness_test’: No such file or directory
19:33:42.852 INFO  ExecHelper - Result: 127
19:33:42.852 INFO  CustomFileJudge - Custom file judge result: 127
19:33:42.852 INFO  ReductionDriver - Result from initial state is not interesting (attempt 4)
19:33:42.933 INFO  ExecHelper - interestingness_test /opt/reduce/rtx_4070/syn_memory_converge/variant_520.comp reduction_results/rtx_4070/syn_memory_converge/variant_520/variant_520.json
19:33:42.934 INFO  StreamGobblerLogger - stderr.env: ‘interestingness_test’: No such file or directory
19:33:42.935 INFO  ExecHelper - Result: 127
19:33:42.935 INFO  CustomFileJudge - Custom file judge result: 127
19:33:42.935 INFO  ReductionDriver - Result from initial state is not interesting (attempt 5)
19:33:42.935 INFO  ReductionDriver - Tried 5 times; stopping.
Reduction command: java -ea -cp /opt/graphicsfuzz/graphicsfuzz/target/graphicsfuzz/python/drivers/../../jar/tool-1.0.jar com.graphicsfuzz.reducer.tool.GlslReduce /opt/reduce/rtx_4070/syn_memory_converge/variant_520.json interestingness_test --output reduction_results/rtx_4070/syn_memory_converge/variant_520 /opt/reduce/rtx_4070/syn_memory_converge/variant_520.comp
