18:26:23.687 INFO  ExecHelper - /opt/graphicsfuzz/graphicsfuzz/target/graphicsfuzz/bin/Linux/glslangValidator -E --stdin -S comp
18:26:23.736 INFO  ExecHelper - Result: 0
18:26:23.825 INFO  ReductionDriver - Starting reduction for variant_936
18:26:23.835 INFO  ExecHelper - interestingness_test /opt/reduce/cezanne_radeon_vega/syn_memory_converge/variant_936.comp reduction_results/cezanne_radeon_vega/syn_memory_converge/variant_936/variant_936.json
18:26:23.837 INFO  StreamGobblerLogger - stderr.env: ‘interestingness_test’: No such file or directory
18:26:23.837 INFO  ExecHelper - Result: 127
18:26:23.838 INFO  CustomFileJudge - Custom file judge result: 127
18:26:23.838 INFO  ReductionDriver - Result from initial state is not interesting (attempt 1)
18:26:23.841 INFO  ExecHelper - interestingness_test /opt/reduce/cezanne_radeon_vega/syn_memory_converge/variant_936.comp reduction_results/cezanne_radeon_vega/syn_memory_converge/variant_936/variant_936.json
18:26:23.842 INFO  StreamGobblerLogger - stderr.env: ‘interestingness_test’: No such file or directory
18:26:23.842 INFO  ExecHelper - Result: 127
18:26:23.842 INFO  CustomFileJudge - Custom file judge result: 127
18:26:23.842 INFO  ReductionDriver - Result from initial state is not interesting (attempt 2)
18:26:23.846 INFO  ExecHelper - interestingness_test /opt/reduce/cezanne_radeon_vega/syn_memory_converge/variant_936.comp reduction_results/cezanne_radeon_vega/syn_memory_converge/variant_936/variant_936.json
18:26:23.847 INFO  StreamGobblerLogger - stderr.env: ‘interestingness_test’: No such file or directory
18:26:23.847 INFO  ExecHelper - Result: 127
18:26:23.847 INFO  CustomFileJudge - Custom file judge result: 127
18:26:23.848 INFO  ReductionDriver - Result from initial state is not interesting (attempt 3)
18:26:23.851 INFO  ExecHelper - interestingness_test /opt/reduce/cezanne_radeon_vega/syn_memory_converge/variant_936.comp reduction_results/cezanne_radeon_vega/syn_memory_converge/variant_936/variant_936.json
18:26:23.852 INFO  StreamGobblerLogger - stderr.env: ‘interestingness_test’: No such file or directory
18:26:23.853 INFO  ExecHelper - Result: 127
18:26:23.853 INFO  CustomFileJudge - Custom file judge result: 127
18:26:23.853 INFO  ReductionDriver - Result from initial state is not interesting (attempt 4)
18:26:23.857 INFO  ExecHelper - interestingness_test /opt/reduce/cezanne_radeon_vega/syn_memory_converge/variant_936.comp reduction_results/cezanne_radeon_vega/syn_memory_converge/variant_936/variant_936.json
18:26:23.858 INFO  StreamGobblerLogger - stderr.env: ‘interestingness_test’: No such file or directory
18:26:23.859 INFO  ExecHelper - Result: 127
18:26:23.859 INFO  CustomFileJudge - Custom file judge result: 127
18:26:23.859 INFO  ReductionDriver - Result from initial state is not interesting (attempt 5)
18:26:23.859 INFO  ReductionDriver - Tried 5 times; stopping.
Reduction command: java -ea -cp /opt/graphicsfuzz/graphicsfuzz/target/graphicsfuzz/python/drivers/../../jar/tool-1.0.jar com.graphicsfuzz.reducer.tool.GlslReduce /opt/reduce/cezanne_radeon_vega/syn_memory_converge/variant_936.json interestingness_test --output reduction_results/cezanne_radeon_vega/syn_memory_converge/variant_936 /opt/reduce/cezanne_radeon_vega/syn_memory_converge/variant_936.comp
