18:14:26.666 INFO  ExecHelper - /opt/graphicsfuzz/graphicsfuzz/target/graphicsfuzz/bin/Linux/glslangValidator -E --stdin -S comp
18:14:26.749 INFO  ExecHelper - Result: 0
18:14:27.657 INFO  ReductionDriver - Starting reduction for variant_048
18:14:27.692 INFO  ExecHelper - interestingness_test /opt/reduce/cezanne_radeon_vega/syn_memory_converge/variant_048.comp reduction_results/cezanne_radeon_vega/syn_memory_converge/variant_048/variant_048.json
18:14:27.694 INFO  StreamGobblerLogger - stderr.env: ‘interestingness_test’: No such file or directory
18:14:27.694 INFO  ExecHelper - Result: 127
18:14:27.695 INFO  CustomFileJudge - Custom file judge result: 127
18:14:27.695 INFO  ReductionDriver - Result from initial state is not interesting (attempt 1)
18:14:27.717 INFO  ExecHelper - interestingness_test /opt/reduce/cezanne_radeon_vega/syn_memory_converge/variant_048.comp reduction_results/cezanne_radeon_vega/syn_memory_converge/variant_048/variant_048.json
18:14:27.718 INFO  StreamGobblerLogger - stderr.env: ‘interestingness_test’: No such file or directory
18:14:27.718 INFO  ExecHelper - Result: 127
18:14:27.718 INFO  CustomFileJudge - Custom file judge result: 127
18:14:27.719 INFO  ReductionDriver - Result from initial state is not interesting (attempt 2)
18:14:27.743 INFO  ExecHelper - interestingness_test /opt/reduce/cezanne_radeon_vega/syn_memory_converge/variant_048.comp reduction_results/cezanne_radeon_vega/syn_memory_converge/variant_048/variant_048.json
18:14:27.744 INFO  StreamGobblerLogger - stderr.env: ‘interestingness_test’: No such file or directory
18:14:27.745 INFO  ExecHelper - Result: 127
18:14:27.745 INFO  CustomFileJudge - Custom file judge result: 127
18:14:27.745 INFO  ReductionDriver - Result from initial state is not interesting (attempt 3)
18:14:27.765 INFO  ExecHelper - interestingness_test /opt/reduce/cezanne_radeon_vega/syn_memory_converge/variant_048.comp reduction_results/cezanne_radeon_vega/syn_memory_converge/variant_048/variant_048.json
18:14:27.766 INFO  StreamGobblerLogger - stderr.env: ‘interestingness_test’: No such file or directory
18:14:27.766 INFO  ExecHelper - Result: 127
18:14:27.766 INFO  CustomFileJudge - Custom file judge result: 127
18:14:27.766 INFO  ReductionDriver - Result from initial state is not interesting (attempt 4)
18:14:27.786 INFO  ExecHelper - interestingness_test /opt/reduce/cezanne_radeon_vega/syn_memory_converge/variant_048.comp reduction_results/cezanne_radeon_vega/syn_memory_converge/variant_048/variant_048.json
18:14:27.787 INFO  StreamGobblerLogger - stderr.env: ‘interestingness_test’: No such file or directory
18:14:27.787 INFO  ExecHelper - Result: 127
18:14:27.788 INFO  CustomFileJudge - Custom file judge result: 127
18:14:27.788 INFO  ReductionDriver - Result from initial state is not interesting (attempt 5)
18:14:27.788 INFO  ReductionDriver - Tried 5 times; stopping.
Reduction command: java -ea -cp /opt/graphicsfuzz/graphicsfuzz/target/graphicsfuzz/python/drivers/../../jar/tool-1.0.jar com.graphicsfuzz.reducer.tool.GlslReduce /opt/reduce/cezanne_radeon_vega/syn_memory_converge/variant_048.json interestingness_test --output reduction_results/cezanne_radeon_vega/syn_memory_converge/variant_048 /opt/reduce/cezanne_radeon_vega/syn_memory_converge/variant_048.comp
