18:58:33.664 INFO  ExecHelper - /opt/graphicsfuzz/graphicsfuzz/target/graphicsfuzz/bin/Linux/glslangValidator -E --stdin -S comp
18:58:33.719 INFO  ExecHelper - Result: 0
18:58:34.000 INFO  ReductionDriver - Starting reduction for variant_583
18:58:34.081 INFO  ExecHelper - interestingness_test /opt/reduce/intel_iris_xe_graphics/syn_memory_converge/variant_583.comp reduction_results/intel_iris_xe_graphics/syn_memory_converge/variant_583/variant_583.json
18:58:34.083 INFO  StreamGobblerLogger - stderr.env: ‘interestingness_test’: No such file or directory
18:58:34.083 INFO  ExecHelper - Result: 127
18:58:34.084 INFO  CustomFileJudge - Custom file judge result: 127
18:58:34.084 INFO  ReductionDriver - Result from initial state is not interesting (attempt 1)
18:58:34.153 INFO  ExecHelper - interestingness_test /opt/reduce/intel_iris_xe_graphics/syn_memory_converge/variant_583.comp reduction_results/intel_iris_xe_graphics/syn_memory_converge/variant_583/variant_583.json
18:58:34.155 INFO  StreamGobblerLogger - stderr.env: ‘interestingness_test’: No such file or directory
18:58:34.155 INFO  ExecHelper - Result: 127
18:58:34.155 INFO  CustomFileJudge - Custom file judge result: 127
18:58:34.155 INFO  ReductionDriver - Result from initial state is not interesting (attempt 2)
18:58:34.220 INFO  ExecHelper - interestingness_test /opt/reduce/intel_iris_xe_graphics/syn_memory_converge/variant_583.comp reduction_results/intel_iris_xe_graphics/syn_memory_converge/variant_583/variant_583.json
18:58:34.221 INFO  StreamGobblerLogger - stderr.env: ‘interestingness_test’: No such file or directory
18:58:34.222 INFO  ExecHelper - Result: 127
18:58:34.222 INFO  CustomFileJudge - Custom file judge result: 127
18:58:34.222 INFO  ReductionDriver - Result from initial state is not interesting (attempt 3)
18:58:34.284 INFO  ExecHelper - interestingness_test /opt/reduce/intel_iris_xe_graphics/syn_memory_converge/variant_583.comp reduction_results/intel_iris_xe_graphics/syn_memory_converge/variant_583/variant_583.json
18:58:34.285 INFO  StreamGobblerLogger - stderr.env: ‘interestingness_test’: No such file or directory
18:58:34.286 INFO  ExecHelper - Result: 127
18:58:34.286 INFO  CustomFileJudge - Custom file judge result: 127
18:58:34.286 INFO  ReductionDriver - Result from initial state is not interesting (attempt 4)
18:58:34.348 INFO  ExecHelper - interestingness_test /opt/reduce/intel_iris_xe_graphics/syn_memory_converge/variant_583.comp reduction_results/intel_iris_xe_graphics/syn_memory_converge/variant_583/variant_583.json
18:58:34.349 INFO  StreamGobblerLogger - stderr.env: ‘interestingness_test’: No such file or directory
18:58:34.350 INFO  ExecHelper - Result: 127
18:58:34.350 INFO  CustomFileJudge - Custom file judge result: 127
18:58:34.350 INFO  ReductionDriver - Result from initial state is not interesting (attempt 5)
18:58:34.350 INFO  ReductionDriver - Tried 5 times; stopping.
Reduction command: java -ea -cp /opt/graphicsfuzz/graphicsfuzz/target/graphicsfuzz/python/drivers/../../jar/tool-1.0.jar com.graphicsfuzz.reducer.tool.GlslReduce /opt/reduce/intel_iris_xe_graphics/syn_memory_converge/variant_583.json interestingness_test --output reduction_results/intel_iris_xe_graphics/syn_memory_converge/variant_583 /opt/reduce/intel_iris_xe_graphics/syn_memory_converge/variant_583.comp
