18:45:09.999 INFO  ExecHelper - /opt/graphicsfuzz/graphicsfuzz/target/graphicsfuzz/bin/Linux/glslangValidator -E --stdin -S comp
18:45:10.303 INFO  ExecHelper - Result: 0
18:45:11.129 INFO  ReductionDriver - Starting reduction for variant_491
18:45:11.149 INFO  ExecHelper - interestingness_test /opt/reduce/intel_iris_xe_graphics/syn_branch_syn_relax/variant_491.comp reduction_results/intel_iris_xe_graphics/syn_branch_syn_relax/variant_491/variant_491.json
18:45:11.151 INFO  StreamGobblerLogger - stderr.env: ‘interestingness_test’: No such file or directory
18:45:11.151 INFO  ExecHelper - Result: 127
18:45:11.151 INFO  CustomFileJudge - Custom file judge result: 127
18:45:11.151 INFO  ReductionDriver - Result from initial state is not interesting (attempt 1)
18:45:11.159 INFO  ExecHelper - interestingness_test /opt/reduce/intel_iris_xe_graphics/syn_branch_syn_relax/variant_491.comp reduction_results/intel_iris_xe_graphics/syn_branch_syn_relax/variant_491/variant_491.json
18:45:11.160 INFO  StreamGobblerLogger - stderr.env: ‘interestingness_test’: No such file or directory
18:45:11.160 INFO  ExecHelper - Result: 127
18:45:11.160 INFO  CustomFileJudge - Custom file judge result: 127
18:45:11.160 INFO  ReductionDriver - Result from initial state is not interesting (attempt 2)
18:45:11.170 INFO  ExecHelper - interestingness_test /opt/reduce/intel_iris_xe_graphics/syn_branch_syn_relax/variant_491.comp reduction_results/intel_iris_xe_graphics/syn_branch_syn_relax/variant_491/variant_491.json
18:45:11.172 INFO  StreamGobblerLogger - stderr.env: ‘interestingness_test’: No such file or directory
18:45:11.172 INFO  ExecHelper - Result: 127
18:45:11.172 INFO  CustomFileJudge - Custom file judge result: 127
18:45:11.173 INFO  ReductionDriver - Result from initial state is not interesting (attempt 3)
18:45:11.178 INFO  ExecHelper - interestingness_test /opt/reduce/intel_iris_xe_graphics/syn_branch_syn_relax/variant_491.comp reduction_results/intel_iris_xe_graphics/syn_branch_syn_relax/variant_491/variant_491.json
18:45:11.179 INFO  StreamGobblerLogger - stderr.env: ‘interestingness_test’: No such file or directory
18:45:11.180 INFO  ExecHelper - Result: 127
18:45:11.180 INFO  CustomFileJudge - Custom file judge result: 127
18:45:11.180 INFO  ReductionDriver - Result from initial state is not interesting (attempt 4)
18:45:11.186 INFO  ExecHelper - interestingness_test /opt/reduce/intel_iris_xe_graphics/syn_branch_syn_relax/variant_491.comp reduction_results/intel_iris_xe_graphics/syn_branch_syn_relax/variant_491/variant_491.json
18:45:11.187 INFO  StreamGobblerLogger - stderr.env: ‘interestingness_test’: No such file or directory
18:45:11.187 INFO  ExecHelper - Result: 127
18:45:11.187 INFO  CustomFileJudge - Custom file judge result: 127
18:45:11.187 INFO  ReductionDriver - Result from initial state is not interesting (attempt 5)
18:45:11.187 INFO  ReductionDriver - Tried 5 times; stopping.
Reduction command: java -ea -cp /opt/graphicsfuzz/graphicsfuzz/target/graphicsfuzz/python/drivers/../../jar/tool-1.0.jar com.graphicsfuzz.reducer.tool.GlslReduce /opt/reduce/intel_iris_xe_graphics/syn_branch_syn_relax/variant_491.json interestingness_test --output reduction_results/intel_iris_xe_graphics/syn_branch_syn_relax/variant_491 /opt/reduce/intel_iris_xe_graphics/syn_branch_syn_relax/variant_491.comp
