19:00:12.907 INFO  ExecHelper - /opt/graphicsfuzz/graphicsfuzz/target/graphicsfuzz/bin/Linux/glslangValidator -E --stdin -S comp
19:00:13.019 INFO  ExecHelper - Result: 0
19:00:13.498 INFO  ReductionDriver - Starting reduction for variant_719
19:00:13.522 INFO  ExecHelper - interestingness_test /opt/reduce/intel_iris_xe_graphics/syn_memory_converge/variant_719.comp reduction_results/intel_iris_xe_graphics/syn_memory_converge/variant_719/variant_719.json
19:00:13.523 INFO  StreamGobblerLogger - stderr.env: ‘interestingness_test’: No such file or directory
19:00:13.523 INFO  ExecHelper - Result: 127
19:00:13.523 INFO  CustomFileJudge - Custom file judge result: 127
19:00:13.523 INFO  ReductionDriver - Result from initial state is not interesting (attempt 1)
19:00:13.530 INFO  ExecHelper - interestingness_test /opt/reduce/intel_iris_xe_graphics/syn_memory_converge/variant_719.comp reduction_results/intel_iris_xe_graphics/syn_memory_converge/variant_719/variant_719.json
19:00:13.532 INFO  StreamGobblerLogger - stderr.env: ‘interestingness_test’: No such file or directory
19:00:13.532 INFO  ExecHelper - Result: 127
19:00:13.532 INFO  CustomFileJudge - Custom file judge result: 127
19:00:13.532 INFO  ReductionDriver - Result from initial state is not interesting (attempt 2)
19:00:13.541 INFO  ExecHelper - interestingness_test /opt/reduce/intel_iris_xe_graphics/syn_memory_converge/variant_719.comp reduction_results/intel_iris_xe_graphics/syn_memory_converge/variant_719/variant_719.json
19:00:13.542 INFO  StreamGobblerLogger - stderr.env: ‘interestingness_test’: No such file or directory
19:00:13.543 INFO  ExecHelper - Result: 127
19:00:13.543 INFO  CustomFileJudge - Custom file judge result: 127
19:00:13.543 INFO  ReductionDriver - Result from initial state is not interesting (attempt 3)
19:00:13.551 INFO  ExecHelper - interestingness_test /opt/reduce/intel_iris_xe_graphics/syn_memory_converge/variant_719.comp reduction_results/intel_iris_xe_graphics/syn_memory_converge/variant_719/variant_719.json
19:00:13.552 INFO  StreamGobblerLogger - stderr.env: ‘interestingness_test’: No such file or directory
19:00:13.552 INFO  ExecHelper - Result: 127
19:00:13.552 INFO  CustomFileJudge - Custom file judge result: 127
19:00:13.552 INFO  ReductionDriver - Result from initial state is not interesting (attempt 4)
19:00:13.558 INFO  ExecHelper - interestingness_test /opt/reduce/intel_iris_xe_graphics/syn_memory_converge/variant_719.comp reduction_results/intel_iris_xe_graphics/syn_memory_converge/variant_719/variant_719.json
19:00:13.559 INFO  StreamGobblerLogger - stderr.env: ‘interestingness_test’: No such file or directory
19:00:13.559 INFO  ExecHelper - Result: 127
19:00:13.559 INFO  CustomFileJudge - Custom file judge result: 127
19:00:13.559 INFO  ReductionDriver - Result from initial state is not interesting (attempt 5)
19:00:13.560 INFO  ReductionDriver - Tried 5 times; stopping.
Reduction command: java -ea -cp /opt/graphicsfuzz/graphicsfuzz/target/graphicsfuzz/python/drivers/../../jar/tool-1.0.jar com.graphicsfuzz.reducer.tool.GlslReduce /opt/reduce/intel_iris_xe_graphics/syn_memory_converge/variant_719.json interestingness_test --output reduction_results/intel_iris_xe_graphics/syn_memory_converge/variant_719 /opt/reduce/intel_iris_xe_graphics/syn_memory_converge/variant_719.comp
