19:37:39.182 INFO  ExecHelper - /opt/graphicsfuzz/graphicsfuzz/target/graphicsfuzz/bin/Linux/glslangValidator -E --stdin -S comp
19:37:39.232 INFO  ExecHelper - Result: 0
19:37:39.291 INFO  ReductionDriver - Starting reduction for variant_811
19:37:39.296 INFO  ExecHelper - interestingness_test /opt/reduce/rtx_4070/syn_memory_converge/variant_811.comp reduction_results/rtx_4070/syn_memory_converge/variant_811/variant_811.json
19:37:39.297 INFO  StreamGobblerLogger - stderr.env: ‘interestingness_test’: No such file or directory
19:37:39.298 INFO  ExecHelper - Result: 127
19:37:39.298 INFO  CustomFileJudge - Custom file judge result: 127
19:37:39.298 INFO  ReductionDriver - Result from initial state is not interesting (attempt 1)
19:37:39.299 INFO  ExecHelper - interestingness_test /opt/reduce/rtx_4070/syn_memory_converge/variant_811.comp reduction_results/rtx_4070/syn_memory_converge/variant_811/variant_811.json
19:37:39.300 INFO  StreamGobblerLogger - stderr.env: ‘interestingness_test’: No such file or directory
19:37:39.300 INFO  ExecHelper - Result: 127
19:37:39.300 INFO  CustomFileJudge - Custom file judge result: 127
19:37:39.300 INFO  ReductionDriver - Result from initial state is not interesting (attempt 2)
19:37:39.301 INFO  ExecHelper - interestingness_test /opt/reduce/rtx_4070/syn_memory_converge/variant_811.comp reduction_results/rtx_4070/syn_memory_converge/variant_811/variant_811.json
19:37:39.302 INFO  StreamGobblerLogger - stderr.env: ‘interestingness_test’: No such file or directory
19:37:39.302 INFO  ExecHelper - Result: 127
19:37:39.302 INFO  CustomFileJudge - Custom file judge result: 127
19:37:39.302 INFO  ReductionDriver - Result from initial state is not interesting (attempt 3)
19:37:39.303 INFO  ExecHelper - interestingness_test /opt/reduce/rtx_4070/syn_memory_converge/variant_811.comp reduction_results/rtx_4070/syn_memory_converge/variant_811/variant_811.json
19:37:39.304 INFO  StreamGobblerLogger - stderr.env: ‘interestingness_test’: No such file or directory
19:37:39.304 INFO  ExecHelper - Result: 127
19:37:39.304 INFO  CustomFileJudge - Custom file judge result: 127
19:37:39.304 INFO  ReductionDriver - Result from initial state is not interesting (attempt 4)
19:37:39.305 INFO  ExecHelper - interestingness_test /opt/reduce/rtx_4070/syn_memory_converge/variant_811.comp reduction_results/rtx_4070/syn_memory_converge/variant_811/variant_811.json
19:37:39.306 INFO  StreamGobblerLogger - stderr.env: ‘interestingness_test’: No such file or directory
19:37:39.307 INFO  ExecHelper - Result: 127
19:37:39.307 INFO  CustomFileJudge - Custom file judge result: 127
19:37:39.307 INFO  ReductionDriver - Result from initial state is not interesting (attempt 5)
19:37:39.307 INFO  ReductionDriver - Tried 5 times; stopping.
Reduction command: java -ea -cp /opt/graphicsfuzz/graphicsfuzz/target/graphicsfuzz/python/drivers/../../jar/tool-1.0.jar com.graphicsfuzz.reducer.tool.GlslReduce /opt/reduce/rtx_4070/syn_memory_converge/variant_811.json interestingness_test --output reduction_results/rtx_4070/syn_memory_converge/variant_811 /opt/reduce/rtx_4070/syn_memory_converge/variant_811.comp
