19:27:00.494 INFO  ExecHelper - /opt/graphicsfuzz/graphicsfuzz/target/graphicsfuzz/bin/Linux/glslangValidator -E --stdin -S comp
19:27:00.552 INFO  ExecHelper - Result: 0
19:27:00.957 INFO  ReductionDriver - Starting reduction for variant_063
19:27:01.090 INFO  ExecHelper - interestingness_test /opt/reduce/rtx_4070/syn_memory_converge/variant_063.comp reduction_results/rtx_4070/syn_memory_converge/variant_063/variant_063.json
19:27:01.102 INFO  StreamGobblerLogger - stderr.env: ‘interestingness_test’: No such file or directory
19:27:01.102 INFO  ExecHelper - Result: 127
19:27:01.103 INFO  CustomFileJudge - Custom file judge result: 127
19:27:01.103 INFO  ReductionDriver - Result from initial state is not interesting (attempt 1)
19:27:01.217 INFO  ExecHelper - interestingness_test /opt/reduce/rtx_4070/syn_memory_converge/variant_063.comp reduction_results/rtx_4070/syn_memory_converge/variant_063/variant_063.json
19:27:01.219 INFO  StreamGobblerLogger - stderr.env: ‘interestingness_test’: No such file or directory
19:27:01.219 INFO  ExecHelper - Result: 127
19:27:01.219 INFO  CustomFileJudge - Custom file judge result: 127
19:27:01.219 INFO  ReductionDriver - Result from initial state is not interesting (attempt 2)
19:27:01.327 INFO  ExecHelper - interestingness_test /opt/reduce/rtx_4070/syn_memory_converge/variant_063.comp reduction_results/rtx_4070/syn_memory_converge/variant_063/variant_063.json
19:27:01.328 INFO  StreamGobblerLogger - stderr.env: ‘interestingness_test’: No such file or directory
19:27:01.329 INFO  ExecHelper - Result: 127
19:27:01.329 INFO  CustomFileJudge - Custom file judge result: 127
19:27:01.329 INFO  ReductionDriver - Result from initial state is not interesting (attempt 3)
19:27:01.427 INFO  ExecHelper - interestingness_test /opt/reduce/rtx_4070/syn_memory_converge/variant_063.comp reduction_results/rtx_4070/syn_memory_converge/variant_063/variant_063.json
19:27:01.429 INFO  StreamGobblerLogger - stderr.env: ‘interestingness_test’: No such file or directory
19:27:01.429 INFO  ExecHelper - Result: 127
19:27:01.429 INFO  CustomFileJudge - Custom file judge result: 127
19:27:01.429 INFO  ReductionDriver - Result from initial state is not interesting (attempt 4)
19:27:01.528 INFO  ExecHelper - interestingness_test /opt/reduce/rtx_4070/syn_memory_converge/variant_063.comp reduction_results/rtx_4070/syn_memory_converge/variant_063/variant_063.json
19:27:01.529 INFO  StreamGobblerLogger - stderr.env: ‘interestingness_test’: No such file or directory
19:27:01.529 INFO  ExecHelper - Result: 127
19:27:01.529 INFO  CustomFileJudge - Custom file judge result: 127
19:27:01.530 INFO  ReductionDriver - Result from initial state is not interesting (attempt 5)
19:27:01.530 INFO  ReductionDriver - Tried 5 times; stopping.
Reduction command: java -ea -cp /opt/graphicsfuzz/graphicsfuzz/target/graphicsfuzz/python/drivers/../../jar/tool-1.0.jar com.graphicsfuzz.reducer.tool.GlslReduce /opt/reduce/rtx_4070/syn_memory_converge/variant_063.json interestingness_test --output reduction_results/rtx_4070/syn_memory_converge/variant_063 /opt/reduce/rtx_4070/syn_memory_converge/variant_063.comp
