18:34:10.917 INFO  ExecHelper - /opt/graphicsfuzz/graphicsfuzz/target/graphicsfuzz/bin/Linux/glslangValidator -E --stdin -S comp
18:34:10.990 INFO  ExecHelper - Result: 0
18:34:11.568 INFO  ReductionDriver - Starting reduction for variant_503
18:34:11.591 INFO  ExecHelper - interestingness_test /opt/reduce/cezanne_radeon_vega/syn_memory_converge_atomic/variant_503.comp reduction_results/cezanne_radeon_vega/syn_memory_converge_atomic/variant_503/variant_503.json
18:34:11.592 INFO  StreamGobblerLogger - stderr.env: ‘interestingness_test’: No such file or directory
18:34:11.593 INFO  ExecHelper - Result: 127
18:34:11.593 INFO  CustomFileJudge - Custom file judge result: 127
18:34:11.593 INFO  ReductionDriver - Result from initial state is not interesting (attempt 1)
18:34:11.610 INFO  ExecHelper - interestingness_test /opt/reduce/cezanne_radeon_vega/syn_memory_converge_atomic/variant_503.comp reduction_results/cezanne_radeon_vega/syn_memory_converge_atomic/variant_503/variant_503.json
18:34:11.612 INFO  StreamGobblerLogger - stderr.env: ‘interestingness_test’: No such file or directory
18:34:11.612 INFO  ExecHelper - Result: 127
18:34:11.612 INFO  CustomFileJudge - Custom file judge result: 127
18:34:11.612 INFO  ReductionDriver - Result from initial state is not interesting (attempt 2)
18:34:11.622 INFO  ExecHelper - interestingness_test /opt/reduce/cezanne_radeon_vega/syn_memory_converge_atomic/variant_503.comp reduction_results/cezanne_radeon_vega/syn_memory_converge_atomic/variant_503/variant_503.json
18:34:11.623 INFO  StreamGobblerLogger - stderr.env: ‘interestingness_test’: No such file or directory
18:34:11.624 INFO  ExecHelper - Result: 127
18:34:11.624 INFO  CustomFileJudge - Custom file judge result: 127
18:34:11.624 INFO  ReductionDriver - Result from initial state is not interesting (attempt 3)
18:34:11.633 INFO  ExecHelper - interestingness_test /opt/reduce/cezanne_radeon_vega/syn_memory_converge_atomic/variant_503.comp reduction_results/cezanne_radeon_vega/syn_memory_converge_atomic/variant_503/variant_503.json
18:34:11.634 INFO  StreamGobblerLogger - stderr.env: ‘interestingness_test’: No such file or directory
18:34:11.634 INFO  ExecHelper - Result: 127
18:34:11.634 INFO  CustomFileJudge - Custom file judge result: 127
18:34:11.634 INFO  ReductionDriver - Result from initial state is not interesting (attempt 4)
18:34:11.643 INFO  ExecHelper - interestingness_test /opt/reduce/cezanne_radeon_vega/syn_memory_converge_atomic/variant_503.comp reduction_results/cezanne_radeon_vega/syn_memory_converge_atomic/variant_503/variant_503.json
18:34:11.644 INFO  StreamGobblerLogger - stderr.env: ‘interestingness_test’: No such file or directory
18:34:11.644 INFO  ExecHelper - Result: 127
18:34:11.644 INFO  CustomFileJudge - Custom file judge result: 127
18:34:11.644 INFO  ReductionDriver - Result from initial state is not interesting (attempt 5)
18:34:11.644 INFO  ReductionDriver - Tried 5 times; stopping.
Reduction command: java -ea -cp /opt/graphicsfuzz/graphicsfuzz/target/graphicsfuzz/python/drivers/../../jar/tool-1.0.jar com.graphicsfuzz.reducer.tool.GlslReduce /opt/reduce/cezanne_radeon_vega/syn_memory_converge_atomic/variant_503.json interestingness_test --output reduction_results/cezanne_radeon_vega/syn_memory_converge_atomic/variant_503 /opt/reduce/cezanne_radeon_vega/syn_memory_converge_atomic/variant_503.comp
