18:57:59.756 INFO  ExecHelper - /opt/graphicsfuzz/graphicsfuzz/target/graphicsfuzz/bin/Linux/glslangValidator -E --stdin -S comp
18:57:59.811 INFO  ExecHelper - Result: 0
18:58:00.096 INFO  ReductionDriver - Starting reduction for variant_547
18:58:00.166 INFO  ExecHelper - interestingness_test /opt/reduce/intel_iris_xe_graphics/syn_memory_converge/variant_547.comp reduction_results/intel_iris_xe_graphics/syn_memory_converge/variant_547/variant_547.json
18:58:00.168 INFO  StreamGobblerLogger - stderr.env: ‘interestingness_test’: No such file or directory
18:58:00.169 INFO  ExecHelper - Result: 127
18:58:00.169 INFO  CustomFileJudge - Custom file judge result: 127
18:58:00.169 INFO  ReductionDriver - Result from initial state is not interesting (attempt 1)
18:58:00.211 INFO  ExecHelper - interestingness_test /opt/reduce/intel_iris_xe_graphics/syn_memory_converge/variant_547.comp reduction_results/intel_iris_xe_graphics/syn_memory_converge/variant_547/variant_547.json
18:58:00.213 INFO  StreamGobblerLogger - stderr.env: ‘interestingness_test’: No such file or directory
18:58:00.213 INFO  ExecHelper - Result: 127
18:58:00.213 INFO  CustomFileJudge - Custom file judge result: 127
18:58:00.213 INFO  ReductionDriver - Result from initial state is not interesting (attempt 2)
18:58:00.252 INFO  ExecHelper - interestingness_test /opt/reduce/intel_iris_xe_graphics/syn_memory_converge/variant_547.comp reduction_results/intel_iris_xe_graphics/syn_memory_converge/variant_547/variant_547.json
18:58:00.253 INFO  StreamGobblerLogger - stderr.env: ‘interestingness_test’: No such file or directory
18:58:00.254 INFO  ExecHelper - Result: 127
18:58:00.254 INFO  CustomFileJudge - Custom file judge result: 127
18:58:00.254 INFO  ReductionDriver - Result from initial state is not interesting (attempt 3)
18:58:00.292 INFO  ExecHelper - interestingness_test /opt/reduce/intel_iris_xe_graphics/syn_memory_converge/variant_547.comp reduction_results/intel_iris_xe_graphics/syn_memory_converge/variant_547/variant_547.json
18:58:00.293 INFO  StreamGobblerLogger - stderr.env: ‘interestingness_test’: No such file or directory
18:58:00.294 INFO  ExecHelper - Result: 127
18:58:00.294 INFO  CustomFileJudge - Custom file judge result: 127
18:58:00.294 INFO  ReductionDriver - Result from initial state is not interesting (attempt 4)
18:58:00.333 INFO  ExecHelper - interestingness_test /opt/reduce/intel_iris_xe_graphics/syn_memory_converge/variant_547.comp reduction_results/intel_iris_xe_graphics/syn_memory_converge/variant_547/variant_547.json
18:58:00.334 INFO  StreamGobblerLogger - stderr.env: ‘interestingness_test’: No such file or directory
18:58:00.335 INFO  ExecHelper - Result: 127
18:58:00.335 INFO  CustomFileJudge - Custom file judge result: 127
18:58:00.335 INFO  ReductionDriver - Result from initial state is not interesting (attempt 5)
18:58:00.335 INFO  ReductionDriver - Tried 5 times; stopping.
Reduction command: java -ea -cp /opt/graphicsfuzz/graphicsfuzz/target/graphicsfuzz/python/drivers/../../jar/tool-1.0.jar com.graphicsfuzz.reducer.tool.GlslReduce /opt/reduce/intel_iris_xe_graphics/syn_memory_converge/variant_547.json interestingness_test --output reduction_results/intel_iris_xe_graphics/syn_memory_converge/variant_547 /opt/reduce/intel_iris_xe_graphics/syn_memory_converge/variant_547.comp
