19:17:30.697 INFO  ExecHelper - /opt/graphicsfuzz/graphicsfuzz/target/graphicsfuzz/bin/Linux/glslangValidator -E --stdin -S comp
19:17:30.898 INFO  ExecHelper - Result: 0
19:17:31.707 INFO  ReductionDriver - Starting reduction for variant_898
19:17:31.720 INFO  ExecHelper - interestingness_test /opt/reduce/intel_iris_xe_graphics/syn_memory_converge_atomic/variant_898.comp reduction_results/intel_iris_xe_graphics/syn_memory_converge_atomic/variant_898/variant_898.json
19:17:31.722 INFO  StreamGobblerLogger - stderr.env: ‘interestingness_test’: No such file or directory
19:17:31.722 INFO  ExecHelper - Result: 127
19:17:31.722 INFO  CustomFileJudge - Custom file judge result: 127
19:17:31.722 INFO  ReductionDriver - Result from initial state is not interesting (attempt 1)
19:17:31.727 INFO  ExecHelper - interestingness_test /opt/reduce/intel_iris_xe_graphics/syn_memory_converge_atomic/variant_898.comp reduction_results/intel_iris_xe_graphics/syn_memory_converge_atomic/variant_898/variant_898.json
19:17:31.728 INFO  StreamGobblerLogger - stderr.env: ‘interestingness_test’: No such file or directory
19:17:31.729 INFO  ExecHelper - Result: 127
19:17:31.729 INFO  CustomFileJudge - Custom file judge result: 127
19:17:31.729 INFO  ReductionDriver - Result from initial state is not interesting (attempt 2)
19:17:31.732 INFO  ExecHelper - interestingness_test /opt/reduce/intel_iris_xe_graphics/syn_memory_converge_atomic/variant_898.comp reduction_results/intel_iris_xe_graphics/syn_memory_converge_atomic/variant_898/variant_898.json
19:17:31.733 INFO  StreamGobblerLogger - stderr.env: ‘interestingness_test’: No such file or directory
19:17:31.734 INFO  ExecHelper - Result: 127
19:17:31.734 INFO  CustomFileJudge - Custom file judge result: 127
19:17:31.734 INFO  ReductionDriver - Result from initial state is not interesting (attempt 3)
19:17:31.737 INFO  ExecHelper - interestingness_test /opt/reduce/intel_iris_xe_graphics/syn_memory_converge_atomic/variant_898.comp reduction_results/intel_iris_xe_graphics/syn_memory_converge_atomic/variant_898/variant_898.json
19:17:31.738 INFO  StreamGobblerLogger - stderr.env: ‘interestingness_test’: No such file or directory
19:17:31.739 INFO  ExecHelper - Result: 127
19:17:31.739 INFO  CustomFileJudge - Custom file judge result: 127
19:17:31.739 INFO  ReductionDriver - Result from initial state is not interesting (attempt 4)
19:17:31.745 INFO  ExecHelper - interestingness_test /opt/reduce/intel_iris_xe_graphics/syn_memory_converge_atomic/variant_898.comp reduction_results/intel_iris_xe_graphics/syn_memory_converge_atomic/variant_898/variant_898.json
19:17:31.745 INFO  StreamGobblerLogger - stderr.env: ‘interestingness_test’: No such file or directory
19:17:31.746 INFO  ExecHelper - Result: 127
19:17:31.746 INFO  CustomFileJudge - Custom file judge result: 127
19:17:31.746 INFO  ReductionDriver - Result from initial state is not interesting (attempt 5)
19:17:31.746 INFO  ReductionDriver - Tried 5 times; stopping.
Reduction command: java -ea -cp /opt/graphicsfuzz/graphicsfuzz/target/graphicsfuzz/python/drivers/../../jar/tool-1.0.jar com.graphicsfuzz.reducer.tool.GlslReduce /opt/reduce/intel_iris_xe_graphics/syn_memory_converge_atomic/variant_898.json interestingness_test --output reduction_results/intel_iris_xe_graphics/syn_memory_converge_atomic/variant_898 /opt/reduce/intel_iris_xe_graphics/syn_memory_converge_atomic/variant_898.comp
