18:48:48.411 INFO  ExecHelper - /opt/graphicsfuzz/graphicsfuzz/target/graphicsfuzz/bin/Linux/glslangValidator -E --stdin -S comp
18:48:48.497 INFO  ExecHelper - Result: 0
18:48:49.540 INFO  ReductionDriver - Starting reduction for variant_810
18:48:49.564 INFO  ExecHelper - interestingness_test /opt/reduce/intel_iris_xe_graphics/syn_lock_step_relax/variant_810.comp reduction_results/intel_iris_xe_graphics/syn_lock_step_relax/variant_810/variant_810.json
18:48:49.566 INFO  StreamGobblerLogger - stderr.env: ‘interestingness_test’: No such file or directory
18:48:49.566 INFO  ExecHelper - Result: 127
18:48:49.566 INFO  CustomFileJudge - Custom file judge result: 127
18:48:49.566 INFO  ReductionDriver - Result from initial state is not interesting (attempt 1)
18:48:49.579 INFO  ExecHelper - interestingness_test /opt/reduce/intel_iris_xe_graphics/syn_lock_step_relax/variant_810.comp reduction_results/intel_iris_xe_graphics/syn_lock_step_relax/variant_810/variant_810.json
18:48:49.580 INFO  StreamGobblerLogger - stderr.env: ‘interestingness_test’: No such file or directory
18:48:49.581 INFO  ExecHelper - Result: 127
18:48:49.581 INFO  CustomFileJudge - Custom file judge result: 127
18:48:49.581 INFO  ReductionDriver - Result from initial state is not interesting (attempt 2)
18:48:49.592 INFO  ExecHelper - interestingness_test /opt/reduce/intel_iris_xe_graphics/syn_lock_step_relax/variant_810.comp reduction_results/intel_iris_xe_graphics/syn_lock_step_relax/variant_810/variant_810.json
18:48:49.593 INFO  StreamGobblerLogger - stderr.env: ‘interestingness_test’: No such file or directory
18:48:49.593 INFO  ExecHelper - Result: 127
18:48:49.594 INFO  CustomFileJudge - Custom file judge result: 127
18:48:49.594 INFO  ReductionDriver - Result from initial state is not interesting (attempt 3)
18:48:49.604 INFO  ExecHelper - interestingness_test /opt/reduce/intel_iris_xe_graphics/syn_lock_step_relax/variant_810.comp reduction_results/intel_iris_xe_graphics/syn_lock_step_relax/variant_810/variant_810.json
18:48:49.605 INFO  StreamGobblerLogger - stderr.env: ‘interestingness_test’: No such file or directory
18:48:49.606 INFO  ExecHelper - Result: 127
18:48:49.606 INFO  CustomFileJudge - Custom file judge result: 127
18:48:49.606 INFO  ReductionDriver - Result from initial state is not interesting (attempt 4)
18:48:49.616 INFO  ExecHelper - interestingness_test /opt/reduce/intel_iris_xe_graphics/syn_lock_step_relax/variant_810.comp reduction_results/intel_iris_xe_graphics/syn_lock_step_relax/variant_810/variant_810.json
18:48:49.630 INFO  StreamGobblerLogger - stderr.env: ‘interestingness_test’: No such file or directory
18:48:49.631 INFO  ExecHelper - Result: 127
18:48:49.631 INFO  CustomFileJudge - Custom file judge result: 127
18:48:49.631 INFO  ReductionDriver - Result from initial state is not interesting (attempt 5)
18:48:49.631 INFO  ReductionDriver - Tried 5 times; stopping.
Reduction command: java -ea -cp /opt/graphicsfuzz/graphicsfuzz/target/graphicsfuzz/python/drivers/../../jar/tool-1.0.jar com.graphicsfuzz.reducer.tool.GlslReduce /opt/reduce/intel_iris_xe_graphics/syn_lock_step_relax/variant_810.json interestingness_test --output reduction_results/intel_iris_xe_graphics/syn_lock_step_relax/variant_810 /opt/reduce/intel_iris_xe_graphics/syn_lock_step_relax/variant_810.comp
