19:28:29.122 INFO  ExecHelper - /opt/graphicsfuzz/graphicsfuzz/target/graphicsfuzz/bin/Linux/glslangValidator -E --stdin -S comp
19:28:29.188 INFO  ExecHelper - Result: 0
19:28:29.730 INFO  ReductionDriver - Starting reduction for variant_172
19:28:29.923 INFO  ExecHelper - interestingness_test /opt/reduce/rtx_4070/syn_memory_converge/variant_172.comp reduction_results/rtx_4070/syn_memory_converge/variant_172/variant_172.json
19:28:29.926 INFO  StreamGobblerLogger - stderr.env: ‘interestingness_test’: No such file or directory
19:28:29.926 INFO  ExecHelper - Result: 127
19:28:29.926 INFO  CustomFileJudge - Custom file judge result: 127
19:28:29.926 INFO  ReductionDriver - Result from initial state is not interesting (attempt 1)
19:28:30.097 INFO  ExecHelper - interestingness_test /opt/reduce/rtx_4070/syn_memory_converge/variant_172.comp reduction_results/rtx_4070/syn_memory_converge/variant_172/variant_172.json
19:28:30.099 INFO  StreamGobblerLogger - stderr.env: ‘interestingness_test’: No such file or directory
19:28:30.100 INFO  ExecHelper - Result: 127
19:28:30.100 INFO  CustomFileJudge - Custom file judge result: 127
19:28:30.100 INFO  ReductionDriver - Result from initial state is not interesting (attempt 2)
19:28:30.243 INFO  ExecHelper - interestingness_test /opt/reduce/rtx_4070/syn_memory_converge/variant_172.comp reduction_results/rtx_4070/syn_memory_converge/variant_172/variant_172.json
19:28:30.245 INFO  StreamGobblerLogger - stderr.env: ‘interestingness_test’: No such file or directory
19:28:30.245 INFO  ExecHelper - Result: 127
19:28:30.245 INFO  CustomFileJudge - Custom file judge result: 127
19:28:30.245 INFO  ReductionDriver - Result from initial state is not interesting (attempt 3)
19:28:30.389 INFO  ExecHelper - interestingness_test /opt/reduce/rtx_4070/syn_memory_converge/variant_172.comp reduction_results/rtx_4070/syn_memory_converge/variant_172/variant_172.json
19:28:30.390 INFO  StreamGobblerLogger - stderr.env: ‘interestingness_test’: No such file or directory
19:28:30.391 INFO  ExecHelper - Result: 127
19:28:30.391 INFO  CustomFileJudge - Custom file judge result: 127
19:28:30.391 INFO  ReductionDriver - Result from initial state is not interesting (attempt 4)
19:28:30.533 INFO  ExecHelper - interestingness_test /opt/reduce/rtx_4070/syn_memory_converge/variant_172.comp reduction_results/rtx_4070/syn_memory_converge/variant_172/variant_172.json
19:28:30.535 INFO  StreamGobblerLogger - stderr.env: ‘interestingness_test’: No such file or directory
19:28:30.536 INFO  ExecHelper - Result: 127
19:28:30.536 INFO  CustomFileJudge - Custom file judge result: 127
19:28:30.536 INFO  ReductionDriver - Result from initial state is not interesting (attempt 5)
19:28:30.536 INFO  ReductionDriver - Tried 5 times; stopping.
Reduction command: java -ea -cp /opt/graphicsfuzz/graphicsfuzz/target/graphicsfuzz/python/drivers/../../jar/tool-1.0.jar com.graphicsfuzz.reducer.tool.GlslReduce /opt/reduce/rtx_4070/syn_memory_converge/variant_172.json interestingness_test --output reduction_results/rtx_4070/syn_memory_converge/variant_172 /opt/reduce/rtx_4070/syn_memory_converge/variant_172.comp
