18:15:23.987 INFO  ExecHelper - /opt/graphicsfuzz/graphicsfuzz/target/graphicsfuzz/bin/Linux/glslangValidator -E --stdin -S comp
18:15:24.043 INFO  ExecHelper - Result: 0
18:15:24.125 INFO  ReductionDriver - Starting reduction for variant_119
18:15:24.134 INFO  ExecHelper - interestingness_test /opt/reduce/cezanne_radeon_vega/syn_memory_converge/variant_119.comp reduction_results/cezanne_radeon_vega/syn_memory_converge/variant_119/variant_119.json
18:15:24.135 INFO  StreamGobblerLogger - stderr.env: ‘interestingness_test’: No such file or directory
18:15:24.136 INFO  ExecHelper - Result: 127
18:15:24.136 INFO  CustomFileJudge - Custom file judge result: 127
18:15:24.136 INFO  ReductionDriver - Result from initial state is not interesting (attempt 1)
18:15:24.139 INFO  ExecHelper - interestingness_test /opt/reduce/cezanne_radeon_vega/syn_memory_converge/variant_119.comp reduction_results/cezanne_radeon_vega/syn_memory_converge/variant_119/variant_119.json
18:15:24.140 INFO  StreamGobblerLogger - stderr.env: ‘interestingness_test’: No such file or directory
18:15:24.140 INFO  ExecHelper - Result: 127
18:15:24.140 INFO  CustomFileJudge - Custom file judge result: 127
18:15:24.140 INFO  ReductionDriver - Result from initial state is not interesting (attempt 2)
18:15:24.142 INFO  ExecHelper - interestingness_test /opt/reduce/cezanne_radeon_vega/syn_memory_converge/variant_119.comp reduction_results/cezanne_radeon_vega/syn_memory_converge/variant_119/variant_119.json
18:15:24.143 INFO  StreamGobblerLogger - stderr.env: ‘interestingness_test’: No such file or directory
18:15:24.143 INFO  ExecHelper - Result: 127
18:15:24.144 INFO  CustomFileJudge - Custom file judge result: 127
18:15:24.144 INFO  ReductionDriver - Result from initial state is not interesting (attempt 3)
18:15:24.146 INFO  ExecHelper - interestingness_test /opt/reduce/cezanne_radeon_vega/syn_memory_converge/variant_119.comp reduction_results/cezanne_radeon_vega/syn_memory_converge/variant_119/variant_119.json
18:15:24.148 INFO  StreamGobblerLogger - stderr.env: ‘interestingness_test’: No such file or directory
18:15:24.148 INFO  ExecHelper - Result: 127
18:15:24.148 INFO  CustomFileJudge - Custom file judge result: 127
18:15:24.148 INFO  ReductionDriver - Result from initial state is not interesting (attempt 4)
18:15:24.151 INFO  ExecHelper - interestingness_test /opt/reduce/cezanne_radeon_vega/syn_memory_converge/variant_119.comp reduction_results/cezanne_radeon_vega/syn_memory_converge/variant_119/variant_119.json
18:15:24.153 INFO  StreamGobblerLogger - stderr.env: ‘interestingness_test’: No such file or directory
18:15:24.153 INFO  ExecHelper - Result: 127
18:15:24.153 INFO  CustomFileJudge - Custom file judge result: 127
18:15:24.153 INFO  ReductionDriver - Result from initial state is not interesting (attempt 5)
18:15:24.153 INFO  ReductionDriver - Tried 5 times; stopping.
Reduction command: java -ea -cp /opt/graphicsfuzz/graphicsfuzz/target/graphicsfuzz/python/drivers/../../jar/tool-1.0.jar com.graphicsfuzz.reducer.tool.GlslReduce /opt/reduce/cezanne_radeon_vega/syn_memory_converge/variant_119.json interestingness_test --output reduction_results/cezanne_radeon_vega/syn_memory_converge/variant_119 /opt/reduce/cezanne_radeon_vega/syn_memory_converge/variant_119.comp
