18:23:33.439 INFO  ExecHelper - /opt/graphicsfuzz/graphicsfuzz/target/graphicsfuzz/bin/Linux/glslangValidator -E --stdin -S comp
18:23:33.532 INFO  ExecHelper - Result: 0
18:23:34.161 INFO  ReductionDriver - Starting reduction for variant_725
18:23:34.185 INFO  ExecHelper - interestingness_test /opt/reduce/cezanne_radeon_vega/syn_memory_converge/variant_725.comp reduction_results/cezanne_radeon_vega/syn_memory_converge/variant_725/variant_725.json
18:23:34.186 INFO  StreamGobblerLogger - stderr.env: ‘interestingness_test’: No such file or directory
18:23:34.187 INFO  ExecHelper - Result: 127
18:23:34.187 INFO  CustomFileJudge - Custom file judge result: 127
18:23:34.187 INFO  ReductionDriver - Result from initial state is not interesting (attempt 1)
18:23:34.202 INFO  ExecHelper - interestingness_test /opt/reduce/cezanne_radeon_vega/syn_memory_converge/variant_725.comp reduction_results/cezanne_radeon_vega/syn_memory_converge/variant_725/variant_725.json
18:23:34.204 INFO  StreamGobblerLogger - stderr.env: ‘interestingness_test’: No such file or directory
18:23:34.204 INFO  ExecHelper - Result: 127
18:23:34.204 INFO  CustomFileJudge - Custom file judge result: 127
18:23:34.204 INFO  ReductionDriver - Result from initial state is not interesting (attempt 2)
18:23:34.217 INFO  ExecHelper - interestingness_test /opt/reduce/cezanne_radeon_vega/syn_memory_converge/variant_725.comp reduction_results/cezanne_radeon_vega/syn_memory_converge/variant_725/variant_725.json
18:23:34.219 INFO  StreamGobblerLogger - stderr.env: ‘interestingness_test’: No such file or directory
18:23:34.219 INFO  ExecHelper - Result: 127
18:23:34.219 INFO  CustomFileJudge - Custom file judge result: 127
18:23:34.219 INFO  ReductionDriver - Result from initial state is not interesting (attempt 3)
18:23:34.230 INFO  ExecHelper - interestingness_test /opt/reduce/cezanne_radeon_vega/syn_memory_converge/variant_725.comp reduction_results/cezanne_radeon_vega/syn_memory_converge/variant_725/variant_725.json
18:23:34.231 INFO  StreamGobblerLogger - stderr.env: ‘interestingness_test’: No such file or directory
18:23:34.232 INFO  ExecHelper - Result: 127
18:23:34.232 INFO  CustomFileJudge - Custom file judge result: 127
18:23:34.232 INFO  ReductionDriver - Result from initial state is not interesting (attempt 4)
18:23:34.242 INFO  ExecHelper - interestingness_test /opt/reduce/cezanne_radeon_vega/syn_memory_converge/variant_725.comp reduction_results/cezanne_radeon_vega/syn_memory_converge/variant_725/variant_725.json
18:23:34.244 INFO  StreamGobblerLogger - stderr.env: ‘interestingness_test’: No such file or directory
18:23:34.244 INFO  ExecHelper - Result: 127
18:23:34.244 INFO  CustomFileJudge - Custom file judge result: 127
18:23:34.244 INFO  ReductionDriver - Result from initial state is not interesting (attempt 5)
18:23:34.244 INFO  ReductionDriver - Tried 5 times; stopping.
Reduction command: java -ea -cp /opt/graphicsfuzz/graphicsfuzz/target/graphicsfuzz/python/drivers/../../jar/tool-1.0.jar com.graphicsfuzz.reducer.tool.GlslReduce /opt/reduce/cezanne_radeon_vega/syn_memory_converge/variant_725.json interestingness_test --output reduction_results/cezanne_radeon_vega/syn_memory_converge/variant_725 /opt/reduce/cezanne_radeon_vega/syn_memory_converge/variant_725.comp
