19:09:18.966 INFO  ExecHelper - /opt/graphicsfuzz/graphicsfuzz/target/graphicsfuzz/bin/Linux/glslangValidator -E --stdin -S comp
19:09:19.022 INFO  ExecHelper - Result: 0
19:09:19.291 INFO  ReductionDriver - Starting reduction for variant_353
19:09:19.380 INFO  ExecHelper - interestingness_test /opt/reduce/intel_iris_xe_graphics/syn_memory_converge_atomic/variant_353.comp reduction_results/intel_iris_xe_graphics/syn_memory_converge_atomic/variant_353/variant_353.json
19:09:19.382 INFO  StreamGobblerLogger - stderr.env: ‘interestingness_test’: No such file or directory
19:09:19.383 INFO  ExecHelper - Result: 127
19:09:19.383 INFO  CustomFileJudge - Custom file judge result: 127
19:09:19.383 INFO  ReductionDriver - Result from initial state is not interesting (attempt 1)
19:09:19.441 INFO  ExecHelper - interestingness_test /opt/reduce/intel_iris_xe_graphics/syn_memory_converge_atomic/variant_353.comp reduction_results/intel_iris_xe_graphics/syn_memory_converge_atomic/variant_353/variant_353.json
19:09:19.442 INFO  StreamGobblerLogger - stderr.env: ‘interestingness_test’: No such file or directory
19:09:19.443 INFO  ExecHelper - Result: 127
19:09:19.443 INFO  CustomFileJudge - Custom file judge result: 127
19:09:19.443 INFO  ReductionDriver - Result from initial state is not interesting (attempt 2)
19:09:19.496 INFO  ExecHelper - interestingness_test /opt/reduce/intel_iris_xe_graphics/syn_memory_converge_atomic/variant_353.comp reduction_results/intel_iris_xe_graphics/syn_memory_converge_atomic/variant_353/variant_353.json
19:09:19.497 INFO  StreamGobblerLogger - stderr.env: ‘interestingness_test’: No such file or directory
19:09:19.498 INFO  ExecHelper - Result: 127
19:09:19.499 INFO  CustomFileJudge - Custom file judge result: 127
19:09:19.499 INFO  ReductionDriver - Result from initial state is not interesting (attempt 3)
19:09:19.557 INFO  ExecHelper - interestingness_test /opt/reduce/intel_iris_xe_graphics/syn_memory_converge_atomic/variant_353.comp reduction_results/intel_iris_xe_graphics/syn_memory_converge_atomic/variant_353/variant_353.json
19:09:19.558 INFO  StreamGobblerLogger - stderr.env: ‘interestingness_test’: No such file or directory
19:09:19.559 INFO  ExecHelper - Result: 127
19:09:19.559 INFO  CustomFileJudge - Custom file judge result: 127
19:09:19.559 INFO  ReductionDriver - Result from initial state is not interesting (attempt 4)
19:09:19.612 INFO  ExecHelper - interestingness_test /opt/reduce/intel_iris_xe_graphics/syn_memory_converge_atomic/variant_353.comp reduction_results/intel_iris_xe_graphics/syn_memory_converge_atomic/variant_353/variant_353.json
19:09:19.613 INFO  StreamGobblerLogger - stderr.env: ‘interestingness_test’: No such file or directory
19:09:19.614 INFO  ExecHelper - Result: 127
19:09:19.614 INFO  CustomFileJudge - Custom file judge result: 127
19:09:19.614 INFO  ReductionDriver - Result from initial state is not interesting (attempt 5)
19:09:19.614 INFO  ReductionDriver - Tried 5 times; stopping.
Reduction command: java -ea -cp /opt/graphicsfuzz/graphicsfuzz/target/graphicsfuzz/python/drivers/../../jar/tool-1.0.jar com.graphicsfuzz.reducer.tool.GlslReduce /opt/reduce/intel_iris_xe_graphics/syn_memory_converge_atomic/variant_353.json interestingness_test --output reduction_results/intel_iris_xe_graphics/syn_memory_converge_atomic/variant_353 /opt/reduce/intel_iris_xe_graphics/syn_memory_converge_atomic/variant_353.comp
