19:33:15.121 INFO  ExecHelper - /opt/graphicsfuzz/graphicsfuzz/target/graphicsfuzz/bin/Linux/glslangValidator -E --stdin -S comp
19:33:15.169 INFO  ExecHelper - Result: 0
19:33:15.261 INFO  ReductionDriver - Starting reduction for variant_492
19:33:15.272 INFO  ExecHelper - interestingness_test /opt/reduce/rtx_4070/syn_memory_converge/variant_492.comp reduction_results/rtx_4070/syn_memory_converge/variant_492/variant_492.json
19:33:15.273 INFO  StreamGobblerLogger - stderr.env: ‘interestingness_test’: No such file or directory
19:33:15.274 INFO  ExecHelper - Result: 127
19:33:15.274 INFO  CustomFileJudge - Custom file judge result: 127
19:33:15.274 INFO  ReductionDriver - Result from initial state is not interesting (attempt 1)
19:33:15.280 INFO  ExecHelper - interestingness_test /opt/reduce/rtx_4070/syn_memory_converge/variant_492.comp reduction_results/rtx_4070/syn_memory_converge/variant_492/variant_492.json
19:33:15.281 INFO  StreamGobblerLogger - stderr.env: ‘interestingness_test’: No such file or directory
19:33:15.281 INFO  ExecHelper - Result: 127
19:33:15.281 INFO  CustomFileJudge - Custom file judge result: 127
19:33:15.281 INFO  ReductionDriver - Result from initial state is not interesting (attempt 2)
19:33:15.286 INFO  ExecHelper - interestingness_test /opt/reduce/rtx_4070/syn_memory_converge/variant_492.comp reduction_results/rtx_4070/syn_memory_converge/variant_492/variant_492.json
19:33:15.287 INFO  StreamGobblerLogger - stderr.env: ‘interestingness_test’: No such file or directory
19:33:15.287 INFO  ExecHelper - Result: 127
19:33:15.288 INFO  CustomFileJudge - Custom file judge result: 127
19:33:15.288 INFO  ReductionDriver - Result from initial state is not interesting (attempt 3)
19:33:15.289 INFO  ExecHelper - interestingness_test /opt/reduce/rtx_4070/syn_memory_converge/variant_492.comp reduction_results/rtx_4070/syn_memory_converge/variant_492/variant_492.json
19:33:15.291 INFO  StreamGobblerLogger - stderr.env: ‘interestingness_test’: No such file or directory
19:33:15.291 INFO  ExecHelper - Result: 127
19:33:15.291 INFO  CustomFileJudge - Custom file judge result: 127
19:33:15.291 INFO  ReductionDriver - Result from initial state is not interesting (attempt 4)
19:33:15.296 INFO  ExecHelper - interestingness_test /opt/reduce/rtx_4070/syn_memory_converge/variant_492.comp reduction_results/rtx_4070/syn_memory_converge/variant_492/variant_492.json
19:33:15.297 INFO  StreamGobblerLogger - stderr.env: ‘interestingness_test’: No such file or directory
19:33:15.297 INFO  ExecHelper - Result: 127
19:33:15.297 INFO  CustomFileJudge - Custom file judge result: 127
19:33:15.297 INFO  ReductionDriver - Result from initial state is not interesting (attempt 5)
19:33:15.298 INFO  ReductionDriver - Tried 5 times; stopping.
Reduction command: java -ea -cp /opt/graphicsfuzz/graphicsfuzz/target/graphicsfuzz/python/drivers/../../jar/tool-1.0.jar com.graphicsfuzz.reducer.tool.GlslReduce /opt/reduce/rtx_4070/syn_memory_converge/variant_492.json interestingness_test --output reduction_results/rtx_4070/syn_memory_converge/variant_492 /opt/reduce/rtx_4070/syn_memory_converge/variant_492.comp
