19:26:05.788 INFO  ExecHelper - /opt/graphicsfuzz/graphicsfuzz/target/graphicsfuzz/bin/Linux/glslangValidator -E --stdin -S comp
19:26:05.949 INFO  ExecHelper - Result: 0
19:26:06.901 INFO  ReductionDriver - Starting reduction for variant_890
19:26:06.918 INFO  ExecHelper - interestingness_test /opt/reduce/rtx_4070/syn_lock_step_release/variant_890.comp reduction_results/rtx_4070/syn_lock_step_release/variant_890/variant_890.json
19:26:06.920 INFO  StreamGobblerLogger - stderr.env: ‘interestingness_test’: No such file or directory
19:26:06.920 INFO  ExecHelper - Result: 127
19:26:06.920 INFO  CustomFileJudge - Custom file judge result: 127
19:26:06.920 INFO  ReductionDriver - Result from initial state is not interesting (attempt 1)
19:26:06.928 INFO  ExecHelper - interestingness_test /opt/reduce/rtx_4070/syn_lock_step_release/variant_890.comp reduction_results/rtx_4070/syn_lock_step_release/variant_890/variant_890.json
19:26:06.930 INFO  StreamGobblerLogger - stderr.env: ‘interestingness_test’: No such file or directory
19:26:06.930 INFO  ExecHelper - Result: 127
19:26:06.930 INFO  CustomFileJudge - Custom file judge result: 127
19:26:06.930 INFO  ReductionDriver - Result from initial state is not interesting (attempt 2)
19:26:06.937 INFO  ExecHelper - interestingness_test /opt/reduce/rtx_4070/syn_lock_step_release/variant_890.comp reduction_results/rtx_4070/syn_lock_step_release/variant_890/variant_890.json
19:26:06.939 INFO  StreamGobblerLogger - stderr.env: ‘interestingness_test’: No such file or directory
19:26:06.939 INFO  ExecHelper - Result: 127
19:26:06.939 INFO  CustomFileJudge - Custom file judge result: 127
19:26:06.939 INFO  ReductionDriver - Result from initial state is not interesting (attempt 3)
19:26:06.945 INFO  ExecHelper - interestingness_test /opt/reduce/rtx_4070/syn_lock_step_release/variant_890.comp reduction_results/rtx_4070/syn_lock_step_release/variant_890/variant_890.json
19:26:06.946 INFO  StreamGobblerLogger - stderr.env: ‘interestingness_test’: No such file or directory
19:26:06.947 INFO  ExecHelper - Result: 127
19:26:06.947 INFO  CustomFileJudge - Custom file judge result: 127
19:26:06.947 INFO  ReductionDriver - Result from initial state is not interesting (attempt 4)
19:26:06.953 INFO  ExecHelper - interestingness_test /opt/reduce/rtx_4070/syn_lock_step_release/variant_890.comp reduction_results/rtx_4070/syn_lock_step_release/variant_890/variant_890.json
19:26:06.954 INFO  StreamGobblerLogger - stderr.env: ‘interestingness_test’: No such file or directory
19:26:06.954 INFO  ExecHelper - Result: 127
19:26:06.954 INFO  CustomFileJudge - Custom file judge result: 127
19:26:06.954 INFO  ReductionDriver - Result from initial state is not interesting (attempt 5)
19:26:06.955 INFO  ReductionDriver - Tried 5 times; stopping.
Reduction command: java -ea -cp /opt/graphicsfuzz/graphicsfuzz/target/graphicsfuzz/python/drivers/../../jar/tool-1.0.jar com.graphicsfuzz.reducer.tool.GlslReduce /opt/reduce/rtx_4070/syn_lock_step_release/variant_890.json interestingness_test --output reduction_results/rtx_4070/syn_lock_step_release/variant_890 /opt/reduce/rtx_4070/syn_lock_step_release/variant_890.comp
