18:45:53.185 INFO  ExecHelper - /opt/graphicsfuzz/graphicsfuzz/target/graphicsfuzz/bin/Linux/glslangValidator -E --stdin -S comp
18:45:53.268 INFO  ExecHelper - Result: 0
18:45:54.230 INFO  ReductionDriver - Starting reduction for variant_067
18:45:54.279 INFO  ExecHelper - interestingness_test /opt/reduce/intel_iris_xe_graphics/syn_branch_syn_release/variant_067.comp reduction_results/intel_iris_xe_graphics/syn_branch_syn_release/variant_067/variant_067.json
18:45:54.281 INFO  StreamGobblerLogger - stderr.env: ‘interestingness_test’: No such file or directory
18:45:54.281 INFO  ExecHelper - Result: 127
18:45:54.281 INFO  CustomFileJudge - Custom file judge result: 127
18:45:54.282 INFO  ReductionDriver - Result from initial state is not interesting (attempt 1)
18:45:54.318 INFO  ExecHelper - interestingness_test /opt/reduce/intel_iris_xe_graphics/syn_branch_syn_release/variant_067.comp reduction_results/intel_iris_xe_graphics/syn_branch_syn_release/variant_067/variant_067.json
18:45:54.319 INFO  StreamGobblerLogger - stderr.env: ‘interestingness_test’: No such file or directory
18:45:54.320 INFO  ExecHelper - Result: 127
18:45:54.320 INFO  CustomFileJudge - Custom file judge result: 127
18:45:54.320 INFO  ReductionDriver - Result from initial state is not interesting (attempt 2)
18:45:54.354 INFO  ExecHelper - interestingness_test /opt/reduce/intel_iris_xe_graphics/syn_branch_syn_release/variant_067.comp reduction_results/intel_iris_xe_graphics/syn_branch_syn_release/variant_067/variant_067.json
18:45:54.355 INFO  StreamGobblerLogger - stderr.env: ‘interestingness_test’: No such file or directory
18:45:54.356 INFO  ExecHelper - Result: 127
18:45:54.356 INFO  CustomFileJudge - Custom file judge result: 127
18:45:54.356 INFO  ReductionDriver - Result from initial state is not interesting (attempt 3)
18:45:54.389 INFO  ExecHelper - interestingness_test /opt/reduce/intel_iris_xe_graphics/syn_branch_syn_release/variant_067.comp reduction_results/intel_iris_xe_graphics/syn_branch_syn_release/variant_067/variant_067.json
18:45:54.391 INFO  StreamGobblerLogger - stderr.env: ‘interestingness_test’: No such file or directory
18:45:54.391 INFO  ExecHelper - Result: 127
18:45:54.391 INFO  CustomFileJudge - Custom file judge result: 127
18:45:54.391 INFO  ReductionDriver - Result from initial state is not interesting (attempt 4)
18:45:54.423 INFO  ExecHelper - interestingness_test /opt/reduce/intel_iris_xe_graphics/syn_branch_syn_release/variant_067.comp reduction_results/intel_iris_xe_graphics/syn_branch_syn_release/variant_067/variant_067.json
18:45:54.425 INFO  StreamGobblerLogger - stderr.env: ‘interestingness_test’: No such file or directory
18:45:54.426 INFO  ExecHelper - Result: 127
18:45:54.426 INFO  CustomFileJudge - Custom file judge result: 127
18:45:54.426 INFO  ReductionDriver - Result from initial state is not interesting (attempt 5)
18:45:54.426 INFO  ReductionDriver - Tried 5 times; stopping.
Reduction command: java -ea -cp /opt/graphicsfuzz/graphicsfuzz/target/graphicsfuzz/python/drivers/../../jar/tool-1.0.jar com.graphicsfuzz.reducer.tool.GlslReduce /opt/reduce/intel_iris_xe_graphics/syn_branch_syn_release/variant_067.json interestingness_test --output reduction_results/intel_iris_xe_graphics/syn_branch_syn_release/variant_067 /opt/reduce/intel_iris_xe_graphics/syn_branch_syn_release/variant_067.comp
