18:23:13.296 INFO  ExecHelper - /opt/graphicsfuzz/graphicsfuzz/target/graphicsfuzz/bin/Linux/glslangValidator -E --stdin -S comp
18:23:13.345 INFO  ExecHelper - Result: 0
18:23:13.402 INFO  ReductionDriver - Starting reduction for variant_695
18:23:13.406 INFO  ExecHelper - interestingness_test /opt/reduce/cezanne_radeon_vega/syn_memory_converge/variant_695.comp reduction_results/cezanne_radeon_vega/syn_memory_converge/variant_695/variant_695.json
18:23:13.408 INFO  StreamGobblerLogger - stderr.env: ‘interestingness_test’: No such file or directory
18:23:13.409 INFO  ExecHelper - Result: 127
18:23:13.409 INFO  CustomFileJudge - Custom file judge result: 127
18:23:13.409 INFO  ReductionDriver - Result from initial state is not interesting (attempt 1)
18:23:13.409 INFO  ExecHelper - interestingness_test /opt/reduce/cezanne_radeon_vega/syn_memory_converge/variant_695.comp reduction_results/cezanne_radeon_vega/syn_memory_converge/variant_695/variant_695.json
18:23:13.410 INFO  StreamGobblerLogger - stderr.env: ‘interestingness_test’: No such file or directory
18:23:13.411 INFO  ExecHelper - Result: 127
18:23:13.411 INFO  CustomFileJudge - Custom file judge result: 127
18:23:13.411 INFO  ReductionDriver - Result from initial state is not interesting (attempt 2)
18:23:13.411 INFO  ExecHelper - interestingness_test /opt/reduce/cezanne_radeon_vega/syn_memory_converge/variant_695.comp reduction_results/cezanne_radeon_vega/syn_memory_converge/variant_695/variant_695.json
18:23:13.413 INFO  StreamGobblerLogger - stderr.env: ‘interestingness_test’: No such file or directory
18:23:13.413 INFO  ExecHelper - Result: 127
18:23:13.413 INFO  CustomFileJudge - Custom file judge result: 127
18:23:13.413 INFO  ReductionDriver - Result from initial state is not interesting (attempt 3)
18:23:13.414 INFO  ExecHelper - interestingness_test /opt/reduce/cezanne_radeon_vega/syn_memory_converge/variant_695.comp reduction_results/cezanne_radeon_vega/syn_memory_converge/variant_695/variant_695.json
18:23:13.415 INFO  StreamGobblerLogger - stderr.env: ‘interestingness_test’: No such file or directory
18:23:13.416 INFO  ExecHelper - Result: 127
18:23:13.416 INFO  CustomFileJudge - Custom file judge result: 127
18:23:13.416 INFO  ReductionDriver - Result from initial state is not interesting (attempt 4)
18:23:13.417 INFO  ExecHelper - interestingness_test /opt/reduce/cezanne_radeon_vega/syn_memory_converge/variant_695.comp reduction_results/cezanne_radeon_vega/syn_memory_converge/variant_695/variant_695.json
18:23:13.418 INFO  StreamGobblerLogger - stderr.env: ‘interestingness_test’: No such file or directory
18:23:13.419 INFO  ExecHelper - Result: 127
18:23:13.419 INFO  CustomFileJudge - Custom file judge result: 127
18:23:13.419 INFO  ReductionDriver - Result from initial state is not interesting (attempt 5)
18:23:13.419 INFO  ReductionDriver - Tried 5 times; stopping.
Reduction command: java -ea -cp /opt/graphicsfuzz/graphicsfuzz/target/graphicsfuzz/python/drivers/../../jar/tool-1.0.jar com.graphicsfuzz.reducer.tool.GlslReduce /opt/reduce/cezanne_radeon_vega/syn_memory_converge/variant_695.json interestingness_test --output reduction_results/cezanne_radeon_vega/syn_memory_converge/variant_695 /opt/reduce/cezanne_radeon_vega/syn_memory_converge/variant_695.comp
