19:50:34.030 INFO  ExecHelper - /opt/graphicsfuzz/graphicsfuzz/target/graphicsfuzz/bin/Linux/glslangValidator -E --stdin -S comp
19:50:34.087 INFO  ExecHelper - Result: 0
19:50:34.355 INFO  ReductionDriver - Starting reduction for variant_697
19:50:34.423 INFO  ExecHelper - interestingness_test /opt/reduce/rtx_4070/syn_memory_converge_atomic/variant_697.comp reduction_results/rtx_4070/syn_memory_converge_atomic/variant_697/variant_697.json
19:50:34.424 INFO  StreamGobblerLogger - stderr.env: ‘interestingness_test’: No such file or directory
19:50:34.425 INFO  ExecHelper - Result: 127
19:50:34.425 INFO  CustomFileJudge - Custom file judge result: 127
19:50:34.425 INFO  ReductionDriver - Result from initial state is not interesting (attempt 1)
19:50:34.479 INFO  ExecHelper - interestingness_test /opt/reduce/rtx_4070/syn_memory_converge_atomic/variant_697.comp reduction_results/rtx_4070/syn_memory_converge_atomic/variant_697/variant_697.json
19:50:34.480 INFO  StreamGobblerLogger - stderr.env: ‘interestingness_test’: No such file or directory
19:50:34.480 INFO  ExecHelper - Result: 127
19:50:34.480 INFO  CustomFileJudge - Custom file judge result: 127
19:50:34.480 INFO  ReductionDriver - Result from initial state is not interesting (attempt 2)
19:50:34.533 INFO  ExecHelper - interestingness_test /opt/reduce/rtx_4070/syn_memory_converge_atomic/variant_697.comp reduction_results/rtx_4070/syn_memory_converge_atomic/variant_697/variant_697.json
19:50:34.534 INFO  StreamGobblerLogger - stderr.env: ‘interestingness_test’: No such file or directory
19:50:34.535 INFO  ExecHelper - Result: 127
19:50:34.535 INFO  CustomFileJudge - Custom file judge result: 127
19:50:34.535 INFO  ReductionDriver - Result from initial state is not interesting (attempt 3)
19:50:34.582 INFO  ExecHelper - interestingness_test /opt/reduce/rtx_4070/syn_memory_converge_atomic/variant_697.comp reduction_results/rtx_4070/syn_memory_converge_atomic/variant_697/variant_697.json
19:50:34.583 INFO  StreamGobblerLogger - stderr.env: ‘interestingness_test’: No such file or directory
19:50:34.584 INFO  ExecHelper - Result: 127
19:50:34.584 INFO  CustomFileJudge - Custom file judge result: 127
19:50:34.584 INFO  ReductionDriver - Result from initial state is not interesting (attempt 4)
19:50:34.631 INFO  ExecHelper - interestingness_test /opt/reduce/rtx_4070/syn_memory_converge_atomic/variant_697.comp reduction_results/rtx_4070/syn_memory_converge_atomic/variant_697/variant_697.json
19:50:34.632 INFO  StreamGobblerLogger - stderr.env: ‘interestingness_test’: No such file or directory
19:50:34.632 INFO  ExecHelper - Result: 127
19:50:34.633 INFO  CustomFileJudge - Custom file judge result: 127
19:50:34.633 INFO  ReductionDriver - Result from initial state is not interesting (attempt 5)
19:50:34.633 INFO  ReductionDriver - Tried 5 times; stopping.
Reduction command: java -ea -cp /opt/graphicsfuzz/graphicsfuzz/target/graphicsfuzz/python/drivers/../../jar/tool-1.0.jar com.graphicsfuzz.reducer.tool.GlslReduce /opt/reduce/rtx_4070/syn_memory_converge_atomic/variant_697.json interestingness_test --output reduction_results/rtx_4070/syn_memory_converge_atomic/variant_697 /opt/reduce/rtx_4070/syn_memory_converge_atomic/variant_697.comp
