18:50:48.570 INFO  ExecHelper - /opt/graphicsfuzz/graphicsfuzz/target/graphicsfuzz/bin/Linux/glslangValidator -E --stdin -S comp
18:50:48.644 INFO  ExecHelper - Result: 0
18:50:49.172 INFO  ReductionDriver - Starting reduction for variant_057
18:50:49.190 INFO  ExecHelper - interestingness_test /opt/reduce/intel_iris_xe_graphics/syn_memory_converge/variant_057.comp reduction_results/intel_iris_xe_graphics/syn_memory_converge/variant_057/variant_057.json
18:50:49.192 INFO  StreamGobblerLogger - stderr.env: ‘interestingness_test’: No such file or directory
18:50:49.192 INFO  ExecHelper - Result: 127
18:50:49.192 INFO  CustomFileJudge - Custom file judge result: 127
18:50:49.192 INFO  ReductionDriver - Result from initial state is not interesting (attempt 1)
18:50:49.201 INFO  ExecHelper - interestingness_test /opt/reduce/intel_iris_xe_graphics/syn_memory_converge/variant_057.comp reduction_results/intel_iris_xe_graphics/syn_memory_converge/variant_057/variant_057.json
18:50:49.202 INFO  StreamGobblerLogger - stderr.env: ‘interestingness_test’: No such file or directory
18:50:49.203 INFO  ExecHelper - Result: 127
18:50:49.203 INFO  CustomFileJudge - Custom file judge result: 127
18:50:49.203 INFO  ReductionDriver - Result from initial state is not interesting (attempt 2)
18:50:49.210 INFO  ExecHelper - interestingness_test /opt/reduce/intel_iris_xe_graphics/syn_memory_converge/variant_057.comp reduction_results/intel_iris_xe_graphics/syn_memory_converge/variant_057/variant_057.json
18:50:49.212 INFO  StreamGobblerLogger - stderr.env: ‘interestingness_test’: No such file or directory
18:50:49.212 INFO  ExecHelper - Result: 127
18:50:49.212 INFO  CustomFileJudge - Custom file judge result: 127
18:50:49.212 INFO  ReductionDriver - Result from initial state is not interesting (attempt 3)
18:50:49.218 INFO  ExecHelper - interestingness_test /opt/reduce/intel_iris_xe_graphics/syn_memory_converge/variant_057.comp reduction_results/intel_iris_xe_graphics/syn_memory_converge/variant_057/variant_057.json
18:50:49.219 INFO  StreamGobblerLogger - stderr.env: ‘interestingness_test’: No such file or directory
18:50:49.220 INFO  ExecHelper - Result: 127
18:50:49.220 INFO  CustomFileJudge - Custom file judge result: 127
18:50:49.220 INFO  ReductionDriver - Result from initial state is not interesting (attempt 4)
18:50:49.226 INFO  ExecHelper - interestingness_test /opt/reduce/intel_iris_xe_graphics/syn_memory_converge/variant_057.comp reduction_results/intel_iris_xe_graphics/syn_memory_converge/variant_057/variant_057.json
18:50:49.227 INFO  StreamGobblerLogger - stderr.env: ‘interestingness_test’: No such file or directory
18:50:49.227 INFO  ExecHelper - Result: 127
18:50:49.227 INFO  CustomFileJudge - Custom file judge result: 127
18:50:49.227 INFO  ReductionDriver - Result from initial state is not interesting (attempt 5)
18:50:49.227 INFO  ReductionDriver - Tried 5 times; stopping.
Reduction command: java -ea -cp /opt/graphicsfuzz/graphicsfuzz/target/graphicsfuzz/python/drivers/../../jar/tool-1.0.jar com.graphicsfuzz.reducer.tool.GlslReduce /opt/reduce/intel_iris_xe_graphics/syn_memory_converge/variant_057.json interestingness_test --output reduction_results/intel_iris_xe_graphics/syn_memory_converge/variant_057 /opt/reduce/intel_iris_xe_graphics/syn_memory_converge/variant_057.comp
