19:08:46.912 INFO  ExecHelper - /opt/graphicsfuzz/graphicsfuzz/target/graphicsfuzz/bin/Linux/glslangValidator -E --stdin -S comp
19:08:46.967 INFO  ExecHelper - Result: 0
19:08:47.711 INFO  ReductionDriver - Starting reduction for variant_314
19:08:47.803 INFO  ExecHelper - interestingness_test /opt/reduce/intel_iris_xe_graphics/syn_memory_converge_atomic/variant_314.comp reduction_results/intel_iris_xe_graphics/syn_memory_converge_atomic/variant_314/variant_314.json
19:08:47.805 INFO  StreamGobblerLogger - stderr.env: ‘interestingness_test’: No such file or directory
19:08:47.805 INFO  ExecHelper - Result: 127
19:08:47.805 INFO  CustomFileJudge - Custom file judge result: 127
19:08:47.805 INFO  ReductionDriver - Result from initial state is not interesting (attempt 1)
19:08:47.885 INFO  ExecHelper - interestingness_test /opt/reduce/intel_iris_xe_graphics/syn_memory_converge_atomic/variant_314.comp reduction_results/intel_iris_xe_graphics/syn_memory_converge_atomic/variant_314/variant_314.json
19:08:47.886 INFO  StreamGobblerLogger - stderr.env: ‘interestingness_test’: No such file or directory
19:08:47.887 INFO  ExecHelper - Result: 127
19:08:47.887 INFO  CustomFileJudge - Custom file judge result: 127
19:08:47.887 INFO  ReductionDriver - Result from initial state is not interesting (attempt 2)
19:08:47.963 INFO  ExecHelper - interestingness_test /opt/reduce/intel_iris_xe_graphics/syn_memory_converge_atomic/variant_314.comp reduction_results/intel_iris_xe_graphics/syn_memory_converge_atomic/variant_314/variant_314.json
19:08:47.964 INFO  StreamGobblerLogger - stderr.env: ‘interestingness_test’: No such file or directory
19:08:47.965 INFO  ExecHelper - Result: 127
19:08:47.965 INFO  CustomFileJudge - Custom file judge result: 127
19:08:47.965 INFO  ReductionDriver - Result from initial state is not interesting (attempt 3)
19:08:48.039 INFO  ExecHelper - interestingness_test /opt/reduce/intel_iris_xe_graphics/syn_memory_converge_atomic/variant_314.comp reduction_results/intel_iris_xe_graphics/syn_memory_converge_atomic/variant_314/variant_314.json
19:08:48.041 INFO  StreamGobblerLogger - stderr.env: ‘interestingness_test’: No such file or directory
19:08:48.042 INFO  ExecHelper - Result: 127
19:08:48.042 INFO  CustomFileJudge - Custom file judge result: 127
19:08:48.042 INFO  ReductionDriver - Result from initial state is not interesting (attempt 4)
19:08:48.116 INFO  ExecHelper - interestingness_test /opt/reduce/intel_iris_xe_graphics/syn_memory_converge_atomic/variant_314.comp reduction_results/intel_iris_xe_graphics/syn_memory_converge_atomic/variant_314/variant_314.json
19:08:48.117 INFO  StreamGobblerLogger - stderr.env: ‘interestingness_test’: No such file or directory
19:08:48.117 INFO  ExecHelper - Result: 127
19:08:48.117 INFO  CustomFileJudge - Custom file judge result: 127
19:08:48.118 INFO  ReductionDriver - Result from initial state is not interesting (attempt 5)
19:08:48.118 INFO  ReductionDriver - Tried 5 times; stopping.
Reduction command: java -ea -cp /opt/graphicsfuzz/graphicsfuzz/target/graphicsfuzz/python/drivers/../../jar/tool-1.0.jar com.graphicsfuzz.reducer.tool.GlslReduce /opt/reduce/intel_iris_xe_graphics/syn_memory_converge_atomic/variant_314.json interestingness_test --output reduction_results/intel_iris_xe_graphics/syn_memory_converge_atomic/variant_314 /opt/reduce/intel_iris_xe_graphics/syn_memory_converge_atomic/variant_314.comp
