18:58:47.962 INFO  ExecHelper - /opt/graphicsfuzz/graphicsfuzz/target/graphicsfuzz/bin/Linux/glslangValidator -E --stdin -S comp
18:58:48.010 INFO  ExecHelper - Result: 0
18:58:48.068 INFO  ReductionDriver - Starting reduction for variant_602
18:58:48.072 INFO  ExecHelper - interestingness_test /opt/reduce/intel_iris_xe_graphics/syn_memory_converge/variant_602.comp reduction_results/intel_iris_xe_graphics/syn_memory_converge/variant_602/variant_602.json
18:58:48.074 INFO  StreamGobblerLogger - stderr.env: ‘interestingness_test’: No such file or directory
18:58:48.074 INFO  ExecHelper - Result: 127
18:58:48.075 INFO  CustomFileJudge - Custom file judge result: 127
18:58:48.075 INFO  ReductionDriver - Result from initial state is not interesting (attempt 1)
18:58:48.075 INFO  ExecHelper - interestingness_test /opt/reduce/intel_iris_xe_graphics/syn_memory_converge/variant_602.comp reduction_results/intel_iris_xe_graphics/syn_memory_converge/variant_602/variant_602.json
18:58:48.076 INFO  StreamGobblerLogger - stderr.env: ‘interestingness_test’: No such file or directory
18:58:48.076 INFO  ExecHelper - Result: 127
18:58:48.076 INFO  CustomFileJudge - Custom file judge result: 127
18:58:48.077 INFO  ReductionDriver - Result from initial state is not interesting (attempt 2)
18:58:48.078 INFO  ExecHelper - interestingness_test /opt/reduce/intel_iris_xe_graphics/syn_memory_converge/variant_602.comp reduction_results/intel_iris_xe_graphics/syn_memory_converge/variant_602/variant_602.json
18:58:48.079 INFO  StreamGobblerLogger - stderr.env: ‘interestingness_test’: No such file or directory
18:58:48.080 INFO  ExecHelper - Result: 127
18:58:48.080 INFO  CustomFileJudge - Custom file judge result: 127
18:58:48.080 INFO  ReductionDriver - Result from initial state is not interesting (attempt 3)
18:58:48.081 INFO  ExecHelper - interestingness_test /opt/reduce/intel_iris_xe_graphics/syn_memory_converge/variant_602.comp reduction_results/intel_iris_xe_graphics/syn_memory_converge/variant_602/variant_602.json
18:58:48.083 INFO  StreamGobblerLogger - stderr.env: ‘interestingness_test’: No such file or directory
18:58:48.083 INFO  ExecHelper - Result: 127
18:58:48.083 INFO  CustomFileJudge - Custom file judge result: 127
18:58:48.083 INFO  ReductionDriver - Result from initial state is not interesting (attempt 4)
18:58:48.084 INFO  ExecHelper - interestingness_test /opt/reduce/intel_iris_xe_graphics/syn_memory_converge/variant_602.comp reduction_results/intel_iris_xe_graphics/syn_memory_converge/variant_602/variant_602.json
18:58:48.085 INFO  StreamGobblerLogger - stderr.env: ‘interestingness_test’: No such file or directory
18:58:48.086 INFO  ExecHelper - Result: 127
18:58:48.086 INFO  CustomFileJudge - Custom file judge result: 127
18:58:48.086 INFO  ReductionDriver - Result from initial state is not interesting (attempt 5)
18:58:48.086 INFO  ReductionDriver - Tried 5 times; stopping.
Reduction command: java -ea -cp /opt/graphicsfuzz/graphicsfuzz/target/graphicsfuzz/python/drivers/../../jar/tool-1.0.jar com.graphicsfuzz.reducer.tool.GlslReduce /opt/reduce/intel_iris_xe_graphics/syn_memory_converge/variant_602.json interestingness_test --output reduction_results/intel_iris_xe_graphics/syn_memory_converge/variant_602 /opt/reduce/intel_iris_xe_graphics/syn_memory_converge/variant_602.comp
