19:30:12.840 INFO  ExecHelper - /opt/graphicsfuzz/graphicsfuzz/target/graphicsfuzz/bin/Linux/glslangValidator -E --stdin -S comp
19:30:13.027 INFO  ExecHelper - Result: 0
19:30:14.059 INFO  ReductionDriver - Starting reduction for variant_288
19:30:14.076 INFO  ExecHelper - interestingness_test /opt/reduce/rtx_4070/syn_memory_converge/variant_288.comp reduction_results/rtx_4070/syn_memory_converge/variant_288/variant_288.json
19:30:14.077 INFO  StreamGobblerLogger - stderr.env: ‘interestingness_test’: No such file or directory
19:30:14.078 INFO  ExecHelper - Result: 127
19:30:14.078 INFO  CustomFileJudge - Custom file judge result: 127
19:30:14.078 INFO  ReductionDriver - Result from initial state is not interesting (attempt 1)
19:30:14.085 INFO  ExecHelper - interestingness_test /opt/reduce/rtx_4070/syn_memory_converge/variant_288.comp reduction_results/rtx_4070/syn_memory_converge/variant_288/variant_288.json
19:30:14.086 INFO  StreamGobblerLogger - stderr.env: ‘interestingness_test’: No such file or directory
19:30:14.087 INFO  ExecHelper - Result: 127
19:30:14.087 INFO  CustomFileJudge - Custom file judge result: 127
19:30:14.087 INFO  ReductionDriver - Result from initial state is not interesting (attempt 2)
19:30:14.094 INFO  ExecHelper - interestingness_test /opt/reduce/rtx_4070/syn_memory_converge/variant_288.comp reduction_results/rtx_4070/syn_memory_converge/variant_288/variant_288.json
19:30:14.095 INFO  StreamGobblerLogger - stderr.env: ‘interestingness_test’: No such file or directory
19:30:14.095 INFO  ExecHelper - Result: 127
19:30:14.095 INFO  CustomFileJudge - Custom file judge result: 127
19:30:14.095 INFO  ReductionDriver - Result from initial state is not interesting (attempt 3)
19:30:14.101 INFO  ExecHelper - interestingness_test /opt/reduce/rtx_4070/syn_memory_converge/variant_288.comp reduction_results/rtx_4070/syn_memory_converge/variant_288/variant_288.json
19:30:14.102 INFO  StreamGobblerLogger - stderr.env: ‘interestingness_test’: No such file or directory
19:30:14.102 INFO  ExecHelper - Result: 127
19:30:14.102 INFO  CustomFileJudge - Custom file judge result: 127
19:30:14.102 INFO  ReductionDriver - Result from initial state is not interesting (attempt 4)
19:30:14.108 INFO  ExecHelper - interestingness_test /opt/reduce/rtx_4070/syn_memory_converge/variant_288.comp reduction_results/rtx_4070/syn_memory_converge/variant_288/variant_288.json
19:30:14.109 INFO  StreamGobblerLogger - stderr.env: ‘interestingness_test’: No such file or directory
19:30:14.109 INFO  ExecHelper - Result: 127
19:30:14.110 INFO  CustomFileJudge - Custom file judge result: 127
19:30:14.110 INFO  ReductionDriver - Result from initial state is not interesting (attempt 5)
19:30:14.110 INFO  ReductionDriver - Tried 5 times; stopping.
Reduction command: java -ea -cp /opt/graphicsfuzz/graphicsfuzz/target/graphicsfuzz/python/drivers/../../jar/tool-1.0.jar com.graphicsfuzz.reducer.tool.GlslReduce /opt/reduce/rtx_4070/syn_memory_converge/variant_288.json interestingness_test --output reduction_results/rtx_4070/syn_memory_converge/variant_288 /opt/reduce/rtx_4070/syn_memory_converge/variant_288.comp
