18:47:16.984 INFO  ExecHelper - /opt/graphicsfuzz/graphicsfuzz/target/graphicsfuzz/bin/Linux/glslangValidator -E --stdin -S comp
18:47:17.090 INFO  ExecHelper - Result: 0
18:47:18.291 INFO  ReductionDriver - Starting reduction for variant_493
18:47:18.312 INFO  ExecHelper - interestingness_test /opt/reduce/intel_iris_xe_graphics/syn_lock_step/variant_493.comp reduction_results/intel_iris_xe_graphics/syn_lock_step/variant_493/variant_493.json
18:47:18.313 INFO  StreamGobblerLogger - stderr.env: ‘interestingness_test’: No such file or directory
18:47:18.313 INFO  ExecHelper - Result: 127
18:47:18.313 INFO  CustomFileJudge - Custom file judge result: 127
18:47:18.313 INFO  ReductionDriver - Result from initial state is not interesting (attempt 1)
18:47:18.325 INFO  ExecHelper - interestingness_test /opt/reduce/intel_iris_xe_graphics/syn_lock_step/variant_493.comp reduction_results/intel_iris_xe_graphics/syn_lock_step/variant_493/variant_493.json
18:47:18.326 INFO  StreamGobblerLogger - stderr.env: ‘interestingness_test’: No such file or directory
18:47:18.326 INFO  ExecHelper - Result: 127
18:47:18.326 INFO  CustomFileJudge - Custom file judge result: 127
18:47:18.326 INFO  ReductionDriver - Result from initial state is not interesting (attempt 2)
18:47:18.335 INFO  ExecHelper - interestingness_test /opt/reduce/intel_iris_xe_graphics/syn_lock_step/variant_493.comp reduction_results/intel_iris_xe_graphics/syn_lock_step/variant_493/variant_493.json
18:47:18.336 INFO  StreamGobblerLogger - stderr.env: ‘interestingness_test’: No such file or directory
18:47:18.337 INFO  ExecHelper - Result: 127
18:47:18.337 INFO  CustomFileJudge - Custom file judge result: 127
18:47:18.337 INFO  ReductionDriver - Result from initial state is not interesting (attempt 3)
18:47:18.345 INFO  ExecHelper - interestingness_test /opt/reduce/intel_iris_xe_graphics/syn_lock_step/variant_493.comp reduction_results/intel_iris_xe_graphics/syn_lock_step/variant_493/variant_493.json
18:47:18.346 INFO  StreamGobblerLogger - stderr.env: ‘interestingness_test’: No such file or directory
18:47:18.347 INFO  ExecHelper - Result: 127
18:47:18.347 INFO  CustomFileJudge - Custom file judge result: 127
18:47:18.347 INFO  ReductionDriver - Result from initial state is not interesting (attempt 4)
18:47:18.355 INFO  ExecHelper - interestingness_test /opt/reduce/intel_iris_xe_graphics/syn_lock_step/variant_493.comp reduction_results/intel_iris_xe_graphics/syn_lock_step/variant_493/variant_493.json
18:47:18.356 INFO  StreamGobblerLogger - stderr.env: ‘interestingness_test’: No such file or directory
18:47:18.356 INFO  ExecHelper - Result: 127
18:47:18.356 INFO  CustomFileJudge - Custom file judge result: 127
18:47:18.356 INFO  ReductionDriver - Result from initial state is not interesting (attempt 5)
18:47:18.356 INFO  ReductionDriver - Tried 5 times; stopping.
Reduction command: java -ea -cp /opt/graphicsfuzz/graphicsfuzz/target/graphicsfuzz/python/drivers/../../jar/tool-1.0.jar com.graphicsfuzz.reducer.tool.GlslReduce /opt/reduce/intel_iris_xe_graphics/syn_lock_step/variant_493.json interestingness_test --output reduction_results/intel_iris_xe_graphics/syn_lock_step/variant_493 /opt/reduce/intel_iris_xe_graphics/syn_lock_step/variant_493.comp
