19:16:51.868 INFO  ExecHelper - /opt/graphicsfuzz/graphicsfuzz/target/graphicsfuzz/bin/Linux/glslangValidator -E --stdin -S comp
19:16:51.924 INFO  ExecHelper - Result: 0
19:16:52.238 INFO  ReductionDriver - Starting reduction for variant_853
19:16:52.313 INFO  ExecHelper - interestingness_test /opt/reduce/intel_iris_xe_graphics/syn_memory_converge_atomic/variant_853.comp reduction_results/intel_iris_xe_graphics/syn_memory_converge_atomic/variant_853/variant_853.json
19:16:52.314 INFO  StreamGobblerLogger - stderr.env: ‘interestingness_test’: No such file or directory
19:16:52.315 INFO  ExecHelper - Result: 127
19:16:52.315 INFO  CustomFileJudge - Custom file judge result: 127
19:16:52.315 INFO  ReductionDriver - Result from initial state is not interesting (attempt 1)
19:16:52.375 INFO  ExecHelper - interestingness_test /opt/reduce/intel_iris_xe_graphics/syn_memory_converge_atomic/variant_853.comp reduction_results/intel_iris_xe_graphics/syn_memory_converge_atomic/variant_853/variant_853.json
19:16:52.376 INFO  StreamGobblerLogger - stderr.env: ‘interestingness_test’: No such file or directory
19:16:52.377 INFO  ExecHelper - Result: 127
19:16:52.377 INFO  CustomFileJudge - Custom file judge result: 127
19:16:52.377 INFO  ReductionDriver - Result from initial state is not interesting (attempt 2)
19:16:52.437 INFO  ExecHelper - interestingness_test /opt/reduce/intel_iris_xe_graphics/syn_memory_converge_atomic/variant_853.comp reduction_results/intel_iris_xe_graphics/syn_memory_converge_atomic/variant_853/variant_853.json
19:16:52.439 INFO  StreamGobblerLogger - stderr.env: ‘interestingness_test’: No such file or directory
19:16:52.439 INFO  ExecHelper - Result: 127
19:16:52.439 INFO  CustomFileJudge - Custom file judge result: 127
19:16:52.439 INFO  ReductionDriver - Result from initial state is not interesting (attempt 3)
19:16:52.498 INFO  ExecHelper - interestingness_test /opt/reduce/intel_iris_xe_graphics/syn_memory_converge_atomic/variant_853.comp reduction_results/intel_iris_xe_graphics/syn_memory_converge_atomic/variant_853/variant_853.json
19:16:52.499 INFO  StreamGobblerLogger - stderr.env: ‘interestingness_test’: No such file or directory
19:16:52.500 INFO  ExecHelper - Result: 127
19:16:52.500 INFO  CustomFileJudge - Custom file judge result: 127
19:16:52.500 INFO  ReductionDriver - Result from initial state is not interesting (attempt 4)
19:16:52.562 INFO  ExecHelper - interestingness_test /opt/reduce/intel_iris_xe_graphics/syn_memory_converge_atomic/variant_853.comp reduction_results/intel_iris_xe_graphics/syn_memory_converge_atomic/variant_853/variant_853.json
19:16:52.563 INFO  StreamGobblerLogger - stderr.env: ‘interestingness_test’: No such file or directory
19:16:52.564 INFO  ExecHelper - Result: 127
19:16:52.564 INFO  CustomFileJudge - Custom file judge result: 127
19:16:52.564 INFO  ReductionDriver - Result from initial state is not interesting (attempt 5)
19:16:52.564 INFO  ReductionDriver - Tried 5 times; stopping.
Reduction command: java -ea -cp /opt/graphicsfuzz/graphicsfuzz/target/graphicsfuzz/python/drivers/../../jar/tool-1.0.jar com.graphicsfuzz.reducer.tool.GlslReduce /opt/reduce/intel_iris_xe_graphics/syn_memory_converge_atomic/variant_853.json interestingness_test --output reduction_results/intel_iris_xe_graphics/syn_memory_converge_atomic/variant_853 /opt/reduce/intel_iris_xe_graphics/syn_memory_converge_atomic/variant_853.comp
