19:10:02.029 INFO  ExecHelper - /opt/graphicsfuzz/graphicsfuzz/target/graphicsfuzz/bin/Linux/glslangValidator -E --stdin -S comp
19:10:02.223 INFO  ExecHelper - Result: 0
19:10:03.166 INFO  ReductionDriver - Starting reduction for variant_402
19:10:03.184 INFO  ExecHelper - interestingness_test /opt/reduce/intel_iris_xe_graphics/syn_memory_converge_atomic/variant_402.comp reduction_results/intel_iris_xe_graphics/syn_memory_converge_atomic/variant_402/variant_402.json
19:10:03.186 INFO  StreamGobblerLogger - stderr.env: ‘interestingness_test’: No such file or directory
19:10:03.186 INFO  ExecHelper - Result: 127
19:10:03.186 INFO  CustomFileJudge - Custom file judge result: 127
19:10:03.186 INFO  ReductionDriver - Result from initial state is not interesting (attempt 1)
19:10:03.196 INFO  ExecHelper - interestingness_test /opt/reduce/intel_iris_xe_graphics/syn_memory_converge_atomic/variant_402.comp reduction_results/intel_iris_xe_graphics/syn_memory_converge_atomic/variant_402/variant_402.json
19:10:03.197 INFO  StreamGobblerLogger - stderr.env: ‘interestingness_test’: No such file or directory
19:10:03.198 INFO  ExecHelper - Result: 127
19:10:03.198 INFO  CustomFileJudge - Custom file judge result: 127
19:10:03.198 INFO  ReductionDriver - Result from initial state is not interesting (attempt 2)
19:10:03.206 INFO  ExecHelper - interestingness_test /opt/reduce/intel_iris_xe_graphics/syn_memory_converge_atomic/variant_402.comp reduction_results/intel_iris_xe_graphics/syn_memory_converge_atomic/variant_402/variant_402.json
19:10:03.207 INFO  StreamGobblerLogger - stderr.env: ‘interestingness_test’: No such file or directory
19:10:03.208 INFO  ExecHelper - Result: 127
19:10:03.208 INFO  CustomFileJudge - Custom file judge result: 127
19:10:03.208 INFO  ReductionDriver - Result from initial state is not interesting (attempt 3)
19:10:03.215 INFO  ExecHelper - interestingness_test /opt/reduce/intel_iris_xe_graphics/syn_memory_converge_atomic/variant_402.comp reduction_results/intel_iris_xe_graphics/syn_memory_converge_atomic/variant_402/variant_402.json
19:10:03.216 INFO  StreamGobblerLogger - stderr.env: ‘interestingness_test’: No such file or directory
19:10:03.217 INFO  ExecHelper - Result: 127
19:10:03.217 INFO  CustomFileJudge - Custom file judge result: 127
19:10:03.217 INFO  ReductionDriver - Result from initial state is not interesting (attempt 4)
19:10:03.224 INFO  ExecHelper - interestingness_test /opt/reduce/intel_iris_xe_graphics/syn_memory_converge_atomic/variant_402.comp reduction_results/intel_iris_xe_graphics/syn_memory_converge_atomic/variant_402/variant_402.json
19:10:03.225 INFO  StreamGobblerLogger - stderr.env: ‘interestingness_test’: No such file or directory
19:10:03.225 INFO  ExecHelper - Result: 127
19:10:03.225 INFO  CustomFileJudge - Custom file judge result: 127
19:10:03.225 INFO  ReductionDriver - Result from initial state is not interesting (attempt 5)
19:10:03.225 INFO  ReductionDriver - Tried 5 times; stopping.
Reduction command: java -ea -cp /opt/graphicsfuzz/graphicsfuzz/target/graphicsfuzz/python/drivers/../../jar/tool-1.0.jar com.graphicsfuzz.reducer.tool.GlslReduce /opt/reduce/intel_iris_xe_graphics/syn_memory_converge_atomic/variant_402.json interestingness_test --output reduction_results/intel_iris_xe_graphics/syn_memory_converge_atomic/variant_402 /opt/reduce/intel_iris_xe_graphics/syn_memory_converge_atomic/variant_402.comp
