19:34:07.352 INFO  ExecHelper - /opt/graphicsfuzz/graphicsfuzz/target/graphicsfuzz/bin/Linux/glslangValidator -E --stdin -S comp
19:34:07.398 INFO  ExecHelper - Result: 0
19:34:07.458 INFO  ReductionDriver - Starting reduction for variant_549
19:34:07.463 INFO  ExecHelper - interestingness_test /opt/reduce/rtx_4070/syn_memory_converge/variant_549.comp reduction_results/rtx_4070/syn_memory_converge/variant_549/variant_549.json
19:34:07.465 INFO  StreamGobblerLogger - stderr.env: ‘interestingness_test’: No such file or directory
19:34:07.465 INFO  ExecHelper - Result: 127
19:34:07.466 INFO  CustomFileJudge - Custom file judge result: 127
19:34:07.466 INFO  ReductionDriver - Result from initial state is not interesting (attempt 1)
19:34:07.467 INFO  ExecHelper - interestingness_test /opt/reduce/rtx_4070/syn_memory_converge/variant_549.comp reduction_results/rtx_4070/syn_memory_converge/variant_549/variant_549.json
19:34:07.467 INFO  StreamGobblerLogger - stderr.env: ‘interestingness_test’: No such file or directory
19:34:07.468 INFO  ExecHelper - Result: 127
19:34:07.468 INFO  CustomFileJudge - Custom file judge result: 127
19:34:07.468 INFO  ReductionDriver - Result from initial state is not interesting (attempt 2)
19:34:07.469 INFO  ExecHelper - interestingness_test /opt/reduce/rtx_4070/syn_memory_converge/variant_549.comp reduction_results/rtx_4070/syn_memory_converge/variant_549/variant_549.json
19:34:07.470 INFO  StreamGobblerLogger - stderr.env: ‘interestingness_test’: No such file or directory
19:34:07.470 INFO  ExecHelper - Result: 127
19:34:07.471 INFO  CustomFileJudge - Custom file judge result: 127
19:34:07.471 INFO  ReductionDriver - Result from initial state is not interesting (attempt 3)
19:34:07.471 INFO  ExecHelper - interestingness_test /opt/reduce/rtx_4070/syn_memory_converge/variant_549.comp reduction_results/rtx_4070/syn_memory_converge/variant_549/variant_549.json
19:34:07.472 INFO  StreamGobblerLogger - stderr.env: ‘interestingness_test’: No such file or directory
19:34:07.473 INFO  ExecHelper - Result: 127
19:34:07.473 INFO  CustomFileJudge - Custom file judge result: 127
19:34:07.473 INFO  ReductionDriver - Result from initial state is not interesting (attempt 4)
19:34:07.474 INFO  ExecHelper - interestingness_test /opt/reduce/rtx_4070/syn_memory_converge/variant_549.comp reduction_results/rtx_4070/syn_memory_converge/variant_549/variant_549.json
19:34:07.475 INFO  StreamGobblerLogger - stderr.env: ‘interestingness_test’: No such file or directory
19:34:07.475 INFO  ExecHelper - Result: 127
19:34:07.475 INFO  CustomFileJudge - Custom file judge result: 127
19:34:07.475 INFO  ReductionDriver - Result from initial state is not interesting (attempt 5)
19:34:07.475 INFO  ReductionDriver - Tried 5 times; stopping.
Reduction command: java -ea -cp /opt/graphicsfuzz/graphicsfuzz/target/graphicsfuzz/python/drivers/../../jar/tool-1.0.jar com.graphicsfuzz.reducer.tool.GlslReduce /opt/reduce/rtx_4070/syn_memory_converge/variant_549.json interestingness_test --output reduction_results/rtx_4070/syn_memory_converge/variant_549 /opt/reduce/rtx_4070/syn_memory_converge/variant_549.comp
