19:49:42.918 INFO  ExecHelper - /opt/graphicsfuzz/graphicsfuzz/target/graphicsfuzz/bin/Linux/glslangValidator -E --stdin -S comp
19:49:42.964 INFO  ExecHelper - Result: 0
19:49:43.024 INFO  ReductionDriver - Starting reduction for variant_651
19:49:43.029 INFO  ExecHelper - interestingness_test /opt/reduce/rtx_4070/syn_memory_converge_atomic/variant_651.comp reduction_results/rtx_4070/syn_memory_converge_atomic/variant_651/variant_651.json
19:49:43.030 INFO  StreamGobblerLogger - stderr.env: ‘interestingness_test’: No such file or directory
19:49:43.031 INFO  ExecHelper - Result: 127
19:49:43.031 INFO  CustomFileJudge - Custom file judge result: 127
19:49:43.031 INFO  ReductionDriver - Result from initial state is not interesting (attempt 1)
19:49:43.032 INFO  ExecHelper - interestingness_test /opt/reduce/rtx_4070/syn_memory_converge_atomic/variant_651.comp reduction_results/rtx_4070/syn_memory_converge_atomic/variant_651/variant_651.json
19:49:43.033 INFO  StreamGobblerLogger - stderr.env: ‘interestingness_test’: No such file or directory
19:49:43.033 INFO  ExecHelper - Result: 127
19:49:43.033 INFO  CustomFileJudge - Custom file judge result: 127
19:49:43.033 INFO  ReductionDriver - Result from initial state is not interesting (attempt 2)
19:49:43.034 INFO  ExecHelper - interestingness_test /opt/reduce/rtx_4070/syn_memory_converge_atomic/variant_651.comp reduction_results/rtx_4070/syn_memory_converge_atomic/variant_651/variant_651.json
19:49:43.035 INFO  StreamGobblerLogger - stderr.env: ‘interestingness_test’: No such file or directory
19:49:43.035 INFO  ExecHelper - Result: 127
19:49:43.035 INFO  CustomFileJudge - Custom file judge result: 127
19:49:43.035 INFO  ReductionDriver - Result from initial state is not interesting (attempt 3)
19:49:43.036 INFO  ExecHelper - interestingness_test /opt/reduce/rtx_4070/syn_memory_converge_atomic/variant_651.comp reduction_results/rtx_4070/syn_memory_converge_atomic/variant_651/variant_651.json
19:49:43.037 INFO  StreamGobblerLogger - stderr.env: ‘interestingness_test’: No such file or directory
19:49:43.038 INFO  ExecHelper - Result: 127
19:49:43.038 INFO  CustomFileJudge - Custom file judge result: 127
19:49:43.038 INFO  ReductionDriver - Result from initial state is not interesting (attempt 4)
19:49:43.038 INFO  ExecHelper - interestingness_test /opt/reduce/rtx_4070/syn_memory_converge_atomic/variant_651.comp reduction_results/rtx_4070/syn_memory_converge_atomic/variant_651/variant_651.json
19:49:43.039 INFO  StreamGobblerLogger - stderr.env: ‘interestingness_test’: No such file or directory
19:49:43.039 INFO  ExecHelper - Result: 127
19:49:43.039 INFO  CustomFileJudge - Custom file judge result: 127
19:49:43.040 INFO  ReductionDriver - Result from initial state is not interesting (attempt 5)
19:49:43.040 INFO  ReductionDriver - Tried 5 times; stopping.
Reduction command: java -ea -cp /opt/graphicsfuzz/graphicsfuzz/target/graphicsfuzz/python/drivers/../../jar/tool-1.0.jar com.graphicsfuzz.reducer.tool.GlslReduce /opt/reduce/rtx_4070/syn_memory_converge_atomic/variant_651.json interestingness_test --output reduction_results/rtx_4070/syn_memory_converge_atomic/variant_651 /opt/reduce/rtx_4070/syn_memory_converge_atomic/variant_651.comp
