18:21:53.329 INFO  ExecHelper - /opt/graphicsfuzz/graphicsfuzz/target/graphicsfuzz/bin/Linux/glslangValidator -E --stdin -S comp
18:21:53.383 INFO  ExecHelper - Result: 0
18:21:53.718 INFO  ReductionDriver - Starting reduction for variant_583
18:21:53.811 INFO  ExecHelper - interestingness_test /opt/reduce/cezanne_radeon_vega/syn_memory_converge/variant_583.comp reduction_results/cezanne_radeon_vega/syn_memory_converge/variant_583/variant_583.json
18:21:53.814 INFO  StreamGobblerLogger - stderr.env: ‘interestingness_test’: No such file or directory
18:21:53.814 INFO  ExecHelper - Result: 127
18:21:53.814 INFO  CustomFileJudge - Custom file judge result: 127
18:21:53.814 INFO  ReductionDriver - Result from initial state is not interesting (attempt 1)
18:21:53.881 INFO  ExecHelper - interestingness_test /opt/reduce/cezanne_radeon_vega/syn_memory_converge/variant_583.comp reduction_results/cezanne_radeon_vega/syn_memory_converge/variant_583/variant_583.json
18:21:53.882 INFO  StreamGobblerLogger - stderr.env: ‘interestingness_test’: No such file or directory
18:21:53.883 INFO  ExecHelper - Result: 127
18:21:53.883 INFO  CustomFileJudge - Custom file judge result: 127
18:21:53.883 INFO  ReductionDriver - Result from initial state is not interesting (attempt 2)
18:21:53.948 INFO  ExecHelper - interestingness_test /opt/reduce/cezanne_radeon_vega/syn_memory_converge/variant_583.comp reduction_results/cezanne_radeon_vega/syn_memory_converge/variant_583/variant_583.json
18:21:53.949 INFO  StreamGobblerLogger - stderr.env: ‘interestingness_test’: No such file or directory
18:21:53.950 INFO  ExecHelper - Result: 127
18:21:53.950 INFO  CustomFileJudge - Custom file judge result: 127
18:21:53.950 INFO  ReductionDriver - Result from initial state is not interesting (attempt 3)
18:21:54.019 INFO  ExecHelper - interestingness_test /opt/reduce/cezanne_radeon_vega/syn_memory_converge/variant_583.comp reduction_results/cezanne_radeon_vega/syn_memory_converge/variant_583/variant_583.json
18:21:54.020 INFO  StreamGobblerLogger - stderr.env: ‘interestingness_test’: No such file or directory
18:21:54.021 INFO  ExecHelper - Result: 127
18:21:54.021 INFO  CustomFileJudge - Custom file judge result: 127
18:21:54.021 INFO  ReductionDriver - Result from initial state is not interesting (attempt 4)
18:21:54.083 INFO  ExecHelper - interestingness_test /opt/reduce/cezanne_radeon_vega/syn_memory_converge/variant_583.comp reduction_results/cezanne_radeon_vega/syn_memory_converge/variant_583/variant_583.json
18:21:54.085 INFO  StreamGobblerLogger - stderr.env: ‘interestingness_test’: No such file or directory
18:21:54.085 INFO  ExecHelper - Result: 127
18:21:54.085 INFO  CustomFileJudge - Custom file judge result: 127
18:21:54.085 INFO  ReductionDriver - Result from initial state is not interesting (attempt 5)
18:21:54.085 INFO  ReductionDriver - Tried 5 times; stopping.
Reduction command: java -ea -cp /opt/graphicsfuzz/graphicsfuzz/target/graphicsfuzz/python/drivers/../../jar/tool-1.0.jar com.graphicsfuzz.reducer.tool.GlslReduce /opt/reduce/cezanne_radeon_vega/syn_memory_converge/variant_583.json interestingness_test --output reduction_results/cezanne_radeon_vega/syn_memory_converge/variant_583 /opt/reduce/cezanne_radeon_vega/syn_memory_converge/variant_583.comp
