18:18:23.077 INFO  ExecHelper - /opt/graphicsfuzz/graphicsfuzz/target/graphicsfuzz/bin/Linux/glslangValidator -E --stdin -S comp
18:18:23.129 INFO  ExecHelper - Result: 0
18:18:23.217 INFO  ReductionDriver - Starting reduction for variant_346
18:18:23.227 INFO  ExecHelper - interestingness_test /opt/reduce/cezanne_radeon_vega/syn_memory_converge/variant_346.comp reduction_results/cezanne_radeon_vega/syn_memory_converge/variant_346/variant_346.json
18:18:23.228 INFO  StreamGobblerLogger - stderr.env: ‘interestingness_test’: No such file or directory
18:18:23.228 INFO  ExecHelper - Result: 127
18:18:23.228 INFO  CustomFileJudge - Custom file judge result: 127
18:18:23.229 INFO  ReductionDriver - Result from initial state is not interesting (attempt 1)
18:18:23.234 INFO  ExecHelper - interestingness_test /opt/reduce/cezanne_radeon_vega/syn_memory_converge/variant_346.comp reduction_results/cezanne_radeon_vega/syn_memory_converge/variant_346/variant_346.json
18:18:23.236 INFO  StreamGobblerLogger - stderr.env: ‘interestingness_test’: No such file or directory
18:18:23.236 INFO  ExecHelper - Result: 127
18:18:23.236 INFO  CustomFileJudge - Custom file judge result: 127
18:18:23.236 INFO  ReductionDriver - Result from initial state is not interesting (attempt 2)
18:18:23.240 INFO  ExecHelper - interestingness_test /opt/reduce/cezanne_radeon_vega/syn_memory_converge/variant_346.comp reduction_results/cezanne_radeon_vega/syn_memory_converge/variant_346/variant_346.json
18:18:23.242 INFO  StreamGobblerLogger - stderr.env: ‘interestingness_test’: No such file or directory
18:18:23.242 INFO  ExecHelper - Result: 127
18:18:23.242 INFO  CustomFileJudge - Custom file judge result: 127
18:18:23.242 INFO  ReductionDriver - Result from initial state is not interesting (attempt 3)
18:18:23.244 INFO  ExecHelper - interestingness_test /opt/reduce/cezanne_radeon_vega/syn_memory_converge/variant_346.comp reduction_results/cezanne_radeon_vega/syn_memory_converge/variant_346/variant_346.json
18:18:23.245 INFO  StreamGobblerLogger - stderr.env: ‘interestingness_test’: No such file or directory
18:18:23.246 INFO  ExecHelper - Result: 127
18:18:23.246 INFO  CustomFileJudge - Custom file judge result: 127
18:18:23.246 INFO  ReductionDriver - Result from initial state is not interesting (attempt 4)
18:18:23.248 INFO  ExecHelper - interestingness_test /opt/reduce/cezanne_radeon_vega/syn_memory_converge/variant_346.comp reduction_results/cezanne_radeon_vega/syn_memory_converge/variant_346/variant_346.json
18:18:23.249 INFO  StreamGobblerLogger - stderr.env: ‘interestingness_test’: No such file or directory
18:18:23.249 INFO  ExecHelper - Result: 127
18:18:23.249 INFO  CustomFileJudge - Custom file judge result: 127
18:18:23.249 INFO  ReductionDriver - Result from initial state is not interesting (attempt 5)
18:18:23.249 INFO  ReductionDriver - Tried 5 times; stopping.
Reduction command: java -ea -cp /opt/graphicsfuzz/graphicsfuzz/target/graphicsfuzz/python/drivers/../../jar/tool-1.0.jar com.graphicsfuzz.reducer.tool.GlslReduce /opt/reduce/cezanne_radeon_vega/syn_memory_converge/variant_346.json interestingness_test --output reduction_results/cezanne_radeon_vega/syn_memory_converge/variant_346 /opt/reduce/cezanne_radeon_vega/syn_memory_converge/variant_346.comp
