18:54:47.309 INFO  ExecHelper - /opt/graphicsfuzz/graphicsfuzz/target/graphicsfuzz/bin/Linux/glslangValidator -E --stdin -S comp
18:54:47.362 INFO  ExecHelper - Result: 0
18:54:47.706 INFO  ReductionDriver - Starting reduction for variant_333
18:54:47.771 INFO  ExecHelper - interestingness_test /opt/reduce/intel_iris_xe_graphics/syn_memory_converge/variant_333.comp reduction_results/intel_iris_xe_graphics/syn_memory_converge/variant_333/variant_333.json
18:54:47.773 INFO  StreamGobblerLogger - stderr.env: ‘interestingness_test’: No such file or directory
18:54:47.774 INFO  ExecHelper - Result: 127
18:54:47.774 INFO  CustomFileJudge - Custom file judge result: 127
18:54:47.774 INFO  ReductionDriver - Result from initial state is not interesting (attempt 1)
18:54:47.838 INFO  ExecHelper - interestingness_test /opt/reduce/intel_iris_xe_graphics/syn_memory_converge/variant_333.comp reduction_results/intel_iris_xe_graphics/syn_memory_converge/variant_333/variant_333.json
18:54:47.839 INFO  StreamGobblerLogger - stderr.env: ‘interestingness_test’: No such file or directory
18:54:47.840 INFO  ExecHelper - Result: 127
18:54:47.840 INFO  CustomFileJudge - Custom file judge result: 127
18:54:47.840 INFO  ReductionDriver - Result from initial state is not interesting (attempt 2)
18:54:47.888 INFO  ExecHelper - interestingness_test /opt/reduce/intel_iris_xe_graphics/syn_memory_converge/variant_333.comp reduction_results/intel_iris_xe_graphics/syn_memory_converge/variant_333/variant_333.json
18:54:47.890 INFO  StreamGobblerLogger - stderr.env: ‘interestingness_test’: No such file or directory
18:54:47.890 INFO  ExecHelper - Result: 127
18:54:47.890 INFO  CustomFileJudge - Custom file judge result: 127
18:54:47.890 INFO  ReductionDriver - Result from initial state is not interesting (attempt 3)
18:54:47.938 INFO  ExecHelper - interestingness_test /opt/reduce/intel_iris_xe_graphics/syn_memory_converge/variant_333.comp reduction_results/intel_iris_xe_graphics/syn_memory_converge/variant_333/variant_333.json
18:54:47.940 INFO  StreamGobblerLogger - stderr.env: ‘interestingness_test’: No such file or directory
18:54:47.940 INFO  ExecHelper - Result: 127
18:54:47.940 INFO  CustomFileJudge - Custom file judge result: 127
18:54:47.940 INFO  ReductionDriver - Result from initial state is not interesting (attempt 4)
18:54:47.987 INFO  ExecHelper - interestingness_test /opt/reduce/intel_iris_xe_graphics/syn_memory_converge/variant_333.comp reduction_results/intel_iris_xe_graphics/syn_memory_converge/variant_333/variant_333.json
18:54:47.989 INFO  StreamGobblerLogger - stderr.env: ‘interestingness_test’: No such file or directory
18:54:47.989 INFO  ExecHelper - Result: 127
18:54:47.989 INFO  CustomFileJudge - Custom file judge result: 127
18:54:47.990 INFO  ReductionDriver - Result from initial state is not interesting (attempt 5)
18:54:47.990 INFO  ReductionDriver - Tried 5 times; stopping.
Reduction command: java -ea -cp /opt/graphicsfuzz/graphicsfuzz/target/graphicsfuzz/python/drivers/../../jar/tool-1.0.jar com.graphicsfuzz.reducer.tool.GlslReduce /opt/reduce/intel_iris_xe_graphics/syn_memory_converge/variant_333.json interestingness_test --output reduction_results/intel_iris_xe_graphics/syn_memory_converge/variant_333 /opt/reduce/intel_iris_xe_graphics/syn_memory_converge/variant_333.comp
