19:45:15.460 INFO  ExecHelper - /opt/graphicsfuzz/graphicsfuzz/target/graphicsfuzz/bin/Linux/glslangValidator -E --stdin -S comp
19:45:15.512 INFO  ExecHelper - Result: 0
19:45:15.571 INFO  ReductionDriver - Starting reduction for variant_340
19:45:15.575 INFO  ExecHelper - interestingness_test /opt/reduce/rtx_4070/syn_memory_converge_atomic/variant_340.comp reduction_results/rtx_4070/syn_memory_converge_atomic/variant_340/variant_340.json
19:45:15.577 INFO  StreamGobblerLogger - stderr.env: ‘interestingness_test’: No such file or directory
19:45:15.578 INFO  ExecHelper - Result: 127
19:45:15.578 INFO  CustomFileJudge - Custom file judge result: 127
19:45:15.578 INFO  ReductionDriver - Result from initial state is not interesting (attempt 1)
19:45:15.579 INFO  ExecHelper - interestingness_test /opt/reduce/rtx_4070/syn_memory_converge_atomic/variant_340.comp reduction_results/rtx_4070/syn_memory_converge_atomic/variant_340/variant_340.json
19:45:15.580 INFO  StreamGobblerLogger - stderr.env: ‘interestingness_test’: No such file or directory
19:45:15.580 INFO  ExecHelper - Result: 127
19:45:15.580 INFO  CustomFileJudge - Custom file judge result: 127
19:45:15.580 INFO  ReductionDriver - Result from initial state is not interesting (attempt 2)
19:45:15.581 INFO  ExecHelper - interestingness_test /opt/reduce/rtx_4070/syn_memory_converge_atomic/variant_340.comp reduction_results/rtx_4070/syn_memory_converge_atomic/variant_340/variant_340.json
19:45:15.582 INFO  StreamGobblerLogger - stderr.env: ‘interestingness_test’: No such file or directory
19:45:15.582 INFO  ExecHelper - Result: 127
19:45:15.583 INFO  CustomFileJudge - Custom file judge result: 127
19:45:15.583 INFO  ReductionDriver - Result from initial state is not interesting (attempt 3)
19:45:15.583 INFO  ExecHelper - interestingness_test /opt/reduce/rtx_4070/syn_memory_converge_atomic/variant_340.comp reduction_results/rtx_4070/syn_memory_converge_atomic/variant_340/variant_340.json
19:45:15.584 INFO  StreamGobblerLogger - stderr.env: ‘interestingness_test’: No such file or directory
19:45:15.584 INFO  ExecHelper - Result: 127
19:45:15.584 INFO  CustomFileJudge - Custom file judge result: 127
19:45:15.584 INFO  ReductionDriver - Result from initial state is not interesting (attempt 4)
19:45:15.585 INFO  ExecHelper - interestingness_test /opt/reduce/rtx_4070/syn_memory_converge_atomic/variant_340.comp reduction_results/rtx_4070/syn_memory_converge_atomic/variant_340/variant_340.json
19:45:15.586 INFO  StreamGobblerLogger - stderr.env: ‘interestingness_test’: No such file or directory
19:45:15.587 INFO  ExecHelper - Result: 127
19:45:15.587 INFO  CustomFileJudge - Custom file judge result: 127
19:45:15.587 INFO  ReductionDriver - Result from initial state is not interesting (attempt 5)
19:45:15.587 INFO  ReductionDriver - Tried 5 times; stopping.
Reduction command: java -ea -cp /opt/graphicsfuzz/graphicsfuzz/target/graphicsfuzz/python/drivers/../../jar/tool-1.0.jar com.graphicsfuzz.reducer.tool.GlslReduce /opt/reduce/rtx_4070/syn_memory_converge_atomic/variant_340.json interestingness_test --output reduction_results/rtx_4070/syn_memory_converge_atomic/variant_340 /opt/reduce/rtx_4070/syn_memory_converge_atomic/variant_340.comp
