18:40:00.980 INFO  ExecHelper - /opt/graphicsfuzz/graphicsfuzz/target/graphicsfuzz/bin/Linux/glslangValidator -E --stdin -S comp
18:40:01.036 INFO  ExecHelper - Result: 0
18:40:01.320 INFO  ReductionDriver - Starting reduction for variant_903
18:40:01.404 INFO  ExecHelper - interestingness_test /opt/reduce/cezanne_radeon_vega/syn_memory_converge_atomic/variant_903.comp reduction_results/cezanne_radeon_vega/syn_memory_converge_atomic/variant_903/variant_903.json
18:40:01.406 INFO  StreamGobblerLogger - stderr.env: ‘interestingness_test’: No such file or directory
18:40:01.407 INFO  ExecHelper - Result: 127
18:40:01.407 INFO  CustomFileJudge - Custom file judge result: 127
18:40:01.407 INFO  ReductionDriver - Result from initial state is not interesting (attempt 1)
18:40:01.478 INFO  ExecHelper - interestingness_test /opt/reduce/cezanne_radeon_vega/syn_memory_converge_atomic/variant_903.comp reduction_results/cezanne_radeon_vega/syn_memory_converge_atomic/variant_903/variant_903.json
18:40:01.479 INFO  StreamGobblerLogger - stderr.env: ‘interestingness_test’: No such file or directory
18:40:01.480 INFO  ExecHelper - Result: 127
18:40:01.480 INFO  CustomFileJudge - Custom file judge result: 127
18:40:01.480 INFO  ReductionDriver - Result from initial state is not interesting (attempt 2)
18:40:01.547 INFO  ExecHelper - interestingness_test /opt/reduce/cezanne_radeon_vega/syn_memory_converge_atomic/variant_903.comp reduction_results/cezanne_radeon_vega/syn_memory_converge_atomic/variant_903/variant_903.json
18:40:01.549 INFO  StreamGobblerLogger - stderr.env: ‘interestingness_test’: No such file or directory
18:40:01.549 INFO  ExecHelper - Result: 127
18:40:01.549 INFO  CustomFileJudge - Custom file judge result: 127
18:40:01.549 INFO  ReductionDriver - Result from initial state is not interesting (attempt 3)
18:40:01.615 INFO  ExecHelper - interestingness_test /opt/reduce/cezanne_radeon_vega/syn_memory_converge_atomic/variant_903.comp reduction_results/cezanne_radeon_vega/syn_memory_converge_atomic/variant_903/variant_903.json
18:40:01.617 INFO  StreamGobblerLogger - stderr.env: ‘interestingness_test’: No such file or directory
18:40:01.617 INFO  ExecHelper - Result: 127
18:40:01.618 INFO  CustomFileJudge - Custom file judge result: 127
18:40:01.618 INFO  ReductionDriver - Result from initial state is not interesting (attempt 4)
18:40:01.683 INFO  ExecHelper - interestingness_test /opt/reduce/cezanne_radeon_vega/syn_memory_converge_atomic/variant_903.comp reduction_results/cezanne_radeon_vega/syn_memory_converge_atomic/variant_903/variant_903.json
18:40:01.685 INFO  StreamGobblerLogger - stderr.env: ‘interestingness_test’: No such file or directory
18:40:01.685 INFO  ExecHelper - Result: 127
18:40:01.685 INFO  CustomFileJudge - Custom file judge result: 127
18:40:01.685 INFO  ReductionDriver - Result from initial state is not interesting (attempt 5)
18:40:01.685 INFO  ReductionDriver - Tried 5 times; stopping.
Reduction command: java -ea -cp /opt/graphicsfuzz/graphicsfuzz/target/graphicsfuzz/python/drivers/../../jar/tool-1.0.jar com.graphicsfuzz.reducer.tool.GlslReduce /opt/reduce/cezanne_radeon_vega/syn_memory_converge_atomic/variant_903.json interestingness_test --output reduction_results/cezanne_radeon_vega/syn_memory_converge_atomic/variant_903 /opt/reduce/cezanne_radeon_vega/syn_memory_converge_atomic/variant_903.comp
