19:45:07.164 INFO  ExecHelper - /opt/graphicsfuzz/graphicsfuzz/target/graphicsfuzz/bin/Linux/glslangValidator -E --stdin -S comp
19:45:07.215 INFO  ExecHelper - Result: 0
19:45:07.307 INFO  ReductionDriver - Starting reduction for variant_330
19:45:07.324 INFO  ExecHelper - interestingness_test /opt/reduce/rtx_4070/syn_memory_converge_atomic/variant_330.comp reduction_results/rtx_4070/syn_memory_converge_atomic/variant_330/variant_330.json
19:45:07.326 INFO  StreamGobblerLogger - stderr.env: ‘interestingness_test’: No such file or directory
19:45:07.327 INFO  ExecHelper - Result: 127
19:45:07.327 INFO  CustomFileJudge - Custom file judge result: 127
19:45:07.327 INFO  ReductionDriver - Result from initial state is not interesting (attempt 1)
19:45:07.333 INFO  ExecHelper - interestingness_test /opt/reduce/rtx_4070/syn_memory_converge_atomic/variant_330.comp reduction_results/rtx_4070/syn_memory_converge_atomic/variant_330/variant_330.json
19:45:07.334 INFO  StreamGobblerLogger - stderr.env: ‘interestingness_test’: No such file or directory
19:45:07.335 INFO  ExecHelper - Result: 127
19:45:07.335 INFO  CustomFileJudge - Custom file judge result: 127
19:45:07.335 INFO  ReductionDriver - Result from initial state is not interesting (attempt 2)
19:45:07.337 INFO  ExecHelper - interestingness_test /opt/reduce/rtx_4070/syn_memory_converge_atomic/variant_330.comp reduction_results/rtx_4070/syn_memory_converge_atomic/variant_330/variant_330.json
19:45:07.338 INFO  StreamGobblerLogger - stderr.env: ‘interestingness_test’: No such file or directory
19:45:07.339 INFO  ExecHelper - Result: 127
19:45:07.339 INFO  CustomFileJudge - Custom file judge result: 127
19:45:07.339 INFO  ReductionDriver - Result from initial state is not interesting (attempt 3)
19:45:07.341 INFO  ExecHelper - interestingness_test /opt/reduce/rtx_4070/syn_memory_converge_atomic/variant_330.comp reduction_results/rtx_4070/syn_memory_converge_atomic/variant_330/variant_330.json
19:45:07.342 INFO  StreamGobblerLogger - stderr.env: ‘interestingness_test’: No such file or directory
19:45:07.343 INFO  ExecHelper - Result: 127
19:45:07.343 INFO  CustomFileJudge - Custom file judge result: 127
19:45:07.343 INFO  ReductionDriver - Result from initial state is not interesting (attempt 4)
19:45:07.344 INFO  ExecHelper - interestingness_test /opt/reduce/rtx_4070/syn_memory_converge_atomic/variant_330.comp reduction_results/rtx_4070/syn_memory_converge_atomic/variant_330/variant_330.json
19:45:07.346 INFO  StreamGobblerLogger - stderr.env: ‘interestingness_test’: No such file or directory
19:45:07.346 INFO  ExecHelper - Result: 127
19:45:07.346 INFO  CustomFileJudge - Custom file judge result: 127
19:45:07.346 INFO  ReductionDriver - Result from initial state is not interesting (attempt 5)
19:45:07.346 INFO  ReductionDriver - Tried 5 times; stopping.
Reduction command: java -ea -cp /opt/graphicsfuzz/graphicsfuzz/target/graphicsfuzz/python/drivers/../../jar/tool-1.0.jar com.graphicsfuzz.reducer.tool.GlslReduce /opt/reduce/rtx_4070/syn_memory_converge_atomic/variant_330.json interestingness_test --output reduction_results/rtx_4070/syn_memory_converge_atomic/variant_330 /opt/reduce/rtx_4070/syn_memory_converge_atomic/variant_330.comp
