19:15:18.523 INFO  ExecHelper - /opt/graphicsfuzz/graphicsfuzz/target/graphicsfuzz/bin/Linux/glslangValidator -E --stdin -S comp
19:15:18.675 INFO  ExecHelper - Result: 0
19:15:19.528 INFO  ReductionDriver - Starting reduction for variant_748
19:15:19.551 INFO  ExecHelper - interestingness_test /opt/reduce/intel_iris_xe_graphics/syn_memory_converge_atomic/variant_748.comp reduction_results/intel_iris_xe_graphics/syn_memory_converge_atomic/variant_748/variant_748.json
19:15:19.552 INFO  StreamGobblerLogger - stderr.env: ‘interestingness_test’: No such file or directory
19:15:19.553 INFO  ExecHelper - Result: 127
19:15:19.553 INFO  CustomFileJudge - Custom file judge result: 127
19:15:19.553 INFO  ReductionDriver - Result from initial state is not interesting (attempt 1)
19:15:19.568 INFO  ExecHelper - interestingness_test /opt/reduce/intel_iris_xe_graphics/syn_memory_converge_atomic/variant_748.comp reduction_results/intel_iris_xe_graphics/syn_memory_converge_atomic/variant_748/variant_748.json
19:15:19.569 INFO  StreamGobblerLogger - stderr.env: ‘interestingness_test’: No such file or directory
19:15:19.570 INFO  ExecHelper - Result: 127
19:15:19.570 INFO  CustomFileJudge - Custom file judge result: 127
19:15:19.570 INFO  ReductionDriver - Result from initial state is not interesting (attempt 2)
19:15:19.581 INFO  ExecHelper - interestingness_test /opt/reduce/intel_iris_xe_graphics/syn_memory_converge_atomic/variant_748.comp reduction_results/intel_iris_xe_graphics/syn_memory_converge_atomic/variant_748/variant_748.json
19:15:19.583 INFO  StreamGobblerLogger - stderr.env: ‘interestingness_test’: No such file or directory
19:15:19.583 INFO  ExecHelper - Result: 127
19:15:19.583 INFO  CustomFileJudge - Custom file judge result: 127
19:15:19.583 INFO  ReductionDriver - Result from initial state is not interesting (attempt 3)
19:15:19.594 INFO  ExecHelper - interestingness_test /opt/reduce/intel_iris_xe_graphics/syn_memory_converge_atomic/variant_748.comp reduction_results/intel_iris_xe_graphics/syn_memory_converge_atomic/variant_748/variant_748.json
19:15:19.595 INFO  StreamGobblerLogger - stderr.env: ‘interestingness_test’: No such file or directory
19:15:19.596 INFO  ExecHelper - Result: 127
19:15:19.596 INFO  CustomFileJudge - Custom file judge result: 127
19:15:19.596 INFO  ReductionDriver - Result from initial state is not interesting (attempt 4)
19:15:19.606 INFO  ExecHelper - interestingness_test /opt/reduce/intel_iris_xe_graphics/syn_memory_converge_atomic/variant_748.comp reduction_results/intel_iris_xe_graphics/syn_memory_converge_atomic/variant_748/variant_748.json
19:15:19.608 INFO  StreamGobblerLogger - stderr.env: ‘interestingness_test’: No such file or directory
19:15:19.608 INFO  ExecHelper - Result: 127
19:15:19.608 INFO  CustomFileJudge - Custom file judge result: 127
19:15:19.608 INFO  ReductionDriver - Result from initial state is not interesting (attempt 5)
19:15:19.608 INFO  ReductionDriver - Tried 5 times; stopping.
Reduction command: java -ea -cp /opt/graphicsfuzz/graphicsfuzz/target/graphicsfuzz/python/drivers/../../jar/tool-1.0.jar com.graphicsfuzz.reducer.tool.GlslReduce /opt/reduce/intel_iris_xe_graphics/syn_memory_converge_atomic/variant_748.json interestingness_test --output reduction_results/intel_iris_xe_graphics/syn_memory_converge_atomic/variant_748 /opt/reduce/intel_iris_xe_graphics/syn_memory_converge_atomic/variant_748.comp
