19:07:07.215 INFO  ExecHelper - /opt/graphicsfuzz/graphicsfuzz/target/graphicsfuzz/bin/Linux/glslangValidator -E --stdin -S comp
19:07:07.264 INFO  ExecHelper - Result: 0
19:07:07.426 INFO  ReductionDriver - Starting reduction for variant_208
19:07:07.444 INFO  ExecHelper - interestingness_test /opt/reduce/intel_iris_xe_graphics/syn_memory_converge_atomic/variant_208.comp reduction_results/intel_iris_xe_graphics/syn_memory_converge_atomic/variant_208/variant_208.json
19:07:07.446 INFO  StreamGobblerLogger - stderr.env: ‘interestingness_test’: No such file or directory
19:07:07.447 INFO  ExecHelper - Result: 127
19:07:07.447 INFO  CustomFileJudge - Custom file judge result: 127
19:07:07.447 INFO  ReductionDriver - Result from initial state is not interesting (attempt 1)
19:07:07.449 INFO  ExecHelper - interestingness_test /opt/reduce/intel_iris_xe_graphics/syn_memory_converge_atomic/variant_208.comp reduction_results/intel_iris_xe_graphics/syn_memory_converge_atomic/variant_208/variant_208.json
19:07:07.450 INFO  StreamGobblerLogger - stderr.env: ‘interestingness_test’: No such file or directory
19:07:07.451 INFO  ExecHelper - Result: 127
19:07:07.451 INFO  CustomFileJudge - Custom file judge result: 127
19:07:07.451 INFO  ReductionDriver - Result from initial state is not interesting (attempt 2)
19:07:07.453 INFO  ExecHelper - interestingness_test /opt/reduce/intel_iris_xe_graphics/syn_memory_converge_atomic/variant_208.comp reduction_results/intel_iris_xe_graphics/syn_memory_converge_atomic/variant_208/variant_208.json
19:07:07.454 INFO  StreamGobblerLogger - stderr.env: ‘interestingness_test’: No such file or directory
19:07:07.455 INFO  ExecHelper - Result: 127
19:07:07.455 INFO  CustomFileJudge - Custom file judge result: 127
19:07:07.455 INFO  ReductionDriver - Result from initial state is not interesting (attempt 3)
19:07:07.456 INFO  ExecHelper - interestingness_test /opt/reduce/intel_iris_xe_graphics/syn_memory_converge_atomic/variant_208.comp reduction_results/intel_iris_xe_graphics/syn_memory_converge_atomic/variant_208/variant_208.json
19:07:07.457 INFO  StreamGobblerLogger - stderr.env: ‘interestingness_test’: No such file or directory
19:07:07.458 INFO  ExecHelper - Result: 127
19:07:07.458 INFO  CustomFileJudge - Custom file judge result: 127
19:07:07.458 INFO  ReductionDriver - Result from initial state is not interesting (attempt 4)
19:07:07.460 INFO  ExecHelper - interestingness_test /opt/reduce/intel_iris_xe_graphics/syn_memory_converge_atomic/variant_208.comp reduction_results/intel_iris_xe_graphics/syn_memory_converge_atomic/variant_208/variant_208.json
19:07:07.461 INFO  StreamGobblerLogger - stderr.env: ‘interestingness_test’: No such file or directory
19:07:07.461 INFO  ExecHelper - Result: 127
19:07:07.461 INFO  CustomFileJudge - Custom file judge result: 127
19:07:07.461 INFO  ReductionDriver - Result from initial state is not interesting (attempt 5)
19:07:07.461 INFO  ReductionDriver - Tried 5 times; stopping.
Reduction command: java -ea -cp /opt/graphicsfuzz/graphicsfuzz/target/graphicsfuzz/python/drivers/../../jar/tool-1.0.jar com.graphicsfuzz.reducer.tool.GlslReduce /opt/reduce/intel_iris_xe_graphics/syn_memory_converge_atomic/variant_208.json interestingness_test --output reduction_results/intel_iris_xe_graphics/syn_memory_converge_atomic/variant_208 /opt/reduce/intel_iris_xe_graphics/syn_memory_converge_atomic/variant_208.comp
