19:50:48.034 INFO  ExecHelper - /opt/graphicsfuzz/graphicsfuzz/target/graphicsfuzz/bin/Linux/glslangValidator -E --stdin -S comp
19:50:48.090 INFO  ExecHelper - Result: 0
19:50:48.475 INFO  ReductionDriver - Starting reduction for variant_711
19:50:48.553 INFO  ExecHelper - interestingness_test /opt/reduce/rtx_4070/syn_memory_converge_atomic/variant_711.comp reduction_results/rtx_4070/syn_memory_converge_atomic/variant_711/variant_711.json
19:50:48.555 INFO  StreamGobblerLogger - stderr.env: ‘interestingness_test’: No such file or directory
19:50:48.555 INFO  ExecHelper - Result: 127
19:50:48.555 INFO  CustomFileJudge - Custom file judge result: 127
19:50:48.555 INFO  ReductionDriver - Result from initial state is not interesting (attempt 1)
19:50:48.621 INFO  ExecHelper - interestingness_test /opt/reduce/rtx_4070/syn_memory_converge_atomic/variant_711.comp reduction_results/rtx_4070/syn_memory_converge_atomic/variant_711/variant_711.json
19:50:48.623 INFO  StreamGobblerLogger - stderr.env: ‘interestingness_test’: No such file or directory
19:50:48.624 INFO  ExecHelper - Result: 127
19:50:48.624 INFO  CustomFileJudge - Custom file judge result: 127
19:50:48.624 INFO  ReductionDriver - Result from initial state is not interesting (attempt 2)
19:50:48.687 INFO  ExecHelper - interestingness_test /opt/reduce/rtx_4070/syn_memory_converge_atomic/variant_711.comp reduction_results/rtx_4070/syn_memory_converge_atomic/variant_711/variant_711.json
19:50:48.695 INFO  StreamGobblerLogger - stderr.env: ‘interestingness_test’: No such file or directory
19:50:48.696 INFO  ExecHelper - Result: 127
19:50:48.696 INFO  CustomFileJudge - Custom file judge result: 127
19:50:48.696 INFO  ReductionDriver - Result from initial state is not interesting (attempt 3)
19:50:48.757 INFO  ExecHelper - interestingness_test /opt/reduce/rtx_4070/syn_memory_converge_atomic/variant_711.comp reduction_results/rtx_4070/syn_memory_converge_atomic/variant_711/variant_711.json
19:50:48.758 INFO  StreamGobblerLogger - stderr.env: ‘interestingness_test’: No such file or directory
19:50:48.759 INFO  ExecHelper - Result: 127
19:50:48.759 INFO  CustomFileJudge - Custom file judge result: 127
19:50:48.759 INFO  ReductionDriver - Result from initial state is not interesting (attempt 4)
19:50:48.824 INFO  ExecHelper - interestingness_test /opt/reduce/rtx_4070/syn_memory_converge_atomic/variant_711.comp reduction_results/rtx_4070/syn_memory_converge_atomic/variant_711/variant_711.json
19:50:48.825 INFO  StreamGobblerLogger - stderr.env: ‘interestingness_test’: No such file or directory
19:50:48.826 INFO  ExecHelper - Result: 127
19:50:48.826 INFO  CustomFileJudge - Custom file judge result: 127
19:50:48.826 INFO  ReductionDriver - Result from initial state is not interesting (attempt 5)
19:50:48.826 INFO  ReductionDriver - Tried 5 times; stopping.
Reduction command: java -ea -cp /opt/graphicsfuzz/graphicsfuzz/target/graphicsfuzz/python/drivers/../../jar/tool-1.0.jar com.graphicsfuzz.reducer.tool.GlslReduce /opt/reduce/rtx_4070/syn_memory_converge_atomic/variant_711.json interestingness_test --output reduction_results/rtx_4070/syn_memory_converge_atomic/variant_711 /opt/reduce/rtx_4070/syn_memory_converge_atomic/variant_711.comp
