19:06:45.059 INFO  ExecHelper - /opt/graphicsfuzz/graphicsfuzz/target/graphicsfuzz/bin/Linux/glslangValidator -E --stdin -S comp
19:06:45.114 INFO  ExecHelper - Result: 0
19:06:45.376 INFO  ReductionDriver - Starting reduction for variant_185
19:06:45.467 INFO  ExecHelper - interestingness_test /opt/reduce/intel_iris_xe_graphics/syn_memory_converge_atomic/variant_185.comp reduction_results/intel_iris_xe_graphics/syn_memory_converge_atomic/variant_185/variant_185.json
19:06:45.469 INFO  StreamGobblerLogger - stderr.env: ‘interestingness_test’: No such file or directory
19:06:45.470 INFO  ExecHelper - Result: 127
19:06:45.470 INFO  CustomFileJudge - Custom file judge result: 127
19:06:45.470 INFO  ReductionDriver - Result from initial state is not interesting (attempt 1)
19:06:45.542 INFO  ExecHelper - interestingness_test /opt/reduce/intel_iris_xe_graphics/syn_memory_converge_atomic/variant_185.comp reduction_results/intel_iris_xe_graphics/syn_memory_converge_atomic/variant_185/variant_185.json
19:06:45.543 INFO  StreamGobblerLogger - stderr.env: ‘interestingness_test’: No such file or directory
19:06:45.544 INFO  ExecHelper - Result: 127
19:06:45.544 INFO  CustomFileJudge - Custom file judge result: 127
19:06:45.544 INFO  ReductionDriver - Result from initial state is not interesting (attempt 2)
19:06:45.611 INFO  ExecHelper - interestingness_test /opt/reduce/intel_iris_xe_graphics/syn_memory_converge_atomic/variant_185.comp reduction_results/intel_iris_xe_graphics/syn_memory_converge_atomic/variant_185/variant_185.json
19:06:45.613 INFO  StreamGobblerLogger - stderr.env: ‘interestingness_test’: No such file or directory
19:06:45.614 INFO  ExecHelper - Result: 127
19:06:45.614 INFO  CustomFileJudge - Custom file judge result: 127
19:06:45.614 INFO  ReductionDriver - Result from initial state is not interesting (attempt 3)
19:06:45.680 INFO  ExecHelper - interestingness_test /opt/reduce/intel_iris_xe_graphics/syn_memory_converge_atomic/variant_185.comp reduction_results/intel_iris_xe_graphics/syn_memory_converge_atomic/variant_185/variant_185.json
19:06:45.682 INFO  StreamGobblerLogger - stderr.env: ‘interestingness_test’: No such file or directory
19:06:45.683 INFO  ExecHelper - Result: 127
19:06:45.683 INFO  CustomFileJudge - Custom file judge result: 127
19:06:45.683 INFO  ReductionDriver - Result from initial state is not interesting (attempt 4)
19:06:45.749 INFO  ExecHelper - interestingness_test /opt/reduce/intel_iris_xe_graphics/syn_memory_converge_atomic/variant_185.comp reduction_results/intel_iris_xe_graphics/syn_memory_converge_atomic/variant_185/variant_185.json
19:06:45.750 INFO  StreamGobblerLogger - stderr.env: ‘interestingness_test’: No such file or directory
19:06:45.751 INFO  ExecHelper - Result: 127
19:06:45.751 INFO  CustomFileJudge - Custom file judge result: 127
19:06:45.751 INFO  ReductionDriver - Result from initial state is not interesting (attempt 5)
19:06:45.751 INFO  ReductionDriver - Tried 5 times; stopping.
Reduction command: java -ea -cp /opt/graphicsfuzz/graphicsfuzz/target/graphicsfuzz/python/drivers/../../jar/tool-1.0.jar com.graphicsfuzz.reducer.tool.GlslReduce /opt/reduce/intel_iris_xe_graphics/syn_memory_converge_atomic/variant_185.json interestingness_test --output reduction_results/intel_iris_xe_graphics/syn_memory_converge_atomic/variant_185 /opt/reduce/intel_iris_xe_graphics/syn_memory_converge_atomic/variant_185.comp
