19:45:06.646 INFO  ExecHelper - /opt/graphicsfuzz/graphicsfuzz/target/graphicsfuzz/bin/Linux/glslangValidator -E --stdin -S comp
19:45:06.695 INFO  ExecHelper - Result: 0
19:45:06.780 INFO  ReductionDriver - Starting reduction for variant_329
19:45:06.789 INFO  ExecHelper - interestingness_test /opt/reduce/rtx_4070/syn_memory_converge_atomic/variant_329.comp reduction_results/rtx_4070/syn_memory_converge_atomic/variant_329/variant_329.json
19:45:06.791 INFO  StreamGobblerLogger - stderr.env: ‘interestingness_test’: No such file or directory
19:45:06.791 INFO  ExecHelper - Result: 127
19:45:06.792 INFO  CustomFileJudge - Custom file judge result: 127
19:45:06.792 INFO  ReductionDriver - Result from initial state is not interesting (attempt 1)
19:45:06.795 INFO  ExecHelper - interestingness_test /opt/reduce/rtx_4070/syn_memory_converge_atomic/variant_329.comp reduction_results/rtx_4070/syn_memory_converge_atomic/variant_329/variant_329.json
19:45:06.796 INFO  StreamGobblerLogger - stderr.env: ‘interestingness_test’: No such file or directory
19:45:06.796 INFO  ExecHelper - Result: 127
19:45:06.796 INFO  CustomFileJudge - Custom file judge result: 127
19:45:06.796 INFO  ReductionDriver - Result from initial state is not interesting (attempt 2)
19:45:06.798 INFO  ExecHelper - interestingness_test /opt/reduce/rtx_4070/syn_memory_converge_atomic/variant_329.comp reduction_results/rtx_4070/syn_memory_converge_atomic/variant_329/variant_329.json
19:45:06.799 INFO  StreamGobblerLogger - stderr.env: ‘interestingness_test’: No such file or directory
19:45:06.799 INFO  ExecHelper - Result: 127
19:45:06.799 INFO  CustomFileJudge - Custom file judge result: 127
19:45:06.799 INFO  ReductionDriver - Result from initial state is not interesting (attempt 3)
19:45:06.801 INFO  ExecHelper - interestingness_test /opt/reduce/rtx_4070/syn_memory_converge_atomic/variant_329.comp reduction_results/rtx_4070/syn_memory_converge_atomic/variant_329/variant_329.json
19:45:06.802 INFO  StreamGobblerLogger - stderr.env: ‘interestingness_test’: No such file or directory
19:45:06.802 INFO  ExecHelper - Result: 127
19:45:06.803 INFO  CustomFileJudge - Custom file judge result: 127
19:45:06.803 INFO  ReductionDriver - Result from initial state is not interesting (attempt 4)
19:45:06.805 INFO  ExecHelper - interestingness_test /opt/reduce/rtx_4070/syn_memory_converge_atomic/variant_329.comp reduction_results/rtx_4070/syn_memory_converge_atomic/variant_329/variant_329.json
19:45:06.806 INFO  StreamGobblerLogger - stderr.env: ‘interestingness_test’: No such file or directory
19:45:06.806 INFO  ExecHelper - Result: 127
19:45:06.806 INFO  CustomFileJudge - Custom file judge result: 127
19:45:06.806 INFO  ReductionDriver - Result from initial state is not interesting (attempt 5)
19:45:06.806 INFO  ReductionDriver - Tried 5 times; stopping.
Reduction command: java -ea -cp /opt/graphicsfuzz/graphicsfuzz/target/graphicsfuzz/python/drivers/../../jar/tool-1.0.jar com.graphicsfuzz.reducer.tool.GlslReduce /opt/reduce/rtx_4070/syn_memory_converge_atomic/variant_329.json interestingness_test --output reduction_results/rtx_4070/syn_memory_converge_atomic/variant_329 /opt/reduce/rtx_4070/syn_memory_converge_atomic/variant_329.comp
