18:22:43.457 INFO  ExecHelper - /opt/graphicsfuzz/graphicsfuzz/target/graphicsfuzz/bin/Linux/glslangValidator -E --stdin -S comp
18:22:43.507 INFO  ExecHelper - Result: 0
18:22:43.589 INFO  ReductionDriver - Starting reduction for variant_651
18:22:43.599 INFO  ExecHelper - interestingness_test /opt/reduce/cezanne_radeon_vega/syn_memory_converge/variant_651.comp reduction_results/cezanne_radeon_vega/syn_memory_converge/variant_651/variant_651.json
18:22:43.600 INFO  StreamGobblerLogger - stderr.env: ‘interestingness_test’: No such file or directory
18:22:43.601 INFO  ExecHelper - Result: 127
18:22:43.601 INFO  CustomFileJudge - Custom file judge result: 127
18:22:43.601 INFO  ReductionDriver - Result from initial state is not interesting (attempt 1)
18:22:43.603 INFO  ExecHelper - interestingness_test /opt/reduce/cezanne_radeon_vega/syn_memory_converge/variant_651.comp reduction_results/cezanne_radeon_vega/syn_memory_converge/variant_651/variant_651.json
18:22:43.603 INFO  StreamGobblerLogger - stderr.env: ‘interestingness_test’: No such file or directory
18:22:43.604 INFO  ExecHelper - Result: 127
18:22:43.604 INFO  CustomFileJudge - Custom file judge result: 127
18:22:43.604 INFO  ReductionDriver - Result from initial state is not interesting (attempt 2)
18:22:43.606 INFO  ExecHelper - interestingness_test /opt/reduce/cezanne_radeon_vega/syn_memory_converge/variant_651.comp reduction_results/cezanne_radeon_vega/syn_memory_converge/variant_651/variant_651.json
18:22:43.607 INFO  StreamGobblerLogger - stderr.env: ‘interestingness_test’: No such file or directory
18:22:43.607 INFO  ExecHelper - Result: 127
18:22:43.607 INFO  CustomFileJudge - Custom file judge result: 127
18:22:43.607 INFO  ReductionDriver - Result from initial state is not interesting (attempt 3)
18:22:43.609 INFO  ExecHelper - interestingness_test /opt/reduce/cezanne_radeon_vega/syn_memory_converge/variant_651.comp reduction_results/cezanne_radeon_vega/syn_memory_converge/variant_651/variant_651.json
18:22:43.610 INFO  StreamGobblerLogger - stderr.env: ‘interestingness_test’: No such file or directory
18:22:43.610 INFO  ExecHelper - Result: 127
18:22:43.610 INFO  CustomFileJudge - Custom file judge result: 127
18:22:43.610 INFO  ReductionDriver - Result from initial state is not interesting (attempt 4)
18:22:43.612 INFO  ExecHelper - interestingness_test /opt/reduce/cezanne_radeon_vega/syn_memory_converge/variant_651.comp reduction_results/cezanne_radeon_vega/syn_memory_converge/variant_651/variant_651.json
18:22:43.613 INFO  StreamGobblerLogger - stderr.env: ‘interestingness_test’: No such file or directory
18:22:43.614 INFO  ExecHelper - Result: 127
18:22:43.614 INFO  CustomFileJudge - Custom file judge result: 127
18:22:43.614 INFO  ReductionDriver - Result from initial state is not interesting (attempt 5)
18:22:43.614 INFO  ReductionDriver - Tried 5 times; stopping.
Reduction command: java -ea -cp /opt/graphicsfuzz/graphicsfuzz/target/graphicsfuzz/python/drivers/../../jar/tool-1.0.jar com.graphicsfuzz.reducer.tool.GlslReduce /opt/reduce/cezanne_radeon_vega/syn_memory_converge/variant_651.json interestingness_test --output reduction_results/cezanne_radeon_vega/syn_memory_converge/variant_651 /opt/reduce/cezanne_radeon_vega/syn_memory_converge/variant_651.comp
