19:17:37.948 INFO  ExecHelper - /opt/graphicsfuzz/graphicsfuzz/target/graphicsfuzz/bin/Linux/glslangValidator -E --stdin -S comp
19:17:38.007 INFO  ExecHelper - Result: 0
19:17:38.399 INFO  ReductionDriver - Starting reduction for variant_906
19:17:38.542 INFO  ExecHelper - interestingness_test /opt/reduce/intel_iris_xe_graphics/syn_memory_converge_atomic/variant_906.comp reduction_results/intel_iris_xe_graphics/syn_memory_converge_atomic/variant_906/variant_906.json
19:17:38.551 INFO  StreamGobblerLogger - stderr.env: ‘interestingness_test’: No such file or directory
19:17:38.552 INFO  ExecHelper - Result: 127
19:17:38.552 INFO  CustomFileJudge - Custom file judge result: 127
19:17:38.552 INFO  ReductionDriver - Result from initial state is not interesting (attempt 1)
19:17:38.672 INFO  ExecHelper - interestingness_test /opt/reduce/intel_iris_xe_graphics/syn_memory_converge_atomic/variant_906.comp reduction_results/intel_iris_xe_graphics/syn_memory_converge_atomic/variant_906/variant_906.json
19:17:38.673 INFO  StreamGobblerLogger - stderr.env: ‘interestingness_test’: No such file or directory
19:17:38.674 INFO  ExecHelper - Result: 127
19:17:38.674 INFO  CustomFileJudge - Custom file judge result: 127
19:17:38.674 INFO  ReductionDriver - Result from initial state is not interesting (attempt 2)
19:17:38.793 INFO  ExecHelper - interestingness_test /opt/reduce/intel_iris_xe_graphics/syn_memory_converge_atomic/variant_906.comp reduction_results/intel_iris_xe_graphics/syn_memory_converge_atomic/variant_906/variant_906.json
19:17:38.794 INFO  StreamGobblerLogger - stderr.env: ‘interestingness_test’: No such file or directory
19:17:38.794 INFO  ExecHelper - Result: 127
19:17:38.794 INFO  CustomFileJudge - Custom file judge result: 127
19:17:38.795 INFO  ReductionDriver - Result from initial state is not interesting (attempt 3)
19:17:38.903 INFO  ExecHelper - interestingness_test /opt/reduce/intel_iris_xe_graphics/syn_memory_converge_atomic/variant_906.comp reduction_results/intel_iris_xe_graphics/syn_memory_converge_atomic/variant_906/variant_906.json
19:17:38.905 INFO  StreamGobblerLogger - stderr.env: ‘interestingness_test’: No such file or directory
19:17:38.905 INFO  ExecHelper - Result: 127
19:17:38.905 INFO  CustomFileJudge - Custom file judge result: 127
19:17:38.905 INFO  ReductionDriver - Result from initial state is not interesting (attempt 4)
19:17:39.013 INFO  ExecHelper - interestingness_test /opt/reduce/intel_iris_xe_graphics/syn_memory_converge_atomic/variant_906.comp reduction_results/intel_iris_xe_graphics/syn_memory_converge_atomic/variant_906/variant_906.json
19:17:39.014 INFO  StreamGobblerLogger - stderr.env: ‘interestingness_test’: No such file or directory
19:17:39.015 INFO  ExecHelper - Result: 127
19:17:39.015 INFO  CustomFileJudge - Custom file judge result: 127
19:17:39.015 INFO  ReductionDriver - Result from initial state is not interesting (attempt 5)
19:17:39.015 INFO  ReductionDriver - Tried 5 times; stopping.
Reduction command: java -ea -cp /opt/graphicsfuzz/graphicsfuzz/target/graphicsfuzz/python/drivers/../../jar/tool-1.0.jar com.graphicsfuzz.reducer.tool.GlslReduce /opt/reduce/intel_iris_xe_graphics/syn_memory_converge_atomic/variant_906.json interestingness_test --output reduction_results/intel_iris_xe_graphics/syn_memory_converge_atomic/variant_906 /opt/reduce/intel_iris_xe_graphics/syn_memory_converge_atomic/variant_906.comp
