18:43:46.563 INFO  ExecHelper - /opt/graphicsfuzz/graphicsfuzz/target/graphicsfuzz/bin/Linux/glslangValidator -E --stdin -S comp
18:43:46.800 INFO  ExecHelper - Result: 0
18:43:47.273 INFO  ReductionDriver - Starting reduction for variant_337
18:43:47.285 INFO  ExecHelper - interestingness_test /opt/reduce/intel_iris_xe_graphics/syn_branch_syn/variant_337.comp reduction_results/intel_iris_xe_graphics/syn_branch_syn/variant_337/variant_337.json
18:43:47.286 INFO  StreamGobblerLogger - stderr.env: ‘interestingness_test’: No such file or directory
18:43:47.286 INFO  ExecHelper - Result: 127
18:43:47.287 INFO  CustomFileJudge - Custom file judge result: 127
18:43:47.287 INFO  ReductionDriver - Result from initial state is not interesting (attempt 1)
18:43:47.296 INFO  ExecHelper - interestingness_test /opt/reduce/intel_iris_xe_graphics/syn_branch_syn/variant_337.comp reduction_results/intel_iris_xe_graphics/syn_branch_syn/variant_337/variant_337.json
18:43:47.297 INFO  StreamGobblerLogger - stderr.env: ‘interestingness_test’: No such file or directory
18:43:47.298 INFO  ExecHelper - Result: 127
18:43:47.298 INFO  CustomFileJudge - Custom file judge result: 127
18:43:47.298 INFO  ReductionDriver - Result from initial state is not interesting (attempt 2)
18:43:47.302 INFO  ExecHelper - interestingness_test /opt/reduce/intel_iris_xe_graphics/syn_branch_syn/variant_337.comp reduction_results/intel_iris_xe_graphics/syn_branch_syn/variant_337/variant_337.json
18:43:47.303 INFO  StreamGobblerLogger - stderr.env: ‘interestingness_test’: No such file or directory
18:43:47.303 INFO  ExecHelper - Result: 127
18:43:47.303 INFO  CustomFileJudge - Custom file judge result: 127
18:43:47.303 INFO  ReductionDriver - Result from initial state is not interesting (attempt 3)
18:43:47.306 INFO  ExecHelper - interestingness_test /opt/reduce/intel_iris_xe_graphics/syn_branch_syn/variant_337.comp reduction_results/intel_iris_xe_graphics/syn_branch_syn/variant_337/variant_337.json
18:43:47.307 INFO  StreamGobblerLogger - stderr.env: ‘interestingness_test’: No such file or directory
18:43:47.308 INFO  ExecHelper - Result: 127
18:43:47.308 INFO  CustomFileJudge - Custom file judge result: 127
18:43:47.308 INFO  ReductionDriver - Result from initial state is not interesting (attempt 4)
18:43:47.310 INFO  ExecHelper - interestingness_test /opt/reduce/intel_iris_xe_graphics/syn_branch_syn/variant_337.comp reduction_results/intel_iris_xe_graphics/syn_branch_syn/variant_337/variant_337.json
18:43:47.311 INFO  StreamGobblerLogger - stderr.env: ‘interestingness_test’: No such file or directory
18:43:47.312 INFO  ExecHelper - Result: 127
18:43:47.312 INFO  CustomFileJudge - Custom file judge result: 127
18:43:47.312 INFO  ReductionDriver - Result from initial state is not interesting (attempt 5)
18:43:47.312 INFO  ReductionDriver - Tried 5 times; stopping.
Reduction command: java -ea -cp /opt/graphicsfuzz/graphicsfuzz/target/graphicsfuzz/python/drivers/../../jar/tool-1.0.jar com.graphicsfuzz.reducer.tool.GlslReduce /opt/reduce/intel_iris_xe_graphics/syn_branch_syn/variant_337.json interestingness_test --output reduction_results/intel_iris_xe_graphics/syn_branch_syn/variant_337 /opt/reduce/intel_iris_xe_graphics/syn_branch_syn/variant_337.comp
