18:15:11.277 INFO  ExecHelper - /opt/graphicsfuzz/graphicsfuzz/target/graphicsfuzz/bin/Linux/glslangValidator -E --stdin -S comp
18:15:11.327 INFO  ExecHelper - Result: 0
18:15:11.405 INFO  ReductionDriver - Starting reduction for variant_103
18:15:11.414 INFO  ExecHelper - interestingness_test /opt/reduce/cezanne_radeon_vega/syn_memory_converge/variant_103.comp reduction_results/cezanne_radeon_vega/syn_memory_converge/variant_103/variant_103.json
18:15:11.415 INFO  StreamGobblerLogger - stderr.env: ‘interestingness_test’: No such file or directory
18:15:11.416 INFO  ExecHelper - Result: 127
18:15:11.416 INFO  CustomFileJudge - Custom file judge result: 127
18:15:11.416 INFO  ReductionDriver - Result from initial state is not interesting (attempt 1)
18:15:11.418 INFO  ExecHelper - interestingness_test /opt/reduce/cezanne_radeon_vega/syn_memory_converge/variant_103.comp reduction_results/cezanne_radeon_vega/syn_memory_converge/variant_103/variant_103.json
18:15:11.419 INFO  StreamGobblerLogger - stderr.env: ‘interestingness_test’: No such file or directory
18:15:11.420 INFO  ExecHelper - Result: 127
18:15:11.420 INFO  CustomFileJudge - Custom file judge result: 127
18:15:11.420 INFO  ReductionDriver - Result from initial state is not interesting (attempt 2)
18:15:11.421 INFO  ExecHelper - interestingness_test /opt/reduce/cezanne_radeon_vega/syn_memory_converge/variant_103.comp reduction_results/cezanne_radeon_vega/syn_memory_converge/variant_103/variant_103.json
18:15:11.422 INFO  StreamGobblerLogger - stderr.env: ‘interestingness_test’: No such file or directory
18:15:11.423 INFO  ExecHelper - Result: 127
18:15:11.423 INFO  CustomFileJudge - Custom file judge result: 127
18:15:11.423 INFO  ReductionDriver - Result from initial state is not interesting (attempt 3)
18:15:11.424 INFO  ExecHelper - interestingness_test /opt/reduce/cezanne_radeon_vega/syn_memory_converge/variant_103.comp reduction_results/cezanne_radeon_vega/syn_memory_converge/variant_103/variant_103.json
18:15:11.425 INFO  StreamGobblerLogger - stderr.env: ‘interestingness_test’: No such file or directory
18:15:11.425 INFO  ExecHelper - Result: 127
18:15:11.425 INFO  CustomFileJudge - Custom file judge result: 127
18:15:11.425 INFO  ReductionDriver - Result from initial state is not interesting (attempt 4)
18:15:11.427 INFO  ExecHelper - interestingness_test /opt/reduce/cezanne_radeon_vega/syn_memory_converge/variant_103.comp reduction_results/cezanne_radeon_vega/syn_memory_converge/variant_103/variant_103.json
18:15:11.428 INFO  StreamGobblerLogger - stderr.env: ‘interestingness_test’: No such file or directory
18:15:11.428 INFO  ExecHelper - Result: 127
18:15:11.428 INFO  CustomFileJudge - Custom file judge result: 127
18:15:11.428 INFO  ReductionDriver - Result from initial state is not interesting (attempt 5)
18:15:11.428 INFO  ReductionDriver - Tried 5 times; stopping.
Reduction command: java -ea -cp /opt/graphicsfuzz/graphicsfuzz/target/graphicsfuzz/python/drivers/../../jar/tool-1.0.jar com.graphicsfuzz.reducer.tool.GlslReduce /opt/reduce/cezanne_radeon_vega/syn_memory_converge/variant_103.json interestingness_test --output reduction_results/cezanne_radeon_vega/syn_memory_converge/variant_103 /opt/reduce/cezanne_radeon_vega/syn_memory_converge/variant_103.comp
