18:46:43.572 INFO  ExecHelper - /opt/graphicsfuzz/graphicsfuzz/target/graphicsfuzz/bin/Linux/glslangValidator -E --stdin -S comp
18:46:43.623 INFO  ExecHelper - Result: 0
18:46:43.757 INFO  ReductionDriver - Starting reduction for variant_882
18:46:43.778 INFO  ExecHelper - interestingness_test /opt/reduce/intel_iris_xe_graphics/syn_branch_syn_release/variant_882.comp reduction_results/intel_iris_xe_graphics/syn_branch_syn_release/variant_882/variant_882.json
18:46:43.780 INFO  StreamGobblerLogger - stderr.env: ‘interestingness_test’: No such file or directory
18:46:43.780 INFO  ExecHelper - Result: 127
18:46:43.780 INFO  CustomFileJudge - Custom file judge result: 127
18:46:43.780 INFO  ReductionDriver - Result from initial state is not interesting (attempt 1)
18:46:43.796 INFO  ExecHelper - interestingness_test /opt/reduce/intel_iris_xe_graphics/syn_branch_syn_release/variant_882.comp reduction_results/intel_iris_xe_graphics/syn_branch_syn_release/variant_882/variant_882.json
18:46:43.797 INFO  StreamGobblerLogger - stderr.env: ‘interestingness_test’: No such file or directory
18:46:43.798 INFO  ExecHelper - Result: 127
18:46:43.798 INFO  CustomFileJudge - Custom file judge result: 127
18:46:43.798 INFO  ReductionDriver - Result from initial state is not interesting (attempt 2)
18:46:43.805 INFO  ExecHelper - interestingness_test /opt/reduce/intel_iris_xe_graphics/syn_branch_syn_release/variant_882.comp reduction_results/intel_iris_xe_graphics/syn_branch_syn_release/variant_882/variant_882.json
18:46:43.806 INFO  StreamGobblerLogger - stderr.env: ‘interestingness_test’: No such file or directory
18:46:43.807 INFO  ExecHelper - Result: 127
18:46:43.807 INFO  CustomFileJudge - Custom file judge result: 127
18:46:43.807 INFO  ReductionDriver - Result from initial state is not interesting (attempt 3)
18:46:43.813 INFO  ExecHelper - interestingness_test /opt/reduce/intel_iris_xe_graphics/syn_branch_syn_release/variant_882.comp reduction_results/intel_iris_xe_graphics/syn_branch_syn_release/variant_882/variant_882.json
18:46:43.814 INFO  StreamGobblerLogger - stderr.env: ‘interestingness_test’: No such file or directory
18:46:43.814 INFO  ExecHelper - Result: 127
18:46:43.814 INFO  CustomFileJudge - Custom file judge result: 127
18:46:43.815 INFO  ReductionDriver - Result from initial state is not interesting (attempt 4)
18:46:43.821 INFO  ExecHelper - interestingness_test /opt/reduce/intel_iris_xe_graphics/syn_branch_syn_release/variant_882.comp reduction_results/intel_iris_xe_graphics/syn_branch_syn_release/variant_882/variant_882.json
18:46:43.822 INFO  StreamGobblerLogger - stderr.env: ‘interestingness_test’: No such file or directory
18:46:43.823 INFO  ExecHelper - Result: 127
18:46:43.823 INFO  CustomFileJudge - Custom file judge result: 127
18:46:43.823 INFO  ReductionDriver - Result from initial state is not interesting (attempt 5)
18:46:43.823 INFO  ReductionDriver - Tried 5 times; stopping.
Reduction command: java -ea -cp /opt/graphicsfuzz/graphicsfuzz/target/graphicsfuzz/python/drivers/../../jar/tool-1.0.jar com.graphicsfuzz.reducer.tool.GlslReduce /opt/reduce/intel_iris_xe_graphics/syn_branch_syn_release/variant_882.json interestingness_test --output reduction_results/intel_iris_xe_graphics/syn_branch_syn_release/variant_882 /opt/reduce/intel_iris_xe_graphics/syn_branch_syn_release/variant_882.comp
