19:23:23.407 INFO  ExecHelper - /opt/graphicsfuzz/graphicsfuzz/target/graphicsfuzz/bin/Linux/glslangValidator -E --stdin -S comp
19:23:23.569 INFO  ExecHelper - Result: 0
19:23:24.147 INFO  ReductionDriver - Starting reduction for variant_635
19:23:24.163 INFO  ExecHelper - interestingness_test /opt/reduce/rtx_4070/syn_branch_syn/variant_635.comp reduction_results/rtx_4070/syn_branch_syn/variant_635/variant_635.json
19:23:24.164 INFO  StreamGobblerLogger - stderr.env: ‘interestingness_test’: No such file or directory
19:23:24.165 INFO  ExecHelper - Result: 127
19:23:24.165 INFO  CustomFileJudge - Custom file judge result: 127
19:23:24.165 INFO  ReductionDriver - Result from initial state is not interesting (attempt 1)
19:23:24.172 INFO  ExecHelper - interestingness_test /opt/reduce/rtx_4070/syn_branch_syn/variant_635.comp reduction_results/rtx_4070/syn_branch_syn/variant_635/variant_635.json
19:23:24.173 INFO  StreamGobblerLogger - stderr.env: ‘interestingness_test’: No such file or directory
19:23:24.174 INFO  ExecHelper - Result: 127
19:23:24.174 INFO  CustomFileJudge - Custom file judge result: 127
19:23:24.174 INFO  ReductionDriver - Result from initial state is not interesting (attempt 2)
19:23:24.180 INFO  ExecHelper - interestingness_test /opt/reduce/rtx_4070/syn_branch_syn/variant_635.comp reduction_results/rtx_4070/syn_branch_syn/variant_635/variant_635.json
19:23:24.181 INFO  StreamGobblerLogger - stderr.env: ‘interestingness_test’: No such file or directory
19:23:24.182 INFO  ExecHelper - Result: 127
19:23:24.182 INFO  CustomFileJudge - Custom file judge result: 127
19:23:24.182 INFO  ReductionDriver - Result from initial state is not interesting (attempt 3)
19:23:24.187 INFO  ExecHelper - interestingness_test /opt/reduce/rtx_4070/syn_branch_syn/variant_635.comp reduction_results/rtx_4070/syn_branch_syn/variant_635/variant_635.json
19:23:24.188 INFO  StreamGobblerLogger - stderr.env: ‘interestingness_test’: No such file or directory
19:23:24.188 INFO  ExecHelper - Result: 127
19:23:24.188 INFO  CustomFileJudge - Custom file judge result: 127
19:23:24.188 INFO  ReductionDriver - Result from initial state is not interesting (attempt 4)
19:23:24.199 INFO  ExecHelper - interestingness_test /opt/reduce/rtx_4070/syn_branch_syn/variant_635.comp reduction_results/rtx_4070/syn_branch_syn/variant_635/variant_635.json
19:23:24.200 INFO  StreamGobblerLogger - stderr.env: ‘interestingness_test’: No such file or directory
19:23:24.201 INFO  ExecHelper - Result: 127
19:23:24.201 INFO  CustomFileJudge - Custom file judge result: 127
19:23:24.201 INFO  ReductionDriver - Result from initial state is not interesting (attempt 5)
19:23:24.201 INFO  ReductionDriver - Tried 5 times; stopping.
Reduction command: java -ea -cp /opt/graphicsfuzz/graphicsfuzz/target/graphicsfuzz/python/drivers/../../jar/tool-1.0.jar com.graphicsfuzz.reducer.tool.GlslReduce /opt/reduce/rtx_4070/syn_branch_syn/variant_635.json interestingness_test --output reduction_results/rtx_4070/syn_branch_syn/variant_635 /opt/reduce/rtx_4070/syn_branch_syn/variant_635.comp
