19:02:23.168 INFO  ExecHelper - /opt/graphicsfuzz/graphicsfuzz/target/graphicsfuzz/bin/Linux/glslangValidator -E --stdin -S comp
19:02:23.224 INFO  ExecHelper - Result: 0
19:02:23.530 INFO  ReductionDriver - Starting reduction for variant_874
19:02:23.643 INFO  ExecHelper - interestingness_test /opt/reduce/intel_iris_xe_graphics/syn_memory_converge/variant_874.comp reduction_results/intel_iris_xe_graphics/syn_memory_converge/variant_874/variant_874.json
19:02:23.646 INFO  StreamGobblerLogger - stderr.env: ‘interestingness_test’: No such file or directory
19:02:23.646 INFO  ExecHelper - Result: 127
19:02:23.646 INFO  CustomFileJudge - Custom file judge result: 127
19:02:23.646 INFO  ReductionDriver - Result from initial state is not interesting (attempt 1)
19:02:23.726 INFO  ExecHelper - interestingness_test /opt/reduce/intel_iris_xe_graphics/syn_memory_converge/variant_874.comp reduction_results/intel_iris_xe_graphics/syn_memory_converge/variant_874/variant_874.json
19:02:23.727 INFO  StreamGobblerLogger - stderr.env: ‘interestingness_test’: No such file or directory
19:02:23.728 INFO  ExecHelper - Result: 127
19:02:23.728 INFO  CustomFileJudge - Custom file judge result: 127
19:02:23.728 INFO  ReductionDriver - Result from initial state is not interesting (attempt 2)
19:02:23.803 INFO  ExecHelper - interestingness_test /opt/reduce/intel_iris_xe_graphics/syn_memory_converge/variant_874.comp reduction_results/intel_iris_xe_graphics/syn_memory_converge/variant_874/variant_874.json
19:02:23.804 INFO  StreamGobblerLogger - stderr.env: ‘interestingness_test’: No such file or directory
19:02:23.805 INFO  ExecHelper - Result: 127
19:02:23.805 INFO  CustomFileJudge - Custom file judge result: 127
19:02:23.805 INFO  ReductionDriver - Result from initial state is not interesting (attempt 3)
19:02:23.878 INFO  ExecHelper - interestingness_test /opt/reduce/intel_iris_xe_graphics/syn_memory_converge/variant_874.comp reduction_results/intel_iris_xe_graphics/syn_memory_converge/variant_874/variant_874.json
19:02:23.879 INFO  StreamGobblerLogger - stderr.env: ‘interestingness_test’: No such file or directory
19:02:23.879 INFO  ExecHelper - Result: 127
19:02:23.880 INFO  CustomFileJudge - Custom file judge result: 127
19:02:23.880 INFO  ReductionDriver - Result from initial state is not interesting (attempt 4)
19:02:23.951 INFO  ExecHelper - interestingness_test /opt/reduce/intel_iris_xe_graphics/syn_memory_converge/variant_874.comp reduction_results/intel_iris_xe_graphics/syn_memory_converge/variant_874/variant_874.json
19:02:23.952 INFO  StreamGobblerLogger - stderr.env: ‘interestingness_test’: No such file or directory
19:02:23.952 INFO  ExecHelper - Result: 127
19:02:23.953 INFO  CustomFileJudge - Custom file judge result: 127
19:02:23.953 INFO  ReductionDriver - Result from initial state is not interesting (attempt 5)
19:02:23.953 INFO  ReductionDriver - Tried 5 times; stopping.
Reduction command: java -ea -cp /opt/graphicsfuzz/graphicsfuzz/target/graphicsfuzz/python/drivers/../../jar/tool-1.0.jar com.graphicsfuzz.reducer.tool.GlslReduce /opt/reduce/intel_iris_xe_graphics/syn_memory_converge/variant_874.json interestingness_test --output reduction_results/intel_iris_xe_graphics/syn_memory_converge/variant_874 /opt/reduce/intel_iris_xe_graphics/syn_memory_converge/variant_874.comp
