18:48:29.928 INFO  ExecHelper - /opt/graphicsfuzz/graphicsfuzz/target/graphicsfuzz/bin/Linux/glslangValidator -E --stdin -S comp
18:48:30.008 INFO  ExecHelper - Result: 0
18:48:30.440 INFO  ReductionDriver - Starting reduction for variant_563
18:48:30.453 INFO  ExecHelper - interestingness_test /opt/reduce/intel_iris_xe_graphics/syn_lock_step_relax/variant_563.comp reduction_results/intel_iris_xe_graphics/syn_lock_step_relax/variant_563/variant_563.json
18:48:30.455 INFO  StreamGobblerLogger - stderr.env: ‘interestingness_test’: No such file or directory
18:48:30.456 INFO  ExecHelper - Result: 127
18:48:30.456 INFO  CustomFileJudge - Custom file judge result: 127
18:48:30.456 INFO  ReductionDriver - Result from initial state is not interesting (attempt 1)
18:48:30.461 INFO  ExecHelper - interestingness_test /opt/reduce/intel_iris_xe_graphics/syn_lock_step_relax/variant_563.comp reduction_results/intel_iris_xe_graphics/syn_lock_step_relax/variant_563/variant_563.json
18:48:30.472 INFO  StreamGobblerLogger - stderr.env: ‘interestingness_test’: No such file or directory
18:48:30.472 INFO  ExecHelper - Result: 127
18:48:30.472 INFO  CustomFileJudge - Custom file judge result: 127
18:48:30.472 INFO  ReductionDriver - Result from initial state is not interesting (attempt 2)
18:48:30.476 INFO  ExecHelper - interestingness_test /opt/reduce/intel_iris_xe_graphics/syn_lock_step_relax/variant_563.comp reduction_results/intel_iris_xe_graphics/syn_lock_step_relax/variant_563/variant_563.json
18:48:30.477 INFO  StreamGobblerLogger - stderr.env: ‘interestingness_test’: No such file or directory
18:48:30.478 INFO  ExecHelper - Result: 127
18:48:30.478 INFO  CustomFileJudge - Custom file judge result: 127
18:48:30.478 INFO  ReductionDriver - Result from initial state is not interesting (attempt 3)
18:48:30.482 INFO  ExecHelper - interestingness_test /opt/reduce/intel_iris_xe_graphics/syn_lock_step_relax/variant_563.comp reduction_results/intel_iris_xe_graphics/syn_lock_step_relax/variant_563/variant_563.json
18:48:30.483 INFO  StreamGobblerLogger - stderr.env: ‘interestingness_test’: No such file or directory
18:48:30.483 INFO  ExecHelper - Result: 127
18:48:30.484 INFO  CustomFileJudge - Custom file judge result: 127
18:48:30.484 INFO  ReductionDriver - Result from initial state is not interesting (attempt 4)
18:48:30.490 INFO  ExecHelper - interestingness_test /opt/reduce/intel_iris_xe_graphics/syn_lock_step_relax/variant_563.comp reduction_results/intel_iris_xe_graphics/syn_lock_step_relax/variant_563/variant_563.json
18:48:30.491 INFO  StreamGobblerLogger - stderr.env: ‘interestingness_test’: No such file or directory
18:48:30.492 INFO  ExecHelper - Result: 127
18:48:30.492 INFO  CustomFileJudge - Custom file judge result: 127
18:48:30.492 INFO  ReductionDriver - Result from initial state is not interesting (attempt 5)
18:48:30.492 INFO  ReductionDriver - Tried 5 times; stopping.
Reduction command: java -ea -cp /opt/graphicsfuzz/graphicsfuzz/target/graphicsfuzz/python/drivers/../../jar/tool-1.0.jar com.graphicsfuzz.reducer.tool.GlslReduce /opt/reduce/intel_iris_xe_graphics/syn_lock_step_relax/variant_563.json interestingness_test --output reduction_results/intel_iris_xe_graphics/syn_lock_step_relax/variant_563 /opt/reduce/intel_iris_xe_graphics/syn_lock_step_relax/variant_563.comp
