18:52:14.785 INFO  ExecHelper - /opt/graphicsfuzz/graphicsfuzz/target/graphicsfuzz/bin/Linux/glslangValidator -E --stdin -S comp
18:52:14.839 INFO  ExecHelper - Result: 0
18:52:14.917 INFO  ReductionDriver - Starting reduction for variant_158
18:52:14.926 INFO  ExecHelper - interestingness_test /opt/reduce/intel_iris_xe_graphics/syn_memory_converge/variant_158.comp reduction_results/intel_iris_xe_graphics/syn_memory_converge/variant_158/variant_158.json
18:52:14.927 INFO  StreamGobblerLogger - stderr.env: ‘interestingness_test’: No such file or directory
18:52:14.928 INFO  ExecHelper - Result: 127
18:52:14.928 INFO  CustomFileJudge - Custom file judge result: 127
18:52:14.928 INFO  ReductionDriver - Result from initial state is not interesting (attempt 1)
18:52:14.930 INFO  ExecHelper - interestingness_test /opt/reduce/intel_iris_xe_graphics/syn_memory_converge/variant_158.comp reduction_results/intel_iris_xe_graphics/syn_memory_converge/variant_158/variant_158.json
18:52:14.931 INFO  StreamGobblerLogger - stderr.env: ‘interestingness_test’: No such file or directory
18:52:14.932 INFO  ExecHelper - Result: 127
18:52:14.932 INFO  CustomFileJudge - Custom file judge result: 127
18:52:14.932 INFO  ReductionDriver - Result from initial state is not interesting (attempt 2)
18:52:14.933 INFO  ExecHelper - interestingness_test /opt/reduce/intel_iris_xe_graphics/syn_memory_converge/variant_158.comp reduction_results/intel_iris_xe_graphics/syn_memory_converge/variant_158/variant_158.json
18:52:14.934 INFO  StreamGobblerLogger - stderr.env: ‘interestingness_test’: No such file or directory
18:52:14.934 INFO  ExecHelper - Result: 127
18:52:14.934 INFO  CustomFileJudge - Custom file judge result: 127
18:52:14.935 INFO  ReductionDriver - Result from initial state is not interesting (attempt 3)
18:52:14.938 INFO  ExecHelper - interestingness_test /opt/reduce/intel_iris_xe_graphics/syn_memory_converge/variant_158.comp reduction_results/intel_iris_xe_graphics/syn_memory_converge/variant_158/variant_158.json
18:52:14.939 INFO  StreamGobblerLogger - stderr.env: ‘interestingness_test’: No such file or directory
18:52:14.940 INFO  ExecHelper - Result: 127
18:52:14.940 INFO  CustomFileJudge - Custom file judge result: 127
18:52:14.940 INFO  ReductionDriver - Result from initial state is not interesting (attempt 4)
18:52:14.944 INFO  ExecHelper - interestingness_test /opt/reduce/intel_iris_xe_graphics/syn_memory_converge/variant_158.comp reduction_results/intel_iris_xe_graphics/syn_memory_converge/variant_158/variant_158.json
18:52:14.945 INFO  StreamGobblerLogger - stderr.env: ‘interestingness_test’: No such file or directory
18:52:14.945 INFO  ExecHelper - Result: 127
18:52:14.945 INFO  CustomFileJudge - Custom file judge result: 127
18:52:14.945 INFO  ReductionDriver - Result from initial state is not interesting (attempt 5)
18:52:14.945 INFO  ReductionDriver - Tried 5 times; stopping.
Reduction command: java -ea -cp /opt/graphicsfuzz/graphicsfuzz/target/graphicsfuzz/python/drivers/../../jar/tool-1.0.jar com.graphicsfuzz.reducer.tool.GlslReduce /opt/reduce/intel_iris_xe_graphics/syn_memory_converge/variant_158.json interestingness_test --output reduction_results/intel_iris_xe_graphics/syn_memory_converge/variant_158 /opt/reduce/intel_iris_xe_graphics/syn_memory_converge/variant_158.comp
