18:59:50.336 INFO  ExecHelper - /opt/graphicsfuzz/graphicsfuzz/target/graphicsfuzz/bin/Linux/glslangValidator -E --stdin -S comp
18:59:50.424 INFO  ExecHelper - Result: 0
18:59:51.111 INFO  ReductionDriver - Starting reduction for variant_686
18:59:51.124 INFO  ExecHelper - interestingness_test /opt/reduce/intel_iris_xe_graphics/syn_memory_converge/variant_686.comp reduction_results/intel_iris_xe_graphics/syn_memory_converge/variant_686/variant_686.json
18:59:51.125 INFO  StreamGobblerLogger - stderr.env: ‘interestingness_test’: No such file or directory
18:59:51.126 INFO  ExecHelper - Result: 127
18:59:51.126 INFO  CustomFileJudge - Custom file judge result: 127
18:59:51.126 INFO  ReductionDriver - Result from initial state is not interesting (attempt 1)
18:59:51.130 INFO  ExecHelper - interestingness_test /opt/reduce/intel_iris_xe_graphics/syn_memory_converge/variant_686.comp reduction_results/intel_iris_xe_graphics/syn_memory_converge/variant_686/variant_686.json
18:59:51.131 INFO  StreamGobblerLogger - stderr.env: ‘interestingness_test’: No such file or directory
18:59:51.132 INFO  ExecHelper - Result: 127
18:59:51.132 INFO  CustomFileJudge - Custom file judge result: 127
18:59:51.132 INFO  ReductionDriver - Result from initial state is not interesting (attempt 2)
18:59:51.136 INFO  ExecHelper - interestingness_test /opt/reduce/intel_iris_xe_graphics/syn_memory_converge/variant_686.comp reduction_results/intel_iris_xe_graphics/syn_memory_converge/variant_686/variant_686.json
18:59:51.137 INFO  StreamGobblerLogger - stderr.env: ‘interestingness_test’: No such file or directory
18:59:51.137 INFO  ExecHelper - Result: 127
18:59:51.137 INFO  CustomFileJudge - Custom file judge result: 127
18:59:51.137 INFO  ReductionDriver - Result from initial state is not interesting (attempt 3)
18:59:51.141 INFO  ExecHelper - interestingness_test /opt/reduce/intel_iris_xe_graphics/syn_memory_converge/variant_686.comp reduction_results/intel_iris_xe_graphics/syn_memory_converge/variant_686/variant_686.json
18:59:51.143 INFO  StreamGobblerLogger - stderr.env: ‘interestingness_test’: No such file or directory
18:59:51.143 INFO  ExecHelper - Result: 127
18:59:51.143 INFO  CustomFileJudge - Custom file judge result: 127
18:59:51.143 INFO  ReductionDriver - Result from initial state is not interesting (attempt 4)
18:59:51.147 INFO  ExecHelper - interestingness_test /opt/reduce/intel_iris_xe_graphics/syn_memory_converge/variant_686.comp reduction_results/intel_iris_xe_graphics/syn_memory_converge/variant_686/variant_686.json
18:59:51.148 INFO  StreamGobblerLogger - stderr.env: ‘interestingness_test’: No such file or directory
18:59:51.149 INFO  ExecHelper - Result: 127
18:59:51.149 INFO  CustomFileJudge - Custom file judge result: 127
18:59:51.149 INFO  ReductionDriver - Result from initial state is not interesting (attempt 5)
18:59:51.149 INFO  ReductionDriver - Tried 5 times; stopping.
Reduction command: java -ea -cp /opt/graphicsfuzz/graphicsfuzz/target/graphicsfuzz/python/drivers/../../jar/tool-1.0.jar com.graphicsfuzz.reducer.tool.GlslReduce /opt/reduce/intel_iris_xe_graphics/syn_memory_converge/variant_686.json interestingness_test --output reduction_results/intel_iris_xe_graphics/syn_memory_converge/variant_686 /opt/reduce/intel_iris_xe_graphics/syn_memory_converge/variant_686.comp
