18:40:15.555 INFO  ExecHelper - /opt/graphicsfuzz/graphicsfuzz/target/graphicsfuzz/bin/Linux/glslangValidator -E --stdin -S comp
18:40:15.609 INFO  ExecHelper - Result: 0
18:40:15.960 INFO  ReductionDriver - Starting reduction for variant_918
18:40:16.035 INFO  ExecHelper - interestingness_test /opt/reduce/cezanne_radeon_vega/syn_memory_converge_atomic/variant_918.comp reduction_results/cezanne_radeon_vega/syn_memory_converge_atomic/variant_918/variant_918.json
18:40:16.036 INFO  StreamGobblerLogger - stderr.env: ‘interestingness_test’: No such file or directory
18:40:16.037 INFO  ExecHelper - Result: 127
18:40:16.037 INFO  CustomFileJudge - Custom file judge result: 127
18:40:16.037 INFO  ReductionDriver - Result from initial state is not interesting (attempt 1)
18:40:16.099 INFO  ExecHelper - interestingness_test /opt/reduce/cezanne_radeon_vega/syn_memory_converge_atomic/variant_918.comp reduction_results/cezanne_radeon_vega/syn_memory_converge_atomic/variant_918/variant_918.json
18:40:16.101 INFO  StreamGobblerLogger - stderr.env: ‘interestingness_test’: No such file or directory
18:40:16.101 INFO  ExecHelper - Result: 127
18:40:16.102 INFO  CustomFileJudge - Custom file judge result: 127
18:40:16.102 INFO  ReductionDriver - Result from initial state is not interesting (attempt 2)
18:40:16.156 INFO  ExecHelper - interestingness_test /opt/reduce/cezanne_radeon_vega/syn_memory_converge_atomic/variant_918.comp reduction_results/cezanne_radeon_vega/syn_memory_converge_atomic/variant_918/variant_918.json
18:40:16.157 INFO  StreamGobblerLogger - stderr.env: ‘interestingness_test’: No such file or directory
18:40:16.158 INFO  ExecHelper - Result: 127
18:40:16.158 INFO  CustomFileJudge - Custom file judge result: 127
18:40:16.158 INFO  ReductionDriver - Result from initial state is not interesting (attempt 3)
18:40:16.216 INFO  ExecHelper - interestingness_test /opt/reduce/cezanne_radeon_vega/syn_memory_converge_atomic/variant_918.comp reduction_results/cezanne_radeon_vega/syn_memory_converge_atomic/variant_918/variant_918.json
18:40:16.217 INFO  StreamGobblerLogger - stderr.env: ‘interestingness_test’: No such file or directory
18:40:16.218 INFO  ExecHelper - Result: 127
18:40:16.218 INFO  CustomFileJudge - Custom file judge result: 127
18:40:16.218 INFO  ReductionDriver - Result from initial state is not interesting (attempt 4)
18:40:16.270 INFO  ExecHelper - interestingness_test /opt/reduce/cezanne_radeon_vega/syn_memory_converge_atomic/variant_918.comp reduction_results/cezanne_radeon_vega/syn_memory_converge_atomic/variant_918/variant_918.json
18:40:16.271 INFO  StreamGobblerLogger - stderr.env: ‘interestingness_test’: No such file or directory
18:40:16.272 INFO  ExecHelper - Result: 127
18:40:16.272 INFO  CustomFileJudge - Custom file judge result: 127
18:40:16.272 INFO  ReductionDriver - Result from initial state is not interesting (attempt 5)
18:40:16.272 INFO  ReductionDriver - Tried 5 times; stopping.
Reduction command: java -ea -cp /opt/graphicsfuzz/graphicsfuzz/target/graphicsfuzz/python/drivers/../../jar/tool-1.0.jar com.graphicsfuzz.reducer.tool.GlslReduce /opt/reduce/cezanne_radeon_vega/syn_memory_converge_atomic/variant_918.json interestingness_test --output reduction_results/cezanne_radeon_vega/syn_memory_converge_atomic/variant_918 /opt/reduce/cezanne_radeon_vega/syn_memory_converge_atomic/variant_918.comp
