18:40:20.249 INFO  ExecHelper - /opt/graphicsfuzz/graphicsfuzz/target/graphicsfuzz/bin/Linux/glslangValidator -E --stdin -S comp
18:40:20.299 INFO  ExecHelper - Result: 0
18:40:20.382 INFO  ReductionDriver - Starting reduction for variant_925
18:40:20.391 INFO  ExecHelper - interestingness_test /opt/reduce/cezanne_radeon_vega/syn_memory_converge_atomic/variant_925.comp reduction_results/cezanne_radeon_vega/syn_memory_converge_atomic/variant_925/variant_925.json
18:40:20.393 INFO  StreamGobblerLogger - stderr.env: ‘interestingness_test’: No such file or directory
18:40:20.393 INFO  ExecHelper - Result: 127
18:40:20.393 INFO  CustomFileJudge - Custom file judge result: 127
18:40:20.393 INFO  ReductionDriver - Result from initial state is not interesting (attempt 1)
18:40:20.399 INFO  ExecHelper - interestingness_test /opt/reduce/cezanne_radeon_vega/syn_memory_converge_atomic/variant_925.comp reduction_results/cezanne_radeon_vega/syn_memory_converge_atomic/variant_925/variant_925.json
18:40:20.400 INFO  StreamGobblerLogger - stderr.env: ‘interestingness_test’: No such file or directory
18:40:20.401 INFO  ExecHelper - Result: 127
18:40:20.401 INFO  CustomFileJudge - Custom file judge result: 127
18:40:20.401 INFO  ReductionDriver - Result from initial state is not interesting (attempt 2)
18:40:20.403 INFO  ExecHelper - interestingness_test /opt/reduce/cezanne_radeon_vega/syn_memory_converge_atomic/variant_925.comp reduction_results/cezanne_radeon_vega/syn_memory_converge_atomic/variant_925/variant_925.json
18:40:20.404 INFO  StreamGobblerLogger - stderr.env: ‘interestingness_test’: No such file or directory
18:40:20.405 INFO  ExecHelper - Result: 127
18:40:20.405 INFO  CustomFileJudge - Custom file judge result: 127
18:40:20.405 INFO  ReductionDriver - Result from initial state is not interesting (attempt 3)
18:40:20.407 INFO  ExecHelper - interestingness_test /opt/reduce/cezanne_radeon_vega/syn_memory_converge_atomic/variant_925.comp reduction_results/cezanne_radeon_vega/syn_memory_converge_atomic/variant_925/variant_925.json
18:40:20.408 INFO  StreamGobblerLogger - stderr.env: ‘interestingness_test’: No such file or directory
18:40:20.408 INFO  ExecHelper - Result: 127
18:40:20.408 INFO  CustomFileJudge - Custom file judge result: 127
18:40:20.408 INFO  ReductionDriver - Result from initial state is not interesting (attempt 4)
18:40:20.410 INFO  ExecHelper - interestingness_test /opt/reduce/cezanne_radeon_vega/syn_memory_converge_atomic/variant_925.comp reduction_results/cezanne_radeon_vega/syn_memory_converge_atomic/variant_925/variant_925.json
18:40:20.410 INFO  StreamGobblerLogger - stderr.env: ‘interestingness_test’: No such file or directory
18:40:20.411 INFO  ExecHelper - Result: 127
18:40:20.411 INFO  CustomFileJudge - Custom file judge result: 127
18:40:20.411 INFO  ReductionDriver - Result from initial state is not interesting (attempt 5)
18:40:20.411 INFO  ReductionDriver - Tried 5 times; stopping.
Reduction command: java -ea -cp /opt/graphicsfuzz/graphicsfuzz/target/graphicsfuzz/python/drivers/../../jar/tool-1.0.jar com.graphicsfuzz.reducer.tool.GlslReduce /opt/reduce/cezanne_radeon_vega/syn_memory_converge_atomic/variant_925.json interestingness_test --output reduction_results/cezanne_radeon_vega/syn_memory_converge_atomic/variant_925 /opt/reduce/cezanne_radeon_vega/syn_memory_converge_atomic/variant_925.comp
