18:19:31.175 INFO  ExecHelper - /opt/graphicsfuzz/graphicsfuzz/target/graphicsfuzz/bin/Linux/glslangValidator -E --stdin -S comp
18:19:31.232 INFO  ExecHelper - Result: 0
18:19:31.320 INFO  ReductionDriver - Starting reduction for variant_433
18:19:31.330 INFO  ExecHelper - interestingness_test /opt/reduce/cezanne_radeon_vega/syn_memory_converge/variant_433.comp reduction_results/cezanne_radeon_vega/syn_memory_converge/variant_433/variant_433.json
18:19:31.331 INFO  StreamGobblerLogger - stderr.env: ‘interestingness_test’: No such file or directory
18:19:31.332 INFO  ExecHelper - Result: 127
18:19:31.332 INFO  CustomFileJudge - Custom file judge result: 127
18:19:31.332 INFO  ReductionDriver - Result from initial state is not interesting (attempt 1)
18:19:31.338 INFO  ExecHelper - interestingness_test /opt/reduce/cezanne_radeon_vega/syn_memory_converge/variant_433.comp reduction_results/cezanne_radeon_vega/syn_memory_converge/variant_433/variant_433.json
18:19:31.339 INFO  StreamGobblerLogger - stderr.env: ‘interestingness_test’: No such file or directory
18:19:31.340 INFO  ExecHelper - Result: 127
18:19:31.340 INFO  CustomFileJudge - Custom file judge result: 127
18:19:31.340 INFO  ReductionDriver - Result from initial state is not interesting (attempt 2)
18:19:31.343 INFO  ExecHelper - interestingness_test /opt/reduce/cezanne_radeon_vega/syn_memory_converge/variant_433.comp reduction_results/cezanne_radeon_vega/syn_memory_converge/variant_433/variant_433.json
18:19:31.344 INFO  StreamGobblerLogger - stderr.env: ‘interestingness_test’: No such file or directory
18:19:31.344 INFO  ExecHelper - Result: 127
18:19:31.345 INFO  CustomFileJudge - Custom file judge result: 127
18:19:31.345 INFO  ReductionDriver - Result from initial state is not interesting (attempt 3)
18:19:31.346 INFO  ExecHelper - interestingness_test /opt/reduce/cezanne_radeon_vega/syn_memory_converge/variant_433.comp reduction_results/cezanne_radeon_vega/syn_memory_converge/variant_433/variant_433.json
18:19:31.347 INFO  StreamGobblerLogger - stderr.env: ‘interestingness_test’: No such file or directory
18:19:31.348 INFO  ExecHelper - Result: 127
18:19:31.348 INFO  CustomFileJudge - Custom file judge result: 127
18:19:31.348 INFO  ReductionDriver - Result from initial state is not interesting (attempt 4)
18:19:31.350 INFO  ExecHelper - interestingness_test /opt/reduce/cezanne_radeon_vega/syn_memory_converge/variant_433.comp reduction_results/cezanne_radeon_vega/syn_memory_converge/variant_433/variant_433.json
18:19:31.351 INFO  StreamGobblerLogger - stderr.env: ‘interestingness_test’: No such file or directory
18:19:31.351 INFO  ExecHelper - Result: 127
18:19:31.351 INFO  CustomFileJudge - Custom file judge result: 127
18:19:31.351 INFO  ReductionDriver - Result from initial state is not interesting (attempt 5)
18:19:31.351 INFO  ReductionDriver - Tried 5 times; stopping.
Reduction command: java -ea -cp /opt/graphicsfuzz/graphicsfuzz/target/graphicsfuzz/python/drivers/../../jar/tool-1.0.jar com.graphicsfuzz.reducer.tool.GlslReduce /opt/reduce/cezanne_radeon_vega/syn_memory_converge/variant_433.json interestingness_test --output reduction_results/cezanne_radeon_vega/syn_memory_converge/variant_433 /opt/reduce/cezanne_radeon_vega/syn_memory_converge/variant_433.comp
