19:35:35.190 INFO  ExecHelper - /opt/graphicsfuzz/graphicsfuzz/target/graphicsfuzz/bin/Linux/glslangValidator -E --stdin -S comp
19:35:35.244 INFO  ExecHelper - Result: 0
19:35:35.331 INFO  ReductionDriver - Starting reduction for variant_656
19:35:35.340 INFO  ExecHelper - interestingness_test /opt/reduce/rtx_4070/syn_memory_converge/variant_656.comp reduction_results/rtx_4070/syn_memory_converge/variant_656/variant_656.json
19:35:35.342 INFO  StreamGobblerLogger - stderr.env: ‘interestingness_test’: No such file or directory
19:35:35.343 INFO  ExecHelper - Result: 127
19:35:35.343 INFO  CustomFileJudge - Custom file judge result: 127
19:35:35.343 INFO  ReductionDriver - Result from initial state is not interesting (attempt 1)
19:35:35.345 INFO  ExecHelper - interestingness_test /opt/reduce/rtx_4070/syn_memory_converge/variant_656.comp reduction_results/rtx_4070/syn_memory_converge/variant_656/variant_656.json
19:35:35.346 INFO  StreamGobblerLogger - stderr.env: ‘interestingness_test’: No such file or directory
19:35:35.347 INFO  ExecHelper - Result: 127
19:35:35.347 INFO  CustomFileJudge - Custom file judge result: 127
19:35:35.347 INFO  ReductionDriver - Result from initial state is not interesting (attempt 2)
19:35:35.348 INFO  ExecHelper - interestingness_test /opt/reduce/rtx_4070/syn_memory_converge/variant_656.comp reduction_results/rtx_4070/syn_memory_converge/variant_656/variant_656.json
19:35:35.349 INFO  StreamGobblerLogger - stderr.env: ‘interestingness_test’: No such file or directory
19:35:35.350 INFO  ExecHelper - Result: 127
19:35:35.350 INFO  CustomFileJudge - Custom file judge result: 127
19:35:35.350 INFO  ReductionDriver - Result from initial state is not interesting (attempt 3)
19:35:35.351 INFO  ExecHelper - interestingness_test /opt/reduce/rtx_4070/syn_memory_converge/variant_656.comp reduction_results/rtx_4070/syn_memory_converge/variant_656/variant_656.json
19:35:35.352 INFO  StreamGobblerLogger - stderr.env: ‘interestingness_test’: No such file or directory
19:35:35.353 INFO  ExecHelper - Result: 127
19:35:35.353 INFO  CustomFileJudge - Custom file judge result: 127
19:35:35.353 INFO  ReductionDriver - Result from initial state is not interesting (attempt 4)
19:35:35.354 INFO  ExecHelper - interestingness_test /opt/reduce/rtx_4070/syn_memory_converge/variant_656.comp reduction_results/rtx_4070/syn_memory_converge/variant_656/variant_656.json
19:35:35.356 INFO  StreamGobblerLogger - stderr.env: ‘interestingness_test’: No such file or directory
19:35:35.356 INFO  ExecHelper - Result: 127
19:35:35.356 INFO  CustomFileJudge - Custom file judge result: 127
19:35:35.356 INFO  ReductionDriver - Result from initial state is not interesting (attempt 5)
19:35:35.356 INFO  ReductionDriver - Tried 5 times; stopping.
Reduction command: java -ea -cp /opt/graphicsfuzz/graphicsfuzz/target/graphicsfuzz/python/drivers/../../jar/tool-1.0.jar com.graphicsfuzz.reducer.tool.GlslReduce /opt/reduce/rtx_4070/syn_memory_converge/variant_656.json interestingness_test --output reduction_results/rtx_4070/syn_memory_converge/variant_656 /opt/reduce/rtx_4070/syn_memory_converge/variant_656.comp
