19:17:56.139 INFO  ExecHelper - /opt/graphicsfuzz/graphicsfuzz/target/graphicsfuzz/bin/Linux/glslangValidator -E --stdin -S comp
19:17:56.232 INFO  ExecHelper - Result: 0
19:17:56.933 INFO  ReductionDriver - Starting reduction for variant_926
19:17:56.962 INFO  ExecHelper - interestingness_test /opt/reduce/intel_iris_xe_graphics/syn_memory_converge_atomic/variant_926.comp reduction_results/intel_iris_xe_graphics/syn_memory_converge_atomic/variant_926/variant_926.json
19:17:56.964 INFO  StreamGobblerLogger - stderr.env: ‘interestingness_test’: No such file or directory
19:17:56.964 INFO  ExecHelper - Result: 127
19:17:56.964 INFO  CustomFileJudge - Custom file judge result: 127
19:17:56.964 INFO  ReductionDriver - Result from initial state is not interesting (attempt 1)
19:17:56.982 INFO  ExecHelper - interestingness_test /opt/reduce/intel_iris_xe_graphics/syn_memory_converge_atomic/variant_926.comp reduction_results/intel_iris_xe_graphics/syn_memory_converge_atomic/variant_926/variant_926.json
19:17:56.983 INFO  StreamGobblerLogger - stderr.env: ‘interestingness_test’: No such file or directory
19:17:56.984 INFO  ExecHelper - Result: 127
19:17:56.984 INFO  CustomFileJudge - Custom file judge result: 127
19:17:56.984 INFO  ReductionDriver - Result from initial state is not interesting (attempt 2)
19:17:57.000 INFO  ExecHelper - interestingness_test /opt/reduce/intel_iris_xe_graphics/syn_memory_converge_atomic/variant_926.comp reduction_results/intel_iris_xe_graphics/syn_memory_converge_atomic/variant_926/variant_926.json
19:17:57.001 INFO  StreamGobblerLogger - stderr.env: ‘interestingness_test’: No such file or directory
19:17:57.002 INFO  ExecHelper - Result: 127
19:17:57.002 INFO  CustomFileJudge - Custom file judge result: 127
19:17:57.002 INFO  ReductionDriver - Result from initial state is not interesting (attempt 3)
19:17:57.015 INFO  ExecHelper - interestingness_test /opt/reduce/intel_iris_xe_graphics/syn_memory_converge_atomic/variant_926.comp reduction_results/intel_iris_xe_graphics/syn_memory_converge_atomic/variant_926/variant_926.json
19:17:57.016 INFO  StreamGobblerLogger - stderr.env: ‘interestingness_test’: No such file or directory
19:17:57.016 INFO  ExecHelper - Result: 127
19:17:57.016 INFO  CustomFileJudge - Custom file judge result: 127
19:17:57.016 INFO  ReductionDriver - Result from initial state is not interesting (attempt 4)
19:17:57.030 INFO  ExecHelper - interestingness_test /opt/reduce/intel_iris_xe_graphics/syn_memory_converge_atomic/variant_926.comp reduction_results/intel_iris_xe_graphics/syn_memory_converge_atomic/variant_926/variant_926.json
19:17:57.031 INFO  StreamGobblerLogger - stderr.env: ‘interestingness_test’: No such file or directory
19:17:57.031 INFO  ExecHelper - Result: 127
19:17:57.031 INFO  CustomFileJudge - Custom file judge result: 127
19:17:57.031 INFO  ReductionDriver - Result from initial state is not interesting (attempt 5)
19:17:57.031 INFO  ReductionDriver - Tried 5 times; stopping.
Reduction command: java -ea -cp /opt/graphicsfuzz/graphicsfuzz/target/graphicsfuzz/python/drivers/../../jar/tool-1.0.jar com.graphicsfuzz.reducer.tool.GlslReduce /opt/reduce/intel_iris_xe_graphics/syn_memory_converge_atomic/variant_926.json interestingness_test --output reduction_results/intel_iris_xe_graphics/syn_memory_converge_atomic/variant_926 /opt/reduce/intel_iris_xe_graphics/syn_memory_converge_atomic/variant_926.comp
