19:09:32.211 INFO  ExecHelper - /opt/graphicsfuzz/graphicsfuzz/target/graphicsfuzz/bin/Linux/glslangValidator -E --stdin -S comp
19:09:32.263 INFO  ExecHelper - Result: 0
19:09:32.517 INFO  ReductionDriver - Starting reduction for variant_368
19:09:32.609 INFO  ExecHelper - interestingness_test /opt/reduce/intel_iris_xe_graphics/syn_memory_converge_atomic/variant_368.comp reduction_results/intel_iris_xe_graphics/syn_memory_converge_atomic/variant_368/variant_368.json
19:09:32.611 INFO  StreamGobblerLogger - stderr.env: ‘interestingness_test’: No such file or directory
19:09:32.612 INFO  ExecHelper - Result: 127
19:09:32.612 INFO  CustomFileJudge - Custom file judge result: 127
19:09:32.612 INFO  ReductionDriver - Result from initial state is not interesting (attempt 1)
19:09:32.668 INFO  ExecHelper - interestingness_test /opt/reduce/intel_iris_xe_graphics/syn_memory_converge_atomic/variant_368.comp reduction_results/intel_iris_xe_graphics/syn_memory_converge_atomic/variant_368/variant_368.json
19:09:32.670 INFO  StreamGobblerLogger - stderr.env: ‘interestingness_test’: No such file or directory
19:09:32.670 INFO  ExecHelper - Result: 127
19:09:32.670 INFO  CustomFileJudge - Custom file judge result: 127
19:09:32.670 INFO  ReductionDriver - Result from initial state is not interesting (attempt 2)
19:09:32.723 INFO  ExecHelper - interestingness_test /opt/reduce/intel_iris_xe_graphics/syn_memory_converge_atomic/variant_368.comp reduction_results/intel_iris_xe_graphics/syn_memory_converge_atomic/variant_368/variant_368.json
19:09:32.724 INFO  StreamGobblerLogger - stderr.env: ‘interestingness_test’: No such file or directory
19:09:32.725 INFO  ExecHelper - Result: 127
19:09:32.725 INFO  CustomFileJudge - Custom file judge result: 127
19:09:32.725 INFO  ReductionDriver - Result from initial state is not interesting (attempt 3)
19:09:32.778 INFO  ExecHelper - interestingness_test /opt/reduce/intel_iris_xe_graphics/syn_memory_converge_atomic/variant_368.comp reduction_results/intel_iris_xe_graphics/syn_memory_converge_atomic/variant_368/variant_368.json
19:09:32.780 INFO  StreamGobblerLogger - stderr.env: ‘interestingness_test’: No such file or directory
19:09:32.780 INFO  ExecHelper - Result: 127
19:09:32.781 INFO  CustomFileJudge - Custom file judge result: 127
19:09:32.781 INFO  ReductionDriver - Result from initial state is not interesting (attempt 4)
19:09:32.833 INFO  ExecHelper - interestingness_test /opt/reduce/intel_iris_xe_graphics/syn_memory_converge_atomic/variant_368.comp reduction_results/intel_iris_xe_graphics/syn_memory_converge_atomic/variant_368/variant_368.json
19:09:32.834 INFO  StreamGobblerLogger - stderr.env: ‘interestingness_test’: No such file or directory
19:09:32.835 INFO  ExecHelper - Result: 127
19:09:32.835 INFO  CustomFileJudge - Custom file judge result: 127
19:09:32.835 INFO  ReductionDriver - Result from initial state is not interesting (attempt 5)
19:09:32.835 INFO  ReductionDriver - Tried 5 times; stopping.
Reduction command: java -ea -cp /opt/graphicsfuzz/graphicsfuzz/target/graphicsfuzz/python/drivers/../../jar/tool-1.0.jar com.graphicsfuzz.reducer.tool.GlslReduce /opt/reduce/intel_iris_xe_graphics/syn_memory_converge_atomic/variant_368.json interestingness_test --output reduction_results/intel_iris_xe_graphics/syn_memory_converge_atomic/variant_368 /opt/reduce/intel_iris_xe_graphics/syn_memory_converge_atomic/variant_368.comp
