19:47:45.751 INFO  ExecHelper - /opt/graphicsfuzz/graphicsfuzz/target/graphicsfuzz/bin/Linux/glslangValidator -E --stdin -S comp
19:47:45.800 INFO  ExecHelper - Result: 0
19:47:45.886 INFO  ReductionDriver - Starting reduction for variant_514
19:47:45.896 INFO  ExecHelper - interestingness_test /opt/reduce/rtx_4070/syn_memory_converge_atomic/variant_514.comp reduction_results/rtx_4070/syn_memory_converge_atomic/variant_514/variant_514.json
19:47:45.898 INFO  StreamGobblerLogger - stderr.env: ‘interestingness_test’: No such file or directory
19:47:45.898 INFO  ExecHelper - Result: 127
19:47:45.898 INFO  CustomFileJudge - Custom file judge result: 127
19:47:45.898 INFO  ReductionDriver - Result from initial state is not interesting (attempt 1)
19:47:45.901 INFO  ExecHelper - interestingness_test /opt/reduce/rtx_4070/syn_memory_converge_atomic/variant_514.comp reduction_results/rtx_4070/syn_memory_converge_atomic/variant_514/variant_514.json
19:47:45.902 INFO  StreamGobblerLogger - stderr.env: ‘interestingness_test’: No such file or directory
19:47:45.902 INFO  ExecHelper - Result: 127
19:47:45.902 INFO  CustomFileJudge - Custom file judge result: 127
19:47:45.902 INFO  ReductionDriver - Result from initial state is not interesting (attempt 2)
19:47:45.904 INFO  ExecHelper - interestingness_test /opt/reduce/rtx_4070/syn_memory_converge_atomic/variant_514.comp reduction_results/rtx_4070/syn_memory_converge_atomic/variant_514/variant_514.json
19:47:45.905 INFO  StreamGobblerLogger - stderr.env: ‘interestingness_test’: No such file or directory
19:47:45.906 INFO  ExecHelper - Result: 127
19:47:45.906 INFO  CustomFileJudge - Custom file judge result: 127
19:47:45.906 INFO  ReductionDriver - Result from initial state is not interesting (attempt 3)
19:47:45.907 INFO  ExecHelper - interestingness_test /opt/reduce/rtx_4070/syn_memory_converge_atomic/variant_514.comp reduction_results/rtx_4070/syn_memory_converge_atomic/variant_514/variant_514.json
19:47:45.909 INFO  StreamGobblerLogger - stderr.env: ‘interestingness_test’: No such file or directory
19:47:45.909 INFO  ExecHelper - Result: 127
19:47:45.909 INFO  CustomFileJudge - Custom file judge result: 127
19:47:45.909 INFO  ReductionDriver - Result from initial state is not interesting (attempt 4)
19:47:45.911 INFO  ExecHelper - interestingness_test /opt/reduce/rtx_4070/syn_memory_converge_atomic/variant_514.comp reduction_results/rtx_4070/syn_memory_converge_atomic/variant_514/variant_514.json
19:47:45.912 INFO  StreamGobblerLogger - stderr.env: ‘interestingness_test’: No such file or directory
19:47:45.912 INFO  ExecHelper - Result: 127
19:47:45.912 INFO  CustomFileJudge - Custom file judge result: 127
19:47:45.913 INFO  ReductionDriver - Result from initial state is not interesting (attempt 5)
19:47:45.913 INFO  ReductionDriver - Tried 5 times; stopping.
Reduction command: java -ea -cp /opt/graphicsfuzz/graphicsfuzz/target/graphicsfuzz/python/drivers/../../jar/tool-1.0.jar com.graphicsfuzz.reducer.tool.GlslReduce /opt/reduce/rtx_4070/syn_memory_converge_atomic/variant_514.json interestingness_test --output reduction_results/rtx_4070/syn_memory_converge_atomic/variant_514 /opt/reduce/rtx_4070/syn_memory_converge_atomic/variant_514.comp
