19:49:15.828 INFO  ExecHelper - /opt/graphicsfuzz/graphicsfuzz/target/graphicsfuzz/bin/Linux/glslangValidator -E --stdin -S comp
19:49:15.898 INFO  ExecHelper - Result: 0
19:49:16.711 INFO  ReductionDriver - Starting reduction for variant_618
19:49:16.742 INFO  ExecHelper - interestingness_test /opt/reduce/rtx_4070/syn_memory_converge_atomic/variant_618.comp reduction_results/rtx_4070/syn_memory_converge_atomic/variant_618/variant_618.json
19:49:16.744 INFO  StreamGobblerLogger - stderr.env: ‘interestingness_test’: No such file or directory
19:49:16.744 INFO  ExecHelper - Result: 127
19:49:16.744 INFO  CustomFileJudge - Custom file judge result: 127
19:49:16.744 INFO  ReductionDriver - Result from initial state is not interesting (attempt 1)
19:49:16.768 INFO  ExecHelper - interestingness_test /opt/reduce/rtx_4070/syn_memory_converge_atomic/variant_618.comp reduction_results/rtx_4070/syn_memory_converge_atomic/variant_618/variant_618.json
19:49:16.770 INFO  StreamGobblerLogger - stderr.env: ‘interestingness_test’: No such file or directory
19:49:16.770 INFO  ExecHelper - Result: 127
19:49:16.770 INFO  CustomFileJudge - Custom file judge result: 127
19:49:16.770 INFO  ReductionDriver - Result from initial state is not interesting (attempt 2)
19:49:16.791 INFO  ExecHelper - interestingness_test /opt/reduce/rtx_4070/syn_memory_converge_atomic/variant_618.comp reduction_results/rtx_4070/syn_memory_converge_atomic/variant_618/variant_618.json
19:49:16.792 INFO  StreamGobblerLogger - stderr.env: ‘interestingness_test’: No such file or directory
19:49:16.793 INFO  ExecHelper - Result: 127
19:49:16.793 INFO  CustomFileJudge - Custom file judge result: 127
19:49:16.793 INFO  ReductionDriver - Result from initial state is not interesting (attempt 3)
19:49:16.810 INFO  ExecHelper - interestingness_test /opt/reduce/rtx_4070/syn_memory_converge_atomic/variant_618.comp reduction_results/rtx_4070/syn_memory_converge_atomic/variant_618/variant_618.json
19:49:16.811 INFO  StreamGobblerLogger - stderr.env: ‘interestingness_test’: No such file or directory
19:49:16.811 INFO  ExecHelper - Result: 127
19:49:16.811 INFO  CustomFileJudge - Custom file judge result: 127
19:49:16.811 INFO  ReductionDriver - Result from initial state is not interesting (attempt 4)
19:49:16.827 INFO  ExecHelper - interestingness_test /opt/reduce/rtx_4070/syn_memory_converge_atomic/variant_618.comp reduction_results/rtx_4070/syn_memory_converge_atomic/variant_618/variant_618.json
19:49:16.828 INFO  StreamGobblerLogger - stderr.env: ‘interestingness_test’: No such file or directory
19:49:16.829 INFO  ExecHelper - Result: 127
19:49:16.829 INFO  CustomFileJudge - Custom file judge result: 127
19:49:16.829 INFO  ReductionDriver - Result from initial state is not interesting (attempt 5)
19:49:16.829 INFO  ReductionDriver - Tried 5 times; stopping.
Reduction command: java -ea -cp /opt/graphicsfuzz/graphicsfuzz/target/graphicsfuzz/python/drivers/../../jar/tool-1.0.jar com.graphicsfuzz.reducer.tool.GlslReduce /opt/reduce/rtx_4070/syn_memory_converge_atomic/variant_618.json interestingness_test --output reduction_results/rtx_4070/syn_memory_converge_atomic/variant_618 /opt/reduce/rtx_4070/syn_memory_converge_atomic/variant_618.comp
