19:21:49.484 INFO  ExecHelper - /opt/graphicsfuzz/graphicsfuzz/target/graphicsfuzz/bin/Linux/glslangValidator -E --stdin -S comp
19:21:49.572 INFO  ExecHelper - Result: 0
19:21:50.451 INFO  ReductionDriver - Starting reduction for variant_283
19:21:50.470 INFO  ExecHelper - interestingness_test /opt/reduce/intel_iris_xe_graphics/syn_subgroup_op_release/variant_283.comp reduction_results/intel_iris_xe_graphics/syn_subgroup_op_release/variant_283/variant_283.json
19:21:50.471 INFO  StreamGobblerLogger - stderr.env: ‘interestingness_test’: No such file or directory
19:21:50.472 INFO  ExecHelper - Result: 127
19:21:50.472 INFO  CustomFileJudge - Custom file judge result: 127
19:21:50.472 INFO  ReductionDriver - Result from initial state is not interesting (attempt 1)
19:21:50.481 INFO  ExecHelper - interestingness_test /opt/reduce/intel_iris_xe_graphics/syn_subgroup_op_release/variant_283.comp reduction_results/intel_iris_xe_graphics/syn_subgroup_op_release/variant_283/variant_283.json
19:21:50.482 INFO  StreamGobblerLogger - stderr.env: ‘interestingness_test’: No such file or directory
19:21:50.482 INFO  ExecHelper - Result: 127
19:21:50.482 INFO  CustomFileJudge - Custom file judge result: 127
19:21:50.482 INFO  ReductionDriver - Result from initial state is not interesting (attempt 2)
19:21:50.490 INFO  ExecHelper - interestingness_test /opt/reduce/intel_iris_xe_graphics/syn_subgroup_op_release/variant_283.comp reduction_results/intel_iris_xe_graphics/syn_subgroup_op_release/variant_283/variant_283.json
19:21:50.491 INFO  StreamGobblerLogger - stderr.env: ‘interestingness_test’: No such file or directory
19:21:50.492 INFO  ExecHelper - Result: 127
19:21:50.492 INFO  CustomFileJudge - Custom file judge result: 127
19:21:50.492 INFO  ReductionDriver - Result from initial state is not interesting (attempt 3)
19:21:50.499 INFO  ExecHelper - interestingness_test /opt/reduce/intel_iris_xe_graphics/syn_subgroup_op_release/variant_283.comp reduction_results/intel_iris_xe_graphics/syn_subgroup_op_release/variant_283/variant_283.json
19:21:50.500 INFO  StreamGobblerLogger - stderr.env: ‘interestingness_test’: No such file or directory
19:21:50.500 INFO  ExecHelper - Result: 127
19:21:50.500 INFO  CustomFileJudge - Custom file judge result: 127
19:21:50.500 INFO  ReductionDriver - Result from initial state is not interesting (attempt 4)
19:21:50.507 INFO  ExecHelper - interestingness_test /opt/reduce/intel_iris_xe_graphics/syn_subgroup_op_release/variant_283.comp reduction_results/intel_iris_xe_graphics/syn_subgroup_op_release/variant_283/variant_283.json
19:21:50.508 INFO  StreamGobblerLogger - stderr.env: ‘interestingness_test’: No such file or directory
19:21:50.508 INFO  ExecHelper - Result: 127
19:21:50.508 INFO  CustomFileJudge - Custom file judge result: 127
19:21:50.508 INFO  ReductionDriver - Result from initial state is not interesting (attempt 5)
19:21:50.508 INFO  ReductionDriver - Tried 5 times; stopping.
Reduction command: java -ea -cp /opt/graphicsfuzz/graphicsfuzz/target/graphicsfuzz/python/drivers/../../jar/tool-1.0.jar com.graphicsfuzz.reducer.tool.GlslReduce /opt/reduce/intel_iris_xe_graphics/syn_subgroup_op_release/variant_283.json interestingness_test --output reduction_results/intel_iris_xe_graphics/syn_subgroup_op_release/variant_283 /opt/reduce/intel_iris_xe_graphics/syn_subgroup_op_release/variant_283.comp
