19:25:51.435 INFO  ExecHelper - /opt/graphicsfuzz/graphicsfuzz/target/graphicsfuzz/bin/Linux/glslangValidator -E --stdin -S comp
19:25:51.539 INFO  ExecHelper - Result: 0
19:25:52.224 INFO  ReductionDriver - Starting reduction for variant_319
19:25:52.244 INFO  ExecHelper - interestingness_test /opt/reduce/rtx_4070/syn_lock_step_release/variant_319.comp reduction_results/rtx_4070/syn_lock_step_release/variant_319/variant_319.json
19:25:52.245 INFO  StreamGobblerLogger - stderr.env: ‘interestingness_test’: No such file or directory
19:25:52.246 INFO  ExecHelper - Result: 127
19:25:52.246 INFO  CustomFileJudge - Custom file judge result: 127
19:25:52.246 INFO  ReductionDriver - Result from initial state is not interesting (attempt 1)
19:25:52.256 INFO  ExecHelper - interestingness_test /opt/reduce/rtx_4070/syn_lock_step_release/variant_319.comp reduction_results/rtx_4070/syn_lock_step_release/variant_319/variant_319.json
19:25:52.257 INFO  StreamGobblerLogger - stderr.env: ‘interestingness_test’: No such file or directory
19:25:52.258 INFO  ExecHelper - Result: 127
19:25:52.258 INFO  CustomFileJudge - Custom file judge result: 127
19:25:52.258 INFO  ReductionDriver - Result from initial state is not interesting (attempt 2)
19:25:52.267 INFO  ExecHelper - interestingness_test /opt/reduce/rtx_4070/syn_lock_step_release/variant_319.comp reduction_results/rtx_4070/syn_lock_step_release/variant_319/variant_319.json
19:25:52.269 INFO  StreamGobblerLogger - stderr.env: ‘interestingness_test’: No such file or directory
19:25:52.269 INFO  ExecHelper - Result: 127
19:25:52.269 INFO  CustomFileJudge - Custom file judge result: 127
19:25:52.269 INFO  ReductionDriver - Result from initial state is not interesting (attempt 3)
19:25:52.278 INFO  ExecHelper - interestingness_test /opt/reduce/rtx_4070/syn_lock_step_release/variant_319.comp reduction_results/rtx_4070/syn_lock_step_release/variant_319/variant_319.json
19:25:52.279 INFO  StreamGobblerLogger - stderr.env: ‘interestingness_test’: No such file or directory
19:25:52.279 INFO  ExecHelper - Result: 127
19:25:52.279 INFO  CustomFileJudge - Custom file judge result: 127
19:25:52.279 INFO  ReductionDriver - Result from initial state is not interesting (attempt 4)
19:25:52.287 INFO  ExecHelper - interestingness_test /opt/reduce/rtx_4070/syn_lock_step_release/variant_319.comp reduction_results/rtx_4070/syn_lock_step_release/variant_319/variant_319.json
19:25:52.288 INFO  StreamGobblerLogger - stderr.env: ‘interestingness_test’: No such file or directory
19:25:52.288 INFO  ExecHelper - Result: 127
19:25:52.288 INFO  CustomFileJudge - Custom file judge result: 127
19:25:52.289 INFO  ReductionDriver - Result from initial state is not interesting (attempt 5)
19:25:52.289 INFO  ReductionDriver - Tried 5 times; stopping.
Reduction command: java -ea -cp /opt/graphicsfuzz/graphicsfuzz/target/graphicsfuzz/python/drivers/../../jar/tool-1.0.jar com.graphicsfuzz.reducer.tool.GlslReduce /opt/reduce/rtx_4070/syn_lock_step_release/variant_319.json interestingness_test --output reduction_results/rtx_4070/syn_lock_step_release/variant_319 /opt/reduce/rtx_4070/syn_lock_step_release/variant_319.comp
