18:19:30.610 INFO  ExecHelper - /opt/graphicsfuzz/graphicsfuzz/target/graphicsfuzz/bin/Linux/glslangValidator -E --stdin -S comp
18:19:30.661 INFO  ExecHelper - Result: 0
18:19:30.751 INFO  ReductionDriver - Starting reduction for variant_432
18:19:30.763 INFO  ExecHelper - interestingness_test /opt/reduce/cezanne_radeon_vega/syn_memory_converge/variant_432.comp reduction_results/cezanne_radeon_vega/syn_memory_converge/variant_432/variant_432.json
18:19:30.765 INFO  StreamGobblerLogger - stderr.env: ‘interestingness_test’: No such file or directory
18:19:30.766 INFO  ExecHelper - Result: 127
18:19:30.766 INFO  CustomFileJudge - Custom file judge result: 127
18:19:30.766 INFO  ReductionDriver - Result from initial state is not interesting (attempt 1)
18:19:30.768 INFO  ExecHelper - interestingness_test /opt/reduce/cezanne_radeon_vega/syn_memory_converge/variant_432.comp reduction_results/cezanne_radeon_vega/syn_memory_converge/variant_432/variant_432.json
18:19:30.769 INFO  StreamGobblerLogger - stderr.env: ‘interestingness_test’: No such file or directory
18:19:30.769 INFO  ExecHelper - Result: 127
18:19:30.770 INFO  CustomFileJudge - Custom file judge result: 127
18:19:30.770 INFO  ReductionDriver - Result from initial state is not interesting (attempt 2)
18:19:30.771 INFO  ExecHelper - interestingness_test /opt/reduce/cezanne_radeon_vega/syn_memory_converge/variant_432.comp reduction_results/cezanne_radeon_vega/syn_memory_converge/variant_432/variant_432.json
18:19:30.773 INFO  StreamGobblerLogger - stderr.env: ‘interestingness_test’: No such file or directory
18:19:30.773 INFO  ExecHelper - Result: 127
18:19:30.773 INFO  CustomFileJudge - Custom file judge result: 127
18:19:30.773 INFO  ReductionDriver - Result from initial state is not interesting (attempt 3)
18:19:30.775 INFO  ExecHelper - interestingness_test /opt/reduce/cezanne_radeon_vega/syn_memory_converge/variant_432.comp reduction_results/cezanne_radeon_vega/syn_memory_converge/variant_432/variant_432.json
18:19:30.776 INFO  StreamGobblerLogger - stderr.env: ‘interestingness_test’: No such file or directory
18:19:30.776 INFO  ExecHelper - Result: 127
18:19:30.776 INFO  CustomFileJudge - Custom file judge result: 127
18:19:30.776 INFO  ReductionDriver - Result from initial state is not interesting (attempt 4)
18:19:30.778 INFO  ExecHelper - interestingness_test /opt/reduce/cezanne_radeon_vega/syn_memory_converge/variant_432.comp reduction_results/cezanne_radeon_vega/syn_memory_converge/variant_432/variant_432.json
18:19:30.779 INFO  StreamGobblerLogger - stderr.env: ‘interestingness_test’: No such file or directory
18:19:30.780 INFO  ExecHelper - Result: 127
18:19:30.780 INFO  CustomFileJudge - Custom file judge result: 127
18:19:30.780 INFO  ReductionDriver - Result from initial state is not interesting (attempt 5)
18:19:30.780 INFO  ReductionDriver - Tried 5 times; stopping.
Reduction command: java -ea -cp /opt/graphicsfuzz/graphicsfuzz/target/graphicsfuzz/python/drivers/../../jar/tool-1.0.jar com.graphicsfuzz.reducer.tool.GlslReduce /opt/reduce/cezanne_radeon_vega/syn_memory_converge/variant_432.json interestingness_test --output reduction_results/cezanne_radeon_vega/syn_memory_converge/variant_432 /opt/reduce/cezanne_radeon_vega/syn_memory_converge/variant_432.comp
