19:16:45.162 INFO  ExecHelper - /opt/graphicsfuzz/graphicsfuzz/target/graphicsfuzz/bin/Linux/glslangValidator -E --stdin -S comp
19:16:45.305 INFO  ExecHelper - Result: 0
19:16:45.560 INFO  ReductionDriver - Starting reduction for variant_847
19:16:45.571 INFO  ExecHelper - interestingness_test /opt/reduce/intel_iris_xe_graphics/syn_memory_converge_atomic/variant_847.comp reduction_results/intel_iris_xe_graphics/syn_memory_converge_atomic/variant_847/variant_847.json
19:16:45.573 INFO  StreamGobblerLogger - stderr.env: ‘interestingness_test’: No such file or directory
19:16:45.574 INFO  ExecHelper - Result: 127
19:16:45.574 INFO  CustomFileJudge - Custom file judge result: 127
19:16:45.574 INFO  ReductionDriver - Result from initial state is not interesting (attempt 1)
19:16:45.577 INFO  ExecHelper - interestingness_test /opt/reduce/intel_iris_xe_graphics/syn_memory_converge_atomic/variant_847.comp reduction_results/intel_iris_xe_graphics/syn_memory_converge_atomic/variant_847/variant_847.json
19:16:45.578 INFO  StreamGobblerLogger - stderr.env: ‘interestingness_test’: No such file or directory
19:16:45.578 INFO  ExecHelper - Result: 127
19:16:45.578 INFO  CustomFileJudge - Custom file judge result: 127
19:16:45.578 INFO  ReductionDriver - Result from initial state is not interesting (attempt 2)
19:16:45.581 INFO  ExecHelper - interestingness_test /opt/reduce/intel_iris_xe_graphics/syn_memory_converge_atomic/variant_847.comp reduction_results/intel_iris_xe_graphics/syn_memory_converge_atomic/variant_847/variant_847.json
19:16:45.582 INFO  StreamGobblerLogger - stderr.env: ‘interestingness_test’: No such file or directory
19:16:45.583 INFO  ExecHelper - Result: 127
19:16:45.583 INFO  CustomFileJudge - Custom file judge result: 127
19:16:45.583 INFO  ReductionDriver - Result from initial state is not interesting (attempt 3)
19:16:45.585 INFO  ExecHelper - interestingness_test /opt/reduce/intel_iris_xe_graphics/syn_memory_converge_atomic/variant_847.comp reduction_results/intel_iris_xe_graphics/syn_memory_converge_atomic/variant_847/variant_847.json
19:16:45.587 INFO  StreamGobblerLogger - stderr.env: ‘interestingness_test’: No such file or directory
19:16:45.587 INFO  ExecHelper - Result: 127
19:16:45.587 INFO  CustomFileJudge - Custom file judge result: 127
19:16:45.587 INFO  ReductionDriver - Result from initial state is not interesting (attempt 4)
19:16:45.589 INFO  ExecHelper - interestingness_test /opt/reduce/intel_iris_xe_graphics/syn_memory_converge_atomic/variant_847.comp reduction_results/intel_iris_xe_graphics/syn_memory_converge_atomic/variant_847/variant_847.json
19:16:45.590 INFO  StreamGobblerLogger - stderr.env: ‘interestingness_test’: No such file or directory
19:16:45.591 INFO  ExecHelper - Result: 127
19:16:45.591 INFO  CustomFileJudge - Custom file judge result: 127
19:16:45.591 INFO  ReductionDriver - Result from initial state is not interesting (attempt 5)
19:16:45.591 INFO  ReductionDriver - Tried 5 times; stopping.
Reduction command: java -ea -cp /opt/graphicsfuzz/graphicsfuzz/target/graphicsfuzz/python/drivers/../../jar/tool-1.0.jar com.graphicsfuzz.reducer.tool.GlslReduce /opt/reduce/intel_iris_xe_graphics/syn_memory_converge_atomic/variant_847.json interestingness_test --output reduction_results/intel_iris_xe_graphics/syn_memory_converge_atomic/variant_847 /opt/reduce/intel_iris_xe_graphics/syn_memory_converge_atomic/variant_847.comp
