18:28:51.614 INFO  ExecHelper - /opt/graphicsfuzz/graphicsfuzz/target/graphicsfuzz/bin/Linux/glslangValidator -E --stdin -S comp
18:28:51.671 INFO  ExecHelper - Result: 0
18:28:52.243 INFO  ReductionDriver - Starting reduction for variant_119
18:28:52.309 INFO  ExecHelper - interestingness_test /opt/reduce/cezanne_radeon_vega/syn_memory_converge_atomic/variant_119.comp reduction_results/cezanne_radeon_vega/syn_memory_converge_atomic/variant_119/variant_119.json
18:28:52.311 INFO  StreamGobblerLogger - stderr.env: ‘interestingness_test’: No such file or directory
18:28:52.312 INFO  ExecHelper - Result: 127
18:28:52.312 INFO  CustomFileJudge - Custom file judge result: 127
18:28:52.312 INFO  ReductionDriver - Result from initial state is not interesting (attempt 1)
18:28:52.368 INFO  ExecHelper - interestingness_test /opt/reduce/cezanne_radeon_vega/syn_memory_converge_atomic/variant_119.comp reduction_results/cezanne_radeon_vega/syn_memory_converge_atomic/variant_119/variant_119.json
18:28:52.369 INFO  StreamGobblerLogger - stderr.env: ‘interestingness_test’: No such file or directory
18:28:52.370 INFO  ExecHelper - Result: 127
18:28:52.370 INFO  CustomFileJudge - Custom file judge result: 127
18:28:52.370 INFO  ReductionDriver - Result from initial state is not interesting (attempt 2)
18:28:52.422 INFO  ExecHelper - interestingness_test /opt/reduce/cezanne_radeon_vega/syn_memory_converge_atomic/variant_119.comp reduction_results/cezanne_radeon_vega/syn_memory_converge_atomic/variant_119/variant_119.json
18:28:52.424 INFO  StreamGobblerLogger - stderr.env: ‘interestingness_test’: No such file or directory
18:28:52.424 INFO  ExecHelper - Result: 127
18:28:52.424 INFO  CustomFileJudge - Custom file judge result: 127
18:28:52.424 INFO  ReductionDriver - Result from initial state is not interesting (attempt 3)
18:28:52.475 INFO  ExecHelper - interestingness_test /opt/reduce/cezanne_radeon_vega/syn_memory_converge_atomic/variant_119.comp reduction_results/cezanne_radeon_vega/syn_memory_converge_atomic/variant_119/variant_119.json
18:28:52.476 INFO  StreamGobblerLogger - stderr.env: ‘interestingness_test’: No such file or directory
18:28:52.477 INFO  ExecHelper - Result: 127
18:28:52.477 INFO  CustomFileJudge - Custom file judge result: 127
18:28:52.477 INFO  ReductionDriver - Result from initial state is not interesting (attempt 4)
18:28:52.527 INFO  ExecHelper - interestingness_test /opt/reduce/cezanne_radeon_vega/syn_memory_converge_atomic/variant_119.comp reduction_results/cezanne_radeon_vega/syn_memory_converge_atomic/variant_119/variant_119.json
18:28:52.528 INFO  StreamGobblerLogger - stderr.env: ‘interestingness_test’: No such file or directory
18:28:52.528 INFO  ExecHelper - Result: 127
18:28:52.529 INFO  CustomFileJudge - Custom file judge result: 127
18:28:52.529 INFO  ReductionDriver - Result from initial state is not interesting (attempt 5)
18:28:52.529 INFO  ReductionDriver - Tried 5 times; stopping.
Reduction command: java -ea -cp /opt/graphicsfuzz/graphicsfuzz/target/graphicsfuzz/python/drivers/../../jar/tool-1.0.jar com.graphicsfuzz.reducer.tool.GlslReduce /opt/reduce/cezanne_radeon_vega/syn_memory_converge_atomic/variant_119.json interestingness_test --output reduction_results/cezanne_radeon_vega/syn_memory_converge_atomic/variant_119 /opt/reduce/cezanne_radeon_vega/syn_memory_converge_atomic/variant_119.comp
