19:49:40.309 INFO  ExecHelper - /opt/graphicsfuzz/graphicsfuzz/target/graphicsfuzz/bin/Linux/glslangValidator -E --stdin -S comp
19:49:40.370 INFO  ExecHelper - Result: 0
19:49:40.812 INFO  ReductionDriver - Starting reduction for variant_647
19:49:40.971 INFO  ExecHelper - interestingness_test /opt/reduce/rtx_4070/syn_memory_converge_atomic/variant_647.comp reduction_results/rtx_4070/syn_memory_converge_atomic/variant_647/variant_647.json
19:49:40.973 INFO  StreamGobblerLogger - stderr.env: ‘interestingness_test’: No such file or directory
19:49:40.973 INFO  ExecHelper - Result: 127
19:49:40.973 INFO  CustomFileJudge - Custom file judge result: 127
19:49:40.974 INFO  ReductionDriver - Result from initial state is not interesting (attempt 1)
19:49:41.105 INFO  ExecHelper - interestingness_test /opt/reduce/rtx_4070/syn_memory_converge_atomic/variant_647.comp reduction_results/rtx_4070/syn_memory_converge_atomic/variant_647/variant_647.json
19:49:41.107 INFO  StreamGobblerLogger - stderr.env: ‘interestingness_test’: No such file or directory
19:49:41.107 INFO  ExecHelper - Result: 127
19:49:41.107 INFO  CustomFileJudge - Custom file judge result: 127
19:49:41.107 INFO  ReductionDriver - Result from initial state is not interesting (attempt 2)
19:49:41.231 INFO  ExecHelper - interestingness_test /opt/reduce/rtx_4070/syn_memory_converge_atomic/variant_647.comp reduction_results/rtx_4070/syn_memory_converge_atomic/variant_647/variant_647.json
19:49:41.232 INFO  StreamGobblerLogger - stderr.env: ‘interestingness_test’: No such file or directory
19:49:41.233 INFO  ExecHelper - Result: 127
19:49:41.233 INFO  CustomFileJudge - Custom file judge result: 127
19:49:41.233 INFO  ReductionDriver - Result from initial state is not interesting (attempt 3)
19:49:41.355 INFO  ExecHelper - interestingness_test /opt/reduce/rtx_4070/syn_memory_converge_atomic/variant_647.comp reduction_results/rtx_4070/syn_memory_converge_atomic/variant_647/variant_647.json
19:49:41.357 INFO  StreamGobblerLogger - stderr.env: ‘interestingness_test’: No such file or directory
19:49:41.357 INFO  ExecHelper - Result: 127
19:49:41.357 INFO  CustomFileJudge - Custom file judge result: 127
19:49:41.357 INFO  ReductionDriver - Result from initial state is not interesting (attempt 4)
19:49:41.479 INFO  ExecHelper - interestingness_test /opt/reduce/rtx_4070/syn_memory_converge_atomic/variant_647.comp reduction_results/rtx_4070/syn_memory_converge_atomic/variant_647/variant_647.json
19:49:41.480 INFO  StreamGobblerLogger - stderr.env: ‘interestingness_test’: No such file or directory
19:49:41.481 INFO  ExecHelper - Result: 127
19:49:41.481 INFO  CustomFileJudge - Custom file judge result: 127
19:49:41.481 INFO  ReductionDriver - Result from initial state is not interesting (attempt 5)
19:49:41.481 INFO  ReductionDriver - Tried 5 times; stopping.
Reduction command: java -ea -cp /opt/graphicsfuzz/graphicsfuzz/target/graphicsfuzz/python/drivers/../../jar/tool-1.0.jar com.graphicsfuzz.reducer.tool.GlslReduce /opt/reduce/rtx_4070/syn_memory_converge_atomic/variant_647.json interestingness_test --output reduction_results/rtx_4070/syn_memory_converge_atomic/variant_647 /opt/reduce/rtx_4070/syn_memory_converge_atomic/variant_647.comp
