19:33:47.881 INFO  ExecHelper - /opt/graphicsfuzz/graphicsfuzz/target/graphicsfuzz/bin/Linux/glslangValidator -E --stdin -S comp
19:33:47.928 INFO  ExecHelper - Result: 0
19:33:47.989 INFO  ReductionDriver - Starting reduction for variant_527
19:33:47.994 INFO  ExecHelper - interestingness_test /opt/reduce/rtx_4070/syn_memory_converge/variant_527.comp reduction_results/rtx_4070/syn_memory_converge/variant_527/variant_527.json
19:33:47.995 INFO  StreamGobblerLogger - stderr.env: ‘interestingness_test’: No such file or directory
19:33:47.996 INFO  ExecHelper - Result: 127
19:33:47.996 INFO  CustomFileJudge - Custom file judge result: 127
19:33:47.996 INFO  ReductionDriver - Result from initial state is not interesting (attempt 1)
19:33:47.997 INFO  ExecHelper - interestingness_test /opt/reduce/rtx_4070/syn_memory_converge/variant_527.comp reduction_results/rtx_4070/syn_memory_converge/variant_527/variant_527.json
19:33:47.998 INFO  StreamGobblerLogger - stderr.env: ‘interestingness_test’: No such file or directory
19:33:47.999 INFO  ExecHelper - Result: 127
19:33:47.999 INFO  CustomFileJudge - Custom file judge result: 127
19:33:47.999 INFO  ReductionDriver - Result from initial state is not interesting (attempt 2)
19:33:48.000 INFO  ExecHelper - interestingness_test /opt/reduce/rtx_4070/syn_memory_converge/variant_527.comp reduction_results/rtx_4070/syn_memory_converge/variant_527/variant_527.json
19:33:48.001 INFO  StreamGobblerLogger - stderr.env: ‘interestingness_test’: No such file or directory
19:33:48.001 INFO  ExecHelper - Result: 127
19:33:48.001 INFO  CustomFileJudge - Custom file judge result: 127
19:33:48.001 INFO  ReductionDriver - Result from initial state is not interesting (attempt 3)
19:33:48.002 INFO  ExecHelper - interestingness_test /opt/reduce/rtx_4070/syn_memory_converge/variant_527.comp reduction_results/rtx_4070/syn_memory_converge/variant_527/variant_527.json
19:33:48.003 INFO  StreamGobblerLogger - stderr.env: ‘interestingness_test’: No such file or directory
19:33:48.004 INFO  ExecHelper - Result: 127
19:33:48.004 INFO  CustomFileJudge - Custom file judge result: 127
19:33:48.004 INFO  ReductionDriver - Result from initial state is not interesting (attempt 4)
19:33:48.005 INFO  ExecHelper - interestingness_test /opt/reduce/rtx_4070/syn_memory_converge/variant_527.comp reduction_results/rtx_4070/syn_memory_converge/variant_527/variant_527.json
19:33:48.006 INFO  StreamGobblerLogger - stderr.env: ‘interestingness_test’: No such file or directory
19:33:48.006 INFO  ExecHelper - Result: 127
19:33:48.006 INFO  CustomFileJudge - Custom file judge result: 127
19:33:48.006 INFO  ReductionDriver - Result from initial state is not interesting (attempt 5)
19:33:48.006 INFO  ReductionDriver - Tried 5 times; stopping.
Reduction command: java -ea -cp /opt/graphicsfuzz/graphicsfuzz/target/graphicsfuzz/python/drivers/../../jar/tool-1.0.jar com.graphicsfuzz.reducer.tool.GlslReduce /opt/reduce/rtx_4070/syn_memory_converge/variant_527.json interestingness_test --output reduction_results/rtx_4070/syn_memory_converge/variant_527 /opt/reduce/rtx_4070/syn_memory_converge/variant_527.comp
