18:46:19.857 INFO  ExecHelper - /opt/graphicsfuzz/graphicsfuzz/target/graphicsfuzz/bin/Linux/glslangValidator -E --stdin -S comp
18:46:19.920 INFO  ExecHelper - Result: 0
18:46:22.362 INFO  ReductionDriver - Starting reduction for variant_471
18:46:22.576 INFO  ExecHelper - interestingness_test /opt/reduce/intel_iris_xe_graphics/syn_branch_syn_release/variant_471.comp reduction_results/intel_iris_xe_graphics/syn_branch_syn_release/variant_471/variant_471.json
18:46:22.579 INFO  StreamGobblerLogger - stderr.env: ‘interestingness_test’: No such file or directory
18:46:22.579 INFO  ExecHelper - Result: 127
18:46:22.579 INFO  CustomFileJudge - Custom file judge result: 127
18:46:22.579 INFO  ReductionDriver - Result from initial state is not interesting (attempt 1)
18:46:22.828 INFO  ExecHelper - interestingness_test /opt/reduce/intel_iris_xe_graphics/syn_branch_syn_release/variant_471.comp reduction_results/intel_iris_xe_graphics/syn_branch_syn_release/variant_471/variant_471.json
18:46:22.829 INFO  StreamGobblerLogger - stderr.env: ‘interestingness_test’: No such file or directory
18:46:22.830 INFO  ExecHelper - Result: 127
18:46:22.830 INFO  CustomFileJudge - Custom file judge result: 127
18:46:22.830 INFO  ReductionDriver - Result from initial state is not interesting (attempt 2)
18:46:23.027 INFO  ExecHelper - interestingness_test /opt/reduce/intel_iris_xe_graphics/syn_branch_syn_release/variant_471.comp reduction_results/intel_iris_xe_graphics/syn_branch_syn_release/variant_471/variant_471.json
18:46:23.029 INFO  StreamGobblerLogger - stderr.env: ‘interestingness_test’: No such file or directory
18:46:23.029 INFO  ExecHelper - Result: 127
18:46:23.030 INFO  CustomFileJudge - Custom file judge result: 127
18:46:23.030 INFO  ReductionDriver - Result from initial state is not interesting (attempt 3)
18:46:23.219 INFO  ExecHelper - interestingness_test /opt/reduce/intel_iris_xe_graphics/syn_branch_syn_release/variant_471.comp reduction_results/intel_iris_xe_graphics/syn_branch_syn_release/variant_471/variant_471.json
18:46:23.221 INFO  StreamGobblerLogger - stderr.env: ‘interestingness_test’: No such file or directory
18:46:23.221 INFO  ExecHelper - Result: 127
18:46:23.221 INFO  CustomFileJudge - Custom file judge result: 127
18:46:23.221 INFO  ReductionDriver - Result from initial state is not interesting (attempt 4)
18:46:23.408 INFO  ExecHelper - interestingness_test /opt/reduce/intel_iris_xe_graphics/syn_branch_syn_release/variant_471.comp reduction_results/intel_iris_xe_graphics/syn_branch_syn_release/variant_471/variant_471.json
18:46:23.410 INFO  StreamGobblerLogger - stderr.env: ‘interestingness_test’: No such file or directory
18:46:23.410 INFO  ExecHelper - Result: 127
18:46:23.411 INFO  CustomFileJudge - Custom file judge result: 127
18:46:23.411 INFO  ReductionDriver - Result from initial state is not interesting (attempt 5)
18:46:23.411 INFO  ReductionDriver - Tried 5 times; stopping.
Reduction command: java -ea -cp /opt/graphicsfuzz/graphicsfuzz/target/graphicsfuzz/python/drivers/../../jar/tool-1.0.jar com.graphicsfuzz.reducer.tool.GlslReduce /opt/reduce/intel_iris_xe_graphics/syn_branch_syn_release/variant_471.json interestingness_test --output reduction_results/intel_iris_xe_graphics/syn_branch_syn_release/variant_471 /opt/reduce/intel_iris_xe_graphics/syn_branch_syn_release/variant_471.comp
