18:44:17.165 INFO  ExecHelper - /opt/graphicsfuzz/graphicsfuzz/target/graphicsfuzz/bin/Linux/glslangValidator -E --stdin -S comp
18:44:17.276 INFO  ExecHelper - Result: 0
18:44:17.694 INFO  ReductionDriver - Starting reduction for variant_707
18:44:17.708 INFO  ExecHelper - interestingness_test /opt/reduce/intel_iris_xe_graphics/syn_branch_syn/variant_707.comp reduction_results/intel_iris_xe_graphics/syn_branch_syn/variant_707/variant_707.json
18:44:17.710 INFO  StreamGobblerLogger - stderr.env: ‘interestingness_test’: No such file or directory
18:44:17.710 INFO  ExecHelper - Result: 127
18:44:17.710 INFO  CustomFileJudge - Custom file judge result: 127
18:44:17.710 INFO  ReductionDriver - Result from initial state is not interesting (attempt 1)
18:44:17.716 INFO  ExecHelper - interestingness_test /opt/reduce/intel_iris_xe_graphics/syn_branch_syn/variant_707.comp reduction_results/intel_iris_xe_graphics/syn_branch_syn/variant_707/variant_707.json
18:44:17.717 INFO  StreamGobblerLogger - stderr.env: ‘interestingness_test’: No such file or directory
18:44:17.718 INFO  ExecHelper - Result: 127
18:44:17.718 INFO  CustomFileJudge - Custom file judge result: 127
18:44:17.718 INFO  ReductionDriver - Result from initial state is not interesting (attempt 2)
18:44:17.723 INFO  ExecHelper - interestingness_test /opt/reduce/intel_iris_xe_graphics/syn_branch_syn/variant_707.comp reduction_results/intel_iris_xe_graphics/syn_branch_syn/variant_707/variant_707.json
18:44:17.724 INFO  StreamGobblerLogger - stderr.env: ‘interestingness_test’: No such file or directory
18:44:17.724 INFO  ExecHelper - Result: 127
18:44:17.725 INFO  CustomFileJudge - Custom file judge result: 127
18:44:17.725 INFO  ReductionDriver - Result from initial state is not interesting (attempt 3)
18:44:17.729 INFO  ExecHelper - interestingness_test /opt/reduce/intel_iris_xe_graphics/syn_branch_syn/variant_707.comp reduction_results/intel_iris_xe_graphics/syn_branch_syn/variant_707/variant_707.json
18:44:17.730 INFO  StreamGobblerLogger - stderr.env: ‘interestingness_test’: No such file or directory
18:44:17.731 INFO  ExecHelper - Result: 127
18:44:17.731 INFO  CustomFileJudge - Custom file judge result: 127
18:44:17.731 INFO  ReductionDriver - Result from initial state is not interesting (attempt 4)
18:44:17.735 INFO  ExecHelper - interestingness_test /opt/reduce/intel_iris_xe_graphics/syn_branch_syn/variant_707.comp reduction_results/intel_iris_xe_graphics/syn_branch_syn/variant_707/variant_707.json
18:44:17.736 INFO  StreamGobblerLogger - stderr.env: ‘interestingness_test’: No such file or directory
18:44:17.737 INFO  ExecHelper - Result: 127
18:44:17.737 INFO  CustomFileJudge - Custom file judge result: 127
18:44:17.737 INFO  ReductionDriver - Result from initial state is not interesting (attempt 5)
18:44:17.737 INFO  ReductionDriver - Tried 5 times; stopping.
Reduction command: java -ea -cp /opt/graphicsfuzz/graphicsfuzz/target/graphicsfuzz/python/drivers/../../jar/tool-1.0.jar com.graphicsfuzz.reducer.tool.GlslReduce /opt/reduce/intel_iris_xe_graphics/syn_branch_syn/variant_707.json interestingness_test --output reduction_results/intel_iris_xe_graphics/syn_branch_syn/variant_707 /opt/reduce/intel_iris_xe_graphics/syn_branch_syn/variant_707.comp
