18:51:56.242 INFO  ExecHelper - /opt/graphicsfuzz/graphicsfuzz/target/graphicsfuzz/bin/Linux/glslangValidator -E --stdin -S comp
18:51:56.306 INFO  ExecHelper - Result: 0
18:51:56.663 INFO  ReductionDriver - Starting reduction for variant_135
18:51:56.779 INFO  ExecHelper - interestingness_test /opt/reduce/intel_iris_xe_graphics/syn_memory_converge/variant_135.comp reduction_results/intel_iris_xe_graphics/syn_memory_converge/variant_135/variant_135.json
18:51:56.781 INFO  StreamGobblerLogger - stderr.env: ‘interestingness_test’: No such file or directory
18:51:56.781 INFO  ExecHelper - Result: 127
18:51:56.781 INFO  CustomFileJudge - Custom file judge result: 127
18:51:56.781 INFO  ReductionDriver - Result from initial state is not interesting (attempt 1)
18:51:56.872 INFO  ExecHelper - interestingness_test /opt/reduce/intel_iris_xe_graphics/syn_memory_converge/variant_135.comp reduction_results/intel_iris_xe_graphics/syn_memory_converge/variant_135/variant_135.json
18:51:56.874 INFO  StreamGobblerLogger - stderr.env: ‘interestingness_test’: No such file or directory
18:51:56.875 INFO  ExecHelper - Result: 127
18:51:56.875 INFO  CustomFileJudge - Custom file judge result: 127
18:51:56.875 INFO  ReductionDriver - Result from initial state is not interesting (attempt 2)
18:51:56.958 INFO  ExecHelper - interestingness_test /opt/reduce/intel_iris_xe_graphics/syn_memory_converge/variant_135.comp reduction_results/intel_iris_xe_graphics/syn_memory_converge/variant_135/variant_135.json
18:51:56.959 INFO  StreamGobblerLogger - stderr.env: ‘interestingness_test’: No such file or directory
18:51:56.960 INFO  ExecHelper - Result: 127
18:51:56.960 INFO  CustomFileJudge - Custom file judge result: 127
18:51:56.960 INFO  ReductionDriver - Result from initial state is not interesting (attempt 3)
18:51:57.039 INFO  ExecHelper - interestingness_test /opt/reduce/intel_iris_xe_graphics/syn_memory_converge/variant_135.comp reduction_results/intel_iris_xe_graphics/syn_memory_converge/variant_135/variant_135.json
18:51:57.040 INFO  StreamGobblerLogger - stderr.env: ‘interestingness_test’: No such file or directory
18:51:57.042 INFO  ExecHelper - Result: 127
18:51:57.042 INFO  CustomFileJudge - Custom file judge result: 127
18:51:57.042 INFO  ReductionDriver - Result from initial state is not interesting (attempt 4)
18:51:57.121 INFO  ExecHelper - interestingness_test /opt/reduce/intel_iris_xe_graphics/syn_memory_converge/variant_135.comp reduction_results/intel_iris_xe_graphics/syn_memory_converge/variant_135/variant_135.json
18:51:57.122 INFO  StreamGobblerLogger - stderr.env: ‘interestingness_test’: No such file or directory
18:51:57.123 INFO  ExecHelper - Result: 127
18:51:57.123 INFO  CustomFileJudge - Custom file judge result: 127
18:51:57.123 INFO  ReductionDriver - Result from initial state is not interesting (attempt 5)
18:51:57.123 INFO  ReductionDriver - Tried 5 times; stopping.
Reduction command: java -ea -cp /opt/graphicsfuzz/graphicsfuzz/target/graphicsfuzz/python/drivers/../../jar/tool-1.0.jar com.graphicsfuzz.reducer.tool.GlslReduce /opt/reduce/intel_iris_xe_graphics/syn_memory_converge/variant_135.json interestingness_test --output reduction_results/intel_iris_xe_graphics/syn_memory_converge/variant_135 /opt/reduce/intel_iris_xe_graphics/syn_memory_converge/variant_135.comp
