19:56:21.212 INFO  ExecHelper - /opt/graphicsfuzz/graphicsfuzz/target/graphicsfuzz/bin/Linux/glslangValidator -E --stdin -S comp
19:56:21.299 INFO  ExecHelper - Result: 0
19:56:21.680 INFO  ReductionDriver - Starting reduction for variant_123
19:56:21.693 INFO  ExecHelper - interestingness_test /opt/reduce/rtx_4070/syn_subgroup_op_release/variant_123.comp reduction_results/rtx_4070/syn_subgroup_op_release/variant_123/variant_123.json
19:56:21.694 INFO  StreamGobblerLogger - stderr.env: ‘interestingness_test’: No such file or directory
19:56:21.695 INFO  ExecHelper - Result: 127
19:56:21.695 INFO  CustomFileJudge - Custom file judge result: 127
19:56:21.695 INFO  ReductionDriver - Result from initial state is not interesting (attempt 1)
19:56:21.699 INFO  ExecHelper - interestingness_test /opt/reduce/rtx_4070/syn_subgroup_op_release/variant_123.comp reduction_results/rtx_4070/syn_subgroup_op_release/variant_123/variant_123.json
19:56:21.700 INFO  StreamGobblerLogger - stderr.env: ‘interestingness_test’: No such file or directory
19:56:21.700 INFO  ExecHelper - Result: 127
19:56:21.700 INFO  CustomFileJudge - Custom file judge result: 127
19:56:21.700 INFO  ReductionDriver - Result from initial state is not interesting (attempt 2)
19:56:21.704 INFO  ExecHelper - interestingness_test /opt/reduce/rtx_4070/syn_subgroup_op_release/variant_123.comp reduction_results/rtx_4070/syn_subgroup_op_release/variant_123/variant_123.json
19:56:21.705 INFO  StreamGobblerLogger - stderr.env: ‘interestingness_test’: No such file or directory
19:56:21.705 INFO  ExecHelper - Result: 127
19:56:21.705 INFO  CustomFileJudge - Custom file judge result: 127
19:56:21.705 INFO  ReductionDriver - Result from initial state is not interesting (attempt 3)
19:56:21.709 INFO  ExecHelper - interestingness_test /opt/reduce/rtx_4070/syn_subgroup_op_release/variant_123.comp reduction_results/rtx_4070/syn_subgroup_op_release/variant_123/variant_123.json
19:56:21.710 INFO  StreamGobblerLogger - stderr.env: ‘interestingness_test’: No such file or directory
19:56:21.710 INFO  ExecHelper - Result: 127
19:56:21.710 INFO  CustomFileJudge - Custom file judge result: 127
19:56:21.710 INFO  ReductionDriver - Result from initial state is not interesting (attempt 4)
19:56:21.713 INFO  ExecHelper - interestingness_test /opt/reduce/rtx_4070/syn_subgroup_op_release/variant_123.comp reduction_results/rtx_4070/syn_subgroup_op_release/variant_123/variant_123.json
19:56:21.714 INFO  StreamGobblerLogger - stderr.env: ‘interestingness_test’: No such file or directory
19:56:21.715 INFO  ExecHelper - Result: 127
19:56:21.715 INFO  CustomFileJudge - Custom file judge result: 127
19:56:21.715 INFO  ReductionDriver - Result from initial state is not interesting (attempt 5)
19:56:21.715 INFO  ReductionDriver - Tried 5 times; stopping.
Reduction command: java -ea -cp /opt/graphicsfuzz/graphicsfuzz/target/graphicsfuzz/python/drivers/../../jar/tool-1.0.jar com.graphicsfuzz.reducer.tool.GlslReduce /opt/reduce/rtx_4070/syn_subgroup_op_release/variant_123.json interestingness_test --output reduction_results/rtx_4070/syn_subgroup_op_release/variant_123 /opt/reduce/rtx_4070/syn_subgroup_op_release/variant_123.comp
