18:34:00.833 INFO  ExecHelper - /opt/graphicsfuzz/graphicsfuzz/target/graphicsfuzz/bin/Linux/glslangValidator -E --stdin -S comp
18:34:00.895 INFO  ExecHelper - Result: 0
18:34:01.241 INFO  ReductionDriver - Starting reduction for variant_491
18:34:01.372 INFO  ExecHelper - interestingness_test /opt/reduce/cezanne_radeon_vega/syn_memory_converge_atomic/variant_491.comp reduction_results/cezanne_radeon_vega/syn_memory_converge_atomic/variant_491/variant_491.json
18:34:01.374 INFO  StreamGobblerLogger - stderr.env: ‘interestingness_test’: No such file or directory
18:34:01.374 INFO  ExecHelper - Result: 127
18:34:01.374 INFO  CustomFileJudge - Custom file judge result: 127
18:34:01.374 INFO  ReductionDriver - Result from initial state is not interesting (attempt 1)
18:34:01.480 INFO  ExecHelper - interestingness_test /opt/reduce/cezanne_radeon_vega/syn_memory_converge_atomic/variant_491.comp reduction_results/cezanne_radeon_vega/syn_memory_converge_atomic/variant_491/variant_491.json
18:34:01.482 INFO  StreamGobblerLogger - stderr.env: ‘interestingness_test’: No such file or directory
18:34:01.482 INFO  ExecHelper - Result: 127
18:34:01.482 INFO  CustomFileJudge - Custom file judge result: 127
18:34:01.482 INFO  ReductionDriver - Result from initial state is not interesting (attempt 2)
18:34:01.588 INFO  ExecHelper - interestingness_test /opt/reduce/cezanne_radeon_vega/syn_memory_converge_atomic/variant_491.comp reduction_results/cezanne_radeon_vega/syn_memory_converge_atomic/variant_491/variant_491.json
18:34:01.590 INFO  StreamGobblerLogger - stderr.env: ‘interestingness_test’: No such file or directory
18:34:01.590 INFO  ExecHelper - Result: 127
18:34:01.591 INFO  CustomFileJudge - Custom file judge result: 127
18:34:01.591 INFO  ReductionDriver - Result from initial state is not interesting (attempt 3)
18:34:01.684 INFO  ExecHelper - interestingness_test /opt/reduce/cezanne_radeon_vega/syn_memory_converge_atomic/variant_491.comp reduction_results/cezanne_radeon_vega/syn_memory_converge_atomic/variant_491/variant_491.json
18:34:01.686 INFO  StreamGobblerLogger - stderr.env: ‘interestingness_test’: No such file or directory
18:34:01.687 INFO  ExecHelper - Result: 127
18:34:01.687 INFO  CustomFileJudge - Custom file judge result: 127
18:34:01.687 INFO  ReductionDriver - Result from initial state is not interesting (attempt 4)
18:34:01.780 INFO  ExecHelper - interestingness_test /opt/reduce/cezanne_radeon_vega/syn_memory_converge_atomic/variant_491.comp reduction_results/cezanne_radeon_vega/syn_memory_converge_atomic/variant_491/variant_491.json
18:34:01.781 INFO  StreamGobblerLogger - stderr.env: ‘interestingness_test’: No such file or directory
18:34:01.783 INFO  ExecHelper - Result: 127
18:34:01.783 INFO  CustomFileJudge - Custom file judge result: 127
18:34:01.783 INFO  ReductionDriver - Result from initial state is not interesting (attempt 5)
18:34:01.783 INFO  ReductionDriver - Tried 5 times; stopping.
Reduction command: java -ea -cp /opt/graphicsfuzz/graphicsfuzz/target/graphicsfuzz/python/drivers/../../jar/tool-1.0.jar com.graphicsfuzz.reducer.tool.GlslReduce /opt/reduce/cezanne_radeon_vega/syn_memory_converge_atomic/variant_491.json interestingness_test --output reduction_results/cezanne_radeon_vega/syn_memory_converge_atomic/variant_491 /opt/reduce/cezanne_radeon_vega/syn_memory_converge_atomic/variant_491.comp
