18:15:50.757 INFO  ExecHelper - /opt/graphicsfuzz/graphicsfuzz/target/graphicsfuzz/bin/Linux/glslangValidator -E --stdin -S comp
18:15:50.815 INFO  ExecHelper - Result: 0
18:15:51.115 INFO  ReductionDriver - Starting reduction for variant_150
18:15:51.247 INFO  ExecHelper - interestingness_test /opt/reduce/cezanne_radeon_vega/syn_memory_converge/variant_150.comp reduction_results/cezanne_radeon_vega/syn_memory_converge/variant_150/variant_150.json
18:15:51.249 INFO  StreamGobblerLogger - stderr.env: ‘interestingness_test’: No such file or directory
18:15:51.250 INFO  ExecHelper - Result: 127
18:15:51.250 INFO  CustomFileJudge - Custom file judge result: 127
18:15:51.250 INFO  ReductionDriver - Result from initial state is not interesting (attempt 1)
18:15:51.320 INFO  ExecHelper - interestingness_test /opt/reduce/cezanne_radeon_vega/syn_memory_converge/variant_150.comp reduction_results/cezanne_radeon_vega/syn_memory_converge/variant_150/variant_150.json
18:15:51.321 INFO  StreamGobblerLogger - stderr.env: ‘interestingness_test’: No such file or directory
18:15:51.322 INFO  ExecHelper - Result: 127
18:15:51.322 INFO  CustomFileJudge - Custom file judge result: 127
18:15:51.322 INFO  ReductionDriver - Result from initial state is not interesting (attempt 2)
18:15:51.386 INFO  ExecHelper - interestingness_test /opt/reduce/cezanne_radeon_vega/syn_memory_converge/variant_150.comp reduction_results/cezanne_radeon_vega/syn_memory_converge/variant_150/variant_150.json
18:15:51.388 INFO  StreamGobblerLogger - stderr.env: ‘interestingness_test’: No such file or directory
18:15:51.389 INFO  ExecHelper - Result: 127
18:15:51.389 INFO  CustomFileJudge - Custom file judge result: 127
18:15:51.389 INFO  ReductionDriver - Result from initial state is not interesting (attempt 3)
18:15:51.452 INFO  ExecHelper - interestingness_test /opt/reduce/cezanne_radeon_vega/syn_memory_converge/variant_150.comp reduction_results/cezanne_radeon_vega/syn_memory_converge/variant_150/variant_150.json
18:15:51.453 INFO  StreamGobblerLogger - stderr.env: ‘interestingness_test’: No such file or directory
18:15:51.454 INFO  ExecHelper - Result: 127
18:15:51.454 INFO  CustomFileJudge - Custom file judge result: 127
18:15:51.454 INFO  ReductionDriver - Result from initial state is not interesting (attempt 4)
18:15:51.517 INFO  ExecHelper - interestingness_test /opt/reduce/cezanne_radeon_vega/syn_memory_converge/variant_150.comp reduction_results/cezanne_radeon_vega/syn_memory_converge/variant_150/variant_150.json
18:15:51.518 INFO  StreamGobblerLogger - stderr.env: ‘interestingness_test’: No such file or directory
18:15:51.519 INFO  ExecHelper - Result: 127
18:15:51.519 INFO  CustomFileJudge - Custom file judge result: 127
18:15:51.519 INFO  ReductionDriver - Result from initial state is not interesting (attempt 5)
18:15:51.519 INFO  ReductionDriver - Tried 5 times; stopping.
Reduction command: java -ea -cp /opt/graphicsfuzz/graphicsfuzz/target/graphicsfuzz/python/drivers/../../jar/tool-1.0.jar com.graphicsfuzz.reducer.tool.GlslReduce /opt/reduce/cezanne_radeon_vega/syn_memory_converge/variant_150.json interestingness_test --output reduction_results/cezanne_radeon_vega/syn_memory_converge/variant_150 /opt/reduce/cezanne_radeon_vega/syn_memory_converge/variant_150.comp
