18:42:50.710 INFO  ExecHelper - /opt/graphicsfuzz/graphicsfuzz/target/graphicsfuzz/bin/Linux/glslangValidator -E --stdin -S comp
18:42:50.898 INFO  ExecHelper - Result: 0
18:42:51.737 INFO  ReductionDriver - Starting reduction for variant_377
18:42:51.753 INFO  ExecHelper - interestingness_test /opt/reduce/cezanne_radeon_vega/syn_subgroup_op_release/variant_377.comp reduction_results/cezanne_radeon_vega/syn_subgroup_op_release/variant_377/variant_377.json
18:42:51.755 INFO  StreamGobblerLogger - stderr.env: ‘interestingness_test’: No such file or directory
18:42:51.755 INFO  ExecHelper - Result: 127
18:42:51.755 INFO  CustomFileJudge - Custom file judge result: 127
18:42:51.755 INFO  ReductionDriver - Result from initial state is not interesting (attempt 1)
18:42:51.761 INFO  ExecHelper - interestingness_test /opt/reduce/cezanne_radeon_vega/syn_subgroup_op_release/variant_377.comp reduction_results/cezanne_radeon_vega/syn_subgroup_op_release/variant_377/variant_377.json
18:42:51.763 INFO  StreamGobblerLogger - stderr.env: ‘interestingness_test’: No such file or directory
18:42:51.763 INFO  ExecHelper - Result: 127
18:42:51.763 INFO  CustomFileJudge - Custom file judge result: 127
18:42:51.763 INFO  ReductionDriver - Result from initial state is not interesting (attempt 2)
18:42:51.769 INFO  ExecHelper - interestingness_test /opt/reduce/cezanne_radeon_vega/syn_subgroup_op_release/variant_377.comp reduction_results/cezanne_radeon_vega/syn_subgroup_op_release/variant_377/variant_377.json
18:42:51.770 INFO  StreamGobblerLogger - stderr.env: ‘interestingness_test’: No such file or directory
18:42:51.771 INFO  ExecHelper - Result: 127
18:42:51.771 INFO  CustomFileJudge - Custom file judge result: 127
18:42:51.771 INFO  ReductionDriver - Result from initial state is not interesting (attempt 3)
18:42:51.778 INFO  ExecHelper - interestingness_test /opt/reduce/cezanne_radeon_vega/syn_subgroup_op_release/variant_377.comp reduction_results/cezanne_radeon_vega/syn_subgroup_op_release/variant_377/variant_377.json
18:42:51.779 INFO  StreamGobblerLogger - stderr.env: ‘interestingness_test’: No such file or directory
18:42:51.779 INFO  ExecHelper - Result: 127
18:42:51.780 INFO  CustomFileJudge - Custom file judge result: 127
18:42:51.780 INFO  ReductionDriver - Result from initial state is not interesting (attempt 4)
18:42:51.784 INFO  ExecHelper - interestingness_test /opt/reduce/cezanne_radeon_vega/syn_subgroup_op_release/variant_377.comp reduction_results/cezanne_radeon_vega/syn_subgroup_op_release/variant_377/variant_377.json
18:42:51.785 INFO  StreamGobblerLogger - stderr.env: ‘interestingness_test’: No such file or directory
18:42:51.786 INFO  ExecHelper - Result: 127
18:42:51.786 INFO  CustomFileJudge - Custom file judge result: 127
18:42:51.786 INFO  ReductionDriver - Result from initial state is not interesting (attempt 5)
18:42:51.786 INFO  ReductionDriver - Tried 5 times; stopping.
Reduction command: java -ea -cp /opt/graphicsfuzz/graphicsfuzz/target/graphicsfuzz/python/drivers/../../jar/tool-1.0.jar com.graphicsfuzz.reducer.tool.GlslReduce /opt/reduce/cezanne_radeon_vega/syn_subgroup_op_release/variant_377.json interestingness_test --output reduction_results/cezanne_radeon_vega/syn_subgroup_op_release/variant_377 /opt/reduce/cezanne_radeon_vega/syn_subgroup_op_release/variant_377.comp
