18:59:41.916 INFO  ExecHelper - /opt/graphicsfuzz/graphicsfuzz/target/graphicsfuzz/bin/Linux/glslangValidator -E --stdin -S comp
18:59:42.013 INFO  ExecHelper - Result: 0
18:59:42.401 INFO  ReductionDriver - Starting reduction for variant_672
18:59:42.413 INFO  ExecHelper - interestingness_test /opt/reduce/intel_iris_xe_graphics/syn_memory_converge/variant_672.comp reduction_results/intel_iris_xe_graphics/syn_memory_converge/variant_672/variant_672.json
18:59:42.415 INFO  StreamGobblerLogger - stderr.env: ‘interestingness_test’: No such file or directory
18:59:42.415 INFO  ExecHelper - Result: 127
18:59:42.415 INFO  CustomFileJudge - Custom file judge result: 127
18:59:42.415 INFO  ReductionDriver - Result from initial state is not interesting (attempt 1)
18:59:42.418 INFO  ExecHelper - interestingness_test /opt/reduce/intel_iris_xe_graphics/syn_memory_converge/variant_672.comp reduction_results/intel_iris_xe_graphics/syn_memory_converge/variant_672/variant_672.json
18:59:42.419 INFO  StreamGobblerLogger - stderr.env: ‘interestingness_test’: No such file or directory
18:59:42.420 INFO  ExecHelper - Result: 127
18:59:42.420 INFO  CustomFileJudge - Custom file judge result: 127
18:59:42.420 INFO  ReductionDriver - Result from initial state is not interesting (attempt 2)
18:59:42.422 INFO  ExecHelper - interestingness_test /opt/reduce/intel_iris_xe_graphics/syn_memory_converge/variant_672.comp reduction_results/intel_iris_xe_graphics/syn_memory_converge/variant_672/variant_672.json
18:59:42.424 INFO  StreamGobblerLogger - stderr.env: ‘interestingness_test’: No such file or directory
18:59:42.424 INFO  ExecHelper - Result: 127
18:59:42.424 INFO  CustomFileJudge - Custom file judge result: 127
18:59:42.424 INFO  ReductionDriver - Result from initial state is not interesting (attempt 3)
18:59:42.426 INFO  ExecHelper - interestingness_test /opt/reduce/intel_iris_xe_graphics/syn_memory_converge/variant_672.comp reduction_results/intel_iris_xe_graphics/syn_memory_converge/variant_672/variant_672.json
18:59:42.428 INFO  StreamGobblerLogger - stderr.env: ‘interestingness_test’: No such file or directory
18:59:42.428 INFO  ExecHelper - Result: 127
18:59:42.428 INFO  CustomFileJudge - Custom file judge result: 127
18:59:42.428 INFO  ReductionDriver - Result from initial state is not interesting (attempt 4)
18:59:42.430 INFO  ExecHelper - interestingness_test /opt/reduce/intel_iris_xe_graphics/syn_memory_converge/variant_672.comp reduction_results/intel_iris_xe_graphics/syn_memory_converge/variant_672/variant_672.json
18:59:42.431 INFO  StreamGobblerLogger - stderr.env: ‘interestingness_test’: No such file or directory
18:59:42.432 INFO  ExecHelper - Result: 127
18:59:42.432 INFO  CustomFileJudge - Custom file judge result: 127
18:59:42.432 INFO  ReductionDriver - Result from initial state is not interesting (attempt 5)
18:59:42.432 INFO  ReductionDriver - Tried 5 times; stopping.
Reduction command: java -ea -cp /opt/graphicsfuzz/graphicsfuzz/target/graphicsfuzz/python/drivers/../../jar/tool-1.0.jar com.graphicsfuzz.reducer.tool.GlslReduce /opt/reduce/intel_iris_xe_graphics/syn_memory_converge/variant_672.json interestingness_test --output reduction_results/intel_iris_xe_graphics/syn_memory_converge/variant_672 /opt/reduce/intel_iris_xe_graphics/syn_memory_converge/variant_672.comp
