19:27:55.941 INFO  ExecHelper - /opt/graphicsfuzz/graphicsfuzz/target/graphicsfuzz/bin/Linux/glslangValidator -E --stdin -S comp
19:27:55.998 INFO  ExecHelper - Result: 0
19:27:56.457 INFO  ReductionDriver - Starting reduction for variant_128
19:27:56.566 INFO  ExecHelper - interestingness_test /opt/reduce/rtx_4070/syn_memory_converge/variant_128.comp reduction_results/rtx_4070/syn_memory_converge/variant_128/variant_128.json
19:27:56.568 INFO  StreamGobblerLogger - stderr.env: ‘interestingness_test’: No such file or directory
19:27:56.568 INFO  ExecHelper - Result: 127
19:27:56.568 INFO  CustomFileJudge - Custom file judge result: 127
19:27:56.568 INFO  ReductionDriver - Result from initial state is not interesting (attempt 1)
19:27:56.651 INFO  ExecHelper - interestingness_test /opt/reduce/rtx_4070/syn_memory_converge/variant_128.comp reduction_results/rtx_4070/syn_memory_converge/variant_128/variant_128.json
19:27:56.653 INFO  StreamGobblerLogger - stderr.env: ‘interestingness_test’: No such file or directory
19:27:56.653 INFO  ExecHelper - Result: 127
19:27:56.653 INFO  CustomFileJudge - Custom file judge result: 127
19:27:56.653 INFO  ReductionDriver - Result from initial state is not interesting (attempt 2)
19:27:56.741 INFO  ExecHelper - interestingness_test /opt/reduce/rtx_4070/syn_memory_converge/variant_128.comp reduction_results/rtx_4070/syn_memory_converge/variant_128/variant_128.json
19:27:56.742 INFO  StreamGobblerLogger - stderr.env: ‘interestingness_test’: No such file or directory
19:27:56.743 INFO  ExecHelper - Result: 127
19:27:56.743 INFO  CustomFileJudge - Custom file judge result: 127
19:27:56.743 INFO  ReductionDriver - Result from initial state is not interesting (attempt 3)
19:27:56.829 INFO  ExecHelper - interestingness_test /opt/reduce/rtx_4070/syn_memory_converge/variant_128.comp reduction_results/rtx_4070/syn_memory_converge/variant_128/variant_128.json
19:27:56.830 INFO  StreamGobblerLogger - stderr.env: ‘interestingness_test’: No such file or directory
19:27:56.831 INFO  ExecHelper - Result: 127
19:27:56.832 INFO  CustomFileJudge - Custom file judge result: 127
19:27:56.832 INFO  ReductionDriver - Result from initial state is not interesting (attempt 4)
19:27:56.905 INFO  ExecHelper - interestingness_test /opt/reduce/rtx_4070/syn_memory_converge/variant_128.comp reduction_results/rtx_4070/syn_memory_converge/variant_128/variant_128.json
19:27:56.906 INFO  StreamGobblerLogger - stderr.env: ‘interestingness_test’: No such file or directory
19:27:56.907 INFO  ExecHelper - Result: 127
19:27:56.907 INFO  CustomFileJudge - Custom file judge result: 127
19:27:56.907 INFO  ReductionDriver - Result from initial state is not interesting (attempt 5)
19:27:56.907 INFO  ReductionDriver - Tried 5 times; stopping.
Reduction command: java -ea -cp /opt/graphicsfuzz/graphicsfuzz/target/graphicsfuzz/python/drivers/../../jar/tool-1.0.jar com.graphicsfuzz.reducer.tool.GlslReduce /opt/reduce/rtx_4070/syn_memory_converge/variant_128.json interestingness_test --output reduction_results/rtx_4070/syn_memory_converge/variant_128 /opt/reduce/rtx_4070/syn_memory_converge/variant_128.comp
