18:23:48.418 INFO  ExecHelper - /opt/graphicsfuzz/graphicsfuzz/target/graphicsfuzz/bin/Linux/glslangValidator -E --stdin -S comp
18:23:48.466 INFO  ExecHelper - Result: 0
18:23:48.558 INFO  ReductionDriver - Starting reduction for variant_741
18:23:48.574 INFO  ExecHelper - interestingness_test /opt/reduce/cezanne_radeon_vega/syn_memory_converge/variant_741.comp reduction_results/cezanne_radeon_vega/syn_memory_converge/variant_741/variant_741.json
18:23:48.575 INFO  StreamGobblerLogger - stderr.env: ‘interestingness_test’: No such file or directory
18:23:48.576 INFO  ExecHelper - Result: 127
18:23:48.576 INFO  CustomFileJudge - Custom file judge result: 127
18:23:48.576 INFO  ReductionDriver - Result from initial state is not interesting (attempt 1)
18:23:48.579 INFO  ExecHelper - interestingness_test /opt/reduce/cezanne_radeon_vega/syn_memory_converge/variant_741.comp reduction_results/cezanne_radeon_vega/syn_memory_converge/variant_741/variant_741.json
18:23:48.580 INFO  StreamGobblerLogger - stderr.env: ‘interestingness_test’: No such file or directory
18:23:48.580 INFO  ExecHelper - Result: 127
18:23:48.580 INFO  CustomFileJudge - Custom file judge result: 127
18:23:48.580 INFO  ReductionDriver - Result from initial state is not interesting (attempt 2)
18:23:48.583 INFO  ExecHelper - interestingness_test /opt/reduce/cezanne_radeon_vega/syn_memory_converge/variant_741.comp reduction_results/cezanne_radeon_vega/syn_memory_converge/variant_741/variant_741.json
18:23:48.584 INFO  StreamGobblerLogger - stderr.env: ‘interestingness_test’: No such file or directory
18:23:48.584 INFO  ExecHelper - Result: 127
18:23:48.585 INFO  CustomFileJudge - Custom file judge result: 127
18:23:48.585 INFO  ReductionDriver - Result from initial state is not interesting (attempt 3)
18:23:48.587 INFO  ExecHelper - interestingness_test /opt/reduce/cezanne_radeon_vega/syn_memory_converge/variant_741.comp reduction_results/cezanne_radeon_vega/syn_memory_converge/variant_741/variant_741.json
18:23:48.588 INFO  StreamGobblerLogger - stderr.env: ‘interestingness_test’: No such file or directory
18:23:48.589 INFO  ExecHelper - Result: 127
18:23:48.589 INFO  CustomFileJudge - Custom file judge result: 127
18:23:48.589 INFO  ReductionDriver - Result from initial state is not interesting (attempt 4)
18:23:48.591 INFO  ExecHelper - interestingness_test /opt/reduce/cezanne_radeon_vega/syn_memory_converge/variant_741.comp reduction_results/cezanne_radeon_vega/syn_memory_converge/variant_741/variant_741.json
18:23:48.592 INFO  StreamGobblerLogger - stderr.env: ‘interestingness_test’: No such file or directory
18:23:48.592 INFO  ExecHelper - Result: 127
18:23:48.592 INFO  CustomFileJudge - Custom file judge result: 127
18:23:48.593 INFO  ReductionDriver - Result from initial state is not interesting (attempt 5)
18:23:48.593 INFO  ReductionDriver - Tried 5 times; stopping.
Reduction command: java -ea -cp /opt/graphicsfuzz/graphicsfuzz/target/graphicsfuzz/python/drivers/../../jar/tool-1.0.jar com.graphicsfuzz.reducer.tool.GlslReduce /opt/reduce/cezanne_radeon_vega/syn_memory_converge/variant_741.json interestingness_test --output reduction_results/cezanne_radeon_vega/syn_memory_converge/variant_741 /opt/reduce/cezanne_radeon_vega/syn_memory_converge/variant_741.comp
