19:16:26.579 INFO  ExecHelper - /opt/graphicsfuzz/graphicsfuzz/target/graphicsfuzz/bin/Linux/glslangValidator -E --stdin -S comp
19:16:26.628 INFO  ExecHelper - Result: 0
19:16:26.730 INFO  ReductionDriver - Starting reduction for variant_823
19:16:26.744 INFO  ExecHelper - interestingness_test /opt/reduce/intel_iris_xe_graphics/syn_memory_converge_atomic/variant_823.comp reduction_results/intel_iris_xe_graphics/syn_memory_converge_atomic/variant_823/variant_823.json
19:16:26.746 INFO  StreamGobblerLogger - stderr.env: ‘interestingness_test’: No such file or directory
19:16:26.746 INFO  ExecHelper - Result: 127
19:16:26.747 INFO  CustomFileJudge - Custom file judge result: 127
19:16:26.747 INFO  ReductionDriver - Result from initial state is not interesting (attempt 1)
19:16:26.752 INFO  ExecHelper - interestingness_test /opt/reduce/intel_iris_xe_graphics/syn_memory_converge_atomic/variant_823.comp reduction_results/intel_iris_xe_graphics/syn_memory_converge_atomic/variant_823/variant_823.json
19:16:26.753 INFO  StreamGobblerLogger - stderr.env: ‘interestingness_test’: No such file or directory
19:16:26.754 INFO  ExecHelper - Result: 127
19:16:26.754 INFO  CustomFileJudge - Custom file judge result: 127
19:16:26.754 INFO  ReductionDriver - Result from initial state is not interesting (attempt 2)
19:16:26.756 INFO  ExecHelper - interestingness_test /opt/reduce/intel_iris_xe_graphics/syn_memory_converge_atomic/variant_823.comp reduction_results/intel_iris_xe_graphics/syn_memory_converge_atomic/variant_823/variant_823.json
19:16:26.757 INFO  StreamGobblerLogger - stderr.env: ‘interestingness_test’: No such file or directory
19:16:26.757 INFO  ExecHelper - Result: 127
19:16:26.757 INFO  CustomFileJudge - Custom file judge result: 127
19:16:26.757 INFO  ReductionDriver - Result from initial state is not interesting (attempt 3)
19:16:26.760 INFO  ExecHelper - interestingness_test /opt/reduce/intel_iris_xe_graphics/syn_memory_converge_atomic/variant_823.comp reduction_results/intel_iris_xe_graphics/syn_memory_converge_atomic/variant_823/variant_823.json
19:16:26.761 INFO  StreamGobblerLogger - stderr.env: ‘interestingness_test’: No such file or directory
19:16:26.761 INFO  ExecHelper - Result: 127
19:16:26.761 INFO  CustomFileJudge - Custom file judge result: 127
19:16:26.761 INFO  ReductionDriver - Result from initial state is not interesting (attempt 4)
19:16:26.766 INFO  ExecHelper - interestingness_test /opt/reduce/intel_iris_xe_graphics/syn_memory_converge_atomic/variant_823.comp reduction_results/intel_iris_xe_graphics/syn_memory_converge_atomic/variant_823/variant_823.json
19:16:26.768 INFO  StreamGobblerLogger - stderr.env: ‘interestingness_test’: No such file or directory
19:16:26.768 INFO  ExecHelper - Result: 127
19:16:26.768 INFO  CustomFileJudge - Custom file judge result: 127
19:16:26.768 INFO  ReductionDriver - Result from initial state is not interesting (attempt 5)
19:16:26.768 INFO  ReductionDriver - Tried 5 times; stopping.
Reduction command: java -ea -cp /opt/graphicsfuzz/graphicsfuzz/target/graphicsfuzz/python/drivers/../../jar/tool-1.0.jar com.graphicsfuzz.reducer.tool.GlslReduce /opt/reduce/intel_iris_xe_graphics/syn_memory_converge_atomic/variant_823.json interestingness_test --output reduction_results/intel_iris_xe_graphics/syn_memory_converge_atomic/variant_823 /opt/reduce/intel_iris_xe_graphics/syn_memory_converge_atomic/variant_823.comp
