19:06:48.764 INFO  ExecHelper - /opt/graphicsfuzz/graphicsfuzz/target/graphicsfuzz/bin/Linux/glslangValidator -E --stdin -S comp
19:06:48.820 INFO  ExecHelper - Result: 0
19:06:49.100 INFO  ReductionDriver - Starting reduction for variant_190
19:06:49.194 INFO  ExecHelper - interestingness_test /opt/reduce/intel_iris_xe_graphics/syn_memory_converge_atomic/variant_190.comp reduction_results/intel_iris_xe_graphics/syn_memory_converge_atomic/variant_190/variant_190.json
19:06:49.196 INFO  StreamGobblerLogger - stderr.env: ‘interestingness_test’: No such file or directory
19:06:49.197 INFO  ExecHelper - Result: 127
19:06:49.197 INFO  CustomFileJudge - Custom file judge result: 127
19:06:49.197 INFO  ReductionDriver - Result from initial state is not interesting (attempt 1)
19:06:49.268 INFO  ExecHelper - interestingness_test /opt/reduce/intel_iris_xe_graphics/syn_memory_converge_atomic/variant_190.comp reduction_results/intel_iris_xe_graphics/syn_memory_converge_atomic/variant_190/variant_190.json
19:06:49.269 INFO  StreamGobblerLogger - stderr.env: ‘interestingness_test’: No such file or directory
19:06:49.270 INFO  ExecHelper - Result: 127
19:06:49.270 INFO  CustomFileJudge - Custom file judge result: 127
19:06:49.270 INFO  ReductionDriver - Result from initial state is not interesting (attempt 2)
19:06:49.337 INFO  ExecHelper - interestingness_test /opt/reduce/intel_iris_xe_graphics/syn_memory_converge_atomic/variant_190.comp reduction_results/intel_iris_xe_graphics/syn_memory_converge_atomic/variant_190/variant_190.json
19:06:49.339 INFO  StreamGobblerLogger - stderr.env: ‘interestingness_test’: No such file or directory
19:06:49.340 INFO  ExecHelper - Result: 127
19:06:49.340 INFO  CustomFileJudge - Custom file judge result: 127
19:06:49.340 INFO  ReductionDriver - Result from initial state is not interesting (attempt 3)
19:06:49.405 INFO  ExecHelper - interestingness_test /opt/reduce/intel_iris_xe_graphics/syn_memory_converge_atomic/variant_190.comp reduction_results/intel_iris_xe_graphics/syn_memory_converge_atomic/variant_190/variant_190.json
19:06:49.413 INFO  StreamGobblerLogger - stderr.env: ‘interestingness_test’: No such file or directory
19:06:49.413 INFO  ExecHelper - Result: 127
19:06:49.413 INFO  CustomFileJudge - Custom file judge result: 127
19:06:49.414 INFO  ReductionDriver - Result from initial state is not interesting (attempt 4)
19:06:49.479 INFO  ExecHelper - interestingness_test /opt/reduce/intel_iris_xe_graphics/syn_memory_converge_atomic/variant_190.comp reduction_results/intel_iris_xe_graphics/syn_memory_converge_atomic/variant_190/variant_190.json
19:06:49.480 INFO  StreamGobblerLogger - stderr.env: ‘interestingness_test’: No such file or directory
19:06:49.481 INFO  ExecHelper - Result: 127
19:06:49.481 INFO  CustomFileJudge - Custom file judge result: 127
19:06:49.481 INFO  ReductionDriver - Result from initial state is not interesting (attempt 5)
19:06:49.481 INFO  ReductionDriver - Tried 5 times; stopping.
Reduction command: java -ea -cp /opt/graphicsfuzz/graphicsfuzz/target/graphicsfuzz/python/drivers/../../jar/tool-1.0.jar com.graphicsfuzz.reducer.tool.GlslReduce /opt/reduce/intel_iris_xe_graphics/syn_memory_converge_atomic/variant_190.json interestingness_test --output reduction_results/intel_iris_xe_graphics/syn_memory_converge_atomic/variant_190 /opt/reduce/intel_iris_xe_graphics/syn_memory_converge_atomic/variant_190.comp
