18:53:40.745 INFO  ExecHelper - /opt/graphicsfuzz/graphicsfuzz/target/graphicsfuzz/bin/Linux/glslangValidator -E --stdin -S comp
18:53:40.793 INFO  ExecHelper - Result: 0
18:53:40.885 INFO  ReductionDriver - Starting reduction for variant_256
18:53:40.897 INFO  ExecHelper - interestingness_test /opt/reduce/intel_iris_xe_graphics/syn_memory_converge/variant_256.comp reduction_results/intel_iris_xe_graphics/syn_memory_converge/variant_256/variant_256.json
18:53:40.898 INFO  StreamGobblerLogger - stderr.env: ‘interestingness_test’: No such file or directory
18:53:40.898 INFO  ExecHelper - Result: 127
18:53:40.898 INFO  CustomFileJudge - Custom file judge result: 127
18:53:40.898 INFO  ReductionDriver - Result from initial state is not interesting (attempt 1)
18:53:40.902 INFO  ExecHelper - interestingness_test /opt/reduce/intel_iris_xe_graphics/syn_memory_converge/variant_256.comp reduction_results/intel_iris_xe_graphics/syn_memory_converge/variant_256/variant_256.json
18:53:40.903 INFO  StreamGobblerLogger - stderr.env: ‘interestingness_test’: No such file or directory
18:53:40.904 INFO  ExecHelper - Result: 127
18:53:40.904 INFO  CustomFileJudge - Custom file judge result: 127
18:53:40.904 INFO  ReductionDriver - Result from initial state is not interesting (attempt 2)
18:53:40.911 INFO  ExecHelper - interestingness_test /opt/reduce/intel_iris_xe_graphics/syn_memory_converge/variant_256.comp reduction_results/intel_iris_xe_graphics/syn_memory_converge/variant_256/variant_256.json
18:53:40.912 INFO  StreamGobblerLogger - stderr.env: ‘interestingness_test’: No such file or directory
18:53:40.913 INFO  ExecHelper - Result: 127
18:53:40.913 INFO  CustomFileJudge - Custom file judge result: 127
18:53:40.913 INFO  ReductionDriver - Result from initial state is not interesting (attempt 3)
18:53:40.919 INFO  ExecHelper - interestingness_test /opt/reduce/intel_iris_xe_graphics/syn_memory_converge/variant_256.comp reduction_results/intel_iris_xe_graphics/syn_memory_converge/variant_256/variant_256.json
18:53:40.921 INFO  StreamGobblerLogger - stderr.env: ‘interestingness_test’: No such file or directory
18:53:40.921 INFO  ExecHelper - Result: 127
18:53:40.921 INFO  CustomFileJudge - Custom file judge result: 127
18:53:40.921 INFO  ReductionDriver - Result from initial state is not interesting (attempt 4)
18:53:40.925 INFO  ExecHelper - interestingness_test /opt/reduce/intel_iris_xe_graphics/syn_memory_converge/variant_256.comp reduction_results/intel_iris_xe_graphics/syn_memory_converge/variant_256/variant_256.json
18:53:40.926 INFO  StreamGobblerLogger - stderr.env: ‘interestingness_test’: No such file or directory
18:53:40.926 INFO  ExecHelper - Result: 127
18:53:40.926 INFO  CustomFileJudge - Custom file judge result: 127
18:53:40.926 INFO  ReductionDriver - Result from initial state is not interesting (attempt 5)
18:53:40.926 INFO  ReductionDriver - Tried 5 times; stopping.
Reduction command: java -ea -cp /opt/graphicsfuzz/graphicsfuzz/target/graphicsfuzz/python/drivers/../../jar/tool-1.0.jar com.graphicsfuzz.reducer.tool.GlslReduce /opt/reduce/intel_iris_xe_graphics/syn_memory_converge/variant_256.json interestingness_test --output reduction_results/intel_iris_xe_graphics/syn_memory_converge/variant_256 /opt/reduce/intel_iris_xe_graphics/syn_memory_converge/variant_256.comp
