19:56:24.277 INFO  ExecHelper - /opt/graphicsfuzz/graphicsfuzz/target/graphicsfuzz/bin/Linux/glslangValidator -E --stdin -S comp
19:56:24.406 INFO  ExecHelper - Result: 0
19:56:25.252 INFO  ReductionDriver - Starting reduction for variant_191
19:56:25.277 INFO  ExecHelper - interestingness_test /opt/reduce/rtx_4070/syn_subgroup_op_release/variant_191.comp reduction_results/rtx_4070/syn_subgroup_op_release/variant_191/variant_191.json
19:56:25.279 INFO  StreamGobblerLogger - stderr.env: ‘interestingness_test’: No such file or directory
19:56:25.279 INFO  ExecHelper - Result: 127
19:56:25.279 INFO  CustomFileJudge - Custom file judge result: 127
19:56:25.280 INFO  ReductionDriver - Result from initial state is not interesting (attempt 1)
19:56:25.293 INFO  ExecHelper - interestingness_test /opt/reduce/rtx_4070/syn_subgroup_op_release/variant_191.comp reduction_results/rtx_4070/syn_subgroup_op_release/variant_191/variant_191.json
19:56:25.296 INFO  StreamGobblerLogger - stderr.env: ‘interestingness_test’: No such file or directory
19:56:25.296 INFO  ExecHelper - Result: 127
19:56:25.297 INFO  CustomFileJudge - Custom file judge result: 127
19:56:25.297 INFO  ReductionDriver - Result from initial state is not interesting (attempt 2)
19:56:25.310 INFO  ExecHelper - interestingness_test /opt/reduce/rtx_4070/syn_subgroup_op_release/variant_191.comp reduction_results/rtx_4070/syn_subgroup_op_release/variant_191/variant_191.json
19:56:25.312 INFO  StreamGobblerLogger - stderr.env: ‘interestingness_test’: No such file or directory
19:56:25.312 INFO  ExecHelper - Result: 127
19:56:25.312 INFO  CustomFileJudge - Custom file judge result: 127
19:56:25.312 INFO  ReductionDriver - Result from initial state is not interesting (attempt 3)
19:56:25.319 INFO  ExecHelper - interestingness_test /opt/reduce/rtx_4070/syn_subgroup_op_release/variant_191.comp reduction_results/rtx_4070/syn_subgroup_op_release/variant_191/variant_191.json
19:56:25.320 INFO  StreamGobblerLogger - stderr.env: ‘interestingness_test’: No such file or directory
19:56:25.321 INFO  ExecHelper - Result: 127
19:56:25.321 INFO  CustomFileJudge - Custom file judge result: 127
19:56:25.321 INFO  ReductionDriver - Result from initial state is not interesting (attempt 4)
19:56:25.328 INFO  ExecHelper - interestingness_test /opt/reduce/rtx_4070/syn_subgroup_op_release/variant_191.comp reduction_results/rtx_4070/syn_subgroup_op_release/variant_191/variant_191.json
19:56:25.328 INFO  StreamGobblerLogger - stderr.env: ‘interestingness_test’: No such file or directory
19:56:25.329 INFO  ExecHelper - Result: 127
19:56:25.329 INFO  CustomFileJudge - Custom file judge result: 127
19:56:25.329 INFO  ReductionDriver - Result from initial state is not interesting (attempt 5)
19:56:25.329 INFO  ReductionDriver - Tried 5 times; stopping.
Reduction command: java -ea -cp /opt/graphicsfuzz/graphicsfuzz/target/graphicsfuzz/python/drivers/../../jar/tool-1.0.jar com.graphicsfuzz.reducer.tool.GlslReduce /opt/reduce/rtx_4070/syn_subgroup_op_release/variant_191.json interestingness_test --output reduction_results/rtx_4070/syn_subgroup_op_release/variant_191 /opt/reduce/rtx_4070/syn_subgroup_op_release/variant_191.comp
