19:43:48.439 INFO  ExecHelper - /opt/graphicsfuzz/graphicsfuzz/target/graphicsfuzz/bin/Linux/glslangValidator -E --stdin -S comp
19:43:48.537 INFO  ExecHelper - Result: 0
19:43:49.397 INFO  ReductionDriver - Starting reduction for variant_248
19:43:49.433 INFO  ExecHelper - interestingness_test /opt/reduce/rtx_4070/syn_memory_converge_atomic/variant_248.comp reduction_results/rtx_4070/syn_memory_converge_atomic/variant_248/variant_248.json
19:43:49.435 INFO  StreamGobblerLogger - stderr.env: ‘interestingness_test’: No such file or directory
19:43:49.436 INFO  ExecHelper - Result: 127
19:43:49.436 INFO  CustomFileJudge - Custom file judge result: 127
19:43:49.436 INFO  ReductionDriver - Result from initial state is not interesting (attempt 1)
19:43:49.463 INFO  ExecHelper - interestingness_test /opt/reduce/rtx_4070/syn_memory_converge_atomic/variant_248.comp reduction_results/rtx_4070/syn_memory_converge_atomic/variant_248/variant_248.json
19:43:49.464 INFO  StreamGobblerLogger - stderr.env: ‘interestingness_test’: No such file or directory
19:43:49.464 INFO  ExecHelper - Result: 127
19:43:49.464 INFO  CustomFileJudge - Custom file judge result: 127
19:43:49.464 INFO  ReductionDriver - Result from initial state is not interesting (attempt 2)
19:43:49.487 INFO  ExecHelper - interestingness_test /opt/reduce/rtx_4070/syn_memory_converge_atomic/variant_248.comp reduction_results/rtx_4070/syn_memory_converge_atomic/variant_248/variant_248.json
19:43:49.488 INFO  StreamGobblerLogger - stderr.env: ‘interestingness_test’: No such file or directory
19:43:49.488 INFO  ExecHelper - Result: 127
19:43:49.488 INFO  CustomFileJudge - Custom file judge result: 127
19:43:49.488 INFO  ReductionDriver - Result from initial state is not interesting (attempt 3)
19:43:49.511 INFO  ExecHelper - interestingness_test /opt/reduce/rtx_4070/syn_memory_converge_atomic/variant_248.comp reduction_results/rtx_4070/syn_memory_converge_atomic/variant_248/variant_248.json
19:43:49.511 INFO  StreamGobblerLogger - stderr.env: ‘interestingness_test’: No such file or directory
19:43:49.512 INFO  ExecHelper - Result: 127
19:43:49.512 INFO  CustomFileJudge - Custom file judge result: 127
19:43:49.512 INFO  ReductionDriver - Result from initial state is not interesting (attempt 4)
19:43:49.535 INFO  ExecHelper - interestingness_test /opt/reduce/rtx_4070/syn_memory_converge_atomic/variant_248.comp reduction_results/rtx_4070/syn_memory_converge_atomic/variant_248/variant_248.json
19:43:49.536 INFO  StreamGobblerLogger - stderr.env: ‘interestingness_test’: No such file or directory
19:43:49.537 INFO  ExecHelper - Result: 127
19:43:49.537 INFO  CustomFileJudge - Custom file judge result: 127
19:43:49.537 INFO  ReductionDriver - Result from initial state is not interesting (attempt 5)
19:43:49.537 INFO  ReductionDriver - Tried 5 times; stopping.
Reduction command: java -ea -cp /opt/graphicsfuzz/graphicsfuzz/target/graphicsfuzz/python/drivers/../../jar/tool-1.0.jar com.graphicsfuzz.reducer.tool.GlslReduce /opt/reduce/rtx_4070/syn_memory_converge_atomic/variant_248.json interestingness_test --output reduction_results/rtx_4070/syn_memory_converge_atomic/variant_248 /opt/reduce/rtx_4070/syn_memory_converge_atomic/variant_248.comp
