19:02:30.580 INFO  ExecHelper - /opt/graphicsfuzz/graphicsfuzz/target/graphicsfuzz/bin/Linux/glslangValidator -E --stdin -S comp
19:02:30.689 INFO  ExecHelper - Result: 0
19:02:32.245 INFO  ReductionDriver - Starting reduction for variant_882
19:02:32.304 INFO  ExecHelper - interestingness_test /opt/reduce/intel_iris_xe_graphics/syn_memory_converge/variant_882.comp reduction_results/intel_iris_xe_graphics/syn_memory_converge/variant_882/variant_882.json
19:02:32.305 INFO  StreamGobblerLogger - stderr.env: ‘interestingness_test’: No such file or directory
19:02:32.305 INFO  ExecHelper - Result: 127
19:02:32.306 INFO  CustomFileJudge - Custom file judge result: 127
19:02:32.306 INFO  ReductionDriver - Result from initial state is not interesting (attempt 1)
19:02:32.354 INFO  ExecHelper - interestingness_test /opt/reduce/intel_iris_xe_graphics/syn_memory_converge/variant_882.comp reduction_results/intel_iris_xe_graphics/syn_memory_converge/variant_882/variant_882.json
19:02:32.355 INFO  StreamGobblerLogger - stderr.env: ‘interestingness_test’: No such file or directory
19:02:32.355 INFO  ExecHelper - Result: 127
19:02:32.356 INFO  CustomFileJudge - Custom file judge result: 127
19:02:32.356 INFO  ReductionDriver - Result from initial state is not interesting (attempt 2)
19:02:32.402 INFO  ExecHelper - interestingness_test /opt/reduce/intel_iris_xe_graphics/syn_memory_converge/variant_882.comp reduction_results/intel_iris_xe_graphics/syn_memory_converge/variant_882/variant_882.json
19:02:32.404 INFO  StreamGobblerLogger - stderr.env: ‘interestingness_test’: No such file or directory
19:02:32.404 INFO  ExecHelper - Result: 127
19:02:32.404 INFO  CustomFileJudge - Custom file judge result: 127
19:02:32.405 INFO  ReductionDriver - Result from initial state is not interesting (attempt 3)
19:02:32.448 INFO  ExecHelper - interestingness_test /opt/reduce/intel_iris_xe_graphics/syn_memory_converge/variant_882.comp reduction_results/intel_iris_xe_graphics/syn_memory_converge/variant_882/variant_882.json
19:02:32.449 INFO  StreamGobblerLogger - stderr.env: ‘interestingness_test’: No such file or directory
19:02:32.450 INFO  ExecHelper - Result: 127
19:02:32.450 INFO  CustomFileJudge - Custom file judge result: 127
19:02:32.450 INFO  ReductionDriver - Result from initial state is not interesting (attempt 4)
19:02:32.498 INFO  ExecHelper - interestingness_test /opt/reduce/intel_iris_xe_graphics/syn_memory_converge/variant_882.comp reduction_results/intel_iris_xe_graphics/syn_memory_converge/variant_882/variant_882.json
19:02:32.500 INFO  StreamGobblerLogger - stderr.env: ‘interestingness_test’: No such file or directory
19:02:32.501 INFO  ExecHelper - Result: 127
19:02:32.501 INFO  CustomFileJudge - Custom file judge result: 127
19:02:32.501 INFO  ReductionDriver - Result from initial state is not interesting (attempt 5)
19:02:32.501 INFO  ReductionDriver - Tried 5 times; stopping.
Reduction command: java -ea -cp /opt/graphicsfuzz/graphicsfuzz/target/graphicsfuzz/python/drivers/../../jar/tool-1.0.jar com.graphicsfuzz.reducer.tool.GlslReduce /opt/reduce/intel_iris_xe_graphics/syn_memory_converge/variant_882.json interestingness_test --output reduction_results/intel_iris_xe_graphics/syn_memory_converge/variant_882 /opt/reduce/intel_iris_xe_graphics/syn_memory_converge/variant_882.comp
