18:45:06.007 INFO  ExecHelper - /opt/graphicsfuzz/graphicsfuzz/target/graphicsfuzz/bin/Linux/glslangValidator -E --stdin -S comp
18:45:06.031 INFO  ExecHelper - Result: 0
18:45:06.148 INFO  ReductionDriver - Starting reduction for variant_453
18:45:06.170 INFO  ExecHelper - interestingness_test /opt/reduce/intel_iris_xe_graphics/syn_branch_syn_relax/variant_453.comp reduction_results/intel_iris_xe_graphics/syn_branch_syn_relax/variant_453/variant_453.json
18:45:06.171 INFO  StreamGobblerLogger - stderr.env: ‘interestingness_test’: No such file or directory
18:45:06.172 INFO  ExecHelper - Result: 127
18:45:06.172 INFO  CustomFileJudge - Custom file judge result: 127
18:45:06.172 INFO  ReductionDriver - Result from initial state is not interesting (attempt 1)
18:45:06.177 INFO  ExecHelper - interestingness_test /opt/reduce/intel_iris_xe_graphics/syn_branch_syn_relax/variant_453.comp reduction_results/intel_iris_xe_graphics/syn_branch_syn_relax/variant_453/variant_453.json
18:45:06.178 INFO  StreamGobblerLogger - stderr.env: ‘interestingness_test’: No such file or directory
18:45:06.178 INFO  ExecHelper - Result: 127
18:45:06.178 INFO  CustomFileJudge - Custom file judge result: 127
18:45:06.178 INFO  ReductionDriver - Result from initial state is not interesting (attempt 2)
18:45:06.182 INFO  ExecHelper - interestingness_test /opt/reduce/intel_iris_xe_graphics/syn_branch_syn_relax/variant_453.comp reduction_results/intel_iris_xe_graphics/syn_branch_syn_relax/variant_453/variant_453.json
18:45:06.183 INFO  StreamGobblerLogger - stderr.env: ‘interestingness_test’: No such file or directory
18:45:06.184 INFO  ExecHelper - Result: 127
18:45:06.184 INFO  CustomFileJudge - Custom file judge result: 127
18:45:06.184 INFO  ReductionDriver - Result from initial state is not interesting (attempt 3)
18:45:06.194 INFO  ExecHelper - interestingness_test /opt/reduce/intel_iris_xe_graphics/syn_branch_syn_relax/variant_453.comp reduction_results/intel_iris_xe_graphics/syn_branch_syn_relax/variant_453/variant_453.json
18:45:06.195 INFO  StreamGobblerLogger - stderr.env: ‘interestingness_test’: No such file or directory
18:45:06.195 INFO  ExecHelper - Result: 127
18:45:06.196 INFO  CustomFileJudge - Custom file judge result: 127
18:45:06.196 INFO  ReductionDriver - Result from initial state is not interesting (attempt 4)
18:45:06.205 INFO  ExecHelper - interestingness_test /opt/reduce/intel_iris_xe_graphics/syn_branch_syn_relax/variant_453.comp reduction_results/intel_iris_xe_graphics/syn_branch_syn_relax/variant_453/variant_453.json
18:45:06.206 INFO  StreamGobblerLogger - stderr.env: ‘interestingness_test’: No such file or directory
18:45:06.206 INFO  ExecHelper - Result: 127
18:45:06.206 INFO  CustomFileJudge - Custom file judge result: 127
18:45:06.206 INFO  ReductionDriver - Result from initial state is not interesting (attempt 5)
18:45:06.207 INFO  ReductionDriver - Tried 5 times; stopping.
Reduction command: java -ea -cp /opt/graphicsfuzz/graphicsfuzz/target/graphicsfuzz/python/drivers/../../jar/tool-1.0.jar com.graphicsfuzz.reducer.tool.GlslReduce /opt/reduce/intel_iris_xe_graphics/syn_branch_syn_relax/variant_453.json interestingness_test --output reduction_results/intel_iris_xe_graphics/syn_branch_syn_relax/variant_453 /opt/reduce/intel_iris_xe_graphics/syn_branch_syn_relax/variant_453.comp
