19:44:01.554 INFO  ExecHelper - /opt/graphicsfuzz/graphicsfuzz/target/graphicsfuzz/bin/Linux/glslangValidator -E --stdin -S comp
19:44:01.647 INFO  ExecHelper - Result: 0
19:44:02.545 INFO  ReductionDriver - Starting reduction for variant_262
19:44:02.579 INFO  ExecHelper - interestingness_test /opt/reduce/rtx_4070/syn_memory_converge_atomic/variant_262.comp reduction_results/rtx_4070/syn_memory_converge_atomic/variant_262/variant_262.json
19:44:02.580 INFO  StreamGobblerLogger - stderr.env: ‘interestingness_test’: No such file or directory
19:44:02.581 INFO  ExecHelper - Result: 127
19:44:02.581 INFO  CustomFileJudge - Custom file judge result: 127
19:44:02.581 INFO  ReductionDriver - Result from initial state is not interesting (attempt 1)
19:44:02.603 INFO  ExecHelper - interestingness_test /opt/reduce/rtx_4070/syn_memory_converge_atomic/variant_262.comp reduction_results/rtx_4070/syn_memory_converge_atomic/variant_262/variant_262.json
19:44:02.605 INFO  StreamGobblerLogger - stderr.env: ‘interestingness_test’: No such file or directory
19:44:02.605 INFO  ExecHelper - Result: 127
19:44:02.605 INFO  CustomFileJudge - Custom file judge result: 127
19:44:02.605 INFO  ReductionDriver - Result from initial state is not interesting (attempt 2)
19:44:02.625 INFO  ExecHelper - interestingness_test /opt/reduce/rtx_4070/syn_memory_converge_atomic/variant_262.comp reduction_results/rtx_4070/syn_memory_converge_atomic/variant_262/variant_262.json
19:44:02.626 INFO  StreamGobblerLogger - stderr.env: ‘interestingness_test’: No such file or directory
19:44:02.627 INFO  ExecHelper - Result: 127
19:44:02.627 INFO  CustomFileJudge - Custom file judge result: 127
19:44:02.627 INFO  ReductionDriver - Result from initial state is not interesting (attempt 3)
19:44:02.646 INFO  ExecHelper - interestingness_test /opt/reduce/rtx_4070/syn_memory_converge_atomic/variant_262.comp reduction_results/rtx_4070/syn_memory_converge_atomic/variant_262/variant_262.json
19:44:02.646 INFO  StreamGobblerLogger - stderr.env: ‘interestingness_test’: No such file or directory
19:44:02.647 INFO  ExecHelper - Result: 127
19:44:02.647 INFO  CustomFileJudge - Custom file judge result: 127
19:44:02.647 INFO  ReductionDriver - Result from initial state is not interesting (attempt 4)
19:44:02.665 INFO  ExecHelper - interestingness_test /opt/reduce/rtx_4070/syn_memory_converge_atomic/variant_262.comp reduction_results/rtx_4070/syn_memory_converge_atomic/variant_262/variant_262.json
19:44:02.666 INFO  StreamGobblerLogger - stderr.env: ‘interestingness_test’: No such file or directory
19:44:02.667 INFO  ExecHelper - Result: 127
19:44:02.667 INFO  CustomFileJudge - Custom file judge result: 127
19:44:02.667 INFO  ReductionDriver - Result from initial state is not interesting (attempt 5)
19:44:02.667 INFO  ReductionDriver - Tried 5 times; stopping.
Reduction command: java -ea -cp /opt/graphicsfuzz/graphicsfuzz/target/graphicsfuzz/python/drivers/../../jar/tool-1.0.jar com.graphicsfuzz.reducer.tool.GlslReduce /opt/reduce/rtx_4070/syn_memory_converge_atomic/variant_262.json interestingness_test --output reduction_results/rtx_4070/syn_memory_converge_atomic/variant_262 /opt/reduce/rtx_4070/syn_memory_converge_atomic/variant_262.comp
