19:54:32.633 INFO  ExecHelper - /opt/graphicsfuzz/graphicsfuzz/target/graphicsfuzz/bin/Linux/glslangValidator -E --stdin -S comp
19:54:32.687 INFO  ExecHelper - Result: 0
19:54:32.767 INFO  ReductionDriver - Starting reduction for variant_960
19:54:32.777 INFO  ExecHelper - interestingness_test /opt/reduce/rtx_4070/syn_memory_converge_atomic/variant_960.comp reduction_results/rtx_4070/syn_memory_converge_atomic/variant_960/variant_960.json
19:54:32.778 INFO  StreamGobblerLogger - stderr.env: ‘interestingness_test’: No such file or directory
19:54:32.779 INFO  ExecHelper - Result: 127
19:54:32.779 INFO  CustomFileJudge - Custom file judge result: 127
19:54:32.779 INFO  ReductionDriver - Result from initial state is not interesting (attempt 1)
19:54:32.781 INFO  ExecHelper - interestingness_test /opt/reduce/rtx_4070/syn_memory_converge_atomic/variant_960.comp reduction_results/rtx_4070/syn_memory_converge_atomic/variant_960/variant_960.json
19:54:32.782 INFO  StreamGobblerLogger - stderr.env: ‘interestingness_test’: No such file or directory
19:54:32.783 INFO  ExecHelper - Result: 127
19:54:32.783 INFO  CustomFileJudge - Custom file judge result: 127
19:54:32.783 INFO  ReductionDriver - Result from initial state is not interesting (attempt 2)
19:54:32.784 INFO  ExecHelper - interestingness_test /opt/reduce/rtx_4070/syn_memory_converge_atomic/variant_960.comp reduction_results/rtx_4070/syn_memory_converge_atomic/variant_960/variant_960.json
19:54:32.785 INFO  StreamGobblerLogger - stderr.env: ‘interestingness_test’: No such file or directory
19:54:32.786 INFO  ExecHelper - Result: 127
19:54:32.786 INFO  CustomFileJudge - Custom file judge result: 127
19:54:32.786 INFO  ReductionDriver - Result from initial state is not interesting (attempt 3)
19:54:32.788 INFO  ExecHelper - interestingness_test /opt/reduce/rtx_4070/syn_memory_converge_atomic/variant_960.comp reduction_results/rtx_4070/syn_memory_converge_atomic/variant_960/variant_960.json
19:54:32.789 INFO  StreamGobblerLogger - stderr.env: ‘interestingness_test’: No such file or directory
19:54:32.789 INFO  ExecHelper - Result: 127
19:54:32.789 INFO  CustomFileJudge - Custom file judge result: 127
19:54:32.789 INFO  ReductionDriver - Result from initial state is not interesting (attempt 4)
19:54:32.791 INFO  ExecHelper - interestingness_test /opt/reduce/rtx_4070/syn_memory_converge_atomic/variant_960.comp reduction_results/rtx_4070/syn_memory_converge_atomic/variant_960/variant_960.json
19:54:32.792 INFO  StreamGobblerLogger - stderr.env: ‘interestingness_test’: No such file or directory
19:54:32.792 INFO  ExecHelper - Result: 127
19:54:32.792 INFO  CustomFileJudge - Custom file judge result: 127
19:54:32.792 INFO  ReductionDriver - Result from initial state is not interesting (attempt 5)
19:54:32.792 INFO  ReductionDriver - Tried 5 times; stopping.
Reduction command: java -ea -cp /opt/graphicsfuzz/graphicsfuzz/target/graphicsfuzz/python/drivers/../../jar/tool-1.0.jar com.graphicsfuzz.reducer.tool.GlslReduce /opt/reduce/rtx_4070/syn_memory_converge_atomic/variant_960.json interestingness_test --output reduction_results/rtx_4070/syn_memory_converge_atomic/variant_960 /opt/reduce/rtx_4070/syn_memory_converge_atomic/variant_960.comp
