19:15:23.235 INFO  ExecHelper - /opt/graphicsfuzz/graphicsfuzz/target/graphicsfuzz/bin/Linux/glslangValidator -E --stdin -S comp
19:15:23.302 INFO  ExecHelper - Result: 0
19:15:23.725 INFO  ReductionDriver - Starting reduction for variant_752
19:15:23.908 INFO  ExecHelper - interestingness_test /opt/reduce/intel_iris_xe_graphics/syn_memory_converge_atomic/variant_752.comp reduction_results/intel_iris_xe_graphics/syn_memory_converge_atomic/variant_752/variant_752.json
19:15:23.909 INFO  StreamGobblerLogger - stderr.env: ‘interestingness_test’: No such file or directory
19:15:23.910 INFO  ExecHelper - Result: 127
19:15:23.910 INFO  CustomFileJudge - Custom file judge result: 127
19:15:23.910 INFO  ReductionDriver - Result from initial state is not interesting (attempt 1)
19:15:24.073 INFO  ExecHelper - interestingness_test /opt/reduce/intel_iris_xe_graphics/syn_memory_converge_atomic/variant_752.comp reduction_results/intel_iris_xe_graphics/syn_memory_converge_atomic/variant_752/variant_752.json
19:15:24.074 INFO  StreamGobblerLogger - stderr.env: ‘interestingness_test’: No such file or directory
19:15:24.075 INFO  ExecHelper - Result: 127
19:15:24.075 INFO  CustomFileJudge - Custom file judge result: 127
19:15:24.075 INFO  ReductionDriver - Result from initial state is not interesting (attempt 2)
19:15:24.225 INFO  ExecHelper - interestingness_test /opt/reduce/intel_iris_xe_graphics/syn_memory_converge_atomic/variant_752.comp reduction_results/intel_iris_xe_graphics/syn_memory_converge_atomic/variant_752/variant_752.json
19:15:24.226 INFO  StreamGobblerLogger - stderr.env: ‘interestingness_test’: No such file or directory
19:15:24.227 INFO  ExecHelper - Result: 127
19:15:24.227 INFO  CustomFileJudge - Custom file judge result: 127
19:15:24.227 INFO  ReductionDriver - Result from initial state is not interesting (attempt 3)
19:15:24.376 INFO  ExecHelper - interestingness_test /opt/reduce/intel_iris_xe_graphics/syn_memory_converge_atomic/variant_752.comp reduction_results/intel_iris_xe_graphics/syn_memory_converge_atomic/variant_752/variant_752.json
19:15:24.377 INFO  StreamGobblerLogger - stderr.env: ‘interestingness_test’: No such file or directory
19:15:24.378 INFO  ExecHelper - Result: 127
19:15:24.378 INFO  CustomFileJudge - Custom file judge result: 127
19:15:24.378 INFO  ReductionDriver - Result from initial state is not interesting (attempt 4)
19:15:24.525 INFO  ExecHelper - interestingness_test /opt/reduce/intel_iris_xe_graphics/syn_memory_converge_atomic/variant_752.comp reduction_results/intel_iris_xe_graphics/syn_memory_converge_atomic/variant_752/variant_752.json
19:15:24.527 INFO  StreamGobblerLogger - stderr.env: ‘interestingness_test’: No such file or directory
19:15:24.528 INFO  ExecHelper - Result: 127
19:15:24.528 INFO  CustomFileJudge - Custom file judge result: 127
19:15:24.528 INFO  ReductionDriver - Result from initial state is not interesting (attempt 5)
19:15:24.528 INFO  ReductionDriver - Tried 5 times; stopping.
Reduction command: java -ea -cp /opt/graphicsfuzz/graphicsfuzz/target/graphicsfuzz/python/drivers/../../jar/tool-1.0.jar com.graphicsfuzz.reducer.tool.GlslReduce /opt/reduce/intel_iris_xe_graphics/syn_memory_converge_atomic/variant_752.json interestingness_test --output reduction_results/intel_iris_xe_graphics/syn_memory_converge_atomic/variant_752 /opt/reduce/intel_iris_xe_graphics/syn_memory_converge_atomic/variant_752.comp
