19:42:24.024 INFO  ExecHelper - /opt/graphicsfuzz/graphicsfuzz/target/graphicsfuzz/bin/Linux/glslangValidator -E --stdin -S comp
19:42:24.074 INFO  ExecHelper - Result: 0
19:42:24.185 INFO  ReductionDriver - Starting reduction for variant_154
19:42:24.209 INFO  ExecHelper - interestingness_test /opt/reduce/rtx_4070/syn_memory_converge_atomic/variant_154.comp reduction_results/rtx_4070/syn_memory_converge_atomic/variant_154/variant_154.json
19:42:24.211 INFO  StreamGobblerLogger - stderr.env: ‘interestingness_test’: No such file or directory
19:42:24.211 INFO  ExecHelper - Result: 127
19:42:24.212 INFO  CustomFileJudge - Custom file judge result: 127
19:42:24.212 INFO  ReductionDriver - Result from initial state is not interesting (attempt 1)
19:42:24.217 INFO  ExecHelper - interestingness_test /opt/reduce/rtx_4070/syn_memory_converge_atomic/variant_154.comp reduction_results/rtx_4070/syn_memory_converge_atomic/variant_154/variant_154.json
19:42:24.218 INFO  StreamGobblerLogger - stderr.env: ‘interestingness_test’: No such file or directory
19:42:24.219 INFO  ExecHelper - Result: 127
19:42:24.219 INFO  CustomFileJudge - Custom file judge result: 127
19:42:24.219 INFO  ReductionDriver - Result from initial state is not interesting (attempt 2)
19:42:24.224 INFO  ExecHelper - interestingness_test /opt/reduce/rtx_4070/syn_memory_converge_atomic/variant_154.comp reduction_results/rtx_4070/syn_memory_converge_atomic/variant_154/variant_154.json
19:42:24.226 INFO  StreamGobblerLogger - stderr.env: ‘interestingness_test’: No such file or directory
19:42:24.226 INFO  ExecHelper - Result: 127
19:42:24.226 INFO  CustomFileJudge - Custom file judge result: 127
19:42:24.226 INFO  ReductionDriver - Result from initial state is not interesting (attempt 3)
19:42:24.232 INFO  ExecHelper - interestingness_test /opt/reduce/rtx_4070/syn_memory_converge_atomic/variant_154.comp reduction_results/rtx_4070/syn_memory_converge_atomic/variant_154/variant_154.json
19:42:24.233 INFO  StreamGobblerLogger - stderr.env: ‘interestingness_test’: No such file or directory
19:42:24.234 INFO  ExecHelper - Result: 127
19:42:24.234 INFO  CustomFileJudge - Custom file judge result: 127
19:42:24.234 INFO  ReductionDriver - Result from initial state is not interesting (attempt 4)
19:42:24.239 INFO  ExecHelper - interestingness_test /opt/reduce/rtx_4070/syn_memory_converge_atomic/variant_154.comp reduction_results/rtx_4070/syn_memory_converge_atomic/variant_154/variant_154.json
19:42:24.240 INFO  StreamGobblerLogger - stderr.env: ‘interestingness_test’: No such file or directory
19:42:24.241 INFO  ExecHelper - Result: 127
19:42:24.241 INFO  CustomFileJudge - Custom file judge result: 127
19:42:24.241 INFO  ReductionDriver - Result from initial state is not interesting (attempt 5)
19:42:24.241 INFO  ReductionDriver - Tried 5 times; stopping.
Reduction command: java -ea -cp /opt/graphicsfuzz/graphicsfuzz/target/graphicsfuzz/python/drivers/../../jar/tool-1.0.jar com.graphicsfuzz.reducer.tool.GlslReduce /opt/reduce/rtx_4070/syn_memory_converge_atomic/variant_154.json interestingness_test --output reduction_results/rtx_4070/syn_memory_converge_atomic/variant_154 /opt/reduce/rtx_4070/syn_memory_converge_atomic/variant_154.comp
