19:29:18.188 INFO  ExecHelper - /opt/graphicsfuzz/graphicsfuzz/target/graphicsfuzz/bin/Linux/glslangValidator -E --stdin -S comp
19:29:18.250 INFO  ExecHelper - Result: 0
19:29:28.348 INFO  ReductionDriver - Starting reduction for variant_237
19:29:28.820 INFO  ExecHelper - interestingness_test /opt/reduce/rtx_4070/syn_memory_converge/variant_237.comp reduction_results/rtx_4070/syn_memory_converge/variant_237/variant_237.json
19:29:28.823 INFO  StreamGobblerLogger - stderr.env: ‘interestingness_test’: No such file or directory
19:29:28.823 INFO  ExecHelper - Result: 127
19:29:28.824 INFO  CustomFileJudge - Custom file judge result: 127
19:29:28.824 INFO  ReductionDriver - Result from initial state is not interesting (attempt 1)
19:29:29.387 INFO  ExecHelper - interestingness_test /opt/reduce/rtx_4070/syn_memory_converge/variant_237.comp reduction_results/rtx_4070/syn_memory_converge/variant_237/variant_237.json
19:29:29.389 INFO  StreamGobblerLogger - stderr.env: ‘interestingness_test’: No such file or directory
19:29:29.389 INFO  ExecHelper - Result: 127
19:29:29.389 INFO  CustomFileJudge - Custom file judge result: 127
19:29:29.389 INFO  ReductionDriver - Result from initial state is not interesting (attempt 2)
19:29:29.838 INFO  ExecHelper - interestingness_test /opt/reduce/rtx_4070/syn_memory_converge/variant_237.comp reduction_results/rtx_4070/syn_memory_converge/variant_237/variant_237.json
19:29:29.839 INFO  StreamGobblerLogger - stderr.env: ‘interestingness_test’: No such file or directory
19:29:29.840 INFO  ExecHelper - Result: 127
19:29:29.840 INFO  CustomFileJudge - Custom file judge result: 127
19:29:29.840 INFO  ReductionDriver - Result from initial state is not interesting (attempt 3)
19:29:30.288 INFO  ExecHelper - interestingness_test /opt/reduce/rtx_4070/syn_memory_converge/variant_237.comp reduction_results/rtx_4070/syn_memory_converge/variant_237/variant_237.json
19:29:30.290 INFO  StreamGobblerLogger - stderr.env: ‘interestingness_test’: No such file or directory
19:29:30.290 INFO  ExecHelper - Result: 127
19:29:30.290 INFO  CustomFileJudge - Custom file judge result: 127
19:29:30.290 INFO  ReductionDriver - Result from initial state is not interesting (attempt 4)
19:29:30.741 INFO  ExecHelper - interestingness_test /opt/reduce/rtx_4070/syn_memory_converge/variant_237.comp reduction_results/rtx_4070/syn_memory_converge/variant_237/variant_237.json
19:29:30.742 INFO  StreamGobblerLogger - stderr.env: ‘interestingness_test’: No such file or directory
19:29:30.743 INFO  ExecHelper - Result: 127
19:29:30.743 INFO  CustomFileJudge - Custom file judge result: 127
19:29:30.743 INFO  ReductionDriver - Result from initial state is not interesting (attempt 5)
19:29:30.743 INFO  ReductionDriver - Tried 5 times; stopping.
Reduction command: java -ea -cp /opt/graphicsfuzz/graphicsfuzz/target/graphicsfuzz/python/drivers/../../jar/tool-1.0.jar com.graphicsfuzz.reducer.tool.GlslReduce /opt/reduce/rtx_4070/syn_memory_converge/variant_237.json interestingness_test --output reduction_results/rtx_4070/syn_memory_converge/variant_237 /opt/reduce/rtx_4070/syn_memory_converge/variant_237.comp
