18:25:42.829 INFO  ExecHelper - /opt/graphicsfuzz/graphicsfuzz/target/graphicsfuzz/bin/Linux/glslangValidator -E --stdin -S comp
18:25:42.889 INFO  ExecHelper - Result: 0
18:25:43.316 INFO  ReductionDriver - Starting reduction for variant_887
18:25:43.459 INFO  ExecHelper - interestingness_test /opt/reduce/cezanne_radeon_vega/syn_memory_converge/variant_887.comp reduction_results/cezanne_radeon_vega/syn_memory_converge/variant_887/variant_887.json
18:25:43.468 INFO  StreamGobblerLogger - stderr.env: ‘interestingness_test’: No such file or directory
18:25:43.469 INFO  ExecHelper - Result: 127
18:25:43.469 INFO  CustomFileJudge - Custom file judge result: 127
18:25:43.469 INFO  ReductionDriver - Result from initial state is not interesting (attempt 1)
18:25:43.600 INFO  ExecHelper - interestingness_test /opt/reduce/cezanne_radeon_vega/syn_memory_converge/variant_887.comp reduction_results/cezanne_radeon_vega/syn_memory_converge/variant_887/variant_887.json
18:25:43.602 INFO  StreamGobblerLogger - stderr.env: ‘interestingness_test’: No such file or directory
18:25:43.603 INFO  ExecHelper - Result: 127
18:25:43.603 INFO  CustomFileJudge - Custom file judge result: 127
18:25:43.603 INFO  ReductionDriver - Result from initial state is not interesting (attempt 2)
18:25:43.718 INFO  ExecHelper - interestingness_test /opt/reduce/cezanne_radeon_vega/syn_memory_converge/variant_887.comp reduction_results/cezanne_radeon_vega/syn_memory_converge/variant_887/variant_887.json
18:25:43.720 INFO  StreamGobblerLogger - stderr.env: ‘interestingness_test’: No such file or directory
18:25:43.720 INFO  ExecHelper - Result: 127
18:25:43.721 INFO  CustomFileJudge - Custom file judge result: 127
18:25:43.721 INFO  ReductionDriver - Result from initial state is not interesting (attempt 3)
18:25:43.835 INFO  ExecHelper - interestingness_test /opt/reduce/cezanne_radeon_vega/syn_memory_converge/variant_887.comp reduction_results/cezanne_radeon_vega/syn_memory_converge/variant_887/variant_887.json
18:25:43.836 INFO  StreamGobblerLogger - stderr.env: ‘interestingness_test’: No such file or directory
18:25:43.837 INFO  ExecHelper - Result: 127
18:25:43.837 INFO  CustomFileJudge - Custom file judge result: 127
18:25:43.837 INFO  ReductionDriver - Result from initial state is not interesting (attempt 4)
18:25:43.951 INFO  ExecHelper - interestingness_test /opt/reduce/cezanne_radeon_vega/syn_memory_converge/variant_887.comp reduction_results/cezanne_radeon_vega/syn_memory_converge/variant_887/variant_887.json
18:25:43.953 INFO  StreamGobblerLogger - stderr.env: ‘interestingness_test’: No such file or directory
18:25:43.953 INFO  ExecHelper - Result: 127
18:25:43.953 INFO  CustomFileJudge - Custom file judge result: 127
18:25:43.953 INFO  ReductionDriver - Result from initial state is not interesting (attempt 5)
18:25:43.953 INFO  ReductionDriver - Tried 5 times; stopping.
Reduction command: java -ea -cp /opt/graphicsfuzz/graphicsfuzz/target/graphicsfuzz/python/drivers/../../jar/tool-1.0.jar com.graphicsfuzz.reducer.tool.GlslReduce /opt/reduce/cezanne_radeon_vega/syn_memory_converge/variant_887.json interestingness_test --output reduction_results/cezanne_radeon_vega/syn_memory_converge/variant_887 /opt/reduce/cezanne_radeon_vega/syn_memory_converge/variant_887.comp
