19:27:28.326 INFO  ExecHelper - /opt/graphicsfuzz/graphicsfuzz/target/graphicsfuzz/bin/Linux/glslangValidator -E --stdin -S comp
19:27:28.380 INFO  ExecHelper - Result: 0
19:27:28.675 INFO  ReductionDriver - Starting reduction for variant_096
19:27:28.757 INFO  ExecHelper - interestingness_test /opt/reduce/rtx_4070/syn_memory_converge/variant_096.comp reduction_results/rtx_4070/syn_memory_converge/variant_096/variant_096.json
19:27:28.758 INFO  StreamGobblerLogger - stderr.env: ‘interestingness_test’: No such file or directory
19:27:28.759 INFO  ExecHelper - Result: 127
19:27:28.759 INFO  CustomFileJudge - Custom file judge result: 127
19:27:28.759 INFO  ReductionDriver - Result from initial state is not interesting (attempt 1)
19:27:28.824 INFO  ExecHelper - interestingness_test /opt/reduce/rtx_4070/syn_memory_converge/variant_096.comp reduction_results/rtx_4070/syn_memory_converge/variant_096/variant_096.json
19:27:28.825 INFO  StreamGobblerLogger - stderr.env: ‘interestingness_test’: No such file or directory
19:27:28.826 INFO  ExecHelper - Result: 127
19:27:28.826 INFO  CustomFileJudge - Custom file judge result: 127
19:27:28.826 INFO  ReductionDriver - Result from initial state is not interesting (attempt 2)
19:27:28.888 INFO  ExecHelper - interestingness_test /opt/reduce/rtx_4070/syn_memory_converge/variant_096.comp reduction_results/rtx_4070/syn_memory_converge/variant_096/variant_096.json
19:27:28.890 INFO  StreamGobblerLogger - stderr.env: ‘interestingness_test’: No such file or directory
19:27:28.890 INFO  ExecHelper - Result: 127
19:27:28.890 INFO  CustomFileJudge - Custom file judge result: 127
19:27:28.890 INFO  ReductionDriver - Result from initial state is not interesting (attempt 3)
19:27:28.957 INFO  ExecHelper - interestingness_test /opt/reduce/rtx_4070/syn_memory_converge/variant_096.comp reduction_results/rtx_4070/syn_memory_converge/variant_096/variant_096.json
19:27:28.958 INFO  StreamGobblerLogger - stderr.env: ‘interestingness_test’: No such file or directory
19:27:28.959 INFO  ExecHelper - Result: 127
19:27:28.959 INFO  CustomFileJudge - Custom file judge result: 127
19:27:28.959 INFO  ReductionDriver - Result from initial state is not interesting (attempt 4)
19:27:29.017 INFO  ExecHelper - interestingness_test /opt/reduce/rtx_4070/syn_memory_converge/variant_096.comp reduction_results/rtx_4070/syn_memory_converge/variant_096/variant_096.json
19:27:29.019 INFO  StreamGobblerLogger - stderr.env: ‘interestingness_test’: No such file or directory
19:27:29.019 INFO  ExecHelper - Result: 127
19:27:29.019 INFO  CustomFileJudge - Custom file judge result: 127
19:27:29.019 INFO  ReductionDriver - Result from initial state is not interesting (attempt 5)
19:27:29.020 INFO  ReductionDriver - Tried 5 times; stopping.
Reduction command: java -ea -cp /opt/graphicsfuzz/graphicsfuzz/target/graphicsfuzz/python/drivers/../../jar/tool-1.0.jar com.graphicsfuzz.reducer.tool.GlslReduce /opt/reduce/rtx_4070/syn_memory_converge/variant_096.json interestingness_test --output reduction_results/rtx_4070/syn_memory_converge/variant_096 /opt/reduce/rtx_4070/syn_memory_converge/variant_096.comp
