19:06:51.584 INFO  ExecHelper - /opt/graphicsfuzz/graphicsfuzz/target/graphicsfuzz/bin/Linux/glslangValidator -E --stdin -S comp
19:06:51.641 INFO  ExecHelper - Result: 0
19:06:51.931 INFO  ReductionDriver - Starting reduction for variant_193
19:06:52.022 INFO  ExecHelper - interestingness_test /opt/reduce/intel_iris_xe_graphics/syn_memory_converge_atomic/variant_193.comp reduction_results/intel_iris_xe_graphics/syn_memory_converge_atomic/variant_193/variant_193.json
19:06:52.024 INFO  StreamGobblerLogger - stderr.env: ‘interestingness_test’: No such file or directory
19:06:52.025 INFO  ExecHelper - Result: 127
19:06:52.025 INFO  CustomFileJudge - Custom file judge result: 127
19:06:52.025 INFO  ReductionDriver - Result from initial state is not interesting (attempt 1)
19:06:52.101 INFO  ExecHelper - interestingness_test /opt/reduce/intel_iris_xe_graphics/syn_memory_converge_atomic/variant_193.comp reduction_results/intel_iris_xe_graphics/syn_memory_converge_atomic/variant_193/variant_193.json
19:06:52.102 INFO  StreamGobblerLogger - stderr.env: ‘interestingness_test’: No such file or directory
19:06:52.103 INFO  ExecHelper - Result: 127
19:06:52.103 INFO  CustomFileJudge - Custom file judge result: 127
19:06:52.103 INFO  ReductionDriver - Result from initial state is not interesting (attempt 2)
19:06:52.167 INFO  ExecHelper - interestingness_test /opt/reduce/intel_iris_xe_graphics/syn_memory_converge_atomic/variant_193.comp reduction_results/intel_iris_xe_graphics/syn_memory_converge_atomic/variant_193/variant_193.json
19:06:52.176 INFO  StreamGobblerLogger - stderr.env: ‘interestingness_test’: No such file or directory
19:06:52.177 INFO  ExecHelper - Result: 127
19:06:52.177 INFO  CustomFileJudge - Custom file judge result: 127
19:06:52.177 INFO  ReductionDriver - Result from initial state is not interesting (attempt 3)
19:06:52.241 INFO  ExecHelper - interestingness_test /opt/reduce/intel_iris_xe_graphics/syn_memory_converge_atomic/variant_193.comp reduction_results/intel_iris_xe_graphics/syn_memory_converge_atomic/variant_193/variant_193.json
19:06:52.243 INFO  StreamGobblerLogger - stderr.env: ‘interestingness_test’: No such file or directory
19:06:52.244 INFO  ExecHelper - Result: 127
19:06:52.244 INFO  CustomFileJudge - Custom file judge result: 127
19:06:52.244 INFO  ReductionDriver - Result from initial state is not interesting (attempt 4)
19:06:52.304 INFO  ExecHelper - interestingness_test /opt/reduce/intel_iris_xe_graphics/syn_memory_converge_atomic/variant_193.comp reduction_results/intel_iris_xe_graphics/syn_memory_converge_atomic/variant_193/variant_193.json
19:06:52.305 INFO  StreamGobblerLogger - stderr.env: ‘interestingness_test’: No such file or directory
19:06:52.306 INFO  ExecHelper - Result: 127
19:06:52.306 INFO  CustomFileJudge - Custom file judge result: 127
19:06:52.306 INFO  ReductionDriver - Result from initial state is not interesting (attempt 5)
19:06:52.306 INFO  ReductionDriver - Tried 5 times; stopping.
Reduction command: java -ea -cp /opt/graphicsfuzz/graphicsfuzz/target/graphicsfuzz/python/drivers/../../jar/tool-1.0.jar com.graphicsfuzz.reducer.tool.GlslReduce /opt/reduce/intel_iris_xe_graphics/syn_memory_converge_atomic/variant_193.json interestingness_test --output reduction_results/intel_iris_xe_graphics/syn_memory_converge_atomic/variant_193 /opt/reduce/intel_iris_xe_graphics/syn_memory_converge_atomic/variant_193.comp
