18:39:25.481 INFO  ExecHelper - /opt/graphicsfuzz/graphicsfuzz/target/graphicsfuzz/bin/Linux/glslangValidator -E --stdin -S comp
18:39:25.575 INFO  ExecHelper - Result: 0
18:39:26.059 INFO  ReductionDriver - Starting reduction for variant_862
18:39:26.205 INFO  ExecHelper - interestingness_test /opt/reduce/cezanne_radeon_vega/syn_memory_converge_atomic/variant_862.comp reduction_results/cezanne_radeon_vega/syn_memory_converge_atomic/variant_862/variant_862.json
18:39:26.207 INFO  StreamGobblerLogger - stderr.env: ‘interestingness_test’: No such file or directory
18:39:26.208 INFO  ExecHelper - Result: 127
18:39:26.208 INFO  CustomFileJudge - Custom file judge result: 127
18:39:26.208 INFO  ReductionDriver - Result from initial state is not interesting (attempt 1)
18:39:26.341 INFO  ExecHelper - interestingness_test /opt/reduce/cezanne_radeon_vega/syn_memory_converge_atomic/variant_862.comp reduction_results/cezanne_radeon_vega/syn_memory_converge_atomic/variant_862/variant_862.json
18:39:26.342 INFO  StreamGobblerLogger - stderr.env: ‘interestingness_test’: No such file or directory
18:39:26.343 INFO  ExecHelper - Result: 127
18:39:26.343 INFO  CustomFileJudge - Custom file judge result: 127
18:39:26.343 INFO  ReductionDriver - Result from initial state is not interesting (attempt 2)
18:39:26.473 INFO  ExecHelper - interestingness_test /opt/reduce/cezanne_radeon_vega/syn_memory_converge_atomic/variant_862.comp reduction_results/cezanne_radeon_vega/syn_memory_converge_atomic/variant_862/variant_862.json
18:39:26.475 INFO  StreamGobblerLogger - stderr.env: ‘interestingness_test’: No such file or directory
18:39:26.475 INFO  ExecHelper - Result: 127
18:39:26.475 INFO  CustomFileJudge - Custom file judge result: 127
18:39:26.475 INFO  ReductionDriver - Result from initial state is not interesting (attempt 3)
18:39:26.590 INFO  ExecHelper - interestingness_test /opt/reduce/cezanne_radeon_vega/syn_memory_converge_atomic/variant_862.comp reduction_results/cezanne_radeon_vega/syn_memory_converge_atomic/variant_862/variant_862.json
18:39:26.592 INFO  StreamGobblerLogger - stderr.env: ‘interestingness_test’: No such file or directory
18:39:26.592 INFO  ExecHelper - Result: 127
18:39:26.592 INFO  CustomFileJudge - Custom file judge result: 127
18:39:26.592 INFO  ReductionDriver - Result from initial state is not interesting (attempt 4)
18:39:26.707 INFO  ExecHelper - interestingness_test /opt/reduce/cezanne_radeon_vega/syn_memory_converge_atomic/variant_862.comp reduction_results/cezanne_radeon_vega/syn_memory_converge_atomic/variant_862/variant_862.json
18:39:26.708 INFO  StreamGobblerLogger - stderr.env: ‘interestingness_test’: No such file or directory
18:39:26.708 INFO  ExecHelper - Result: 127
18:39:26.708 INFO  CustomFileJudge - Custom file judge result: 127
18:39:26.708 INFO  ReductionDriver - Result from initial state is not interesting (attempt 5)
18:39:26.708 INFO  ReductionDriver - Tried 5 times; stopping.
Reduction command: java -ea -cp /opt/graphicsfuzz/graphicsfuzz/target/graphicsfuzz/python/drivers/../../jar/tool-1.0.jar com.graphicsfuzz.reducer.tool.GlslReduce /opt/reduce/cezanne_radeon_vega/syn_memory_converge_atomic/variant_862.json interestingness_test --output reduction_results/cezanne_radeon_vega/syn_memory_converge_atomic/variant_862 /opt/reduce/cezanne_radeon_vega/syn_memory_converge_atomic/variant_862.comp
