19:15:46.029 INFO  ExecHelper - /opt/graphicsfuzz/graphicsfuzz/target/graphicsfuzz/bin/Linux/glslangValidator -E --stdin -S comp
19:15:46.076 INFO  ExecHelper - Result: 0
19:15:46.134 INFO  ReductionDriver - Starting reduction for variant_777
19:15:46.139 INFO  ExecHelper - interestingness_test /opt/reduce/intel_iris_xe_graphics/syn_memory_converge_atomic/variant_777.comp reduction_results/intel_iris_xe_graphics/syn_memory_converge_atomic/variant_777/variant_777.json
19:15:46.140 INFO  StreamGobblerLogger - stderr.env: ‘interestingness_test’: No such file or directory
19:15:46.141 INFO  ExecHelper - Result: 127
19:15:46.141 INFO  CustomFileJudge - Custom file judge result: 127
19:15:46.141 INFO  ReductionDriver - Result from initial state is not interesting (attempt 1)
19:15:46.142 INFO  ExecHelper - interestingness_test /opt/reduce/intel_iris_xe_graphics/syn_memory_converge_atomic/variant_777.comp reduction_results/intel_iris_xe_graphics/syn_memory_converge_atomic/variant_777/variant_777.json
19:15:46.143 INFO  StreamGobblerLogger - stderr.env: ‘interestingness_test’: No such file or directory
19:15:46.143 INFO  ExecHelper - Result: 127
19:15:46.143 INFO  CustomFileJudge - Custom file judge result: 127
19:15:46.143 INFO  ReductionDriver - Result from initial state is not interesting (attempt 2)
19:15:46.144 INFO  ExecHelper - interestingness_test /opt/reduce/intel_iris_xe_graphics/syn_memory_converge_atomic/variant_777.comp reduction_results/intel_iris_xe_graphics/syn_memory_converge_atomic/variant_777/variant_777.json
19:15:46.145 INFO  StreamGobblerLogger - stderr.env: ‘interestingness_test’: No such file or directory
19:15:46.145 INFO  ExecHelper - Result: 127
19:15:46.145 INFO  CustomFileJudge - Custom file judge result: 127
19:15:46.145 INFO  ReductionDriver - Result from initial state is not interesting (attempt 3)
19:15:46.146 INFO  ExecHelper - interestingness_test /opt/reduce/intel_iris_xe_graphics/syn_memory_converge_atomic/variant_777.comp reduction_results/intel_iris_xe_graphics/syn_memory_converge_atomic/variant_777/variant_777.json
19:15:46.147 INFO  StreamGobblerLogger - stderr.env: ‘interestingness_test’: No such file or directory
19:15:46.147 INFO  ExecHelper - Result: 127
19:15:46.147 INFO  CustomFileJudge - Custom file judge result: 127
19:15:46.148 INFO  ReductionDriver - Result from initial state is not interesting (attempt 4)
19:15:46.148 INFO  ExecHelper - interestingness_test /opt/reduce/intel_iris_xe_graphics/syn_memory_converge_atomic/variant_777.comp reduction_results/intel_iris_xe_graphics/syn_memory_converge_atomic/variant_777/variant_777.json
19:15:46.149 INFO  StreamGobblerLogger - stderr.env: ‘interestingness_test’: No such file or directory
19:15:46.149 INFO  ExecHelper - Result: 127
19:15:46.150 INFO  CustomFileJudge - Custom file judge result: 127
19:15:46.150 INFO  ReductionDriver - Result from initial state is not interesting (attempt 5)
19:15:46.150 INFO  ReductionDriver - Tried 5 times; stopping.
Reduction command: java -ea -cp /opt/graphicsfuzz/graphicsfuzz/target/graphicsfuzz/python/drivers/../../jar/tool-1.0.jar com.graphicsfuzz.reducer.tool.GlslReduce /opt/reduce/intel_iris_xe_graphics/syn_memory_converge_atomic/variant_777.json interestingness_test --output reduction_results/intel_iris_xe_graphics/syn_memory_converge_atomic/variant_777 /opt/reduce/intel_iris_xe_graphics/syn_memory_converge_atomic/variant_777.comp
