18:54:57.812 INFO  ExecHelper - /opt/graphicsfuzz/graphicsfuzz/target/graphicsfuzz/bin/Linux/glslangValidator -E --stdin -S comp
18:54:57.860 INFO  ExecHelper - Result: 0
18:54:57.944 INFO  ReductionDriver - Starting reduction for variant_346
18:54:57.953 INFO  ExecHelper - interestingness_test /opt/reduce/intel_iris_xe_graphics/syn_memory_converge/variant_346.comp reduction_results/intel_iris_xe_graphics/syn_memory_converge/variant_346/variant_346.json
18:54:57.954 INFO  StreamGobblerLogger - stderr.env: ‘interestingness_test’: No such file or directory
18:54:57.955 INFO  ExecHelper - Result: 127
18:54:57.955 INFO  CustomFileJudge - Custom file judge result: 127
18:54:57.955 INFO  ReductionDriver - Result from initial state is not interesting (attempt 1)
18:54:57.958 INFO  ExecHelper - interestingness_test /opt/reduce/intel_iris_xe_graphics/syn_memory_converge/variant_346.comp reduction_results/intel_iris_xe_graphics/syn_memory_converge/variant_346/variant_346.json
18:54:57.959 INFO  StreamGobblerLogger - stderr.env: ‘interestingness_test’: No such file or directory
18:54:57.960 INFO  ExecHelper - Result: 127
18:54:57.960 INFO  CustomFileJudge - Custom file judge result: 127
18:54:57.960 INFO  ReductionDriver - Result from initial state is not interesting (attempt 2)
18:54:57.961 INFO  ExecHelper - interestingness_test /opt/reduce/intel_iris_xe_graphics/syn_memory_converge/variant_346.comp reduction_results/intel_iris_xe_graphics/syn_memory_converge/variant_346/variant_346.json
18:54:57.962 INFO  StreamGobblerLogger - stderr.env: ‘interestingness_test’: No such file or directory
18:54:57.963 INFO  ExecHelper - Result: 127
18:54:57.963 INFO  CustomFileJudge - Custom file judge result: 127
18:54:57.963 INFO  ReductionDriver - Result from initial state is not interesting (attempt 3)
18:54:57.965 INFO  ExecHelper - interestingness_test /opt/reduce/intel_iris_xe_graphics/syn_memory_converge/variant_346.comp reduction_results/intel_iris_xe_graphics/syn_memory_converge/variant_346/variant_346.json
18:54:57.966 INFO  StreamGobblerLogger - stderr.env: ‘interestingness_test’: No such file or directory
18:54:57.966 INFO  ExecHelper - Result: 127
18:54:57.966 INFO  CustomFileJudge - Custom file judge result: 127
18:54:57.966 INFO  ReductionDriver - Result from initial state is not interesting (attempt 4)
18:54:57.968 INFO  ExecHelper - interestingness_test /opt/reduce/intel_iris_xe_graphics/syn_memory_converge/variant_346.comp reduction_results/intel_iris_xe_graphics/syn_memory_converge/variant_346/variant_346.json
18:54:57.969 INFO  StreamGobblerLogger - stderr.env: ‘interestingness_test’: No such file or directory
18:54:57.970 INFO  ExecHelper - Result: 127
18:54:57.970 INFO  CustomFileJudge - Custom file judge result: 127
18:54:57.970 INFO  ReductionDriver - Result from initial state is not interesting (attempt 5)
18:54:57.970 INFO  ReductionDriver - Tried 5 times; stopping.
Reduction command: java -ea -cp /opt/graphicsfuzz/graphicsfuzz/target/graphicsfuzz/python/drivers/../../jar/tool-1.0.jar com.graphicsfuzz.reducer.tool.GlslReduce /opt/reduce/intel_iris_xe_graphics/syn_memory_converge/variant_346.json interestingness_test --output reduction_results/intel_iris_xe_graphics/syn_memory_converge/variant_346 /opt/reduce/intel_iris_xe_graphics/syn_memory_converge/variant_346.comp
