19:51:54.335 INFO  ExecHelper - /opt/graphicsfuzz/graphicsfuzz/target/graphicsfuzz/bin/Linux/glslangValidator -E --stdin -S comp
19:51:54.384 INFO  ExecHelper - Result: 0
19:51:54.473 INFO  ReductionDriver - Starting reduction for variant_781
19:51:54.484 INFO  ExecHelper - interestingness_test /opt/reduce/rtx_4070/syn_memory_converge_atomic/variant_781.comp reduction_results/rtx_4070/syn_memory_converge_atomic/variant_781/variant_781.json
19:51:54.485 INFO  StreamGobblerLogger - stderr.env: ‘interestingness_test’: No such file or directory
19:51:54.486 INFO  ExecHelper - Result: 127
19:51:54.486 INFO  CustomFileJudge - Custom file judge result: 127
19:51:54.486 INFO  ReductionDriver - Result from initial state is not interesting (attempt 1)
19:51:54.491 INFO  ExecHelper - interestingness_test /opt/reduce/rtx_4070/syn_memory_converge_atomic/variant_781.comp reduction_results/rtx_4070/syn_memory_converge_atomic/variant_781/variant_781.json
19:51:54.492 INFO  StreamGobblerLogger - stderr.env: ‘interestingness_test’: No such file or directory
19:51:54.493 INFO  ExecHelper - Result: 127
19:51:54.493 INFO  CustomFileJudge - Custom file judge result: 127
19:51:54.493 INFO  ReductionDriver - Result from initial state is not interesting (attempt 2)
19:51:54.495 INFO  ExecHelper - interestingness_test /opt/reduce/rtx_4070/syn_memory_converge_atomic/variant_781.comp reduction_results/rtx_4070/syn_memory_converge_atomic/variant_781/variant_781.json
19:51:54.496 INFO  StreamGobblerLogger - stderr.env: ‘interestingness_test’: No such file or directory
19:51:54.496 INFO  ExecHelper - Result: 127
19:51:54.496 INFO  CustomFileJudge - Custom file judge result: 127
19:51:54.496 INFO  ReductionDriver - Result from initial state is not interesting (attempt 3)
19:51:54.498 INFO  ExecHelper - interestingness_test /opt/reduce/rtx_4070/syn_memory_converge_atomic/variant_781.comp reduction_results/rtx_4070/syn_memory_converge_atomic/variant_781/variant_781.json
19:51:54.499 INFO  StreamGobblerLogger - stderr.env: ‘interestingness_test’: No such file or directory
19:51:54.499 INFO  ExecHelper - Result: 127
19:51:54.500 INFO  CustomFileJudge - Custom file judge result: 127
19:51:54.500 INFO  ReductionDriver - Result from initial state is not interesting (attempt 4)
19:51:54.502 INFO  ExecHelper - interestingness_test /opt/reduce/rtx_4070/syn_memory_converge_atomic/variant_781.comp reduction_results/rtx_4070/syn_memory_converge_atomic/variant_781/variant_781.json
19:51:54.503 INFO  StreamGobblerLogger - stderr.env: ‘interestingness_test’: No such file or directory
19:51:54.503 INFO  ExecHelper - Result: 127
19:51:54.503 INFO  CustomFileJudge - Custom file judge result: 127
19:51:54.503 INFO  ReductionDriver - Result from initial state is not interesting (attempt 5)
19:51:54.503 INFO  ReductionDriver - Tried 5 times; stopping.
Reduction command: java -ea -cp /opt/graphicsfuzz/graphicsfuzz/target/graphicsfuzz/python/drivers/../../jar/tool-1.0.jar com.graphicsfuzz.reducer.tool.GlslReduce /opt/reduce/rtx_4070/syn_memory_converge_atomic/variant_781.json interestingness_test --output reduction_results/rtx_4070/syn_memory_converge_atomic/variant_781 /opt/reduce/rtx_4070/syn_memory_converge_atomic/variant_781.comp
