18:45:45.133 INFO  ExecHelper - /opt/graphicsfuzz/graphicsfuzz/target/graphicsfuzz/bin/Linux/glslangValidator -E --stdin -S comp
18:45:45.224 INFO  ExecHelper - Result: 0
18:45:46.071 INFO  ReductionDriver - Starting reduction for variant_930
18:45:46.092 INFO  ExecHelper - interestingness_test /opt/reduce/intel_iris_xe_graphics/syn_branch_syn_relax/variant_930.comp reduction_results/intel_iris_xe_graphics/syn_branch_syn_relax/variant_930/variant_930.json
18:45:46.094 INFO  StreamGobblerLogger - stderr.env: ‘interestingness_test’: No such file or directory
18:45:46.094 INFO  ExecHelper - Result: 127
18:45:46.094 INFO  CustomFileJudge - Custom file judge result: 127
18:45:46.094 INFO  ReductionDriver - Result from initial state is not interesting (attempt 1)
18:45:46.104 INFO  ExecHelper - interestingness_test /opt/reduce/intel_iris_xe_graphics/syn_branch_syn_relax/variant_930.comp reduction_results/intel_iris_xe_graphics/syn_branch_syn_relax/variant_930/variant_930.json
18:45:46.105 INFO  StreamGobblerLogger - stderr.env: ‘interestingness_test’: No such file or directory
18:45:46.106 INFO  ExecHelper - Result: 127
18:45:46.106 INFO  CustomFileJudge - Custom file judge result: 127
18:45:46.106 INFO  ReductionDriver - Result from initial state is not interesting (attempt 2)
18:45:46.118 INFO  ExecHelper - interestingness_test /opt/reduce/intel_iris_xe_graphics/syn_branch_syn_relax/variant_930.comp reduction_results/intel_iris_xe_graphics/syn_branch_syn_relax/variant_930/variant_930.json
18:45:46.119 INFO  StreamGobblerLogger - stderr.env: ‘interestingness_test’: No such file or directory
18:45:46.120 INFO  ExecHelper - Result: 127
18:45:46.120 INFO  CustomFileJudge - Custom file judge result: 127
18:45:46.120 INFO  ReductionDriver - Result from initial state is not interesting (attempt 3)
18:45:46.128 INFO  ExecHelper - interestingness_test /opt/reduce/intel_iris_xe_graphics/syn_branch_syn_relax/variant_930.comp reduction_results/intel_iris_xe_graphics/syn_branch_syn_relax/variant_930/variant_930.json
18:45:46.129 INFO  StreamGobblerLogger - stderr.env: ‘interestingness_test’: No such file or directory
18:45:46.129 INFO  ExecHelper - Result: 127
18:45:46.129 INFO  CustomFileJudge - Custom file judge result: 127
18:45:46.129 INFO  ReductionDriver - Result from initial state is not interesting (attempt 4)
18:45:46.136 INFO  ExecHelper - interestingness_test /opt/reduce/intel_iris_xe_graphics/syn_branch_syn_relax/variant_930.comp reduction_results/intel_iris_xe_graphics/syn_branch_syn_relax/variant_930/variant_930.json
18:45:46.137 INFO  StreamGobblerLogger - stderr.env: ‘interestingness_test’: No such file or directory
18:45:46.138 INFO  ExecHelper - Result: 127
18:45:46.138 INFO  CustomFileJudge - Custom file judge result: 127
18:45:46.138 INFO  ReductionDriver - Result from initial state is not interesting (attempt 5)
18:45:46.138 INFO  ReductionDriver - Tried 5 times; stopping.
Reduction command: java -ea -cp /opt/graphicsfuzz/graphicsfuzz/target/graphicsfuzz/python/drivers/../../jar/tool-1.0.jar com.graphicsfuzz.reducer.tool.GlslReduce /opt/reduce/intel_iris_xe_graphics/syn_branch_syn_relax/variant_930.json interestingness_test --output reduction_results/intel_iris_xe_graphics/syn_branch_syn_relax/variant_930 /opt/reduce/intel_iris_xe_graphics/syn_branch_syn_relax/variant_930.comp
