19:31:51.992 INFO  ExecHelper - /opt/graphicsfuzz/graphicsfuzz/target/graphicsfuzz/bin/Linux/glslangValidator -E --stdin -S comp
19:31:52.142 INFO  ExecHelper - Result: 0
19:31:53.223 INFO  ReductionDriver - Starting reduction for variant_406
19:31:53.243 INFO  ExecHelper - interestingness_test /opt/reduce/rtx_4070/syn_memory_converge/variant_406.comp reduction_results/rtx_4070/syn_memory_converge/variant_406/variant_406.json
19:31:53.245 INFO  StreamGobblerLogger - stderr.env: ‘interestingness_test’: No such file or directory
19:31:53.245 INFO  ExecHelper - Result: 127
19:31:53.245 INFO  CustomFileJudge - Custom file judge result: 127
19:31:53.245 INFO  ReductionDriver - Result from initial state is not interesting (attempt 1)
19:31:53.255 INFO  ExecHelper - interestingness_test /opt/reduce/rtx_4070/syn_memory_converge/variant_406.comp reduction_results/rtx_4070/syn_memory_converge/variant_406/variant_406.json
19:31:53.256 INFO  StreamGobblerLogger - stderr.env: ‘interestingness_test’: No such file or directory
19:31:53.257 INFO  ExecHelper - Result: 127
19:31:53.257 INFO  CustomFileJudge - Custom file judge result: 127
19:31:53.257 INFO  ReductionDriver - Result from initial state is not interesting (attempt 2)
19:31:53.265 INFO  ExecHelper - interestingness_test /opt/reduce/rtx_4070/syn_memory_converge/variant_406.comp reduction_results/rtx_4070/syn_memory_converge/variant_406/variant_406.json
19:31:53.266 INFO  StreamGobblerLogger - stderr.env: ‘interestingness_test’: No such file or directory
19:31:53.267 INFO  ExecHelper - Result: 127
19:31:53.267 INFO  CustomFileJudge - Custom file judge result: 127
19:31:53.267 INFO  ReductionDriver - Result from initial state is not interesting (attempt 3)
19:31:53.275 INFO  ExecHelper - interestingness_test /opt/reduce/rtx_4070/syn_memory_converge/variant_406.comp reduction_results/rtx_4070/syn_memory_converge/variant_406/variant_406.json
19:31:53.276 INFO  StreamGobblerLogger - stderr.env: ‘interestingness_test’: No such file or directory
19:31:53.276 INFO  ExecHelper - Result: 127
19:31:53.276 INFO  CustomFileJudge - Custom file judge result: 127
19:31:53.276 INFO  ReductionDriver - Result from initial state is not interesting (attempt 4)
19:31:53.284 INFO  ExecHelper - interestingness_test /opt/reduce/rtx_4070/syn_memory_converge/variant_406.comp reduction_results/rtx_4070/syn_memory_converge/variant_406/variant_406.json
19:31:53.285 INFO  StreamGobblerLogger - stderr.env: ‘interestingness_test’: No such file or directory
19:31:53.285 INFO  ExecHelper - Result: 127
19:31:53.285 INFO  CustomFileJudge - Custom file judge result: 127
19:31:53.285 INFO  ReductionDriver - Result from initial state is not interesting (attempt 5)
19:31:53.285 INFO  ReductionDriver - Tried 5 times; stopping.
Reduction command: java -ea -cp /opt/graphicsfuzz/graphicsfuzz/target/graphicsfuzz/python/drivers/../../jar/tool-1.0.jar com.graphicsfuzz.reducer.tool.GlslReduce /opt/reduce/rtx_4070/syn_memory_converge/variant_406.json interestingness_test --output reduction_results/rtx_4070/syn_memory_converge/variant_406 /opt/reduce/rtx_4070/syn_memory_converge/variant_406.comp
