19:19:40.237 INFO  ExecHelper - /opt/graphicsfuzz/graphicsfuzz/target/graphicsfuzz/bin/Linux/glslangValidator -E --stdin -S comp
19:19:40.417 INFO  ExecHelper - Result: 0
19:19:40.971 INFO  ReductionDriver - Starting reduction for variant_468
19:19:40.983 INFO  ExecHelper - interestingness_test /opt/reduce/intel_iris_xe_graphics/syn_subgroup_op/variant_468.comp reduction_results/intel_iris_xe_graphics/syn_subgroup_op/variant_468/variant_468.json
19:19:40.984 INFO  StreamGobblerLogger - stderr.env: ‘interestingness_test’: No such file or directory
19:19:40.984 INFO  ExecHelper - Result: 127
19:19:40.984 INFO  CustomFileJudge - Custom file judge result: 127
19:19:40.985 INFO  ReductionDriver - Result from initial state is not interesting (attempt 1)
19:19:40.988 INFO  ExecHelper - interestingness_test /opt/reduce/intel_iris_xe_graphics/syn_subgroup_op/variant_468.comp reduction_results/intel_iris_xe_graphics/syn_subgroup_op/variant_468/variant_468.json
19:19:40.990 INFO  StreamGobblerLogger - stderr.env: ‘interestingness_test’: No such file or directory
19:19:40.990 INFO  ExecHelper - Result: 127
19:19:40.990 INFO  CustomFileJudge - Custom file judge result: 127
19:19:40.990 INFO  ReductionDriver - Result from initial state is not interesting (attempt 2)
19:19:40.993 INFO  ExecHelper - interestingness_test /opt/reduce/intel_iris_xe_graphics/syn_subgroup_op/variant_468.comp reduction_results/intel_iris_xe_graphics/syn_subgroup_op/variant_468/variant_468.json
19:19:40.994 INFO  StreamGobblerLogger - stderr.env: ‘interestingness_test’: No such file or directory
19:19:40.995 INFO  ExecHelper - Result: 127
19:19:40.995 INFO  CustomFileJudge - Custom file judge result: 127
19:19:40.995 INFO  ReductionDriver - Result from initial state is not interesting (attempt 3)
19:19:40.998 INFO  ExecHelper - interestingness_test /opt/reduce/intel_iris_xe_graphics/syn_subgroup_op/variant_468.comp reduction_results/intel_iris_xe_graphics/syn_subgroup_op/variant_468/variant_468.json
19:19:40.999 INFO  StreamGobblerLogger - stderr.env: ‘interestingness_test’: No such file or directory
19:19:40.999 INFO  ExecHelper - Result: 127
19:19:40.999 INFO  CustomFileJudge - Custom file judge result: 127
19:19:40.999 INFO  ReductionDriver - Result from initial state is not interesting (attempt 4)
19:19:41.002 INFO  ExecHelper - interestingness_test /opt/reduce/intel_iris_xe_graphics/syn_subgroup_op/variant_468.comp reduction_results/intel_iris_xe_graphics/syn_subgroup_op/variant_468/variant_468.json
19:19:41.004 INFO  StreamGobblerLogger - stderr.env: ‘interestingness_test’: No such file or directory
19:19:41.004 INFO  ExecHelper - Result: 127
19:19:41.004 INFO  CustomFileJudge - Custom file judge result: 127
19:19:41.004 INFO  ReductionDriver - Result from initial state is not interesting (attempt 5)
19:19:41.004 INFO  ReductionDriver - Tried 5 times; stopping.
Reduction command: java -ea -cp /opt/graphicsfuzz/graphicsfuzz/target/graphicsfuzz/python/drivers/../../jar/tool-1.0.jar com.graphicsfuzz.reducer.tool.GlslReduce /opt/reduce/intel_iris_xe_graphics/syn_subgroup_op/variant_468.json interestingness_test --output reduction_results/intel_iris_xe_graphics/syn_subgroup_op/variant_468 /opt/reduce/intel_iris_xe_graphics/syn_subgroup_op/variant_468.comp
