18:35:38.175 INFO  ExecHelper - /opt/graphicsfuzz/graphicsfuzz/target/graphicsfuzz/bin/Linux/glslangValidator -E --stdin -S comp
18:35:38.225 INFO  ExecHelper - Result: 0
18:35:38.284 INFO  ReductionDriver - Starting reduction for variant_610
18:35:38.288 INFO  ExecHelper - interestingness_test /opt/reduce/cezanne_radeon_vega/syn_memory_converge_atomic/variant_610.comp reduction_results/cezanne_radeon_vega/syn_memory_converge_atomic/variant_610/variant_610.json
18:35:38.290 INFO  StreamGobblerLogger - stderr.env: ‘interestingness_test’: No such file or directory
18:35:38.291 INFO  ExecHelper - Result: 127
18:35:38.291 INFO  CustomFileJudge - Custom file judge result: 127
18:35:38.291 INFO  ReductionDriver - Result from initial state is not interesting (attempt 1)
18:35:38.292 INFO  ExecHelper - interestingness_test /opt/reduce/cezanne_radeon_vega/syn_memory_converge_atomic/variant_610.comp reduction_results/cezanne_radeon_vega/syn_memory_converge_atomic/variant_610/variant_610.json
18:35:38.293 INFO  StreamGobblerLogger - stderr.env: ‘interestingness_test’: No such file or directory
18:35:38.293 INFO  ExecHelper - Result: 127
18:35:38.293 INFO  CustomFileJudge - Custom file judge result: 127
18:35:38.293 INFO  ReductionDriver - Result from initial state is not interesting (attempt 2)
18:35:38.294 INFO  ExecHelper - interestingness_test /opt/reduce/cezanne_radeon_vega/syn_memory_converge_atomic/variant_610.comp reduction_results/cezanne_radeon_vega/syn_memory_converge_atomic/variant_610/variant_610.json
18:35:38.295 INFO  StreamGobblerLogger - stderr.env: ‘interestingness_test’: No such file or directory
18:35:38.296 INFO  ExecHelper - Result: 127
18:35:38.296 INFO  CustomFileJudge - Custom file judge result: 127
18:35:38.296 INFO  ReductionDriver - Result from initial state is not interesting (attempt 3)
18:35:38.297 INFO  ExecHelper - interestingness_test /opt/reduce/cezanne_radeon_vega/syn_memory_converge_atomic/variant_610.comp reduction_results/cezanne_radeon_vega/syn_memory_converge_atomic/variant_610/variant_610.json
18:35:38.298 INFO  StreamGobblerLogger - stderr.env: ‘interestingness_test’: No such file or directory
18:35:38.298 INFO  ExecHelper - Result: 127
18:35:38.298 INFO  CustomFileJudge - Custom file judge result: 127
18:35:38.298 INFO  ReductionDriver - Result from initial state is not interesting (attempt 4)
18:35:38.299 INFO  ExecHelper - interestingness_test /opt/reduce/cezanne_radeon_vega/syn_memory_converge_atomic/variant_610.comp reduction_results/cezanne_radeon_vega/syn_memory_converge_atomic/variant_610/variant_610.json
18:35:38.300 INFO  StreamGobblerLogger - stderr.env: ‘interestingness_test’: No such file or directory
18:35:38.300 INFO  ExecHelper - Result: 127
18:35:38.300 INFO  CustomFileJudge - Custom file judge result: 127
18:35:38.300 INFO  ReductionDriver - Result from initial state is not interesting (attempt 5)
18:35:38.300 INFO  ReductionDriver - Tried 5 times; stopping.
Reduction command: java -ea -cp /opt/graphicsfuzz/graphicsfuzz/target/graphicsfuzz/python/drivers/../../jar/tool-1.0.jar com.graphicsfuzz.reducer.tool.GlslReduce /opt/reduce/cezanne_radeon_vega/syn_memory_converge_atomic/variant_610.json interestingness_test --output reduction_results/cezanne_radeon_vega/syn_memory_converge_atomic/variant_610 /opt/reduce/cezanne_radeon_vega/syn_memory_converge_atomic/variant_610.comp
