18:27:58.869 INFO  ExecHelper - /opt/graphicsfuzz/graphicsfuzz/target/graphicsfuzz/bin/Linux/glslangValidator -E --stdin -S comp
18:27:58.924 INFO  ExecHelper - Result: 0
18:27:59.241 INFO  ReductionDriver - Starting reduction for variant_059
18:27:59.329 INFO  ExecHelper - interestingness_test /opt/reduce/cezanne_radeon_vega/syn_memory_converge_atomic/variant_059.comp reduction_results/cezanne_radeon_vega/syn_memory_converge_atomic/variant_059/variant_059.json
18:27:59.331 INFO  StreamGobblerLogger - stderr.env: ‘interestingness_test’: No such file or directory
18:27:59.331 INFO  ExecHelper - Result: 127
18:27:59.331 INFO  CustomFileJudge - Custom file judge result: 127
18:27:59.331 INFO  ReductionDriver - Result from initial state is not interesting (attempt 1)
18:27:59.396 INFO  ExecHelper - interestingness_test /opt/reduce/cezanne_radeon_vega/syn_memory_converge_atomic/variant_059.comp reduction_results/cezanne_radeon_vega/syn_memory_converge_atomic/variant_059/variant_059.json
18:27:59.397 INFO  StreamGobblerLogger - stderr.env: ‘interestingness_test’: No such file or directory
18:27:59.398 INFO  ExecHelper - Result: 127
18:27:59.398 INFO  CustomFileJudge - Custom file judge result: 127
18:27:59.398 INFO  ReductionDriver - Result from initial state is not interesting (attempt 2)
18:27:59.460 INFO  ExecHelper - interestingness_test /opt/reduce/cezanne_radeon_vega/syn_memory_converge_atomic/variant_059.comp reduction_results/cezanne_radeon_vega/syn_memory_converge_atomic/variant_059/variant_059.json
18:27:59.461 INFO  StreamGobblerLogger - stderr.env: ‘interestingness_test’: No such file or directory
18:27:59.462 INFO  ExecHelper - Result: 127
18:27:59.462 INFO  CustomFileJudge - Custom file judge result: 127
18:27:59.462 INFO  ReductionDriver - Result from initial state is not interesting (attempt 3)
18:27:59.521 INFO  ExecHelper - interestingness_test /opt/reduce/cezanne_radeon_vega/syn_memory_converge_atomic/variant_059.comp reduction_results/cezanne_radeon_vega/syn_memory_converge_atomic/variant_059/variant_059.json
18:27:59.522 INFO  StreamGobblerLogger - stderr.env: ‘interestingness_test’: No such file or directory
18:27:59.523 INFO  ExecHelper - Result: 127
18:27:59.523 INFO  CustomFileJudge - Custom file judge result: 127
18:27:59.523 INFO  ReductionDriver - Result from initial state is not interesting (attempt 4)
18:27:59.581 INFO  ExecHelper - interestingness_test /opt/reduce/cezanne_radeon_vega/syn_memory_converge_atomic/variant_059.comp reduction_results/cezanne_radeon_vega/syn_memory_converge_atomic/variant_059/variant_059.json
18:27:59.582 INFO  StreamGobblerLogger - stderr.env: ‘interestingness_test’: No such file or directory
18:27:59.583 INFO  ExecHelper - Result: 127
18:27:59.583 INFO  CustomFileJudge - Custom file judge result: 127
18:27:59.583 INFO  ReductionDriver - Result from initial state is not interesting (attempt 5)
18:27:59.583 INFO  ReductionDriver - Tried 5 times; stopping.
Reduction command: java -ea -cp /opt/graphicsfuzz/graphicsfuzz/target/graphicsfuzz/python/drivers/../../jar/tool-1.0.jar com.graphicsfuzz.reducer.tool.GlslReduce /opt/reduce/cezanne_radeon_vega/syn_memory_converge_atomic/variant_059.json interestingness_test --output reduction_results/cezanne_radeon_vega/syn_memory_converge_atomic/variant_059 /opt/reduce/cezanne_radeon_vega/syn_memory_converge_atomic/variant_059.comp
