19:43:09.162 INFO  ExecHelper - /opt/graphicsfuzz/graphicsfuzz/target/graphicsfuzz/bin/Linux/glslangValidator -E --stdin -S comp
19:43:09.221 INFO  ExecHelper - Result: 0
19:43:09.587 INFO  ReductionDriver - Starting reduction for variant_204
19:43:09.731 INFO  ExecHelper - interestingness_test /opt/reduce/rtx_4070/syn_memory_converge_atomic/variant_204.comp reduction_results/rtx_4070/syn_memory_converge_atomic/variant_204/variant_204.json
19:43:09.733 INFO  StreamGobblerLogger - stderr.env: ‘interestingness_test’: No such file or directory
19:43:09.733 INFO  ExecHelper - Result: 127
19:43:09.734 INFO  CustomFileJudge - Custom file judge result: 127
19:43:09.734 INFO  ReductionDriver - Result from initial state is not interesting (attempt 1)
19:43:09.872 INFO  ExecHelper - interestingness_test /opt/reduce/rtx_4070/syn_memory_converge_atomic/variant_204.comp reduction_results/rtx_4070/syn_memory_converge_atomic/variant_204/variant_204.json
19:43:09.874 INFO  StreamGobblerLogger - stderr.env: ‘interestingness_test’: No such file or directory
19:43:09.875 INFO  ExecHelper - Result: 127
19:43:09.875 INFO  CustomFileJudge - Custom file judge result: 127
19:43:09.875 INFO  ReductionDriver - Result from initial state is not interesting (attempt 2)
19:43:09.999 INFO  ExecHelper - interestingness_test /opt/reduce/rtx_4070/syn_memory_converge_atomic/variant_204.comp reduction_results/rtx_4070/syn_memory_converge_atomic/variant_204/variant_204.json
19:43:10.000 INFO  StreamGobblerLogger - stderr.env: ‘interestingness_test’: No such file or directory
19:43:10.001 INFO  ExecHelper - Result: 127
19:43:10.001 INFO  CustomFileJudge - Custom file judge result: 127
19:43:10.001 INFO  ReductionDriver - Result from initial state is not interesting (attempt 3)
19:43:10.121 INFO  ExecHelper - interestingness_test /opt/reduce/rtx_4070/syn_memory_converge_atomic/variant_204.comp reduction_results/rtx_4070/syn_memory_converge_atomic/variant_204/variant_204.json
19:43:10.123 INFO  StreamGobblerLogger - stderr.env: ‘interestingness_test’: No such file or directory
19:43:10.124 INFO  ExecHelper - Result: 127
19:43:10.124 INFO  CustomFileJudge - Custom file judge result: 127
19:43:10.124 INFO  ReductionDriver - Result from initial state is not interesting (attempt 4)
19:43:10.249 INFO  ExecHelper - interestingness_test /opt/reduce/rtx_4070/syn_memory_converge_atomic/variant_204.comp reduction_results/rtx_4070/syn_memory_converge_atomic/variant_204/variant_204.json
19:43:10.250 INFO  StreamGobblerLogger - stderr.env: ‘interestingness_test’: No such file or directory
19:43:10.250 INFO  ExecHelper - Result: 127
19:43:10.250 INFO  CustomFileJudge - Custom file judge result: 127
19:43:10.251 INFO  ReductionDriver - Result from initial state is not interesting (attempt 5)
19:43:10.251 INFO  ReductionDriver - Tried 5 times; stopping.
Reduction command: java -ea -cp /opt/graphicsfuzz/graphicsfuzz/target/graphicsfuzz/python/drivers/../../jar/tool-1.0.jar com.graphicsfuzz.reducer.tool.GlslReduce /opt/reduce/rtx_4070/syn_memory_converge_atomic/variant_204.json interestingness_test --output reduction_results/rtx_4070/syn_memory_converge_atomic/variant_204 /opt/reduce/rtx_4070/syn_memory_converge_atomic/variant_204.comp
