19:04:41.076 INFO  ExecHelper - /opt/graphicsfuzz/graphicsfuzz/target/graphicsfuzz/bin/Linux/glslangValidator -E --stdin -S comp
19:04:41.131 INFO  ExecHelper - Result: 0
19:04:41.341 INFO  ReductionDriver - Starting reduction for variant_038
19:04:41.390 INFO  ExecHelper - interestingness_test /opt/reduce/intel_iris_xe_graphics/syn_memory_converge_atomic/variant_038.comp reduction_results/intel_iris_xe_graphics/syn_memory_converge_atomic/variant_038/variant_038.json
19:04:41.391 INFO  StreamGobblerLogger - stderr.env: ‘interestingness_test’: No such file or directory
19:04:41.392 INFO  ExecHelper - Result: 127
19:04:41.392 INFO  CustomFileJudge - Custom file judge result: 127
19:04:41.392 INFO  ReductionDriver - Result from initial state is not interesting (attempt 1)
19:04:41.424 INFO  ExecHelper - interestingness_test /opt/reduce/intel_iris_xe_graphics/syn_memory_converge_atomic/variant_038.comp reduction_results/intel_iris_xe_graphics/syn_memory_converge_atomic/variant_038/variant_038.json
19:04:41.426 INFO  StreamGobblerLogger - stderr.env: ‘interestingness_test’: No such file or directory
19:04:41.426 INFO  ExecHelper - Result: 127
19:04:41.426 INFO  CustomFileJudge - Custom file judge result: 127
19:04:41.426 INFO  ReductionDriver - Result from initial state is not interesting (attempt 2)
19:04:41.455 INFO  ExecHelper - interestingness_test /opt/reduce/intel_iris_xe_graphics/syn_memory_converge_atomic/variant_038.comp reduction_results/intel_iris_xe_graphics/syn_memory_converge_atomic/variant_038/variant_038.json
19:04:41.456 INFO  StreamGobblerLogger - stderr.env: ‘interestingness_test’: No such file or directory
19:04:41.457 INFO  ExecHelper - Result: 127
19:04:41.457 INFO  CustomFileJudge - Custom file judge result: 127
19:04:41.457 INFO  ReductionDriver - Result from initial state is not interesting (attempt 3)
19:04:41.487 INFO  ExecHelper - interestingness_test /opt/reduce/intel_iris_xe_graphics/syn_memory_converge_atomic/variant_038.comp reduction_results/intel_iris_xe_graphics/syn_memory_converge_atomic/variant_038/variant_038.json
19:04:41.488 INFO  StreamGobblerLogger - stderr.env: ‘interestingness_test’: No such file or directory
19:04:41.488 INFO  ExecHelper - Result: 127
19:04:41.488 INFO  CustomFileJudge - Custom file judge result: 127
19:04:41.489 INFO  ReductionDriver - Result from initial state is not interesting (attempt 4)
19:04:41.517 INFO  ExecHelper - interestingness_test /opt/reduce/intel_iris_xe_graphics/syn_memory_converge_atomic/variant_038.comp reduction_results/intel_iris_xe_graphics/syn_memory_converge_atomic/variant_038/variant_038.json
19:04:41.518 INFO  StreamGobblerLogger - stderr.env: ‘interestingness_test’: No such file or directory
19:04:41.519 INFO  ExecHelper - Result: 127
19:04:41.519 INFO  CustomFileJudge - Custom file judge result: 127
19:04:41.519 INFO  ReductionDriver - Result from initial state is not interesting (attempt 5)
19:04:41.519 INFO  ReductionDriver - Tried 5 times; stopping.
Reduction command: java -ea -cp /opt/graphicsfuzz/graphicsfuzz/target/graphicsfuzz/python/drivers/../../jar/tool-1.0.jar com.graphicsfuzz.reducer.tool.GlslReduce /opt/reduce/intel_iris_xe_graphics/syn_memory_converge_atomic/variant_038.json interestingness_test --output reduction_results/intel_iris_xe_graphics/syn_memory_converge_atomic/variant_038 /opt/reduce/intel_iris_xe_graphics/syn_memory_converge_atomic/variant_038.comp
