18:59:35.120 INFO  ExecHelper - /opt/graphicsfuzz/graphicsfuzz/target/graphicsfuzz/bin/Linux/glslangValidator -E --stdin -S comp
18:59:35.195 INFO  ExecHelper - Result: 0
18:59:35.764 INFO  ReductionDriver - Starting reduction for variant_663
18:59:35.788 INFO  ExecHelper - interestingness_test /opt/reduce/intel_iris_xe_graphics/syn_memory_converge/variant_663.comp reduction_results/intel_iris_xe_graphics/syn_memory_converge/variant_663/variant_663.json
18:59:35.790 INFO  StreamGobblerLogger - stderr.env: ‘interestingness_test’: No such file or directory
18:59:35.790 INFO  ExecHelper - Result: 127
18:59:35.790 INFO  CustomFileJudge - Custom file judge result: 127
18:59:35.790 INFO  ReductionDriver - Result from initial state is not interesting (attempt 1)
18:59:35.806 INFO  ExecHelper - interestingness_test /opt/reduce/intel_iris_xe_graphics/syn_memory_converge/variant_663.comp reduction_results/intel_iris_xe_graphics/syn_memory_converge/variant_663/variant_663.json
18:59:35.807 INFO  StreamGobblerLogger - stderr.env: ‘interestingness_test’: No such file or directory
18:59:35.808 INFO  ExecHelper - Result: 127
18:59:35.808 INFO  CustomFileJudge - Custom file judge result: 127
18:59:35.808 INFO  ReductionDriver - Result from initial state is not interesting (attempt 2)
18:59:35.820 INFO  ExecHelper - interestingness_test /opt/reduce/intel_iris_xe_graphics/syn_memory_converge/variant_663.comp reduction_results/intel_iris_xe_graphics/syn_memory_converge/variant_663/variant_663.json
18:59:35.821 INFO  StreamGobblerLogger - stderr.env: ‘interestingness_test’: No such file or directory
18:59:35.821 INFO  ExecHelper - Result: 127
18:59:35.822 INFO  CustomFileJudge - Custom file judge result: 127
18:59:35.822 INFO  ReductionDriver - Result from initial state is not interesting (attempt 3)
18:59:35.836 INFO  ExecHelper - interestingness_test /opt/reduce/intel_iris_xe_graphics/syn_memory_converge/variant_663.comp reduction_results/intel_iris_xe_graphics/syn_memory_converge/variant_663/variant_663.json
18:59:35.837 INFO  StreamGobblerLogger - stderr.env: ‘interestingness_test’: No such file or directory
18:59:35.837 INFO  ExecHelper - Result: 127
18:59:35.837 INFO  CustomFileJudge - Custom file judge result: 127
18:59:35.838 INFO  ReductionDriver - Result from initial state is not interesting (attempt 4)
18:59:35.847 INFO  ExecHelper - interestingness_test /opt/reduce/intel_iris_xe_graphics/syn_memory_converge/variant_663.comp reduction_results/intel_iris_xe_graphics/syn_memory_converge/variant_663/variant_663.json
18:59:35.848 INFO  StreamGobblerLogger - stderr.env: ‘interestingness_test’: No such file or directory
18:59:35.849 INFO  ExecHelper - Result: 127
18:59:35.849 INFO  CustomFileJudge - Custom file judge result: 127
18:59:35.849 INFO  ReductionDriver - Result from initial state is not interesting (attempt 5)
18:59:35.849 INFO  ReductionDriver - Tried 5 times; stopping.
Reduction command: java -ea -cp /opt/graphicsfuzz/graphicsfuzz/target/graphicsfuzz/python/drivers/../../jar/tool-1.0.jar com.graphicsfuzz.reducer.tool.GlslReduce /opt/reduce/intel_iris_xe_graphics/syn_memory_converge/variant_663.json interestingness_test --output reduction_results/intel_iris_xe_graphics/syn_memory_converge/variant_663 /opt/reduce/intel_iris_xe_graphics/syn_memory_converge/variant_663.comp
