19:38:46.348 INFO  ExecHelper - /opt/graphicsfuzz/graphicsfuzz/target/graphicsfuzz/bin/Linux/glslangValidator -E --stdin -S comp
19:38:46.475 INFO  ExecHelper - Result: 0
19:38:47.306 INFO  ReductionDriver - Starting reduction for variant_892
19:38:47.321 INFO  ExecHelper - interestingness_test /opt/reduce/rtx_4070/syn_memory_converge/variant_892.comp reduction_results/rtx_4070/syn_memory_converge/variant_892/variant_892.json
19:38:47.322 INFO  StreamGobblerLogger - stderr.env: ‘interestingness_test’: No such file or directory
19:38:47.323 INFO  ExecHelper - Result: 127
19:38:47.323 INFO  CustomFileJudge - Custom file judge result: 127
19:38:47.323 INFO  ReductionDriver - Result from initial state is not interesting (attempt 1)
19:38:47.329 INFO  ExecHelper - interestingness_test /opt/reduce/rtx_4070/syn_memory_converge/variant_892.comp reduction_results/rtx_4070/syn_memory_converge/variant_892/variant_892.json
19:38:47.330 INFO  StreamGobblerLogger - stderr.env: ‘interestingness_test’: No such file or directory
19:38:47.330 INFO  ExecHelper - Result: 127
19:38:47.330 INFO  CustomFileJudge - Custom file judge result: 127
19:38:47.330 INFO  ReductionDriver - Result from initial state is not interesting (attempt 2)
19:38:47.336 INFO  ExecHelper - interestingness_test /opt/reduce/rtx_4070/syn_memory_converge/variant_892.comp reduction_results/rtx_4070/syn_memory_converge/variant_892/variant_892.json
19:38:47.337 INFO  StreamGobblerLogger - stderr.env: ‘interestingness_test’: No such file or directory
19:38:47.337 INFO  ExecHelper - Result: 127
19:38:47.337 INFO  CustomFileJudge - Custom file judge result: 127
19:38:47.337 INFO  ReductionDriver - Result from initial state is not interesting (attempt 3)
19:38:47.342 INFO  ExecHelper - interestingness_test /opt/reduce/rtx_4070/syn_memory_converge/variant_892.comp reduction_results/rtx_4070/syn_memory_converge/variant_892/variant_892.json
19:38:47.343 INFO  StreamGobblerLogger - stderr.env: ‘interestingness_test’: No such file or directory
19:38:47.343 INFO  ExecHelper - Result: 127
19:38:47.343 INFO  CustomFileJudge - Custom file judge result: 127
19:38:47.343 INFO  ReductionDriver - Result from initial state is not interesting (attempt 4)
19:38:47.347 INFO  ExecHelper - interestingness_test /opt/reduce/rtx_4070/syn_memory_converge/variant_892.comp reduction_results/rtx_4070/syn_memory_converge/variant_892/variant_892.json
19:38:47.348 INFO  StreamGobblerLogger - stderr.env: ‘interestingness_test’: No such file or directory
19:38:47.349 INFO  ExecHelper - Result: 127
19:38:47.349 INFO  CustomFileJudge - Custom file judge result: 127
19:38:47.349 INFO  ReductionDriver - Result from initial state is not interesting (attempt 5)
19:38:47.349 INFO  ReductionDriver - Tried 5 times; stopping.
Reduction command: java -ea -cp /opt/graphicsfuzz/graphicsfuzz/target/graphicsfuzz/python/drivers/../../jar/tool-1.0.jar com.graphicsfuzz.reducer.tool.GlslReduce /opt/reduce/rtx_4070/syn_memory_converge/variant_892.json interestingness_test --output reduction_results/rtx_4070/syn_memory_converge/variant_892 /opt/reduce/rtx_4070/syn_memory_converge/variant_892.comp
