19:38:03.689 INFO  ExecHelper - /opt/graphicsfuzz/graphicsfuzz/target/graphicsfuzz/bin/Linux/glslangValidator -E --stdin -S comp
19:38:03.737 INFO  ExecHelper - Result: 0
19:38:03.795 INFO  ReductionDriver - Starting reduction for variant_841
19:38:03.799 INFO  ExecHelper - interestingness_test /opt/reduce/rtx_4070/syn_memory_converge/variant_841.comp reduction_results/rtx_4070/syn_memory_converge/variant_841/variant_841.json
19:38:03.801 INFO  StreamGobblerLogger - stderr.env: ‘interestingness_test’: No such file or directory
19:38:03.802 INFO  ExecHelper - Result: 127
19:38:03.802 INFO  CustomFileJudge - Custom file judge result: 127
19:38:03.802 INFO  ReductionDriver - Result from initial state is not interesting (attempt 1)
19:38:03.803 INFO  ExecHelper - interestingness_test /opt/reduce/rtx_4070/syn_memory_converge/variant_841.comp reduction_results/rtx_4070/syn_memory_converge/variant_841/variant_841.json
19:38:03.804 INFO  StreamGobblerLogger - stderr.env: ‘interestingness_test’: No such file or directory
19:38:03.804 INFO  ExecHelper - Result: 127
19:38:03.804 INFO  CustomFileJudge - Custom file judge result: 127
19:38:03.804 INFO  ReductionDriver - Result from initial state is not interesting (attempt 2)
19:38:03.805 INFO  ExecHelper - interestingness_test /opt/reduce/rtx_4070/syn_memory_converge/variant_841.comp reduction_results/rtx_4070/syn_memory_converge/variant_841/variant_841.json
19:38:03.806 INFO  StreamGobblerLogger - stderr.env: ‘interestingness_test’: No such file or directory
19:38:03.807 INFO  ExecHelper - Result: 127
19:38:03.807 INFO  CustomFileJudge - Custom file judge result: 127
19:38:03.807 INFO  ReductionDriver - Result from initial state is not interesting (attempt 3)
19:38:03.807 INFO  ExecHelper - interestingness_test /opt/reduce/rtx_4070/syn_memory_converge/variant_841.comp reduction_results/rtx_4070/syn_memory_converge/variant_841/variant_841.json
19:38:03.808 INFO  StreamGobblerLogger - stderr.env: ‘interestingness_test’: No such file or directory
19:38:03.809 INFO  ExecHelper - Result: 127
19:38:03.809 INFO  CustomFileJudge - Custom file judge result: 127
19:38:03.809 INFO  ReductionDriver - Result from initial state is not interesting (attempt 4)
19:38:03.809 INFO  ExecHelper - interestingness_test /opt/reduce/rtx_4070/syn_memory_converge/variant_841.comp reduction_results/rtx_4070/syn_memory_converge/variant_841/variant_841.json
19:38:03.810 INFO  StreamGobblerLogger - stderr.env: ‘interestingness_test’: No such file or directory
19:38:03.810 INFO  ExecHelper - Result: 127
19:38:03.810 INFO  CustomFileJudge - Custom file judge result: 127
19:38:03.810 INFO  ReductionDriver - Result from initial state is not interesting (attempt 5)
19:38:03.811 INFO  ReductionDriver - Tried 5 times; stopping.
Reduction command: java -ea -cp /opt/graphicsfuzz/graphicsfuzz/target/graphicsfuzz/python/drivers/../../jar/tool-1.0.jar com.graphicsfuzz.reducer.tool.GlslReduce /opt/reduce/rtx_4070/syn_memory_converge/variant_841.json interestingness_test --output reduction_results/rtx_4070/syn_memory_converge/variant_841 /opt/reduce/rtx_4070/syn_memory_converge/variant_841.comp
