18:42:54.525 INFO  ExecHelper - /opt/graphicsfuzz/graphicsfuzz/target/graphicsfuzz/bin/Linux/glslangValidator -E --stdin -S comp
18:42:54.597 INFO  ExecHelper - Result: 0
18:42:55.938 INFO  ReductionDriver - Starting reduction for variant_464
18:42:56.037 INFO  ExecHelper - interestingness_test /opt/reduce/cezanne_radeon_vega/syn_subgroup_op_release/variant_464.comp reduction_results/cezanne_radeon_vega/syn_subgroup_op_release/variant_464/variant_464.json
18:42:56.040 INFO  StreamGobblerLogger - stderr.env: ‘interestingness_test’: No such file or directory
18:42:56.040 INFO  ExecHelper - Result: 127
18:42:56.040 INFO  CustomFileJudge - Custom file judge result: 127
18:42:56.040 INFO  ReductionDriver - Result from initial state is not interesting (attempt 1)
18:42:56.129 INFO  ExecHelper - interestingness_test /opt/reduce/cezanne_radeon_vega/syn_subgroup_op_release/variant_464.comp reduction_results/cezanne_radeon_vega/syn_subgroup_op_release/variant_464/variant_464.json
18:42:56.130 INFO  StreamGobblerLogger - stderr.env: ‘interestingness_test’: No such file or directory
18:42:56.131 INFO  ExecHelper - Result: 127
18:42:56.131 INFO  CustomFileJudge - Custom file judge result: 127
18:42:56.131 INFO  ReductionDriver - Result from initial state is not interesting (attempt 2)
18:42:56.215 INFO  ExecHelper - interestingness_test /opt/reduce/cezanne_radeon_vega/syn_subgroup_op_release/variant_464.comp reduction_results/cezanne_radeon_vega/syn_subgroup_op_release/variant_464/variant_464.json
18:42:56.216 INFO  StreamGobblerLogger - stderr.env: ‘interestingness_test’: No such file or directory
18:42:56.217 INFO  ExecHelper - Result: 127
18:42:56.217 INFO  CustomFileJudge - Custom file judge result: 127
18:42:56.217 INFO  ReductionDriver - Result from initial state is not interesting (attempt 3)
18:42:56.300 INFO  ExecHelper - interestingness_test /opt/reduce/cezanne_radeon_vega/syn_subgroup_op_release/variant_464.comp reduction_results/cezanne_radeon_vega/syn_subgroup_op_release/variant_464/variant_464.json
18:42:56.301 INFO  StreamGobblerLogger - stderr.env: ‘interestingness_test’: No such file or directory
18:42:56.302 INFO  ExecHelper - Result: 127
18:42:56.302 INFO  CustomFileJudge - Custom file judge result: 127
18:42:56.302 INFO  ReductionDriver - Result from initial state is not interesting (attempt 4)
18:42:56.384 INFO  ExecHelper - interestingness_test /opt/reduce/cezanne_radeon_vega/syn_subgroup_op_release/variant_464.comp reduction_results/cezanne_radeon_vega/syn_subgroup_op_release/variant_464/variant_464.json
18:42:56.385 INFO  StreamGobblerLogger - stderr.env: ‘interestingness_test’: No such file or directory
18:42:56.386 INFO  ExecHelper - Result: 127
18:42:56.386 INFO  CustomFileJudge - Custom file judge result: 127
18:42:56.386 INFO  ReductionDriver - Result from initial state is not interesting (attempt 5)
18:42:56.386 INFO  ReductionDriver - Tried 5 times; stopping.
Reduction command: java -ea -cp /opt/graphicsfuzz/graphicsfuzz/target/graphicsfuzz/python/drivers/../../jar/tool-1.0.jar com.graphicsfuzz.reducer.tool.GlslReduce /opt/reduce/cezanne_radeon_vega/syn_subgroup_op_release/variant_464.json interestingness_test --output reduction_results/cezanne_radeon_vega/syn_subgroup_op_release/variant_464 /opt/reduce/cezanne_radeon_vega/syn_subgroup_op_release/variant_464.comp
