19:19:05.950 INFO  ExecHelper - /opt/graphicsfuzz/graphicsfuzz/target/graphicsfuzz/bin/Linux/glslangValidator -E --stdin -S comp
19:19:06.149 INFO  ExecHelper - Result: 0
19:19:06.767 INFO  ReductionDriver - Starting reduction for variant_054
19:19:06.782 INFO  ExecHelper - interestingness_test /opt/reduce/intel_iris_xe_graphics/syn_subgroup_op/variant_054.comp reduction_results/intel_iris_xe_graphics/syn_subgroup_op/variant_054/variant_054.json
19:19:06.783 INFO  StreamGobblerLogger - stderr.env: ‘interestingness_test’: No such file or directory
19:19:06.784 INFO  ExecHelper - Result: 127
19:19:06.784 INFO  CustomFileJudge - Custom file judge result: 127
19:19:06.784 INFO  ReductionDriver - Result from initial state is not interesting (attempt 1)
19:19:06.790 INFO  ExecHelper - interestingness_test /opt/reduce/intel_iris_xe_graphics/syn_subgroup_op/variant_054.comp reduction_results/intel_iris_xe_graphics/syn_subgroup_op/variant_054/variant_054.json
19:19:06.791 INFO  StreamGobblerLogger - stderr.env: ‘interestingness_test’: No such file or directory
19:19:06.792 INFO  ExecHelper - Result: 127
19:19:06.792 INFO  CustomFileJudge - Custom file judge result: 127
19:19:06.792 INFO  ReductionDriver - Result from initial state is not interesting (attempt 2)
19:19:06.799 INFO  ExecHelper - interestingness_test /opt/reduce/intel_iris_xe_graphics/syn_subgroup_op/variant_054.comp reduction_results/intel_iris_xe_graphics/syn_subgroup_op/variant_054/variant_054.json
19:19:06.800 INFO  StreamGobblerLogger - stderr.env: ‘interestingness_test’: No such file or directory
19:19:06.801 INFO  ExecHelper - Result: 127
19:19:06.801 INFO  CustomFileJudge - Custom file judge result: 127
19:19:06.801 INFO  ReductionDriver - Result from initial state is not interesting (attempt 3)
19:19:06.806 INFO  ExecHelper - interestingness_test /opt/reduce/intel_iris_xe_graphics/syn_subgroup_op/variant_054.comp reduction_results/intel_iris_xe_graphics/syn_subgroup_op/variant_054/variant_054.json
19:19:06.807 INFO  StreamGobblerLogger - stderr.env: ‘interestingness_test’: No such file or directory
19:19:06.807 INFO  ExecHelper - Result: 127
19:19:06.807 INFO  CustomFileJudge - Custom file judge result: 127
19:19:06.808 INFO  ReductionDriver - Result from initial state is not interesting (attempt 4)
19:19:06.812 INFO  ExecHelper - interestingness_test /opt/reduce/intel_iris_xe_graphics/syn_subgroup_op/variant_054.comp reduction_results/intel_iris_xe_graphics/syn_subgroup_op/variant_054/variant_054.json
19:19:06.813 INFO  StreamGobblerLogger - stderr.env: ‘interestingness_test’: No such file or directory
19:19:06.814 INFO  ExecHelper - Result: 127
19:19:06.814 INFO  CustomFileJudge - Custom file judge result: 127
19:19:06.814 INFO  ReductionDriver - Result from initial state is not interesting (attempt 5)
19:19:06.814 INFO  ReductionDriver - Tried 5 times; stopping.
Reduction command: java -ea -cp /opt/graphicsfuzz/graphicsfuzz/target/graphicsfuzz/python/drivers/../../jar/tool-1.0.jar com.graphicsfuzz.reducer.tool.GlslReduce /opt/reduce/intel_iris_xe_graphics/syn_subgroup_op/variant_054.json interestingness_test --output reduction_results/intel_iris_xe_graphics/syn_subgroup_op/variant_054 /opt/reduce/intel_iris_xe_graphics/syn_subgroup_op/variant_054.comp
