18:25:37.447 INFO  ExecHelper - /opt/graphicsfuzz/graphicsfuzz/target/graphicsfuzz/bin/Linux/glslangValidator -E --stdin -S comp
18:25:37.556 INFO  ExecHelper - Result: 0
18:25:39.118 INFO  ReductionDriver - Starting reduction for variant_882
18:25:39.180 INFO  ExecHelper - interestingness_test /opt/reduce/cezanne_radeon_vega/syn_memory_converge/variant_882.comp reduction_results/cezanne_radeon_vega/syn_memory_converge/variant_882/variant_882.json
18:25:39.182 INFO  StreamGobblerLogger - stderr.env: ‘interestingness_test’: No such file or directory
18:25:39.182 INFO  ExecHelper - Result: 127
18:25:39.182 INFO  CustomFileJudge - Custom file judge result: 127
18:25:39.182 INFO  ReductionDriver - Result from initial state is not interesting (attempt 1)
18:25:39.229 INFO  ExecHelper - interestingness_test /opt/reduce/cezanne_radeon_vega/syn_memory_converge/variant_882.comp reduction_results/cezanne_radeon_vega/syn_memory_converge/variant_882/variant_882.json
18:25:39.230 INFO  StreamGobblerLogger - stderr.env: ‘interestingness_test’: No such file or directory
18:25:39.230 INFO  ExecHelper - Result: 127
18:25:39.230 INFO  CustomFileJudge - Custom file judge result: 127
18:25:39.231 INFO  ReductionDriver - Result from initial state is not interesting (attempt 2)
18:25:39.273 INFO  ExecHelper - interestingness_test /opt/reduce/cezanne_radeon_vega/syn_memory_converge/variant_882.comp reduction_results/cezanne_radeon_vega/syn_memory_converge/variant_882/variant_882.json
18:25:39.275 INFO  StreamGobblerLogger - stderr.env: ‘interestingness_test’: No such file or directory
18:25:39.276 INFO  ExecHelper - Result: 127
18:25:39.276 INFO  CustomFileJudge - Custom file judge result: 127
18:25:39.276 INFO  ReductionDriver - Result from initial state is not interesting (attempt 3)
18:25:39.319 INFO  ExecHelper - interestingness_test /opt/reduce/cezanne_radeon_vega/syn_memory_converge/variant_882.comp reduction_results/cezanne_radeon_vega/syn_memory_converge/variant_882/variant_882.json
18:25:39.320 INFO  StreamGobblerLogger - stderr.env: ‘interestingness_test’: No such file or directory
18:25:39.321 INFO  ExecHelper - Result: 127
18:25:39.321 INFO  CustomFileJudge - Custom file judge result: 127
18:25:39.321 INFO  ReductionDriver - Result from initial state is not interesting (attempt 4)
18:25:39.363 INFO  ExecHelper - interestingness_test /opt/reduce/cezanne_radeon_vega/syn_memory_converge/variant_882.comp reduction_results/cezanne_radeon_vega/syn_memory_converge/variant_882/variant_882.json
18:25:39.364 INFO  StreamGobblerLogger - stderr.env: ‘interestingness_test’: No such file or directory
18:25:39.365 INFO  ExecHelper - Result: 127
18:25:39.365 INFO  CustomFileJudge - Custom file judge result: 127
18:25:39.365 INFO  ReductionDriver - Result from initial state is not interesting (attempt 5)
18:25:39.365 INFO  ReductionDriver - Tried 5 times; stopping.
Reduction command: java -ea -cp /opt/graphicsfuzz/graphicsfuzz/target/graphicsfuzz/python/drivers/../../jar/tool-1.0.jar com.graphicsfuzz.reducer.tool.GlslReduce /opt/reduce/cezanne_radeon_vega/syn_memory_converge/variant_882.json interestingness_test --output reduction_results/cezanne_radeon_vega/syn_memory_converge/variant_882 /opt/reduce/cezanne_radeon_vega/syn_memory_converge/variant_882.comp
