18:14:34.037 INFO  ExecHelper - /opt/graphicsfuzz/graphicsfuzz/target/graphicsfuzz/bin/Linux/glslangValidator -E --stdin -S comp
18:14:34.103 INFO  ExecHelper - Result: 0
18:14:34.625 INFO  ReductionDriver - Starting reduction for variant_057
18:14:34.643 INFO  ExecHelper - interestingness_test /opt/reduce/cezanne_radeon_vega/syn_memory_converge/variant_057.comp reduction_results/cezanne_radeon_vega/syn_memory_converge/variant_057/variant_057.json
18:14:34.645 INFO  StreamGobblerLogger - stderr.env: ‘interestingness_test’: No such file or directory
18:14:34.645 INFO  ExecHelper - Result: 127
18:14:34.645 INFO  CustomFileJudge - Custom file judge result: 127
18:14:34.645 INFO  ReductionDriver - Result from initial state is not interesting (attempt 1)
18:14:34.654 INFO  ExecHelper - interestingness_test /opt/reduce/cezanne_radeon_vega/syn_memory_converge/variant_057.comp reduction_results/cezanne_radeon_vega/syn_memory_converge/variant_057/variant_057.json
18:14:34.655 INFO  StreamGobblerLogger - stderr.env: ‘interestingness_test’: No such file or directory
18:14:34.656 INFO  ExecHelper - Result: 127
18:14:34.656 INFO  CustomFileJudge - Custom file judge result: 127
18:14:34.656 INFO  ReductionDriver - Result from initial state is not interesting (attempt 2)
18:14:34.663 INFO  ExecHelper - interestingness_test /opt/reduce/cezanne_radeon_vega/syn_memory_converge/variant_057.comp reduction_results/cezanne_radeon_vega/syn_memory_converge/variant_057/variant_057.json
18:14:34.664 INFO  StreamGobblerLogger - stderr.env: ‘interestingness_test’: No such file or directory
18:14:34.664 INFO  ExecHelper - Result: 127
18:14:34.664 INFO  CustomFileJudge - Custom file judge result: 127
18:14:34.664 INFO  ReductionDriver - Result from initial state is not interesting (attempt 3)
18:14:34.671 INFO  ExecHelper - interestingness_test /opt/reduce/cezanne_radeon_vega/syn_memory_converge/variant_057.comp reduction_results/cezanne_radeon_vega/syn_memory_converge/variant_057/variant_057.json
18:14:34.672 INFO  StreamGobblerLogger - stderr.env: ‘interestingness_test’: No such file or directory
18:14:34.672 INFO  ExecHelper - Result: 127
18:14:34.672 INFO  CustomFileJudge - Custom file judge result: 127
18:14:34.672 INFO  ReductionDriver - Result from initial state is not interesting (attempt 4)
18:14:34.678 INFO  ExecHelper - interestingness_test /opt/reduce/cezanne_radeon_vega/syn_memory_converge/variant_057.comp reduction_results/cezanne_radeon_vega/syn_memory_converge/variant_057/variant_057.json
18:14:34.679 INFO  StreamGobblerLogger - stderr.env: ‘interestingness_test’: No such file or directory
18:14:34.679 INFO  ExecHelper - Result: 127
18:14:34.680 INFO  CustomFileJudge - Custom file judge result: 127
18:14:34.680 INFO  ReductionDriver - Result from initial state is not interesting (attempt 5)
18:14:34.680 INFO  ReductionDriver - Tried 5 times; stopping.
Reduction command: java -ea -cp /opt/graphicsfuzz/graphicsfuzz/target/graphicsfuzz/python/drivers/../../jar/tool-1.0.jar com.graphicsfuzz.reducer.tool.GlslReduce /opt/reduce/cezanne_radeon_vega/syn_memory_converge/variant_057.json interestingness_test --output reduction_results/cezanne_radeon_vega/syn_memory_converge/variant_057 /opt/reduce/cezanne_radeon_vega/syn_memory_converge/variant_057.comp
