19:51:42.089 INFO  ExecHelper - /opt/graphicsfuzz/graphicsfuzz/target/graphicsfuzz/bin/Linux/glslangValidator -E --stdin -S comp
19:51:42.140 INFO  ExecHelper - Result: 0
19:51:42.220 INFO  ReductionDriver - Starting reduction for variant_767
19:51:42.229 INFO  ExecHelper - interestingness_test /opt/reduce/rtx_4070/syn_memory_converge_atomic/variant_767.comp reduction_results/rtx_4070/syn_memory_converge_atomic/variant_767/variant_767.json
19:51:42.230 INFO  StreamGobblerLogger - stderr.env: ‘interestingness_test’: No such file or directory
19:51:42.231 INFO  ExecHelper - Result: 127
19:51:42.231 INFO  CustomFileJudge - Custom file judge result: 127
19:51:42.231 INFO  ReductionDriver - Result from initial state is not interesting (attempt 1)
19:51:42.233 INFO  ExecHelper - interestingness_test /opt/reduce/rtx_4070/syn_memory_converge_atomic/variant_767.comp reduction_results/rtx_4070/syn_memory_converge_atomic/variant_767/variant_767.json
19:51:42.234 INFO  StreamGobblerLogger - stderr.env: ‘interestingness_test’: No such file or directory
19:51:42.235 INFO  ExecHelper - Result: 127
19:51:42.235 INFO  CustomFileJudge - Custom file judge result: 127
19:51:42.235 INFO  ReductionDriver - Result from initial state is not interesting (attempt 2)
19:51:42.237 INFO  ExecHelper - interestingness_test /opt/reduce/rtx_4070/syn_memory_converge_atomic/variant_767.comp reduction_results/rtx_4070/syn_memory_converge_atomic/variant_767/variant_767.json
19:51:42.238 INFO  StreamGobblerLogger - stderr.env: ‘interestingness_test’: No such file or directory
19:51:42.238 INFO  ExecHelper - Result: 127
19:51:42.238 INFO  CustomFileJudge - Custom file judge result: 127
19:51:42.238 INFO  ReductionDriver - Result from initial state is not interesting (attempt 3)
19:51:42.240 INFO  ExecHelper - interestingness_test /opt/reduce/rtx_4070/syn_memory_converge_atomic/variant_767.comp reduction_results/rtx_4070/syn_memory_converge_atomic/variant_767/variant_767.json
19:51:42.241 INFO  StreamGobblerLogger - stderr.env: ‘interestingness_test’: No such file or directory
19:51:42.241 INFO  ExecHelper - Result: 127
19:51:42.241 INFO  CustomFileJudge - Custom file judge result: 127
19:51:42.241 INFO  ReductionDriver - Result from initial state is not interesting (attempt 4)
19:51:42.243 INFO  ExecHelper - interestingness_test /opt/reduce/rtx_4070/syn_memory_converge_atomic/variant_767.comp reduction_results/rtx_4070/syn_memory_converge_atomic/variant_767/variant_767.json
19:51:42.244 INFO  StreamGobblerLogger - stderr.env: ‘interestingness_test’: No such file or directory
19:51:42.245 INFO  ExecHelper - Result: 127
19:51:42.245 INFO  CustomFileJudge - Custom file judge result: 127
19:51:42.245 INFO  ReductionDriver - Result from initial state is not interesting (attempt 5)
19:51:42.245 INFO  ReductionDriver - Tried 5 times; stopping.
Reduction command: java -ea -cp /opt/graphicsfuzz/graphicsfuzz/target/graphicsfuzz/python/drivers/../../jar/tool-1.0.jar com.graphicsfuzz.reducer.tool.GlslReduce /opt/reduce/rtx_4070/syn_memory_converge_atomic/variant_767.json interestingness_test --output reduction_results/rtx_4070/syn_memory_converge_atomic/variant_767 /opt/reduce/rtx_4070/syn_memory_converge_atomic/variant_767.comp
