19:18:50.244 INFO  ExecHelper - /opt/graphicsfuzz/graphicsfuzz/target/graphicsfuzz/bin/Linux/glslangValidator -E --stdin -S comp
19:18:50.303 INFO  ExecHelper - Result: 0
19:18:50.617 INFO  ReductionDriver - Starting reduction for variant_991
19:18:50.699 INFO  ExecHelper - interestingness_test /opt/reduce/intel_iris_xe_graphics/syn_memory_converge_atomic/variant_991.comp reduction_results/intel_iris_xe_graphics/syn_memory_converge_atomic/variant_991/variant_991.json
19:18:50.701 INFO  StreamGobblerLogger - stderr.env: ‘interestingness_test’: No such file or directory
19:18:50.702 INFO  ExecHelper - Result: 127
19:18:50.702 INFO  CustomFileJudge - Custom file judge result: 127
19:18:50.702 INFO  ReductionDriver - Result from initial state is not interesting (attempt 1)
19:18:50.772 INFO  ExecHelper - interestingness_test /opt/reduce/intel_iris_xe_graphics/syn_memory_converge_atomic/variant_991.comp reduction_results/intel_iris_xe_graphics/syn_memory_converge_atomic/variant_991/variant_991.json
19:18:50.774 INFO  StreamGobblerLogger - stderr.env: ‘interestingness_test’: No such file or directory
19:18:50.774 INFO  ExecHelper - Result: 127
19:18:50.774 INFO  CustomFileJudge - Custom file judge result: 127
19:18:50.774 INFO  ReductionDriver - Result from initial state is not interesting (attempt 2)
19:18:50.838 INFO  ExecHelper - interestingness_test /opt/reduce/intel_iris_xe_graphics/syn_memory_converge_atomic/variant_991.comp reduction_results/intel_iris_xe_graphics/syn_memory_converge_atomic/variant_991/variant_991.json
19:18:50.840 INFO  StreamGobblerLogger - stderr.env: ‘interestingness_test’: No such file or directory
19:18:50.841 INFO  ExecHelper - Result: 127
19:18:50.841 INFO  CustomFileJudge - Custom file judge result: 127
19:18:50.841 INFO  ReductionDriver - Result from initial state is not interesting (attempt 3)
19:18:50.905 INFO  ExecHelper - interestingness_test /opt/reduce/intel_iris_xe_graphics/syn_memory_converge_atomic/variant_991.comp reduction_results/intel_iris_xe_graphics/syn_memory_converge_atomic/variant_991/variant_991.json
19:18:50.906 INFO  StreamGobblerLogger - stderr.env: ‘interestingness_test’: No such file or directory
19:18:50.907 INFO  ExecHelper - Result: 127
19:18:50.907 INFO  CustomFileJudge - Custom file judge result: 127
19:18:50.908 INFO  ReductionDriver - Result from initial state is not interesting (attempt 4)
19:18:50.971 INFO  ExecHelper - interestingness_test /opt/reduce/intel_iris_xe_graphics/syn_memory_converge_atomic/variant_991.comp reduction_results/intel_iris_xe_graphics/syn_memory_converge_atomic/variant_991/variant_991.json
19:18:50.972 INFO  StreamGobblerLogger - stderr.env: ‘interestingness_test’: No such file or directory
19:18:50.973 INFO  ExecHelper - Result: 127
19:18:50.973 INFO  CustomFileJudge - Custom file judge result: 127
19:18:50.973 INFO  ReductionDriver - Result from initial state is not interesting (attempt 5)
19:18:50.973 INFO  ReductionDriver - Tried 5 times; stopping.
Reduction command: java -ea -cp /opt/graphicsfuzz/graphicsfuzz/target/graphicsfuzz/python/drivers/../../jar/tool-1.0.jar com.graphicsfuzz.reducer.tool.GlslReduce /opt/reduce/intel_iris_xe_graphics/syn_memory_converge_atomic/variant_991.json interestingness_test --output reduction_results/intel_iris_xe_graphics/syn_memory_converge_atomic/variant_991 /opt/reduce/intel_iris_xe_graphics/syn_memory_converge_atomic/variant_991.comp
