18:50:12.997 INFO  ExecHelper - /opt/graphicsfuzz/graphicsfuzz/target/graphicsfuzz/bin/Linux/glslangValidator -E --stdin -S comp
18:50:13.045 INFO  ExecHelper - Result: 0
18:50:13.140 INFO  ReductionDriver - Starting reduction for variant_010
18:50:13.155 INFO  ExecHelper - interestingness_test /opt/reduce/intel_iris_xe_graphics/syn_memory_converge/variant_010.comp reduction_results/intel_iris_xe_graphics/syn_memory_converge/variant_010/variant_010.json
18:50:13.157 INFO  StreamGobblerLogger - stderr.env: ‘interestingness_test’: No such file or directory
18:50:13.158 INFO  ExecHelper - Result: 127
18:50:13.158 INFO  CustomFileJudge - Custom file judge result: 127
18:50:13.158 INFO  ReductionDriver - Result from initial state is not interesting (attempt 1)
18:50:13.162 INFO  ExecHelper - interestingness_test /opt/reduce/intel_iris_xe_graphics/syn_memory_converge/variant_010.comp reduction_results/intel_iris_xe_graphics/syn_memory_converge/variant_010/variant_010.json
18:50:13.163 INFO  StreamGobblerLogger - stderr.env: ‘interestingness_test’: No such file or directory
18:50:13.163 INFO  ExecHelper - Result: 127
18:50:13.163 INFO  CustomFileJudge - Custom file judge result: 127
18:50:13.163 INFO  ReductionDriver - Result from initial state is not interesting (attempt 2)
18:50:13.165 INFO  ExecHelper - interestingness_test /opt/reduce/intel_iris_xe_graphics/syn_memory_converge/variant_010.comp reduction_results/intel_iris_xe_graphics/syn_memory_converge/variant_010/variant_010.json
18:50:13.166 INFO  StreamGobblerLogger - stderr.env: ‘interestingness_test’: No such file or directory
18:50:13.167 INFO  ExecHelper - Result: 127
18:50:13.167 INFO  CustomFileJudge - Custom file judge result: 127
18:50:13.167 INFO  ReductionDriver - Result from initial state is not interesting (attempt 3)
18:50:13.168 INFO  ExecHelper - interestingness_test /opt/reduce/intel_iris_xe_graphics/syn_memory_converge/variant_010.comp reduction_results/intel_iris_xe_graphics/syn_memory_converge/variant_010/variant_010.json
18:50:13.169 INFO  StreamGobblerLogger - stderr.env: ‘interestingness_test’: No such file or directory
18:50:13.170 INFO  ExecHelper - Result: 127
18:50:13.170 INFO  CustomFileJudge - Custom file judge result: 127
18:50:13.170 INFO  ReductionDriver - Result from initial state is not interesting (attempt 4)
18:50:13.173 INFO  ExecHelper - interestingness_test /opt/reduce/intel_iris_xe_graphics/syn_memory_converge/variant_010.comp reduction_results/intel_iris_xe_graphics/syn_memory_converge/variant_010/variant_010.json
18:50:13.175 INFO  StreamGobblerLogger - stderr.env: ‘interestingness_test’: No such file or directory
18:50:13.175 INFO  ExecHelper - Result: 127
18:50:13.175 INFO  CustomFileJudge - Custom file judge result: 127
18:50:13.175 INFO  ReductionDriver - Result from initial state is not interesting (attempt 5)
18:50:13.175 INFO  ReductionDriver - Tried 5 times; stopping.
Reduction command: java -ea -cp /opt/graphicsfuzz/graphicsfuzz/target/graphicsfuzz/python/drivers/../../jar/tool-1.0.jar com.graphicsfuzz.reducer.tool.GlslReduce /opt/reduce/intel_iris_xe_graphics/syn_memory_converge/variant_010.json interestingness_test --output reduction_results/intel_iris_xe_graphics/syn_memory_converge/variant_010 /opt/reduce/intel_iris_xe_graphics/syn_memory_converge/variant_010.comp
