19:39:59.022 INFO  ExecHelper - /opt/graphicsfuzz/graphicsfuzz/target/graphicsfuzz/bin/Linux/glslangValidator -E --stdin -S comp
19:39:59.078 INFO  ExecHelper - Result: 0
19:39:59.359 INFO  ReductionDriver - Starting reduction for variant_976
19:39:59.465 INFO  ExecHelper - interestingness_test /opt/reduce/rtx_4070/syn_memory_converge/variant_976.comp reduction_results/rtx_4070/syn_memory_converge/variant_976/variant_976.json
19:39:59.467 INFO  StreamGobblerLogger - stderr.env: ‘interestingness_test’: No such file or directory
19:39:59.467 INFO  ExecHelper - Result: 127
19:39:59.467 INFO  CustomFileJudge - Custom file judge result: 127
19:39:59.467 INFO  ReductionDriver - Result from initial state is not interesting (attempt 1)
19:39:59.555 INFO  ExecHelper - interestingness_test /opt/reduce/rtx_4070/syn_memory_converge/variant_976.comp reduction_results/rtx_4070/syn_memory_converge/variant_976/variant_976.json
19:39:59.556 INFO  StreamGobblerLogger - stderr.env: ‘interestingness_test’: No such file or directory
19:39:59.557 INFO  ExecHelper - Result: 127
19:39:59.557 INFO  CustomFileJudge - Custom file judge result: 127
19:39:59.557 INFO  ReductionDriver - Result from initial state is not interesting (attempt 2)
19:39:59.623 INFO  ExecHelper - interestingness_test /opt/reduce/rtx_4070/syn_memory_converge/variant_976.comp reduction_results/rtx_4070/syn_memory_converge/variant_976/variant_976.json
19:39:59.624 INFO  StreamGobblerLogger - stderr.env: ‘interestingness_test’: No such file or directory
19:39:59.625 INFO  ExecHelper - Result: 127
19:39:59.625 INFO  CustomFileJudge - Custom file judge result: 127
19:39:59.625 INFO  ReductionDriver - Result from initial state is not interesting (attempt 3)
19:39:59.689 INFO  ExecHelper - interestingness_test /opt/reduce/rtx_4070/syn_memory_converge/variant_976.comp reduction_results/rtx_4070/syn_memory_converge/variant_976/variant_976.json
19:39:59.690 INFO  StreamGobblerLogger - stderr.env: ‘interestingness_test’: No such file or directory
19:39:59.691 INFO  ExecHelper - Result: 127
19:39:59.691 INFO  CustomFileJudge - Custom file judge result: 127
19:39:59.691 INFO  ReductionDriver - Result from initial state is not interesting (attempt 4)
19:39:59.754 INFO  ExecHelper - interestingness_test /opt/reduce/rtx_4070/syn_memory_converge/variant_976.comp reduction_results/rtx_4070/syn_memory_converge/variant_976/variant_976.json
19:39:59.756 INFO  StreamGobblerLogger - stderr.env: ‘interestingness_test’: No such file or directory
19:39:59.757 INFO  ExecHelper - Result: 127
19:39:59.757 INFO  CustomFileJudge - Custom file judge result: 127
19:39:59.757 INFO  ReductionDriver - Result from initial state is not interesting (attempt 5)
19:39:59.757 INFO  ReductionDriver - Tried 5 times; stopping.
Reduction command: java -ea -cp /opt/graphicsfuzz/graphicsfuzz/target/graphicsfuzz/python/drivers/../../jar/tool-1.0.jar com.graphicsfuzz.reducer.tool.GlslReduce /opt/reduce/rtx_4070/syn_memory_converge/variant_976.json interestingness_test --output reduction_results/rtx_4070/syn_memory_converge/variant_976 /opt/reduce/rtx_4070/syn_memory_converge/variant_976.comp
