18:23:44.083 INFO  ExecHelper - /opt/graphicsfuzz/graphicsfuzz/target/graphicsfuzz/bin/Linux/glslangValidator -E --stdin -S comp
18:23:44.139 INFO  ExecHelper - Result: 0
18:23:44.437 INFO  ReductionDriver - Starting reduction for variant_735
18:23:44.523 INFO  ExecHelper - interestingness_test /opt/reduce/cezanne_radeon_vega/syn_memory_converge/variant_735.comp reduction_results/cezanne_radeon_vega/syn_memory_converge/variant_735/variant_735.json
18:23:44.525 INFO  StreamGobblerLogger - stderr.env: ‘interestingness_test’: No such file or directory
18:23:44.525 INFO  ExecHelper - Result: 127
18:23:44.525 INFO  CustomFileJudge - Custom file judge result: 127
18:23:44.525 INFO  ReductionDriver - Result from initial state is not interesting (attempt 1)
18:23:44.594 INFO  ExecHelper - interestingness_test /opt/reduce/cezanne_radeon_vega/syn_memory_converge/variant_735.comp reduction_results/cezanne_radeon_vega/syn_memory_converge/variant_735/variant_735.json
18:23:44.596 INFO  StreamGobblerLogger - stderr.env: ‘interestingness_test’: No such file or directory
18:23:44.596 INFO  ExecHelper - Result: 127
18:23:44.596 INFO  CustomFileJudge - Custom file judge result: 127
18:23:44.596 INFO  ReductionDriver - Result from initial state is not interesting (attempt 2)
18:23:44.663 INFO  ExecHelper - interestingness_test /opt/reduce/cezanne_radeon_vega/syn_memory_converge/variant_735.comp reduction_results/cezanne_radeon_vega/syn_memory_converge/variant_735/variant_735.json
18:23:44.664 INFO  StreamGobblerLogger - stderr.env: ‘interestingness_test’: No such file or directory
18:23:44.665 INFO  ExecHelper - Result: 127
18:23:44.665 INFO  CustomFileJudge - Custom file judge result: 127
18:23:44.665 INFO  ReductionDriver - Result from initial state is not interesting (attempt 3)
18:23:44.729 INFO  ExecHelper - interestingness_test /opt/reduce/cezanne_radeon_vega/syn_memory_converge/variant_735.comp reduction_results/cezanne_radeon_vega/syn_memory_converge/variant_735/variant_735.json
18:23:44.730 INFO  StreamGobblerLogger - stderr.env: ‘interestingness_test’: No such file or directory
18:23:44.731 INFO  ExecHelper - Result: 127
18:23:44.731 INFO  CustomFileJudge - Custom file judge result: 127
18:23:44.731 INFO  ReductionDriver - Result from initial state is not interesting (attempt 4)
18:23:44.795 INFO  ExecHelper - interestingness_test /opt/reduce/cezanne_radeon_vega/syn_memory_converge/variant_735.comp reduction_results/cezanne_radeon_vega/syn_memory_converge/variant_735/variant_735.json
18:23:44.797 INFO  StreamGobblerLogger - stderr.env: ‘interestingness_test’: No such file or directory
18:23:44.797 INFO  ExecHelper - Result: 127
18:23:44.798 INFO  CustomFileJudge - Custom file judge result: 127
18:23:44.798 INFO  ReductionDriver - Result from initial state is not interesting (attempt 5)
18:23:44.798 INFO  ReductionDriver - Tried 5 times; stopping.
Reduction command: java -ea -cp /opt/graphicsfuzz/graphicsfuzz/target/graphicsfuzz/python/drivers/../../jar/tool-1.0.jar com.graphicsfuzz.reducer.tool.GlslReduce /opt/reduce/cezanne_radeon_vega/syn_memory_converge/variant_735.json interestingness_test --output reduction_results/cezanne_radeon_vega/syn_memory_converge/variant_735 /opt/reduce/cezanne_radeon_vega/syn_memory_converge/variant_735.comp
