18:23:25.967 INFO  ExecHelper - /opt/graphicsfuzz/graphicsfuzz/target/graphicsfuzz/bin/Linux/glslangValidator -E --stdin -S comp
18:23:26.014 INFO  ExecHelper - Result: 0
18:23:26.072 INFO  ReductionDriver - Starting reduction for variant_714
18:23:26.076 INFO  ExecHelper - interestingness_test /opt/reduce/cezanne_radeon_vega/syn_memory_converge/variant_714.comp reduction_results/cezanne_radeon_vega/syn_memory_converge/variant_714/variant_714.json
18:23:26.078 INFO  StreamGobblerLogger - stderr.env: ‘interestingness_test’: No such file or directory
18:23:26.079 INFO  ExecHelper - Result: 127
18:23:26.079 INFO  CustomFileJudge - Custom file judge result: 127
18:23:26.079 INFO  ReductionDriver - Result from initial state is not interesting (attempt 1)
18:23:26.080 INFO  ExecHelper - interestingness_test /opt/reduce/cezanne_radeon_vega/syn_memory_converge/variant_714.comp reduction_results/cezanne_radeon_vega/syn_memory_converge/variant_714/variant_714.json
18:23:26.081 INFO  StreamGobblerLogger - stderr.env: ‘interestingness_test’: No such file or directory
18:23:26.081 INFO  ExecHelper - Result: 127
18:23:26.081 INFO  CustomFileJudge - Custom file judge result: 127
18:23:26.081 INFO  ReductionDriver - Result from initial state is not interesting (attempt 2)
18:23:26.082 INFO  ExecHelper - interestingness_test /opt/reduce/cezanne_radeon_vega/syn_memory_converge/variant_714.comp reduction_results/cezanne_radeon_vega/syn_memory_converge/variant_714/variant_714.json
18:23:26.083 INFO  StreamGobblerLogger - stderr.env: ‘interestingness_test’: No such file or directory
18:23:26.083 INFO  ExecHelper - Result: 127
18:23:26.083 INFO  CustomFileJudge - Custom file judge result: 127
18:23:26.083 INFO  ReductionDriver - Result from initial state is not interesting (attempt 3)
18:23:26.084 INFO  ExecHelper - interestingness_test /opt/reduce/cezanne_radeon_vega/syn_memory_converge/variant_714.comp reduction_results/cezanne_radeon_vega/syn_memory_converge/variant_714/variant_714.json
18:23:26.085 INFO  StreamGobblerLogger - stderr.env: ‘interestingness_test’: No such file or directory
18:23:26.085 INFO  ExecHelper - Result: 127
18:23:26.085 INFO  CustomFileJudge - Custom file judge result: 127
18:23:26.086 INFO  ReductionDriver - Result from initial state is not interesting (attempt 4)
18:23:26.086 INFO  ExecHelper - interestingness_test /opt/reduce/cezanne_radeon_vega/syn_memory_converge/variant_714.comp reduction_results/cezanne_radeon_vega/syn_memory_converge/variant_714/variant_714.json
18:23:26.087 INFO  StreamGobblerLogger - stderr.env: ‘interestingness_test’: No such file or directory
18:23:26.088 INFO  ExecHelper - Result: 127
18:23:26.088 INFO  CustomFileJudge - Custom file judge result: 127
18:23:26.088 INFO  ReductionDriver - Result from initial state is not interesting (attempt 5)
18:23:26.088 INFO  ReductionDriver - Tried 5 times; stopping.
Reduction command: java -ea -cp /opt/graphicsfuzz/graphicsfuzz/target/graphicsfuzz/python/drivers/../../jar/tool-1.0.jar com.graphicsfuzz.reducer.tool.GlslReduce /opt/reduce/cezanne_radeon_vega/syn_memory_converge/variant_714.json interestingness_test --output reduction_results/cezanne_radeon_vega/syn_memory_converge/variant_714 /opt/reduce/cezanne_radeon_vega/syn_memory_converge/variant_714.comp
