18:13:13.667 INFO  ExecHelper - /opt/graphicsfuzz/graphicsfuzz/target/graphicsfuzz/bin/Linux/glslangValidator -E --stdin -S comp
18:13:13.746 INFO  ExecHelper - Result: 0
18:13:14.154 INFO  ReductionDriver - Starting reduction for variant_563
18:13:14.167 INFO  ExecHelper - interestingness_test /opt/reduce/cezanne_radeon_vega/syn_lock_step_relax/variant_563.comp reduction_results/cezanne_radeon_vega/syn_lock_step_relax/variant_563/variant_563.json
18:13:14.168 INFO  StreamGobblerLogger - stderr.env: ‘interestingness_test’: No such file or directory
18:13:14.169 INFO  ExecHelper - Result: 127
18:13:14.169 INFO  CustomFileJudge - Custom file judge result: 127
18:13:14.169 INFO  ReductionDriver - Result from initial state is not interesting (attempt 1)
18:13:14.175 INFO  ExecHelper - interestingness_test /opt/reduce/cezanne_radeon_vega/syn_lock_step_relax/variant_563.comp reduction_results/cezanne_radeon_vega/syn_lock_step_relax/variant_563/variant_563.json
18:13:14.176 INFO  StreamGobblerLogger - stderr.env: ‘interestingness_test’: No such file or directory
18:13:14.176 INFO  ExecHelper - Result: 127
18:13:14.176 INFO  CustomFileJudge - Custom file judge result: 127
18:13:14.176 INFO  ReductionDriver - Result from initial state is not interesting (attempt 2)
18:13:14.180 INFO  ExecHelper - interestingness_test /opt/reduce/cezanne_radeon_vega/syn_lock_step_relax/variant_563.comp reduction_results/cezanne_radeon_vega/syn_lock_step_relax/variant_563/variant_563.json
18:13:14.181 INFO  StreamGobblerLogger - stderr.env: ‘interestingness_test’: No such file or directory
18:13:14.182 INFO  ExecHelper - Result: 127
18:13:14.182 INFO  CustomFileJudge - Custom file judge result: 127
18:13:14.182 INFO  ReductionDriver - Result from initial state is not interesting (attempt 3)
18:13:14.186 INFO  ExecHelper - interestingness_test /opt/reduce/cezanne_radeon_vega/syn_lock_step_relax/variant_563.comp reduction_results/cezanne_radeon_vega/syn_lock_step_relax/variant_563/variant_563.json
18:13:14.187 INFO  StreamGobblerLogger - stderr.env: ‘interestingness_test’: No such file or directory
18:13:14.187 INFO  ExecHelper - Result: 127
18:13:14.188 INFO  CustomFileJudge - Custom file judge result: 127
18:13:14.188 INFO  ReductionDriver - Result from initial state is not interesting (attempt 4)
18:13:14.192 INFO  ExecHelper - interestingness_test /opt/reduce/cezanne_radeon_vega/syn_lock_step_relax/variant_563.comp reduction_results/cezanne_radeon_vega/syn_lock_step_relax/variant_563/variant_563.json
18:13:14.193 INFO  StreamGobblerLogger - stderr.env: ‘interestingness_test’: No such file or directory
18:13:14.193 INFO  ExecHelper - Result: 127
18:13:14.194 INFO  CustomFileJudge - Custom file judge result: 127
18:13:14.194 INFO  ReductionDriver - Result from initial state is not interesting (attempt 5)
18:13:14.194 INFO  ReductionDriver - Tried 5 times; stopping.
Reduction command: java -ea -cp /opt/graphicsfuzz/graphicsfuzz/target/graphicsfuzz/python/drivers/../../jar/tool-1.0.jar com.graphicsfuzz.reducer.tool.GlslReduce /opt/reduce/cezanne_radeon_vega/syn_lock_step_relax/variant_563.json interestingness_test --output reduction_results/cezanne_radeon_vega/syn_lock_step_relax/variant_563 /opt/reduce/cezanne_radeon_vega/syn_lock_step_relax/variant_563.comp
