18:24:52.275 INFO  ExecHelper - /opt/graphicsfuzz/graphicsfuzz/target/graphicsfuzz/bin/Linux/glslangValidator -E --stdin -S comp
18:24:52.327 INFO  ExecHelper - Result: 0
18:24:52.650 INFO  ReductionDriver - Starting reduction for variant_826
18:24:52.744 INFO  ExecHelper - interestingness_test /opt/reduce/cezanne_radeon_vega/syn_memory_converge/variant_826.comp reduction_results/cezanne_radeon_vega/syn_memory_converge/variant_826/variant_826.json
18:24:52.747 INFO  StreamGobblerLogger - stderr.env: ‘interestingness_test’: No such file or directory
18:24:52.747 INFO  ExecHelper - Result: 127
18:24:52.747 INFO  CustomFileJudge - Custom file judge result: 127
18:24:52.748 INFO  ReductionDriver - Result from initial state is not interesting (attempt 1)
18:24:52.808 INFO  ExecHelper - interestingness_test /opt/reduce/cezanne_radeon_vega/syn_memory_converge/variant_826.comp reduction_results/cezanne_radeon_vega/syn_memory_converge/variant_826/variant_826.json
18:24:52.809 INFO  StreamGobblerLogger - stderr.env: ‘interestingness_test’: No such file or directory
18:24:52.809 INFO  ExecHelper - Result: 127
18:24:52.809 INFO  CustomFileJudge - Custom file judge result: 127
18:24:52.809 INFO  ReductionDriver - Result from initial state is not interesting (attempt 2)
18:24:52.860 INFO  ExecHelper - interestingness_test /opt/reduce/cezanne_radeon_vega/syn_memory_converge/variant_826.comp reduction_results/cezanne_radeon_vega/syn_memory_converge/variant_826/variant_826.json
18:24:52.862 INFO  StreamGobblerLogger - stderr.env: ‘interestingness_test’: No such file or directory
18:24:52.862 INFO  ExecHelper - Result: 127
18:24:52.862 INFO  CustomFileJudge - Custom file judge result: 127
18:24:52.862 INFO  ReductionDriver - Result from initial state is not interesting (attempt 3)
18:24:52.910 INFO  ExecHelper - interestingness_test /opt/reduce/cezanne_radeon_vega/syn_memory_converge/variant_826.comp reduction_results/cezanne_radeon_vega/syn_memory_converge/variant_826/variant_826.json
18:24:52.911 INFO  StreamGobblerLogger - stderr.env: ‘interestingness_test’: No such file or directory
18:24:52.912 INFO  ExecHelper - Result: 127
18:24:52.912 INFO  CustomFileJudge - Custom file judge result: 127
18:24:52.912 INFO  ReductionDriver - Result from initial state is not interesting (attempt 4)
18:24:52.960 INFO  ExecHelper - interestingness_test /opt/reduce/cezanne_radeon_vega/syn_memory_converge/variant_826.comp reduction_results/cezanne_radeon_vega/syn_memory_converge/variant_826/variant_826.json
18:24:52.962 INFO  StreamGobblerLogger - stderr.env: ‘interestingness_test’: No such file or directory
18:24:52.962 INFO  ExecHelper - Result: 127
18:24:52.962 INFO  CustomFileJudge - Custom file judge result: 127
18:24:52.962 INFO  ReductionDriver - Result from initial state is not interesting (attempt 5)
18:24:52.962 INFO  ReductionDriver - Tried 5 times; stopping.
Reduction command: java -ea -cp /opt/graphicsfuzz/graphicsfuzz/target/graphicsfuzz/python/drivers/../../jar/tool-1.0.jar com.graphicsfuzz.reducer.tool.GlslReduce /opt/reduce/cezanne_radeon_vega/syn_memory_converge/variant_826.json interestingness_test --output reduction_results/cezanne_radeon_vega/syn_memory_converge/variant_826 /opt/reduce/cezanne_radeon_vega/syn_memory_converge/variant_826.comp
