18:59:33.345 INFO  ExecHelper - /opt/graphicsfuzz/graphicsfuzz/target/graphicsfuzz/bin/Linux/glslangValidator -E --stdin -S comp
18:59:33.400 INFO  ExecHelper - Result: 0
18:59:33.716 INFO  ReductionDriver - Starting reduction for variant_661
18:59:33.815 INFO  ExecHelper - interestingness_test /opt/reduce/intel_iris_xe_graphics/syn_memory_converge/variant_661.comp reduction_results/intel_iris_xe_graphics/syn_memory_converge/variant_661/variant_661.json
18:59:33.817 INFO  StreamGobblerLogger - stderr.env: ‘interestingness_test’: No such file or directory
18:59:33.817 INFO  ExecHelper - Result: 127
18:59:33.817 INFO  CustomFileJudge - Custom file judge result: 127
18:59:33.818 INFO  ReductionDriver - Result from initial state is not interesting (attempt 1)
18:59:33.904 INFO  ExecHelper - interestingness_test /opt/reduce/intel_iris_xe_graphics/syn_memory_converge/variant_661.comp reduction_results/intel_iris_xe_graphics/syn_memory_converge/variant_661/variant_661.json
18:59:33.906 INFO  StreamGobblerLogger - stderr.env: ‘interestingness_test’: No such file or directory
18:59:33.906 INFO  ExecHelper - Result: 127
18:59:33.907 INFO  CustomFileJudge - Custom file judge result: 127
18:59:33.907 INFO  ReductionDriver - Result from initial state is not interesting (attempt 2)
18:59:33.980 INFO  ExecHelper - interestingness_test /opt/reduce/intel_iris_xe_graphics/syn_memory_converge/variant_661.comp reduction_results/intel_iris_xe_graphics/syn_memory_converge/variant_661/variant_661.json
18:59:33.981 INFO  StreamGobblerLogger - stderr.env: ‘interestingness_test’: No such file or directory
18:59:33.982 INFO  ExecHelper - Result: 127
18:59:33.982 INFO  CustomFileJudge - Custom file judge result: 127
18:59:33.982 INFO  ReductionDriver - Result from initial state is not interesting (attempt 3)
18:59:34.069 INFO  ExecHelper - interestingness_test /opt/reduce/intel_iris_xe_graphics/syn_memory_converge/variant_661.comp reduction_results/intel_iris_xe_graphics/syn_memory_converge/variant_661/variant_661.json
18:59:34.070 INFO  StreamGobblerLogger - stderr.env: ‘interestingness_test’: No such file or directory
18:59:34.071 INFO  ExecHelper - Result: 127
18:59:34.071 INFO  CustomFileJudge - Custom file judge result: 127
18:59:34.071 INFO  ReductionDriver - Result from initial state is not interesting (attempt 4)
18:59:34.141 INFO  ExecHelper - interestingness_test /opt/reduce/intel_iris_xe_graphics/syn_memory_converge/variant_661.comp reduction_results/intel_iris_xe_graphics/syn_memory_converge/variant_661/variant_661.json
18:59:34.142 INFO  StreamGobblerLogger - stderr.env: ‘interestingness_test’: No such file or directory
18:59:34.143 INFO  ExecHelper - Result: 127
18:59:34.143 INFO  CustomFileJudge - Custom file judge result: 127
18:59:34.143 INFO  ReductionDriver - Result from initial state is not interesting (attempt 5)
18:59:34.143 INFO  ReductionDriver - Tried 5 times; stopping.
Reduction command: java -ea -cp /opt/graphicsfuzz/graphicsfuzz/target/graphicsfuzz/python/drivers/../../jar/tool-1.0.jar com.graphicsfuzz.reducer.tool.GlslReduce /opt/reduce/intel_iris_xe_graphics/syn_memory_converge/variant_661.json interestingness_test --output reduction_results/intel_iris_xe_graphics/syn_memory_converge/variant_661 /opt/reduce/intel_iris_xe_graphics/syn_memory_converge/variant_661.comp
