19:15:04.020 INFO  ExecHelper - /opt/graphicsfuzz/graphicsfuzz/target/graphicsfuzz/bin/Linux/glslangValidator -E --stdin -S comp
19:15:04.332 INFO  ExecHelper - Result: 0
19:15:04.975 INFO  ReductionDriver - Starting reduction for variant_732
19:15:05.004 INFO  ExecHelper - interestingness_test /opt/reduce/intel_iris_xe_graphics/syn_memory_converge_atomic/variant_732.comp reduction_results/intel_iris_xe_graphics/syn_memory_converge_atomic/variant_732/variant_732.json
19:15:05.006 INFO  StreamGobblerLogger - stderr.env: ‘interestingness_test’: No such file or directory
19:15:05.006 INFO  ExecHelper - Result: 127
19:15:05.006 INFO  CustomFileJudge - Custom file judge result: 127
19:15:05.006 INFO  ReductionDriver - Result from initial state is not interesting (attempt 1)
19:15:05.026 INFO  ExecHelper - interestingness_test /opt/reduce/intel_iris_xe_graphics/syn_memory_converge_atomic/variant_732.comp reduction_results/intel_iris_xe_graphics/syn_memory_converge_atomic/variant_732/variant_732.json
19:15:05.027 INFO  StreamGobblerLogger - stderr.env: ‘interestingness_test’: No such file or directory
19:15:05.027 INFO  ExecHelper - Result: 127
19:15:05.027 INFO  CustomFileJudge - Custom file judge result: 127
19:15:05.028 INFO  ReductionDriver - Result from initial state is not interesting (attempt 2)
19:15:05.044 INFO  ExecHelper - interestingness_test /opt/reduce/intel_iris_xe_graphics/syn_memory_converge_atomic/variant_732.comp reduction_results/intel_iris_xe_graphics/syn_memory_converge_atomic/variant_732/variant_732.json
19:15:05.045 INFO  StreamGobblerLogger - stderr.env: ‘interestingness_test’: No such file or directory
19:15:05.045 INFO  ExecHelper - Result: 127
19:15:05.045 INFO  CustomFileJudge - Custom file judge result: 127
19:15:05.045 INFO  ReductionDriver - Result from initial state is not interesting (attempt 3)
19:15:05.062 INFO  ExecHelper - interestingness_test /opt/reduce/intel_iris_xe_graphics/syn_memory_converge_atomic/variant_732.comp reduction_results/intel_iris_xe_graphics/syn_memory_converge_atomic/variant_732/variant_732.json
19:15:05.063 INFO  StreamGobblerLogger - stderr.env: ‘interestingness_test’: No such file or directory
19:15:05.064 INFO  ExecHelper - Result: 127
19:15:05.064 INFO  CustomFileJudge - Custom file judge result: 127
19:15:05.064 INFO  ReductionDriver - Result from initial state is not interesting (attempt 4)
19:15:05.080 INFO  ExecHelper - interestingness_test /opt/reduce/intel_iris_xe_graphics/syn_memory_converge_atomic/variant_732.comp reduction_results/intel_iris_xe_graphics/syn_memory_converge_atomic/variant_732/variant_732.json
19:15:05.081 INFO  StreamGobblerLogger - stderr.env: ‘interestingness_test’: No such file or directory
19:15:05.081 INFO  ExecHelper - Result: 127
19:15:05.081 INFO  CustomFileJudge - Custom file judge result: 127
19:15:05.081 INFO  ReductionDriver - Result from initial state is not interesting (attempt 5)
19:15:05.081 INFO  ReductionDriver - Tried 5 times; stopping.
Reduction command: java -ea -cp /opt/graphicsfuzz/graphicsfuzz/target/graphicsfuzz/python/drivers/../../jar/tool-1.0.jar com.graphicsfuzz.reducer.tool.GlslReduce /opt/reduce/intel_iris_xe_graphics/syn_memory_converge_atomic/variant_732.json interestingness_test --output reduction_results/intel_iris_xe_graphics/syn_memory_converge_atomic/variant_732 /opt/reduce/intel_iris_xe_graphics/syn_memory_converge_atomic/variant_732.comp
