18:53:12.437 INFO  ExecHelper - /opt/graphicsfuzz/graphicsfuzz/target/graphicsfuzz/bin/Linux/glslangValidator -E --stdin -S comp
18:53:12.495 INFO  ExecHelper - Result: 0
18:53:22.710 INFO  ReductionDriver - Starting reduction for variant_237
18:53:23.183 INFO  ExecHelper - interestingness_test /opt/reduce/intel_iris_xe_graphics/syn_memory_converge/variant_237.comp reduction_results/intel_iris_xe_graphics/syn_memory_converge/variant_237/variant_237.json
18:53:23.186 INFO  StreamGobblerLogger - stderr.env: ‘interestingness_test’: No such file or directory
18:53:23.186 INFO  ExecHelper - Result: 127
18:53:23.186 INFO  CustomFileJudge - Custom file judge result: 127
18:53:23.186 INFO  ReductionDriver - Result from initial state is not interesting (attempt 1)
18:53:23.652 INFO  ExecHelper - interestingness_test /opt/reduce/intel_iris_xe_graphics/syn_memory_converge/variant_237.comp reduction_results/intel_iris_xe_graphics/syn_memory_converge/variant_237/variant_237.json
18:53:23.653 INFO  StreamGobblerLogger - stderr.env: ‘interestingness_test’: No such file or directory
18:53:23.654 INFO  ExecHelper - Result: 127
18:53:23.654 INFO  CustomFileJudge - Custom file judge result: 127
18:53:23.654 INFO  ReductionDriver - Result from initial state is not interesting (attempt 2)
18:53:24.100 INFO  ExecHelper - interestingness_test /opt/reduce/intel_iris_xe_graphics/syn_memory_converge/variant_237.comp reduction_results/intel_iris_xe_graphics/syn_memory_converge/variant_237/variant_237.json
18:53:24.102 INFO  StreamGobblerLogger - stderr.env: ‘interestingness_test’: No such file or directory
18:53:24.103 INFO  ExecHelper - Result: 127
18:53:24.103 INFO  CustomFileJudge - Custom file judge result: 127
18:53:24.103 INFO  ReductionDriver - Result from initial state is not interesting (attempt 3)
18:53:24.549 INFO  ExecHelper - interestingness_test /opt/reduce/intel_iris_xe_graphics/syn_memory_converge/variant_237.comp reduction_results/intel_iris_xe_graphics/syn_memory_converge/variant_237/variant_237.json
18:53:24.551 INFO  StreamGobblerLogger - stderr.env: ‘interestingness_test’: No such file or directory
18:53:24.551 INFO  ExecHelper - Result: 127
18:53:24.551 INFO  CustomFileJudge - Custom file judge result: 127
18:53:24.551 INFO  ReductionDriver - Result from initial state is not interesting (attempt 4)
18:53:25.015 INFO  ExecHelper - interestingness_test /opt/reduce/intel_iris_xe_graphics/syn_memory_converge/variant_237.comp reduction_results/intel_iris_xe_graphics/syn_memory_converge/variant_237/variant_237.json
18:53:25.017 INFO  StreamGobblerLogger - stderr.env: ‘interestingness_test’: No such file or directory
18:53:25.017 INFO  ExecHelper - Result: 127
18:53:25.017 INFO  CustomFileJudge - Custom file judge result: 127
18:53:25.017 INFO  ReductionDriver - Result from initial state is not interesting (attempt 5)
18:53:25.017 INFO  ReductionDriver - Tried 5 times; stopping.
Reduction command: java -ea -cp /opt/graphicsfuzz/graphicsfuzz/target/graphicsfuzz/python/drivers/../../jar/tool-1.0.jar com.graphicsfuzz.reducer.tool.GlslReduce /opt/reduce/intel_iris_xe_graphics/syn_memory_converge/variant_237.json interestingness_test --output reduction_results/intel_iris_xe_graphics/syn_memory_converge/variant_237 /opt/reduce/intel_iris_xe_graphics/syn_memory_converge/variant_237.comp
