19:39:00.267 INFO  ExecHelper - /opt/graphicsfuzz/graphicsfuzz/target/graphicsfuzz/bin/Linux/glslangValidator -E --stdin -S comp
19:39:00.319 INFO  ExecHelper - Result: 0
19:39:00.588 INFO  ReductionDriver - Starting reduction for variant_914
19:39:00.669 INFO  ExecHelper - interestingness_test /opt/reduce/rtx_4070/syn_memory_converge/variant_914.comp reduction_results/rtx_4070/syn_memory_converge/variant_914/variant_914.json
19:39:00.671 INFO  StreamGobblerLogger - stderr.env: ‘interestingness_test’: No such file or directory
19:39:00.672 INFO  ExecHelper - Result: 127
19:39:00.672 INFO  CustomFileJudge - Custom file judge result: 127
19:39:00.672 INFO  ReductionDriver - Result from initial state is not interesting (attempt 1)
19:39:00.726 INFO  ExecHelper - interestingness_test /opt/reduce/rtx_4070/syn_memory_converge/variant_914.comp reduction_results/rtx_4070/syn_memory_converge/variant_914/variant_914.json
19:39:00.727 INFO  StreamGobblerLogger - stderr.env: ‘interestingness_test’: No such file or directory
19:39:00.728 INFO  ExecHelper - Result: 127
19:39:00.728 INFO  CustomFileJudge - Custom file judge result: 127
19:39:00.728 INFO  ReductionDriver - Result from initial state is not interesting (attempt 2)
19:39:00.782 INFO  ExecHelper - interestingness_test /opt/reduce/rtx_4070/syn_memory_converge/variant_914.comp reduction_results/rtx_4070/syn_memory_converge/variant_914/variant_914.json
19:39:00.784 INFO  StreamGobblerLogger - stderr.env: ‘interestingness_test’: No such file or directory
19:39:00.785 INFO  ExecHelper - Result: 127
19:39:00.785 INFO  CustomFileJudge - Custom file judge result: 127
19:39:00.785 INFO  ReductionDriver - Result from initial state is not interesting (attempt 3)
19:39:00.833 INFO  ExecHelper - interestingness_test /opt/reduce/rtx_4070/syn_memory_converge/variant_914.comp reduction_results/rtx_4070/syn_memory_converge/variant_914/variant_914.json
19:39:00.834 INFO  StreamGobblerLogger - stderr.env: ‘interestingness_test’: No such file or directory
19:39:00.835 INFO  ExecHelper - Result: 127
19:39:00.835 INFO  CustomFileJudge - Custom file judge result: 127
19:39:00.836 INFO  ReductionDriver - Result from initial state is not interesting (attempt 4)
19:39:00.883 INFO  ExecHelper - interestingness_test /opt/reduce/rtx_4070/syn_memory_converge/variant_914.comp reduction_results/rtx_4070/syn_memory_converge/variant_914/variant_914.json
19:39:00.884 INFO  StreamGobblerLogger - stderr.env: ‘interestingness_test’: No such file or directory
19:39:00.885 INFO  ExecHelper - Result: 127
19:39:00.885 INFO  CustomFileJudge - Custom file judge result: 127
19:39:00.885 INFO  ReductionDriver - Result from initial state is not interesting (attempt 5)
19:39:00.885 INFO  ReductionDriver - Tried 5 times; stopping.
Reduction command: java -ea -cp /opt/graphicsfuzz/graphicsfuzz/target/graphicsfuzz/python/drivers/../../jar/tool-1.0.jar com.graphicsfuzz.reducer.tool.GlslReduce /opt/reduce/rtx_4070/syn_memory_converge/variant_914.json interestingness_test --output reduction_results/rtx_4070/syn_memory_converge/variant_914 /opt/reduce/rtx_4070/syn_memory_converge/variant_914.comp
