18:45:11.587 INFO  ExecHelper - /opt/graphicsfuzz/graphicsfuzz/target/graphicsfuzz/bin/Linux/glslangValidator -E --stdin -S comp
18:45:11.644 INFO  ExecHelper - Result: 0
18:45:12.211 INFO  ReductionDriver - Starting reduction for variant_571
18:45:12.226 INFO  ExecHelper - interestingness_test /opt/reduce/intel_iris_xe_graphics/syn_branch_syn_relax/variant_571.comp reduction_results/intel_iris_xe_graphics/syn_branch_syn_relax/variant_571/variant_571.json
18:45:12.228 INFO  StreamGobblerLogger - stderr.env: ‘interestingness_test’: No such file or directory
18:45:12.228 INFO  ExecHelper - Result: 127
18:45:12.228 INFO  CustomFileJudge - Custom file judge result: 127
18:45:12.228 INFO  ReductionDriver - Result from initial state is not interesting (attempt 1)
18:45:12.235 INFO  ExecHelper - interestingness_test /opt/reduce/intel_iris_xe_graphics/syn_branch_syn_relax/variant_571.comp reduction_results/intel_iris_xe_graphics/syn_branch_syn_relax/variant_571/variant_571.json
18:45:12.236 INFO  StreamGobblerLogger - stderr.env: ‘interestingness_test’: No such file or directory
18:45:12.236 INFO  ExecHelper - Result: 127
18:45:12.236 INFO  CustomFileJudge - Custom file judge result: 127
18:45:12.236 INFO  ReductionDriver - Result from initial state is not interesting (attempt 2)
18:45:12.246 INFO  ExecHelper - interestingness_test /opt/reduce/intel_iris_xe_graphics/syn_branch_syn_relax/variant_571.comp reduction_results/intel_iris_xe_graphics/syn_branch_syn_relax/variant_571/variant_571.json
18:45:12.248 INFO  StreamGobblerLogger - stderr.env: ‘interestingness_test’: No such file or directory
18:45:12.248 INFO  ExecHelper - Result: 127
18:45:12.248 INFO  CustomFileJudge - Custom file judge result: 127
18:45:12.248 INFO  ReductionDriver - Result from initial state is not interesting (attempt 3)
18:45:12.254 INFO  ExecHelper - interestingness_test /opt/reduce/intel_iris_xe_graphics/syn_branch_syn_relax/variant_571.comp reduction_results/intel_iris_xe_graphics/syn_branch_syn_relax/variant_571/variant_571.json
18:45:12.255 INFO  StreamGobblerLogger - stderr.env: ‘interestingness_test’: No such file or directory
18:45:12.256 INFO  ExecHelper - Result: 127
18:45:12.256 INFO  CustomFileJudge - Custom file judge result: 127
18:45:12.256 INFO  ReductionDriver - Result from initial state is not interesting (attempt 4)
18:45:12.260 INFO  ExecHelper - interestingness_test /opt/reduce/intel_iris_xe_graphics/syn_branch_syn_relax/variant_571.comp reduction_results/intel_iris_xe_graphics/syn_branch_syn_relax/variant_571/variant_571.json
18:45:12.261 INFO  StreamGobblerLogger - stderr.env: ‘interestingness_test’: No such file or directory
18:45:12.261 INFO  ExecHelper - Result: 127
18:45:12.262 INFO  CustomFileJudge - Custom file judge result: 127
18:45:12.262 INFO  ReductionDriver - Result from initial state is not interesting (attempt 5)
18:45:12.262 INFO  ReductionDriver - Tried 5 times; stopping.
Reduction command: java -ea -cp /opt/graphicsfuzz/graphicsfuzz/target/graphicsfuzz/python/drivers/../../jar/tool-1.0.jar com.graphicsfuzz.reducer.tool.GlslReduce /opt/reduce/intel_iris_xe_graphics/syn_branch_syn_relax/variant_571.json interestingness_test --output reduction_results/intel_iris_xe_graphics/syn_branch_syn_relax/variant_571 /opt/reduce/intel_iris_xe_graphics/syn_branch_syn_relax/variant_571.comp
