19:49:51.605 INFO  ExecHelper - /opt/graphicsfuzz/graphicsfuzz/target/graphicsfuzz/bin/Linux/glslangValidator -E --stdin -S comp
19:49:51.704 INFO  ExecHelper - Result: 0
19:49:52.464 INFO  ReductionDriver - Starting reduction for variant_660
19:49:52.488 INFO  ExecHelper - interestingness_test /opt/reduce/rtx_4070/syn_memory_converge_atomic/variant_660.comp reduction_results/rtx_4070/syn_memory_converge_atomic/variant_660/variant_660.json
19:49:52.489 INFO  StreamGobblerLogger - stderr.env: ‘interestingness_test’: No such file or directory
19:49:52.490 INFO  ExecHelper - Result: 127
19:49:52.490 INFO  CustomFileJudge - Custom file judge result: 127
19:49:52.490 INFO  ReductionDriver - Result from initial state is not interesting (attempt 1)
19:49:52.502 INFO  ExecHelper - interestingness_test /opt/reduce/rtx_4070/syn_memory_converge_atomic/variant_660.comp reduction_results/rtx_4070/syn_memory_converge_atomic/variant_660/variant_660.json
19:49:52.503 INFO  StreamGobblerLogger - stderr.env: ‘interestingness_test’: No such file or directory
19:49:52.503 INFO  ExecHelper - Result: 127
19:49:52.503 INFO  CustomFileJudge - Custom file judge result: 127
19:49:52.503 INFO  ReductionDriver - Result from initial state is not interesting (attempt 2)
19:49:52.514 INFO  ExecHelper - interestingness_test /opt/reduce/rtx_4070/syn_memory_converge_atomic/variant_660.comp reduction_results/rtx_4070/syn_memory_converge_atomic/variant_660/variant_660.json
19:49:52.524 INFO  StreamGobblerLogger - stderr.env: ‘interestingness_test’: No such file or directory
19:49:52.524 INFO  ExecHelper - Result: 127
19:49:52.524 INFO  CustomFileJudge - Custom file judge result: 127
19:49:52.524 INFO  ReductionDriver - Result from initial state is not interesting (attempt 3)
19:49:52.535 INFO  ExecHelper - interestingness_test /opt/reduce/rtx_4070/syn_memory_converge_atomic/variant_660.comp reduction_results/rtx_4070/syn_memory_converge_atomic/variant_660/variant_660.json
19:49:52.536 INFO  StreamGobblerLogger - stderr.env: ‘interestingness_test’: No such file or directory
19:49:52.536 INFO  ExecHelper - Result: 127
19:49:52.536 INFO  CustomFileJudge - Custom file judge result: 127
19:49:52.536 INFO  ReductionDriver - Result from initial state is not interesting (attempt 4)
19:49:52.545 INFO  ExecHelper - interestingness_test /opt/reduce/rtx_4070/syn_memory_converge_atomic/variant_660.comp reduction_results/rtx_4070/syn_memory_converge_atomic/variant_660/variant_660.json
19:49:52.546 INFO  StreamGobblerLogger - stderr.env: ‘interestingness_test’: No such file or directory
19:49:52.546 INFO  ExecHelper - Result: 127
19:49:52.546 INFO  CustomFileJudge - Custom file judge result: 127
19:49:52.547 INFO  ReductionDriver - Result from initial state is not interesting (attempt 5)
19:49:52.547 INFO  ReductionDriver - Tried 5 times; stopping.
Reduction command: java -ea -cp /opt/graphicsfuzz/graphicsfuzz/target/graphicsfuzz/python/drivers/../../jar/tool-1.0.jar com.graphicsfuzz.reducer.tool.GlslReduce /opt/reduce/rtx_4070/syn_memory_converge_atomic/variant_660.json interestingness_test --output reduction_results/rtx_4070/syn_memory_converge_atomic/variant_660 /opt/reduce/rtx_4070/syn_memory_converge_atomic/variant_660.comp
