19:54:16.421 INFO  ExecHelper - /opt/graphicsfuzz/graphicsfuzz/target/graphicsfuzz/bin/Linux/glslangValidator -E --stdin -S comp
19:54:16.605 INFO  ExecHelper - Result: 0
19:54:17.548 INFO  ReductionDriver - Starting reduction for variant_943
19:54:17.563 INFO  ExecHelper - interestingness_test /opt/reduce/rtx_4070/syn_memory_converge_atomic/variant_943.comp reduction_results/rtx_4070/syn_memory_converge_atomic/variant_943/variant_943.json
19:54:17.565 INFO  StreamGobblerLogger - stderr.env: ‘interestingness_test’: No such file or directory
19:54:17.566 INFO  ExecHelper - Result: 127
19:54:17.566 INFO  CustomFileJudge - Custom file judge result: 127
19:54:17.566 INFO  ReductionDriver - Result from initial state is not interesting (attempt 1)
19:54:17.572 INFO  ExecHelper - interestingness_test /opt/reduce/rtx_4070/syn_memory_converge_atomic/variant_943.comp reduction_results/rtx_4070/syn_memory_converge_atomic/variant_943/variant_943.json
19:54:17.573 INFO  StreamGobblerLogger - stderr.env: ‘interestingness_test’: No such file or directory
19:54:17.574 INFO  ExecHelper - Result: 127
19:54:17.574 INFO  CustomFileJudge - Custom file judge result: 127
19:54:17.574 INFO  ReductionDriver - Result from initial state is not interesting (attempt 2)
19:54:17.579 INFO  ExecHelper - interestingness_test /opt/reduce/rtx_4070/syn_memory_converge_atomic/variant_943.comp reduction_results/rtx_4070/syn_memory_converge_atomic/variant_943/variant_943.json
19:54:17.581 INFO  StreamGobblerLogger - stderr.env: ‘interestingness_test’: No such file or directory
19:54:17.581 INFO  ExecHelper - Result: 127
19:54:17.581 INFO  CustomFileJudge - Custom file judge result: 127
19:54:17.581 INFO  ReductionDriver - Result from initial state is not interesting (attempt 3)
19:54:17.586 INFO  ExecHelper - interestingness_test /opt/reduce/rtx_4070/syn_memory_converge_atomic/variant_943.comp reduction_results/rtx_4070/syn_memory_converge_atomic/variant_943/variant_943.json
19:54:17.587 INFO  StreamGobblerLogger - stderr.env: ‘interestingness_test’: No such file or directory
19:54:17.587 INFO  ExecHelper - Result: 127
19:54:17.587 INFO  CustomFileJudge - Custom file judge result: 127
19:54:17.588 INFO  ReductionDriver - Result from initial state is not interesting (attempt 4)
19:54:17.592 INFO  ExecHelper - interestingness_test /opt/reduce/rtx_4070/syn_memory_converge_atomic/variant_943.comp reduction_results/rtx_4070/syn_memory_converge_atomic/variant_943/variant_943.json
19:54:17.593 INFO  StreamGobblerLogger - stderr.env: ‘interestingness_test’: No such file or directory
19:54:17.594 INFO  ExecHelper - Result: 127
19:54:17.594 INFO  CustomFileJudge - Custom file judge result: 127
19:54:17.594 INFO  ReductionDriver - Result from initial state is not interesting (attempt 5)
19:54:17.594 INFO  ReductionDriver - Tried 5 times; stopping.
Reduction command: java -ea -cp /opt/graphicsfuzz/graphicsfuzz/target/graphicsfuzz/python/drivers/../../jar/tool-1.0.jar com.graphicsfuzz.reducer.tool.GlslReduce /opt/reduce/rtx_4070/syn_memory_converge_atomic/variant_943.json interestingness_test --output reduction_results/rtx_4070/syn_memory_converge_atomic/variant_943 /opt/reduce/rtx_4070/syn_memory_converge_atomic/variant_943.comp
