19:40:08.390 INFO  ExecHelper - /opt/graphicsfuzz/graphicsfuzz/target/graphicsfuzz/bin/Linux/glslangValidator -E --stdin -S comp
19:40:08.440 INFO  ExecHelper - Result: 0
19:40:08.499 INFO  ReductionDriver - Starting reduction for variant_988
19:40:08.503 INFO  ExecHelper - interestingness_test /opt/reduce/rtx_4070/syn_memory_converge/variant_988.comp reduction_results/rtx_4070/syn_memory_converge/variant_988/variant_988.json
19:40:08.505 INFO  StreamGobblerLogger - stderr.env: ‘interestingness_test’: No such file or directory
19:40:08.506 INFO  ExecHelper - Result: 127
19:40:08.506 INFO  CustomFileJudge - Custom file judge result: 127
19:40:08.506 INFO  ReductionDriver - Result from initial state is not interesting (attempt 1)
19:40:08.508 INFO  ExecHelper - interestingness_test /opt/reduce/rtx_4070/syn_memory_converge/variant_988.comp reduction_results/rtx_4070/syn_memory_converge/variant_988/variant_988.json
19:40:08.509 INFO  StreamGobblerLogger - stderr.env: ‘interestingness_test’: No such file or directory
19:40:08.509 INFO  ExecHelper - Result: 127
19:40:08.509 INFO  CustomFileJudge - Custom file judge result: 127
19:40:08.509 INFO  ReductionDriver - Result from initial state is not interesting (attempt 2)
19:40:08.510 INFO  ExecHelper - interestingness_test /opt/reduce/rtx_4070/syn_memory_converge/variant_988.comp reduction_results/rtx_4070/syn_memory_converge/variant_988/variant_988.json
19:40:08.511 INFO  StreamGobblerLogger - stderr.env: ‘interestingness_test’: No such file or directory
19:40:08.512 INFO  ExecHelper - Result: 127
19:40:08.512 INFO  CustomFileJudge - Custom file judge result: 127
19:40:08.512 INFO  ReductionDriver - Result from initial state is not interesting (attempt 3)
19:40:08.512 INFO  ExecHelper - interestingness_test /opt/reduce/rtx_4070/syn_memory_converge/variant_988.comp reduction_results/rtx_4070/syn_memory_converge/variant_988/variant_988.json
19:40:08.513 INFO  StreamGobblerLogger - stderr.env: ‘interestingness_test’: No such file or directory
19:40:08.513 INFO  ExecHelper - Result: 127
19:40:08.513 INFO  CustomFileJudge - Custom file judge result: 127
19:40:08.513 INFO  ReductionDriver - Result from initial state is not interesting (attempt 4)
19:40:08.514 INFO  ExecHelper - interestingness_test /opt/reduce/rtx_4070/syn_memory_converge/variant_988.comp reduction_results/rtx_4070/syn_memory_converge/variant_988/variant_988.json
19:40:08.515 INFO  StreamGobblerLogger - stderr.env: ‘interestingness_test’: No such file or directory
19:40:08.515 INFO  ExecHelper - Result: 127
19:40:08.516 INFO  CustomFileJudge - Custom file judge result: 127
19:40:08.516 INFO  ReductionDriver - Result from initial state is not interesting (attempt 5)
19:40:08.516 INFO  ReductionDriver - Tried 5 times; stopping.
Reduction command: java -ea -cp /opt/graphicsfuzz/graphicsfuzz/target/graphicsfuzz/python/drivers/../../jar/tool-1.0.jar com.graphicsfuzz.reducer.tool.GlslReduce /opt/reduce/rtx_4070/syn_memory_converge/variant_988.json interestingness_test --output reduction_results/rtx_4070/syn_memory_converge/variant_988 /opt/reduce/rtx_4070/syn_memory_converge/variant_988.comp
