19:03:26.222 INFO  ExecHelper - /opt/graphicsfuzz/graphicsfuzz/target/graphicsfuzz/bin/Linux/glslangValidator -E --stdin -S comp
19:03:26.269 INFO  ExecHelper - Result: 0
19:03:26.351 INFO  ReductionDriver - Starting reduction for variant_946
19:03:26.360 INFO  ExecHelper - interestingness_test /opt/reduce/intel_iris_xe_graphics/syn_memory_converge/variant_946.comp reduction_results/intel_iris_xe_graphics/syn_memory_converge/variant_946/variant_946.json
19:03:26.362 INFO  StreamGobblerLogger - stderr.env: ‘interestingness_test’: No such file or directory
19:03:26.362 INFO  ExecHelper - Result: 127
19:03:26.362 INFO  CustomFileJudge - Custom file judge result: 127
19:03:26.362 INFO  ReductionDriver - Result from initial state is not interesting (attempt 1)
19:03:26.367 INFO  ExecHelper - interestingness_test /opt/reduce/intel_iris_xe_graphics/syn_memory_converge/variant_946.comp reduction_results/intel_iris_xe_graphics/syn_memory_converge/variant_946/variant_946.json
19:03:26.369 INFO  StreamGobblerLogger - stderr.env: ‘interestingness_test’: No such file or directory
19:03:26.369 INFO  ExecHelper - Result: 127
19:03:26.369 INFO  CustomFileJudge - Custom file judge result: 127
19:03:26.369 INFO  ReductionDriver - Result from initial state is not interesting (attempt 2)
19:03:26.373 INFO  ExecHelper - interestingness_test /opt/reduce/intel_iris_xe_graphics/syn_memory_converge/variant_946.comp reduction_results/intel_iris_xe_graphics/syn_memory_converge/variant_946/variant_946.json
19:03:26.374 INFO  StreamGobblerLogger - stderr.env: ‘interestingness_test’: No such file or directory
19:03:26.375 INFO  ExecHelper - Result: 127
19:03:26.375 INFO  CustomFileJudge - Custom file judge result: 127
19:03:26.375 INFO  ReductionDriver - Result from initial state is not interesting (attempt 3)
19:03:26.379 INFO  ExecHelper - interestingness_test /opt/reduce/intel_iris_xe_graphics/syn_memory_converge/variant_946.comp reduction_results/intel_iris_xe_graphics/syn_memory_converge/variant_946/variant_946.json
19:03:26.380 INFO  StreamGobblerLogger - stderr.env: ‘interestingness_test’: No such file or directory
19:03:26.380 INFO  ExecHelper - Result: 127
19:03:26.380 INFO  CustomFileJudge - Custom file judge result: 127
19:03:26.380 INFO  ReductionDriver - Result from initial state is not interesting (attempt 4)
19:03:26.382 INFO  ExecHelper - interestingness_test /opt/reduce/intel_iris_xe_graphics/syn_memory_converge/variant_946.comp reduction_results/intel_iris_xe_graphics/syn_memory_converge/variant_946/variant_946.json
19:03:26.383 INFO  StreamGobblerLogger - stderr.env: ‘interestingness_test’: No such file or directory
19:03:26.384 INFO  ExecHelper - Result: 127
19:03:26.384 INFO  CustomFileJudge - Custom file judge result: 127
19:03:26.384 INFO  ReductionDriver - Result from initial state is not interesting (attempt 5)
19:03:26.384 INFO  ReductionDriver - Tried 5 times; stopping.
Reduction command: java -ea -cp /opt/graphicsfuzz/graphicsfuzz/target/graphicsfuzz/python/drivers/../../jar/tool-1.0.jar com.graphicsfuzz.reducer.tool.GlslReduce /opt/reduce/intel_iris_xe_graphics/syn_memory_converge/variant_946.json interestingness_test --output reduction_results/intel_iris_xe_graphics/syn_memory_converge/variant_946 /opt/reduce/intel_iris_xe_graphics/syn_memory_converge/variant_946.comp
