18:37:21.349 INFO  ExecHelper - /opt/graphicsfuzz/graphicsfuzz/target/graphicsfuzz/bin/Linux/glslangValidator -E --stdin -S comp
18:37:21.399 INFO  ExecHelper - Result: 0
18:37:21.519 INFO  ReductionDriver - Starting reduction for variant_714
18:37:21.534 INFO  ExecHelper - interestingness_test /opt/reduce/cezanne_radeon_vega/syn_memory_converge_atomic/variant_714.comp reduction_results/cezanne_radeon_vega/syn_memory_converge_atomic/variant_714/variant_714.json
18:37:21.535 INFO  StreamGobblerLogger - stderr.env: ‘interestingness_test’: No such file or directory
18:37:21.536 INFO  ExecHelper - Result: 127
18:37:21.536 INFO  CustomFileJudge - Custom file judge result: 127
18:37:21.536 INFO  ReductionDriver - Result from initial state is not interesting (attempt 1)
18:37:21.538 INFO  ExecHelper - interestingness_test /opt/reduce/cezanne_radeon_vega/syn_memory_converge_atomic/variant_714.comp reduction_results/cezanne_radeon_vega/syn_memory_converge_atomic/variant_714/variant_714.json
18:37:21.540 INFO  StreamGobblerLogger - stderr.env: ‘interestingness_test’: No such file or directory
18:37:21.540 INFO  ExecHelper - Result: 127
18:37:21.540 INFO  CustomFileJudge - Custom file judge result: 127
18:37:21.540 INFO  ReductionDriver - Result from initial state is not interesting (attempt 2)
18:37:21.542 INFO  ExecHelper - interestingness_test /opt/reduce/cezanne_radeon_vega/syn_memory_converge_atomic/variant_714.comp reduction_results/cezanne_radeon_vega/syn_memory_converge_atomic/variant_714/variant_714.json
18:37:21.544 INFO  StreamGobblerLogger - stderr.env: ‘interestingness_test’: No such file or directory
18:37:21.544 INFO  ExecHelper - Result: 127
18:37:21.544 INFO  CustomFileJudge - Custom file judge result: 127
18:37:21.544 INFO  ReductionDriver - Result from initial state is not interesting (attempt 3)
18:37:21.546 INFO  ExecHelper - interestingness_test /opt/reduce/cezanne_radeon_vega/syn_memory_converge_atomic/variant_714.comp reduction_results/cezanne_radeon_vega/syn_memory_converge_atomic/variant_714/variant_714.json
18:37:21.547 INFO  StreamGobblerLogger - stderr.env: ‘interestingness_test’: No such file or directory
18:37:21.548 INFO  ExecHelper - Result: 127
18:37:21.548 INFO  CustomFileJudge - Custom file judge result: 127
18:37:21.548 INFO  ReductionDriver - Result from initial state is not interesting (attempt 4)
18:37:21.550 INFO  ExecHelper - interestingness_test /opt/reduce/cezanne_radeon_vega/syn_memory_converge_atomic/variant_714.comp reduction_results/cezanne_radeon_vega/syn_memory_converge_atomic/variant_714/variant_714.json
18:37:21.551 INFO  StreamGobblerLogger - stderr.env: ‘interestingness_test’: No such file or directory
18:37:21.552 INFO  ExecHelper - Result: 127
18:37:21.552 INFO  CustomFileJudge - Custom file judge result: 127
18:37:21.552 INFO  ReductionDriver - Result from initial state is not interesting (attempt 5)
18:37:21.552 INFO  ReductionDriver - Tried 5 times; stopping.
Reduction command: java -ea -cp /opt/graphicsfuzz/graphicsfuzz/target/graphicsfuzz/python/drivers/../../jar/tool-1.0.jar com.graphicsfuzz.reducer.tool.GlslReduce /opt/reduce/cezanne_radeon_vega/syn_memory_converge_atomic/variant_714.json interestingness_test --output reduction_results/cezanne_radeon_vega/syn_memory_converge_atomic/variant_714 /opt/reduce/cezanne_radeon_vega/syn_memory_converge_atomic/variant_714.comp
