19:44:47.414 INFO  ExecHelper - /opt/graphicsfuzz/graphicsfuzz/target/graphicsfuzz/bin/Linux/glslangValidator -E --stdin -S comp
19:44:47.463 INFO  ExecHelper - Result: 0
19:44:47.547 INFO  ReductionDriver - Starting reduction for variant_309
19:44:47.559 INFO  ExecHelper - interestingness_test /opt/reduce/rtx_4070/syn_memory_converge_atomic/variant_309.comp reduction_results/rtx_4070/syn_memory_converge_atomic/variant_309/variant_309.json
19:44:47.561 INFO  StreamGobblerLogger - stderr.env: ‘interestingness_test’: No such file or directory
19:44:47.561 INFO  ExecHelper - Result: 127
19:44:47.561 INFO  CustomFileJudge - Custom file judge result: 127
19:44:47.561 INFO  ReductionDriver - Result from initial state is not interesting (attempt 1)
19:44:47.566 INFO  ExecHelper - interestingness_test /opt/reduce/rtx_4070/syn_memory_converge_atomic/variant_309.comp reduction_results/rtx_4070/syn_memory_converge_atomic/variant_309/variant_309.json
19:44:47.567 INFO  StreamGobblerLogger - stderr.env: ‘interestingness_test’: No such file or directory
19:44:47.567 INFO  ExecHelper - Result: 127
19:44:47.568 INFO  CustomFileJudge - Custom file judge result: 127
19:44:47.568 INFO  ReductionDriver - Result from initial state is not interesting (attempt 2)
19:44:47.569 INFO  ExecHelper - interestingness_test /opt/reduce/rtx_4070/syn_memory_converge_atomic/variant_309.comp reduction_results/rtx_4070/syn_memory_converge_atomic/variant_309/variant_309.json
19:44:47.571 INFO  StreamGobblerLogger - stderr.env: ‘interestingness_test’: No such file or directory
19:44:47.571 INFO  ExecHelper - Result: 127
19:44:47.571 INFO  CustomFileJudge - Custom file judge result: 127
19:44:47.571 INFO  ReductionDriver - Result from initial state is not interesting (attempt 3)
19:44:47.573 INFO  ExecHelper - interestingness_test /opt/reduce/rtx_4070/syn_memory_converge_atomic/variant_309.comp reduction_results/rtx_4070/syn_memory_converge_atomic/variant_309/variant_309.json
19:44:47.574 INFO  StreamGobblerLogger - stderr.env: ‘interestingness_test’: No such file or directory
19:44:47.575 INFO  ExecHelper - Result: 127
19:44:47.575 INFO  CustomFileJudge - Custom file judge result: 127
19:44:47.575 INFO  ReductionDriver - Result from initial state is not interesting (attempt 4)
19:44:47.577 INFO  ExecHelper - interestingness_test /opt/reduce/rtx_4070/syn_memory_converge_atomic/variant_309.comp reduction_results/rtx_4070/syn_memory_converge_atomic/variant_309/variant_309.json
19:44:47.579 INFO  StreamGobblerLogger - stderr.env: ‘interestingness_test’: No such file or directory
19:44:47.579 INFO  ExecHelper - Result: 127
19:44:47.579 INFO  CustomFileJudge - Custom file judge result: 127
19:44:47.579 INFO  ReductionDriver - Result from initial state is not interesting (attempt 5)
19:44:47.579 INFO  ReductionDriver - Tried 5 times; stopping.
Reduction command: java -ea -cp /opt/graphicsfuzz/graphicsfuzz/target/graphicsfuzz/python/drivers/../../jar/tool-1.0.jar com.graphicsfuzz.reducer.tool.GlslReduce /opt/reduce/rtx_4070/syn_memory_converge_atomic/variant_309.json interestingness_test --output reduction_results/rtx_4070/syn_memory_converge_atomic/variant_309 /opt/reduce/rtx_4070/syn_memory_converge_atomic/variant_309.comp
