18:50:17.565 INFO  ExecHelper - /opt/graphicsfuzz/graphicsfuzz/target/graphicsfuzz/bin/Linux/glslangValidator -E --stdin -S comp
18:50:17.613 INFO  ExecHelper - Result: 0
18:50:17.714 INFO  ReductionDriver - Starting reduction for variant_017
18:50:17.725 INFO  ExecHelper - interestingness_test /opt/reduce/intel_iris_xe_graphics/syn_memory_converge/variant_017.comp reduction_results/intel_iris_xe_graphics/syn_memory_converge/variant_017/variant_017.json
18:50:17.727 INFO  StreamGobblerLogger - stderr.env: ‘interestingness_test’: No such file or directory
18:50:17.727 INFO  ExecHelper - Result: 127
18:50:17.727 INFO  CustomFileJudge - Custom file judge result: 127
18:50:17.727 INFO  ReductionDriver - Result from initial state is not interesting (attempt 1)
18:50:17.730 INFO  ExecHelper - interestingness_test /opt/reduce/intel_iris_xe_graphics/syn_memory_converge/variant_017.comp reduction_results/intel_iris_xe_graphics/syn_memory_converge/variant_017/variant_017.json
18:50:17.731 INFO  StreamGobblerLogger - stderr.env: ‘interestingness_test’: No such file or directory
18:50:17.732 INFO  ExecHelper - Result: 127
18:50:17.732 INFO  CustomFileJudge - Custom file judge result: 127
18:50:17.732 INFO  ReductionDriver - Result from initial state is not interesting (attempt 2)
18:50:17.734 INFO  ExecHelper - interestingness_test /opt/reduce/intel_iris_xe_graphics/syn_memory_converge/variant_017.comp reduction_results/intel_iris_xe_graphics/syn_memory_converge/variant_017/variant_017.json
18:50:17.735 INFO  StreamGobblerLogger - stderr.env: ‘interestingness_test’: No such file or directory
18:50:17.735 INFO  ExecHelper - Result: 127
18:50:17.735 INFO  CustomFileJudge - Custom file judge result: 127
18:50:17.735 INFO  ReductionDriver - Result from initial state is not interesting (attempt 3)
18:50:17.737 INFO  ExecHelper - interestingness_test /opt/reduce/intel_iris_xe_graphics/syn_memory_converge/variant_017.comp reduction_results/intel_iris_xe_graphics/syn_memory_converge/variant_017/variant_017.json
18:50:17.738 INFO  StreamGobblerLogger - stderr.env: ‘interestingness_test’: No such file or directory
18:50:17.739 INFO  ExecHelper - Result: 127
18:50:17.739 INFO  CustomFileJudge - Custom file judge result: 127
18:50:17.739 INFO  ReductionDriver - Result from initial state is not interesting (attempt 4)
18:50:17.743 INFO  ExecHelper - interestingness_test /opt/reduce/intel_iris_xe_graphics/syn_memory_converge/variant_017.comp reduction_results/intel_iris_xe_graphics/syn_memory_converge/variant_017/variant_017.json
18:50:17.744 INFO  StreamGobblerLogger - stderr.env: ‘interestingness_test’: No such file or directory
18:50:17.745 INFO  ExecHelper - Result: 127
18:50:17.745 INFO  CustomFileJudge - Custom file judge result: 127
18:50:17.745 INFO  ReductionDriver - Result from initial state is not interesting (attempt 5)
18:50:17.745 INFO  ReductionDriver - Tried 5 times; stopping.
Reduction command: java -ea -cp /opt/graphicsfuzz/graphicsfuzz/target/graphicsfuzz/python/drivers/../../jar/tool-1.0.jar com.graphicsfuzz.reducer.tool.GlslReduce /opt/reduce/intel_iris_xe_graphics/syn_memory_converge/variant_017.json interestingness_test --output reduction_results/intel_iris_xe_graphics/syn_memory_converge/variant_017 /opt/reduce/intel_iris_xe_graphics/syn_memory_converge/variant_017.comp
