19:54:43.929 INFO  ExecHelper - /opt/graphicsfuzz/graphicsfuzz/target/graphicsfuzz/bin/Linux/glslangValidator -E --stdin -S comp
19:54:43.980 INFO  ExecHelper - Result: 0
19:54:44.247 INFO  ReductionDriver - Starting reduction for variant_975
19:54:44.294 INFO  ExecHelper - interestingness_test /opt/reduce/rtx_4070/syn_memory_converge_atomic/variant_975.comp reduction_results/rtx_4070/syn_memory_converge_atomic/variant_975/variant_975.json
19:54:44.296 INFO  StreamGobblerLogger - stderr.env: ‘interestingness_test’: No such file or directory
19:54:44.296 INFO  ExecHelper - Result: 127
19:54:44.296 INFO  CustomFileJudge - Custom file judge result: 127
19:54:44.296 INFO  ReductionDriver - Result from initial state is not interesting (attempt 1)
19:54:44.364 INFO  ExecHelper - interestingness_test /opt/reduce/rtx_4070/syn_memory_converge_atomic/variant_975.comp reduction_results/rtx_4070/syn_memory_converge_atomic/variant_975/variant_975.json
19:54:44.366 INFO  StreamGobblerLogger - stderr.env: ‘interestingness_test’: No such file or directory
19:54:44.366 INFO  ExecHelper - Result: 127
19:54:44.366 INFO  CustomFileJudge - Custom file judge result: 127
19:54:44.366 INFO  ReductionDriver - Result from initial state is not interesting (attempt 2)
19:54:44.400 INFO  ExecHelper - interestingness_test /opt/reduce/rtx_4070/syn_memory_converge_atomic/variant_975.comp reduction_results/rtx_4070/syn_memory_converge_atomic/variant_975/variant_975.json
19:54:44.402 INFO  StreamGobblerLogger - stderr.env: ‘interestingness_test’: No such file or directory
19:54:44.402 INFO  ExecHelper - Result: 127
19:54:44.403 INFO  CustomFileJudge - Custom file judge result: 127
19:54:44.403 INFO  ReductionDriver - Result from initial state is not interesting (attempt 3)
19:54:44.434 INFO  ExecHelper - interestingness_test /opt/reduce/rtx_4070/syn_memory_converge_atomic/variant_975.comp reduction_results/rtx_4070/syn_memory_converge_atomic/variant_975/variant_975.json
19:54:44.436 INFO  StreamGobblerLogger - stderr.env: ‘interestingness_test’: No such file or directory
19:54:44.436 INFO  ExecHelper - Result: 127
19:54:44.436 INFO  CustomFileJudge - Custom file judge result: 127
19:54:44.437 INFO  ReductionDriver - Result from initial state is not interesting (attempt 4)
19:54:44.467 INFO  ExecHelper - interestingness_test /opt/reduce/rtx_4070/syn_memory_converge_atomic/variant_975.comp reduction_results/rtx_4070/syn_memory_converge_atomic/variant_975/variant_975.json
19:54:44.468 INFO  StreamGobblerLogger - stderr.env: ‘interestingness_test’: No such file or directory
19:54:44.468 INFO  ExecHelper - Result: 127
19:54:44.468 INFO  CustomFileJudge - Custom file judge result: 127
19:54:44.468 INFO  ReductionDriver - Result from initial state is not interesting (attempt 5)
19:54:44.468 INFO  ReductionDriver - Tried 5 times; stopping.
Reduction command: java -ea -cp /opt/graphicsfuzz/graphicsfuzz/target/graphicsfuzz/python/drivers/../../jar/tool-1.0.jar com.graphicsfuzz.reducer.tool.GlslReduce /opt/reduce/rtx_4070/syn_memory_converge_atomic/variant_975.json interestingness_test --output reduction_results/rtx_4070/syn_memory_converge_atomic/variant_975 /opt/reduce/rtx_4070/syn_memory_converge_atomic/variant_975.comp
