19:52:12.261 INFO  ExecHelper - /opt/graphicsfuzz/graphicsfuzz/target/graphicsfuzz/bin/Linux/glslangValidator -E --stdin -S comp
19:52:12.767 INFO  ExecHelper - Result: 0
19:52:13.343 INFO  ReductionDriver - Starting reduction for variant_804
19:52:13.357 INFO  ExecHelper - interestingness_test /opt/reduce/rtx_4070/syn_memory_converge_atomic/variant_804.comp reduction_results/rtx_4070/syn_memory_converge_atomic/variant_804/variant_804.json
19:52:13.359 INFO  StreamGobblerLogger - stderr.env: ‘interestingness_test’: No such file or directory
19:52:13.360 INFO  ExecHelper - Result: 127
19:52:13.360 INFO  CustomFileJudge - Custom file judge result: 127
19:52:13.360 INFO  ReductionDriver - Result from initial state is not interesting (attempt 1)
19:52:13.366 INFO  ExecHelper - interestingness_test /opt/reduce/rtx_4070/syn_memory_converge_atomic/variant_804.comp reduction_results/rtx_4070/syn_memory_converge_atomic/variant_804/variant_804.json
19:52:13.367 INFO  StreamGobblerLogger - stderr.env: ‘interestingness_test’: No such file or directory
19:52:13.367 INFO  ExecHelper - Result: 127
19:52:13.367 INFO  CustomFileJudge - Custom file judge result: 127
19:52:13.367 INFO  ReductionDriver - Result from initial state is not interesting (attempt 2)
19:52:13.373 INFO  ExecHelper - interestingness_test /opt/reduce/rtx_4070/syn_memory_converge_atomic/variant_804.comp reduction_results/rtx_4070/syn_memory_converge_atomic/variant_804/variant_804.json
19:52:13.374 INFO  StreamGobblerLogger - stderr.env: ‘interestingness_test’: No such file or directory
19:52:13.374 INFO  ExecHelper - Result: 127
19:52:13.375 INFO  CustomFileJudge - Custom file judge result: 127
19:52:13.375 INFO  ReductionDriver - Result from initial state is not interesting (attempt 3)
19:52:13.385 INFO  ExecHelper - interestingness_test /opt/reduce/rtx_4070/syn_memory_converge_atomic/variant_804.comp reduction_results/rtx_4070/syn_memory_converge_atomic/variant_804/variant_804.json
19:52:13.387 INFO  StreamGobblerLogger - stderr.env: ‘interestingness_test’: No such file or directory
19:52:13.387 INFO  ExecHelper - Result: 127
19:52:13.387 INFO  CustomFileJudge - Custom file judge result: 127
19:52:13.387 INFO  ReductionDriver - Result from initial state is not interesting (attempt 4)
19:52:13.392 INFO  ExecHelper - interestingness_test /opt/reduce/rtx_4070/syn_memory_converge_atomic/variant_804.comp reduction_results/rtx_4070/syn_memory_converge_atomic/variant_804/variant_804.json
19:52:13.393 INFO  StreamGobblerLogger - stderr.env: ‘interestingness_test’: No such file or directory
19:52:13.393 INFO  ExecHelper - Result: 127
19:52:13.394 INFO  CustomFileJudge - Custom file judge result: 127
19:52:13.394 INFO  ReductionDriver - Result from initial state is not interesting (attempt 5)
19:52:13.394 INFO  ReductionDriver - Tried 5 times; stopping.
Reduction command: java -ea -cp /opt/graphicsfuzz/graphicsfuzz/target/graphicsfuzz/python/drivers/../../jar/tool-1.0.jar com.graphicsfuzz.reducer.tool.GlslReduce /opt/reduce/rtx_4070/syn_memory_converge_atomic/variant_804.json interestingness_test --output reduction_results/rtx_4070/syn_memory_converge_atomic/variant_804 /opt/reduce/rtx_4070/syn_memory_converge_atomic/variant_804.comp
