19:20:33.212 INFO  ExecHelper - /opt/graphicsfuzz/graphicsfuzz/target/graphicsfuzz/bin/Linux/glslangValidator -E --stdin -S comp
19:20:33.332 INFO  ExecHelper - Result: 0
19:20:34.526 INFO  ReductionDriver - Starting reduction for variant_149
19:20:34.543 INFO  ExecHelper - interestingness_test /opt/reduce/intel_iris_xe_graphics/syn_subgroup_op_relax/variant_149.comp reduction_results/intel_iris_xe_graphics/syn_subgroup_op_relax/variant_149/variant_149.json
19:20:34.545 INFO  StreamGobblerLogger - stderr.env: ‘interestingness_test’: No such file or directory
19:20:34.545 INFO  ExecHelper - Result: 127
19:20:34.545 INFO  CustomFileJudge - Custom file judge result: 127
19:20:34.546 INFO  ReductionDriver - Result from initial state is not interesting (attempt 1)
19:20:34.554 INFO  ExecHelper - interestingness_test /opt/reduce/intel_iris_xe_graphics/syn_subgroup_op_relax/variant_149.comp reduction_results/intel_iris_xe_graphics/syn_subgroup_op_relax/variant_149/variant_149.json
19:20:34.556 INFO  StreamGobblerLogger - stderr.env: ‘interestingness_test’: No such file or directory
19:20:34.556 INFO  ExecHelper - Result: 127
19:20:34.556 INFO  CustomFileJudge - Custom file judge result: 127
19:20:34.556 INFO  ReductionDriver - Result from initial state is not interesting (attempt 2)
19:20:34.564 INFO  ExecHelper - interestingness_test /opt/reduce/intel_iris_xe_graphics/syn_subgroup_op_relax/variant_149.comp reduction_results/intel_iris_xe_graphics/syn_subgroup_op_relax/variant_149/variant_149.json
19:20:34.565 INFO  StreamGobblerLogger - stderr.env: ‘interestingness_test’: No such file or directory
19:20:34.565 INFO  ExecHelper - Result: 127
19:20:34.565 INFO  CustomFileJudge - Custom file judge result: 127
19:20:34.565 INFO  ReductionDriver - Result from initial state is not interesting (attempt 3)
19:20:34.575 INFO  ExecHelper - interestingness_test /opt/reduce/intel_iris_xe_graphics/syn_subgroup_op_relax/variant_149.comp reduction_results/intel_iris_xe_graphics/syn_subgroup_op_relax/variant_149/variant_149.json
19:20:34.576 INFO  StreamGobblerLogger - stderr.env: ‘interestingness_test’: No such file or directory
19:20:34.577 INFO  ExecHelper - Result: 127
19:20:34.577 INFO  CustomFileJudge - Custom file judge result: 127
19:20:34.577 INFO  ReductionDriver - Result from initial state is not interesting (attempt 4)
19:20:34.584 INFO  ExecHelper - interestingness_test /opt/reduce/intel_iris_xe_graphics/syn_subgroup_op_relax/variant_149.comp reduction_results/intel_iris_xe_graphics/syn_subgroup_op_relax/variant_149/variant_149.json
19:20:34.585 INFO  StreamGobblerLogger - stderr.env: ‘interestingness_test’: No such file or directory
19:20:34.585 INFO  ExecHelper - Result: 127
19:20:34.585 INFO  CustomFileJudge - Custom file judge result: 127
19:20:34.585 INFO  ReductionDriver - Result from initial state is not interesting (attempt 5)
19:20:34.585 INFO  ReductionDriver - Tried 5 times; stopping.
Reduction command: java -ea -cp /opt/graphicsfuzz/graphicsfuzz/target/graphicsfuzz/python/drivers/../../jar/tool-1.0.jar com.graphicsfuzz.reducer.tool.GlslReduce /opt/reduce/intel_iris_xe_graphics/syn_subgroup_op_relax/variant_149.json interestingness_test --output reduction_results/intel_iris_xe_graphics/syn_subgroup_op_relax/variant_149 /opt/reduce/intel_iris_xe_graphics/syn_subgroup_op_relax/variant_149.comp
