18:15:49.833 INFO  ExecHelper - /opt/graphicsfuzz/graphicsfuzz/target/graphicsfuzz/bin/Linux/glslangValidator -E --stdin -S comp
18:15:49.885 INFO  ExecHelper - Result: 0
18:15:50.150 INFO  ReductionDriver - Starting reduction for variant_149
18:15:50.209 INFO  ExecHelper - interestingness_test /opt/reduce/cezanne_radeon_vega/syn_memory_converge/variant_149.comp reduction_results/cezanne_radeon_vega/syn_memory_converge/variant_149/variant_149.json
18:15:50.211 INFO  StreamGobblerLogger - stderr.env: ‘interestingness_test’: No such file or directory
18:15:50.211 INFO  ExecHelper - Result: 127
18:15:50.211 INFO  CustomFileJudge - Custom file judge result: 127
18:15:50.211 INFO  ReductionDriver - Result from initial state is not interesting (attempt 1)
18:15:50.254 INFO  ExecHelper - interestingness_test /opt/reduce/cezanne_radeon_vega/syn_memory_converge/variant_149.comp reduction_results/cezanne_radeon_vega/syn_memory_converge/variant_149/variant_149.json
18:15:50.256 INFO  StreamGobblerLogger - stderr.env: ‘interestingness_test’: No such file or directory
18:15:50.256 INFO  ExecHelper - Result: 127
18:15:50.256 INFO  CustomFileJudge - Custom file judge result: 127
18:15:50.256 INFO  ReductionDriver - Result from initial state is not interesting (attempt 2)
18:15:50.303 INFO  ExecHelper - interestingness_test /opt/reduce/cezanne_radeon_vega/syn_memory_converge/variant_149.comp reduction_results/cezanne_radeon_vega/syn_memory_converge/variant_149/variant_149.json
18:15:50.304 INFO  StreamGobblerLogger - stderr.env: ‘interestingness_test’: No such file or directory
18:15:50.305 INFO  ExecHelper - Result: 127
18:15:50.305 INFO  CustomFileJudge - Custom file judge result: 127
18:15:50.305 INFO  ReductionDriver - Result from initial state is not interesting (attempt 3)
18:15:50.344 INFO  ExecHelper - interestingness_test /opt/reduce/cezanne_radeon_vega/syn_memory_converge/variant_149.comp reduction_results/cezanne_radeon_vega/syn_memory_converge/variant_149/variant_149.json
18:15:50.346 INFO  StreamGobblerLogger - stderr.env: ‘interestingness_test’: No such file or directory
18:15:50.347 INFO  ExecHelper - Result: 127
18:15:50.347 INFO  CustomFileJudge - Custom file judge result: 127
18:15:50.347 INFO  ReductionDriver - Result from initial state is not interesting (attempt 4)
18:15:50.385 INFO  ExecHelper - interestingness_test /opt/reduce/cezanne_radeon_vega/syn_memory_converge/variant_149.comp reduction_results/cezanne_radeon_vega/syn_memory_converge/variant_149/variant_149.json
18:15:50.387 INFO  StreamGobblerLogger - stderr.env: ‘interestingness_test’: No such file or directory
18:15:50.387 INFO  ExecHelper - Result: 127
18:15:50.387 INFO  CustomFileJudge - Custom file judge result: 127
18:15:50.387 INFO  ReductionDriver - Result from initial state is not interesting (attempt 5)
18:15:50.387 INFO  ReductionDriver - Tried 5 times; stopping.
Reduction command: java -ea -cp /opt/graphicsfuzz/graphicsfuzz/target/graphicsfuzz/python/drivers/../../jar/tool-1.0.jar com.graphicsfuzz.reducer.tool.GlslReduce /opt/reduce/cezanne_radeon_vega/syn_memory_converge/variant_149.json interestingness_test --output reduction_results/cezanne_radeon_vega/syn_memory_converge/variant_149 /opt/reduce/cezanne_radeon_vega/syn_memory_converge/variant_149.comp
