18:44:09.415 INFO  ExecHelper - /opt/graphicsfuzz/graphicsfuzz/target/graphicsfuzz/bin/Linux/glslangValidator -E --stdin -S comp
18:44:09.484 INFO  ExecHelper - Result: 0
18:44:10.215 INFO  ReductionDriver - Starting reduction for variant_623
18:44:10.233 INFO  ExecHelper - interestingness_test /opt/reduce/intel_iris_xe_graphics/syn_branch_syn/variant_623.comp reduction_results/intel_iris_xe_graphics/syn_branch_syn/variant_623/variant_623.json
18:44:10.235 INFO  StreamGobblerLogger - stderr.env: ‘interestingness_test’: No such file or directory
18:44:10.235 INFO  ExecHelper - Result: 127
18:44:10.235 INFO  CustomFileJudge - Custom file judge result: 127
18:44:10.235 INFO  ReductionDriver - Result from initial state is not interesting (attempt 1)
18:44:10.243 INFO  ExecHelper - interestingness_test /opt/reduce/intel_iris_xe_graphics/syn_branch_syn/variant_623.comp reduction_results/intel_iris_xe_graphics/syn_branch_syn/variant_623/variant_623.json
18:44:10.244 INFO  StreamGobblerLogger - stderr.env: ‘interestingness_test’: No such file or directory
18:44:10.244 INFO  ExecHelper - Result: 127
18:44:10.244 INFO  CustomFileJudge - Custom file judge result: 127
18:44:10.244 INFO  ReductionDriver - Result from initial state is not interesting (attempt 2)
18:44:10.251 INFO  ExecHelper - interestingness_test /opt/reduce/intel_iris_xe_graphics/syn_branch_syn/variant_623.comp reduction_results/intel_iris_xe_graphics/syn_branch_syn/variant_623/variant_623.json
18:44:10.252 INFO  StreamGobblerLogger - stderr.env: ‘interestingness_test’: No such file or directory
18:44:10.253 INFO  ExecHelper - Result: 127
18:44:10.253 INFO  CustomFileJudge - Custom file judge result: 127
18:44:10.253 INFO  ReductionDriver - Result from initial state is not interesting (attempt 3)
18:44:10.259 INFO  ExecHelper - interestingness_test /opt/reduce/intel_iris_xe_graphics/syn_branch_syn/variant_623.comp reduction_results/intel_iris_xe_graphics/syn_branch_syn/variant_623/variant_623.json
18:44:10.260 INFO  StreamGobblerLogger - stderr.env: ‘interestingness_test’: No such file or directory
18:44:10.261 INFO  ExecHelper - Result: 127
18:44:10.261 INFO  CustomFileJudge - Custom file judge result: 127
18:44:10.261 INFO  ReductionDriver - Result from initial state is not interesting (attempt 4)
18:44:10.266 INFO  ExecHelper - interestingness_test /opt/reduce/intel_iris_xe_graphics/syn_branch_syn/variant_623.comp reduction_results/intel_iris_xe_graphics/syn_branch_syn/variant_623/variant_623.json
18:44:10.267 INFO  StreamGobblerLogger - stderr.env: ‘interestingness_test’: No such file or directory
18:44:10.268 INFO  ExecHelper - Result: 127
18:44:10.268 INFO  CustomFileJudge - Custom file judge result: 127
18:44:10.268 INFO  ReductionDriver - Result from initial state is not interesting (attempt 5)
18:44:10.268 INFO  ReductionDriver - Tried 5 times; stopping.
Reduction command: java -ea -cp /opt/graphicsfuzz/graphicsfuzz/target/graphicsfuzz/python/drivers/../../jar/tool-1.0.jar com.graphicsfuzz.reducer.tool.GlslReduce /opt/reduce/intel_iris_xe_graphics/syn_branch_syn/variant_623.json interestingness_test --output reduction_results/intel_iris_xe_graphics/syn_branch_syn/variant_623 /opt/reduce/intel_iris_xe_graphics/syn_branch_syn/variant_623.comp
